[2023-08-14T13:33:00.807+0300] {processor.py:157} INFO - Started process (PID=10760) to work on /home/soamariaka/.local/lib/python3.9/site-packages/airflow/example_dags/plugins/event_listener.py
[2023-08-14T13:33:00.808+0300] {processor.py:826} INFO - Processing file /home/soamariaka/.local/lib/python3.9/site-packages/airflow/example_dags/plugins/event_listener.py for tasks to queue
[2023-08-14T13:33:00.809+0300] {logging_mixin.py:150} INFO - [2023-08-14T13:33:00.809+0300] {dagbag.py:541} INFO - Filling up the DagBag from /home/soamariaka/.local/lib/python3.9/site-packages/airflow/example_dags/plugins/event_listener.py
[2023-08-14T13:33:00.812+0300] {processor.py:838} WARNING - No viable dags retrieved from /home/soamariaka/.local/lib/python3.9/site-packages/airflow/example_dags/plugins/event_listener.py
[2023-08-14T13:33:00.826+0300] {processor.py:179} INFO - Processing /home/soamariaka/.local/lib/python3.9/site-packages/airflow/example_dags/plugins/event_listener.py took 0.023 seconds
[2023-08-14T13:34:03.124+0300] {processor.py:157} INFO - Started process (PID=10847) to work on /home/soamariaka/.local/lib/python3.9/site-packages/airflow/example_dags/plugins/event_listener.py
[2023-08-14T13:34:03.126+0300] {processor.py:826} INFO - Processing file /home/soamariaka/.local/lib/python3.9/site-packages/airflow/example_dags/plugins/event_listener.py for tasks to queue
[2023-08-14T13:34:03.128+0300] {logging_mixin.py:150} INFO - [2023-08-14T13:34:03.128+0300] {dagbag.py:541} INFO - Filling up the DagBag from /home/soamariaka/.local/lib/python3.9/site-packages/airflow/example_dags/plugins/event_listener.py
[2023-08-14T13:34:03.135+0300] {processor.py:838} WARNING - No viable dags retrieved from /home/soamariaka/.local/lib/python3.9/site-packages/airflow/example_dags/plugins/event_listener.py
[2023-08-14T13:34:03.156+0300] {processor.py:179} INFO - Processing /home/soamariaka/.local/lib/python3.9/site-packages/airflow/example_dags/plugins/event_listener.py took 0.040 seconds
[2023-08-14T13:34:49.246+0300] {processor.py:157} INFO - Started process (PID=10947) to work on /home/soamariaka/.local/lib/python3.9/site-packages/airflow/example_dags/plugins/event_listener.py
[2023-08-14T13:34:49.248+0300] {processor.py:826} INFO - Processing file /home/soamariaka/.local/lib/python3.9/site-packages/airflow/example_dags/plugins/event_listener.py for tasks to queue
[2023-08-14T13:34:49.249+0300] {logging_mixin.py:150} INFO - [2023-08-14T13:34:49.249+0300] {dagbag.py:541} INFO - Filling up the DagBag from /home/soamariaka/.local/lib/python3.9/site-packages/airflow/example_dags/plugins/event_listener.py
[2023-08-14T13:34:49.252+0300] {processor.py:838} WARNING - No viable dags retrieved from /home/soamariaka/.local/lib/python3.9/site-packages/airflow/example_dags/plugins/event_listener.py
[2023-08-14T13:34:49.266+0300] {processor.py:179} INFO - Processing /home/soamariaka/.local/lib/python3.9/site-packages/airflow/example_dags/plugins/event_listener.py took 0.025 seconds
[2023-08-14T13:35:36.024+0300] {processor.py:157} INFO - Started process (PID=11048) to work on /home/soamariaka/.local/lib/python3.9/site-packages/airflow/example_dags/plugins/event_listener.py
[2023-08-14T13:35:36.027+0300] {processor.py:826} INFO - Processing file /home/soamariaka/.local/lib/python3.9/site-packages/airflow/example_dags/plugins/event_listener.py for tasks to queue
[2023-08-14T13:35:36.028+0300] {logging_mixin.py:150} INFO - [2023-08-14T13:35:36.028+0300] {dagbag.py:541} INFO - Filling up the DagBag from /home/soamariaka/.local/lib/python3.9/site-packages/airflow/example_dags/plugins/event_listener.py
[2023-08-14T13:35:36.032+0300] {processor.py:838} WARNING - No viable dags retrieved from /home/soamariaka/.local/lib/python3.9/site-packages/airflow/example_dags/plugins/event_listener.py
[2023-08-14T13:35:36.050+0300] {processor.py:179} INFO - Processing /home/soamariaka/.local/lib/python3.9/site-packages/airflow/example_dags/plugins/event_listener.py took 0.031 seconds
[2023-08-14T13:36:38.091+0300] {processor.py:157} INFO - Started process (PID=11105) to work on /home/soamariaka/.local/lib/python3.9/site-packages/airflow/example_dags/plugins/event_listener.py
[2023-08-14T13:36:38.095+0300] {processor.py:826} INFO - Processing file /home/soamariaka/.local/lib/python3.9/site-packages/airflow/example_dags/plugins/event_listener.py for tasks to queue
[2023-08-14T13:36:38.096+0300] {logging_mixin.py:150} INFO - [2023-08-14T13:36:38.096+0300] {dagbag.py:541} INFO - Filling up the DagBag from /home/soamariaka/.local/lib/python3.9/site-packages/airflow/example_dags/plugins/event_listener.py
[2023-08-14T13:36:38.101+0300] {processor.py:838} WARNING - No viable dags retrieved from /home/soamariaka/.local/lib/python3.9/site-packages/airflow/example_dags/plugins/event_listener.py
[2023-08-14T13:36:38.123+0300] {processor.py:179} INFO - Processing /home/soamariaka/.local/lib/python3.9/site-packages/airflow/example_dags/plugins/event_listener.py took 0.038 seconds
[2023-08-14T13:37:34.507+0300] {processor.py:157} INFO - Started process (PID=11203) to work on /home/soamariaka/.local/lib/python3.9/site-packages/airflow/example_dags/plugins/event_listener.py
[2023-08-14T13:37:34.521+0300] {processor.py:826} INFO - Processing file /home/soamariaka/.local/lib/python3.9/site-packages/airflow/example_dags/plugins/event_listener.py for tasks to queue
[2023-08-14T13:37:34.522+0300] {logging_mixin.py:150} INFO - [2023-08-14T13:37:34.522+0300] {dagbag.py:541} INFO - Filling up the DagBag from /home/soamariaka/.local/lib/python3.9/site-packages/airflow/example_dags/plugins/event_listener.py
[2023-08-14T13:37:34.525+0300] {processor.py:838} WARNING - No viable dags retrieved from /home/soamariaka/.local/lib/python3.9/site-packages/airflow/example_dags/plugins/event_listener.py
[2023-08-14T13:37:34.540+0300] {processor.py:179} INFO - Processing /home/soamariaka/.local/lib/python3.9/site-packages/airflow/example_dags/plugins/event_listener.py took 0.037 seconds
[2023-08-14T13:38:36.025+0300] {processor.py:157} INFO - Started process (PID=11351) to work on /home/soamariaka/.local/lib/python3.9/site-packages/airflow/example_dags/plugins/event_listener.py
[2023-08-14T13:38:36.087+0300] {processor.py:826} INFO - Processing file /home/soamariaka/.local/lib/python3.9/site-packages/airflow/example_dags/plugins/event_listener.py for tasks to queue
[2023-08-14T13:38:36.088+0300] {logging_mixin.py:150} INFO - [2023-08-14T13:38:36.088+0300] {dagbag.py:541} INFO - Filling up the DagBag from /home/soamariaka/.local/lib/python3.9/site-packages/airflow/example_dags/plugins/event_listener.py
[2023-08-14T13:38:36.092+0300] {processor.py:838} WARNING - No viable dags retrieved from /home/soamariaka/.local/lib/python3.9/site-packages/airflow/example_dags/plugins/event_listener.py
[2023-08-14T13:38:36.112+0300] {processor.py:179} INFO - Processing /home/soamariaka/.local/lib/python3.9/site-packages/airflow/example_dags/plugins/event_listener.py took 0.092 seconds
[2023-08-14T13:39:41.857+0300] {processor.py:157} INFO - Started process (PID=11442) to work on /home/soamariaka/.local/lib/python3.9/site-packages/airflow/example_dags/plugins/event_listener.py
[2023-08-14T13:39:41.885+0300] {processor.py:826} INFO - Processing file /home/soamariaka/.local/lib/python3.9/site-packages/airflow/example_dags/plugins/event_listener.py for tasks to queue
[2023-08-14T13:39:41.887+0300] {logging_mixin.py:150} INFO - [2023-08-14T13:39:41.887+0300] {dagbag.py:541} INFO - Filling up the DagBag from /home/soamariaka/.local/lib/python3.9/site-packages/airflow/example_dags/plugins/event_listener.py
[2023-08-14T13:39:41.891+0300] {processor.py:838} WARNING - No viable dags retrieved from /home/soamariaka/.local/lib/python3.9/site-packages/airflow/example_dags/plugins/event_listener.py
[2023-08-14T13:39:41.907+0300] {processor.py:179} INFO - Processing /home/soamariaka/.local/lib/python3.9/site-packages/airflow/example_dags/plugins/event_listener.py took 0.055 seconds
[2023-08-14T13:40:38.865+0300] {processor.py:157} INFO - Started process (PID=11512) to work on /home/soamariaka/.local/lib/python3.9/site-packages/airflow/example_dags/plugins/event_listener.py
[2023-08-14T13:40:38.895+0300] {processor.py:826} INFO - Processing file /home/soamariaka/.local/lib/python3.9/site-packages/airflow/example_dags/plugins/event_listener.py for tasks to queue
[2023-08-14T13:40:38.897+0300] {logging_mixin.py:150} INFO - [2023-08-14T13:40:38.897+0300] {dagbag.py:541} INFO - Filling up the DagBag from /home/soamariaka/.local/lib/python3.9/site-packages/airflow/example_dags/plugins/event_listener.py
[2023-08-14T13:40:38.902+0300] {processor.py:838} WARNING - No viable dags retrieved from /home/soamariaka/.local/lib/python3.9/site-packages/airflow/example_dags/plugins/event_listener.py
[2023-08-14T13:40:38.921+0300] {processor.py:179} INFO - Processing /home/soamariaka/.local/lib/python3.9/site-packages/airflow/example_dags/plugins/event_listener.py took 0.061 seconds
[2023-08-14T13:41:32.897+0300] {processor.py:157} INFO - Started process (PID=11591) to work on /home/soamariaka/.local/lib/python3.9/site-packages/airflow/example_dags/plugins/event_listener.py
[2023-08-14T13:41:32.900+0300] {processor.py:826} INFO - Processing file /home/soamariaka/.local/lib/python3.9/site-packages/airflow/example_dags/plugins/event_listener.py for tasks to queue
[2023-08-14T13:41:32.901+0300] {logging_mixin.py:150} INFO - [2023-08-14T13:41:32.901+0300] {dagbag.py:541} INFO - Filling up the DagBag from /home/soamariaka/.local/lib/python3.9/site-packages/airflow/example_dags/plugins/event_listener.py
[2023-08-14T13:41:32.905+0300] {processor.py:838} WARNING - No viable dags retrieved from /home/soamariaka/.local/lib/python3.9/site-packages/airflow/example_dags/plugins/event_listener.py
[2023-08-14T13:41:32.922+0300] {processor.py:179} INFO - Processing /home/soamariaka/.local/lib/python3.9/site-packages/airflow/example_dags/plugins/event_listener.py took 0.031 seconds
[2023-08-14T13:42:29.521+0300] {processor.py:157} INFO - Started process (PID=11641) to work on /home/soamariaka/.local/lib/python3.9/site-packages/airflow/example_dags/plugins/event_listener.py
[2023-08-14T13:42:29.524+0300] {processor.py:826} INFO - Processing file /home/soamariaka/.local/lib/python3.9/site-packages/airflow/example_dags/plugins/event_listener.py for tasks to queue
[2023-08-14T13:42:29.525+0300] {logging_mixin.py:150} INFO - [2023-08-14T13:42:29.525+0300] {dagbag.py:541} INFO - Filling up the DagBag from /home/soamariaka/.local/lib/python3.9/site-packages/airflow/example_dags/plugins/event_listener.py
[2023-08-14T13:42:29.529+0300] {processor.py:838} WARNING - No viable dags retrieved from /home/soamariaka/.local/lib/python3.9/site-packages/airflow/example_dags/plugins/event_listener.py
[2023-08-14T13:42:29.547+0300] {processor.py:179} INFO - Processing /home/soamariaka/.local/lib/python3.9/site-packages/airflow/example_dags/plugins/event_listener.py took 0.031 seconds
[2023-08-14T13:43:22.061+0300] {processor.py:157} INFO - Started process (PID=11689) to work on /home/soamariaka/.local/lib/python3.9/site-packages/airflow/example_dags/plugins/event_listener.py
[2023-08-14T13:43:22.089+0300] {processor.py:826} INFO - Processing file /home/soamariaka/.local/lib/python3.9/site-packages/airflow/example_dags/plugins/event_listener.py for tasks to queue
[2023-08-14T13:43:22.090+0300] {logging_mixin.py:150} INFO - [2023-08-14T13:43:22.090+0300] {dagbag.py:541} INFO - Filling up the DagBag from /home/soamariaka/.local/lib/python3.9/site-packages/airflow/example_dags/plugins/event_listener.py
[2023-08-14T13:43:22.094+0300] {processor.py:838} WARNING - No viable dags retrieved from /home/soamariaka/.local/lib/python3.9/site-packages/airflow/example_dags/plugins/event_listener.py
[2023-08-14T13:43:22.112+0300] {processor.py:179} INFO - Processing /home/soamariaka/.local/lib/python3.9/site-packages/airflow/example_dags/plugins/event_listener.py took 0.056 seconds
[2023-08-14T13:44:23.652+0300] {processor.py:157} INFO - Started process (PID=11772) to work on /home/soamariaka/.local/lib/python3.9/site-packages/airflow/example_dags/plugins/event_listener.py
[2023-08-14T13:44:23.655+0300] {processor.py:826} INFO - Processing file /home/soamariaka/.local/lib/python3.9/site-packages/airflow/example_dags/plugins/event_listener.py for tasks to queue
[2023-08-14T13:44:23.656+0300] {logging_mixin.py:150} INFO - [2023-08-14T13:44:23.656+0300] {dagbag.py:541} INFO - Filling up the DagBag from /home/soamariaka/.local/lib/python3.9/site-packages/airflow/example_dags/plugins/event_listener.py
[2023-08-14T13:44:23.660+0300] {processor.py:838} WARNING - No viable dags retrieved from /home/soamariaka/.local/lib/python3.9/site-packages/airflow/example_dags/plugins/event_listener.py
[2023-08-14T13:44:23.678+0300] {processor.py:179} INFO - Processing /home/soamariaka/.local/lib/python3.9/site-packages/airflow/example_dags/plugins/event_listener.py took 0.031 seconds
[2023-08-14T13:45:31.031+0300] {processor.py:157} INFO - Started process (PID=11849) to work on /home/soamariaka/.local/lib/python3.9/site-packages/airflow/example_dags/plugins/event_listener.py
[2023-08-14T13:45:31.033+0300] {processor.py:826} INFO - Processing file /home/soamariaka/.local/lib/python3.9/site-packages/airflow/example_dags/plugins/event_listener.py for tasks to queue
[2023-08-14T13:45:31.034+0300] {logging_mixin.py:150} INFO - [2023-08-14T13:45:31.034+0300] {dagbag.py:541} INFO - Filling up the DagBag from /home/soamariaka/.local/lib/python3.9/site-packages/airflow/example_dags/plugins/event_listener.py
[2023-08-14T13:45:31.038+0300] {processor.py:838} WARNING - No viable dags retrieved from /home/soamariaka/.local/lib/python3.9/site-packages/airflow/example_dags/plugins/event_listener.py
[2023-08-14T13:45:31.056+0300] {processor.py:179} INFO - Processing /home/soamariaka/.local/lib/python3.9/site-packages/airflow/example_dags/plugins/event_listener.py took 0.030 seconds
[2023-08-14T13:46:34.656+0300] {processor.py:157} INFO - Started process (PID=11939) to work on /home/soamariaka/.local/lib/python3.9/site-packages/airflow/example_dags/plugins/event_listener.py
[2023-08-14T13:46:34.658+0300] {processor.py:826} INFO - Processing file /home/soamariaka/.local/lib/python3.9/site-packages/airflow/example_dags/plugins/event_listener.py for tasks to queue
[2023-08-14T13:46:34.660+0300] {logging_mixin.py:150} INFO - [2023-08-14T13:46:34.659+0300] {dagbag.py:541} INFO - Filling up the DagBag from /home/soamariaka/.local/lib/python3.9/site-packages/airflow/example_dags/plugins/event_listener.py
[2023-08-14T13:46:34.663+0300] {processor.py:838} WARNING - No viable dags retrieved from /home/soamariaka/.local/lib/python3.9/site-packages/airflow/example_dags/plugins/event_listener.py
[2023-08-14T13:46:34.681+0300] {processor.py:179} INFO - Processing /home/soamariaka/.local/lib/python3.9/site-packages/airflow/example_dags/plugins/event_listener.py took 0.031 seconds
[2023-08-14T13:47:34.805+0300] {processor.py:157} INFO - Started process (PID=11995) to work on /home/soamariaka/.local/lib/python3.9/site-packages/airflow/example_dags/plugins/event_listener.py
[2023-08-14T13:47:34.808+0300] {processor.py:826} INFO - Processing file /home/soamariaka/.local/lib/python3.9/site-packages/airflow/example_dags/plugins/event_listener.py for tasks to queue
[2023-08-14T13:47:34.810+0300] {logging_mixin.py:150} INFO - [2023-08-14T13:47:34.809+0300] {dagbag.py:541} INFO - Filling up the DagBag from /home/soamariaka/.local/lib/python3.9/site-packages/airflow/example_dags/plugins/event_listener.py
[2023-08-14T13:47:34.815+0300] {processor.py:838} WARNING - No viable dags retrieved from /home/soamariaka/.local/lib/python3.9/site-packages/airflow/example_dags/plugins/event_listener.py
[2023-08-14T13:47:34.836+0300] {processor.py:179} INFO - Processing /home/soamariaka/.local/lib/python3.9/site-packages/airflow/example_dags/plugins/event_listener.py took 0.036 seconds
[2023-08-14T13:48:36.849+0300] {processor.py:157} INFO - Started process (PID=12088) to work on /home/soamariaka/.local/lib/python3.9/site-packages/airflow/example_dags/plugins/event_listener.py
[2023-08-14T13:48:36.854+0300] {processor.py:826} INFO - Processing file /home/soamariaka/.local/lib/python3.9/site-packages/airflow/example_dags/plugins/event_listener.py for tasks to queue
[2023-08-14T13:48:36.855+0300] {logging_mixin.py:150} INFO - [2023-08-14T13:48:36.855+0300] {dagbag.py:541} INFO - Filling up the DagBag from /home/soamariaka/.local/lib/python3.9/site-packages/airflow/example_dags/plugins/event_listener.py
[2023-08-14T13:48:36.858+0300] {processor.py:838} WARNING - No viable dags retrieved from /home/soamariaka/.local/lib/python3.9/site-packages/airflow/example_dags/plugins/event_listener.py
[2023-08-14T13:48:36.873+0300] {processor.py:179} INFO - Processing /home/soamariaka/.local/lib/python3.9/site-packages/airflow/example_dags/plugins/event_listener.py took 0.028 seconds
[2023-08-14T13:49:38.357+0300] {processor.py:157} INFO - Started process (PID=12146) to work on /home/soamariaka/.local/lib/python3.9/site-packages/airflow/example_dags/plugins/event_listener.py
[2023-08-14T13:49:38.375+0300] {processor.py:826} INFO - Processing file /home/soamariaka/.local/lib/python3.9/site-packages/airflow/example_dags/plugins/event_listener.py for tasks to queue
[2023-08-14T13:49:38.376+0300] {logging_mixin.py:150} INFO - [2023-08-14T13:49:38.376+0300] {dagbag.py:541} INFO - Filling up the DagBag from /home/soamariaka/.local/lib/python3.9/site-packages/airflow/example_dags/plugins/event_listener.py
[2023-08-14T13:49:38.380+0300] {processor.py:838} WARNING - No viable dags retrieved from /home/soamariaka/.local/lib/python3.9/site-packages/airflow/example_dags/plugins/event_listener.py
[2023-08-14T13:49:38.398+0300] {processor.py:179} INFO - Processing /home/soamariaka/.local/lib/python3.9/site-packages/airflow/example_dags/plugins/event_listener.py took 0.047 seconds
[2023-08-14T13:50:43.719+0300] {processor.py:157} INFO - Started process (PID=12222) to work on /home/soamariaka/.local/lib/python3.9/site-packages/airflow/example_dags/plugins/event_listener.py
[2023-08-14T13:50:43.751+0300] {processor.py:826} INFO - Processing file /home/soamariaka/.local/lib/python3.9/site-packages/airflow/example_dags/plugins/event_listener.py for tasks to queue
[2023-08-14T13:50:43.753+0300] {logging_mixin.py:150} INFO - [2023-08-14T13:50:43.752+0300] {dagbag.py:541} INFO - Filling up the DagBag from /home/soamariaka/.local/lib/python3.9/site-packages/airflow/example_dags/plugins/event_listener.py
[2023-08-14T13:50:43.756+0300] {processor.py:838} WARNING - No viable dags retrieved from /home/soamariaka/.local/lib/python3.9/site-packages/airflow/example_dags/plugins/event_listener.py
[2023-08-14T13:50:43.774+0300] {processor.py:179} INFO - Processing /home/soamariaka/.local/lib/python3.9/site-packages/airflow/example_dags/plugins/event_listener.py took 0.060 seconds
[2023-08-14T13:51:49.557+0300] {processor.py:157} INFO - Started process (PID=12316) to work on /home/soamariaka/.local/lib/python3.9/site-packages/airflow/example_dags/plugins/event_listener.py
[2023-08-14T13:51:49.583+0300] {processor.py:826} INFO - Processing file /home/soamariaka/.local/lib/python3.9/site-packages/airflow/example_dags/plugins/event_listener.py for tasks to queue
[2023-08-14T13:51:49.584+0300] {logging_mixin.py:150} INFO - [2023-08-14T13:51:49.584+0300] {dagbag.py:541} INFO - Filling up the DagBag from /home/soamariaka/.local/lib/python3.9/site-packages/airflow/example_dags/plugins/event_listener.py
[2023-08-14T13:51:49.587+0300] {processor.py:838} WARNING - No viable dags retrieved from /home/soamariaka/.local/lib/python3.9/site-packages/airflow/example_dags/plugins/event_listener.py
[2023-08-14T13:51:49.603+0300] {processor.py:179} INFO - Processing /home/soamariaka/.local/lib/python3.9/site-packages/airflow/example_dags/plugins/event_listener.py took 0.051 seconds
[2023-08-14T13:52:51.776+0300] {processor.py:157} INFO - Started process (PID=12373) to work on /home/soamariaka/.local/lib/python3.9/site-packages/airflow/example_dags/plugins/event_listener.py
[2023-08-14T13:52:51.804+0300] {processor.py:826} INFO - Processing file /home/soamariaka/.local/lib/python3.9/site-packages/airflow/example_dags/plugins/event_listener.py for tasks to queue
[2023-08-14T13:52:51.806+0300] {logging_mixin.py:150} INFO - [2023-08-14T13:52:51.805+0300] {dagbag.py:541} INFO - Filling up the DagBag from /home/soamariaka/.local/lib/python3.9/site-packages/airflow/example_dags/plugins/event_listener.py
[2023-08-14T13:52:51.809+0300] {processor.py:838} WARNING - No viable dags retrieved from /home/soamariaka/.local/lib/python3.9/site-packages/airflow/example_dags/plugins/event_listener.py
[2023-08-14T13:52:51.824+0300] {processor.py:179} INFO - Processing /home/soamariaka/.local/lib/python3.9/site-packages/airflow/example_dags/plugins/event_listener.py took 0.053 seconds
[2023-08-14T13:53:56.420+0300] {processor.py:157} INFO - Started process (PID=12434) to work on /home/soamariaka/.local/lib/python3.9/site-packages/airflow/example_dags/plugins/event_listener.py
[2023-08-14T13:53:56.433+0300] {processor.py:826} INFO - Processing file /home/soamariaka/.local/lib/python3.9/site-packages/airflow/example_dags/plugins/event_listener.py for tasks to queue
[2023-08-14T13:53:56.435+0300] {logging_mixin.py:150} INFO - [2023-08-14T13:53:56.434+0300] {dagbag.py:541} INFO - Filling up the DagBag from /home/soamariaka/.local/lib/python3.9/site-packages/airflow/example_dags/plugins/event_listener.py
[2023-08-14T13:53:56.439+0300] {processor.py:838} WARNING - No viable dags retrieved from /home/soamariaka/.local/lib/python3.9/site-packages/airflow/example_dags/plugins/event_listener.py
[2023-08-14T13:53:56.457+0300] {processor.py:179} INFO - Processing /home/soamariaka/.local/lib/python3.9/site-packages/airflow/example_dags/plugins/event_listener.py took 0.042 seconds
[2023-08-14T13:55:01.376+0300] {processor.py:157} INFO - Started process (PID=12542) to work on /home/soamariaka/.local/lib/python3.9/site-packages/airflow/example_dags/plugins/event_listener.py
[2023-08-14T13:55:01.378+0300] {processor.py:826} INFO - Processing file /home/soamariaka/.local/lib/python3.9/site-packages/airflow/example_dags/plugins/event_listener.py for tasks to queue
[2023-08-14T13:55:01.379+0300] {logging_mixin.py:150} INFO - [2023-08-14T13:55:01.378+0300] {dagbag.py:541} INFO - Filling up the DagBag from /home/soamariaka/.local/lib/python3.9/site-packages/airflow/example_dags/plugins/event_listener.py
[2023-08-14T13:55:01.382+0300] {processor.py:838} WARNING - No viable dags retrieved from /home/soamariaka/.local/lib/python3.9/site-packages/airflow/example_dags/plugins/event_listener.py
[2023-08-14T13:55:01.399+0300] {processor.py:179} INFO - Processing /home/soamariaka/.local/lib/python3.9/site-packages/airflow/example_dags/plugins/event_listener.py took 0.028 seconds
[2023-08-14T13:56:08.642+0300] {processor.py:157} INFO - Started process (PID=12613) to work on /home/soamariaka/.local/lib/python3.9/site-packages/airflow/example_dags/plugins/event_listener.py
[2023-08-14T13:56:08.643+0300] {processor.py:826} INFO - Processing file /home/soamariaka/.local/lib/python3.9/site-packages/airflow/example_dags/plugins/event_listener.py for tasks to queue
[2023-08-14T13:56:08.645+0300] {logging_mixin.py:150} INFO - [2023-08-14T13:56:08.644+0300] {dagbag.py:541} INFO - Filling up the DagBag from /home/soamariaka/.local/lib/python3.9/site-packages/airflow/example_dags/plugins/event_listener.py
[2023-08-14T13:56:08.648+0300] {processor.py:838} WARNING - No viable dags retrieved from /home/soamariaka/.local/lib/python3.9/site-packages/airflow/example_dags/plugins/event_listener.py
[2023-08-14T13:56:08.662+0300] {processor.py:179} INFO - Processing /home/soamariaka/.local/lib/python3.9/site-packages/airflow/example_dags/plugins/event_listener.py took 0.024 seconds
[2023-08-14T13:57:18.285+0300] {processor.py:157} INFO - Started process (PID=12695) to work on /home/soamariaka/.local/lib/python3.9/site-packages/airflow/example_dags/plugins/event_listener.py
[2023-08-14T13:57:18.288+0300] {processor.py:826} INFO - Processing file /home/soamariaka/.local/lib/python3.9/site-packages/airflow/example_dags/plugins/event_listener.py for tasks to queue
[2023-08-14T13:57:18.289+0300] {logging_mixin.py:150} INFO - [2023-08-14T13:57:18.289+0300] {dagbag.py:541} INFO - Filling up the DagBag from /home/soamariaka/.local/lib/python3.9/site-packages/airflow/example_dags/plugins/event_listener.py
[2023-08-14T13:57:18.293+0300] {processor.py:838} WARNING - No viable dags retrieved from /home/soamariaka/.local/lib/python3.9/site-packages/airflow/example_dags/plugins/event_listener.py
[2023-08-14T13:57:18.310+0300] {processor.py:179} INFO - Processing /home/soamariaka/.local/lib/python3.9/site-packages/airflow/example_dags/plugins/event_listener.py took 0.030 seconds
[2023-08-14T13:58:19.913+0300] {processor.py:157} INFO - Started process (PID=12753) to work on /home/soamariaka/.local/lib/python3.9/site-packages/airflow/example_dags/plugins/event_listener.py
[2023-08-14T13:58:19.914+0300] {processor.py:826} INFO - Processing file /home/soamariaka/.local/lib/python3.9/site-packages/airflow/example_dags/plugins/event_listener.py for tasks to queue
[2023-08-14T13:58:19.916+0300] {logging_mixin.py:150} INFO - [2023-08-14T13:58:19.915+0300] {dagbag.py:541} INFO - Filling up the DagBag from /home/soamariaka/.local/lib/python3.9/site-packages/airflow/example_dags/plugins/event_listener.py
[2023-08-14T13:58:19.920+0300] {processor.py:838} WARNING - No viable dags retrieved from /home/soamariaka/.local/lib/python3.9/site-packages/airflow/example_dags/plugins/event_listener.py
[2023-08-14T13:58:19.937+0300] {processor.py:179} INFO - Processing /home/soamariaka/.local/lib/python3.9/site-packages/airflow/example_dags/plugins/event_listener.py took 0.030 seconds
[2023-08-14T13:59:24.990+0300] {processor.py:157} INFO - Started process (PID=12842) to work on /home/soamariaka/.local/lib/python3.9/site-packages/airflow/example_dags/plugins/event_listener.py
[2023-08-14T13:59:25.016+0300] {processor.py:826} INFO - Processing file /home/soamariaka/.local/lib/python3.9/site-packages/airflow/example_dags/plugins/event_listener.py for tasks to queue
[2023-08-14T13:59:25.018+0300] {logging_mixin.py:150} INFO - [2023-08-14T13:59:25.017+0300] {dagbag.py:541} INFO - Filling up the DagBag from /home/soamariaka/.local/lib/python3.9/site-packages/airflow/example_dags/plugins/event_listener.py
[2023-08-14T13:59:25.023+0300] {processor.py:838} WARNING - No viable dags retrieved from /home/soamariaka/.local/lib/python3.9/site-packages/airflow/example_dags/plugins/event_listener.py
[2023-08-14T13:59:25.043+0300] {processor.py:179} INFO - Processing /home/soamariaka/.local/lib/python3.9/site-packages/airflow/example_dags/plugins/event_listener.py took 0.061 seconds
[2023-08-14T14:00:29.339+0300] {processor.py:157} INFO - Started process (PID=12925) to work on /home/soamariaka/.local/lib/python3.9/site-packages/airflow/example_dags/plugins/event_listener.py
[2023-08-14T14:00:29.341+0300] {processor.py:826} INFO - Processing file /home/soamariaka/.local/lib/python3.9/site-packages/airflow/example_dags/plugins/event_listener.py for tasks to queue
[2023-08-14T14:00:29.342+0300] {logging_mixin.py:150} INFO - [2023-08-14T14:00:29.342+0300] {dagbag.py:541} INFO - Filling up the DagBag from /home/soamariaka/.local/lib/python3.9/site-packages/airflow/example_dags/plugins/event_listener.py
[2023-08-14T14:00:29.346+0300] {processor.py:838} WARNING - No viable dags retrieved from /home/soamariaka/.local/lib/python3.9/site-packages/airflow/example_dags/plugins/event_listener.py
[2023-08-14T14:00:29.362+0300] {processor.py:179} INFO - Processing /home/soamariaka/.local/lib/python3.9/site-packages/airflow/example_dags/plugins/event_listener.py took 0.028 seconds
[2023-08-14T14:01:31.348+0300] {processor.py:157} INFO - Started process (PID=12982) to work on /home/soamariaka/.local/lib/python3.9/site-packages/airflow/example_dags/plugins/event_listener.py
[2023-08-14T14:01:31.350+0300] {processor.py:826} INFO - Processing file /home/soamariaka/.local/lib/python3.9/site-packages/airflow/example_dags/plugins/event_listener.py for tasks to queue
[2023-08-14T14:01:31.351+0300] {logging_mixin.py:150} INFO - [2023-08-14T14:01:31.351+0300] {dagbag.py:541} INFO - Filling up the DagBag from /home/soamariaka/.local/lib/python3.9/site-packages/airflow/example_dags/plugins/event_listener.py
[2023-08-14T14:01:31.355+0300] {processor.py:838} WARNING - No viable dags retrieved from /home/soamariaka/.local/lib/python3.9/site-packages/airflow/example_dags/plugins/event_listener.py
[2023-08-14T14:01:31.371+0300] {processor.py:179} INFO - Processing /home/soamariaka/.local/lib/python3.9/site-packages/airflow/example_dags/plugins/event_listener.py took 0.027 seconds
[2023-08-14T14:04:14.805+0300] {processor.py:157} INFO - Started process (PID=13709) to work on /home/soamariaka/.local/lib/python3.9/site-packages/airflow/example_dags/plugins/event_listener.py
[2023-08-14T14:04:15.036+0300] {processor.py:826} INFO - Processing file /home/soamariaka/.local/lib/python3.9/site-packages/airflow/example_dags/plugins/event_listener.py for tasks to queue
[2023-08-14T14:04:15.039+0300] {logging_mixin.py:150} INFO - [2023-08-14T14:04:15.038+0300] {dagbag.py:541} INFO - Filling up the DagBag from /home/soamariaka/.local/lib/python3.9/site-packages/airflow/example_dags/plugins/event_listener.py
[2023-08-14T14:04:15.044+0300] {processor.py:838} WARNING - No viable dags retrieved from /home/soamariaka/.local/lib/python3.9/site-packages/airflow/example_dags/plugins/event_listener.py
[2023-08-14T14:04:15.066+0300] {processor.py:179} INFO - Processing /home/soamariaka/.local/lib/python3.9/site-packages/airflow/example_dags/plugins/event_listener.py took 0.266 seconds
[2023-08-14T14:05:15.795+0300] {processor.py:157} INFO - Started process (PID=13778) to work on /home/soamariaka/.local/lib/python3.9/site-packages/airflow/example_dags/plugins/event_listener.py
[2023-08-14T14:05:15.797+0300] {processor.py:826} INFO - Processing file /home/soamariaka/.local/lib/python3.9/site-packages/airflow/example_dags/plugins/event_listener.py for tasks to queue
[2023-08-14T14:05:15.800+0300] {logging_mixin.py:150} INFO - [2023-08-14T14:05:15.799+0300] {dagbag.py:541} INFO - Filling up the DagBag from /home/soamariaka/.local/lib/python3.9/site-packages/airflow/example_dags/plugins/event_listener.py
[2023-08-14T14:05:15.806+0300] {processor.py:838} WARNING - No viable dags retrieved from /home/soamariaka/.local/lib/python3.9/site-packages/airflow/example_dags/plugins/event_listener.py
[2023-08-14T14:05:15.830+0300] {processor.py:179} INFO - Processing /home/soamariaka/.local/lib/python3.9/site-packages/airflow/example_dags/plugins/event_listener.py took 0.043 seconds
[2023-08-14T14:06:40.867+0300] {processor.py:157} INFO - Started process (PID=13853) to work on /home/soamariaka/.local/lib/python3.9/site-packages/airflow/example_dags/plugins/event_listener.py
[2023-08-14T14:06:40.870+0300] {processor.py:826} INFO - Processing file /home/soamariaka/.local/lib/python3.9/site-packages/airflow/example_dags/plugins/event_listener.py for tasks to queue
[2023-08-14T14:06:40.871+0300] {logging_mixin.py:150} INFO - [2023-08-14T14:06:40.871+0300] {dagbag.py:541} INFO - Filling up the DagBag from /home/soamariaka/.local/lib/python3.9/site-packages/airflow/example_dags/plugins/event_listener.py
[2023-08-14T14:06:40.875+0300] {processor.py:838} WARNING - No viable dags retrieved from /home/soamariaka/.local/lib/python3.9/site-packages/airflow/example_dags/plugins/event_listener.py
[2023-08-14T14:06:40.892+0300] {processor.py:179} INFO - Processing /home/soamariaka/.local/lib/python3.9/site-packages/airflow/example_dags/plugins/event_listener.py took 0.030 seconds
[2023-08-14T14:08:39.074+0300] {processor.py:157} INFO - Started process (PID=13999) to work on /home/soamariaka/.local/lib/python3.9/site-packages/airflow/example_dags/plugins/event_listener.py
[2023-08-14T14:08:39.131+0300] {processor.py:826} INFO - Processing file /home/soamariaka/.local/lib/python3.9/site-packages/airflow/example_dags/plugins/event_listener.py for tasks to queue
[2023-08-14T14:08:39.133+0300] {logging_mixin.py:150} INFO - [2023-08-14T14:08:39.132+0300] {dagbag.py:541} INFO - Filling up the DagBag from /home/soamariaka/.local/lib/python3.9/site-packages/airflow/example_dags/plugins/event_listener.py
[2023-08-14T14:08:39.137+0300] {processor.py:838} WARNING - No viable dags retrieved from /home/soamariaka/.local/lib/python3.9/site-packages/airflow/example_dags/plugins/event_listener.py
[2023-08-14T14:08:39.161+0300] {processor.py:179} INFO - Processing /home/soamariaka/.local/lib/python3.9/site-packages/airflow/example_dags/plugins/event_listener.py took 0.094 seconds
[2023-08-14T14:09:54.498+0300] {processor.py:157} INFO - Started process (PID=14134) to work on /home/soamariaka/.local/lib/python3.9/site-packages/airflow/example_dags/plugins/event_listener.py
[2023-08-14T14:09:54.513+0300] {processor.py:826} INFO - Processing file /home/soamariaka/.local/lib/python3.9/site-packages/airflow/example_dags/plugins/event_listener.py for tasks to queue
[2023-08-14T14:09:54.515+0300] {logging_mixin.py:150} INFO - [2023-08-14T14:09:54.514+0300] {dagbag.py:541} INFO - Filling up the DagBag from /home/soamariaka/.local/lib/python3.9/site-packages/airflow/example_dags/plugins/event_listener.py
[2023-08-14T14:09:54.519+0300] {processor.py:838} WARNING - No viable dags retrieved from /home/soamariaka/.local/lib/python3.9/site-packages/airflow/example_dags/plugins/event_listener.py
[2023-08-14T14:09:54.536+0300] {processor.py:179} INFO - Processing /home/soamariaka/.local/lib/python3.9/site-packages/airflow/example_dags/plugins/event_listener.py took 0.042 seconds
[2023-08-14T14:10:44.245+0300] {processor.py:157} INFO - Started process (PID=14928) to work on /home/soamariaka/.local/lib/python3.9/site-packages/airflow/example_dags/plugins/event_listener.py
[2023-08-14T14:10:44.402+0300] {processor.py:826} INFO - Processing file /home/soamariaka/.local/lib/python3.9/site-packages/airflow/example_dags/plugins/event_listener.py for tasks to queue
[2023-08-14T14:10:44.404+0300] {logging_mixin.py:150} INFO - [2023-08-14T14:10:44.403+0300] {dagbag.py:541} INFO - Filling up the DagBag from /home/soamariaka/.local/lib/python3.9/site-packages/airflow/example_dags/plugins/event_listener.py
[2023-08-14T14:10:44.408+0300] {processor.py:838} WARNING - No viable dags retrieved from /home/soamariaka/.local/lib/python3.9/site-packages/airflow/example_dags/plugins/event_listener.py
[2023-08-14T14:10:44.425+0300] {processor.py:179} INFO - Processing /home/soamariaka/.local/lib/python3.9/site-packages/airflow/example_dags/plugins/event_listener.py took 0.186 seconds
[2023-08-14T14:11:48.606+0300] {processor.py:157} INFO - Started process (PID=15092) to work on /home/soamariaka/.local/lib/python3.9/site-packages/airflow/example_dags/plugins/event_listener.py
[2023-08-14T14:11:48.609+0300] {processor.py:826} INFO - Processing file /home/soamariaka/.local/lib/python3.9/site-packages/airflow/example_dags/plugins/event_listener.py for tasks to queue
[2023-08-14T14:11:48.610+0300] {logging_mixin.py:150} INFO - [2023-08-14T14:11:48.610+0300] {dagbag.py:541} INFO - Filling up the DagBag from /home/soamariaka/.local/lib/python3.9/site-packages/airflow/example_dags/plugins/event_listener.py
[2023-08-14T14:11:48.615+0300] {processor.py:838} WARNING - No viable dags retrieved from /home/soamariaka/.local/lib/python3.9/site-packages/airflow/example_dags/plugins/event_listener.py
[2023-08-14T14:11:48.632+0300] {processor.py:179} INFO - Processing /home/soamariaka/.local/lib/python3.9/site-packages/airflow/example_dags/plugins/event_listener.py took 0.032 seconds
[2023-08-14T14:12:32.597+0300] {processor.py:157} INFO - Started process (PID=15154) to work on /home/soamariaka/.local/lib/python3.9/site-packages/airflow/example_dags/plugins/event_listener.py
[2023-08-14T14:12:32.599+0300] {processor.py:826} INFO - Processing file /home/soamariaka/.local/lib/python3.9/site-packages/airflow/example_dags/plugins/event_listener.py for tasks to queue
[2023-08-14T14:12:32.601+0300] {logging_mixin.py:150} INFO - [2023-08-14T14:12:32.600+0300] {dagbag.py:541} INFO - Filling up the DagBag from /home/soamariaka/.local/lib/python3.9/site-packages/airflow/example_dags/plugins/event_listener.py
[2023-08-14T14:12:32.605+0300] {processor.py:838} WARNING - No viable dags retrieved from /home/soamariaka/.local/lib/python3.9/site-packages/airflow/example_dags/plugins/event_listener.py
[2023-08-14T14:12:32.623+0300] {processor.py:179} INFO - Processing /home/soamariaka/.local/lib/python3.9/site-packages/airflow/example_dags/plugins/event_listener.py took 0.031 seconds
[2023-08-14T14:13:31.915+0300] {processor.py:157} INFO - Started process (PID=15281) to work on /home/soamariaka/.local/lib/python3.9/site-packages/airflow/example_dags/plugins/event_listener.py
[2023-08-14T14:13:31.930+0300] {processor.py:826} INFO - Processing file /home/soamariaka/.local/lib/python3.9/site-packages/airflow/example_dags/plugins/event_listener.py for tasks to queue
[2023-08-14T14:13:31.931+0300] {logging_mixin.py:150} INFO - [2023-08-14T14:13:31.931+0300] {dagbag.py:541} INFO - Filling up the DagBag from /home/soamariaka/.local/lib/python3.9/site-packages/airflow/example_dags/plugins/event_listener.py
[2023-08-14T14:13:31.941+0300] {processor.py:838} WARNING - No viable dags retrieved from /home/soamariaka/.local/lib/python3.9/site-packages/airflow/example_dags/plugins/event_listener.py
[2023-08-14T14:13:31.980+0300] {processor.py:179} INFO - Processing /home/soamariaka/.local/lib/python3.9/site-packages/airflow/example_dags/plugins/event_listener.py took 0.071 seconds
[2023-08-14T14:14:36.710+0300] {processor.py:157} INFO - Started process (PID=15371) to work on /home/soamariaka/.local/lib/python3.9/site-packages/airflow/example_dags/plugins/event_listener.py
[2023-08-14T14:14:36.712+0300] {processor.py:826} INFO - Processing file /home/soamariaka/.local/lib/python3.9/site-packages/airflow/example_dags/plugins/event_listener.py for tasks to queue
[2023-08-14T14:14:36.714+0300] {logging_mixin.py:150} INFO - [2023-08-14T14:14:36.713+0300] {dagbag.py:541} INFO - Filling up the DagBag from /home/soamariaka/.local/lib/python3.9/site-packages/airflow/example_dags/plugins/event_listener.py
[2023-08-14T14:14:36.717+0300] {processor.py:838} WARNING - No viable dags retrieved from /home/soamariaka/.local/lib/python3.9/site-packages/airflow/example_dags/plugins/event_listener.py
[2023-08-14T14:14:36.734+0300] {processor.py:179} INFO - Processing /home/soamariaka/.local/lib/python3.9/site-packages/airflow/example_dags/plugins/event_listener.py took 0.030 seconds
[2023-08-14T14:15:36.719+0300] {processor.py:157} INFO - Started process (PID=15545) to work on /home/soamariaka/.local/lib/python3.9/site-packages/airflow/example_dags/plugins/event_listener.py
[2023-08-14T14:15:36.722+0300] {processor.py:826} INFO - Processing file /home/soamariaka/.local/lib/python3.9/site-packages/airflow/example_dags/plugins/event_listener.py for tasks to queue
[2023-08-14T14:15:36.723+0300] {logging_mixin.py:150} INFO - [2023-08-14T14:15:36.723+0300] {dagbag.py:541} INFO - Filling up the DagBag from /home/soamariaka/.local/lib/python3.9/site-packages/airflow/example_dags/plugins/event_listener.py
[2023-08-14T14:15:36.727+0300] {processor.py:838} WARNING - No viable dags retrieved from /home/soamariaka/.local/lib/python3.9/site-packages/airflow/example_dags/plugins/event_listener.py
[2023-08-14T14:15:36.744+0300] {processor.py:179} INFO - Processing /home/soamariaka/.local/lib/python3.9/site-packages/airflow/example_dags/plugins/event_listener.py took 0.031 seconds
[2023-08-14T14:16:41.266+0300] {processor.py:157} INFO - Started process (PID=15642) to work on /home/soamariaka/.local/lib/python3.9/site-packages/airflow/example_dags/plugins/event_listener.py
[2023-08-14T14:16:41.268+0300] {processor.py:826} INFO - Processing file /home/soamariaka/.local/lib/python3.9/site-packages/airflow/example_dags/plugins/event_listener.py for tasks to queue
[2023-08-14T14:16:41.270+0300] {logging_mixin.py:150} INFO - [2023-08-14T14:16:41.269+0300] {dagbag.py:541} INFO - Filling up the DagBag from /home/soamariaka/.local/lib/python3.9/site-packages/airflow/example_dags/plugins/event_listener.py
[2023-08-14T14:16:41.273+0300] {processor.py:838} WARNING - No viable dags retrieved from /home/soamariaka/.local/lib/python3.9/site-packages/airflow/example_dags/plugins/event_listener.py
[2023-08-14T14:16:41.290+0300] {processor.py:179} INFO - Processing /home/soamariaka/.local/lib/python3.9/site-packages/airflow/example_dags/plugins/event_listener.py took 0.030 seconds
[2023-08-14T14:17:49.009+0300] {processor.py:157} INFO - Started process (PID=15754) to work on /home/soamariaka/.local/lib/python3.9/site-packages/airflow/example_dags/plugins/event_listener.py
[2023-08-14T14:17:49.011+0300] {processor.py:826} INFO - Processing file /home/soamariaka/.local/lib/python3.9/site-packages/airflow/example_dags/plugins/event_listener.py for tasks to queue
[2023-08-14T14:17:49.013+0300] {logging_mixin.py:150} INFO - [2023-08-14T14:17:49.012+0300] {dagbag.py:541} INFO - Filling up the DagBag from /home/soamariaka/.local/lib/python3.9/site-packages/airflow/example_dags/plugins/event_listener.py
[2023-08-14T14:17:49.017+0300] {processor.py:838} WARNING - No viable dags retrieved from /home/soamariaka/.local/lib/python3.9/site-packages/airflow/example_dags/plugins/event_listener.py
[2023-08-14T14:17:49.035+0300] {processor.py:179} INFO - Processing /home/soamariaka/.local/lib/python3.9/site-packages/airflow/example_dags/plugins/event_listener.py took 0.031 seconds
[2023-08-14T14:19:08.524+0300] {processor.py:157} INFO - Started process (PID=15938) to work on /home/soamariaka/.local/lib/python3.9/site-packages/airflow/example_dags/plugins/event_listener.py
[2023-08-14T14:19:08.527+0300] {processor.py:826} INFO - Processing file /home/soamariaka/.local/lib/python3.9/site-packages/airflow/example_dags/plugins/event_listener.py for tasks to queue
[2023-08-14T14:19:08.529+0300] {logging_mixin.py:150} INFO - [2023-08-14T14:19:08.528+0300] {dagbag.py:541} INFO - Filling up the DagBag from /home/soamariaka/.local/lib/python3.9/site-packages/airflow/example_dags/plugins/event_listener.py
[2023-08-14T14:19:08.533+0300] {processor.py:838} WARNING - No viable dags retrieved from /home/soamariaka/.local/lib/python3.9/site-packages/airflow/example_dags/plugins/event_listener.py
[2023-08-14T14:19:08.550+0300] {processor.py:179} INFO - Processing /home/soamariaka/.local/lib/python3.9/site-packages/airflow/example_dags/plugins/event_listener.py took 0.031 seconds
[2023-08-14T14:20:10.729+0300] {processor.py:157} INFO - Started process (PID=16015) to work on /home/soamariaka/.local/lib/python3.9/site-packages/airflow/example_dags/plugins/event_listener.py
[2023-08-14T14:20:10.732+0300] {processor.py:826} INFO - Processing file /home/soamariaka/.local/lib/python3.9/site-packages/airflow/example_dags/plugins/event_listener.py for tasks to queue
[2023-08-14T14:20:10.733+0300] {logging_mixin.py:150} INFO - [2023-08-14T14:20:10.733+0300] {dagbag.py:541} INFO - Filling up the DagBag from /home/soamariaka/.local/lib/python3.9/site-packages/airflow/example_dags/plugins/event_listener.py
[2023-08-14T14:20:10.737+0300] {processor.py:838} WARNING - No viable dags retrieved from /home/soamariaka/.local/lib/python3.9/site-packages/airflow/example_dags/plugins/event_listener.py
[2023-08-14T14:20:10.755+0300] {processor.py:179} INFO - Processing /home/soamariaka/.local/lib/python3.9/site-packages/airflow/example_dags/plugins/event_listener.py took 0.031 seconds
[2023-08-14T14:21:48.218+0300] {processor.py:157} INFO - Started process (PID=16111) to work on /home/soamariaka/.local/lib/python3.9/site-packages/airflow/example_dags/plugins/event_listener.py
[2023-08-14T14:21:48.219+0300] {processor.py:826} INFO - Processing file /home/soamariaka/.local/lib/python3.9/site-packages/airflow/example_dags/plugins/event_listener.py for tasks to queue
[2023-08-14T14:21:48.221+0300] {logging_mixin.py:150} INFO - [2023-08-14T14:21:48.220+0300] {dagbag.py:541} INFO - Filling up the DagBag from /home/soamariaka/.local/lib/python3.9/site-packages/airflow/example_dags/plugins/event_listener.py
[2023-08-14T14:21:48.224+0300] {processor.py:838} WARNING - No viable dags retrieved from /home/soamariaka/.local/lib/python3.9/site-packages/airflow/example_dags/plugins/event_listener.py
[2023-08-14T14:21:48.241+0300] {processor.py:179} INFO - Processing /home/soamariaka/.local/lib/python3.9/site-packages/airflow/example_dags/plugins/event_listener.py took 0.027 seconds
[2023-08-14T14:22:47.384+0300] {processor.py:157} INFO - Started process (PID=16168) to work on /home/soamariaka/.local/lib/python3.9/site-packages/airflow/example_dags/plugins/event_listener.py
[2023-08-14T14:22:47.385+0300] {processor.py:826} INFO - Processing file /home/soamariaka/.local/lib/python3.9/site-packages/airflow/example_dags/plugins/event_listener.py for tasks to queue
[2023-08-14T14:22:47.387+0300] {logging_mixin.py:150} INFO - [2023-08-14T14:22:47.386+0300] {dagbag.py:541} INFO - Filling up the DagBag from /home/soamariaka/.local/lib/python3.9/site-packages/airflow/example_dags/plugins/event_listener.py
[2023-08-14T14:22:47.390+0300] {processor.py:838} WARNING - No viable dags retrieved from /home/soamariaka/.local/lib/python3.9/site-packages/airflow/example_dags/plugins/event_listener.py
[2023-08-14T14:22:47.404+0300] {processor.py:179} INFO - Processing /home/soamariaka/.local/lib/python3.9/site-packages/airflow/example_dags/plugins/event_listener.py took 0.025 seconds
[2023-08-14T14:23:51.226+0300] {processor.py:157} INFO - Started process (PID=16235) to work on /home/soamariaka/.local/lib/python3.9/site-packages/airflow/example_dags/plugins/event_listener.py
[2023-08-14T14:23:51.258+0300] {processor.py:826} INFO - Processing file /home/soamariaka/.local/lib/python3.9/site-packages/airflow/example_dags/plugins/event_listener.py for tasks to queue
[2023-08-14T14:23:51.260+0300] {logging_mixin.py:150} INFO - [2023-08-14T14:23:51.259+0300] {dagbag.py:541} INFO - Filling up the DagBag from /home/soamariaka/.local/lib/python3.9/site-packages/airflow/example_dags/plugins/event_listener.py
[2023-08-14T14:23:51.264+0300] {processor.py:838} WARNING - No viable dags retrieved from /home/soamariaka/.local/lib/python3.9/site-packages/airflow/example_dags/plugins/event_listener.py
[2023-08-14T14:23:51.282+0300] {processor.py:179} INFO - Processing /home/soamariaka/.local/lib/python3.9/site-packages/airflow/example_dags/plugins/event_listener.py took 0.062 seconds
[2023-08-14T14:24:47.953+0300] {processor.py:157} INFO - Started process (PID=16511) to work on /home/soamariaka/.local/lib/python3.9/site-packages/airflow/example_dags/plugins/event_listener.py
[2023-08-14T14:24:47.956+0300] {processor.py:826} INFO - Processing file /home/soamariaka/.local/lib/python3.9/site-packages/airflow/example_dags/plugins/event_listener.py for tasks to queue
[2023-08-14T14:24:47.957+0300] {logging_mixin.py:150} INFO - [2023-08-14T14:24:47.957+0300] {dagbag.py:541} INFO - Filling up the DagBag from /home/soamariaka/.local/lib/python3.9/site-packages/airflow/example_dags/plugins/event_listener.py
[2023-08-14T14:24:47.961+0300] {processor.py:838} WARNING - No viable dags retrieved from /home/soamariaka/.local/lib/python3.9/site-packages/airflow/example_dags/plugins/event_listener.py
[2023-08-14T14:24:47.978+0300] {processor.py:179} INFO - Processing /home/soamariaka/.local/lib/python3.9/site-packages/airflow/example_dags/plugins/event_listener.py took 0.031 seconds
[2023-08-14T14:25:49.928+0300] {processor.py:157} INFO - Started process (PID=16660) to work on /home/soamariaka/.local/lib/python3.9/site-packages/airflow/example_dags/plugins/event_listener.py
[2023-08-14T14:25:49.930+0300] {processor.py:826} INFO - Processing file /home/soamariaka/.local/lib/python3.9/site-packages/airflow/example_dags/plugins/event_listener.py for tasks to queue
[2023-08-14T14:25:49.932+0300] {logging_mixin.py:150} INFO - [2023-08-14T14:25:49.931+0300] {dagbag.py:541} INFO - Filling up the DagBag from /home/soamariaka/.local/lib/python3.9/site-packages/airflow/example_dags/plugins/event_listener.py
[2023-08-14T14:25:49.935+0300] {processor.py:838} WARNING - No viable dags retrieved from /home/soamariaka/.local/lib/python3.9/site-packages/airflow/example_dags/plugins/event_listener.py
[2023-08-14T14:25:49.953+0300] {processor.py:179} INFO - Processing /home/soamariaka/.local/lib/python3.9/site-packages/airflow/example_dags/plugins/event_listener.py took 0.030 seconds
[2023-08-14T14:26:47.928+0300] {processor.py:157} INFO - Started process (PID=16746) to work on /home/soamariaka/.local/lib/python3.9/site-packages/airflow/example_dags/plugins/event_listener.py
[2023-08-14T14:26:47.966+0300] {processor.py:826} INFO - Processing file /home/soamariaka/.local/lib/python3.9/site-packages/airflow/example_dags/plugins/event_listener.py for tasks to queue
[2023-08-14T14:26:47.967+0300] {logging_mixin.py:150} INFO - [2023-08-14T14:26:47.967+0300] {dagbag.py:541} INFO - Filling up the DagBag from /home/soamariaka/.local/lib/python3.9/site-packages/airflow/example_dags/plugins/event_listener.py
[2023-08-14T14:26:47.971+0300] {processor.py:838} WARNING - No viable dags retrieved from /home/soamariaka/.local/lib/python3.9/site-packages/airflow/example_dags/plugins/event_listener.py
[2023-08-14T14:26:47.989+0300] {processor.py:179} INFO - Processing /home/soamariaka/.local/lib/python3.9/site-packages/airflow/example_dags/plugins/event_listener.py took 0.066 seconds
[2023-08-14T14:27:49.387+0300] {processor.py:157} INFO - Started process (PID=16872) to work on /home/soamariaka/.local/lib/python3.9/site-packages/airflow/example_dags/plugins/event_listener.py
[2023-08-14T14:27:49.419+0300] {processor.py:826} INFO - Processing file /home/soamariaka/.local/lib/python3.9/site-packages/airflow/example_dags/plugins/event_listener.py for tasks to queue
[2023-08-14T14:27:49.421+0300] {logging_mixin.py:150} INFO - [2023-08-14T14:27:49.420+0300] {dagbag.py:541} INFO - Filling up the DagBag from /home/soamariaka/.local/lib/python3.9/site-packages/airflow/example_dags/plugins/event_listener.py
[2023-08-14T14:27:49.425+0300] {processor.py:838} WARNING - No viable dags retrieved from /home/soamariaka/.local/lib/python3.9/site-packages/airflow/example_dags/plugins/event_listener.py
[2023-08-14T14:27:49.443+0300] {processor.py:179} INFO - Processing /home/soamariaka/.local/lib/python3.9/site-packages/airflow/example_dags/plugins/event_listener.py took 0.061 seconds
[2023-08-14T14:28:53.717+0300] {processor.py:157} INFO - Started process (PID=17027) to work on /home/soamariaka/.local/lib/python3.9/site-packages/airflow/example_dags/plugins/event_listener.py
[2023-08-14T14:28:53.720+0300] {processor.py:826} INFO - Processing file /home/soamariaka/.local/lib/python3.9/site-packages/airflow/example_dags/plugins/event_listener.py for tasks to queue
[2023-08-14T14:28:53.721+0300] {logging_mixin.py:150} INFO - [2023-08-14T14:28:53.721+0300] {dagbag.py:541} INFO - Filling up the DagBag from /home/soamariaka/.local/lib/python3.9/site-packages/airflow/example_dags/plugins/event_listener.py
[2023-08-14T14:28:53.725+0300] {processor.py:838} WARNING - No viable dags retrieved from /home/soamariaka/.local/lib/python3.9/site-packages/airflow/example_dags/plugins/event_listener.py
[2023-08-14T14:28:53.743+0300] {processor.py:179} INFO - Processing /home/soamariaka/.local/lib/python3.9/site-packages/airflow/example_dags/plugins/event_listener.py took 0.031 seconds
[2023-08-14T14:29:51.132+0300] {processor.py:157} INFO - Started process (PID=17144) to work on /home/soamariaka/.local/lib/python3.9/site-packages/airflow/example_dags/plugins/event_listener.py
[2023-08-14T14:29:51.135+0300] {processor.py:826} INFO - Processing file /home/soamariaka/.local/lib/python3.9/site-packages/airflow/example_dags/plugins/event_listener.py for tasks to queue
[2023-08-14T14:29:51.137+0300] {logging_mixin.py:150} INFO - [2023-08-14T14:29:51.136+0300] {dagbag.py:541} INFO - Filling up the DagBag from /home/soamariaka/.local/lib/python3.9/site-packages/airflow/example_dags/plugins/event_listener.py
[2023-08-14T14:29:51.140+0300] {processor.py:838} WARNING - No viable dags retrieved from /home/soamariaka/.local/lib/python3.9/site-packages/airflow/example_dags/plugins/event_listener.py
[2023-08-14T14:29:51.158+0300] {processor.py:179} INFO - Processing /home/soamariaka/.local/lib/python3.9/site-packages/airflow/example_dags/plugins/event_listener.py took 0.031 seconds
[2023-08-14T14:30:44.784+0300] {processor.py:157} INFO - Started process (PID=17249) to work on /home/soamariaka/.local/lib/python3.9/site-packages/airflow/example_dags/plugins/event_listener.py
[2023-08-14T14:30:44.817+0300] {processor.py:826} INFO - Processing file /home/soamariaka/.local/lib/python3.9/site-packages/airflow/example_dags/plugins/event_listener.py for tasks to queue
[2023-08-14T14:30:44.819+0300] {logging_mixin.py:150} INFO - [2023-08-14T14:30:44.818+0300] {dagbag.py:541} INFO - Filling up the DagBag from /home/soamariaka/.local/lib/python3.9/site-packages/airflow/example_dags/plugins/event_listener.py
[2023-08-14T14:30:44.823+0300] {processor.py:838} WARNING - No viable dags retrieved from /home/soamariaka/.local/lib/python3.9/site-packages/airflow/example_dags/plugins/event_listener.py
[2023-08-14T14:30:44.841+0300] {processor.py:179} INFO - Processing /home/soamariaka/.local/lib/python3.9/site-packages/airflow/example_dags/plugins/event_listener.py took 0.062 seconds
[2023-08-14T14:31:44.437+0300] {processor.py:157} INFO - Started process (PID=17335) to work on /home/soamariaka/.local/lib/python3.9/site-packages/airflow/example_dags/plugins/event_listener.py
[2023-08-14T14:31:44.471+0300] {processor.py:826} INFO - Processing file /home/soamariaka/.local/lib/python3.9/site-packages/airflow/example_dags/plugins/event_listener.py for tasks to queue
[2023-08-14T14:31:44.472+0300] {logging_mixin.py:150} INFO - [2023-08-14T14:31:44.472+0300] {dagbag.py:541} INFO - Filling up the DagBag from /home/soamariaka/.local/lib/python3.9/site-packages/airflow/example_dags/plugins/event_listener.py
[2023-08-14T14:31:44.476+0300] {processor.py:838} WARNING - No viable dags retrieved from /home/soamariaka/.local/lib/python3.9/site-packages/airflow/example_dags/plugins/event_listener.py
[2023-08-14T14:31:44.495+0300] {processor.py:179} INFO - Processing /home/soamariaka/.local/lib/python3.9/site-packages/airflow/example_dags/plugins/event_listener.py took 0.064 seconds
[2023-08-14T14:32:43.225+0300] {processor.py:157} INFO - Started process (PID=17455) to work on /home/soamariaka/.local/lib/python3.9/site-packages/airflow/example_dags/plugins/event_listener.py
[2023-08-14T14:32:43.254+0300] {processor.py:826} INFO - Processing file /home/soamariaka/.local/lib/python3.9/site-packages/airflow/example_dags/plugins/event_listener.py for tasks to queue
[2023-08-14T14:32:43.256+0300] {logging_mixin.py:150} INFO - [2023-08-14T14:32:43.255+0300] {dagbag.py:541} INFO - Filling up the DagBag from /home/soamariaka/.local/lib/python3.9/site-packages/airflow/example_dags/plugins/event_listener.py
[2023-08-14T14:32:43.260+0300] {processor.py:838} WARNING - No viable dags retrieved from /home/soamariaka/.local/lib/python3.9/site-packages/airflow/example_dags/plugins/event_listener.py
[2023-08-14T14:32:43.278+0300] {processor.py:179} INFO - Processing /home/soamariaka/.local/lib/python3.9/site-packages/airflow/example_dags/plugins/event_listener.py took 0.059 seconds
[2023-08-14T14:33:43.346+0300] {processor.py:157} INFO - Started process (PID=17574) to work on /home/soamariaka/.local/lib/python3.9/site-packages/airflow/example_dags/plugins/event_listener.py
[2023-08-14T14:33:43.349+0300] {processor.py:826} INFO - Processing file /home/soamariaka/.local/lib/python3.9/site-packages/airflow/example_dags/plugins/event_listener.py for tasks to queue
[2023-08-14T14:33:43.350+0300] {logging_mixin.py:150} INFO - [2023-08-14T14:33:43.350+0300] {dagbag.py:541} INFO - Filling up the DagBag from /home/soamariaka/.local/lib/python3.9/site-packages/airflow/example_dags/plugins/event_listener.py
[2023-08-14T14:33:43.354+0300] {processor.py:838} WARNING - No viable dags retrieved from /home/soamariaka/.local/lib/python3.9/site-packages/airflow/example_dags/plugins/event_listener.py
[2023-08-14T14:33:43.372+0300] {processor.py:179} INFO - Processing /home/soamariaka/.local/lib/python3.9/site-packages/airflow/example_dags/plugins/event_listener.py took 0.031 seconds
[2023-08-14T14:34:44.407+0300] {processor.py:157} INFO - Started process (PID=17722) to work on /home/soamariaka/.local/lib/python3.9/site-packages/airflow/example_dags/plugins/event_listener.py
[2023-08-14T14:34:44.428+0300] {processor.py:826} INFO - Processing file /home/soamariaka/.local/lib/python3.9/site-packages/airflow/example_dags/plugins/event_listener.py for tasks to queue
[2023-08-14T14:34:44.430+0300] {logging_mixin.py:150} INFO - [2023-08-14T14:34:44.429+0300] {dagbag.py:541} INFO - Filling up the DagBag from /home/soamariaka/.local/lib/python3.9/site-packages/airflow/example_dags/plugins/event_listener.py
[2023-08-14T14:34:44.433+0300] {processor.py:838} WARNING - No viable dags retrieved from /home/soamariaka/.local/lib/python3.9/site-packages/airflow/example_dags/plugins/event_listener.py
[2023-08-14T14:34:44.450+0300] {processor.py:179} INFO - Processing /home/soamariaka/.local/lib/python3.9/site-packages/airflow/example_dags/plugins/event_listener.py took 0.048 seconds
[2023-08-14T14:35:30.040+0300] {processor.py:157} INFO - Started process (PID=17848) to work on /home/soamariaka/.local/lib/python3.9/site-packages/airflow/example_dags/plugins/event_listener.py
[2023-08-14T14:35:30.125+0300] {processor.py:826} INFO - Processing file /home/soamariaka/.local/lib/python3.9/site-packages/airflow/example_dags/plugins/event_listener.py for tasks to queue
[2023-08-14T14:35:30.127+0300] {logging_mixin.py:150} INFO - [2023-08-14T14:35:30.127+0300] {dagbag.py:541} INFO - Filling up the DagBag from /home/soamariaka/.local/lib/python3.9/site-packages/airflow/example_dags/plugins/event_listener.py
[2023-08-14T14:35:30.131+0300] {processor.py:838} WARNING - No viable dags retrieved from /home/soamariaka/.local/lib/python3.9/site-packages/airflow/example_dags/plugins/event_listener.py
[2023-08-14T14:35:30.150+0300] {processor.py:179} INFO - Processing /home/soamariaka/.local/lib/python3.9/site-packages/airflow/example_dags/plugins/event_listener.py took 0.115 seconds
[2023-08-14T14:37:12.448+0300] {processor.py:157} INFO - Started process (PID=18047) to work on /home/soamariaka/.local/lib/python3.9/site-packages/airflow/example_dags/plugins/event_listener.py
[2023-08-14T14:37:12.450+0300] {processor.py:826} INFO - Processing file /home/soamariaka/.local/lib/python3.9/site-packages/airflow/example_dags/plugins/event_listener.py for tasks to queue
[2023-08-14T14:37:12.452+0300] {logging_mixin.py:150} INFO - [2023-08-14T14:37:12.451+0300] {dagbag.py:541} INFO - Filling up the DagBag from /home/soamariaka/.local/lib/python3.9/site-packages/airflow/example_dags/plugins/event_listener.py
[2023-08-14T14:37:12.456+0300] {processor.py:838} WARNING - No viable dags retrieved from /home/soamariaka/.local/lib/python3.9/site-packages/airflow/example_dags/plugins/event_listener.py
[2023-08-14T14:37:12.473+0300] {processor.py:179} INFO - Processing /home/soamariaka/.local/lib/python3.9/site-packages/airflow/example_dags/plugins/event_listener.py took 0.031 seconds
[2023-08-14T14:38:11.952+0300] {processor.py:157} INFO - Started process (PID=18198) to work on /home/soamariaka/.local/lib/python3.9/site-packages/airflow/example_dags/plugins/event_listener.py
[2023-08-14T14:38:11.987+0300] {processor.py:826} INFO - Processing file /home/soamariaka/.local/lib/python3.9/site-packages/airflow/example_dags/plugins/event_listener.py for tasks to queue
[2023-08-14T14:38:11.988+0300] {logging_mixin.py:150} INFO - [2023-08-14T14:38:11.988+0300] {dagbag.py:541} INFO - Filling up the DagBag from /home/soamariaka/.local/lib/python3.9/site-packages/airflow/example_dags/plugins/event_listener.py
[2023-08-14T14:38:11.992+0300] {processor.py:838} WARNING - No viable dags retrieved from /home/soamariaka/.local/lib/python3.9/site-packages/airflow/example_dags/plugins/event_listener.py
[2023-08-14T14:38:12.010+0300] {processor.py:179} INFO - Processing /home/soamariaka/.local/lib/python3.9/site-packages/airflow/example_dags/plugins/event_listener.py took 0.064 seconds
[2023-08-14T14:39:22.569+0300] {processor.py:157} INFO - Started process (PID=18385) to work on /home/soamariaka/.local/lib/python3.9/site-packages/airflow/example_dags/plugins/event_listener.py
[2023-08-14T14:39:22.600+0300] {processor.py:826} INFO - Processing file /home/soamariaka/.local/lib/python3.9/site-packages/airflow/example_dags/plugins/event_listener.py for tasks to queue
[2023-08-14T14:39:22.601+0300] {logging_mixin.py:150} INFO - [2023-08-14T14:39:22.601+0300] {dagbag.py:541} INFO - Filling up the DagBag from /home/soamariaka/.local/lib/python3.9/site-packages/airflow/example_dags/plugins/event_listener.py
[2023-08-14T14:39:22.605+0300] {processor.py:838} WARNING - No viable dags retrieved from /home/soamariaka/.local/lib/python3.9/site-packages/airflow/example_dags/plugins/event_listener.py
[2023-08-14T14:39:22.623+0300] {processor.py:179} INFO - Processing /home/soamariaka/.local/lib/python3.9/site-packages/airflow/example_dags/plugins/event_listener.py took 0.059 seconds
[2023-08-14T14:40:46.417+0300] {processor.py:157} INFO - Started process (PID=18608) to work on /home/soamariaka/.local/lib/python3.9/site-packages/airflow/example_dags/plugins/event_listener.py
[2023-08-14T14:40:46.420+0300] {processor.py:826} INFO - Processing file /home/soamariaka/.local/lib/python3.9/site-packages/airflow/example_dags/plugins/event_listener.py for tasks to queue
[2023-08-14T14:40:46.422+0300] {logging_mixin.py:150} INFO - [2023-08-14T14:40:46.421+0300] {dagbag.py:541} INFO - Filling up the DagBag from /home/soamariaka/.local/lib/python3.9/site-packages/airflow/example_dags/plugins/event_listener.py
[2023-08-14T14:40:46.426+0300] {processor.py:838} WARNING - No viable dags retrieved from /home/soamariaka/.local/lib/python3.9/site-packages/airflow/example_dags/plugins/event_listener.py
[2023-08-14T14:40:46.443+0300] {processor.py:179} INFO - Processing /home/soamariaka/.local/lib/python3.9/site-packages/airflow/example_dags/plugins/event_listener.py took 0.031 seconds
