[2023-08-14T13:32:59.604+0300] {processor.py:157} INFO - Started process (PID=10759) to work on /home/soamariaka/.local/lib/python3.9/site-packages/airflow/example_dags/plugins/listener_plugin.py
[2023-08-14T13:32:59.606+0300] {processor.py:826} INFO - Processing file /home/soamariaka/.local/lib/python3.9/site-packages/airflow/example_dags/plugins/listener_plugin.py for tasks to queue
[2023-08-14T13:32:59.607+0300] {logging_mixin.py:150} INFO - [2023-08-14T13:32:59.607+0300] {dagbag.py:541} INFO - Filling up the DagBag from /home/soamariaka/.local/lib/python3.9/site-packages/airflow/example_dags/plugins/listener_plugin.py
[2023-08-14T13:32:59.612+0300] {processor.py:838} WARNING - No viable dags retrieved from /home/soamariaka/.local/lib/python3.9/site-packages/airflow/example_dags/plugins/listener_plugin.py
[2023-08-14T13:32:59.628+0300] {processor.py:179} INFO - Processing /home/soamariaka/.local/lib/python3.9/site-packages/airflow/example_dags/plugins/listener_plugin.py took 0.029 seconds
[2023-08-14T13:34:01.911+0300] {processor.py:157} INFO - Started process (PID=10846) to work on /home/soamariaka/.local/lib/python3.9/site-packages/airflow/example_dags/plugins/listener_plugin.py
[2023-08-14T13:34:01.939+0300] {processor.py:826} INFO - Processing file /home/soamariaka/.local/lib/python3.9/site-packages/airflow/example_dags/plugins/listener_plugin.py for tasks to queue
[2023-08-14T13:34:01.941+0300] {logging_mixin.py:150} INFO - [2023-08-14T13:34:01.940+0300] {dagbag.py:541} INFO - Filling up the DagBag from /home/soamariaka/.local/lib/python3.9/site-packages/airflow/example_dags/plugins/listener_plugin.py
[2023-08-14T13:34:01.946+0300] {processor.py:838} WARNING - No viable dags retrieved from /home/soamariaka/.local/lib/python3.9/site-packages/airflow/example_dags/plugins/listener_plugin.py
[2023-08-14T13:34:01.964+0300] {processor.py:179} INFO - Processing /home/soamariaka/.local/lib/python3.9/site-packages/airflow/example_dags/plugins/listener_plugin.py took 0.058 seconds
[2023-08-14T13:34:48.068+0300] {processor.py:157} INFO - Started process (PID=10946) to work on /home/soamariaka/.local/lib/python3.9/site-packages/airflow/example_dags/plugins/listener_plugin.py
[2023-08-14T13:34:48.083+0300] {processor.py:826} INFO - Processing file /home/soamariaka/.local/lib/python3.9/site-packages/airflow/example_dags/plugins/listener_plugin.py for tasks to queue
[2023-08-14T13:34:48.085+0300] {logging_mixin.py:150} INFO - [2023-08-14T13:34:48.084+0300] {dagbag.py:541} INFO - Filling up the DagBag from /home/soamariaka/.local/lib/python3.9/site-packages/airflow/example_dags/plugins/listener_plugin.py
[2023-08-14T13:34:48.089+0300] {processor.py:838} WARNING - No viable dags retrieved from /home/soamariaka/.local/lib/python3.9/site-packages/airflow/example_dags/plugins/listener_plugin.py
[2023-08-14T13:34:48.108+0300] {processor.py:179} INFO - Processing /home/soamariaka/.local/lib/python3.9/site-packages/airflow/example_dags/plugins/listener_plugin.py took 0.046 seconds
[2023-08-14T13:35:35.220+0300] {processor.py:157} INFO - Started process (PID=11047) to work on /home/soamariaka/.local/lib/python3.9/site-packages/airflow/example_dags/plugins/listener_plugin.py
[2023-08-14T13:35:35.249+0300] {processor.py:826} INFO - Processing file /home/soamariaka/.local/lib/python3.9/site-packages/airflow/example_dags/plugins/listener_plugin.py for tasks to queue
[2023-08-14T13:35:35.250+0300] {logging_mixin.py:150} INFO - [2023-08-14T13:35:35.250+0300] {dagbag.py:541} INFO - Filling up the DagBag from /home/soamariaka/.local/lib/python3.9/site-packages/airflow/example_dags/plugins/listener_plugin.py
[2023-08-14T13:35:35.255+0300] {processor.py:838} WARNING - No viable dags retrieved from /home/soamariaka/.local/lib/python3.9/site-packages/airflow/example_dags/plugins/listener_plugin.py
[2023-08-14T13:35:35.273+0300] {processor.py:179} INFO - Processing /home/soamariaka/.local/lib/python3.9/site-packages/airflow/example_dags/plugins/listener_plugin.py took 0.058 seconds
[2023-08-14T13:36:36.758+0300] {processor.py:157} INFO - Started process (PID=11103) to work on /home/soamariaka/.local/lib/python3.9/site-packages/airflow/example_dags/plugins/listener_plugin.py
[2023-08-14T13:36:36.792+0300] {processor.py:826} INFO - Processing file /home/soamariaka/.local/lib/python3.9/site-packages/airflow/example_dags/plugins/listener_plugin.py for tasks to queue
[2023-08-14T13:36:36.793+0300] {logging_mixin.py:150} INFO - [2023-08-14T13:36:36.793+0300] {dagbag.py:541} INFO - Filling up the DagBag from /home/soamariaka/.local/lib/python3.9/site-packages/airflow/example_dags/plugins/listener_plugin.py
[2023-08-14T13:36:36.798+0300] {processor.py:838} WARNING - No viable dags retrieved from /home/soamariaka/.local/lib/python3.9/site-packages/airflow/example_dags/plugins/listener_plugin.py
[2023-08-14T13:36:36.817+0300] {processor.py:179} INFO - Processing /home/soamariaka/.local/lib/python3.9/site-packages/airflow/example_dags/plugins/listener_plugin.py took 0.065 seconds
[2023-08-14T13:37:33.321+0300] {processor.py:157} INFO - Started process (PID=11202) to work on /home/soamariaka/.local/lib/python3.9/site-packages/airflow/example_dags/plugins/listener_plugin.py
[2023-08-14T13:37:33.323+0300] {processor.py:826} INFO - Processing file /home/soamariaka/.local/lib/python3.9/site-packages/airflow/example_dags/plugins/listener_plugin.py for tasks to queue
[2023-08-14T13:37:33.324+0300] {logging_mixin.py:150} INFO - [2023-08-14T13:37:33.324+0300] {dagbag.py:541} INFO - Filling up the DagBag from /home/soamariaka/.local/lib/python3.9/site-packages/airflow/example_dags/plugins/listener_plugin.py
[2023-08-14T13:37:33.330+0300] {processor.py:838} WARNING - No viable dags retrieved from /home/soamariaka/.local/lib/python3.9/site-packages/airflow/example_dags/plugins/listener_plugin.py
[2023-08-14T13:37:33.349+0300] {processor.py:179} INFO - Processing /home/soamariaka/.local/lib/python3.9/site-packages/airflow/example_dags/plugins/listener_plugin.py took 0.035 seconds
[2023-08-14T13:38:34.705+0300] {processor.py:157} INFO - Started process (PID=11350) to work on /home/soamariaka/.local/lib/python3.9/site-packages/airflow/example_dags/plugins/listener_plugin.py
[2023-08-14T13:38:34.785+0300] {processor.py:826} INFO - Processing file /home/soamariaka/.local/lib/python3.9/site-packages/airflow/example_dags/plugins/listener_plugin.py for tasks to queue
[2023-08-14T13:38:34.788+0300] {logging_mixin.py:150} INFO - [2023-08-14T13:38:34.787+0300] {dagbag.py:541} INFO - Filling up the DagBag from /home/soamariaka/.local/lib/python3.9/site-packages/airflow/example_dags/plugins/listener_plugin.py
[2023-08-14T13:38:34.794+0300] {processor.py:838} WARNING - No viable dags retrieved from /home/soamariaka/.local/lib/python3.9/site-packages/airflow/example_dags/plugins/listener_plugin.py
[2023-08-14T13:38:34.819+0300] {processor.py:179} INFO - Processing /home/soamariaka/.local/lib/python3.9/site-packages/airflow/example_dags/plugins/listener_plugin.py took 0.119 seconds
[2023-08-14T13:39:40.555+0300] {processor.py:157} INFO - Started process (PID=11441) to work on /home/soamariaka/.local/lib/python3.9/site-packages/airflow/example_dags/plugins/listener_plugin.py
[2023-08-14T13:39:40.558+0300] {processor.py:826} INFO - Processing file /home/soamariaka/.local/lib/python3.9/site-packages/airflow/example_dags/plugins/listener_plugin.py for tasks to queue
[2023-08-14T13:39:40.560+0300] {logging_mixin.py:150} INFO - [2023-08-14T13:39:40.559+0300] {dagbag.py:541} INFO - Filling up the DagBag from /home/soamariaka/.local/lib/python3.9/site-packages/airflow/example_dags/plugins/listener_plugin.py
[2023-08-14T13:39:40.565+0300] {processor.py:838} WARNING - No viable dags retrieved from /home/soamariaka/.local/lib/python3.9/site-packages/airflow/example_dags/plugins/listener_plugin.py
[2023-08-14T13:39:40.579+0300] {processor.py:179} INFO - Processing /home/soamariaka/.local/lib/python3.9/site-packages/airflow/example_dags/plugins/listener_plugin.py took 0.030 seconds
[2023-08-14T13:40:37.686+0300] {processor.py:157} INFO - Started process (PID=11511) to work on /home/soamariaka/.local/lib/python3.9/site-packages/airflow/example_dags/plugins/listener_plugin.py
[2023-08-14T13:40:37.715+0300] {processor.py:826} INFO - Processing file /home/soamariaka/.local/lib/python3.9/site-packages/airflow/example_dags/plugins/listener_plugin.py for tasks to queue
[2023-08-14T13:40:37.717+0300] {logging_mixin.py:150} INFO - [2023-08-14T13:40:37.716+0300] {dagbag.py:541} INFO - Filling up the DagBag from /home/soamariaka/.local/lib/python3.9/site-packages/airflow/example_dags/plugins/listener_plugin.py
[2023-08-14T13:40:37.722+0300] {processor.py:838} WARNING - No viable dags retrieved from /home/soamariaka/.local/lib/python3.9/site-packages/airflow/example_dags/plugins/listener_plugin.py
[2023-08-14T13:40:37.742+0300] {processor.py:179} INFO - Processing /home/soamariaka/.local/lib/python3.9/site-packages/airflow/example_dags/plugins/listener_plugin.py took 0.062 seconds
[2023-08-14T13:41:31.725+0300] {processor.py:157} INFO - Started process (PID=11590) to work on /home/soamariaka/.local/lib/python3.9/site-packages/airflow/example_dags/plugins/listener_plugin.py
[2023-08-14T13:41:31.728+0300] {processor.py:826} INFO - Processing file /home/soamariaka/.local/lib/python3.9/site-packages/airflow/example_dags/plugins/listener_plugin.py for tasks to queue
[2023-08-14T13:41:31.730+0300] {logging_mixin.py:150} INFO - [2023-08-14T13:41:31.730+0300] {dagbag.py:541} INFO - Filling up the DagBag from /home/soamariaka/.local/lib/python3.9/site-packages/airflow/example_dags/plugins/listener_plugin.py
[2023-08-14T13:41:31.736+0300] {processor.py:838} WARNING - No viable dags retrieved from /home/soamariaka/.local/lib/python3.9/site-packages/airflow/example_dags/plugins/listener_plugin.py
[2023-08-14T13:41:31.758+0300] {processor.py:179} INFO - Processing /home/soamariaka/.local/lib/python3.9/site-packages/airflow/example_dags/plugins/listener_plugin.py took 0.039 seconds
[2023-08-14T13:42:28.228+0300] {processor.py:157} INFO - Started process (PID=11640) to work on /home/soamariaka/.local/lib/python3.9/site-packages/airflow/example_dags/plugins/listener_plugin.py
[2023-08-14T13:42:28.257+0300] {processor.py:826} INFO - Processing file /home/soamariaka/.local/lib/python3.9/site-packages/airflow/example_dags/plugins/listener_plugin.py for tasks to queue
[2023-08-14T13:42:28.260+0300] {logging_mixin.py:150} INFO - [2023-08-14T13:42:28.259+0300] {dagbag.py:541} INFO - Filling up the DagBag from /home/soamariaka/.local/lib/python3.9/site-packages/airflow/example_dags/plugins/listener_plugin.py
[2023-08-14T13:42:28.266+0300] {processor.py:838} WARNING - No viable dags retrieved from /home/soamariaka/.local/lib/python3.9/site-packages/airflow/example_dags/plugins/listener_plugin.py
[2023-08-14T13:42:28.293+0300] {processor.py:179} INFO - Processing /home/soamariaka/.local/lib/python3.9/site-packages/airflow/example_dags/plugins/listener_plugin.py took 0.073 seconds
[2023-08-14T13:43:20.860+0300] {processor.py:157} INFO - Started process (PID=11688) to work on /home/soamariaka/.local/lib/python3.9/site-packages/airflow/example_dags/plugins/listener_plugin.py
[2023-08-14T13:43:20.863+0300] {processor.py:826} INFO - Processing file /home/soamariaka/.local/lib/python3.9/site-packages/airflow/example_dags/plugins/listener_plugin.py for tasks to queue
[2023-08-14T13:43:20.864+0300] {logging_mixin.py:150} INFO - [2023-08-14T13:43:20.864+0300] {dagbag.py:541} INFO - Filling up the DagBag from /home/soamariaka/.local/lib/python3.9/site-packages/airflow/example_dags/plugins/listener_plugin.py
[2023-08-14T13:43:20.869+0300] {processor.py:838} WARNING - No viable dags retrieved from /home/soamariaka/.local/lib/python3.9/site-packages/airflow/example_dags/plugins/listener_plugin.py
[2023-08-14T13:43:20.887+0300] {processor.py:179} INFO - Processing /home/soamariaka/.local/lib/python3.9/site-packages/airflow/example_dags/plugins/listener_plugin.py took 0.032 seconds
[2023-08-14T13:44:22.918+0300] {processor.py:157} INFO - Started process (PID=11771) to work on /home/soamariaka/.local/lib/python3.9/site-packages/airflow/example_dags/plugins/listener_plugin.py
[2023-08-14T13:44:22.943+0300] {processor.py:826} INFO - Processing file /home/soamariaka/.local/lib/python3.9/site-packages/airflow/example_dags/plugins/listener_plugin.py for tasks to queue
[2023-08-14T13:44:22.967+0300] {logging_mixin.py:150} INFO - [2023-08-14T13:44:22.966+0300] {dagbag.py:541} INFO - Filling up the DagBag from /home/soamariaka/.local/lib/python3.9/site-packages/airflow/example_dags/plugins/listener_plugin.py
[2023-08-14T13:44:22.972+0300] {processor.py:838} WARNING - No viable dags retrieved from /home/soamariaka/.local/lib/python3.9/site-packages/airflow/example_dags/plugins/listener_plugin.py
[2023-08-14T13:44:22.993+0300] {processor.py:179} INFO - Processing /home/soamariaka/.local/lib/python3.9/site-packages/airflow/example_dags/plugins/listener_plugin.py took 0.080 seconds
[2023-08-14T13:45:29.809+0300] {processor.py:157} INFO - Started process (PID=11847) to work on /home/soamariaka/.local/lib/python3.9/site-packages/airflow/example_dags/plugins/listener_plugin.py
[2023-08-14T13:45:29.810+0300] {processor.py:826} INFO - Processing file /home/soamariaka/.local/lib/python3.9/site-packages/airflow/example_dags/plugins/listener_plugin.py for tasks to queue
[2023-08-14T13:45:29.812+0300] {logging_mixin.py:150} INFO - [2023-08-14T13:45:29.811+0300] {dagbag.py:541} INFO - Filling up the DagBag from /home/soamariaka/.local/lib/python3.9/site-packages/airflow/example_dags/plugins/listener_plugin.py
[2023-08-14T13:45:29.816+0300] {processor.py:838} WARNING - No viable dags retrieved from /home/soamariaka/.local/lib/python3.9/site-packages/airflow/example_dags/plugins/listener_plugin.py
[2023-08-14T13:45:29.834+0300] {processor.py:179} INFO - Processing /home/soamariaka/.local/lib/python3.9/site-packages/airflow/example_dags/plugins/listener_plugin.py took 0.031 seconds
[2023-08-14T13:46:33.453+0300] {processor.py:157} INFO - Started process (PID=11938) to work on /home/soamariaka/.local/lib/python3.9/site-packages/airflow/example_dags/plugins/listener_plugin.py
[2023-08-14T13:46:33.456+0300] {processor.py:826} INFO - Processing file /home/soamariaka/.local/lib/python3.9/site-packages/airflow/example_dags/plugins/listener_plugin.py for tasks to queue
[2023-08-14T13:46:33.457+0300] {logging_mixin.py:150} INFO - [2023-08-14T13:46:33.456+0300] {dagbag.py:541} INFO - Filling up the DagBag from /home/soamariaka/.local/lib/python3.9/site-packages/airflow/example_dags/plugins/listener_plugin.py
[2023-08-14T13:46:33.460+0300] {processor.py:838} WARNING - No viable dags retrieved from /home/soamariaka/.local/lib/python3.9/site-packages/airflow/example_dags/plugins/listener_plugin.py
[2023-08-14T13:46:33.475+0300] {processor.py:179} INFO - Processing /home/soamariaka/.local/lib/python3.9/site-packages/airflow/example_dags/plugins/listener_plugin.py took 0.025 seconds
[2023-08-14T13:47:34.228+0300] {processor.py:157} INFO - Started process (PID=11994) to work on /home/soamariaka/.local/lib/python3.9/site-packages/airflow/example_dags/plugins/listener_plugin.py
[2023-08-14T13:47:34.230+0300] {processor.py:826} INFO - Processing file /home/soamariaka/.local/lib/python3.9/site-packages/airflow/example_dags/plugins/listener_plugin.py for tasks to queue
[2023-08-14T13:47:34.231+0300] {logging_mixin.py:150} INFO - [2023-08-14T13:47:34.231+0300] {dagbag.py:541} INFO - Filling up the DagBag from /home/soamariaka/.local/lib/python3.9/site-packages/airflow/example_dags/plugins/listener_plugin.py
[2023-08-14T13:47:34.236+0300] {processor.py:838} WARNING - No viable dags retrieved from /home/soamariaka/.local/lib/python3.9/site-packages/airflow/example_dags/plugins/listener_plugin.py
[2023-08-14T13:47:34.253+0300] {processor.py:179} INFO - Processing /home/soamariaka/.local/lib/python3.9/site-packages/airflow/example_dags/plugins/listener_plugin.py took 0.031 seconds
[2023-08-14T13:48:35.929+0300] {processor.py:157} INFO - Started process (PID=12087) to work on /home/soamariaka/.local/lib/python3.9/site-packages/airflow/example_dags/plugins/listener_plugin.py
[2023-08-14T13:48:35.954+0300] {processor.py:826} INFO - Processing file /home/soamariaka/.local/lib/python3.9/site-packages/airflow/example_dags/plugins/listener_plugin.py for tasks to queue
[2023-08-14T13:48:35.970+0300] {logging_mixin.py:150} INFO - [2023-08-14T13:48:35.970+0300] {dagbag.py:541} INFO - Filling up the DagBag from /home/soamariaka/.local/lib/python3.9/site-packages/airflow/example_dags/plugins/listener_plugin.py
[2023-08-14T13:48:35.975+0300] {processor.py:838} WARNING - No viable dags retrieved from /home/soamariaka/.local/lib/python3.9/site-packages/airflow/example_dags/plugins/listener_plugin.py
[2023-08-14T13:48:35.995+0300] {processor.py:179} INFO - Processing /home/soamariaka/.local/lib/python3.9/site-packages/airflow/example_dags/plugins/listener_plugin.py took 0.072 seconds
[2023-08-14T13:49:36.976+0300] {processor.py:157} INFO - Started process (PID=12145) to work on /home/soamariaka/.local/lib/python3.9/site-packages/airflow/example_dags/plugins/listener_plugin.py
[2023-08-14T13:49:37.000+0300] {processor.py:826} INFO - Processing file /home/soamariaka/.local/lib/python3.9/site-packages/airflow/example_dags/plugins/listener_plugin.py for tasks to queue
[2023-08-14T13:49:37.001+0300] {logging_mixin.py:150} INFO - [2023-08-14T13:49:37.001+0300] {dagbag.py:541} INFO - Filling up the DagBag from /home/soamariaka/.local/lib/python3.9/site-packages/airflow/example_dags/plugins/listener_plugin.py
[2023-08-14T13:49:37.006+0300] {processor.py:838} WARNING - No viable dags retrieved from /home/soamariaka/.local/lib/python3.9/site-packages/airflow/example_dags/plugins/listener_plugin.py
[2023-08-14T13:49:37.024+0300] {processor.py:179} INFO - Processing /home/soamariaka/.local/lib/python3.9/site-packages/airflow/example_dags/plugins/listener_plugin.py took 0.053 seconds
[2023-08-14T13:50:42.520+0300] {processor.py:157} INFO - Started process (PID=12221) to work on /home/soamariaka/.local/lib/python3.9/site-packages/airflow/example_dags/plugins/listener_plugin.py
[2023-08-14T13:50:42.521+0300] {processor.py:826} INFO - Processing file /home/soamariaka/.local/lib/python3.9/site-packages/airflow/example_dags/plugins/listener_plugin.py for tasks to queue
[2023-08-14T13:50:42.523+0300] {logging_mixin.py:150} INFO - [2023-08-14T13:50:42.522+0300] {dagbag.py:541} INFO - Filling up the DagBag from /home/soamariaka/.local/lib/python3.9/site-packages/airflow/example_dags/plugins/listener_plugin.py
[2023-08-14T13:50:42.527+0300] {processor.py:838} WARNING - No viable dags retrieved from /home/soamariaka/.local/lib/python3.9/site-packages/airflow/example_dags/plugins/listener_plugin.py
[2023-08-14T13:50:42.545+0300] {processor.py:179} INFO - Processing /home/soamariaka/.local/lib/python3.9/site-packages/airflow/example_dags/plugins/listener_plugin.py took 0.031 seconds
[2023-08-14T13:51:48.397+0300] {processor.py:157} INFO - Started process (PID=12315) to work on /home/soamariaka/.local/lib/python3.9/site-packages/airflow/example_dags/plugins/listener_plugin.py
[2023-08-14T13:51:48.452+0300] {processor.py:826} INFO - Processing file /home/soamariaka/.local/lib/python3.9/site-packages/airflow/example_dags/plugins/listener_plugin.py for tasks to queue
[2023-08-14T13:51:48.454+0300] {logging_mixin.py:150} INFO - [2023-08-14T13:51:48.454+0300] {dagbag.py:541} INFO - Filling up the DagBag from /home/soamariaka/.local/lib/python3.9/site-packages/airflow/example_dags/plugins/listener_plugin.py
[2023-08-14T13:51:48.461+0300] {processor.py:838} WARNING - No viable dags retrieved from /home/soamariaka/.local/lib/python3.9/site-packages/airflow/example_dags/plugins/listener_plugin.py
[2023-08-14T13:51:48.477+0300] {processor.py:179} INFO - Processing /home/soamariaka/.local/lib/python3.9/site-packages/airflow/example_dags/plugins/listener_plugin.py took 0.086 seconds
[2023-08-14T13:52:50.577+0300] {processor.py:157} INFO - Started process (PID=12372) to work on /home/soamariaka/.local/lib/python3.9/site-packages/airflow/example_dags/plugins/listener_plugin.py
[2023-08-14T13:52:50.607+0300] {processor.py:826} INFO - Processing file /home/soamariaka/.local/lib/python3.9/site-packages/airflow/example_dags/plugins/listener_plugin.py for tasks to queue
[2023-08-14T13:52:50.608+0300] {logging_mixin.py:150} INFO - [2023-08-14T13:52:50.608+0300] {dagbag.py:541} INFO - Filling up the DagBag from /home/soamariaka/.local/lib/python3.9/site-packages/airflow/example_dags/plugins/listener_plugin.py
[2023-08-14T13:52:50.612+0300] {processor.py:838} WARNING - No viable dags retrieved from /home/soamariaka/.local/lib/python3.9/site-packages/airflow/example_dags/plugins/listener_plugin.py
[2023-08-14T13:52:50.631+0300] {processor.py:179} INFO - Processing /home/soamariaka/.local/lib/python3.9/site-packages/airflow/example_dags/plugins/listener_plugin.py took 0.059 seconds
[2023-08-14T13:53:55.218+0300] {processor.py:157} INFO - Started process (PID=12433) to work on /home/soamariaka/.local/lib/python3.9/site-packages/airflow/example_dags/plugins/listener_plugin.py
[2023-08-14T13:53:55.220+0300] {processor.py:826} INFO - Processing file /home/soamariaka/.local/lib/python3.9/site-packages/airflow/example_dags/plugins/listener_plugin.py for tasks to queue
[2023-08-14T13:53:55.221+0300] {logging_mixin.py:150} INFO - [2023-08-14T13:53:55.221+0300] {dagbag.py:541} INFO - Filling up the DagBag from /home/soamariaka/.local/lib/python3.9/site-packages/airflow/example_dags/plugins/listener_plugin.py
[2023-08-14T13:53:55.226+0300] {processor.py:838} WARNING - No viable dags retrieved from /home/soamariaka/.local/lib/python3.9/site-packages/airflow/example_dags/plugins/listener_plugin.py
[2023-08-14T13:53:55.242+0300] {processor.py:179} INFO - Processing /home/soamariaka/.local/lib/python3.9/site-packages/airflow/example_dags/plugins/listener_plugin.py took 0.028 seconds
[2023-08-14T13:55:00.473+0300] {processor.py:157} INFO - Started process (PID=12541) to work on /home/soamariaka/.local/lib/python3.9/site-packages/airflow/example_dags/plugins/listener_plugin.py
[2023-08-14T13:55:00.475+0300] {processor.py:826} INFO - Processing file /home/soamariaka/.local/lib/python3.9/site-packages/airflow/example_dags/plugins/listener_plugin.py for tasks to queue
[2023-08-14T13:55:00.477+0300] {logging_mixin.py:150} INFO - [2023-08-14T13:55:00.476+0300] {dagbag.py:541} INFO - Filling up the DagBag from /home/soamariaka/.local/lib/python3.9/site-packages/airflow/example_dags/plugins/listener_plugin.py
[2023-08-14T13:55:00.483+0300] {processor.py:838} WARNING - No viable dags retrieved from /home/soamariaka/.local/lib/python3.9/site-packages/airflow/example_dags/plugins/listener_plugin.py
[2023-08-14T13:55:00.506+0300] {processor.py:179} INFO - Processing /home/soamariaka/.local/lib/python3.9/site-packages/airflow/example_dags/plugins/listener_plugin.py took 0.038 seconds
[2023-08-14T13:56:07.824+0300] {processor.py:157} INFO - Started process (PID=12608) to work on /home/soamariaka/.local/lib/python3.9/site-packages/airflow/example_dags/plugins/listener_plugin.py
[2023-08-14T13:56:07.855+0300] {processor.py:826} INFO - Processing file /home/soamariaka/.local/lib/python3.9/site-packages/airflow/example_dags/plugins/listener_plugin.py for tasks to queue
[2023-08-14T13:56:07.857+0300] {logging_mixin.py:150} INFO - [2023-08-14T13:56:07.856+0300] {dagbag.py:541} INFO - Filling up the DagBag from /home/soamariaka/.local/lib/python3.9/site-packages/airflow/example_dags/plugins/listener_plugin.py
[2023-08-14T13:56:07.862+0300] {processor.py:838} WARNING - No viable dags retrieved from /home/soamariaka/.local/lib/python3.9/site-packages/airflow/example_dags/plugins/listener_plugin.py
[2023-08-14T13:56:07.880+0300] {processor.py:179} INFO - Processing /home/soamariaka/.local/lib/python3.9/site-packages/airflow/example_dags/plugins/listener_plugin.py took 0.062 seconds
[2023-08-14T13:57:17.076+0300] {processor.py:157} INFO - Started process (PID=12694) to work on /home/soamariaka/.local/lib/python3.9/site-packages/airflow/example_dags/plugins/listener_plugin.py
[2023-08-14T13:57:17.098+0300] {processor.py:826} INFO - Processing file /home/soamariaka/.local/lib/python3.9/site-packages/airflow/example_dags/plugins/listener_plugin.py for tasks to queue
[2023-08-14T13:57:17.100+0300] {logging_mixin.py:150} INFO - [2023-08-14T13:57:17.099+0300] {dagbag.py:541} INFO - Filling up the DagBag from /home/soamariaka/.local/lib/python3.9/site-packages/airflow/example_dags/plugins/listener_plugin.py
[2023-08-14T13:57:17.105+0300] {processor.py:838} WARNING - No viable dags retrieved from /home/soamariaka/.local/lib/python3.9/site-packages/airflow/example_dags/plugins/listener_plugin.py
[2023-08-14T13:57:17.123+0300] {processor.py:179} INFO - Processing /home/soamariaka/.local/lib/python3.9/site-packages/airflow/example_dags/plugins/listener_plugin.py took 0.052 seconds
[2023-08-14T13:58:19.105+0300] {processor.py:157} INFO - Started process (PID=12752) to work on /home/soamariaka/.local/lib/python3.9/site-packages/airflow/example_dags/plugins/listener_plugin.py
[2023-08-14T13:58:19.140+0300] {processor.py:826} INFO - Processing file /home/soamariaka/.local/lib/python3.9/site-packages/airflow/example_dags/plugins/listener_plugin.py for tasks to queue
[2023-08-14T13:58:19.142+0300] {logging_mixin.py:150} INFO - [2023-08-14T13:58:19.142+0300] {dagbag.py:541} INFO - Filling up the DagBag from /home/soamariaka/.local/lib/python3.9/site-packages/airflow/example_dags/plugins/listener_plugin.py
[2023-08-14T13:58:19.147+0300] {processor.py:838} WARNING - No viable dags retrieved from /home/soamariaka/.local/lib/python3.9/site-packages/airflow/example_dags/plugins/listener_plugin.py
[2023-08-14T13:58:19.165+0300] {processor.py:179} INFO - Processing /home/soamariaka/.local/lib/python3.9/site-packages/airflow/example_dags/plugins/listener_plugin.py took 0.066 seconds
[2023-08-14T13:59:23.785+0300] {processor.py:157} INFO - Started process (PID=12841) to work on /home/soamariaka/.local/lib/python3.9/site-packages/airflow/example_dags/plugins/listener_plugin.py
[2023-08-14T13:59:23.805+0300] {processor.py:826} INFO - Processing file /home/soamariaka/.local/lib/python3.9/site-packages/airflow/example_dags/plugins/listener_plugin.py for tasks to queue
[2023-08-14T13:59:23.806+0300] {logging_mixin.py:150} INFO - [2023-08-14T13:59:23.806+0300] {dagbag.py:541} INFO - Filling up the DagBag from /home/soamariaka/.local/lib/python3.9/site-packages/airflow/example_dags/plugins/listener_plugin.py
[2023-08-14T13:59:23.828+0300] {processor.py:838} WARNING - No viable dags retrieved from /home/soamariaka/.local/lib/python3.9/site-packages/airflow/example_dags/plugins/listener_plugin.py
[2023-08-14T13:59:23.848+0300] {processor.py:179} INFO - Processing /home/soamariaka/.local/lib/python3.9/site-packages/airflow/example_dags/plugins/listener_plugin.py took 0.068 seconds
[2023-08-14T14:00:27.996+0300] {processor.py:157} INFO - Started process (PID=12924) to work on /home/soamariaka/.local/lib/python3.9/site-packages/airflow/example_dags/plugins/listener_plugin.py
[2023-08-14T14:00:28.015+0300] {processor.py:826} INFO - Processing file /home/soamariaka/.local/lib/python3.9/site-packages/airflow/example_dags/plugins/listener_plugin.py for tasks to queue
[2023-08-14T14:00:28.016+0300] {logging_mixin.py:150} INFO - [2023-08-14T14:00:28.016+0300] {dagbag.py:541} INFO - Filling up the DagBag from /home/soamariaka/.local/lib/python3.9/site-packages/airflow/example_dags/plugins/listener_plugin.py
[2023-08-14T14:00:28.021+0300] {processor.py:838} WARNING - No viable dags retrieved from /home/soamariaka/.local/lib/python3.9/site-packages/airflow/example_dags/plugins/listener_plugin.py
[2023-08-14T14:00:28.039+0300] {processor.py:179} INFO - Processing /home/soamariaka/.local/lib/python3.9/site-packages/airflow/example_dags/plugins/listener_plugin.py took 0.049 seconds
[2023-08-14T14:01:30.800+0300] {processor.py:157} INFO - Started process (PID=12981) to work on /home/soamariaka/.local/lib/python3.9/site-packages/airflow/example_dags/plugins/listener_plugin.py
[2023-08-14T14:01:30.802+0300] {processor.py:826} INFO - Processing file /home/soamariaka/.local/lib/python3.9/site-packages/airflow/example_dags/plugins/listener_plugin.py for tasks to queue
[2023-08-14T14:01:30.803+0300] {logging_mixin.py:150} INFO - [2023-08-14T14:01:30.802+0300] {dagbag.py:541} INFO - Filling up the DagBag from /home/soamariaka/.local/lib/python3.9/site-packages/airflow/example_dags/plugins/listener_plugin.py
[2023-08-14T14:01:30.806+0300] {processor.py:838} WARNING - No viable dags retrieved from /home/soamariaka/.local/lib/python3.9/site-packages/airflow/example_dags/plugins/listener_plugin.py
[2023-08-14T14:01:30.822+0300] {processor.py:179} INFO - Processing /home/soamariaka/.local/lib/python3.9/site-packages/airflow/example_dags/plugins/listener_plugin.py took 0.027 seconds
[2023-08-14T14:04:13.293+0300] {processor.py:157} INFO - Started process (PID=13708) to work on /home/soamariaka/.local/lib/python3.9/site-packages/airflow/example_dags/plugins/listener_plugin.py
[2023-08-14T14:04:13.347+0300] {processor.py:826} INFO - Processing file /home/soamariaka/.local/lib/python3.9/site-packages/airflow/example_dags/plugins/listener_plugin.py for tasks to queue
[2023-08-14T14:04:13.349+0300] {logging_mixin.py:150} INFO - [2023-08-14T14:04:13.348+0300] {dagbag.py:541} INFO - Filling up the DagBag from /home/soamariaka/.local/lib/python3.9/site-packages/airflow/example_dags/plugins/listener_plugin.py
[2023-08-14T14:04:13.406+0300] {processor.py:838} WARNING - No viable dags retrieved from /home/soamariaka/.local/lib/python3.9/site-packages/airflow/example_dags/plugins/listener_plugin.py
[2023-08-14T14:04:13.441+0300] {processor.py:179} INFO - Processing /home/soamariaka/.local/lib/python3.9/site-packages/airflow/example_dags/plugins/listener_plugin.py took 0.154 seconds
[2023-08-14T14:05:14.320+0300] {processor.py:157} INFO - Started process (PID=13777) to work on /home/soamariaka/.local/lib/python3.9/site-packages/airflow/example_dags/plugins/listener_plugin.py
[2023-08-14T14:05:14.357+0300] {processor.py:826} INFO - Processing file /home/soamariaka/.local/lib/python3.9/site-packages/airflow/example_dags/plugins/listener_plugin.py for tasks to queue
[2023-08-14T14:05:14.376+0300] {logging_mixin.py:150} INFO - [2023-08-14T14:05:14.374+0300] {dagbag.py:541} INFO - Filling up the DagBag from /home/soamariaka/.local/lib/python3.9/site-packages/airflow/example_dags/plugins/listener_plugin.py
[2023-08-14T14:05:14.384+0300] {processor.py:838} WARNING - No viable dags retrieved from /home/soamariaka/.local/lib/python3.9/site-packages/airflow/example_dags/plugins/listener_plugin.py
[2023-08-14T14:05:14.407+0300] {processor.py:179} INFO - Processing /home/soamariaka/.local/lib/python3.9/site-packages/airflow/example_dags/plugins/listener_plugin.py took 0.093 seconds
[2023-08-14T14:06:39.664+0300] {processor.py:157} INFO - Started process (PID=13852) to work on /home/soamariaka/.local/lib/python3.9/site-packages/airflow/example_dags/plugins/listener_plugin.py
[2023-08-14T14:06:39.699+0300] {processor.py:826} INFO - Processing file /home/soamariaka/.local/lib/python3.9/site-packages/airflow/example_dags/plugins/listener_plugin.py for tasks to queue
[2023-08-14T14:06:39.701+0300] {logging_mixin.py:150} INFO - [2023-08-14T14:06:39.700+0300] {dagbag.py:541} INFO - Filling up the DagBag from /home/soamariaka/.local/lib/python3.9/site-packages/airflow/example_dags/plugins/listener_plugin.py
[2023-08-14T14:06:39.706+0300] {processor.py:838} WARNING - No viable dags retrieved from /home/soamariaka/.local/lib/python3.9/site-packages/airflow/example_dags/plugins/listener_plugin.py
[2023-08-14T14:06:39.725+0300] {processor.py:179} INFO - Processing /home/soamariaka/.local/lib/python3.9/site-packages/airflow/example_dags/plugins/listener_plugin.py took 0.067 seconds
[2023-08-14T14:08:37.905+0300] {processor.py:157} INFO - Started process (PID=13998) to work on /home/soamariaka/.local/lib/python3.9/site-packages/airflow/example_dags/plugins/listener_plugin.py
[2023-08-14T14:08:37.930+0300] {processor.py:826} INFO - Processing file /home/soamariaka/.local/lib/python3.9/site-packages/airflow/example_dags/plugins/listener_plugin.py for tasks to queue
[2023-08-14T14:08:37.932+0300] {logging_mixin.py:150} INFO - [2023-08-14T14:08:37.932+0300] {dagbag.py:541} INFO - Filling up the DagBag from /home/soamariaka/.local/lib/python3.9/site-packages/airflow/example_dags/plugins/listener_plugin.py
[2023-08-14T14:08:37.939+0300] {processor.py:838} WARNING - No viable dags retrieved from /home/soamariaka/.local/lib/python3.9/site-packages/airflow/example_dags/plugins/listener_plugin.py
[2023-08-14T14:08:37.962+0300] {processor.py:179} INFO - Processing /home/soamariaka/.local/lib/python3.9/site-packages/airflow/example_dags/plugins/listener_plugin.py took 0.062 seconds
[2023-08-14T14:09:53.301+0300] {processor.py:157} INFO - Started process (PID=14130) to work on /home/soamariaka/.local/lib/python3.9/site-packages/airflow/example_dags/plugins/listener_plugin.py
[2023-08-14T14:09:53.325+0300] {processor.py:826} INFO - Processing file /home/soamariaka/.local/lib/python3.9/site-packages/airflow/example_dags/plugins/listener_plugin.py for tasks to queue
[2023-08-14T14:09:53.326+0300] {logging_mixin.py:150} INFO - [2023-08-14T14:09:53.326+0300] {dagbag.py:541} INFO - Filling up the DagBag from /home/soamariaka/.local/lib/python3.9/site-packages/airflow/example_dags/plugins/listener_plugin.py
[2023-08-14T14:09:53.331+0300] {processor.py:838} WARNING - No viable dags retrieved from /home/soamariaka/.local/lib/python3.9/site-packages/airflow/example_dags/plugins/listener_plugin.py
[2023-08-14T14:09:53.350+0300] {processor.py:179} INFO - Processing /home/soamariaka/.local/lib/python3.9/site-packages/airflow/example_dags/plugins/listener_plugin.py took 0.054 seconds
[2023-08-14T14:10:43.049+0300] {processor.py:157} INFO - Started process (PID=14924) to work on /home/soamariaka/.local/lib/python3.9/site-packages/airflow/example_dags/plugins/listener_plugin.py
[2023-08-14T14:10:43.068+0300] {processor.py:826} INFO - Processing file /home/soamariaka/.local/lib/python3.9/site-packages/airflow/example_dags/plugins/listener_plugin.py for tasks to queue
[2023-08-14T14:10:43.069+0300] {logging_mixin.py:150} INFO - [2023-08-14T14:10:43.069+0300] {dagbag.py:541} INFO - Filling up the DagBag from /home/soamariaka/.local/lib/python3.9/site-packages/airflow/example_dags/plugins/listener_plugin.py
[2023-08-14T14:10:43.074+0300] {processor.py:838} WARNING - No viable dags retrieved from /home/soamariaka/.local/lib/python3.9/site-packages/airflow/example_dags/plugins/listener_plugin.py
[2023-08-14T14:10:43.092+0300] {processor.py:179} INFO - Processing /home/soamariaka/.local/lib/python3.9/site-packages/airflow/example_dags/plugins/listener_plugin.py took 0.049 seconds
[2023-08-14T14:11:47.997+0300] {processor.py:157} INFO - Started process (PID=15091) to work on /home/soamariaka/.local/lib/python3.9/site-packages/airflow/example_dags/plugins/listener_plugin.py
[2023-08-14T14:11:48.034+0300] {processor.py:826} INFO - Processing file /home/soamariaka/.local/lib/python3.9/site-packages/airflow/example_dags/plugins/listener_plugin.py for tasks to queue
[2023-08-14T14:11:48.037+0300] {logging_mixin.py:150} INFO - [2023-08-14T14:11:48.036+0300] {dagbag.py:541} INFO - Filling up the DagBag from /home/soamariaka/.local/lib/python3.9/site-packages/airflow/example_dags/plugins/listener_plugin.py
[2023-08-14T14:11:48.042+0300] {processor.py:838} WARNING - No viable dags retrieved from /home/soamariaka/.local/lib/python3.9/site-packages/airflow/example_dags/plugins/listener_plugin.py
[2023-08-14T14:11:48.060+0300] {processor.py:179} INFO - Processing /home/soamariaka/.local/lib/python3.9/site-packages/airflow/example_dags/plugins/listener_plugin.py took 0.068 seconds
[2023-08-14T14:12:31.420+0300] {processor.py:157} INFO - Started process (PID=15153) to work on /home/soamariaka/.local/lib/python3.9/site-packages/airflow/example_dags/plugins/listener_plugin.py
[2023-08-14T14:12:31.455+0300] {processor.py:826} INFO - Processing file /home/soamariaka/.local/lib/python3.9/site-packages/airflow/example_dags/plugins/listener_plugin.py for tasks to queue
[2023-08-14T14:12:31.456+0300] {logging_mixin.py:150} INFO - [2023-08-14T14:12:31.456+0300] {dagbag.py:541} INFO - Filling up the DagBag from /home/soamariaka/.local/lib/python3.9/site-packages/airflow/example_dags/plugins/listener_plugin.py
[2023-08-14T14:12:31.461+0300] {processor.py:838} WARNING - No viable dags retrieved from /home/soamariaka/.local/lib/python3.9/site-packages/airflow/example_dags/plugins/listener_plugin.py
[2023-08-14T14:12:31.479+0300] {processor.py:179} INFO - Processing /home/soamariaka/.local/lib/python3.9/site-packages/airflow/example_dags/plugins/listener_plugin.py took 0.064 seconds
[2023-08-14T14:13:30.712+0300] {processor.py:157} INFO - Started process (PID=15280) to work on /home/soamariaka/.local/lib/python3.9/site-packages/airflow/example_dags/plugins/listener_plugin.py
[2023-08-14T14:13:30.730+0300] {processor.py:826} INFO - Processing file /home/soamariaka/.local/lib/python3.9/site-packages/airflow/example_dags/plugins/listener_plugin.py for tasks to queue
[2023-08-14T14:13:30.750+0300] {logging_mixin.py:150} INFO - [2023-08-14T14:13:30.749+0300] {dagbag.py:541} INFO - Filling up the DagBag from /home/soamariaka/.local/lib/python3.9/site-packages/airflow/example_dags/plugins/listener_plugin.py
[2023-08-14T14:13:30.760+0300] {processor.py:838} WARNING - No viable dags retrieved from /home/soamariaka/.local/lib/python3.9/site-packages/airflow/example_dags/plugins/listener_plugin.py
[2023-08-14T14:13:30.794+0300] {processor.py:179} INFO - Processing /home/soamariaka/.local/lib/python3.9/site-packages/airflow/example_dags/plugins/listener_plugin.py took 0.087 seconds
[2023-08-14T14:14:35.863+0300] {processor.py:157} INFO - Started process (PID=15370) to work on /home/soamariaka/.local/lib/python3.9/site-packages/airflow/example_dags/plugins/listener_plugin.py
[2023-08-14T14:14:35.884+0300] {processor.py:826} INFO - Processing file /home/soamariaka/.local/lib/python3.9/site-packages/airflow/example_dags/plugins/listener_plugin.py for tasks to queue
[2023-08-14T14:14:35.962+0300] {logging_mixin.py:150} INFO - [2023-08-14T14:14:35.887+0300] {dagbag.py:541} INFO - Filling up the DagBag from /home/soamariaka/.local/lib/python3.9/site-packages/airflow/example_dags/plugins/listener_plugin.py
[2023-08-14T14:14:35.994+0300] {processor.py:838} WARNING - No viable dags retrieved from /home/soamariaka/.local/lib/python3.9/site-packages/airflow/example_dags/plugins/listener_plugin.py
[2023-08-14T14:14:36.029+0300] {processor.py:179} INFO - Processing /home/soamariaka/.local/lib/python3.9/site-packages/airflow/example_dags/plugins/listener_plugin.py took 0.180 seconds
[2023-08-14T14:15:35.640+0300] {processor.py:157} INFO - Started process (PID=15544) to work on /home/soamariaka/.local/lib/python3.9/site-packages/airflow/example_dags/plugins/listener_plugin.py
[2023-08-14T14:15:35.649+0300] {processor.py:826} INFO - Processing file /home/soamariaka/.local/lib/python3.9/site-packages/airflow/example_dags/plugins/listener_plugin.py for tasks to queue
[2023-08-14T14:15:35.651+0300] {logging_mixin.py:150} INFO - [2023-08-14T14:15:35.651+0300] {dagbag.py:541} INFO - Filling up the DagBag from /home/soamariaka/.local/lib/python3.9/site-packages/airflow/example_dags/plugins/listener_plugin.py
[2023-08-14T14:15:35.656+0300] {processor.py:838} WARNING - No viable dags retrieved from /home/soamariaka/.local/lib/python3.9/site-packages/airflow/example_dags/plugins/listener_plugin.py
[2023-08-14T14:15:35.674+0300] {processor.py:179} INFO - Processing /home/soamariaka/.local/lib/python3.9/site-packages/airflow/example_dags/plugins/listener_plugin.py took 0.039 seconds
[2023-08-14T14:16:40.058+0300] {processor.py:157} INFO - Started process (PID=15641) to work on /home/soamariaka/.local/lib/python3.9/site-packages/airflow/example_dags/plugins/listener_plugin.py
[2023-08-14T14:16:40.070+0300] {processor.py:826} INFO - Processing file /home/soamariaka/.local/lib/python3.9/site-packages/airflow/example_dags/plugins/listener_plugin.py for tasks to queue
[2023-08-14T14:16:40.091+0300] {logging_mixin.py:150} INFO - [2023-08-14T14:16:40.090+0300] {dagbag.py:541} INFO - Filling up the DagBag from /home/soamariaka/.local/lib/python3.9/site-packages/airflow/example_dags/plugins/listener_plugin.py
[2023-08-14T14:16:40.094+0300] {processor.py:838} WARNING - No viable dags retrieved from /home/soamariaka/.local/lib/python3.9/site-packages/airflow/example_dags/plugins/listener_plugin.py
[2023-08-14T14:16:40.114+0300] {processor.py:179} INFO - Processing /home/soamariaka/.local/lib/python3.9/site-packages/airflow/example_dags/plugins/listener_plugin.py took 0.063 seconds
[2023-08-14T14:17:47.809+0300] {processor.py:157} INFO - Started process (PID=15753) to work on /home/soamariaka/.local/lib/python3.9/site-packages/airflow/example_dags/plugins/listener_plugin.py
[2023-08-14T14:17:47.828+0300] {processor.py:826} INFO - Processing file /home/soamariaka/.local/lib/python3.9/site-packages/airflow/example_dags/plugins/listener_plugin.py for tasks to queue
[2023-08-14T14:17:47.829+0300] {logging_mixin.py:150} INFO - [2023-08-14T14:17:47.829+0300] {dagbag.py:541} INFO - Filling up the DagBag from /home/soamariaka/.local/lib/python3.9/site-packages/airflow/example_dags/plugins/listener_plugin.py
[2023-08-14T14:17:47.834+0300] {processor.py:838} WARNING - No viable dags retrieved from /home/soamariaka/.local/lib/python3.9/site-packages/airflow/example_dags/plugins/listener_plugin.py
[2023-08-14T14:17:47.852+0300] {processor.py:179} INFO - Processing /home/soamariaka/.local/lib/python3.9/site-packages/airflow/example_dags/plugins/listener_plugin.py took 0.049 seconds
[2023-08-14T14:19:07.325+0300] {processor.py:157} INFO - Started process (PID=15937) to work on /home/soamariaka/.local/lib/python3.9/site-packages/airflow/example_dags/plugins/listener_plugin.py
[2023-08-14T14:19:07.348+0300] {processor.py:826} INFO - Processing file /home/soamariaka/.local/lib/python3.9/site-packages/airflow/example_dags/plugins/listener_plugin.py for tasks to queue
[2023-08-14T14:19:07.350+0300] {logging_mixin.py:150} INFO - [2023-08-14T14:19:07.349+0300] {dagbag.py:541} INFO - Filling up the DagBag from /home/soamariaka/.local/lib/python3.9/site-packages/airflow/example_dags/plugins/listener_plugin.py
[2023-08-14T14:19:07.355+0300] {processor.py:838} WARNING - No viable dags retrieved from /home/soamariaka/.local/lib/python3.9/site-packages/airflow/example_dags/plugins/listener_plugin.py
[2023-08-14T14:19:07.373+0300] {processor.py:179} INFO - Processing /home/soamariaka/.local/lib/python3.9/site-packages/airflow/example_dags/plugins/listener_plugin.py took 0.053 seconds
[2023-08-14T14:20:09.892+0300] {processor.py:157} INFO - Started process (PID=16014) to work on /home/soamariaka/.local/lib/python3.9/site-packages/airflow/example_dags/plugins/listener_plugin.py
[2023-08-14T14:20:09.925+0300] {processor.py:826} INFO - Processing file /home/soamariaka/.local/lib/python3.9/site-packages/airflow/example_dags/plugins/listener_plugin.py for tasks to queue
[2023-08-14T14:20:09.927+0300] {logging_mixin.py:150} INFO - [2023-08-14T14:20:09.926+0300] {dagbag.py:541} INFO - Filling up the DagBag from /home/soamariaka/.local/lib/python3.9/site-packages/airflow/example_dags/plugins/listener_plugin.py
[2023-08-14T14:20:09.932+0300] {processor.py:838} WARNING - No viable dags retrieved from /home/soamariaka/.local/lib/python3.9/site-packages/airflow/example_dags/plugins/listener_plugin.py
[2023-08-14T14:20:09.952+0300] {processor.py:179} INFO - Processing /home/soamariaka/.local/lib/python3.9/site-packages/airflow/example_dags/plugins/listener_plugin.py took 0.066 seconds
[2023-08-14T14:21:47.025+0300] {processor.py:157} INFO - Started process (PID=16110) to work on /home/soamariaka/.local/lib/python3.9/site-packages/airflow/example_dags/plugins/listener_plugin.py
[2023-08-14T14:21:47.056+0300] {processor.py:826} INFO - Processing file /home/soamariaka/.local/lib/python3.9/site-packages/airflow/example_dags/plugins/listener_plugin.py for tasks to queue
[2023-08-14T14:21:47.058+0300] {logging_mixin.py:150} INFO - [2023-08-14T14:21:47.057+0300] {dagbag.py:541} INFO - Filling up the DagBag from /home/soamariaka/.local/lib/python3.9/site-packages/airflow/example_dags/plugins/listener_plugin.py
[2023-08-14T14:21:47.062+0300] {processor.py:838} WARNING - No viable dags retrieved from /home/soamariaka/.local/lib/python3.9/site-packages/airflow/example_dags/plugins/listener_plugin.py
[2023-08-14T14:21:47.081+0300] {processor.py:179} INFO - Processing /home/soamariaka/.local/lib/python3.9/site-packages/airflow/example_dags/plugins/listener_plugin.py took 0.061 seconds
[2023-08-14T14:22:46.181+0300] {processor.py:157} INFO - Started process (PID=16167) to work on /home/soamariaka/.local/lib/python3.9/site-packages/airflow/example_dags/plugins/listener_plugin.py
[2023-08-14T14:22:46.184+0300] {processor.py:826} INFO - Processing file /home/soamariaka/.local/lib/python3.9/site-packages/airflow/example_dags/plugins/listener_plugin.py for tasks to queue
[2023-08-14T14:22:46.186+0300] {logging_mixin.py:150} INFO - [2023-08-14T14:22:46.185+0300] {dagbag.py:541} INFO - Filling up the DagBag from /home/soamariaka/.local/lib/python3.9/site-packages/airflow/example_dags/plugins/listener_plugin.py
[2023-08-14T14:22:46.190+0300] {processor.py:838} WARNING - No viable dags retrieved from /home/soamariaka/.local/lib/python3.9/site-packages/airflow/example_dags/plugins/listener_plugin.py
[2023-08-14T14:22:46.208+0300] {processor.py:179} INFO - Processing /home/soamariaka/.local/lib/python3.9/site-packages/airflow/example_dags/plugins/listener_plugin.py took 0.032 seconds
[2023-08-14T14:23:50.012+0300] {processor.py:157} INFO - Started process (PID=16234) to work on /home/soamariaka/.local/lib/python3.9/site-packages/airflow/example_dags/plugins/listener_plugin.py
[2023-08-14T14:23:50.015+0300] {processor.py:826} INFO - Processing file /home/soamariaka/.local/lib/python3.9/site-packages/airflow/example_dags/plugins/listener_plugin.py for tasks to queue
[2023-08-14T14:23:50.016+0300] {logging_mixin.py:150} INFO - [2023-08-14T14:23:50.016+0300] {dagbag.py:541} INFO - Filling up the DagBag from /home/soamariaka/.local/lib/python3.9/site-packages/airflow/example_dags/plugins/listener_plugin.py
[2023-08-14T14:23:50.021+0300] {processor.py:838} WARNING - No viable dags retrieved from /home/soamariaka/.local/lib/python3.9/site-packages/airflow/example_dags/plugins/listener_plugin.py
[2023-08-14T14:23:50.038+0300] {processor.py:179} INFO - Processing /home/soamariaka/.local/lib/python3.9/site-packages/airflow/example_dags/plugins/listener_plugin.py took 0.032 seconds
[2023-08-14T14:24:46.754+0300] {processor.py:157} INFO - Started process (PID=16510) to work on /home/soamariaka/.local/lib/python3.9/site-packages/airflow/example_dags/plugins/listener_plugin.py
[2023-08-14T14:24:46.757+0300] {processor.py:826} INFO - Processing file /home/soamariaka/.local/lib/python3.9/site-packages/airflow/example_dags/plugins/listener_plugin.py for tasks to queue
[2023-08-14T14:24:46.758+0300] {logging_mixin.py:150} INFO - [2023-08-14T14:24:46.758+0300] {dagbag.py:541} INFO - Filling up the DagBag from /home/soamariaka/.local/lib/python3.9/site-packages/airflow/example_dags/plugins/listener_plugin.py
[2023-08-14T14:24:46.763+0300] {processor.py:838} WARNING - No viable dags retrieved from /home/soamariaka/.local/lib/python3.9/site-packages/airflow/example_dags/plugins/listener_plugin.py
[2023-08-14T14:24:46.780+0300] {processor.py:179} INFO - Processing /home/soamariaka/.local/lib/python3.9/site-packages/airflow/example_dags/plugins/listener_plugin.py took 0.032 seconds
[2023-08-14T14:25:48.729+0300] {processor.py:157} INFO - Started process (PID=16659) to work on /home/soamariaka/.local/lib/python3.9/site-packages/airflow/example_dags/plugins/listener_plugin.py
[2023-08-14T14:25:48.732+0300] {processor.py:826} INFO - Processing file /home/soamariaka/.local/lib/python3.9/site-packages/airflow/example_dags/plugins/listener_plugin.py for tasks to queue
[2023-08-14T14:25:48.733+0300] {logging_mixin.py:150} INFO - [2023-08-14T14:25:48.733+0300] {dagbag.py:541} INFO - Filling up the DagBag from /home/soamariaka/.local/lib/python3.9/site-packages/airflow/example_dags/plugins/listener_plugin.py
[2023-08-14T14:25:48.738+0300] {processor.py:838} WARNING - No viable dags retrieved from /home/soamariaka/.local/lib/python3.9/site-packages/airflow/example_dags/plugins/listener_plugin.py
[2023-08-14T14:25:48.755+0300] {processor.py:179} INFO - Processing /home/soamariaka/.local/lib/python3.9/site-packages/airflow/example_dags/plugins/listener_plugin.py took 0.031 seconds
[2023-08-14T14:26:46.729+0300] {processor.py:157} INFO - Started process (PID=16745) to work on /home/soamariaka/.local/lib/python3.9/site-packages/airflow/example_dags/plugins/listener_plugin.py
[2023-08-14T14:26:46.758+0300] {processor.py:826} INFO - Processing file /home/soamariaka/.local/lib/python3.9/site-packages/airflow/example_dags/plugins/listener_plugin.py for tasks to queue
[2023-08-14T14:26:46.760+0300] {logging_mixin.py:150} INFO - [2023-08-14T14:26:46.759+0300] {dagbag.py:541} INFO - Filling up the DagBag from /home/soamariaka/.local/lib/python3.9/site-packages/airflow/example_dags/plugins/listener_plugin.py
[2023-08-14T14:26:46.764+0300] {processor.py:838} WARNING - No viable dags retrieved from /home/soamariaka/.local/lib/python3.9/site-packages/airflow/example_dags/plugins/listener_plugin.py
[2023-08-14T14:26:46.782+0300] {processor.py:179} INFO - Processing /home/soamariaka/.local/lib/python3.9/site-packages/airflow/example_dags/plugins/listener_plugin.py took 0.058 seconds
[2023-08-14T14:27:48.201+0300] {processor.py:157} INFO - Started process (PID=16871) to work on /home/soamariaka/.local/lib/python3.9/site-packages/airflow/example_dags/plugins/listener_plugin.py
[2023-08-14T14:27:48.203+0300] {processor.py:826} INFO - Processing file /home/soamariaka/.local/lib/python3.9/site-packages/airflow/example_dags/plugins/listener_plugin.py for tasks to queue
[2023-08-14T14:27:48.205+0300] {logging_mixin.py:150} INFO - [2023-08-14T14:27:48.204+0300] {dagbag.py:541} INFO - Filling up the DagBag from /home/soamariaka/.local/lib/python3.9/site-packages/airflow/example_dags/plugins/listener_plugin.py
[2023-08-14T14:27:48.209+0300] {processor.py:838} WARNING - No viable dags retrieved from /home/soamariaka/.local/lib/python3.9/site-packages/airflow/example_dags/plugins/listener_plugin.py
[2023-08-14T14:27:48.227+0300] {processor.py:179} INFO - Processing /home/soamariaka/.local/lib/python3.9/site-packages/airflow/example_dags/plugins/listener_plugin.py took 0.031 seconds
[2023-08-14T14:28:52.532+0300] {processor.py:157} INFO - Started process (PID=17026) to work on /home/soamariaka/.local/lib/python3.9/site-packages/airflow/example_dags/plugins/listener_plugin.py
[2023-08-14T14:28:52.534+0300] {processor.py:826} INFO - Processing file /home/soamariaka/.local/lib/python3.9/site-packages/airflow/example_dags/plugins/listener_plugin.py for tasks to queue
[2023-08-14T14:28:52.536+0300] {logging_mixin.py:150} INFO - [2023-08-14T14:28:52.535+0300] {dagbag.py:541} INFO - Filling up the DagBag from /home/soamariaka/.local/lib/python3.9/site-packages/airflow/example_dags/plugins/listener_plugin.py
[2023-08-14T14:28:52.540+0300] {processor.py:838} WARNING - No viable dags retrieved from /home/soamariaka/.local/lib/python3.9/site-packages/airflow/example_dags/plugins/listener_plugin.py
[2023-08-14T14:28:52.558+0300] {processor.py:179} INFO - Processing /home/soamariaka/.local/lib/python3.9/site-packages/airflow/example_dags/plugins/listener_plugin.py took 0.032 seconds
[2023-08-14T14:29:50.394+0300] {processor.py:157} INFO - Started process (PID=17143) to work on /home/soamariaka/.local/lib/python3.9/site-packages/airflow/example_dags/plugins/listener_plugin.py
[2023-08-14T14:29:50.425+0300] {processor.py:826} INFO - Processing file /home/soamariaka/.local/lib/python3.9/site-packages/airflow/example_dags/plugins/listener_plugin.py for tasks to queue
[2023-08-14T14:29:50.426+0300] {logging_mixin.py:150} INFO - [2023-08-14T14:29:50.426+0300] {dagbag.py:541} INFO - Filling up the DagBag from /home/soamariaka/.local/lib/python3.9/site-packages/airflow/example_dags/plugins/listener_plugin.py
[2023-08-14T14:29:50.431+0300] {processor.py:838} WARNING - No viable dags retrieved from /home/soamariaka/.local/lib/python3.9/site-packages/airflow/example_dags/plugins/listener_plugin.py
[2023-08-14T14:29:50.449+0300] {processor.py:179} INFO - Processing /home/soamariaka/.local/lib/python3.9/site-packages/airflow/example_dags/plugins/listener_plugin.py took 0.061 seconds
[2023-08-14T14:30:43.580+0300] {processor.py:157} INFO - Started process (PID=17248) to work on /home/soamariaka/.local/lib/python3.9/site-packages/airflow/example_dags/plugins/listener_plugin.py
[2023-08-14T14:30:43.583+0300] {processor.py:826} INFO - Processing file /home/soamariaka/.local/lib/python3.9/site-packages/airflow/example_dags/plugins/listener_plugin.py for tasks to queue
[2023-08-14T14:30:43.584+0300] {logging_mixin.py:150} INFO - [2023-08-14T14:30:43.584+0300] {dagbag.py:541} INFO - Filling up the DagBag from /home/soamariaka/.local/lib/python3.9/site-packages/airflow/example_dags/plugins/listener_plugin.py
[2023-08-14T14:30:43.589+0300] {processor.py:838} WARNING - No viable dags retrieved from /home/soamariaka/.local/lib/python3.9/site-packages/airflow/example_dags/plugins/listener_plugin.py
[2023-08-14T14:30:43.606+0300] {processor.py:179} INFO - Processing /home/soamariaka/.local/lib/python3.9/site-packages/airflow/example_dags/plugins/listener_plugin.py took 0.031 seconds
[2023-08-14T14:31:43.252+0300] {processor.py:157} INFO - Started process (PID=17334) to work on /home/soamariaka/.local/lib/python3.9/site-packages/airflow/example_dags/plugins/listener_plugin.py
[2023-08-14T14:31:43.281+0300] {processor.py:826} INFO - Processing file /home/soamariaka/.local/lib/python3.9/site-packages/airflow/example_dags/plugins/listener_plugin.py for tasks to queue
[2023-08-14T14:31:43.283+0300] {logging_mixin.py:150} INFO - [2023-08-14T14:31:43.282+0300] {dagbag.py:541} INFO - Filling up the DagBag from /home/soamariaka/.local/lib/python3.9/site-packages/airflow/example_dags/plugins/listener_plugin.py
[2023-08-14T14:31:43.288+0300] {processor.py:838} WARNING - No viable dags retrieved from /home/soamariaka/.local/lib/python3.9/site-packages/airflow/example_dags/plugins/listener_plugin.py
[2023-08-14T14:31:43.306+0300] {processor.py:179} INFO - Processing /home/soamariaka/.local/lib/python3.9/site-packages/airflow/example_dags/plugins/listener_plugin.py took 0.059 seconds
[2023-08-14T14:32:42.029+0300] {processor.py:157} INFO - Started process (PID=17454) to work on /home/soamariaka/.local/lib/python3.9/site-packages/airflow/example_dags/plugins/listener_plugin.py
[2023-08-14T14:32:42.032+0300] {processor.py:826} INFO - Processing file /home/soamariaka/.local/lib/python3.9/site-packages/airflow/example_dags/plugins/listener_plugin.py for tasks to queue
[2023-08-14T14:32:42.033+0300] {logging_mixin.py:150} INFO - [2023-08-14T14:32:42.033+0300] {dagbag.py:541} INFO - Filling up the DagBag from /home/soamariaka/.local/lib/python3.9/site-packages/airflow/example_dags/plugins/listener_plugin.py
[2023-08-14T14:32:42.038+0300] {processor.py:838} WARNING - No viable dags retrieved from /home/soamariaka/.local/lib/python3.9/site-packages/airflow/example_dags/plugins/listener_plugin.py
[2023-08-14T14:32:42.055+0300] {processor.py:179} INFO - Processing /home/soamariaka/.local/lib/python3.9/site-packages/airflow/example_dags/plugins/listener_plugin.py took 0.032 seconds
[2023-08-14T14:33:42.172+0300] {processor.py:157} INFO - Started process (PID=17573) to work on /home/soamariaka/.local/lib/python3.9/site-packages/airflow/example_dags/plugins/listener_plugin.py
[2023-08-14T14:33:42.191+0300] {processor.py:826} INFO - Processing file /home/soamariaka/.local/lib/python3.9/site-packages/airflow/example_dags/plugins/listener_plugin.py for tasks to queue
[2023-08-14T14:33:42.192+0300] {logging_mixin.py:150} INFO - [2023-08-14T14:33:42.191+0300] {dagbag.py:541} INFO - Filling up the DagBag from /home/soamariaka/.local/lib/python3.9/site-packages/airflow/example_dags/plugins/listener_plugin.py
[2023-08-14T14:33:42.196+0300] {processor.py:838} WARNING - No viable dags retrieved from /home/soamariaka/.local/lib/python3.9/site-packages/airflow/example_dags/plugins/listener_plugin.py
[2023-08-14T14:33:42.214+0300] {processor.py:179} INFO - Processing /home/soamariaka/.local/lib/python3.9/site-packages/airflow/example_dags/plugins/listener_plugin.py took 0.048 seconds
[2023-08-14T14:34:42.261+0300] {processor.py:157} INFO - Started process (PID=17721) to work on /home/soamariaka/.local/lib/python3.9/site-packages/airflow/example_dags/plugins/listener_plugin.py
[2023-08-14T14:34:42.332+0300] {processor.py:826} INFO - Processing file /home/soamariaka/.local/lib/python3.9/site-packages/airflow/example_dags/plugins/listener_plugin.py for tasks to queue
[2023-08-14T14:34:42.334+0300] {logging_mixin.py:150} INFO - [2023-08-14T14:34:42.333+0300] {dagbag.py:541} INFO - Filling up the DagBag from /home/soamariaka/.local/lib/python3.9/site-packages/airflow/example_dags/plugins/listener_plugin.py
[2023-08-14T14:34:42.340+0300] {processor.py:838} WARNING - No viable dags retrieved from /home/soamariaka/.local/lib/python3.9/site-packages/airflow/example_dags/plugins/listener_plugin.py
[2023-08-14T14:34:43.195+0300] {processor.py:179} INFO - Processing /home/soamariaka/.local/lib/python3.9/site-packages/airflow/example_dags/plugins/listener_plugin.py took 0.940 seconds
[2023-08-14T14:35:28.842+0300] {processor.py:157} INFO - Started process (PID=17846) to work on /home/soamariaka/.local/lib/python3.9/site-packages/airflow/example_dags/plugins/listener_plugin.py
[2023-08-14T14:35:28.845+0300] {processor.py:826} INFO - Processing file /home/soamariaka/.local/lib/python3.9/site-packages/airflow/example_dags/plugins/listener_plugin.py for tasks to queue
[2023-08-14T14:35:28.846+0300] {logging_mixin.py:150} INFO - [2023-08-14T14:35:28.846+0300] {dagbag.py:541} INFO - Filling up the DagBag from /home/soamariaka/.local/lib/python3.9/site-packages/airflow/example_dags/plugins/listener_plugin.py
[2023-08-14T14:35:28.851+0300] {processor.py:838} WARNING - No viable dags retrieved from /home/soamariaka/.local/lib/python3.9/site-packages/airflow/example_dags/plugins/listener_plugin.py
[2023-08-14T14:35:28.869+0300] {processor.py:179} INFO - Processing /home/soamariaka/.local/lib/python3.9/site-packages/airflow/example_dags/plugins/listener_plugin.py took 0.032 seconds
[2023-08-14T14:36:41.493+0300] {processor.py:157} INFO - Started process (PID=17986) to work on /home/soamariaka/.local/lib/python3.9/site-packages/airflow/example_dags/plugins/listener_plugin.py
[2023-08-14T14:36:41.516+0300] {processor.py:826} INFO - Processing file /home/soamariaka/.local/lib/python3.9/site-packages/airflow/example_dags/plugins/listener_plugin.py for tasks to queue
[2023-08-14T14:36:41.517+0300] {logging_mixin.py:150} INFO - [2023-08-14T14:36:41.517+0300] {dagbag.py:541} INFO - Filling up the DagBag from /home/soamariaka/.local/lib/python3.9/site-packages/airflow/example_dags/plugins/listener_plugin.py
[2023-08-14T14:36:41.521+0300] {processor.py:838} WARNING - No viable dags retrieved from /home/soamariaka/.local/lib/python3.9/site-packages/airflow/example_dags/plugins/listener_plugin.py
[2023-08-14T14:36:41.540+0300] {processor.py:179} INFO - Processing /home/soamariaka/.local/lib/python3.9/site-packages/airflow/example_dags/plugins/listener_plugin.py took 0.052 seconds
[2023-08-14T14:37:51.233+0300] {processor.py:157} INFO - Started process (PID=18144) to work on /home/soamariaka/.local/lib/python3.9/site-packages/airflow/example_dags/plugins/listener_plugin.py
[2023-08-14T14:37:51.235+0300] {processor.py:826} INFO - Processing file /home/soamariaka/.local/lib/python3.9/site-packages/airflow/example_dags/plugins/listener_plugin.py for tasks to queue
[2023-08-14T14:37:51.237+0300] {logging_mixin.py:150} INFO - [2023-08-14T14:37:51.236+0300] {dagbag.py:541} INFO - Filling up the DagBag from /home/soamariaka/.local/lib/python3.9/site-packages/airflow/example_dags/plugins/listener_plugin.py
[2023-08-14T14:37:51.241+0300] {processor.py:838} WARNING - No viable dags retrieved from /home/soamariaka/.local/lib/python3.9/site-packages/airflow/example_dags/plugins/listener_plugin.py
[2023-08-14T14:37:51.259+0300] {processor.py:179} INFO - Processing /home/soamariaka/.local/lib/python3.9/site-packages/airflow/example_dags/plugins/listener_plugin.py took 0.031 seconds
[2023-08-14T14:38:55.714+0300] {processor.py:157} INFO - Started process (PID=18265) to work on /home/soamariaka/.local/lib/python3.9/site-packages/airflow/example_dags/plugins/listener_plugin.py
[2023-08-14T14:38:55.731+0300] {processor.py:826} INFO - Processing file /home/soamariaka/.local/lib/python3.9/site-packages/airflow/example_dags/plugins/listener_plugin.py for tasks to queue
[2023-08-14T14:38:55.733+0300] {logging_mixin.py:150} INFO - [2023-08-14T14:38:55.733+0300] {dagbag.py:541} INFO - Filling up the DagBag from /home/soamariaka/.local/lib/python3.9/site-packages/airflow/example_dags/plugins/listener_plugin.py
[2023-08-14T14:38:55.738+0300] {processor.py:838} WARNING - No viable dags retrieved from /home/soamariaka/.local/lib/python3.9/site-packages/airflow/example_dags/plugins/listener_plugin.py
[2023-08-14T14:38:55.755+0300] {processor.py:179} INFO - Processing /home/soamariaka/.local/lib/python3.9/site-packages/airflow/example_dags/plugins/listener_plugin.py took 0.047 seconds
[2023-08-14T14:39:55.620+0300] {processor.py:157} INFO - Started process (PID=18476) to work on /home/soamariaka/.local/lib/python3.9/site-packages/airflow/example_dags/plugins/listener_plugin.py
[2023-08-14T14:39:55.648+0300] {processor.py:826} INFO - Processing file /home/soamariaka/.local/lib/python3.9/site-packages/airflow/example_dags/plugins/listener_plugin.py for tasks to queue
[2023-08-14T14:39:55.649+0300] {logging_mixin.py:150} INFO - [2023-08-14T14:39:55.649+0300] {dagbag.py:541} INFO - Filling up the DagBag from /home/soamariaka/.local/lib/python3.9/site-packages/airflow/example_dags/plugins/listener_plugin.py
[2023-08-14T14:39:55.654+0300] {processor.py:838} WARNING - No viable dags retrieved from /home/soamariaka/.local/lib/python3.9/site-packages/airflow/example_dags/plugins/listener_plugin.py
[2023-08-14T14:39:55.674+0300] {processor.py:179} INFO - Processing /home/soamariaka/.local/lib/python3.9/site-packages/airflow/example_dags/plugins/listener_plugin.py took 0.060 seconds
[2023-08-14T14:40:45.700+0300] {processor.py:157} INFO - Started process (PID=18607) to work on /home/soamariaka/.local/lib/python3.9/site-packages/airflow/example_dags/plugins/listener_plugin.py
[2023-08-14T14:40:45.726+0300] {processor.py:826} INFO - Processing file /home/soamariaka/.local/lib/python3.9/site-packages/airflow/example_dags/plugins/listener_plugin.py for tasks to queue
[2023-08-14T14:40:45.728+0300] {logging_mixin.py:150} INFO - [2023-08-14T14:40:45.727+0300] {dagbag.py:541} INFO - Filling up the DagBag from /home/soamariaka/.local/lib/python3.9/site-packages/airflow/example_dags/plugins/listener_plugin.py
[2023-08-14T14:40:45.733+0300] {processor.py:838} WARNING - No viable dags retrieved from /home/soamariaka/.local/lib/python3.9/site-packages/airflow/example_dags/plugins/listener_plugin.py
[2023-08-14T14:40:45.751+0300] {processor.py:179} INFO - Processing /home/soamariaka/.local/lib/python3.9/site-packages/airflow/example_dags/plugins/listener_plugin.py took 0.056 seconds
