[2023-08-14T13:32:51.205+0300] {processor.py:157} INFO - Started process (PID=10754) to work on /home/soamariaka/.local/lib/python3.9/site-packages/airflow/example_dags/plugins/workday.py
[2023-08-14T13:32:51.206+0300] {processor.py:826} INFO - Processing file /home/soamariaka/.local/lib/python3.9/site-packages/airflow/example_dags/plugins/workday.py for tasks to queue
[2023-08-14T13:32:51.208+0300] {logging_mixin.py:150} INFO - [2023-08-14T13:32:51.207+0300] {dagbag.py:541} INFO - Filling up the DagBag from /home/soamariaka/.local/lib/python3.9/site-packages/airflow/example_dags/plugins/workday.py
[2023-08-14T13:32:58.732+0300] {processor.py:838} WARNING - No viable dags retrieved from /home/soamariaka/.local/lib/python3.9/site-packages/airflow/example_dags/plugins/workday.py
[2023-08-14T13:32:58.789+0300] {processor.py:179} INFO - Processing /home/soamariaka/.local/lib/python3.9/site-packages/airflow/example_dags/plugins/workday.py took 7.590 seconds
[2023-08-14T13:33:59.826+0300] {processor.py:157} INFO - Started process (PID=10810) to work on /home/soamariaka/.local/lib/python3.9/site-packages/airflow/example_dags/plugins/workday.py
[2023-08-14T13:33:59.872+0300] {processor.py:826} INFO - Processing file /home/soamariaka/.local/lib/python3.9/site-packages/airflow/example_dags/plugins/workday.py for tasks to queue
[2023-08-14T13:33:59.874+0300] {logging_mixin.py:150} INFO - [2023-08-14T13:33:59.874+0300] {dagbag.py:541} INFO - Filling up the DagBag from /home/soamariaka/.local/lib/python3.9/site-packages/airflow/example_dags/plugins/workday.py
[2023-08-14T13:34:00.518+0300] {processor.py:838} WARNING - No viable dags retrieved from /home/soamariaka/.local/lib/python3.9/site-packages/airflow/example_dags/plugins/workday.py
[2023-08-14T13:34:00.532+0300] {processor.py:179} INFO - Processing /home/soamariaka/.local/lib/python3.9/site-packages/airflow/example_dags/plugins/workday.py took 0.712 seconds
[2023-08-14T13:34:45.560+0300] {processor.py:157} INFO - Started process (PID=10942) to work on /home/soamariaka/.local/lib/python3.9/site-packages/airflow/example_dags/plugins/workday.py
[2023-08-14T13:34:45.595+0300] {processor.py:826} INFO - Processing file /home/soamariaka/.local/lib/python3.9/site-packages/airflow/example_dags/plugins/workday.py for tasks to queue
[2023-08-14T13:34:45.598+0300] {logging_mixin.py:150} INFO - [2023-08-14T13:34:45.597+0300] {dagbag.py:541} INFO - Filling up the DagBag from /home/soamariaka/.local/lib/python3.9/site-packages/airflow/example_dags/plugins/workday.py
[2023-08-14T13:34:46.884+0300] {processor.py:838} WARNING - No viable dags retrieved from /home/soamariaka/.local/lib/python3.9/site-packages/airflow/example_dags/plugins/workday.py
[2023-08-14T13:34:46.897+0300] {processor.py:179} INFO - Processing /home/soamariaka/.local/lib/python3.9/site-packages/airflow/example_dags/plugins/workday.py took 1.343 seconds
[2023-08-14T13:35:33.539+0300] {processor.py:157} INFO - Started process (PID=11043) to work on /home/soamariaka/.local/lib/python3.9/site-packages/airflow/example_dags/plugins/workday.py
[2023-08-14T13:35:33.570+0300] {processor.py:826} INFO - Processing file /home/soamariaka/.local/lib/python3.9/site-packages/airflow/example_dags/plugins/workday.py for tasks to queue
[2023-08-14T13:35:33.573+0300] {logging_mixin.py:150} INFO - [2023-08-14T13:35:33.572+0300] {dagbag.py:541} INFO - Filling up the DagBag from /home/soamariaka/.local/lib/python3.9/site-packages/airflow/example_dags/plugins/workday.py
[2023-08-14T13:35:34.090+0300] {processor.py:838} WARNING - No viable dags retrieved from /home/soamariaka/.local/lib/python3.9/site-packages/airflow/example_dags/plugins/workday.py
[2023-08-14T13:35:34.103+0300] {processor.py:179} INFO - Processing /home/soamariaka/.local/lib/python3.9/site-packages/airflow/example_dags/plugins/workday.py took 0.572 seconds
[2023-08-14T13:36:35.570+0300] {processor.py:157} INFO - Started process (PID=11099) to work on /home/soamariaka/.local/lib/python3.9/site-packages/airflow/example_dags/plugins/workday.py
[2023-08-14T13:36:35.613+0300] {processor.py:826} INFO - Processing file /home/soamariaka/.local/lib/python3.9/site-packages/airflow/example_dags/plugins/workday.py for tasks to queue
[2023-08-14T13:36:35.615+0300] {logging_mixin.py:150} INFO - [2023-08-14T13:36:35.614+0300] {dagbag.py:541} INFO - Filling up the DagBag from /home/soamariaka/.local/lib/python3.9/site-packages/airflow/example_dags/plugins/workday.py
[2023-08-14T13:36:36.080+0300] {processor.py:838} WARNING - No viable dags retrieved from /home/soamariaka/.local/lib/python3.9/site-packages/airflow/example_dags/plugins/workday.py
[2023-08-14T13:36:36.093+0300] {processor.py:179} INFO - Processing /home/soamariaka/.local/lib/python3.9/site-packages/airflow/example_dags/plugins/workday.py took 0.529 seconds
[2023-08-14T13:37:31.497+0300] {processor.py:157} INFO - Started process (PID=11198) to work on /home/soamariaka/.local/lib/python3.9/site-packages/airflow/example_dags/plugins/workday.py
[2023-08-14T13:37:31.529+0300] {processor.py:826} INFO - Processing file /home/soamariaka/.local/lib/python3.9/site-packages/airflow/example_dags/plugins/workday.py for tasks to queue
[2023-08-14T13:37:31.531+0300] {logging_mixin.py:150} INFO - [2023-08-14T13:37:31.530+0300] {dagbag.py:541} INFO - Filling up the DagBag from /home/soamariaka/.local/lib/python3.9/site-packages/airflow/example_dags/plugins/workday.py
[2023-08-14T13:37:32.065+0300] {processor.py:838} WARNING - No viable dags retrieved from /home/soamariaka/.local/lib/python3.9/site-packages/airflow/example_dags/plugins/workday.py
[2023-08-14T13:37:32.087+0300] {processor.py:179} INFO - Processing /home/soamariaka/.local/lib/python3.9/site-packages/airflow/example_dags/plugins/workday.py took 0.595 seconds
[2023-08-14T13:38:32.802+0300] {processor.py:157} INFO - Started process (PID=11346) to work on /home/soamariaka/.local/lib/python3.9/site-packages/airflow/example_dags/plugins/workday.py
[2023-08-14T13:38:32.851+0300] {processor.py:826} INFO - Processing file /home/soamariaka/.local/lib/python3.9/site-packages/airflow/example_dags/plugins/workday.py for tasks to queue
[2023-08-14T13:38:32.853+0300] {logging_mixin.py:150} INFO - [2023-08-14T13:38:32.852+0300] {dagbag.py:541} INFO - Filling up the DagBag from /home/soamariaka/.local/lib/python3.9/site-packages/airflow/example_dags/plugins/workday.py
[2023-08-14T13:38:33.436+0300] {processor.py:838} WARNING - No viable dags retrieved from /home/soamariaka/.local/lib/python3.9/site-packages/airflow/example_dags/plugins/workday.py
[2023-08-14T13:38:33.460+0300] {processor.py:179} INFO - Processing /home/soamariaka/.local/lib/python3.9/site-packages/airflow/example_dags/plugins/workday.py took 0.665 seconds
[2023-08-14T13:39:39.258+0300] {processor.py:157} INFO - Started process (PID=11437) to work on /home/soamariaka/.local/lib/python3.9/site-packages/airflow/example_dags/plugins/workday.py
[2023-08-14T13:39:39.271+0300] {processor.py:826} INFO - Processing file /home/soamariaka/.local/lib/python3.9/site-packages/airflow/example_dags/plugins/workday.py for tasks to queue
[2023-08-14T13:39:39.273+0300] {logging_mixin.py:150} INFO - [2023-08-14T13:39:39.273+0300] {dagbag.py:541} INFO - Filling up the DagBag from /home/soamariaka/.local/lib/python3.9/site-packages/airflow/example_dags/plugins/workday.py
[2023-08-14T13:39:39.719+0300] {processor.py:838} WARNING - No viable dags retrieved from /home/soamariaka/.local/lib/python3.9/site-packages/airflow/example_dags/plugins/workday.py
[2023-08-14T13:39:39.735+0300] {processor.py:179} INFO - Processing /home/soamariaka/.local/lib/python3.9/site-packages/airflow/example_dags/plugins/workday.py took 0.481 seconds
[2023-08-14T13:40:35.985+0300] {processor.py:157} INFO - Started process (PID=11507) to work on /home/soamariaka/.local/lib/python3.9/site-packages/airflow/example_dags/plugins/workday.py
[2023-08-14T13:40:36.015+0300] {processor.py:826} INFO - Processing file /home/soamariaka/.local/lib/python3.9/site-packages/airflow/example_dags/plugins/workday.py for tasks to queue
[2023-08-14T13:40:36.016+0300] {logging_mixin.py:150} INFO - [2023-08-14T13:40:36.016+0300] {dagbag.py:541} INFO - Filling up the DagBag from /home/soamariaka/.local/lib/python3.9/site-packages/airflow/example_dags/plugins/workday.py
[2023-08-14T13:40:36.514+0300] {processor.py:838} WARNING - No viable dags retrieved from /home/soamariaka/.local/lib/python3.9/site-packages/airflow/example_dags/plugins/workday.py
[2023-08-14T13:40:36.527+0300] {processor.py:179} INFO - Processing /home/soamariaka/.local/lib/python3.9/site-packages/airflow/example_dags/plugins/workday.py took 0.548 seconds
[2023-08-14T13:41:30.010+0300] {processor.py:157} INFO - Started process (PID=11586) to work on /home/soamariaka/.local/lib/python3.9/site-packages/airflow/example_dags/plugins/workday.py
[2023-08-14T13:41:30.041+0300] {processor.py:826} INFO - Processing file /home/soamariaka/.local/lib/python3.9/site-packages/airflow/example_dags/plugins/workday.py for tasks to queue
[2023-08-14T13:41:30.043+0300] {logging_mixin.py:150} INFO - [2023-08-14T13:41:30.042+0300] {dagbag.py:541} INFO - Filling up the DagBag from /home/soamariaka/.local/lib/python3.9/site-packages/airflow/example_dags/plugins/workday.py
[2023-08-14T13:41:30.522+0300] {processor.py:838} WARNING - No viable dags retrieved from /home/soamariaka/.local/lib/python3.9/site-packages/airflow/example_dags/plugins/workday.py
[2023-08-14T13:41:30.535+0300] {processor.py:179} INFO - Processing /home/soamariaka/.local/lib/python3.9/site-packages/airflow/example_dags/plugins/workday.py took 0.531 seconds
[2023-08-14T13:42:26.996+0300] {processor.py:157} INFO - Started process (PID=11636) to work on /home/soamariaka/.local/lib/python3.9/site-packages/airflow/example_dags/plugins/workday.py
[2023-08-14T13:42:27.028+0300] {processor.py:826} INFO - Processing file /home/soamariaka/.local/lib/python3.9/site-packages/airflow/example_dags/plugins/workday.py for tasks to queue
[2023-08-14T13:42:27.029+0300] {logging_mixin.py:150} INFO - [2023-08-14T13:42:27.029+0300] {dagbag.py:541} INFO - Filling up the DagBag from /home/soamariaka/.local/lib/python3.9/site-packages/airflow/example_dags/plugins/workday.py
[2023-08-14T13:42:27.506+0300] {processor.py:838} WARNING - No viable dags retrieved from /home/soamariaka/.local/lib/python3.9/site-packages/airflow/example_dags/plugins/workday.py
[2023-08-14T13:42:27.519+0300] {processor.py:179} INFO - Processing /home/soamariaka/.local/lib/python3.9/site-packages/airflow/example_dags/plugins/workday.py took 0.528 seconds
[2023-08-14T13:43:19.261+0300] {processor.py:157} INFO - Started process (PID=11684) to work on /home/soamariaka/.local/lib/python3.9/site-packages/airflow/example_dags/plugins/workday.py
[2023-08-14T13:43:19.293+0300] {processor.py:826} INFO - Processing file /home/soamariaka/.local/lib/python3.9/site-packages/airflow/example_dags/plugins/workday.py for tasks to queue
[2023-08-14T13:43:19.295+0300] {logging_mixin.py:150} INFO - [2023-08-14T13:43:19.294+0300] {dagbag.py:541} INFO - Filling up the DagBag from /home/soamariaka/.local/lib/python3.9/site-packages/airflow/example_dags/plugins/workday.py
[2023-08-14T13:43:19.729+0300] {processor.py:838} WARNING - No viable dags retrieved from /home/soamariaka/.local/lib/python3.9/site-packages/airflow/example_dags/plugins/workday.py
[2023-08-14T13:43:19.742+0300] {processor.py:179} INFO - Processing /home/soamariaka/.local/lib/python3.9/site-packages/airflow/example_dags/plugins/workday.py took 0.486 seconds
[2023-08-14T13:44:20.862+0300] {processor.py:157} INFO - Started process (PID=11767) to work on /home/soamariaka/.local/lib/python3.9/site-packages/airflow/example_dags/plugins/workday.py
[2023-08-14T13:44:20.881+0300] {processor.py:826} INFO - Processing file /home/soamariaka/.local/lib/python3.9/site-packages/airflow/example_dags/plugins/workday.py for tasks to queue
[2023-08-14T13:44:20.883+0300] {logging_mixin.py:150} INFO - [2023-08-14T13:44:20.882+0300] {dagbag.py:541} INFO - Filling up the DagBag from /home/soamariaka/.local/lib/python3.9/site-packages/airflow/example_dags/plugins/workday.py
[2023-08-14T13:44:21.747+0300] {processor.py:838} WARNING - No viable dags retrieved from /home/soamariaka/.local/lib/python3.9/site-packages/airflow/example_dags/plugins/workday.py
[2023-08-14T13:44:21.760+0300] {processor.py:179} INFO - Processing /home/soamariaka/.local/lib/python3.9/site-packages/airflow/example_dags/plugins/workday.py took 0.904 seconds
[2023-08-14T13:45:28.781+0300] {processor.py:157} INFO - Started process (PID=11843) to work on /home/soamariaka/.local/lib/python3.9/site-packages/airflow/example_dags/plugins/workday.py
[2023-08-14T13:45:28.802+0300] {processor.py:826} INFO - Processing file /home/soamariaka/.local/lib/python3.9/site-packages/airflow/example_dags/plugins/workday.py for tasks to queue
[2023-08-14T13:45:28.804+0300] {logging_mixin.py:150} INFO - [2023-08-14T13:45:28.803+0300] {dagbag.py:541} INFO - Filling up the DagBag from /home/soamariaka/.local/lib/python3.9/site-packages/airflow/example_dags/plugins/workday.py
[2023-08-14T13:45:29.247+0300] {processor.py:838} WARNING - No viable dags retrieved from /home/soamariaka/.local/lib/python3.9/site-packages/airflow/example_dags/plugins/workday.py
[2023-08-14T13:45:29.260+0300] {processor.py:179} INFO - Processing /home/soamariaka/.local/lib/python3.9/site-packages/airflow/example_dags/plugins/workday.py took 0.484 seconds
[2023-08-14T13:46:31.849+0300] {processor.py:157} INFO - Started process (PID=11934) to work on /home/soamariaka/.local/lib/python3.9/site-packages/airflow/example_dags/plugins/workday.py
[2023-08-14T13:46:31.878+0300] {processor.py:826} INFO - Processing file /home/soamariaka/.local/lib/python3.9/site-packages/airflow/example_dags/plugins/workday.py for tasks to queue
[2023-08-14T13:46:31.880+0300] {logging_mixin.py:150} INFO - [2023-08-14T13:46:31.879+0300] {dagbag.py:541} INFO - Filling up the DagBag from /home/soamariaka/.local/lib/python3.9/site-packages/airflow/example_dags/plugins/workday.py
[2023-08-14T13:46:32.309+0300] {processor.py:838} WARNING - No viable dags retrieved from /home/soamariaka/.local/lib/python3.9/site-packages/airflow/example_dags/plugins/workday.py
[2023-08-14T13:46:32.322+0300] {processor.py:179} INFO - Processing /home/soamariaka/.local/lib/python3.9/site-packages/airflow/example_dags/plugins/workday.py took 0.479 seconds
[2023-08-14T13:47:32.604+0300] {processor.py:157} INFO - Started process (PID=11990) to work on /home/soamariaka/.local/lib/python3.9/site-packages/airflow/example_dags/plugins/workday.py
[2023-08-14T13:47:32.633+0300] {processor.py:826} INFO - Processing file /home/soamariaka/.local/lib/python3.9/site-packages/airflow/example_dags/plugins/workday.py for tasks to queue
[2023-08-14T13:47:32.635+0300] {logging_mixin.py:150} INFO - [2023-08-14T13:47:32.634+0300] {dagbag.py:541} INFO - Filling up the DagBag from /home/soamariaka/.local/lib/python3.9/site-packages/airflow/example_dags/plugins/workday.py
[2023-08-14T13:47:33.069+0300] {processor.py:838} WARNING - No viable dags retrieved from /home/soamariaka/.local/lib/python3.9/site-packages/airflow/example_dags/plugins/workday.py
[2023-08-14T13:47:33.083+0300] {processor.py:179} INFO - Processing /home/soamariaka/.local/lib/python3.9/site-packages/airflow/example_dags/plugins/workday.py took 0.484 seconds
[2023-08-14T13:48:34.319+0300] {processor.py:157} INFO - Started process (PID=12083) to work on /home/soamariaka/.local/lib/python3.9/site-packages/airflow/example_dags/plugins/workday.py
[2023-08-14T13:48:34.331+0300] {processor.py:826} INFO - Processing file /home/soamariaka/.local/lib/python3.9/site-packages/airflow/example_dags/plugins/workday.py for tasks to queue
[2023-08-14T13:48:34.333+0300] {logging_mixin.py:150} INFO - [2023-08-14T13:48:34.332+0300] {dagbag.py:541} INFO - Filling up the DagBag from /home/soamariaka/.local/lib/python3.9/site-packages/airflow/example_dags/plugins/workday.py
[2023-08-14T13:48:34.765+0300] {processor.py:838} WARNING - No viable dags retrieved from /home/soamariaka/.local/lib/python3.9/site-packages/airflow/example_dags/plugins/workday.py
[2023-08-14T13:48:34.778+0300] {processor.py:179} INFO - Processing /home/soamariaka/.local/lib/python3.9/site-packages/airflow/example_dags/plugins/workday.py took 0.465 seconds
[2023-08-14T13:49:36.178+0300] {processor.py:157} INFO - Started process (PID=12141) to work on /home/soamariaka/.local/lib/python3.9/site-packages/airflow/example_dags/plugins/workday.py
[2023-08-14T13:49:36.191+0300] {processor.py:826} INFO - Processing file /home/soamariaka/.local/lib/python3.9/site-packages/airflow/example_dags/plugins/workday.py for tasks to queue
[2023-08-14T13:49:36.192+0300] {logging_mixin.py:150} INFO - [2023-08-14T13:49:36.192+0300] {dagbag.py:541} INFO - Filling up the DagBag from /home/soamariaka/.local/lib/python3.9/site-packages/airflow/example_dags/plugins/workday.py
[2023-08-14T13:49:36.624+0300] {processor.py:838} WARNING - No viable dags retrieved from /home/soamariaka/.local/lib/python3.9/site-packages/airflow/example_dags/plugins/workday.py
[2023-08-14T13:49:36.637+0300] {processor.py:179} INFO - Processing /home/soamariaka/.local/lib/python3.9/site-packages/airflow/example_dags/plugins/workday.py took 0.465 seconds
[2023-08-14T13:50:41.337+0300] {processor.py:157} INFO - Started process (PID=12217) to work on /home/soamariaka/.local/lib/python3.9/site-packages/airflow/example_dags/plugins/workday.py
[2023-08-14T13:50:41.356+0300] {processor.py:826} INFO - Processing file /home/soamariaka/.local/lib/python3.9/site-packages/airflow/example_dags/plugins/workday.py for tasks to queue
[2023-08-14T13:50:41.358+0300] {logging_mixin.py:150} INFO - [2023-08-14T13:50:41.357+0300] {dagbag.py:541} INFO - Filling up the DagBag from /home/soamariaka/.local/lib/python3.9/site-packages/airflow/example_dags/plugins/workday.py
[2023-08-14T13:50:41.826+0300] {processor.py:838} WARNING - No viable dags retrieved from /home/soamariaka/.local/lib/python3.9/site-packages/airflow/example_dags/plugins/workday.py
[2023-08-14T13:50:41.839+0300] {processor.py:179} INFO - Processing /home/soamariaka/.local/lib/python3.9/site-packages/airflow/example_dags/plugins/workday.py took 0.508 seconds
[2023-08-14T13:51:46.436+0300] {processor.py:157} INFO - Started process (PID=12311) to work on /home/soamariaka/.local/lib/python3.9/site-packages/airflow/example_dags/plugins/workday.py
[2023-08-14T13:51:46.466+0300] {processor.py:826} INFO - Processing file /home/soamariaka/.local/lib/python3.9/site-packages/airflow/example_dags/plugins/workday.py for tasks to queue
[2023-08-14T13:51:46.468+0300] {logging_mixin.py:150} INFO - [2023-08-14T13:51:46.467+0300] {dagbag.py:541} INFO - Filling up the DagBag from /home/soamariaka/.local/lib/python3.9/site-packages/airflow/example_dags/plugins/workday.py
[2023-08-14T13:51:46.981+0300] {processor.py:838} WARNING - No viable dags retrieved from /home/soamariaka/.local/lib/python3.9/site-packages/airflow/example_dags/plugins/workday.py
[2023-08-14T13:51:46.995+0300] {processor.py:179} INFO - Processing /home/soamariaka/.local/lib/python3.9/site-packages/airflow/example_dags/plugins/workday.py took 0.563 seconds
[2023-08-14T13:52:48.678+0300] {processor.py:157} INFO - Started process (PID=12368) to work on /home/soamariaka/.local/lib/python3.9/site-packages/airflow/example_dags/plugins/workday.py
[2023-08-14T13:52:48.709+0300] {processor.py:826} INFO - Processing file /home/soamariaka/.local/lib/python3.9/site-packages/airflow/example_dags/plugins/workday.py for tasks to queue
[2023-08-14T13:52:48.711+0300] {logging_mixin.py:150} INFO - [2023-08-14T13:52:48.711+0300] {dagbag.py:541} INFO - Filling up the DagBag from /home/soamariaka/.local/lib/python3.9/site-packages/airflow/example_dags/plugins/workday.py
[2023-08-14T13:52:49.400+0300] {processor.py:838} WARNING - No viable dags retrieved from /home/soamariaka/.local/lib/python3.9/site-packages/airflow/example_dags/plugins/workday.py
[2023-08-14T13:52:49.409+0300] {processor.py:179} INFO - Processing /home/soamariaka/.local/lib/python3.9/site-packages/airflow/example_dags/plugins/workday.py took 0.737 seconds
[2023-08-14T13:53:53.364+0300] {processor.py:157} INFO - Started process (PID=12429) to work on /home/soamariaka/.local/lib/python3.9/site-packages/airflow/example_dags/plugins/workday.py
[2023-08-14T13:53:53.386+0300] {processor.py:826} INFO - Processing file /home/soamariaka/.local/lib/python3.9/site-packages/airflow/example_dags/plugins/workday.py for tasks to queue
[2023-08-14T13:53:53.387+0300] {logging_mixin.py:150} INFO - [2023-08-14T13:53:53.387+0300] {dagbag.py:541} INFO - Filling up the DagBag from /home/soamariaka/.local/lib/python3.9/site-packages/airflow/example_dags/plugins/workday.py
[2023-08-14T13:53:53.821+0300] {processor.py:838} WARNING - No viable dags retrieved from /home/soamariaka/.local/lib/python3.9/site-packages/airflow/example_dags/plugins/workday.py
[2023-08-14T13:53:53.835+0300] {processor.py:179} INFO - Processing /home/soamariaka/.local/lib/python3.9/site-packages/airflow/example_dags/plugins/workday.py took 0.477 seconds
[2023-08-14T13:54:58.890+0300] {processor.py:157} INFO - Started process (PID=12537) to work on /home/soamariaka/.local/lib/python3.9/site-packages/airflow/example_dags/plugins/workday.py
[2023-08-14T13:54:58.906+0300] {processor.py:826} INFO - Processing file /home/soamariaka/.local/lib/python3.9/site-packages/airflow/example_dags/plugins/workday.py for tasks to queue
[2023-08-14T13:54:58.908+0300] {logging_mixin.py:150} INFO - [2023-08-14T13:54:58.907+0300] {dagbag.py:541} INFO - Filling up the DagBag from /home/soamariaka/.local/lib/python3.9/site-packages/airflow/example_dags/plugins/workday.py
[2023-08-14T13:54:59.359+0300] {processor.py:838} WARNING - No viable dags retrieved from /home/soamariaka/.local/lib/python3.9/site-packages/airflow/example_dags/plugins/workday.py
[2023-08-14T13:54:59.375+0300] {processor.py:179} INFO - Processing /home/soamariaka/.local/lib/python3.9/site-packages/airflow/example_dags/plugins/workday.py took 0.490 seconds
[2023-08-14T13:56:06.020+0300] {processor.py:157} INFO - Started process (PID=12604) to work on /home/soamariaka/.local/lib/python3.9/site-packages/airflow/example_dags/plugins/workday.py
[2023-08-14T13:56:06.050+0300] {processor.py:826} INFO - Processing file /home/soamariaka/.local/lib/python3.9/site-packages/airflow/example_dags/plugins/workday.py for tasks to queue
[2023-08-14T13:56:06.051+0300] {logging_mixin.py:150} INFO - [2023-08-14T13:56:06.050+0300] {dagbag.py:541} INFO - Filling up the DagBag from /home/soamariaka/.local/lib/python3.9/site-packages/airflow/example_dags/plugins/workday.py
[2023-08-14T13:56:06.615+0300] {processor.py:838} WARNING - No viable dags retrieved from /home/soamariaka/.local/lib/python3.9/site-packages/airflow/example_dags/plugins/workday.py
[2023-08-14T13:56:06.626+0300] {processor.py:179} INFO - Processing /home/soamariaka/.local/lib/python3.9/site-packages/airflow/example_dags/plugins/workday.py took 0.610 seconds
[2023-08-14T13:57:15.504+0300] {processor.py:157} INFO - Started process (PID=12690) to work on /home/soamariaka/.local/lib/python3.9/site-packages/airflow/example_dags/plugins/workday.py
[2023-08-14T13:57:15.526+0300] {processor.py:826} INFO - Processing file /home/soamariaka/.local/lib/python3.9/site-packages/airflow/example_dags/plugins/workday.py for tasks to queue
[2023-08-14T13:57:15.527+0300] {logging_mixin.py:150} INFO - [2023-08-14T13:57:15.527+0300] {dagbag.py:541} INFO - Filling up the DagBag from /home/soamariaka/.local/lib/python3.9/site-packages/airflow/example_dags/plugins/workday.py
[2023-08-14T13:57:15.967+0300] {processor.py:838} WARNING - No viable dags retrieved from /home/soamariaka/.local/lib/python3.9/site-packages/airflow/example_dags/plugins/workday.py
[2023-08-14T13:57:15.980+0300] {processor.py:179} INFO - Processing /home/soamariaka/.local/lib/python3.9/site-packages/airflow/example_dags/plugins/workday.py took 0.479 seconds
[2023-08-14T13:58:17.289+0300] {processor.py:157} INFO - Started process (PID=12748) to work on /home/soamariaka/.local/lib/python3.9/site-packages/airflow/example_dags/plugins/workday.py
[2023-08-14T13:58:17.325+0300] {processor.py:826} INFO - Processing file /home/soamariaka/.local/lib/python3.9/site-packages/airflow/example_dags/plugins/workday.py for tasks to queue
[2023-08-14T13:58:17.326+0300] {logging_mixin.py:150} INFO - [2023-08-14T13:58:17.326+0300] {dagbag.py:541} INFO - Filling up the DagBag from /home/soamariaka/.local/lib/python3.9/site-packages/airflow/example_dags/plugins/workday.py
[2023-08-14T13:58:17.881+0300] {processor.py:838} WARNING - No viable dags retrieved from /home/soamariaka/.local/lib/python3.9/site-packages/airflow/example_dags/plugins/workday.py
[2023-08-14T13:58:17.891+0300] {processor.py:179} INFO - Processing /home/soamariaka/.local/lib/python3.9/site-packages/airflow/example_dags/plugins/workday.py took 0.608 seconds
[2023-08-14T13:59:21.574+0300] {processor.py:157} INFO - Started process (PID=12837) to work on /home/soamariaka/.local/lib/python3.9/site-packages/airflow/example_dags/plugins/workday.py
[2023-08-14T13:59:21.596+0300] {processor.py:826} INFO - Processing file /home/soamariaka/.local/lib/python3.9/site-packages/airflow/example_dags/plugins/workday.py for tasks to queue
[2023-08-14T13:59:21.598+0300] {logging_mixin.py:150} INFO - [2023-08-14T13:59:21.597+0300] {dagbag.py:541} INFO - Filling up the DagBag from /home/soamariaka/.local/lib/python3.9/site-packages/airflow/example_dags/plugins/workday.py
[2023-08-14T13:59:22.202+0300] {processor.py:838} WARNING - No viable dags retrieved from /home/soamariaka/.local/lib/python3.9/site-packages/airflow/example_dags/plugins/workday.py
[2023-08-14T13:59:22.211+0300] {processor.py:179} INFO - Processing /home/soamariaka/.local/lib/python3.9/site-packages/airflow/example_dags/plugins/workday.py took 0.643 seconds
[2023-08-14T14:00:26.873+0300] {processor.py:157} INFO - Started process (PID=12920) to work on /home/soamariaka/.local/lib/python3.9/site-packages/airflow/example_dags/plugins/workday.py
[2023-08-14T14:00:26.895+0300] {processor.py:826} INFO - Processing file /home/soamariaka/.local/lib/python3.9/site-packages/airflow/example_dags/plugins/workday.py for tasks to queue
[2023-08-14T14:00:26.897+0300] {logging_mixin.py:150} INFO - [2023-08-14T14:00:26.896+0300] {dagbag.py:541} INFO - Filling up the DagBag from /home/soamariaka/.local/lib/python3.9/site-packages/airflow/example_dags/plugins/workday.py
[2023-08-14T14:00:27.467+0300] {processor.py:838} WARNING - No viable dags retrieved from /home/soamariaka/.local/lib/python3.9/site-packages/airflow/example_dags/plugins/workday.py
[2023-08-14T14:00:27.476+0300] {processor.py:179} INFO - Processing /home/soamariaka/.local/lib/python3.9/site-packages/airflow/example_dags/plugins/workday.py took 0.608 seconds
[2023-08-14T14:01:28.716+0300] {processor.py:157} INFO - Started process (PID=12977) to work on /home/soamariaka/.local/lib/python3.9/site-packages/airflow/example_dags/plugins/workday.py
[2023-08-14T14:01:28.722+0300] {processor.py:826} INFO - Processing file /home/soamariaka/.local/lib/python3.9/site-packages/airflow/example_dags/plugins/workday.py for tasks to queue
[2023-08-14T14:01:28.744+0300] {logging_mixin.py:150} INFO - [2023-08-14T14:01:28.744+0300] {dagbag.py:541} INFO - Filling up the DagBag from /home/soamariaka/.local/lib/python3.9/site-packages/airflow/example_dags/plugins/workday.py
[2023-08-14T14:01:29.399+0300] {processor.py:838} WARNING - No viable dags retrieved from /home/soamariaka/.local/lib/python3.9/site-packages/airflow/example_dags/plugins/workday.py
[2023-08-14T14:01:29.409+0300] {processor.py:179} INFO - Processing /home/soamariaka/.local/lib/python3.9/site-packages/airflow/example_dags/plugins/workday.py took 0.698 seconds
[2023-08-14T14:04:02.004+0300] {processor.py:157} INFO - Started process (PID=13700) to work on /home/soamariaka/.local/lib/python3.9/site-packages/airflow/example_dags/plugins/workday.py
[2023-08-14T14:04:02.035+0300] {processor.py:826} INFO - Processing file /home/soamariaka/.local/lib/python3.9/site-packages/airflow/example_dags/plugins/workday.py for tasks to queue
[2023-08-14T14:04:02.036+0300] {logging_mixin.py:150} INFO - [2023-08-14T14:04:02.036+0300] {dagbag.py:541} INFO - Filling up the DagBag from /home/soamariaka/.local/lib/python3.9/site-packages/airflow/example_dags/plugins/workday.py
[2023-08-14T14:04:11.679+0300] {processor.py:838} WARNING - No viable dags retrieved from /home/soamariaka/.local/lib/python3.9/site-packages/airflow/example_dags/plugins/workday.py
[2023-08-14T14:04:11.691+0300] {processor.py:179} INFO - Processing /home/soamariaka/.local/lib/python3.9/site-packages/airflow/example_dags/plugins/workday.py took 9.693 seconds
[2023-08-14T14:05:11.937+0300] {processor.py:157} INFO - Started process (PID=13773) to work on /home/soamariaka/.local/lib/python3.9/site-packages/airflow/example_dags/plugins/workday.py
[2023-08-14T14:05:11.984+0300] {processor.py:826} INFO - Processing file /home/soamariaka/.local/lib/python3.9/site-packages/airflow/example_dags/plugins/workday.py for tasks to queue
[2023-08-14T14:05:12.007+0300] {logging_mixin.py:150} INFO - [2023-08-14T14:05:12.006+0300] {dagbag.py:541} INFO - Filling up the DagBag from /home/soamariaka/.local/lib/python3.9/site-packages/airflow/example_dags/plugins/workday.py
[2023-08-14T14:05:13.198+0300] {processor.py:838} WARNING - No viable dags retrieved from /home/soamariaka/.local/lib/python3.9/site-packages/airflow/example_dags/plugins/workday.py
[2023-08-14T14:05:13.207+0300] {processor.py:179} INFO - Processing /home/soamariaka/.local/lib/python3.9/site-packages/airflow/example_dags/plugins/workday.py took 1.276 seconds
[2023-08-14T14:06:37.617+0300] {processor.py:157} INFO - Started process (PID=13848) to work on /home/soamariaka/.local/lib/python3.9/site-packages/airflow/example_dags/plugins/workday.py
[2023-08-14T14:06:37.649+0300] {processor.py:826} INFO - Processing file /home/soamariaka/.local/lib/python3.9/site-packages/airflow/example_dags/plugins/workday.py for tasks to queue
[2023-08-14T14:06:37.651+0300] {logging_mixin.py:150} INFO - [2023-08-14T14:06:37.650+0300] {dagbag.py:541} INFO - Filling up the DagBag from /home/soamariaka/.local/lib/python3.9/site-packages/airflow/example_dags/plugins/workday.py
[2023-08-14T14:06:39.039+0300] {processor.py:838} WARNING - No viable dags retrieved from /home/soamariaka/.local/lib/python3.9/site-packages/airflow/example_dags/plugins/workday.py
[2023-08-14T14:06:39.050+0300] {processor.py:179} INFO - Processing /home/soamariaka/.local/lib/python3.9/site-packages/airflow/example_dags/plugins/workday.py took 1.439 seconds
[2023-08-14T14:08:26.449+0300] {processor.py:157} INFO - Started process (PID=13990) to work on /home/soamariaka/.local/lib/python3.9/site-packages/airflow/example_dags/plugins/workday.py
[2023-08-14T14:08:26.536+0300] {processor.py:826} INFO - Processing file /home/soamariaka/.local/lib/python3.9/site-packages/airflow/example_dags/plugins/workday.py for tasks to queue
[2023-08-14T14:08:26.538+0300] {logging_mixin.py:150} INFO - [2023-08-14T14:08:26.537+0300] {dagbag.py:541} INFO - Filling up the DagBag from /home/soamariaka/.local/lib/python3.9/site-packages/airflow/example_dags/plugins/workday.py
[2023-08-14T14:08:36.385+0300] {processor.py:838} WARNING - No viable dags retrieved from /home/soamariaka/.local/lib/python3.9/site-packages/airflow/example_dags/plugins/workday.py
[2023-08-14T14:08:36.403+0300] {processor.py:179} INFO - Processing /home/soamariaka/.local/lib/python3.9/site-packages/airflow/example_dags/plugins/workday.py took 9.959 seconds
[2023-08-14T14:09:50.724+0300] {processor.py:157} INFO - Started process (PID=14109) to work on /home/soamariaka/.local/lib/python3.9/site-packages/airflow/example_dags/plugins/workday.py
[2023-08-14T14:09:50.756+0300] {processor.py:826} INFO - Processing file /home/soamariaka/.local/lib/python3.9/site-packages/airflow/example_dags/plugins/workday.py for tasks to queue
[2023-08-14T14:09:50.758+0300] {logging_mixin.py:150} INFO - [2023-08-14T14:09:50.757+0300] {dagbag.py:541} INFO - Filling up the DagBag from /home/soamariaka/.local/lib/python3.9/site-packages/airflow/example_dags/plugins/workday.py
[2023-08-14T14:09:51.363+0300] {processor.py:838} WARNING - No viable dags retrieved from /home/soamariaka/.local/lib/python3.9/site-packages/airflow/example_dags/plugins/workday.py
[2023-08-14T14:09:51.372+0300] {processor.py:179} INFO - Processing /home/soamariaka/.local/lib/python3.9/site-packages/airflow/example_dags/plugins/workday.py took 0.654 seconds
[2023-08-14T14:10:41.476+0300] {processor.py:157} INFO - Started process (PID=14914) to work on /home/soamariaka/.local/lib/python3.9/site-packages/airflow/example_dags/plugins/workday.py
[2023-08-14T14:10:41.488+0300] {processor.py:826} INFO - Processing file /home/soamariaka/.local/lib/python3.9/site-packages/airflow/example_dags/plugins/workday.py for tasks to queue
[2023-08-14T14:10:41.490+0300] {logging_mixin.py:150} INFO - [2023-08-14T14:10:41.489+0300] {dagbag.py:541} INFO - Filling up the DagBag from /home/soamariaka/.local/lib/python3.9/site-packages/airflow/example_dags/plugins/workday.py
[2023-08-14T14:10:42.074+0300] {processor.py:838} WARNING - No viable dags retrieved from /home/soamariaka/.local/lib/python3.9/site-packages/airflow/example_dags/plugins/workday.py
[2023-08-14T14:10:42.084+0300] {processor.py:179} INFO - Processing /home/soamariaka/.local/lib/python3.9/site-packages/airflow/example_dags/plugins/workday.py took 0.612 seconds
[2023-08-14T14:11:46.629+0300] {processor.py:157} INFO - Started process (PID=15087) to work on /home/soamariaka/.local/lib/python3.9/site-packages/airflow/example_dags/plugins/workday.py
[2023-08-14T14:11:46.665+0300] {processor.py:826} INFO - Processing file /home/soamariaka/.local/lib/python3.9/site-packages/airflow/example_dags/plugins/workday.py for tasks to queue
[2023-08-14T14:11:46.667+0300] {logging_mixin.py:150} INFO - [2023-08-14T14:11:46.667+0300] {dagbag.py:541} INFO - Filling up the DagBag from /home/soamariaka/.local/lib/python3.9/site-packages/airflow/example_dags/plugins/workday.py
[2023-08-14T14:11:47.400+0300] {processor.py:838} WARNING - No viable dags retrieved from /home/soamariaka/.local/lib/python3.9/site-packages/airflow/example_dags/plugins/workday.py
[2023-08-14T14:11:47.409+0300] {processor.py:179} INFO - Processing /home/soamariaka/.local/lib/python3.9/site-packages/airflow/example_dags/plugins/workday.py took 0.786 seconds
[2023-08-14T14:12:30.512+0300] {processor.py:157} INFO - Started process (PID=15149) to work on /home/soamariaka/.local/lib/python3.9/site-packages/airflow/example_dags/plugins/workday.py
[2023-08-14T14:12:30.531+0300] {processor.py:826} INFO - Processing file /home/soamariaka/.local/lib/python3.9/site-packages/airflow/example_dags/plugins/workday.py for tasks to queue
[2023-08-14T14:12:30.533+0300] {logging_mixin.py:150} INFO - [2023-08-14T14:12:30.532+0300] {dagbag.py:541} INFO - Filling up the DagBag from /home/soamariaka/.local/lib/python3.9/site-packages/airflow/example_dags/plugins/workday.py
[2023-08-14T14:12:31.087+0300] {processor.py:838} WARNING - No viable dags retrieved from /home/soamariaka/.local/lib/python3.9/site-packages/airflow/example_dags/plugins/workday.py
[2023-08-14T14:12:31.097+0300] {processor.py:179} INFO - Processing /home/soamariaka/.local/lib/python3.9/site-packages/airflow/example_dags/plugins/workday.py took 0.591 seconds
[2023-08-14T14:13:28.805+0300] {processor.py:157} INFO - Started process (PID=15276) to work on /home/soamariaka/.local/lib/python3.9/site-packages/airflow/example_dags/plugins/workday.py
[2023-08-14T14:13:28.829+0300] {processor.py:826} INFO - Processing file /home/soamariaka/.local/lib/python3.9/site-packages/airflow/example_dags/plugins/workday.py for tasks to queue
[2023-08-14T14:13:28.831+0300] {logging_mixin.py:150} INFO - [2023-08-14T14:13:28.830+0300] {dagbag.py:541} INFO - Filling up the DagBag from /home/soamariaka/.local/lib/python3.9/site-packages/airflow/example_dags/plugins/workday.py
[2023-08-14T14:13:29.572+0300] {processor.py:838} WARNING - No viable dags retrieved from /home/soamariaka/.local/lib/python3.9/site-packages/airflow/example_dags/plugins/workday.py
[2023-08-14T14:13:29.583+0300] {processor.py:179} INFO - Processing /home/soamariaka/.local/lib/python3.9/site-packages/airflow/example_dags/plugins/workday.py took 0.786 seconds
[2023-08-14T14:14:32.701+0300] {processor.py:157} INFO - Started process (PID=15366) to work on /home/soamariaka/.local/lib/python3.9/site-packages/airflow/example_dags/plugins/workday.py
[2023-08-14T14:14:32.717+0300] {processor.py:826} INFO - Processing file /home/soamariaka/.local/lib/python3.9/site-packages/airflow/example_dags/plugins/workday.py for tasks to queue
[2023-08-14T14:14:32.719+0300] {logging_mixin.py:150} INFO - [2023-08-14T14:14:32.718+0300] {dagbag.py:541} INFO - Filling up the DagBag from /home/soamariaka/.local/lib/python3.9/site-packages/airflow/example_dags/plugins/workday.py
[2023-08-14T14:14:35.327+0300] {processor.py:838} WARNING - No viable dags retrieved from /home/soamariaka/.local/lib/python3.9/site-packages/airflow/example_dags/plugins/workday.py
[2023-08-14T14:14:35.336+0300] {processor.py:179} INFO - Processing /home/soamariaka/.local/lib/python3.9/site-packages/airflow/example_dags/plugins/workday.py took 2.640 seconds
[2023-08-14T14:15:33.640+0300] {processor.py:157} INFO - Started process (PID=15540) to work on /home/soamariaka/.local/lib/python3.9/site-packages/airflow/example_dags/plugins/workday.py
[2023-08-14T14:15:33.674+0300] {processor.py:826} INFO - Processing file /home/soamariaka/.local/lib/python3.9/site-packages/airflow/example_dags/plugins/workday.py for tasks to queue
[2023-08-14T14:15:33.676+0300] {logging_mixin.py:150} INFO - [2023-08-14T14:15:33.675+0300] {dagbag.py:541} INFO - Filling up the DagBag from /home/soamariaka/.local/lib/python3.9/site-packages/airflow/example_dags/plugins/workday.py
[2023-08-14T14:15:34.510+0300] {processor.py:838} WARNING - No viable dags retrieved from /home/soamariaka/.local/lib/python3.9/site-packages/airflow/example_dags/plugins/workday.py
[2023-08-14T14:15:34.519+0300] {processor.py:179} INFO - Processing /home/soamariaka/.local/lib/python3.9/site-packages/airflow/example_dags/plugins/workday.py took 0.885 seconds
[2023-08-14T14:16:38.129+0300] {processor.py:157} INFO - Started process (PID=15637) to work on /home/soamariaka/.local/lib/python3.9/site-packages/airflow/example_dags/plugins/workday.py
[2023-08-14T14:16:38.162+0300] {processor.py:826} INFO - Processing file /home/soamariaka/.local/lib/python3.9/site-packages/airflow/example_dags/plugins/workday.py for tasks to queue
[2023-08-14T14:16:38.163+0300] {logging_mixin.py:150} INFO - [2023-08-14T14:16:38.163+0300] {dagbag.py:541} INFO - Filling up the DagBag from /home/soamariaka/.local/lib/python3.9/site-packages/airflow/example_dags/plugins/workday.py
[2023-08-14T14:16:38.741+0300] {processor.py:838} WARNING - No viable dags retrieved from /home/soamariaka/.local/lib/python3.9/site-packages/airflow/example_dags/plugins/workday.py
[2023-08-14T14:16:38.751+0300] {processor.py:179} INFO - Processing /home/soamariaka/.local/lib/python3.9/site-packages/airflow/example_dags/plugins/workday.py took 0.627 seconds
[2023-08-14T14:17:45.644+0300] {processor.py:157} INFO - Started process (PID=15741) to work on /home/soamariaka/.local/lib/python3.9/site-packages/airflow/example_dags/plugins/workday.py
[2023-08-14T14:17:45.660+0300] {processor.py:826} INFO - Processing file /home/soamariaka/.local/lib/python3.9/site-packages/airflow/example_dags/plugins/workday.py for tasks to queue
[2023-08-14T14:17:45.662+0300] {logging_mixin.py:150} INFO - [2023-08-14T14:17:45.662+0300] {dagbag.py:541} INFO - Filling up the DagBag from /home/soamariaka/.local/lib/python3.9/site-packages/airflow/example_dags/plugins/workday.py
[2023-08-14T14:17:46.698+0300] {processor.py:838} WARNING - No viable dags retrieved from /home/soamariaka/.local/lib/python3.9/site-packages/airflow/example_dags/plugins/workday.py
[2023-08-14T14:17:46.707+0300] {processor.py:179} INFO - Processing /home/soamariaka/.local/lib/python3.9/site-packages/airflow/example_dags/plugins/workday.py took 1.069 seconds
[2023-08-14T14:19:05.451+0300] {processor.py:157} INFO - Started process (PID=15933) to work on /home/soamariaka/.local/lib/python3.9/site-packages/airflow/example_dags/plugins/workday.py
[2023-08-14T14:19:05.481+0300] {processor.py:826} INFO - Processing file /home/soamariaka/.local/lib/python3.9/site-packages/airflow/example_dags/plugins/workday.py for tasks to queue
[2023-08-14T14:19:05.483+0300] {logging_mixin.py:150} INFO - [2023-08-14T14:19:05.482+0300] {dagbag.py:541} INFO - Filling up the DagBag from /home/soamariaka/.local/lib/python3.9/site-packages/airflow/example_dags/plugins/workday.py
[2023-08-14T14:19:06.229+0300] {processor.py:838} WARNING - No viable dags retrieved from /home/soamariaka/.local/lib/python3.9/site-packages/airflow/example_dags/plugins/workday.py
[2023-08-14T14:19:06.240+0300] {processor.py:179} INFO - Processing /home/soamariaka/.local/lib/python3.9/site-packages/airflow/example_dags/plugins/workday.py took 0.794 seconds
[2023-08-14T14:20:08.102+0300] {processor.py:157} INFO - Started process (PID=16010) to work on /home/soamariaka/.local/lib/python3.9/site-packages/airflow/example_dags/plugins/workday.py
[2023-08-14T14:20:08.123+0300] {processor.py:826} INFO - Processing file /home/soamariaka/.local/lib/python3.9/site-packages/airflow/example_dags/plugins/workday.py for tasks to queue
[2023-08-14T14:20:08.124+0300] {logging_mixin.py:150} INFO - [2023-08-14T14:20:08.124+0300] {dagbag.py:541} INFO - Filling up the DagBag from /home/soamariaka/.local/lib/python3.9/site-packages/airflow/example_dags/plugins/workday.py
[2023-08-14T14:20:08.704+0300] {processor.py:838} WARNING - No viable dags retrieved from /home/soamariaka/.local/lib/python3.9/site-packages/airflow/example_dags/plugins/workday.py
[2023-08-14T14:20:08.713+0300] {processor.py:179} INFO - Processing /home/soamariaka/.local/lib/python3.9/site-packages/airflow/example_dags/plugins/workday.py took 0.616 seconds
[2023-08-14T14:21:45.085+0300] {processor.py:157} INFO - Started process (PID=16106) to work on /home/soamariaka/.local/lib/python3.9/site-packages/airflow/example_dags/plugins/workday.py
[2023-08-14T14:21:45.121+0300] {processor.py:826} INFO - Processing file /home/soamariaka/.local/lib/python3.9/site-packages/airflow/example_dags/plugins/workday.py for tasks to queue
[2023-08-14T14:21:45.122+0300] {logging_mixin.py:150} INFO - [2023-08-14T14:21:45.122+0300] {dagbag.py:541} INFO - Filling up the DagBag from /home/soamariaka/.local/lib/python3.9/site-packages/airflow/example_dags/plugins/workday.py
[2023-08-14T14:21:45.668+0300] {processor.py:838} WARNING - No viable dags retrieved from /home/soamariaka/.local/lib/python3.9/site-packages/airflow/example_dags/plugins/workday.py
[2023-08-14T14:21:45.677+0300] {processor.py:179} INFO - Processing /home/soamariaka/.local/lib/python3.9/site-packages/airflow/example_dags/plugins/workday.py took 0.597 seconds
[2023-08-14T14:22:44.705+0300] {processor.py:157} INFO - Started process (PID=16163) to work on /home/soamariaka/.local/lib/python3.9/site-packages/airflow/example_dags/plugins/workday.py
[2023-08-14T14:22:44.742+0300] {processor.py:826} INFO - Processing file /home/soamariaka/.local/lib/python3.9/site-packages/airflow/example_dags/plugins/workday.py for tasks to queue
[2023-08-14T14:22:44.743+0300] {logging_mixin.py:150} INFO - [2023-08-14T14:22:44.743+0300] {dagbag.py:541} INFO - Filling up the DagBag from /home/soamariaka/.local/lib/python3.9/site-packages/airflow/example_dags/plugins/workday.py
[2023-08-14T14:22:45.298+0300] {processor.py:838} WARNING - No viable dags retrieved from /home/soamariaka/.local/lib/python3.9/site-packages/airflow/example_dags/plugins/workday.py
[2023-08-14T14:22:45.307+0300] {processor.py:179} INFO - Processing /home/soamariaka/.local/lib/python3.9/site-packages/airflow/example_dags/plugins/workday.py took 0.608 seconds
[2023-08-14T14:23:48.220+0300] {processor.py:157} INFO - Started process (PID=16230) to work on /home/soamariaka/.local/lib/python3.9/site-packages/airflow/example_dags/plugins/workday.py
[2023-08-14T14:23:48.251+0300] {processor.py:826} INFO - Processing file /home/soamariaka/.local/lib/python3.9/site-packages/airflow/example_dags/plugins/workday.py for tasks to queue
[2023-08-14T14:23:48.253+0300] {logging_mixin.py:150} INFO - [2023-08-14T14:23:48.253+0300] {dagbag.py:541} INFO - Filling up the DagBag from /home/soamariaka/.local/lib/python3.9/site-packages/airflow/example_dags/plugins/workday.py
[2023-08-14T14:23:48.803+0300] {processor.py:838} WARNING - No viable dags retrieved from /home/soamariaka/.local/lib/python3.9/site-packages/airflow/example_dags/plugins/workday.py
[2023-08-14T14:23:48.813+0300] {processor.py:179} INFO - Processing /home/soamariaka/.local/lib/python3.9/site-packages/airflow/example_dags/plugins/workday.py took 0.599 seconds
[2023-08-14T14:24:44.897+0300] {processor.py:157} INFO - Started process (PID=16506) to work on /home/soamariaka/.local/lib/python3.9/site-packages/airflow/example_dags/plugins/workday.py
[2023-08-14T14:24:44.934+0300] {processor.py:826} INFO - Processing file /home/soamariaka/.local/lib/python3.9/site-packages/airflow/example_dags/plugins/workday.py for tasks to queue
[2023-08-14T14:24:44.935+0300] {logging_mixin.py:150} INFO - [2023-08-14T14:24:44.935+0300] {dagbag.py:541} INFO - Filling up the DagBag from /home/soamariaka/.local/lib/python3.9/site-packages/airflow/example_dags/plugins/workday.py
[2023-08-14T14:24:45.476+0300] {processor.py:838} WARNING - No viable dags retrieved from /home/soamariaka/.local/lib/python3.9/site-packages/airflow/example_dags/plugins/workday.py
[2023-08-14T14:24:45.486+0300] {processor.py:179} INFO - Processing /home/soamariaka/.local/lib/python3.9/site-packages/airflow/example_dags/plugins/workday.py took 0.594 seconds
[2023-08-14T14:25:46.933+0300] {processor.py:157} INFO - Started process (PID=16655) to work on /home/soamariaka/.local/lib/python3.9/site-packages/airflow/example_dags/plugins/workday.py
[2023-08-14T14:25:46.966+0300] {processor.py:826} INFO - Processing file /home/soamariaka/.local/lib/python3.9/site-packages/airflow/example_dags/plugins/workday.py for tasks to queue
[2023-08-14T14:25:46.968+0300] {logging_mixin.py:150} INFO - [2023-08-14T14:25:46.967+0300] {dagbag.py:541} INFO - Filling up the DagBag from /home/soamariaka/.local/lib/python3.9/site-packages/airflow/example_dags/plugins/workday.py
[2023-08-14T14:25:47.515+0300] {processor.py:838} WARNING - No viable dags retrieved from /home/soamariaka/.local/lib/python3.9/site-packages/airflow/example_dags/plugins/workday.py
[2023-08-14T14:25:47.524+0300] {processor.py:179} INFO - Processing /home/soamariaka/.local/lib/python3.9/site-packages/airflow/example_dags/plugins/workday.py took 0.597 seconds
[2023-08-14T14:26:44.872+0300] {processor.py:157} INFO - Started process (PID=16741) to work on /home/soamariaka/.local/lib/python3.9/site-packages/airflow/example_dags/plugins/workday.py
[2023-08-14T14:26:44.898+0300] {processor.py:826} INFO - Processing file /home/soamariaka/.local/lib/python3.9/site-packages/airflow/example_dags/plugins/workday.py for tasks to queue
[2023-08-14T14:26:44.900+0300] {logging_mixin.py:150} INFO - [2023-08-14T14:26:44.899+0300] {dagbag.py:541} INFO - Filling up the DagBag from /home/soamariaka/.local/lib/python3.9/site-packages/airflow/example_dags/plugins/workday.py
[2023-08-14T14:26:45.449+0300] {processor.py:838} WARNING - No viable dags retrieved from /home/soamariaka/.local/lib/python3.9/site-packages/airflow/example_dags/plugins/workday.py
[2023-08-14T14:26:45.458+0300] {processor.py:179} INFO - Processing /home/soamariaka/.local/lib/python3.9/site-packages/airflow/example_dags/plugins/workday.py took 0.591 seconds
[2023-08-14T14:27:46.397+0300] {processor.py:157} INFO - Started process (PID=16867) to work on /home/soamariaka/.local/lib/python3.9/site-packages/airflow/example_dags/plugins/workday.py
[2023-08-14T14:27:46.430+0300] {processor.py:826} INFO - Processing file /home/soamariaka/.local/lib/python3.9/site-packages/airflow/example_dags/plugins/workday.py for tasks to queue
[2023-08-14T14:27:46.432+0300] {logging_mixin.py:150} INFO - [2023-08-14T14:27:46.431+0300] {dagbag.py:541} INFO - Filling up the DagBag from /home/soamariaka/.local/lib/python3.9/site-packages/airflow/example_dags/plugins/workday.py
[2023-08-14T14:27:46.984+0300] {processor.py:838} WARNING - No viable dags retrieved from /home/soamariaka/.local/lib/python3.9/site-packages/airflow/example_dags/plugins/workday.py
[2023-08-14T14:27:46.993+0300] {processor.py:179} INFO - Processing /home/soamariaka/.local/lib/python3.9/site-packages/airflow/example_dags/plugins/workday.py took 0.602 seconds
[2023-08-14T14:28:50.632+0300] {processor.py:157} INFO - Started process (PID=17022) to work on /home/soamariaka/.local/lib/python3.9/site-packages/airflow/example_dags/plugins/workday.py
[2023-08-14T14:28:50.666+0300] {processor.py:826} INFO - Processing file /home/soamariaka/.local/lib/python3.9/site-packages/airflow/example_dags/plugins/workday.py for tasks to queue
[2023-08-14T14:28:50.668+0300] {logging_mixin.py:150} INFO - [2023-08-14T14:28:50.667+0300] {dagbag.py:541} INFO - Filling up the DagBag from /home/soamariaka/.local/lib/python3.9/site-packages/airflow/example_dags/plugins/workday.py
[2023-08-14T14:28:51.222+0300] {processor.py:838} WARNING - No viable dags retrieved from /home/soamariaka/.local/lib/python3.9/site-packages/airflow/example_dags/plugins/workday.py
[2023-08-14T14:28:51.232+0300] {processor.py:179} INFO - Processing /home/soamariaka/.local/lib/python3.9/site-packages/airflow/example_dags/plugins/workday.py took 0.605 seconds
[2023-08-14T14:29:49.193+0300] {processor.py:157} INFO - Started process (PID=17139) to work on /home/soamariaka/.local/lib/python3.9/site-packages/airflow/example_dags/plugins/workday.py
[2023-08-14T14:29:49.220+0300] {processor.py:826} INFO - Processing file /home/soamariaka/.local/lib/python3.9/site-packages/airflow/example_dags/plugins/workday.py for tasks to queue
[2023-08-14T14:29:49.222+0300] {logging_mixin.py:150} INFO - [2023-08-14T14:29:49.221+0300] {dagbag.py:541} INFO - Filling up the DagBag from /home/soamariaka/.local/lib/python3.9/site-packages/airflow/example_dags/plugins/workday.py
[2023-08-14T14:29:49.786+0300] {processor.py:838} WARNING - No viable dags retrieved from /home/soamariaka/.local/lib/python3.9/site-packages/airflow/example_dags/plugins/workday.py
[2023-08-14T14:29:49.795+0300] {processor.py:179} INFO - Processing /home/soamariaka/.local/lib/python3.9/site-packages/airflow/example_dags/plugins/workday.py took 0.608 seconds
[2023-08-14T14:30:42.325+0300] {processor.py:157} INFO - Started process (PID=17244) to work on /home/soamariaka/.local/lib/python3.9/site-packages/airflow/example_dags/plugins/workday.py
[2023-08-14T14:30:42.361+0300] {processor.py:826} INFO - Processing file /home/soamariaka/.local/lib/python3.9/site-packages/airflow/example_dags/plugins/workday.py for tasks to queue
[2023-08-14T14:30:42.363+0300] {logging_mixin.py:150} INFO - [2023-08-14T14:30:42.362+0300] {dagbag.py:541} INFO - Filling up the DagBag from /home/soamariaka/.local/lib/python3.9/site-packages/airflow/example_dags/plugins/workday.py
[2023-08-14T14:30:42.911+0300] {processor.py:838} WARNING - No viable dags retrieved from /home/soamariaka/.local/lib/python3.9/site-packages/airflow/example_dags/plugins/workday.py
[2023-08-14T14:30:42.920+0300] {processor.py:179} INFO - Processing /home/soamariaka/.local/lib/python3.9/site-packages/airflow/example_dags/plugins/workday.py took 0.601 seconds
[2023-08-14T14:31:41.456+0300] {processor.py:157} INFO - Started process (PID=17330) to work on /home/soamariaka/.local/lib/python3.9/site-packages/airflow/example_dags/plugins/workday.py
[2023-08-14T14:31:41.490+0300] {processor.py:826} INFO - Processing file /home/soamariaka/.local/lib/python3.9/site-packages/airflow/example_dags/plugins/workday.py for tasks to queue
[2023-08-14T14:31:41.491+0300] {logging_mixin.py:150} INFO - [2023-08-14T14:31:41.491+0300] {dagbag.py:541} INFO - Filling up the DagBag from /home/soamariaka/.local/lib/python3.9/site-packages/airflow/example_dags/plugins/workday.py
[2023-08-14T14:31:42.052+0300] {processor.py:838} WARNING - No viable dags retrieved from /home/soamariaka/.local/lib/python3.9/site-packages/airflow/example_dags/plugins/workday.py
[2023-08-14T14:31:42.061+0300] {processor.py:179} INFO - Processing /home/soamariaka/.local/lib/python3.9/site-packages/airflow/example_dags/plugins/workday.py took 0.610 seconds
[2023-08-14T14:32:40.085+0300] {processor.py:157} INFO - Started process (PID=17450) to work on /home/soamariaka/.local/lib/python3.9/site-packages/airflow/example_dags/plugins/workday.py
[2023-08-14T14:32:40.117+0300] {processor.py:826} INFO - Processing file /home/soamariaka/.local/lib/python3.9/site-packages/airflow/example_dags/plugins/workday.py for tasks to queue
[2023-08-14T14:32:40.119+0300] {logging_mixin.py:150} INFO - [2023-08-14T14:32:40.118+0300] {dagbag.py:541} INFO - Filling up the DagBag from /home/soamariaka/.local/lib/python3.9/site-packages/airflow/example_dags/plugins/workday.py
[2023-08-14T14:32:40.682+0300] {processor.py:838} WARNING - No viable dags retrieved from /home/soamariaka/.local/lib/python3.9/site-packages/airflow/example_dags/plugins/workday.py
[2023-08-14T14:32:40.692+0300] {processor.py:179} INFO - Processing /home/soamariaka/.local/lib/python3.9/site-packages/airflow/example_dags/plugins/workday.py took 0.612 seconds
[2023-08-14T14:33:40.229+0300] {processor.py:157} INFO - Started process (PID=17569) to work on /home/soamariaka/.local/lib/python3.9/site-packages/airflow/example_dags/plugins/workday.py
[2023-08-14T14:33:40.266+0300] {processor.py:826} INFO - Processing file /home/soamariaka/.local/lib/python3.9/site-packages/airflow/example_dags/plugins/workday.py for tasks to queue
[2023-08-14T14:33:40.268+0300] {logging_mixin.py:150} INFO - [2023-08-14T14:33:40.267+0300] {dagbag.py:541} INFO - Filling up the DagBag from /home/soamariaka/.local/lib/python3.9/site-packages/airflow/example_dags/plugins/workday.py
[2023-08-14T14:33:40.818+0300] {processor.py:838} WARNING - No viable dags retrieved from /home/soamariaka/.local/lib/python3.9/site-packages/airflow/example_dags/plugins/workday.py
[2023-08-14T14:33:40.827+0300] {processor.py:179} INFO - Processing /home/soamariaka/.local/lib/python3.9/site-packages/airflow/example_dags/plugins/workday.py took 0.603 seconds
[2023-08-14T14:34:39.776+0300] {processor.py:157} INFO - Started process (PID=17681) to work on /home/soamariaka/.local/lib/python3.9/site-packages/airflow/example_dags/plugins/workday.py
[2023-08-14T14:34:39.803+0300] {processor.py:826} INFO - Processing file /home/soamariaka/.local/lib/python3.9/site-packages/airflow/example_dags/plugins/workday.py for tasks to queue
[2023-08-14T14:34:39.805+0300] {logging_mixin.py:150} INFO - [2023-08-14T14:34:39.804+0300] {dagbag.py:541} INFO - Filling up the DagBag from /home/soamariaka/.local/lib/python3.9/site-packages/airflow/example_dags/plugins/workday.py
[2023-08-14T14:34:40.447+0300] {processor.py:838} WARNING - No viable dags retrieved from /home/soamariaka/.local/lib/python3.9/site-packages/airflow/example_dags/plugins/workday.py
[2023-08-14T14:34:40.456+0300] {processor.py:179} INFO - Processing /home/soamariaka/.local/lib/python3.9/site-packages/airflow/example_dags/plugins/workday.py took 0.685 seconds
[2023-08-14T14:35:27.812+0300] {processor.py:157} INFO - Started process (PID=17842) to work on /home/soamariaka/.local/lib/python3.9/site-packages/airflow/example_dags/plugins/workday.py
[2023-08-14T14:35:27.850+0300] {processor.py:826} INFO - Processing file /home/soamariaka/.local/lib/python3.9/site-packages/airflow/example_dags/plugins/workday.py for tasks to queue
[2023-08-14T14:35:27.852+0300] {logging_mixin.py:150} INFO - [2023-08-14T14:35:27.851+0300] {dagbag.py:541} INFO - Filling up the DagBag from /home/soamariaka/.local/lib/python3.9/site-packages/airflow/example_dags/plugins/workday.py
[2023-08-14T14:35:28.405+0300] {processor.py:838} WARNING - No viable dags retrieved from /home/soamariaka/.local/lib/python3.9/site-packages/airflow/example_dags/plugins/workday.py
[2023-08-14T14:35:28.415+0300] {processor.py:179} INFO - Processing /home/soamariaka/.local/lib/python3.9/site-packages/airflow/example_dags/plugins/workday.py took 0.608 seconds
[2023-08-14T14:36:39.606+0300] {processor.py:157} INFO - Started process (PID=17982) to work on /home/soamariaka/.local/lib/python3.9/site-packages/airflow/example_dags/plugins/workday.py
[2023-08-14T14:36:39.631+0300] {processor.py:826} INFO - Processing file /home/soamariaka/.local/lib/python3.9/site-packages/airflow/example_dags/plugins/workday.py for tasks to queue
[2023-08-14T14:36:39.633+0300] {logging_mixin.py:150} INFO - [2023-08-14T14:36:39.633+0300] {dagbag.py:541} INFO - Filling up the DagBag from /home/soamariaka/.local/lib/python3.9/site-packages/airflow/example_dags/plugins/workday.py
[2023-08-14T14:36:40.183+0300] {processor.py:838} WARNING - No viable dags retrieved from /home/soamariaka/.local/lib/python3.9/site-packages/airflow/example_dags/plugins/workday.py
[2023-08-14T14:36:40.192+0300] {processor.py:179} INFO - Processing /home/soamariaka/.local/lib/python3.9/site-packages/airflow/example_dags/plugins/workday.py took 0.592 seconds
[2023-08-14T14:37:49.441+0300] {processor.py:157} INFO - Started process (PID=18140) to work on /home/soamariaka/.local/lib/python3.9/site-packages/airflow/example_dags/plugins/workday.py
[2023-08-14T14:37:49.470+0300] {processor.py:826} INFO - Processing file /home/soamariaka/.local/lib/python3.9/site-packages/airflow/example_dags/plugins/workday.py for tasks to queue
[2023-08-14T14:37:49.472+0300] {logging_mixin.py:150} INFO - [2023-08-14T14:37:49.471+0300] {dagbag.py:541} INFO - Filling up the DagBag from /home/soamariaka/.local/lib/python3.9/site-packages/airflow/example_dags/plugins/workday.py
[2023-08-14T14:37:50.024+0300] {processor.py:838} WARNING - No viable dags retrieved from /home/soamariaka/.local/lib/python3.9/site-packages/airflow/example_dags/plugins/workday.py
[2023-08-14T14:37:50.033+0300] {processor.py:179} INFO - Processing /home/soamariaka/.local/lib/python3.9/site-packages/airflow/example_dags/plugins/workday.py took 0.598 seconds
[2023-08-14T14:38:53.543+0300] {processor.py:157} INFO - Started process (PID=18261) to work on /home/soamariaka/.local/lib/python3.9/site-packages/airflow/example_dags/plugins/workday.py
[2023-08-14T14:38:53.561+0300] {processor.py:826} INFO - Processing file /home/soamariaka/.local/lib/python3.9/site-packages/airflow/example_dags/plugins/workday.py for tasks to queue
[2023-08-14T14:38:53.563+0300] {logging_mixin.py:150} INFO - [2023-08-14T14:38:53.563+0300] {dagbag.py:541} INFO - Filling up the DagBag from /home/soamariaka/.local/lib/python3.9/site-packages/airflow/example_dags/plugins/workday.py
[2023-08-14T14:38:54.308+0300] {processor.py:838} WARNING - No viable dags retrieved from /home/soamariaka/.local/lib/python3.9/site-packages/airflow/example_dags/plugins/workday.py
[2023-08-14T14:38:54.323+0300] {processor.py:179} INFO - Processing /home/soamariaka/.local/lib/python3.9/site-packages/airflow/example_dags/plugins/workday.py took 0.785 seconds
[2023-08-14T14:39:53.675+0300] {processor.py:157} INFO - Started process (PID=18472) to work on /home/soamariaka/.local/lib/python3.9/site-packages/airflow/example_dags/plugins/workday.py
[2023-08-14T14:39:53.718+0300] {processor.py:826} INFO - Processing file /home/soamariaka/.local/lib/python3.9/site-packages/airflow/example_dags/plugins/workday.py for tasks to queue
[2023-08-14T14:39:53.720+0300] {logging_mixin.py:150} INFO - [2023-08-14T14:39:53.719+0300] {dagbag.py:541} INFO - Filling up the DagBag from /home/soamariaka/.local/lib/python3.9/site-packages/airflow/example_dags/plugins/workday.py
[2023-08-14T14:39:54.294+0300] {processor.py:838} WARNING - No viable dags retrieved from /home/soamariaka/.local/lib/python3.9/site-packages/airflow/example_dags/plugins/workday.py
[2023-08-14T14:39:54.303+0300] {processor.py:179} INFO - Processing /home/soamariaka/.local/lib/python3.9/site-packages/airflow/example_dags/plugins/workday.py took 0.632 seconds
[2023-08-14T14:40:43.937+0300] {processor.py:157} INFO - Started process (PID=18603) to work on /home/soamariaka/.local/lib/python3.9/site-packages/airflow/example_dags/plugins/workday.py
[2023-08-14T14:40:43.953+0300] {processor.py:826} INFO - Processing file /home/soamariaka/.local/lib/python3.9/site-packages/airflow/example_dags/plugins/workday.py for tasks to queue
[2023-08-14T14:40:43.954+0300] {logging_mixin.py:150} INFO - [2023-08-14T14:40:43.954+0300] {dagbag.py:541} INFO - Filling up the DagBag from /home/soamariaka/.local/lib/python3.9/site-packages/airflow/example_dags/plugins/workday.py
[2023-08-14T14:40:44.600+0300] {processor.py:838} WARNING - No viable dags retrieved from /home/soamariaka/.local/lib/python3.9/site-packages/airflow/example_dags/plugins/workday.py
[2023-08-14T14:40:44.609+0300] {processor.py:179} INFO - Processing /home/soamariaka/.local/lib/python3.9/site-packages/airflow/example_dags/plugins/workday.py took 0.678 seconds
