[2023-08-14T13:33:29.509+0300] {processor.py:157} INFO - Started process (PID=10786) to work on /home/soamariaka/.local/lib/python3.9/site-packages/airflow/example_dags/example_complex.py
[2023-08-14T13:33:29.511+0300] {processor.py:826} INFO - Processing file /home/soamariaka/.local/lib/python3.9/site-packages/airflow/example_dags/example_complex.py for tasks to queue
[2023-08-14T13:33:29.513+0300] {logging_mixin.py:150} INFO - [2023-08-14T13:33:29.512+0300] {dagbag.py:541} INFO - Filling up the DagBag from /home/soamariaka/.local/lib/python3.9/site-packages/airflow/example_dags/example_complex.py
[2023-08-14T13:33:29.532+0300] {processor.py:836} INFO - DAG(s) dict_keys(['example_complex']) retrieved from /home/soamariaka/.local/lib/python3.9/site-packages/airflow/example_dags/example_complex.py
[2023-08-14T13:33:29.575+0300] {logging_mixin.py:150} INFO - [2023-08-14T13:33:29.575+0300] {dag.py:2742} INFO - Sync 1 DAGs
[2023-08-14T13:33:29.606+0300] {logging_mixin.py:150} INFO - [2023-08-14T13:33:29.606+0300] {dag.py:3504} INFO - Setting next_dagrun for example_complex to None, run_after=None
[2023-08-14T13:33:29.731+0300] {processor.py:179} INFO - Processing /home/soamariaka/.local/lib/python3.9/site-packages/airflow/example_dags/example_complex.py took 0.227 seconds
[2023-08-14T13:35:00.780+0300] {processor.py:157} INFO - Started process (PID=10977) to work on /home/soamariaka/.local/lib/python3.9/site-packages/airflow/example_dags/example_complex.py
[2023-08-14T13:35:00.782+0300] {processor.py:826} INFO - Processing file /home/soamariaka/.local/lib/python3.9/site-packages/airflow/example_dags/example_complex.py for tasks to queue
[2023-08-14T13:35:00.783+0300] {logging_mixin.py:150} INFO - [2023-08-14T13:35:00.783+0300] {dagbag.py:541} INFO - Filling up the DagBag from /home/soamariaka/.local/lib/python3.9/site-packages/airflow/example_dags/example_complex.py
[2023-08-14T13:35:00.804+0300] {processor.py:836} INFO - DAG(s) dict_keys(['example_complex']) retrieved from /home/soamariaka/.local/lib/python3.9/site-packages/airflow/example_dags/example_complex.py
[2023-08-14T13:35:00.847+0300] {logging_mixin.py:150} INFO - [2023-08-14T13:35:00.847+0300] {dag.py:2742} INFO - Sync 1 DAGs
[2023-08-14T13:35:00.877+0300] {logging_mixin.py:150} INFO - [2023-08-14T13:35:00.877+0300] {dag.py:3504} INFO - Setting next_dagrun for example_complex to None, run_after=None
[2023-08-14T13:35:01.071+0300] {processor.py:179} INFO - Processing /home/soamariaka/.local/lib/python3.9/site-packages/airflow/example_dags/example_complex.py took 0.296 seconds
[2023-08-14T13:36:06.491+0300] {processor.py:157} INFO - Started process (PID=11077) to work on /home/soamariaka/.local/lib/python3.9/site-packages/airflow/example_dags/example_complex.py
[2023-08-14T13:36:06.494+0300] {processor.py:826} INFO - Processing file /home/soamariaka/.local/lib/python3.9/site-packages/airflow/example_dags/example_complex.py for tasks to queue
[2023-08-14T13:36:06.496+0300] {logging_mixin.py:150} INFO - [2023-08-14T13:36:06.496+0300] {dagbag.py:541} INFO - Filling up the DagBag from /home/soamariaka/.local/lib/python3.9/site-packages/airflow/example_dags/example_complex.py
[2023-08-14T13:36:06.521+0300] {processor.py:836} INFO - DAG(s) dict_keys(['example_complex']) retrieved from /home/soamariaka/.local/lib/python3.9/site-packages/airflow/example_dags/example_complex.py
[2023-08-14T13:36:06.567+0300] {logging_mixin.py:150} INFO - [2023-08-14T13:36:06.566+0300] {dag.py:2742} INFO - Sync 1 DAGs
[2023-08-14T13:36:06.598+0300] {logging_mixin.py:150} INFO - [2023-08-14T13:36:06.598+0300] {dag.py:3504} INFO - Setting next_dagrun for example_complex to None, run_after=None
[2023-08-14T13:36:06.743+0300] {processor.py:179} INFO - Processing /home/soamariaka/.local/lib/python3.9/site-packages/airflow/example_dags/example_complex.py took 0.259 seconds
[2023-08-14T13:37:04.606+0300] {processor.py:157} INFO - Started process (PID=11144) to work on /home/soamariaka/.local/lib/python3.9/site-packages/airflow/example_dags/example_complex.py
[2023-08-14T13:37:04.633+0300] {processor.py:826} INFO - Processing file /home/soamariaka/.local/lib/python3.9/site-packages/airflow/example_dags/example_complex.py for tasks to queue
[2023-08-14T13:37:04.656+0300] {logging_mixin.py:150} INFO - [2023-08-14T13:37:04.655+0300] {dagbag.py:541} INFO - Filling up the DagBag from /home/soamariaka/.local/lib/python3.9/site-packages/airflow/example_dags/example_complex.py
[2023-08-14T13:37:04.680+0300] {processor.py:836} INFO - DAG(s) dict_keys(['example_complex']) retrieved from /home/soamariaka/.local/lib/python3.9/site-packages/airflow/example_dags/example_complex.py
[2023-08-14T13:37:04.730+0300] {logging_mixin.py:150} INFO - [2023-08-14T13:37:04.730+0300] {dag.py:2742} INFO - Sync 1 DAGs
[2023-08-14T13:37:04.763+0300] {logging_mixin.py:150} INFO - [2023-08-14T13:37:04.763+0300] {dag.py:3504} INFO - Setting next_dagrun for example_complex to None, run_after=None
[2023-08-14T13:37:04.997+0300] {processor.py:179} INFO - Processing /home/soamariaka/.local/lib/python3.9/site-packages/airflow/example_dags/example_complex.py took 0.394 seconds
[2023-08-14T13:38:04.278+0300] {processor.py:157} INFO - Started process (PID=11261) to work on /home/soamariaka/.local/lib/python3.9/site-packages/airflow/example_dags/example_complex.py
[2023-08-14T13:38:04.281+0300] {processor.py:826} INFO - Processing file /home/soamariaka/.local/lib/python3.9/site-packages/airflow/example_dags/example_complex.py for tasks to queue
[2023-08-14T13:38:04.283+0300] {logging_mixin.py:150} INFO - [2023-08-14T13:38:04.282+0300] {dagbag.py:541} INFO - Filling up the DagBag from /home/soamariaka/.local/lib/python3.9/site-packages/airflow/example_dags/example_complex.py
[2023-08-14T13:38:04.305+0300] {processor.py:836} INFO - DAG(s) dict_keys(['example_complex']) retrieved from /home/soamariaka/.local/lib/python3.9/site-packages/airflow/example_dags/example_complex.py
[2023-08-14T13:38:04.348+0300] {logging_mixin.py:150} INFO - [2023-08-14T13:38:04.348+0300] {dag.py:2742} INFO - Sync 1 DAGs
[2023-08-14T13:38:04.378+0300] {logging_mixin.py:150} INFO - [2023-08-14T13:38:04.378+0300] {dag.py:3504} INFO - Setting next_dagrun for example_complex to None, run_after=None
[2023-08-14T13:38:04.681+0300] {processor.py:179} INFO - Processing /home/soamariaka/.local/lib/python3.9/site-packages/airflow/example_dags/example_complex.py took 0.409 seconds
[2023-08-14T13:39:08.195+0300] {processor.py:157} INFO - Started process (PID=11414) to work on /home/soamariaka/.local/lib/python3.9/site-packages/airflow/example_dags/example_complex.py
[2023-08-14T13:39:08.198+0300] {processor.py:826} INFO - Processing file /home/soamariaka/.local/lib/python3.9/site-packages/airflow/example_dags/example_complex.py for tasks to queue
[2023-08-14T13:39:08.200+0300] {logging_mixin.py:150} INFO - [2023-08-14T13:39:08.200+0300] {dagbag.py:541} INFO - Filling up the DagBag from /home/soamariaka/.local/lib/python3.9/site-packages/airflow/example_dags/example_complex.py
[2023-08-14T13:39:08.228+0300] {processor.py:836} INFO - DAG(s) dict_keys(['example_complex']) retrieved from /home/soamariaka/.local/lib/python3.9/site-packages/airflow/example_dags/example_complex.py
[2023-08-14T13:39:08.283+0300] {logging_mixin.py:150} INFO - [2023-08-14T13:39:08.283+0300] {dag.py:2742} INFO - Sync 1 DAGs
[2023-08-14T13:39:08.329+0300] {logging_mixin.py:150} INFO - [2023-08-14T13:39:08.328+0300] {dag.py:3504} INFO - Setting next_dagrun for example_complex to None, run_after=None
[2023-08-14T13:39:08.527+0300] {processor.py:179} INFO - Processing /home/soamariaka/.local/lib/python3.9/site-packages/airflow/example_dags/example_complex.py took 0.339 seconds
[2023-08-14T13:40:10.305+0300] {processor.py:157} INFO - Started process (PID=11485) to work on /home/soamariaka/.local/lib/python3.9/site-packages/airflow/example_dags/example_complex.py
[2023-08-14T13:40:10.318+0300] {processor.py:826} INFO - Processing file /home/soamariaka/.local/lib/python3.9/site-packages/airflow/example_dags/example_complex.py for tasks to queue
[2023-08-14T13:40:10.320+0300] {logging_mixin.py:150} INFO - [2023-08-14T13:40:10.319+0300] {dagbag.py:541} INFO - Filling up the DagBag from /home/soamariaka/.local/lib/python3.9/site-packages/airflow/example_dags/example_complex.py
[2023-08-14T13:40:10.341+0300] {processor.py:836} INFO - DAG(s) dict_keys(['example_complex']) retrieved from /home/soamariaka/.local/lib/python3.9/site-packages/airflow/example_dags/example_complex.py
[2023-08-14T13:40:10.384+0300] {logging_mixin.py:150} INFO - [2023-08-14T13:40:10.384+0300] {dag.py:2742} INFO - Sync 1 DAGs
[2023-08-14T13:40:10.414+0300] {logging_mixin.py:150} INFO - [2023-08-14T13:40:10.414+0300] {dag.py:3504} INFO - Setting next_dagrun for example_complex to None, run_after=None
[2023-08-14T13:40:10.526+0300] {processor.py:179} INFO - Processing /home/soamariaka/.local/lib/python3.9/site-packages/airflow/example_dags/example_complex.py took 0.227 seconds
[2023-08-14T13:41:05.893+0300] {processor.py:157} INFO - Started process (PID=11568) to work on /home/soamariaka/.local/lib/python3.9/site-packages/airflow/example_dags/example_complex.py
[2023-08-14T13:41:05.896+0300] {processor.py:826} INFO - Processing file /home/soamariaka/.local/lib/python3.9/site-packages/airflow/example_dags/example_complex.py for tasks to queue
[2023-08-14T13:41:05.897+0300] {logging_mixin.py:150} INFO - [2023-08-14T13:41:05.897+0300] {dagbag.py:541} INFO - Filling up the DagBag from /home/soamariaka/.local/lib/python3.9/site-packages/airflow/example_dags/example_complex.py
[2023-08-14T13:41:05.917+0300] {processor.py:836} INFO - DAG(s) dict_keys(['example_complex']) retrieved from /home/soamariaka/.local/lib/python3.9/site-packages/airflow/example_dags/example_complex.py
[2023-08-14T13:41:05.959+0300] {logging_mixin.py:150} INFO - [2023-08-14T13:41:05.959+0300] {dag.py:2742} INFO - Sync 1 DAGs
[2023-08-14T13:41:05.990+0300] {logging_mixin.py:150} INFO - [2023-08-14T13:41:05.990+0300] {dag.py:3504} INFO - Setting next_dagrun for example_complex to None, run_after=None
[2023-08-14T13:41:06.125+0300] {processor.py:179} INFO - Processing /home/soamariaka/.local/lib/python3.9/site-packages/airflow/example_dags/example_complex.py took 0.236 seconds
[2023-08-14T13:42:05.739+0300] {processor.py:157} INFO - Started process (PID=11618) to work on /home/soamariaka/.local/lib/python3.9/site-packages/airflow/example_dags/example_complex.py
[2023-08-14T13:42:05.778+0300] {processor.py:826} INFO - Processing file /home/soamariaka/.local/lib/python3.9/site-packages/airflow/example_dags/example_complex.py for tasks to queue
[2023-08-14T13:42:05.780+0300] {logging_mixin.py:150} INFO - [2023-08-14T13:42:05.779+0300] {dagbag.py:541} INFO - Filling up the DagBag from /home/soamariaka/.local/lib/python3.9/site-packages/airflow/example_dags/example_complex.py
[2023-08-14T13:42:05.804+0300] {processor.py:836} INFO - DAG(s) dict_keys(['example_complex']) retrieved from /home/soamariaka/.local/lib/python3.9/site-packages/airflow/example_dags/example_complex.py
[2023-08-14T13:42:05.855+0300] {logging_mixin.py:150} INFO - [2023-08-14T13:42:05.854+0300] {dag.py:2742} INFO - Sync 1 DAGs
[2023-08-14T13:42:05.886+0300] {logging_mixin.py:150} INFO - [2023-08-14T13:42:05.885+0300] {dag.py:3504} INFO - Setting next_dagrun for example_complex to None, run_after=None
[2023-08-14T13:42:05.997+0300] {processor.py:179} INFO - Processing /home/soamariaka/.local/lib/python3.9/site-packages/airflow/example_dags/example_complex.py took 0.265 seconds
[2023-08-14T13:42:59.769+0300] {processor.py:157} INFO - Started process (PID=11669) to work on /home/soamariaka/.local/lib/python3.9/site-packages/airflow/example_dags/example_complex.py
[2023-08-14T13:42:59.799+0300] {processor.py:826} INFO - Processing file /home/soamariaka/.local/lib/python3.9/site-packages/airflow/example_dags/example_complex.py for tasks to queue
[2023-08-14T13:42:59.800+0300] {logging_mixin.py:150} INFO - [2023-08-14T13:42:59.800+0300] {dagbag.py:541} INFO - Filling up the DagBag from /home/soamariaka/.local/lib/python3.9/site-packages/airflow/example_dags/example_complex.py
[2023-08-14T13:42:59.821+0300] {processor.py:836} INFO - DAG(s) dict_keys(['example_complex']) retrieved from /home/soamariaka/.local/lib/python3.9/site-packages/airflow/example_dags/example_complex.py
[2023-08-14T13:42:59.870+0300] {logging_mixin.py:150} INFO - [2023-08-14T13:42:59.869+0300] {dag.py:2742} INFO - Sync 1 DAGs
[2023-08-14T13:42:59.900+0300] {logging_mixin.py:150} INFO - [2023-08-14T13:42:59.900+0300] {dag.py:3504} INFO - Setting next_dagrun for example_complex to None, run_after=None
[2023-08-14T13:43:00.033+0300] {processor.py:179} INFO - Processing /home/soamariaka/.local/lib/python3.9/site-packages/airflow/example_dags/example_complex.py took 0.270 seconds
[2023-08-14T13:43:58.601+0300] {processor.py:157} INFO - Started process (PID=11749) to work on /home/soamariaka/.local/lib/python3.9/site-packages/airflow/example_dags/example_complex.py
[2023-08-14T13:43:58.604+0300] {processor.py:826} INFO - Processing file /home/soamariaka/.local/lib/python3.9/site-packages/airflow/example_dags/example_complex.py for tasks to queue
[2023-08-14T13:43:58.605+0300] {logging_mixin.py:150} INFO - [2023-08-14T13:43:58.605+0300] {dagbag.py:541} INFO - Filling up the DagBag from /home/soamariaka/.local/lib/python3.9/site-packages/airflow/example_dags/example_complex.py
[2023-08-14T13:43:58.626+0300] {processor.py:836} INFO - DAG(s) dict_keys(['example_complex']) retrieved from /home/soamariaka/.local/lib/python3.9/site-packages/airflow/example_dags/example_complex.py
[2023-08-14T13:43:58.669+0300] {logging_mixin.py:150} INFO - [2023-08-14T13:43:58.669+0300] {dag.py:2742} INFO - Sync 1 DAGs
[2023-08-14T13:43:58.700+0300] {logging_mixin.py:150} INFO - [2023-08-14T13:43:58.699+0300] {dag.py:3504} INFO - Setting next_dagrun for example_complex to None, run_after=None
[2023-08-14T13:43:58.852+0300] {processor.py:179} INFO - Processing /home/soamariaka/.local/lib/python3.9/site-packages/airflow/example_dags/example_complex.py took 0.256 seconds
[2023-08-14T13:45:05.163+0300] {processor.py:157} INFO - Started process (PID=11825) to work on /home/soamariaka/.local/lib/python3.9/site-packages/airflow/example_dags/example_complex.py
[2023-08-14T13:45:05.165+0300] {processor.py:826} INFO - Processing file /home/soamariaka/.local/lib/python3.9/site-packages/airflow/example_dags/example_complex.py for tasks to queue
[2023-08-14T13:45:05.167+0300] {logging_mixin.py:150} INFO - [2023-08-14T13:45:05.166+0300] {dagbag.py:541} INFO - Filling up the DagBag from /home/soamariaka/.local/lib/python3.9/site-packages/airflow/example_dags/example_complex.py
[2023-08-14T13:45:05.189+0300] {processor.py:836} INFO - DAG(s) dict_keys(['example_complex']) retrieved from /home/soamariaka/.local/lib/python3.9/site-packages/airflow/example_dags/example_complex.py
[2023-08-14T13:45:05.230+0300] {logging_mixin.py:150} INFO - [2023-08-14T13:45:05.230+0300] {dag.py:2742} INFO - Sync 1 DAGs
[2023-08-14T13:45:05.261+0300] {logging_mixin.py:150} INFO - [2023-08-14T13:45:05.261+0300] {dag.py:3504} INFO - Setting next_dagrun for example_complex to None, run_after=None
[2023-08-14T13:45:05.494+0300] {processor.py:179} INFO - Processing /home/soamariaka/.local/lib/python3.9/site-packages/airflow/example_dags/example_complex.py took 0.338 seconds
[2023-08-14T13:46:08.079+0300] {processor.py:157} INFO - Started process (PID=11917) to work on /home/soamariaka/.local/lib/python3.9/site-packages/airflow/example_dags/example_complex.py
[2023-08-14T13:46:08.099+0300] {processor.py:826} INFO - Processing file /home/soamariaka/.local/lib/python3.9/site-packages/airflow/example_dags/example_complex.py for tasks to queue
[2023-08-14T13:46:08.101+0300] {logging_mixin.py:150} INFO - [2023-08-14T13:46:08.101+0300] {dagbag.py:541} INFO - Filling up the DagBag from /home/soamariaka/.local/lib/python3.9/site-packages/airflow/example_dags/example_complex.py
[2023-08-14T13:46:08.120+0300] {processor.py:836} INFO - DAG(s) dict_keys(['example_complex']) retrieved from /home/soamariaka/.local/lib/python3.9/site-packages/airflow/example_dags/example_complex.py
[2023-08-14T13:46:08.169+0300] {logging_mixin.py:150} INFO - [2023-08-14T13:46:08.169+0300] {dag.py:2742} INFO - Sync 1 DAGs
[2023-08-14T13:46:08.211+0300] {logging_mixin.py:150} INFO - [2023-08-14T13:46:08.210+0300] {dag.py:3504} INFO - Setting next_dagrun for example_complex to None, run_after=None
[2023-08-14T13:46:08.442+0300] {processor.py:179} INFO - Processing /home/soamariaka/.local/lib/python3.9/site-packages/airflow/example_dags/example_complex.py took 0.366 seconds
[2023-08-14T13:47:11.802+0300] {processor.py:157} INFO - Started process (PID=11974) to work on /home/soamariaka/.local/lib/python3.9/site-packages/airflow/example_dags/example_complex.py
[2023-08-14T13:47:11.834+0300] {processor.py:826} INFO - Processing file /home/soamariaka/.local/lib/python3.9/site-packages/airflow/example_dags/example_complex.py for tasks to queue
[2023-08-14T13:47:11.836+0300] {logging_mixin.py:150} INFO - [2023-08-14T13:47:11.835+0300] {dagbag.py:541} INFO - Filling up the DagBag from /home/soamariaka/.local/lib/python3.9/site-packages/airflow/example_dags/example_complex.py
[2023-08-14T13:47:11.857+0300] {processor.py:836} INFO - DAG(s) dict_keys(['example_complex']) retrieved from /home/soamariaka/.local/lib/python3.9/site-packages/airflow/example_dags/example_complex.py
[2023-08-14T13:47:11.905+0300] {logging_mixin.py:150} INFO - [2023-08-14T13:47:11.905+0300] {dag.py:2742} INFO - Sync 1 DAGs
[2023-08-14T13:47:11.936+0300] {logging_mixin.py:150} INFO - [2023-08-14T13:47:11.936+0300] {dag.py:3504} INFO - Setting next_dagrun for example_complex to None, run_after=None
[2023-08-14T13:47:12.197+0300] {processor.py:179} INFO - Processing /home/soamariaka/.local/lib/python3.9/site-packages/airflow/example_dags/example_complex.py took 0.401 seconds
[2023-08-14T13:48:15.201+0300] {processor.py:157} INFO - Started process (PID=12035) to work on /home/soamariaka/.local/lib/python3.9/site-packages/airflow/example_dags/example_complex.py
[2023-08-14T13:48:15.202+0300] {processor.py:826} INFO - Processing file /home/soamariaka/.local/lib/python3.9/site-packages/airflow/example_dags/example_complex.py for tasks to queue
[2023-08-14T13:48:15.204+0300] {logging_mixin.py:150} INFO - [2023-08-14T13:48:15.203+0300] {dagbag.py:541} INFO - Filling up the DagBag from /home/soamariaka/.local/lib/python3.9/site-packages/airflow/example_dags/example_complex.py
[2023-08-14T13:48:15.224+0300] {processor.py:836} INFO - DAG(s) dict_keys(['example_complex']) retrieved from /home/soamariaka/.local/lib/python3.9/site-packages/airflow/example_dags/example_complex.py
[2023-08-14T13:48:15.267+0300] {logging_mixin.py:150} INFO - [2023-08-14T13:48:15.266+0300] {dag.py:2742} INFO - Sync 1 DAGs
[2023-08-14T13:48:15.297+0300] {logging_mixin.py:150} INFO - [2023-08-14T13:48:15.296+0300] {dag.py:3504} INFO - Setting next_dagrun for example_complex to None, run_after=None
[2023-08-14T13:48:15.448+0300] {processor.py:179} INFO - Processing /home/soamariaka/.local/lib/python3.9/site-packages/airflow/example_dags/example_complex.py took 0.253 seconds
[2023-08-14T13:49:16.413+0300] {processor.py:157} INFO - Started process (PID=12125) to work on /home/soamariaka/.local/lib/python3.9/site-packages/airflow/example_dags/example_complex.py
[2023-08-14T13:49:16.454+0300] {processor.py:826} INFO - Processing file /home/soamariaka/.local/lib/python3.9/site-packages/airflow/example_dags/example_complex.py for tasks to queue
[2023-08-14T13:49:16.455+0300] {logging_mixin.py:150} INFO - [2023-08-14T13:49:16.455+0300] {dagbag.py:541} INFO - Filling up the DagBag from /home/soamariaka/.local/lib/python3.9/site-packages/airflow/example_dags/example_complex.py
[2023-08-14T13:49:16.473+0300] {processor.py:836} INFO - DAG(s) dict_keys(['example_complex']) retrieved from /home/soamariaka/.local/lib/python3.9/site-packages/airflow/example_dags/example_complex.py
[2023-08-14T13:49:16.514+0300] {logging_mixin.py:150} INFO - [2023-08-14T13:49:16.514+0300] {dag.py:2742} INFO - Sync 1 DAGs
[2023-08-14T13:49:16.546+0300] {logging_mixin.py:150} INFO - [2023-08-14T13:49:16.546+0300] {dag.py:3504} INFO - Setting next_dagrun for example_complex to None, run_after=None
[2023-08-14T13:49:16.664+0300] {processor.py:179} INFO - Processing /home/soamariaka/.local/lib/python3.9/site-packages/airflow/example_dags/example_complex.py took 0.256 seconds
[2023-08-14T13:50:19.506+0300] {processor.py:157} INFO - Started process (PID=12200) to work on /home/soamariaka/.local/lib/python3.9/site-packages/airflow/example_dags/example_complex.py
[2023-08-14T13:50:19.508+0300] {processor.py:826} INFO - Processing file /home/soamariaka/.local/lib/python3.9/site-packages/airflow/example_dags/example_complex.py for tasks to queue
[2023-08-14T13:50:19.509+0300] {logging_mixin.py:150} INFO - [2023-08-14T13:50:19.509+0300] {dagbag.py:541} INFO - Filling up the DagBag from /home/soamariaka/.local/lib/python3.9/site-packages/airflow/example_dags/example_complex.py
[2023-08-14T13:50:19.530+0300] {processor.py:836} INFO - DAG(s) dict_keys(['example_complex']) retrieved from /home/soamariaka/.local/lib/python3.9/site-packages/airflow/example_dags/example_complex.py
[2023-08-14T13:50:19.572+0300] {logging_mixin.py:150} INFO - [2023-08-14T13:50:19.571+0300] {dag.py:2742} INFO - Sync 1 DAGs
[2023-08-14T13:50:19.602+0300] {logging_mixin.py:150} INFO - [2023-08-14T13:50:19.601+0300] {dag.py:3504} INFO - Setting next_dagrun for example_complex to None, run_after=None
[2023-08-14T13:50:19.721+0300] {processor.py:179} INFO - Processing /home/soamariaka/.local/lib/python3.9/site-packages/airflow/example_dags/example_complex.py took 0.220 seconds
[2023-08-14T13:51:26.743+0300] {processor.py:157} INFO - Started process (PID=12293) to work on /home/soamariaka/.local/lib/python3.9/site-packages/airflow/example_dags/example_complex.py
[2023-08-14T13:51:26.745+0300] {processor.py:826} INFO - Processing file /home/soamariaka/.local/lib/python3.9/site-packages/airflow/example_dags/example_complex.py for tasks to queue
[2023-08-14T13:51:26.747+0300] {logging_mixin.py:150} INFO - [2023-08-14T13:51:26.746+0300] {dagbag.py:541} INFO - Filling up the DagBag from /home/soamariaka/.local/lib/python3.9/site-packages/airflow/example_dags/example_complex.py
[2023-08-14T13:51:26.763+0300] {processor.py:836} INFO - DAG(s) dict_keys(['example_complex']) retrieved from /home/soamariaka/.local/lib/python3.9/site-packages/airflow/example_dags/example_complex.py
[2023-08-14T13:51:26.804+0300] {logging_mixin.py:150} INFO - [2023-08-14T13:51:26.804+0300] {dag.py:2742} INFO - Sync 1 DAGs
[2023-08-14T13:51:26.835+0300] {logging_mixin.py:150} INFO - [2023-08-14T13:51:26.835+0300] {dag.py:3504} INFO - Setting next_dagrun for example_complex to None, run_after=None
[2023-08-14T13:51:27.095+0300] {processor.py:179} INFO - Processing /home/soamariaka/.local/lib/python3.9/site-packages/airflow/example_dags/example_complex.py took 0.357 seconds
[2023-08-14T13:52:27.841+0300] {processor.py:157} INFO - Started process (PID=12351) to work on /home/soamariaka/.local/lib/python3.9/site-packages/airflow/example_dags/example_complex.py
[2023-08-14T13:52:27.844+0300] {processor.py:826} INFO - Processing file /home/soamariaka/.local/lib/python3.9/site-packages/airflow/example_dags/example_complex.py for tasks to queue
[2023-08-14T13:52:27.845+0300] {logging_mixin.py:150} INFO - [2023-08-14T13:52:27.845+0300] {dagbag.py:541} INFO - Filling up the DagBag from /home/soamariaka/.local/lib/python3.9/site-packages/airflow/example_dags/example_complex.py
[2023-08-14T13:52:27.866+0300] {processor.py:836} INFO - DAG(s) dict_keys(['example_complex']) retrieved from /home/soamariaka/.local/lib/python3.9/site-packages/airflow/example_dags/example_complex.py
[2023-08-14T13:52:27.909+0300] {logging_mixin.py:150} INFO - [2023-08-14T13:52:27.909+0300] {dag.py:2742} INFO - Sync 1 DAGs
[2023-08-14T13:52:27.943+0300] {logging_mixin.py:150} INFO - [2023-08-14T13:52:27.943+0300] {dag.py:3504} INFO - Setting next_dagrun for example_complex to None, run_after=None
[2023-08-14T13:52:28.194+0300] {processor.py:179} INFO - Processing /home/soamariaka/.local/lib/python3.9/site-packages/airflow/example_dags/example_complex.py took 0.359 seconds
[2023-08-14T13:53:32.576+0300] {processor.py:157} INFO - Started process (PID=12412) to work on /home/soamariaka/.local/lib/python3.9/site-packages/airflow/example_dags/example_complex.py
[2023-08-14T13:53:32.604+0300] {processor.py:826} INFO - Processing file /home/soamariaka/.local/lib/python3.9/site-packages/airflow/example_dags/example_complex.py for tasks to queue
[2023-08-14T13:53:32.606+0300] {logging_mixin.py:150} INFO - [2023-08-14T13:53:32.605+0300] {dagbag.py:541} INFO - Filling up the DagBag from /home/soamariaka/.local/lib/python3.9/site-packages/airflow/example_dags/example_complex.py
[2023-08-14T13:53:32.627+0300] {processor.py:836} INFO - DAG(s) dict_keys(['example_complex']) retrieved from /home/soamariaka/.local/lib/python3.9/site-packages/airflow/example_dags/example_complex.py
[2023-08-14T13:53:32.675+0300] {logging_mixin.py:150} INFO - [2023-08-14T13:53:32.675+0300] {dag.py:2742} INFO - Sync 1 DAGs
[2023-08-14T13:53:32.705+0300] {logging_mixin.py:150} INFO - [2023-08-14T13:53:32.705+0300] {dag.py:3504} INFO - Setting next_dagrun for example_complex to None, run_after=None
[2023-08-14T13:53:32.848+0300] {processor.py:179} INFO - Processing /home/soamariaka/.local/lib/python3.9/site-packages/airflow/example_dags/example_complex.py took 0.277 seconds
[2023-08-14T13:54:37.180+0300] {processor.py:157} INFO - Started process (PID=12468) to work on /home/soamariaka/.local/lib/python3.9/site-packages/airflow/example_dags/example_complex.py
[2023-08-14T13:54:37.182+0300] {processor.py:826} INFO - Processing file /home/soamariaka/.local/lib/python3.9/site-packages/airflow/example_dags/example_complex.py for tasks to queue
[2023-08-14T13:54:37.184+0300] {logging_mixin.py:150} INFO - [2023-08-14T13:54:37.183+0300] {dagbag.py:541} INFO - Filling up the DagBag from /home/soamariaka/.local/lib/python3.9/site-packages/airflow/example_dags/example_complex.py
[2023-08-14T13:54:37.201+0300] {processor.py:836} INFO - DAG(s) dict_keys(['example_complex']) retrieved from /home/soamariaka/.local/lib/python3.9/site-packages/airflow/example_dags/example_complex.py
[2023-08-14T13:54:37.253+0300] {logging_mixin.py:150} INFO - [2023-08-14T13:54:37.252+0300] {dag.py:2742} INFO - Sync 1 DAGs
[2023-08-14T13:54:37.283+0300] {logging_mixin.py:150} INFO - [2023-08-14T13:54:37.283+0300] {dag.py:3504} INFO - Setting next_dagrun for example_complex to None, run_after=None
[2023-08-14T13:54:37.548+0300] {processor.py:179} INFO - Processing /home/soamariaka/.local/lib/python3.9/site-packages/airflow/example_dags/example_complex.py took 0.375 seconds
[2023-08-14T13:55:44.825+0300] {processor.py:157} INFO - Started process (PID=12582) to work on /home/soamariaka/.local/lib/python3.9/site-packages/airflow/example_dags/example_complex.py
[2023-08-14T13:55:44.826+0300] {processor.py:826} INFO - Processing file /home/soamariaka/.local/lib/python3.9/site-packages/airflow/example_dags/example_complex.py for tasks to queue
[2023-08-14T13:55:44.828+0300] {logging_mixin.py:150} INFO - [2023-08-14T13:55:44.827+0300] {dagbag.py:541} INFO - Filling up the DagBag from /home/soamariaka/.local/lib/python3.9/site-packages/airflow/example_dags/example_complex.py
[2023-08-14T13:55:44.848+0300] {processor.py:836} INFO - DAG(s) dict_keys(['example_complex']) retrieved from /home/soamariaka/.local/lib/python3.9/site-packages/airflow/example_dags/example_complex.py
[2023-08-14T13:55:44.907+0300] {logging_mixin.py:150} INFO - [2023-08-14T13:55:44.907+0300] {dag.py:2742} INFO - Sync 1 DAGs
[2023-08-14T13:55:44.939+0300] {logging_mixin.py:150} INFO - [2023-08-14T13:55:44.939+0300] {dag.py:3504} INFO - Setting next_dagrun for example_complex to None, run_after=None
[2023-08-14T13:55:45.619+0300] {processor.py:179} INFO - Processing /home/soamariaka/.local/lib/python3.9/site-packages/airflow/example_dags/example_complex.py took 0.800 seconds
[2023-08-14T13:56:50.965+0300] {processor.py:157} INFO - Started process (PID=12666) to work on /home/soamariaka/.local/lib/python3.9/site-packages/airflow/example_dags/example_complex.py
[2023-08-14T13:56:50.967+0300] {processor.py:826} INFO - Processing file /home/soamariaka/.local/lib/python3.9/site-packages/airflow/example_dags/example_complex.py for tasks to queue
[2023-08-14T13:56:50.969+0300] {logging_mixin.py:150} INFO - [2023-08-14T13:56:50.968+0300] {dagbag.py:541} INFO - Filling up the DagBag from /home/soamariaka/.local/lib/python3.9/site-packages/airflow/example_dags/example_complex.py
[2023-08-14T13:56:50.994+0300] {processor.py:836} INFO - DAG(s) dict_keys(['example_complex']) retrieved from /home/soamariaka/.local/lib/python3.9/site-packages/airflow/example_dags/example_complex.py
[2023-08-14T13:56:51.039+0300] {logging_mixin.py:150} INFO - [2023-08-14T13:56:51.039+0300] {dag.py:2742} INFO - Sync 1 DAGs
[2023-08-14T13:56:51.069+0300] {logging_mixin.py:150} INFO - [2023-08-14T13:56:51.069+0300] {dag.py:3504} INFO - Setting next_dagrun for example_complex to None, run_after=None
[2023-08-14T13:56:51.322+0300] {processor.py:179} INFO - Processing /home/soamariaka/.local/lib/python3.9/site-packages/airflow/example_dags/example_complex.py took 0.364 seconds
[2023-08-14T13:57:58.294+0300] {processor.py:157} INFO - Started process (PID=12726) to work on /home/soamariaka/.local/lib/python3.9/site-packages/airflow/example_dags/example_complex.py
[2023-08-14T13:57:58.296+0300] {processor.py:826} INFO - Processing file /home/soamariaka/.local/lib/python3.9/site-packages/airflow/example_dags/example_complex.py for tasks to queue
[2023-08-14T13:57:58.298+0300] {logging_mixin.py:150} INFO - [2023-08-14T13:57:58.297+0300] {dagbag.py:541} INFO - Filling up the DagBag from /home/soamariaka/.local/lib/python3.9/site-packages/airflow/example_dags/example_complex.py
[2023-08-14T13:57:58.318+0300] {processor.py:836} INFO - DAG(s) dict_keys(['example_complex']) retrieved from /home/soamariaka/.local/lib/python3.9/site-packages/airflow/example_dags/example_complex.py
[2023-08-14T13:57:58.361+0300] {logging_mixin.py:150} INFO - [2023-08-14T13:57:58.361+0300] {dag.py:2742} INFO - Sync 1 DAGs
[2023-08-14T13:57:58.391+0300] {logging_mixin.py:150} INFO - [2023-08-14T13:57:58.391+0300] {dag.py:3504} INFO - Setting next_dagrun for example_complex to None, run_after=None
[2023-08-14T13:57:58.522+0300] {processor.py:179} INFO - Processing /home/soamariaka/.local/lib/python3.9/site-packages/airflow/example_dags/example_complex.py took 0.233 seconds
[2023-08-14T13:59:02.074+0300] {processor.py:157} INFO - Started process (PID=12817) to work on /home/soamariaka/.local/lib/python3.9/site-packages/airflow/example_dags/example_complex.py
[2023-08-14T13:59:02.077+0300] {processor.py:826} INFO - Processing file /home/soamariaka/.local/lib/python3.9/site-packages/airflow/example_dags/example_complex.py for tasks to queue
[2023-08-14T13:59:02.078+0300] {logging_mixin.py:150} INFO - [2023-08-14T13:59:02.078+0300] {dagbag.py:541} INFO - Filling up the DagBag from /home/soamariaka/.local/lib/python3.9/site-packages/airflow/example_dags/example_complex.py
[2023-08-14T13:59:02.099+0300] {processor.py:836} INFO - DAG(s) dict_keys(['example_complex']) retrieved from /home/soamariaka/.local/lib/python3.9/site-packages/airflow/example_dags/example_complex.py
[2023-08-14T13:59:02.141+0300] {logging_mixin.py:150} INFO - [2023-08-14T13:59:02.141+0300] {dag.py:2742} INFO - Sync 1 DAGs
[2023-08-14T13:59:02.173+0300] {logging_mixin.py:150} INFO - [2023-08-14T13:59:02.173+0300] {dag.py:3504} INFO - Setting next_dagrun for example_complex to None, run_after=None
[2023-08-14T13:59:02.299+0300] {processor.py:179} INFO - Processing /home/soamariaka/.local/lib/python3.9/site-packages/airflow/example_dags/example_complex.py took 0.230 seconds
[2023-08-14T14:00:04.885+0300] {processor.py:157} INFO - Started process (PID=12903) to work on /home/soamariaka/.local/lib/python3.9/site-packages/airflow/example_dags/example_complex.py
[2023-08-14T14:00:04.889+0300] {processor.py:826} INFO - Processing file /home/soamariaka/.local/lib/python3.9/site-packages/airflow/example_dags/example_complex.py for tasks to queue
[2023-08-14T14:00:04.891+0300] {logging_mixin.py:150} INFO - [2023-08-14T14:00:04.891+0300] {dagbag.py:541} INFO - Filling up the DagBag from /home/soamariaka/.local/lib/python3.9/site-packages/airflow/example_dags/example_complex.py
[2023-08-14T14:00:04.913+0300] {processor.py:836} INFO - DAG(s) dict_keys(['example_complex']) retrieved from /home/soamariaka/.local/lib/python3.9/site-packages/airflow/example_dags/example_complex.py
[2023-08-14T14:00:04.970+0300] {logging_mixin.py:150} INFO - [2023-08-14T14:00:04.969+0300] {dag.py:2742} INFO - Sync 1 DAGs
[2023-08-14T14:00:05.009+0300] {logging_mixin.py:150} INFO - [2023-08-14T14:00:05.009+0300] {dag.py:3504} INFO - Setting next_dagrun for example_complex to None, run_after=None
[2023-08-14T14:00:05.229+0300] {processor.py:179} INFO - Processing /home/soamariaka/.local/lib/python3.9/site-packages/airflow/example_dags/example_complex.py took 0.350 seconds
[2023-08-14T14:01:06.222+0300] {processor.py:157} INFO - Started process (PID=12960) to work on /home/soamariaka/.local/lib/python3.9/site-packages/airflow/example_dags/example_complex.py
[2023-08-14T14:01:06.224+0300] {processor.py:826} INFO - Processing file /home/soamariaka/.local/lib/python3.9/site-packages/airflow/example_dags/example_complex.py for tasks to queue
[2023-08-14T14:01:06.225+0300] {logging_mixin.py:150} INFO - [2023-08-14T14:01:06.224+0300] {dagbag.py:541} INFO - Filling up the DagBag from /home/soamariaka/.local/lib/python3.9/site-packages/airflow/example_dags/example_complex.py
[2023-08-14T14:01:06.246+0300] {processor.py:836} INFO - DAG(s) dict_keys(['example_complex']) retrieved from /home/soamariaka/.local/lib/python3.9/site-packages/airflow/example_dags/example_complex.py
[2023-08-14T14:01:06.289+0300] {logging_mixin.py:150} INFO - [2023-08-14T14:01:06.288+0300] {dag.py:2742} INFO - Sync 1 DAGs
[2023-08-14T14:01:06.319+0300] {logging_mixin.py:150} INFO - [2023-08-14T14:01:06.319+0300] {dag.py:3504} INFO - Setting next_dagrun for example_complex to None, run_after=None
[2023-08-14T14:01:06.440+0300] {processor.py:179} INFO - Processing /home/soamariaka/.local/lib/python3.9/site-packages/airflow/example_dags/example_complex.py took 0.224 seconds
[2023-08-14T14:03:19.850+0300] {processor.py:157} INFO - Started process (PID=13648) to work on /home/soamariaka/.local/lib/python3.9/site-packages/airflow/example_dags/example_complex.py
[2023-08-14T14:03:19.884+0300] {processor.py:826} INFO - Processing file /home/soamariaka/.local/lib/python3.9/site-packages/airflow/example_dags/example_complex.py for tasks to queue
[2023-08-14T14:03:19.886+0300] {logging_mixin.py:150} INFO - [2023-08-14T14:03:19.885+0300] {dagbag.py:541} INFO - Filling up the DagBag from /home/soamariaka/.local/lib/python3.9/site-packages/airflow/example_dags/example_complex.py
[2023-08-14T14:03:20.643+0300] {processor.py:836} INFO - DAG(s) dict_keys(['example_complex']) retrieved from /home/soamariaka/.local/lib/python3.9/site-packages/airflow/example_dags/example_complex.py
[2023-08-14T14:03:22.310+0300] {logging_mixin.py:150} INFO - [2023-08-14T14:03:22.309+0300] {dag.py:2742} INFO - Sync 1 DAGs
[2023-08-14T14:03:23.003+0300] {logging_mixin.py:150} INFO - [2023-08-14T14:03:23.003+0300] {dag.py:3504} INFO - Setting next_dagrun for example_complex to None, run_after=None
[2023-08-14T14:03:24.772+0300] {processor.py:179} INFO - Processing /home/soamariaka/.local/lib/python3.9/site-packages/airflow/example_dags/example_complex.py took 4.928 seconds
[2023-08-14T14:05:25.549+0300] {processor.py:157} INFO - Started process (PID=13786) to work on /home/soamariaka/.local/lib/python3.9/site-packages/airflow/example_dags/example_complex.py
[2023-08-14T14:05:25.567+0300] {processor.py:826} INFO - Processing file /home/soamariaka/.local/lib/python3.9/site-packages/airflow/example_dags/example_complex.py for tasks to queue
[2023-08-14T14:05:25.570+0300] {logging_mixin.py:150} INFO - [2023-08-14T14:05:25.569+0300] {dagbag.py:541} INFO - Filling up the DagBag from /home/soamariaka/.local/lib/python3.9/site-packages/airflow/example_dags/example_complex.py
[2023-08-14T14:05:25.623+0300] {processor.py:836} INFO - DAG(s) dict_keys(['example_complex']) retrieved from /home/soamariaka/.local/lib/python3.9/site-packages/airflow/example_dags/example_complex.py
[2023-08-14T14:05:25.674+0300] {logging_mixin.py:150} INFO - [2023-08-14T14:05:25.673+0300] {dag.py:2742} INFO - Sync 1 DAGs
[2023-08-14T14:05:25.705+0300] {logging_mixin.py:150} INFO - [2023-08-14T14:05:25.705+0300] {dag.py:3504} INFO - Setting next_dagrun for example_complex to None, run_after=None
[2023-08-14T14:05:26.069+0300] {processor.py:179} INFO - Processing /home/soamariaka/.local/lib/python3.9/site-packages/airflow/example_dags/example_complex.py took 0.525 seconds
[2023-08-14T14:06:49.835+0300] {processor.py:157} INFO - Started process (PID=13868) to work on /home/soamariaka/.local/lib/python3.9/site-packages/airflow/example_dags/example_complex.py
[2023-08-14T14:06:49.854+0300] {processor.py:826} INFO - Processing file /home/soamariaka/.local/lib/python3.9/site-packages/airflow/example_dags/example_complex.py for tasks to queue
[2023-08-14T14:06:49.855+0300] {logging_mixin.py:150} INFO - [2023-08-14T14:06:49.855+0300] {dagbag.py:541} INFO - Filling up the DagBag from /home/soamariaka/.local/lib/python3.9/site-packages/airflow/example_dags/example_complex.py
[2023-08-14T14:06:49.877+0300] {processor.py:836} INFO - DAG(s) dict_keys(['example_complex']) retrieved from /home/soamariaka/.local/lib/python3.9/site-packages/airflow/example_dags/example_complex.py
[2023-08-14T14:06:49.924+0300] {logging_mixin.py:150} INFO - [2023-08-14T14:06:49.924+0300] {dag.py:2742} INFO - Sync 1 DAGs
[2023-08-14T14:06:49.975+0300] {logging_mixin.py:150} INFO - [2023-08-14T14:06:49.975+0300] {dag.py:3504} INFO - Setting next_dagrun for example_complex to None, run_after=None
[2023-08-14T14:06:50.203+0300] {processor.py:179} INFO - Processing /home/soamariaka/.local/lib/python3.9/site-packages/airflow/example_dags/example_complex.py took 0.373 seconds
[2023-08-14T14:08:52.987+0300] {processor.py:157} INFO - Started process (PID=14045) to work on /home/soamariaka/.local/lib/python3.9/site-packages/airflow/example_dags/example_complex.py
[2023-08-14T14:08:53.029+0300] {processor.py:826} INFO - Processing file /home/soamariaka/.local/lib/python3.9/site-packages/airflow/example_dags/example_complex.py for tasks to queue
[2023-08-14T14:08:53.031+0300] {logging_mixin.py:150} INFO - [2023-08-14T14:08:53.030+0300] {dagbag.py:541} INFO - Filling up the DagBag from /home/soamariaka/.local/lib/python3.9/site-packages/airflow/example_dags/example_complex.py
[2023-08-14T14:08:53.057+0300] {processor.py:836} INFO - DAG(s) dict_keys(['example_complex']) retrieved from /home/soamariaka/.local/lib/python3.9/site-packages/airflow/example_dags/example_complex.py
[2023-08-14T14:08:53.108+0300] {logging_mixin.py:150} INFO - [2023-08-14T14:08:53.107+0300] {dag.py:2742} INFO - Sync 1 DAGs
[2023-08-14T14:08:53.143+0300] {logging_mixin.py:150} INFO - [2023-08-14T14:08:53.143+0300] {dag.py:3504} INFO - Setting next_dagrun for example_complex to None, run_after=None
[2023-08-14T14:08:53.354+0300] {processor.py:179} INFO - Processing /home/soamariaka/.local/lib/python3.9/site-packages/airflow/example_dags/example_complex.py took 0.373 seconds
[2023-08-14T14:10:12.992+0300] {processor.py:157} INFO - Started process (PID=14150) to work on /home/soamariaka/.local/lib/python3.9/site-packages/airflow/example_dags/example_complex.py
[2023-08-14T14:10:13.049+0300] {processor.py:826} INFO - Processing file /home/soamariaka/.local/lib/python3.9/site-packages/airflow/example_dags/example_complex.py for tasks to queue
[2023-08-14T14:10:13.051+0300] {logging_mixin.py:150} INFO - [2023-08-14T14:10:13.050+0300] {dagbag.py:541} INFO - Filling up the DagBag from /home/soamariaka/.local/lib/python3.9/site-packages/airflow/example_dags/example_complex.py
[2023-08-14T14:10:13.077+0300] {processor.py:836} INFO - DAG(s) dict_keys(['example_complex']) retrieved from /home/soamariaka/.local/lib/python3.9/site-packages/airflow/example_dags/example_complex.py
[2023-08-14T14:10:13.123+0300] {logging_mixin.py:150} INFO - [2023-08-14T14:10:13.123+0300] {dag.py:2742} INFO - Sync 1 DAGs
[2023-08-14T14:10:13.155+0300] {logging_mixin.py:150} INFO - [2023-08-14T14:10:13.155+0300] {dag.py:3504} INFO - Setting next_dagrun for example_complex to None, run_after=None
[2023-08-14T14:10:13.473+0300] {processor.py:179} INFO - Processing /home/soamariaka/.local/lib/python3.9/site-packages/airflow/example_dags/example_complex.py took 0.486 seconds
[2023-08-14T14:12:08.335+0300] {processor.py:157} INFO - Started process (PID=15130) to work on /home/soamariaka/.local/lib/python3.9/site-packages/airflow/example_dags/example_complex.py
[2023-08-14T14:12:08.337+0300] {processor.py:826} INFO - Processing file /home/soamariaka/.local/lib/python3.9/site-packages/airflow/example_dags/example_complex.py for tasks to queue
[2023-08-14T14:12:08.339+0300] {logging_mixin.py:150} INFO - [2023-08-14T14:12:08.338+0300] {dagbag.py:541} INFO - Filling up the DagBag from /home/soamariaka/.local/lib/python3.9/site-packages/airflow/example_dags/example_complex.py
[2023-08-14T14:12:08.359+0300] {processor.py:836} INFO - DAG(s) dict_keys(['example_complex']) retrieved from /home/soamariaka/.local/lib/python3.9/site-packages/airflow/example_dags/example_complex.py
[2023-08-14T14:12:08.402+0300] {logging_mixin.py:150} INFO - [2023-08-14T14:12:08.402+0300] {dag.py:2742} INFO - Sync 1 DAGs
[2023-08-14T14:12:08.433+0300] {logging_mixin.py:150} INFO - [2023-08-14T14:12:08.433+0300] {dag.py:3504} INFO - Setting next_dagrun for example_complex to None, run_after=None
[2023-08-14T14:12:08.767+0300] {processor.py:179} INFO - Processing /home/soamariaka/.local/lib/python3.9/site-packages/airflow/example_dags/example_complex.py took 0.438 seconds
[2023-08-14T14:13:05.962+0300] {processor.py:157} INFO - Started process (PID=15238) to work on /home/soamariaka/.local/lib/python3.9/site-packages/airflow/example_dags/example_complex.py
[2023-08-14T14:13:05.979+0300] {processor.py:826} INFO - Processing file /home/soamariaka/.local/lib/python3.9/site-packages/airflow/example_dags/example_complex.py for tasks to queue
[2023-08-14T14:13:05.980+0300] {logging_mixin.py:150} INFO - [2023-08-14T14:13:05.980+0300] {dagbag.py:541} INFO - Filling up the DagBag from /home/soamariaka/.local/lib/python3.9/site-packages/airflow/example_dags/example_complex.py
[2023-08-14T14:13:06.001+0300] {processor.py:836} INFO - DAG(s) dict_keys(['example_complex']) retrieved from /home/soamariaka/.local/lib/python3.9/site-packages/airflow/example_dags/example_complex.py
[2023-08-14T14:13:06.061+0300] {logging_mixin.py:150} INFO - [2023-08-14T14:13:06.061+0300] {dag.py:2742} INFO - Sync 1 DAGs
[2023-08-14T14:13:06.099+0300] {logging_mixin.py:150} INFO - [2023-08-14T14:13:06.099+0300] {dag.py:3504} INFO - Setting next_dagrun for example_complex to None, run_after=None
[2023-08-14T14:13:06.575+0300] {processor.py:179} INFO - Processing /home/soamariaka/.local/lib/python3.9/site-packages/airflow/example_dags/example_complex.py took 0.619 seconds
[2023-08-14T14:14:10.880+0300] {processor.py:157} INFO - Started process (PID=15346) to work on /home/soamariaka/.local/lib/python3.9/site-packages/airflow/example_dags/example_complex.py
[2023-08-14T14:14:10.883+0300] {processor.py:826} INFO - Processing file /home/soamariaka/.local/lib/python3.9/site-packages/airflow/example_dags/example_complex.py for tasks to queue
[2023-08-14T14:14:10.885+0300] {logging_mixin.py:150} INFO - [2023-08-14T14:14:10.884+0300] {dagbag.py:541} INFO - Filling up the DagBag from /home/soamariaka/.local/lib/python3.9/site-packages/airflow/example_dags/example_complex.py
[2023-08-14T14:14:10.910+0300] {processor.py:836} INFO - DAG(s) dict_keys(['example_complex']) retrieved from /home/soamariaka/.local/lib/python3.9/site-packages/airflow/example_dags/example_complex.py
[2023-08-14T14:14:10.961+0300] {logging_mixin.py:150} INFO - [2023-08-14T14:14:10.961+0300] {dag.py:2742} INFO - Sync 1 DAGs
[2023-08-14T14:14:11.001+0300] {logging_mixin.py:150} INFO - [2023-08-14T14:14:11.001+0300] {dag.py:3504} INFO - Setting next_dagrun for example_complex to None, run_after=None
[2023-08-14T14:14:11.475+0300] {processor.py:179} INFO - Processing /home/soamariaka/.local/lib/python3.9/site-packages/airflow/example_dags/example_complex.py took 0.602 seconds
[2023-08-14T14:15:13.532+0300] {processor.py:157} INFO - Started process (PID=15426) to work on /home/soamariaka/.local/lib/python3.9/site-packages/airflow/example_dags/example_complex.py
[2023-08-14T14:15:13.568+0300] {processor.py:826} INFO - Processing file /home/soamariaka/.local/lib/python3.9/site-packages/airflow/example_dags/example_complex.py for tasks to queue
[2023-08-14T14:15:13.570+0300] {logging_mixin.py:150} INFO - [2023-08-14T14:15:13.569+0300] {dagbag.py:541} INFO - Filling up the DagBag from /home/soamariaka/.local/lib/python3.9/site-packages/airflow/example_dags/example_complex.py
[2023-08-14T14:15:13.596+0300] {processor.py:836} INFO - DAG(s) dict_keys(['example_complex']) retrieved from /home/soamariaka/.local/lib/python3.9/site-packages/airflow/example_dags/example_complex.py
[2023-08-14T14:15:13.652+0300] {logging_mixin.py:150} INFO - [2023-08-14T14:15:13.651+0300] {dag.py:2742} INFO - Sync 1 DAGs
[2023-08-14T14:15:13.692+0300] {logging_mixin.py:150} INFO - [2023-08-14T14:15:13.692+0300] {dag.py:3504} INFO - Setting next_dagrun for example_complex to None, run_after=None
[2023-08-14T14:15:13.815+0300] {processor.py:179} INFO - Processing /home/soamariaka/.local/lib/python3.9/site-packages/airflow/example_dags/example_complex.py took 0.288 seconds
[2023-08-14T14:16:14.708+0300] {processor.py:157} INFO - Started process (PID=15614) to work on /home/soamariaka/.local/lib/python3.9/site-packages/airflow/example_dags/example_complex.py
[2023-08-14T14:16:14.722+0300] {processor.py:826} INFO - Processing file /home/soamariaka/.local/lib/python3.9/site-packages/airflow/example_dags/example_complex.py for tasks to queue
[2023-08-14T14:16:14.724+0300] {logging_mixin.py:150} INFO - [2023-08-14T14:16:14.723+0300] {dagbag.py:541} INFO - Filling up the DagBag from /home/soamariaka/.local/lib/python3.9/site-packages/airflow/example_dags/example_complex.py
[2023-08-14T14:16:14.753+0300] {processor.py:836} INFO - DAG(s) dict_keys(['example_complex']) retrieved from /home/soamariaka/.local/lib/python3.9/site-packages/airflow/example_dags/example_complex.py
[2023-08-14T14:16:14.819+0300] {logging_mixin.py:150} INFO - [2023-08-14T14:16:14.819+0300] {dag.py:2742} INFO - Sync 1 DAGs
[2023-08-14T14:16:14.852+0300] {logging_mixin.py:150} INFO - [2023-08-14T14:16:14.852+0300] {dag.py:3504} INFO - Setting next_dagrun for example_complex to None, run_after=None
[2023-08-14T14:16:15.098+0300] {processor.py:179} INFO - Processing /home/soamariaka/.local/lib/python3.9/site-packages/airflow/example_dags/example_complex.py took 0.396 seconds
[2023-08-14T14:17:17.996+0300] {processor.py:157} INFO - Started process (PID=15703) to work on /home/soamariaka/.local/lib/python3.9/site-packages/airflow/example_dags/example_complex.py
[2023-08-14T14:17:18.032+0300] {processor.py:826} INFO - Processing file /home/soamariaka/.local/lib/python3.9/site-packages/airflow/example_dags/example_complex.py for tasks to queue
[2023-08-14T14:17:18.046+0300] {logging_mixin.py:150} INFO - [2023-08-14T14:17:18.045+0300] {dagbag.py:541} INFO - Filling up the DagBag from /home/soamariaka/.local/lib/python3.9/site-packages/airflow/example_dags/example_complex.py
[2023-08-14T14:17:18.062+0300] {processor.py:836} INFO - DAG(s) dict_keys(['example_complex']) retrieved from /home/soamariaka/.local/lib/python3.9/site-packages/airflow/example_dags/example_complex.py
[2023-08-14T14:17:18.103+0300] {logging_mixin.py:150} INFO - [2023-08-14T14:17:18.103+0300] {dag.py:2742} INFO - Sync 1 DAGs
[2023-08-14T14:17:18.133+0300] {logging_mixin.py:150} INFO - [2023-08-14T14:17:18.133+0300] {dag.py:3504} INFO - Setting next_dagrun for example_complex to None, run_after=None
[2023-08-14T14:17:18.291+0300] {processor.py:179} INFO - Processing /home/soamariaka/.local/lib/python3.9/site-packages/airflow/example_dags/example_complex.py took 0.300 seconds
[2023-08-14T14:18:46.492+0300] {processor.py:157} INFO - Started process (PID=15912) to work on /home/soamariaka/.local/lib/python3.9/site-packages/airflow/example_dags/example_complex.py
[2023-08-14T14:18:46.508+0300] {processor.py:826} INFO - Processing file /home/soamariaka/.local/lib/python3.9/site-packages/airflow/example_dags/example_complex.py for tasks to queue
[2023-08-14T14:18:46.510+0300] {logging_mixin.py:150} INFO - [2023-08-14T14:18:46.509+0300] {dagbag.py:541} INFO - Filling up the DagBag from /home/soamariaka/.local/lib/python3.9/site-packages/airflow/example_dags/example_complex.py
[2023-08-14T14:18:46.531+0300] {processor.py:836} INFO - DAG(s) dict_keys(['example_complex']) retrieved from /home/soamariaka/.local/lib/python3.9/site-packages/airflow/example_dags/example_complex.py
[2023-08-14T14:18:46.574+0300] {logging_mixin.py:150} INFO - [2023-08-14T14:18:46.574+0300] {dag.py:2742} INFO - Sync 1 DAGs
[2023-08-14T14:18:46.605+0300] {logging_mixin.py:150} INFO - [2023-08-14T14:18:46.604+0300] {dag.py:3504} INFO - Setting next_dagrun for example_complex to None, run_after=None
[2023-08-14T14:18:46.732+0300] {processor.py:179} INFO - Processing /home/soamariaka/.local/lib/python3.9/site-packages/airflow/example_dags/example_complex.py took 0.245 seconds
[2023-08-14T14:19:45.654+0300] {processor.py:157} INFO - Started process (PID=15967) to work on /home/soamariaka/.local/lib/python3.9/site-packages/airflow/example_dags/example_complex.py
[2023-08-14T14:19:45.656+0300] {processor.py:826} INFO - Processing file /home/soamariaka/.local/lib/python3.9/site-packages/airflow/example_dags/example_complex.py for tasks to queue
[2023-08-14T14:19:45.658+0300] {logging_mixin.py:150} INFO - [2023-08-14T14:19:45.657+0300] {dagbag.py:541} INFO - Filling up the DagBag from /home/soamariaka/.local/lib/python3.9/site-packages/airflow/example_dags/example_complex.py
[2023-08-14T14:19:45.678+0300] {processor.py:836} INFO - DAG(s) dict_keys(['example_complex']) retrieved from /home/soamariaka/.local/lib/python3.9/site-packages/airflow/example_dags/example_complex.py
[2023-08-14T14:19:45.720+0300] {logging_mixin.py:150} INFO - [2023-08-14T14:19:45.720+0300] {dag.py:2742} INFO - Sync 1 DAGs
[2023-08-14T14:19:45.752+0300] {logging_mixin.py:150} INFO - [2023-08-14T14:19:45.752+0300] {dag.py:3504} INFO - Setting next_dagrun for example_complex to None, run_after=None
[2023-08-14T14:19:45.889+0300] {processor.py:179} INFO - Processing /home/soamariaka/.local/lib/python3.9/site-packages/airflow/example_dags/example_complex.py took 0.241 seconds
[2023-08-14T14:21:22.574+0300] {processor.py:157} INFO - Started process (PID=16089) to work on /home/soamariaka/.local/lib/python3.9/site-packages/airflow/example_dags/example_complex.py
[2023-08-14T14:21:22.669+0300] {processor.py:826} INFO - Processing file /home/soamariaka/.local/lib/python3.9/site-packages/airflow/example_dags/example_complex.py for tasks to queue
[2023-08-14T14:21:22.671+0300] {logging_mixin.py:150} INFO - [2023-08-14T14:21:22.670+0300] {dagbag.py:541} INFO - Filling up the DagBag from /home/soamariaka/.local/lib/python3.9/site-packages/airflow/example_dags/example_complex.py
[2023-08-14T14:21:22.689+0300] {processor.py:836} INFO - DAG(s) dict_keys(['example_complex']) retrieved from /home/soamariaka/.local/lib/python3.9/site-packages/airflow/example_dags/example_complex.py
[2023-08-14T14:21:22.736+0300] {logging_mixin.py:150} INFO - [2023-08-14T14:21:22.736+0300] {dag.py:2742} INFO - Sync 1 DAGs
[2023-08-14T14:21:22.772+0300] {logging_mixin.py:150} INFO - [2023-08-14T14:21:22.772+0300] {dag.py:3504} INFO - Setting next_dagrun for example_complex to None, run_after=None
[2023-08-14T14:21:23.357+0300] {processor.py:179} INFO - Processing /home/soamariaka/.local/lib/python3.9/site-packages/airflow/example_dags/example_complex.py took 0.789 seconds
[2023-08-14T14:22:29.582+0300] {processor.py:157} INFO - Started process (PID=16151) to work on /home/soamariaka/.local/lib/python3.9/site-packages/airflow/example_dags/example_complex.py
[2023-08-14T14:22:29.585+0300] {processor.py:826} INFO - Processing file /home/soamariaka/.local/lib/python3.9/site-packages/airflow/example_dags/example_complex.py for tasks to queue
[2023-08-14T14:22:29.586+0300] {logging_mixin.py:150} INFO - [2023-08-14T14:22:29.586+0300] {dagbag.py:541} INFO - Filling up the DagBag from /home/soamariaka/.local/lib/python3.9/site-packages/airflow/example_dags/example_complex.py
[2023-08-14T14:22:29.607+0300] {processor.py:836} INFO - DAG(s) dict_keys(['example_complex']) retrieved from /home/soamariaka/.local/lib/python3.9/site-packages/airflow/example_dags/example_complex.py
[2023-08-14T14:22:29.650+0300] {logging_mixin.py:150} INFO - [2023-08-14T14:22:29.649+0300] {dag.py:2742} INFO - Sync 1 DAGs
[2023-08-14T14:22:29.681+0300] {logging_mixin.py:150} INFO - [2023-08-14T14:22:29.680+0300] {dag.py:3504} INFO - Setting next_dagrun for example_complex to None, run_after=None
[2023-08-14T14:22:29.833+0300] {processor.py:179} INFO - Processing /home/soamariaka/.local/lib/python3.9/site-packages/airflow/example_dags/example_complex.py took 0.257 seconds
[2023-08-14T14:23:29.902+0300] {processor.py:157} INFO - Started process (PID=16216) to work on /home/soamariaka/.local/lib/python3.9/site-packages/airflow/example_dags/example_complex.py
[2023-08-14T14:23:29.903+0300] {processor.py:826} INFO - Processing file /home/soamariaka/.local/lib/python3.9/site-packages/airflow/example_dags/example_complex.py for tasks to queue
[2023-08-14T14:23:29.905+0300] {logging_mixin.py:150} INFO - [2023-08-14T14:23:29.904+0300] {dagbag.py:541} INFO - Filling up the DagBag from /home/soamariaka/.local/lib/python3.9/site-packages/airflow/example_dags/example_complex.py
[2023-08-14T14:23:29.925+0300] {processor.py:836} INFO - DAG(s) dict_keys(['example_complex']) retrieved from /home/soamariaka/.local/lib/python3.9/site-packages/airflow/example_dags/example_complex.py
[2023-08-14T14:23:29.979+0300] {logging_mixin.py:150} INFO - [2023-08-14T14:23:29.978+0300] {dag.py:2742} INFO - Sync 1 DAGs
[2023-08-14T14:23:30.016+0300] {logging_mixin.py:150} INFO - [2023-08-14T14:23:30.015+0300] {dag.py:3504} INFO - Setting next_dagrun for example_complex to None, run_after=None
[2023-08-14T14:23:30.147+0300] {processor.py:179} INFO - Processing /home/soamariaka/.local/lib/python3.9/site-packages/airflow/example_dags/example_complex.py took 0.250 seconds
[2023-08-14T14:24:28.188+0300] {processor.py:157} INFO - Started process (PID=16493) to work on /home/soamariaka/.local/lib/python3.9/site-packages/airflow/example_dags/example_complex.py
[2023-08-14T14:24:28.191+0300] {processor.py:826} INFO - Processing file /home/soamariaka/.local/lib/python3.9/site-packages/airflow/example_dags/example_complex.py for tasks to queue
[2023-08-14T14:24:28.192+0300] {logging_mixin.py:150} INFO - [2023-08-14T14:24:28.192+0300] {dagbag.py:541} INFO - Filling up the DagBag from /home/soamariaka/.local/lib/python3.9/site-packages/airflow/example_dags/example_complex.py
[2023-08-14T14:24:28.212+0300] {processor.py:836} INFO - DAG(s) dict_keys(['example_complex']) retrieved from /home/soamariaka/.local/lib/python3.9/site-packages/airflow/example_dags/example_complex.py
[2023-08-14T14:24:28.255+0300] {logging_mixin.py:150} INFO - [2023-08-14T14:24:28.254+0300] {dag.py:2742} INFO - Sync 1 DAGs
[2023-08-14T14:24:28.286+0300] {logging_mixin.py:150} INFO - [2023-08-14T14:24:28.285+0300] {dag.py:3504} INFO - Setting next_dagrun for example_complex to None, run_after=None
[2023-08-14T14:24:28.442+0300] {processor.py:179} INFO - Processing /home/soamariaka/.local/lib/python3.9/site-packages/airflow/example_dags/example_complex.py took 0.259 seconds
[2023-08-14T14:25:26.502+0300] {processor.py:157} INFO - Started process (PID=16605) to work on /home/soamariaka/.local/lib/python3.9/site-packages/airflow/example_dags/example_complex.py
[2023-08-14T14:25:26.504+0300] {processor.py:826} INFO - Processing file /home/soamariaka/.local/lib/python3.9/site-packages/airflow/example_dags/example_complex.py for tasks to queue
[2023-08-14T14:25:26.505+0300] {logging_mixin.py:150} INFO - [2023-08-14T14:25:26.505+0300] {dagbag.py:541} INFO - Filling up the DagBag from /home/soamariaka/.local/lib/python3.9/site-packages/airflow/example_dags/example_complex.py
[2023-08-14T14:25:26.533+0300] {processor.py:836} INFO - DAG(s) dict_keys(['example_complex']) retrieved from /home/soamariaka/.local/lib/python3.9/site-packages/airflow/example_dags/example_complex.py
[2023-08-14T14:25:26.578+0300] {logging_mixin.py:150} INFO - [2023-08-14T14:25:26.578+0300] {dag.py:2742} INFO - Sync 1 DAGs
[2023-08-14T14:25:26.609+0300] {logging_mixin.py:150} INFO - [2023-08-14T14:25:26.609+0300] {dag.py:3504} INFO - Setting next_dagrun for example_complex to None, run_after=None
[2023-08-14T14:25:26.726+0300] {processor.py:179} INFO - Processing /home/soamariaka/.local/lib/python3.9/site-packages/airflow/example_dags/example_complex.py took 0.229 seconds
[2023-08-14T14:26:28.945+0300] {processor.py:157} INFO - Started process (PID=16728) to work on /home/soamariaka/.local/lib/python3.9/site-packages/airflow/example_dags/example_complex.py
[2023-08-14T14:26:28.948+0300] {processor.py:826} INFO - Processing file /home/soamariaka/.local/lib/python3.9/site-packages/airflow/example_dags/example_complex.py for tasks to queue
[2023-08-14T14:26:28.949+0300] {logging_mixin.py:150} INFO - [2023-08-14T14:26:28.949+0300] {dagbag.py:541} INFO - Filling up the DagBag from /home/soamariaka/.local/lib/python3.9/site-packages/airflow/example_dags/example_complex.py
[2023-08-14T14:26:28.970+0300] {processor.py:836} INFO - DAG(s) dict_keys(['example_complex']) retrieved from /home/soamariaka/.local/lib/python3.9/site-packages/airflow/example_dags/example_complex.py
[2023-08-14T14:26:29.013+0300] {logging_mixin.py:150} INFO - [2023-08-14T14:26:29.013+0300] {dag.py:2742} INFO - Sync 1 DAGs
[2023-08-14T14:26:29.044+0300] {logging_mixin.py:150} INFO - [2023-08-14T14:26:29.044+0300] {dag.py:3504} INFO - Setting next_dagrun for example_complex to None, run_after=None
[2023-08-14T14:26:29.178+0300] {processor.py:179} INFO - Processing /home/soamariaka/.local/lib/python3.9/site-packages/airflow/example_dags/example_complex.py took 0.238 seconds
[2023-08-14T14:27:27.125+0300] {processor.py:157} INFO - Started process (PID=16852) to work on /home/soamariaka/.local/lib/python3.9/site-packages/airflow/example_dags/example_complex.py
[2023-08-14T14:27:27.157+0300] {processor.py:826} INFO - Processing file /home/soamariaka/.local/lib/python3.9/site-packages/airflow/example_dags/example_complex.py for tasks to queue
[2023-08-14T14:27:27.158+0300] {logging_mixin.py:150} INFO - [2023-08-14T14:27:27.158+0300] {dagbag.py:541} INFO - Filling up the DagBag from /home/soamariaka/.local/lib/python3.9/site-packages/airflow/example_dags/example_complex.py
[2023-08-14T14:27:27.179+0300] {processor.py:836} INFO - DAG(s) dict_keys(['example_complex']) retrieved from /home/soamariaka/.local/lib/python3.9/site-packages/airflow/example_dags/example_complex.py
[2023-08-14T14:27:27.228+0300] {logging_mixin.py:150} INFO - [2023-08-14T14:27:27.227+0300] {dag.py:2742} INFO - Sync 1 DAGs
[2023-08-14T14:27:27.258+0300] {logging_mixin.py:150} INFO - [2023-08-14T14:27:27.258+0300] {dag.py:3504} INFO - Setting next_dagrun for example_complex to None, run_after=None
[2023-08-14T14:27:27.369+0300] {processor.py:179} INFO - Processing /home/soamariaka/.local/lib/python3.9/site-packages/airflow/example_dags/example_complex.py took 0.250 seconds
[2023-08-14T14:28:30.421+0300] {processor.py:157} INFO - Started process (PID=16973) to work on /home/soamariaka/.local/lib/python3.9/site-packages/airflow/example_dags/example_complex.py
[2023-08-14T14:28:30.424+0300] {processor.py:826} INFO - Processing file /home/soamariaka/.local/lib/python3.9/site-packages/airflow/example_dags/example_complex.py for tasks to queue
[2023-08-14T14:28:30.425+0300] {logging_mixin.py:150} INFO - [2023-08-14T14:28:30.425+0300] {dagbag.py:541} INFO - Filling up the DagBag from /home/soamariaka/.local/lib/python3.9/site-packages/airflow/example_dags/example_complex.py
[2023-08-14T14:28:30.446+0300] {processor.py:836} INFO - DAG(s) dict_keys(['example_complex']) retrieved from /home/soamariaka/.local/lib/python3.9/site-packages/airflow/example_dags/example_complex.py
[2023-08-14T14:28:30.488+0300] {logging_mixin.py:150} INFO - [2023-08-14T14:28:30.488+0300] {dag.py:2742} INFO - Sync 1 DAGs
[2023-08-14T14:28:30.519+0300] {logging_mixin.py:150} INFO - [2023-08-14T14:28:30.519+0300] {dag.py:3504} INFO - Setting next_dagrun for example_complex to None, run_after=None
[2023-08-14T14:28:30.670+0300] {processor.py:179} INFO - Processing /home/soamariaka/.local/lib/python3.9/site-packages/airflow/example_dags/example_complex.py took 0.255 seconds
[2023-08-14T14:29:30.941+0300] {processor.py:157} INFO - Started process (PID=17093) to work on /home/soamariaka/.local/lib/python3.9/site-packages/airflow/example_dags/example_complex.py
[2023-08-14T14:29:30.944+0300] {processor.py:826} INFO - Processing file /home/soamariaka/.local/lib/python3.9/site-packages/airflow/example_dags/example_complex.py for tasks to queue
[2023-08-14T14:29:30.946+0300] {logging_mixin.py:150} INFO - [2023-08-14T14:29:30.945+0300] {dagbag.py:541} INFO - Filling up the DagBag from /home/soamariaka/.local/lib/python3.9/site-packages/airflow/example_dags/example_complex.py
[2023-08-14T14:29:30.966+0300] {processor.py:836} INFO - DAG(s) dict_keys(['example_complex']) retrieved from /home/soamariaka/.local/lib/python3.9/site-packages/airflow/example_dags/example_complex.py
[2023-08-14T14:29:31.008+0300] {logging_mixin.py:150} INFO - [2023-08-14T14:29:31.007+0300] {dag.py:2742} INFO - Sync 1 DAGs
[2023-08-14T14:29:31.038+0300] {logging_mixin.py:150} INFO - [2023-08-14T14:29:31.038+0300] {dag.py:3504} INFO - Setting next_dagrun for example_complex to None, run_after=None
[2023-08-14T14:29:31.181+0300] {processor.py:179} INFO - Processing /home/soamariaka/.local/lib/python3.9/site-packages/airflow/example_dags/example_complex.py took 0.246 seconds
[2023-08-14T14:30:24.994+0300] {processor.py:157} INFO - Started process (PID=17230) to work on /home/soamariaka/.local/lib/python3.9/site-packages/airflow/example_dags/example_complex.py
[2023-08-14T14:30:24.996+0300] {processor.py:826} INFO - Processing file /home/soamariaka/.local/lib/python3.9/site-packages/airflow/example_dags/example_complex.py for tasks to queue
[2023-08-14T14:30:24.997+0300] {logging_mixin.py:150} INFO - [2023-08-14T14:30:24.997+0300] {dagbag.py:541} INFO - Filling up the DagBag from /home/soamariaka/.local/lib/python3.9/site-packages/airflow/example_dags/example_complex.py
[2023-08-14T14:30:25.018+0300] {processor.py:836} INFO - DAG(s) dict_keys(['example_complex']) retrieved from /home/soamariaka/.local/lib/python3.9/site-packages/airflow/example_dags/example_complex.py
[2023-08-14T14:30:25.060+0300] {logging_mixin.py:150} INFO - [2023-08-14T14:30:25.060+0300] {dag.py:2742} INFO - Sync 1 DAGs
[2023-08-14T14:30:25.092+0300] {logging_mixin.py:150} INFO - [2023-08-14T14:30:25.091+0300] {dag.py:3504} INFO - Setting next_dagrun for example_complex to None, run_after=None
[2023-08-14T14:30:25.225+0300] {processor.py:179} INFO - Processing /home/soamariaka/.local/lib/python3.9/site-packages/airflow/example_dags/example_complex.py took 0.237 seconds
[2023-08-14T14:31:20.872+0300] {processor.py:157} INFO - Started process (PID=17314) to work on /home/soamariaka/.local/lib/python3.9/site-packages/airflow/example_dags/example_complex.py
[2023-08-14T14:31:20.900+0300] {processor.py:826} INFO - Processing file /home/soamariaka/.local/lib/python3.9/site-packages/airflow/example_dags/example_complex.py for tasks to queue
[2023-08-14T14:31:20.902+0300] {logging_mixin.py:150} INFO - [2023-08-14T14:31:20.901+0300] {dagbag.py:541} INFO - Filling up the DagBag from /home/soamariaka/.local/lib/python3.9/site-packages/airflow/example_dags/example_complex.py
[2023-08-14T14:31:20.923+0300] {processor.py:836} INFO - DAG(s) dict_keys(['example_complex']) retrieved from /home/soamariaka/.local/lib/python3.9/site-packages/airflow/example_dags/example_complex.py
[2023-08-14T14:31:20.970+0300] {logging_mixin.py:150} INFO - [2023-08-14T14:31:20.970+0300] {dag.py:2742} INFO - Sync 1 DAGs
[2023-08-14T14:31:21.001+0300] {logging_mixin.py:150} INFO - [2023-08-14T14:31:21.000+0300] {dag.py:3504} INFO - Setting next_dagrun for example_complex to None, run_after=None
[2023-08-14T14:31:21.121+0300] {processor.py:179} INFO - Processing /home/soamariaka/.local/lib/python3.9/site-packages/airflow/example_dags/example_complex.py took 0.254 seconds
[2023-08-14T14:32:21.106+0300] {processor.py:157} INFO - Started process (PID=17402) to work on /home/soamariaka/.local/lib/python3.9/site-packages/airflow/example_dags/example_complex.py
[2023-08-14T14:32:21.108+0300] {processor.py:826} INFO - Processing file /home/soamariaka/.local/lib/python3.9/site-packages/airflow/example_dags/example_complex.py for tasks to queue
[2023-08-14T14:32:21.110+0300] {logging_mixin.py:150} INFO - [2023-08-14T14:32:21.109+0300] {dagbag.py:541} INFO - Filling up the DagBag from /home/soamariaka/.local/lib/python3.9/site-packages/airflow/example_dags/example_complex.py
[2023-08-14T14:32:21.130+0300] {processor.py:836} INFO - DAG(s) dict_keys(['example_complex']) retrieved from /home/soamariaka/.local/lib/python3.9/site-packages/airflow/example_dags/example_complex.py
[2023-08-14T14:32:21.173+0300] {logging_mixin.py:150} INFO - [2023-08-14T14:32:21.173+0300] {dag.py:2742} INFO - Sync 1 DAGs
[2023-08-14T14:32:21.204+0300] {logging_mixin.py:150} INFO - [2023-08-14T14:32:21.203+0300] {dag.py:3504} INFO - Setting next_dagrun for example_complex to None, run_after=None
[2023-08-14T14:32:21.351+0300] {processor.py:179} INFO - Processing /home/soamariaka/.local/lib/python3.9/site-packages/airflow/example_dags/example_complex.py took 0.251 seconds
[2023-08-14T14:33:21.061+0300] {processor.py:157} INFO - Started process (PID=17553) to work on /home/soamariaka/.local/lib/python3.9/site-packages/airflow/example_dags/example_complex.py
[2023-08-14T14:33:21.092+0300] {processor.py:826} INFO - Processing file /home/soamariaka/.local/lib/python3.9/site-packages/airflow/example_dags/example_complex.py for tasks to queue
[2023-08-14T14:33:21.094+0300] {logging_mixin.py:150} INFO - [2023-08-14T14:33:21.093+0300] {dagbag.py:541} INFO - Filling up the DagBag from /home/soamariaka/.local/lib/python3.9/site-packages/airflow/example_dags/example_complex.py
[2023-08-14T14:33:21.115+0300] {processor.py:836} INFO - DAG(s) dict_keys(['example_complex']) retrieved from /home/soamariaka/.local/lib/python3.9/site-packages/airflow/example_dags/example_complex.py
[2023-08-14T14:33:21.162+0300] {logging_mixin.py:150} INFO - [2023-08-14T14:33:21.162+0300] {dag.py:2742} INFO - Sync 1 DAGs
[2023-08-14T14:33:21.194+0300] {logging_mixin.py:150} INFO - [2023-08-14T14:33:21.193+0300] {dag.py:3504} INFO - Setting next_dagrun for example_complex to None, run_after=None
[2023-08-14T14:33:21.308+0300] {processor.py:179} INFO - Processing /home/soamariaka/.local/lib/python3.9/site-packages/airflow/example_dags/example_complex.py took 0.252 seconds
[2023-08-14T14:34:20.380+0300] {processor.py:157} INFO - Started process (PID=17607) to work on /home/soamariaka/.local/lib/python3.9/site-packages/airflow/example_dags/example_complex.py
[2023-08-14T14:34:20.383+0300] {processor.py:826} INFO - Processing file /home/soamariaka/.local/lib/python3.9/site-packages/airflow/example_dags/example_complex.py for tasks to queue
[2023-08-14T14:34:20.384+0300] {logging_mixin.py:150} INFO - [2023-08-14T14:34:20.384+0300] {dagbag.py:541} INFO - Filling up the DagBag from /home/soamariaka/.local/lib/python3.9/site-packages/airflow/example_dags/example_complex.py
[2023-08-14T14:34:20.405+0300] {processor.py:836} INFO - DAG(s) dict_keys(['example_complex']) retrieved from /home/soamariaka/.local/lib/python3.9/site-packages/airflow/example_dags/example_complex.py
[2023-08-14T14:34:20.448+0300] {logging_mixin.py:150} INFO - [2023-08-14T14:34:20.448+0300] {dag.py:2742} INFO - Sync 1 DAGs
[2023-08-14T14:34:20.479+0300] {logging_mixin.py:150} INFO - [2023-08-14T14:34:20.479+0300] {dag.py:3504} INFO - Setting next_dagrun for example_complex to None, run_after=None
[2023-08-14T14:34:20.624+0300] {processor.py:179} INFO - Processing /home/soamariaka/.local/lib/python3.9/site-packages/airflow/example_dags/example_complex.py took 0.249 seconds
[2023-08-14T14:35:47.474+0300] {processor.py:157} INFO - Started process (PID=17892) to work on /home/soamariaka/.local/lib/python3.9/site-packages/airflow/example_dags/example_complex.py
[2023-08-14T14:35:47.501+0300] {processor.py:826} INFO - Processing file /home/soamariaka/.local/lib/python3.9/site-packages/airflow/example_dags/example_complex.py for tasks to queue
[2023-08-14T14:35:47.502+0300] {logging_mixin.py:150} INFO - [2023-08-14T14:35:47.502+0300] {dagbag.py:541} INFO - Filling up the DagBag from /home/soamariaka/.local/lib/python3.9/site-packages/airflow/example_dags/example_complex.py
[2023-08-14T14:35:47.529+0300] {processor.py:836} INFO - DAG(s) dict_keys(['example_complex']) retrieved from /home/soamariaka/.local/lib/python3.9/site-packages/airflow/example_dags/example_complex.py
[2023-08-14T14:35:47.579+0300] {logging_mixin.py:150} INFO - [2023-08-14T14:35:47.578+0300] {dag.py:2742} INFO - Sync 1 DAGs
[2023-08-14T14:35:47.609+0300] {logging_mixin.py:150} INFO - [2023-08-14T14:35:47.609+0300] {dag.py:3504} INFO - Setting next_dagrun for example_complex to None, run_after=None
[2023-08-14T14:35:47.754+0300] {processor.py:179} INFO - Processing /home/soamariaka/.local/lib/python3.9/site-packages/airflow/example_dags/example_complex.py took 0.286 seconds
[2023-08-14T14:37:28.088+0300] {processor.py:157} INFO - Started process (PID=18059) to work on /home/soamariaka/.local/lib/python3.9/site-packages/airflow/example_dags/example_complex.py
[2023-08-14T14:37:28.090+0300] {processor.py:826} INFO - Processing file /home/soamariaka/.local/lib/python3.9/site-packages/airflow/example_dags/example_complex.py for tasks to queue
[2023-08-14T14:37:28.091+0300] {logging_mixin.py:150} INFO - [2023-08-14T14:37:28.091+0300] {dagbag.py:541} INFO - Filling up the DagBag from /home/soamariaka/.local/lib/python3.9/site-packages/airflow/example_dags/example_complex.py
[2023-08-14T14:37:28.112+0300] {processor.py:836} INFO - DAG(s) dict_keys(['example_complex']) retrieved from /home/soamariaka/.local/lib/python3.9/site-packages/airflow/example_dags/example_complex.py
[2023-08-14T14:37:28.155+0300] {logging_mixin.py:150} INFO - [2023-08-14T14:37:28.155+0300] {dag.py:2742} INFO - Sync 1 DAGs
[2023-08-14T14:37:28.201+0300] {logging_mixin.py:150} INFO - [2023-08-14T14:37:28.200+0300] {dag.py:3504} INFO - Setting next_dagrun for example_complex to None, run_after=None
[2023-08-14T14:37:28.335+0300] {processor.py:179} INFO - Processing /home/soamariaka/.local/lib/python3.9/site-packages/airflow/example_dags/example_complex.py took 0.252 seconds
[2023-08-14T14:38:28.665+0300] {processor.py:157} INFO - Started process (PID=18242) to work on /home/soamariaka/.local/lib/python3.9/site-packages/airflow/example_dags/example_complex.py
[2023-08-14T14:38:28.667+0300] {processor.py:826} INFO - Processing file /home/soamariaka/.local/lib/python3.9/site-packages/airflow/example_dags/example_complex.py for tasks to queue
[2023-08-14T14:38:28.668+0300] {logging_mixin.py:150} INFO - [2023-08-14T14:38:28.668+0300] {dagbag.py:541} INFO - Filling up the DagBag from /home/soamariaka/.local/lib/python3.9/site-packages/airflow/example_dags/example_complex.py
[2023-08-14T14:38:28.689+0300] {processor.py:836} INFO - DAG(s) dict_keys(['example_complex']) retrieved from /home/soamariaka/.local/lib/python3.9/site-packages/airflow/example_dags/example_complex.py
[2023-08-14T14:38:28.737+0300] {logging_mixin.py:150} INFO - [2023-08-14T14:38:28.737+0300] {dag.py:2742} INFO - Sync 1 DAGs
[2023-08-14T14:38:28.770+0300] {logging_mixin.py:150} INFO - [2023-08-14T14:38:28.770+0300] {dag.py:3504} INFO - Setting next_dagrun for example_complex to None, run_after=None
[2023-08-14T14:38:29.003+0300] {processor.py:179} INFO - Processing /home/soamariaka/.local/lib/python3.9/site-packages/airflow/example_dags/example_complex.py took 0.343 seconds
[2023-08-14T14:39:36.473+0300] {processor.py:157} INFO - Started process (PID=18397) to work on /home/soamariaka/.local/lib/python3.9/site-packages/airflow/example_dags/example_complex.py
[2023-08-14T14:39:36.503+0300] {processor.py:826} INFO - Processing file /home/soamariaka/.local/lib/python3.9/site-packages/airflow/example_dags/example_complex.py for tasks to queue
[2023-08-14T14:39:36.505+0300] {logging_mixin.py:150} INFO - [2023-08-14T14:39:36.504+0300] {dagbag.py:541} INFO - Filling up the DagBag from /home/soamariaka/.local/lib/python3.9/site-packages/airflow/example_dags/example_complex.py
[2023-08-14T14:39:36.527+0300] {processor.py:836} INFO - DAG(s) dict_keys(['example_complex']) retrieved from /home/soamariaka/.local/lib/python3.9/site-packages/airflow/example_dags/example_complex.py
[2023-08-14T14:39:36.577+0300] {logging_mixin.py:150} INFO - [2023-08-14T14:39:36.577+0300] {dag.py:2742} INFO - Sync 1 DAGs
[2023-08-14T14:39:36.608+0300] {logging_mixin.py:150} INFO - [2023-08-14T14:39:36.608+0300] {dag.py:3504} INFO - Setting next_dagrun for example_complex to None, run_after=None
[2023-08-14T14:39:36.823+0300] {processor.py:179} INFO - Processing /home/soamariaka/.local/lib/python3.9/site-packages/airflow/example_dags/example_complex.py took 0.355 seconds
[2023-08-14T14:41:02.213+0300] {processor.py:157} INFO - Started process (PID=18653) to work on /home/soamariaka/.local/lib/python3.9/site-packages/airflow/example_dags/example_complex.py
[2023-08-14T14:41:02.215+0300] {processor.py:826} INFO - Processing file /home/soamariaka/.local/lib/python3.9/site-packages/airflow/example_dags/example_complex.py for tasks to queue
[2023-08-14T14:41:02.217+0300] {logging_mixin.py:150} INFO - [2023-08-14T14:41:02.216+0300] {dagbag.py:541} INFO - Filling up the DagBag from /home/soamariaka/.local/lib/python3.9/site-packages/airflow/example_dags/example_complex.py
[2023-08-14T14:41:02.237+0300] {processor.py:836} INFO - DAG(s) dict_keys(['example_complex']) retrieved from /home/soamariaka/.local/lib/python3.9/site-packages/airflow/example_dags/example_complex.py
[2023-08-14T14:41:02.280+0300] {logging_mixin.py:150} INFO - [2023-08-14T14:41:02.280+0300] {dag.py:2742} INFO - Sync 1 DAGs
[2023-08-14T14:41:02.318+0300] {logging_mixin.py:150} INFO - [2023-08-14T14:41:02.318+0300] {dag.py:3504} INFO - Setting next_dagrun for example_complex to None, run_after=None
[2023-08-14T14:41:02.467+0300] {processor.py:179} INFO - Processing /home/soamariaka/.local/lib/python3.9/site-packages/airflow/example_dags/example_complex.py took 0.260 seconds
