[2023-08-14T13:33:23.630+0300] {processor.py:157} INFO - Started process (PID=10781) to work on /home/soamariaka/.local/lib/python3.9/site-packages/airflow/example_dags/example_latest_only.py
[2023-08-14T13:33:23.631+0300] {processor.py:826} INFO - Processing file /home/soamariaka/.local/lib/python3.9/site-packages/airflow/example_dags/example_latest_only.py for tasks to queue
[2023-08-14T13:33:23.633+0300] {logging_mixin.py:150} INFO - [2023-08-14T13:33:23.632+0300] {dagbag.py:541} INFO - Filling up the DagBag from /home/soamariaka/.local/lib/python3.9/site-packages/airflow/example_dags/example_latest_only.py
[2023-08-14T13:33:23.643+0300] {processor.py:836} INFO - DAG(s) dict_keys(['latest_only']) retrieved from /home/soamariaka/.local/lib/python3.9/site-packages/airflow/example_dags/example_latest_only.py
[2023-08-14T13:33:23.668+0300] {logging_mixin.py:150} INFO - [2023-08-14T13:33:23.668+0300] {dag.py:2742} INFO - Sync 1 DAGs
[2023-08-14T13:33:23.700+0300] {logging_mixin.py:150} INFO - [2023-08-14T13:33:23.700+0300] {dag.py:3504} INFO - Setting next_dagrun for latest_only to 2023-08-14T06:33:23.699701+00:00, run_after=2023-08-14T10:33:23.699701+00:00
[2023-08-14T13:33:24.314+0300] {processor.py:179} INFO - Processing /home/soamariaka/.local/lib/python3.9/site-packages/airflow/example_dags/example_latest_only.py took 0.690 seconds
[2023-08-14T13:34:55.248+0300] {processor.py:157} INFO - Started process (PID=10973) to work on /home/soamariaka/.local/lib/python3.9/site-packages/airflow/example_dags/example_latest_only.py
[2023-08-14T13:34:55.261+0300] {processor.py:826} INFO - Processing file /home/soamariaka/.local/lib/python3.9/site-packages/airflow/example_dags/example_latest_only.py for tasks to queue
[2023-08-14T13:34:55.274+0300] {logging_mixin.py:150} INFO - [2023-08-14T13:34:55.273+0300] {dagbag.py:541} INFO - Filling up the DagBag from /home/soamariaka/.local/lib/python3.9/site-packages/airflow/example_dags/example_latest_only.py
[2023-08-14T13:34:55.286+0300] {processor.py:836} INFO - DAG(s) dict_keys(['latest_only']) retrieved from /home/soamariaka/.local/lib/python3.9/site-packages/airflow/example_dags/example_latest_only.py
[2023-08-14T13:34:55.315+0300] {logging_mixin.py:150} INFO - [2023-08-14T13:34:55.315+0300] {dag.py:2742} INFO - Sync 1 DAGs
[2023-08-14T13:34:55.349+0300] {logging_mixin.py:150} INFO - [2023-08-14T13:34:55.348+0300] {dag.py:3504} INFO - Setting next_dagrun for latest_only to 2023-08-14T06:34:55.348379+00:00, run_after=2023-08-14T10:34:55.348379+00:00
[2023-08-14T13:34:55.476+0300] {processor.py:179} INFO - Processing /home/soamariaka/.local/lib/python3.9/site-packages/airflow/example_dags/example_latest_only.py took 0.233 seconds
[2023-08-14T13:36:00.478+0300] {processor.py:157} INFO - Started process (PID=11069) to work on /home/soamariaka/.local/lib/python3.9/site-packages/airflow/example_dags/example_latest_only.py
[2023-08-14T13:36:00.516+0300] {processor.py:826} INFO - Processing file /home/soamariaka/.local/lib/python3.9/site-packages/airflow/example_dags/example_latest_only.py for tasks to queue
[2023-08-14T13:36:00.518+0300] {logging_mixin.py:150} INFO - [2023-08-14T13:36:00.518+0300] {dagbag.py:541} INFO - Filling up the DagBag from /home/soamariaka/.local/lib/python3.9/site-packages/airflow/example_dags/example_latest_only.py
[2023-08-14T13:36:00.531+0300] {processor.py:836} INFO - DAG(s) dict_keys(['latest_only']) retrieved from /home/soamariaka/.local/lib/python3.9/site-packages/airflow/example_dags/example_latest_only.py
[2023-08-14T13:36:00.563+0300] {logging_mixin.py:150} INFO - [2023-08-14T13:36:00.563+0300] {dag.py:2742} INFO - Sync 1 DAGs
[2023-08-14T13:36:00.597+0300] {logging_mixin.py:150} INFO - [2023-08-14T13:36:00.597+0300] {dag.py:3504} INFO - Setting next_dagrun for latest_only to 2023-08-14T06:36:00.597352+00:00, run_after=2023-08-14T10:36:00.597352+00:00
[2023-08-14T13:36:00.747+0300] {processor.py:179} INFO - Processing /home/soamariaka/.local/lib/python3.9/site-packages/airflow/example_dags/example_latest_only.py took 0.274 seconds
[2023-08-14T13:36:59.156+0300] {processor.py:157} INFO - Started process (PID=11134) to work on /home/soamariaka/.local/lib/python3.9/site-packages/airflow/example_dags/example_latest_only.py
[2023-08-14T13:36:59.192+0300] {processor.py:826} INFO - Processing file /home/soamariaka/.local/lib/python3.9/site-packages/airflow/example_dags/example_latest_only.py for tasks to queue
[2023-08-14T13:36:59.193+0300] {logging_mixin.py:150} INFO - [2023-08-14T13:36:59.193+0300] {dagbag.py:541} INFO - Filling up the DagBag from /home/soamariaka/.local/lib/python3.9/site-packages/airflow/example_dags/example_latest_only.py
[2023-08-14T13:36:59.202+0300] {processor.py:836} INFO - DAG(s) dict_keys(['latest_only']) retrieved from /home/soamariaka/.local/lib/python3.9/site-packages/airflow/example_dags/example_latest_only.py
[2023-08-14T13:36:59.228+0300] {logging_mixin.py:150} INFO - [2023-08-14T13:36:59.228+0300] {dag.py:2742} INFO - Sync 1 DAGs
[2023-08-14T13:36:59.263+0300] {logging_mixin.py:150} INFO - [2023-08-14T13:36:59.262+0300] {dag.py:3504} INFO - Setting next_dagrun for latest_only to 2023-08-14T06:36:59.262399+00:00, run_after=2023-08-14T10:36:59.262399+00:00
[2023-08-14T13:36:59.381+0300] {processor.py:179} INFO - Processing /home/soamariaka/.local/lib/python3.9/site-packages/airflow/example_dags/example_latest_only.py took 0.230 seconds
[2023-08-14T13:37:59.544+0300] {processor.py:157} INFO - Started process (PID=11252) to work on /home/soamariaka/.local/lib/python3.9/site-packages/airflow/example_dags/example_latest_only.py
[2023-08-14T13:37:59.547+0300] {processor.py:826} INFO - Processing file /home/soamariaka/.local/lib/python3.9/site-packages/airflow/example_dags/example_latest_only.py for tasks to queue
[2023-08-14T13:37:59.549+0300] {logging_mixin.py:150} INFO - [2023-08-14T13:37:59.548+0300] {dagbag.py:541} INFO - Filling up the DagBag from /home/soamariaka/.local/lib/python3.9/site-packages/airflow/example_dags/example_latest_only.py
[2023-08-14T13:37:59.560+0300] {processor.py:836} INFO - DAG(s) dict_keys(['latest_only']) retrieved from /home/soamariaka/.local/lib/python3.9/site-packages/airflow/example_dags/example_latest_only.py
[2023-08-14T13:37:59.586+0300] {logging_mixin.py:150} INFO - [2023-08-14T13:37:59.586+0300] {dag.py:2742} INFO - Sync 1 DAGs
[2023-08-14T13:37:59.618+0300] {logging_mixin.py:150} INFO - [2023-08-14T13:37:59.617+0300] {dag.py:3504} INFO - Setting next_dagrun for latest_only to 2023-08-14T06:37:59.617484+00:00, run_after=2023-08-14T10:37:59.617484+00:00
[2023-08-14T13:37:59.756+0300] {processor.py:179} INFO - Processing /home/soamariaka/.local/lib/python3.9/site-packages/airflow/example_dags/example_latest_only.py took 0.217 seconds
[2023-08-14T13:39:02.322+0300] {processor.py:157} INFO - Started process (PID=11378) to work on /home/soamariaka/.local/lib/python3.9/site-packages/airflow/example_dags/example_latest_only.py
[2023-08-14T13:39:02.325+0300] {processor.py:826} INFO - Processing file /home/soamariaka/.local/lib/python3.9/site-packages/airflow/example_dags/example_latest_only.py for tasks to queue
[2023-08-14T13:39:02.326+0300] {logging_mixin.py:150} INFO - [2023-08-14T13:39:02.325+0300] {dagbag.py:541} INFO - Filling up the DagBag from /home/soamariaka/.local/lib/python3.9/site-packages/airflow/example_dags/example_latest_only.py
[2023-08-14T13:39:02.336+0300] {processor.py:836} INFO - DAG(s) dict_keys(['latest_only']) retrieved from /home/soamariaka/.local/lib/python3.9/site-packages/airflow/example_dags/example_latest_only.py
[2023-08-14T13:39:02.361+0300] {logging_mixin.py:150} INFO - [2023-08-14T13:39:02.360+0300] {dag.py:2742} INFO - Sync 1 DAGs
[2023-08-14T13:39:02.393+0300] {logging_mixin.py:150} INFO - [2023-08-14T13:39:02.392+0300] {dag.py:3504} INFO - Setting next_dagrun for latest_only to 2023-08-14T06:39:02.392489+00:00, run_after=2023-08-14T10:39:02.392489+00:00
[2023-08-14T13:39:02.539+0300] {processor.py:179} INFO - Processing /home/soamariaka/.local/lib/python3.9/site-packages/airflow/example_dags/example_latest_only.py took 0.222 seconds
[2023-08-14T13:40:04.677+0300] {processor.py:157} INFO - Started process (PID=11480) to work on /home/soamariaka/.local/lib/python3.9/site-packages/airflow/example_dags/example_latest_only.py
[2023-08-14T13:40:04.680+0300] {processor.py:826} INFO - Processing file /home/soamariaka/.local/lib/python3.9/site-packages/airflow/example_dags/example_latest_only.py for tasks to queue
[2023-08-14T13:40:04.682+0300] {logging_mixin.py:150} INFO - [2023-08-14T13:40:04.682+0300] {dagbag.py:541} INFO - Filling up the DagBag from /home/soamariaka/.local/lib/python3.9/site-packages/airflow/example_dags/example_latest_only.py
[2023-08-14T13:40:04.697+0300] {processor.py:836} INFO - DAG(s) dict_keys(['latest_only']) retrieved from /home/soamariaka/.local/lib/python3.9/site-packages/airflow/example_dags/example_latest_only.py
[2023-08-14T13:40:04.729+0300] {logging_mixin.py:150} INFO - [2023-08-14T13:40:04.728+0300] {dag.py:2742} INFO - Sync 1 DAGs
[2023-08-14T13:40:04.773+0300] {logging_mixin.py:150} INFO - [2023-08-14T13:40:04.773+0300] {dag.py:3504} INFO - Setting next_dagrun for latest_only to 2023-08-14T06:40:04.773211+00:00, run_after=2023-08-14T10:40:04.773211+00:00
[2023-08-14T13:40:04.958+0300] {processor.py:179} INFO - Processing /home/soamariaka/.local/lib/python3.9/site-packages/airflow/example_dags/example_latest_only.py took 0.288 seconds
[2023-08-14T13:41:00.211+0300] {processor.py:157} INFO - Started process (PID=11564) to work on /home/soamariaka/.local/lib/python3.9/site-packages/airflow/example_dags/example_latest_only.py
[2023-08-14T13:41:00.223+0300] {processor.py:826} INFO - Processing file /home/soamariaka/.local/lib/python3.9/site-packages/airflow/example_dags/example_latest_only.py for tasks to queue
[2023-08-14T13:41:00.225+0300] {logging_mixin.py:150} INFO - [2023-08-14T13:41:00.224+0300] {dagbag.py:541} INFO - Filling up the DagBag from /home/soamariaka/.local/lib/python3.9/site-packages/airflow/example_dags/example_latest_only.py
[2023-08-14T13:41:00.240+0300] {processor.py:836} INFO - DAG(s) dict_keys(['latest_only']) retrieved from /home/soamariaka/.local/lib/python3.9/site-packages/airflow/example_dags/example_latest_only.py
[2023-08-14T13:41:00.278+0300] {logging_mixin.py:150} INFO - [2023-08-14T13:41:00.277+0300] {dag.py:2742} INFO - Sync 1 DAGs
[2023-08-14T13:41:00.326+0300] {logging_mixin.py:150} INFO - [2023-08-14T13:41:00.325+0300] {dag.py:3504} INFO - Setting next_dagrun for latest_only to 2023-08-14T06:41:00.324975+00:00, run_after=2023-08-14T10:41:00.324975+00:00
[2023-08-14T13:41:00.474+0300] {processor.py:179} INFO - Processing /home/soamariaka/.local/lib/python3.9/site-packages/airflow/example_dags/example_latest_only.py took 0.270 seconds
[2023-08-14T13:42:00.333+0300] {processor.py:157} INFO - Started process (PID=11614) to work on /home/soamariaka/.local/lib/python3.9/site-packages/airflow/example_dags/example_latest_only.py
[2023-08-14T13:42:00.336+0300] {processor.py:826} INFO - Processing file /home/soamariaka/.local/lib/python3.9/site-packages/airflow/example_dags/example_latest_only.py for tasks to queue
[2023-08-14T13:42:00.338+0300] {logging_mixin.py:150} INFO - [2023-08-14T13:42:00.337+0300] {dagbag.py:541} INFO - Filling up the DagBag from /home/soamariaka/.local/lib/python3.9/site-packages/airflow/example_dags/example_latest_only.py
[2023-08-14T13:42:00.347+0300] {processor.py:836} INFO - DAG(s) dict_keys(['latest_only']) retrieved from /home/soamariaka/.local/lib/python3.9/site-packages/airflow/example_dags/example_latest_only.py
[2023-08-14T13:42:00.374+0300] {logging_mixin.py:150} INFO - [2023-08-14T13:42:00.374+0300] {dag.py:2742} INFO - Sync 1 DAGs
[2023-08-14T13:42:00.406+0300] {logging_mixin.py:150} INFO - [2023-08-14T13:42:00.406+0300] {dag.py:3504} INFO - Setting next_dagrun for latest_only to 2023-08-14T06:42:00.405835+00:00, run_after=2023-08-14T10:42:00.405835+00:00
[2023-08-14T13:42:00.559+0300] {processor.py:179} INFO - Processing /home/soamariaka/.local/lib/python3.9/site-packages/airflow/example_dags/example_latest_only.py took 0.231 seconds
[2023-08-14T13:42:54.737+0300] {processor.py:157} INFO - Started process (PID=11665) to work on /home/soamariaka/.local/lib/python3.9/site-packages/airflow/example_dags/example_latest_only.py
[2023-08-14T13:42:54.776+0300] {processor.py:826} INFO - Processing file /home/soamariaka/.local/lib/python3.9/site-packages/airflow/example_dags/example_latest_only.py for tasks to queue
[2023-08-14T13:42:54.778+0300] {logging_mixin.py:150} INFO - [2023-08-14T13:42:54.777+0300] {dagbag.py:541} INFO - Filling up the DagBag from /home/soamariaka/.local/lib/python3.9/site-packages/airflow/example_dags/example_latest_only.py
[2023-08-14T13:42:54.789+0300] {processor.py:836} INFO - DAG(s) dict_keys(['latest_only']) retrieved from /home/soamariaka/.local/lib/python3.9/site-packages/airflow/example_dags/example_latest_only.py
[2023-08-14T13:42:54.818+0300] {logging_mixin.py:150} INFO - [2023-08-14T13:42:54.818+0300] {dag.py:2742} INFO - Sync 1 DAGs
[2023-08-14T13:42:54.849+0300] {logging_mixin.py:150} INFO - [2023-08-14T13:42:54.849+0300] {dag.py:3504} INFO - Setting next_dagrun for latest_only to 2023-08-14T06:42:54.849093+00:00, run_after=2023-08-14T10:42:54.849093+00:00
[2023-08-14T13:42:54.977+0300] {processor.py:179} INFO - Processing /home/soamariaka/.local/lib/python3.9/site-packages/airflow/example_dags/example_latest_only.py took 0.245 seconds
[2023-08-14T13:43:52.892+0300] {processor.py:157} INFO - Started process (PID=11745) to work on /home/soamariaka/.local/lib/python3.9/site-packages/airflow/example_dags/example_latest_only.py
[2023-08-14T13:43:52.895+0300] {processor.py:826} INFO - Processing file /home/soamariaka/.local/lib/python3.9/site-packages/airflow/example_dags/example_latest_only.py for tasks to queue
[2023-08-14T13:43:52.896+0300] {logging_mixin.py:150} INFO - [2023-08-14T13:43:52.896+0300] {dagbag.py:541} INFO - Filling up the DagBag from /home/soamariaka/.local/lib/python3.9/site-packages/airflow/example_dags/example_latest_only.py
[2023-08-14T13:43:52.908+0300] {processor.py:836} INFO - DAG(s) dict_keys(['latest_only']) retrieved from /home/soamariaka/.local/lib/python3.9/site-packages/airflow/example_dags/example_latest_only.py
[2023-08-14T13:43:52.934+0300] {logging_mixin.py:150} INFO - [2023-08-14T13:43:52.934+0300] {dag.py:2742} INFO - Sync 1 DAGs
[2023-08-14T13:43:52.965+0300] {logging_mixin.py:150} INFO - [2023-08-14T13:43:52.964+0300] {dag.py:3504} INFO - Setting next_dagrun for latest_only to 2023-08-14T06:43:52.964564+00:00, run_after=2023-08-14T10:43:52.964564+00:00
[2023-08-14T13:43:53.204+0300] {processor.py:179} INFO - Processing /home/soamariaka/.local/lib/python3.9/site-packages/airflow/example_dags/example_latest_only.py took 0.317 seconds
[2023-08-14T13:44:58.392+0300] {processor.py:157} INFO - Started process (PID=11818) to work on /home/soamariaka/.local/lib/python3.9/site-packages/airflow/example_dags/example_latest_only.py
[2023-08-14T13:44:58.394+0300] {processor.py:826} INFO - Processing file /home/soamariaka/.local/lib/python3.9/site-packages/airflow/example_dags/example_latest_only.py for tasks to queue
[2023-08-14T13:44:58.395+0300] {logging_mixin.py:150} INFO - [2023-08-14T13:44:58.395+0300] {dagbag.py:541} INFO - Filling up the DagBag from /home/soamariaka/.local/lib/python3.9/site-packages/airflow/example_dags/example_latest_only.py
[2023-08-14T13:44:58.404+0300] {processor.py:836} INFO - DAG(s) dict_keys(['latest_only']) retrieved from /home/soamariaka/.local/lib/python3.9/site-packages/airflow/example_dags/example_latest_only.py
[2023-08-14T13:44:58.429+0300] {logging_mixin.py:150} INFO - [2023-08-14T13:44:58.428+0300] {dag.py:2742} INFO - Sync 1 DAGs
[2023-08-14T13:44:58.461+0300] {logging_mixin.py:150} INFO - [2023-08-14T13:44:58.460+0300] {dag.py:3504} INFO - Setting next_dagrun for latest_only to 2023-08-14T06:44:58.460376+00:00, run_after=2023-08-14T10:44:58.460376+00:00
[2023-08-14T13:44:58.707+0300] {processor.py:179} INFO - Processing /home/soamariaka/.local/lib/python3.9/site-packages/airflow/example_dags/example_latest_only.py took 0.319 seconds
[2023-08-14T13:46:02.305+0300] {processor.py:157} INFO - Started process (PID=11909) to work on /home/soamariaka/.local/lib/python3.9/site-packages/airflow/example_dags/example_latest_only.py
[2023-08-14T13:46:02.307+0300] {processor.py:826} INFO - Processing file /home/soamariaka/.local/lib/python3.9/site-packages/airflow/example_dags/example_latest_only.py for tasks to queue
[2023-08-14T13:46:02.308+0300] {logging_mixin.py:150} INFO - [2023-08-14T13:46:02.308+0300] {dagbag.py:541} INFO - Filling up the DagBag from /home/soamariaka/.local/lib/python3.9/site-packages/airflow/example_dags/example_latest_only.py
[2023-08-14T13:46:02.318+0300] {processor.py:836} INFO - DAG(s) dict_keys(['latest_only']) retrieved from /home/soamariaka/.local/lib/python3.9/site-packages/airflow/example_dags/example_latest_only.py
[2023-08-14T13:46:02.343+0300] {logging_mixin.py:150} INFO - [2023-08-14T13:46:02.342+0300] {dag.py:2742} INFO - Sync 1 DAGs
[2023-08-14T13:46:02.387+0300] {logging_mixin.py:150} INFO - [2023-08-14T13:46:02.387+0300] {dag.py:3504} INFO - Setting next_dagrun for latest_only to 2023-08-14T06:46:02.386700+00:00, run_after=2023-08-14T10:46:02.386700+00:00
[2023-08-14T13:46:02.600+0300] {processor.py:179} INFO - Processing /home/soamariaka/.local/lib/python3.9/site-packages/airflow/example_dags/example_latest_only.py took 0.301 seconds
[2023-08-14T13:47:06.496+0300] {processor.py:157} INFO - Started process (PID=11970) to work on /home/soamariaka/.local/lib/python3.9/site-packages/airflow/example_dags/example_latest_only.py
[2023-08-14T13:47:06.498+0300] {processor.py:826} INFO - Processing file /home/soamariaka/.local/lib/python3.9/site-packages/airflow/example_dags/example_latest_only.py for tasks to queue
[2023-08-14T13:47:06.500+0300] {logging_mixin.py:150} INFO - [2023-08-14T13:47:06.499+0300] {dagbag.py:541} INFO - Filling up the DagBag from /home/soamariaka/.local/lib/python3.9/site-packages/airflow/example_dags/example_latest_only.py
[2023-08-14T13:47:06.509+0300] {processor.py:836} INFO - DAG(s) dict_keys(['latest_only']) retrieved from /home/soamariaka/.local/lib/python3.9/site-packages/airflow/example_dags/example_latest_only.py
[2023-08-14T13:47:06.534+0300] {logging_mixin.py:150} INFO - [2023-08-14T13:47:06.534+0300] {dag.py:2742} INFO - Sync 1 DAGs
[2023-08-14T13:47:06.565+0300] {logging_mixin.py:150} INFO - [2023-08-14T13:47:06.565+0300] {dag.py:3504} INFO - Setting next_dagrun for latest_only to 2023-08-14T06:47:06.564902+00:00, run_after=2023-08-14T10:47:06.564902+00:00
[2023-08-14T13:47:06.722+0300] {processor.py:179} INFO - Processing /home/soamariaka/.local/lib/python3.9/site-packages/airflow/example_dags/example_latest_only.py took 0.232 seconds
[2023-08-14T13:48:09.592+0300] {processor.py:157} INFO - Started process (PID=12031) to work on /home/soamariaka/.local/lib/python3.9/site-packages/airflow/example_dags/example_latest_only.py
[2023-08-14T13:48:09.595+0300] {processor.py:826} INFO - Processing file /home/soamariaka/.local/lib/python3.9/site-packages/airflow/example_dags/example_latest_only.py for tasks to queue
[2023-08-14T13:48:09.596+0300] {logging_mixin.py:150} INFO - [2023-08-14T13:48:09.596+0300] {dagbag.py:541} INFO - Filling up the DagBag from /home/soamariaka/.local/lib/python3.9/site-packages/airflow/example_dags/example_latest_only.py
[2023-08-14T13:48:09.605+0300] {processor.py:836} INFO - DAG(s) dict_keys(['latest_only']) retrieved from /home/soamariaka/.local/lib/python3.9/site-packages/airflow/example_dags/example_latest_only.py
[2023-08-14T13:48:09.628+0300] {logging_mixin.py:150} INFO - [2023-08-14T13:48:09.627+0300] {dag.py:2742} INFO - Sync 1 DAGs
[2023-08-14T13:48:09.659+0300] {logging_mixin.py:150} INFO - [2023-08-14T13:48:09.659+0300] {dag.py:3504} INFO - Setting next_dagrun for latest_only to 2023-08-14T06:48:09.658890+00:00, run_after=2023-08-14T10:48:09.658890+00:00
[2023-08-14T13:48:09.795+0300] {processor.py:179} INFO - Processing /home/soamariaka/.local/lib/python3.9/site-packages/airflow/example_dags/example_latest_only.py took 0.208 seconds
[2023-08-14T13:49:11.340+0300] {processor.py:157} INFO - Started process (PID=12121) to work on /home/soamariaka/.local/lib/python3.9/site-packages/airflow/example_dags/example_latest_only.py
[2023-08-14T13:49:11.343+0300] {processor.py:826} INFO - Processing file /home/soamariaka/.local/lib/python3.9/site-packages/airflow/example_dags/example_latest_only.py for tasks to queue
[2023-08-14T13:49:11.344+0300] {logging_mixin.py:150} INFO - [2023-08-14T13:49:11.344+0300] {dagbag.py:541} INFO - Filling up the DagBag from /home/soamariaka/.local/lib/python3.9/site-packages/airflow/example_dags/example_latest_only.py
[2023-08-14T13:49:11.355+0300] {processor.py:836} INFO - DAG(s) dict_keys(['latest_only']) retrieved from /home/soamariaka/.local/lib/python3.9/site-packages/airflow/example_dags/example_latest_only.py
[2023-08-14T13:49:11.380+0300] {logging_mixin.py:150} INFO - [2023-08-14T13:49:11.380+0300] {dag.py:2742} INFO - Sync 1 DAGs
[2023-08-14T13:49:11.412+0300] {logging_mixin.py:150} INFO - [2023-08-14T13:49:11.411+0300] {dag.py:3504} INFO - Setting next_dagrun for latest_only to 2023-08-14T06:49:11.411414+00:00, run_after=2023-08-14T10:49:11.411414+00:00
[2023-08-14T13:49:11.545+0300] {processor.py:179} INFO - Processing /home/soamariaka/.local/lib/python3.9/site-packages/airflow/example_dags/example_latest_only.py took 0.210 seconds
[2023-08-14T13:50:14.433+0300] {processor.py:157} INFO - Started process (PID=12196) to work on /home/soamariaka/.local/lib/python3.9/site-packages/airflow/example_dags/example_latest_only.py
[2023-08-14T13:50:14.435+0300] {processor.py:826} INFO - Processing file /home/soamariaka/.local/lib/python3.9/site-packages/airflow/example_dags/example_latest_only.py for tasks to queue
[2023-08-14T13:50:14.437+0300] {logging_mixin.py:150} INFO - [2023-08-14T13:50:14.436+0300] {dagbag.py:541} INFO - Filling up the DagBag from /home/soamariaka/.local/lib/python3.9/site-packages/airflow/example_dags/example_latest_only.py
[2023-08-14T13:50:14.445+0300] {processor.py:836} INFO - DAG(s) dict_keys(['latest_only']) retrieved from /home/soamariaka/.local/lib/python3.9/site-packages/airflow/example_dags/example_latest_only.py
[2023-08-14T13:50:14.468+0300] {logging_mixin.py:150} INFO - [2023-08-14T13:50:14.468+0300] {dag.py:2742} INFO - Sync 1 DAGs
[2023-08-14T13:50:14.499+0300] {logging_mixin.py:150} INFO - [2023-08-14T13:50:14.498+0300] {dag.py:3504} INFO - Setting next_dagrun for latest_only to 2023-08-14T06:50:14.498443+00:00, run_after=2023-08-14T10:50:14.498443+00:00
[2023-08-14T13:50:14.625+0300] {processor.py:179} INFO - Processing /home/soamariaka/.local/lib/python3.9/site-packages/airflow/example_dags/example_latest_only.py took 0.196 seconds
[2023-08-14T13:51:20.652+0300] {processor.py:157} INFO - Started process (PID=12289) to work on /home/soamariaka/.local/lib/python3.9/site-packages/airflow/example_dags/example_latest_only.py
[2023-08-14T13:51:20.653+0300] {processor.py:826} INFO - Processing file /home/soamariaka/.local/lib/python3.9/site-packages/airflow/example_dags/example_latest_only.py for tasks to queue
[2023-08-14T13:51:20.655+0300] {logging_mixin.py:150} INFO - [2023-08-14T13:51:20.654+0300] {dagbag.py:541} INFO - Filling up the DagBag from /home/soamariaka/.local/lib/python3.9/site-packages/airflow/example_dags/example_latest_only.py
[2023-08-14T13:51:20.665+0300] {processor.py:836} INFO - DAG(s) dict_keys(['latest_only']) retrieved from /home/soamariaka/.local/lib/python3.9/site-packages/airflow/example_dags/example_latest_only.py
[2023-08-14T13:51:20.690+0300] {logging_mixin.py:150} INFO - [2023-08-14T13:51:20.690+0300] {dag.py:2742} INFO - Sync 1 DAGs
[2023-08-14T13:51:20.721+0300] {logging_mixin.py:150} INFO - [2023-08-14T13:51:20.721+0300] {dag.py:3504} INFO - Setting next_dagrun for latest_only to 2023-08-14T06:51:20.721039+00:00, run_after=2023-08-14T10:51:20.721039+00:00
[2023-08-14T13:51:21.003+0300] {processor.py:179} INFO - Processing /home/soamariaka/.local/lib/python3.9/site-packages/airflow/example_dags/example_latest_only.py took 0.356 seconds
[2023-08-14T13:52:22.511+0300] {processor.py:157} INFO - Started process (PID=12347) to work on /home/soamariaka/.local/lib/python3.9/site-packages/airflow/example_dags/example_latest_only.py
[2023-08-14T13:52:22.513+0300] {processor.py:826} INFO - Processing file /home/soamariaka/.local/lib/python3.9/site-packages/airflow/example_dags/example_latest_only.py for tasks to queue
[2023-08-14T13:52:22.515+0300] {logging_mixin.py:150} INFO - [2023-08-14T13:52:22.514+0300] {dagbag.py:541} INFO - Filling up the DagBag from /home/soamariaka/.local/lib/python3.9/site-packages/airflow/example_dags/example_latest_only.py
[2023-08-14T13:52:22.525+0300] {processor.py:836} INFO - DAG(s) dict_keys(['latest_only']) retrieved from /home/soamariaka/.local/lib/python3.9/site-packages/airflow/example_dags/example_latest_only.py
[2023-08-14T13:52:22.551+0300] {logging_mixin.py:150} INFO - [2023-08-14T13:52:22.551+0300] {dag.py:2742} INFO - Sync 1 DAGs
[2023-08-14T13:52:22.582+0300] {logging_mixin.py:150} INFO - [2023-08-14T13:52:22.582+0300] {dag.py:3504} INFO - Setting next_dagrun for latest_only to 2023-08-14T06:52:22.582157+00:00, run_after=2023-08-14T10:52:22.582157+00:00
[2023-08-14T13:52:22.738+0300] {processor.py:179} INFO - Processing /home/soamariaka/.local/lib/python3.9/site-packages/airflow/example_dags/example_latest_only.py took 0.234 seconds
[2023-08-14T13:53:26.512+0300] {processor.py:157} INFO - Started process (PID=12408) to work on /home/soamariaka/.local/lib/python3.9/site-packages/airflow/example_dags/example_latest_only.py
[2023-08-14T13:53:26.515+0300] {processor.py:826} INFO - Processing file /home/soamariaka/.local/lib/python3.9/site-packages/airflow/example_dags/example_latest_only.py for tasks to queue
[2023-08-14T13:53:26.516+0300] {logging_mixin.py:150} INFO - [2023-08-14T13:53:26.516+0300] {dagbag.py:541} INFO - Filling up the DagBag from /home/soamariaka/.local/lib/python3.9/site-packages/airflow/example_dags/example_latest_only.py
[2023-08-14T13:53:26.526+0300] {processor.py:836} INFO - DAG(s) dict_keys(['latest_only']) retrieved from /home/soamariaka/.local/lib/python3.9/site-packages/airflow/example_dags/example_latest_only.py
[2023-08-14T13:53:26.549+0300] {logging_mixin.py:150} INFO - [2023-08-14T13:53:26.548+0300] {dag.py:2742} INFO - Sync 1 DAGs
[2023-08-14T13:53:26.579+0300] {logging_mixin.py:150} INFO - [2023-08-14T13:53:26.579+0300] {dag.py:3504} INFO - Setting next_dagrun for latest_only to 2023-08-14T06:53:26.579235+00:00, run_after=2023-08-14T10:53:26.579235+00:00
[2023-08-14T13:53:26.721+0300] {processor.py:179} INFO - Processing /home/soamariaka/.local/lib/python3.9/site-packages/airflow/example_dags/example_latest_only.py took 0.214 seconds
[2023-08-14T13:54:31.502+0300] {processor.py:157} INFO - Started process (PID=12464) to work on /home/soamariaka/.local/lib/python3.9/site-packages/airflow/example_dags/example_latest_only.py
[2023-08-14T13:54:31.503+0300] {processor.py:826} INFO - Processing file /home/soamariaka/.local/lib/python3.9/site-packages/airflow/example_dags/example_latest_only.py for tasks to queue
[2023-08-14T13:54:31.505+0300] {logging_mixin.py:150} INFO - [2023-08-14T13:54:31.504+0300] {dagbag.py:541} INFO - Filling up the DagBag from /home/soamariaka/.local/lib/python3.9/site-packages/airflow/example_dags/example_latest_only.py
[2023-08-14T13:54:31.515+0300] {processor.py:836} INFO - DAG(s) dict_keys(['latest_only']) retrieved from /home/soamariaka/.local/lib/python3.9/site-packages/airflow/example_dags/example_latest_only.py
[2023-08-14T13:54:31.556+0300] {logging_mixin.py:150} INFO - [2023-08-14T13:54:31.556+0300] {dag.py:2742} INFO - Sync 1 DAGs
[2023-08-14T13:54:31.589+0300] {logging_mixin.py:150} INFO - [2023-08-14T13:54:31.589+0300] {dag.py:3504} INFO - Setting next_dagrun for latest_only to 2023-08-14T06:54:31.588936+00:00, run_after=2023-08-14T10:54:31.588936+00:00
[2023-08-14T13:54:31.911+0300] {processor.py:179} INFO - Processing /home/soamariaka/.local/lib/python3.9/site-packages/airflow/example_dags/example_latest_only.py took 0.415 seconds
[2023-08-14T13:55:39.229+0300] {processor.py:157} INFO - Started process (PID=12578) to work on /home/soamariaka/.local/lib/python3.9/site-packages/airflow/example_dags/example_latest_only.py
[2023-08-14T13:55:39.250+0300] {processor.py:826} INFO - Processing file /home/soamariaka/.local/lib/python3.9/site-packages/airflow/example_dags/example_latest_only.py for tasks to queue
[2023-08-14T13:55:39.251+0300] {logging_mixin.py:150} INFO - [2023-08-14T13:55:39.251+0300] {dagbag.py:541} INFO - Filling up the DagBag from /home/soamariaka/.local/lib/python3.9/site-packages/airflow/example_dags/example_latest_only.py
[2023-08-14T13:55:39.262+0300] {processor.py:836} INFO - DAG(s) dict_keys(['latest_only']) retrieved from /home/soamariaka/.local/lib/python3.9/site-packages/airflow/example_dags/example_latest_only.py
[2023-08-14T13:55:39.290+0300] {logging_mixin.py:150} INFO - [2023-08-14T13:55:39.290+0300] {dag.py:2742} INFO - Sync 1 DAGs
[2023-08-14T13:55:39.322+0300] {logging_mixin.py:150} INFO - [2023-08-14T13:55:39.322+0300] {dag.py:3504} INFO - Setting next_dagrun for latest_only to 2023-08-14T06:55:39.322172+00:00, run_after=2023-08-14T10:55:39.322172+00:00
[2023-08-14T13:55:39.460+0300] {processor.py:179} INFO - Processing /home/soamariaka/.local/lib/python3.9/site-packages/airflow/example_dags/example_latest_only.py took 0.236 seconds
[2023-08-14T13:56:45.827+0300] {processor.py:157} INFO - Started process (PID=12662) to work on /home/soamariaka/.local/lib/python3.9/site-packages/airflow/example_dags/example_latest_only.py
[2023-08-14T13:56:45.829+0300] {processor.py:826} INFO - Processing file /home/soamariaka/.local/lib/python3.9/site-packages/airflow/example_dags/example_latest_only.py for tasks to queue
[2023-08-14T13:56:45.830+0300] {logging_mixin.py:150} INFO - [2023-08-14T13:56:45.830+0300] {dagbag.py:541} INFO - Filling up the DagBag from /home/soamariaka/.local/lib/python3.9/site-packages/airflow/example_dags/example_latest_only.py
[2023-08-14T13:56:45.843+0300] {processor.py:836} INFO - DAG(s) dict_keys(['latest_only']) retrieved from /home/soamariaka/.local/lib/python3.9/site-packages/airflow/example_dags/example_latest_only.py
[2023-08-14T13:56:45.872+0300] {logging_mixin.py:150} INFO - [2023-08-14T13:56:45.871+0300] {dag.py:2742} INFO - Sync 1 DAGs
[2023-08-14T13:56:45.904+0300] {logging_mixin.py:150} INFO - [2023-08-14T13:56:45.903+0300] {dag.py:3504} INFO - Setting next_dagrun for latest_only to 2023-08-14T06:56:45.903363+00:00, run_after=2023-08-14T10:56:45.903363+00:00
[2023-08-14T13:56:46.109+0300] {processor.py:179} INFO - Processing /home/soamariaka/.local/lib/python3.9/site-packages/airflow/example_dags/example_latest_only.py took 0.288 seconds
[2023-08-14T13:57:52.956+0300] {processor.py:157} INFO - Started process (PID=12722) to work on /home/soamariaka/.local/lib/python3.9/site-packages/airflow/example_dags/example_latest_only.py
[2023-08-14T13:57:52.957+0300] {processor.py:826} INFO - Processing file /home/soamariaka/.local/lib/python3.9/site-packages/airflow/example_dags/example_latest_only.py for tasks to queue
[2023-08-14T13:57:52.959+0300] {logging_mixin.py:150} INFO - [2023-08-14T13:57:52.958+0300] {dagbag.py:541} INFO - Filling up the DagBag from /home/soamariaka/.local/lib/python3.9/site-packages/airflow/example_dags/example_latest_only.py
[2023-08-14T13:57:52.970+0300] {processor.py:836} INFO - DAG(s) dict_keys(['latest_only']) retrieved from /home/soamariaka/.local/lib/python3.9/site-packages/airflow/example_dags/example_latest_only.py
[2023-08-14T13:57:52.996+0300] {logging_mixin.py:150} INFO - [2023-08-14T13:57:52.996+0300] {dag.py:2742} INFO - Sync 1 DAGs
[2023-08-14T13:57:53.032+0300] {logging_mixin.py:150} INFO - [2023-08-14T13:57:53.032+0300] {dag.py:3504} INFO - Setting next_dagrun for latest_only to 2023-08-14T06:57:53.031962+00:00, run_after=2023-08-14T10:57:53.031962+00:00
[2023-08-14T13:57:53.341+0300] {processor.py:179} INFO - Processing /home/soamariaka/.local/lib/python3.9/site-packages/airflow/example_dags/example_latest_only.py took 0.391 seconds
[2023-08-14T13:58:56.353+0300] {processor.py:157} INFO - Started process (PID=12813) to work on /home/soamariaka/.local/lib/python3.9/site-packages/airflow/example_dags/example_latest_only.py
[2023-08-14T13:58:56.371+0300] {processor.py:826} INFO - Processing file /home/soamariaka/.local/lib/python3.9/site-packages/airflow/example_dags/example_latest_only.py for tasks to queue
[2023-08-14T13:58:56.373+0300] {logging_mixin.py:150} INFO - [2023-08-14T13:58:56.372+0300] {dagbag.py:541} INFO - Filling up the DagBag from /home/soamariaka/.local/lib/python3.9/site-packages/airflow/example_dags/example_latest_only.py
[2023-08-14T13:58:56.384+0300] {processor.py:836} INFO - DAG(s) dict_keys(['latest_only']) retrieved from /home/soamariaka/.local/lib/python3.9/site-packages/airflow/example_dags/example_latest_only.py
[2023-08-14T13:58:56.412+0300] {logging_mixin.py:150} INFO - [2023-08-14T13:58:56.412+0300] {dag.py:2742} INFO - Sync 1 DAGs
[2023-08-14T13:58:56.446+0300] {logging_mixin.py:150} INFO - [2023-08-14T13:58:56.445+0300] {dag.py:3504} INFO - Setting next_dagrun for latest_only to 2023-08-14T06:58:56.445464+00:00, run_after=2023-08-14T10:58:56.445464+00:00
[2023-08-14T13:58:56.639+0300] {processor.py:179} INFO - Processing /home/soamariaka/.local/lib/python3.9/site-packages/airflow/example_dags/example_latest_only.py took 0.291 seconds
[2023-08-14T13:59:58.845+0300] {processor.py:157} INFO - Started process (PID=12893) to work on /home/soamariaka/.local/lib/python3.9/site-packages/airflow/example_dags/example_latest_only.py
[2023-08-14T13:59:58.851+0300] {processor.py:826} INFO - Processing file /home/soamariaka/.local/lib/python3.9/site-packages/airflow/example_dags/example_latest_only.py for tasks to queue
[2023-08-14T13:59:58.853+0300] {logging_mixin.py:150} INFO - [2023-08-14T13:59:58.852+0300] {dagbag.py:541} INFO - Filling up the DagBag from /home/soamariaka/.local/lib/python3.9/site-packages/airflow/example_dags/example_latest_only.py
[2023-08-14T13:59:58.868+0300] {processor.py:836} INFO - DAG(s) dict_keys(['latest_only']) retrieved from /home/soamariaka/.local/lib/python3.9/site-packages/airflow/example_dags/example_latest_only.py
[2023-08-14T13:59:58.904+0300] {logging_mixin.py:150} INFO - [2023-08-14T13:59:58.904+0300] {dag.py:2742} INFO - Sync 1 DAGs
[2023-08-14T13:59:58.966+0300] {logging_mixin.py:150} INFO - [2023-08-14T13:59:58.965+0300] {dag.py:3504} INFO - Setting next_dagrun for latest_only to 2023-08-14T06:59:58.965155+00:00, run_after=2023-08-14T10:59:58.965155+00:00
[2023-08-14T13:59:59.164+0300] {processor.py:179} INFO - Processing /home/soamariaka/.local/lib/python3.9/site-packages/airflow/example_dags/example_latest_only.py took 0.325 seconds
[2023-08-14T14:01:00.565+0300] {processor.py:157} INFO - Started process (PID=12951) to work on /home/soamariaka/.local/lib/python3.9/site-packages/airflow/example_dags/example_latest_only.py
[2023-08-14T14:01:00.567+0300] {processor.py:826} INFO - Processing file /home/soamariaka/.local/lib/python3.9/site-packages/airflow/example_dags/example_latest_only.py for tasks to queue
[2023-08-14T14:01:00.568+0300] {logging_mixin.py:150} INFO - [2023-08-14T14:01:00.568+0300] {dagbag.py:541} INFO - Filling up the DagBag from /home/soamariaka/.local/lib/python3.9/site-packages/airflow/example_dags/example_latest_only.py
[2023-08-14T14:01:00.577+0300] {processor.py:836} INFO - DAG(s) dict_keys(['latest_only']) retrieved from /home/soamariaka/.local/lib/python3.9/site-packages/airflow/example_dags/example_latest_only.py
[2023-08-14T14:01:00.600+0300] {logging_mixin.py:150} INFO - [2023-08-14T14:01:00.600+0300] {dag.py:2742} INFO - Sync 1 DAGs
[2023-08-14T14:01:00.631+0300] {logging_mixin.py:150} INFO - [2023-08-14T14:01:00.631+0300] {dag.py:3504} INFO - Setting next_dagrun for latest_only to 2023-08-14T07:01:00.630779+00:00, run_after=2023-08-14T11:01:00.630779+00:00
[2023-08-14T14:01:00.776+0300] {processor.py:179} INFO - Processing /home/soamariaka/.local/lib/python3.9/site-packages/airflow/example_dags/example_latest_only.py took 0.216 seconds
[2023-08-14T14:02:15.347+0300] {processor.py:157} INFO - Started process (PID=13079) to work on /home/soamariaka/.local/lib/python3.9/site-packages/airflow/example_dags/example_latest_only.py
[2023-08-14T14:02:15.447+0300] {processor.py:826} INFO - Processing file /home/soamariaka/.local/lib/python3.9/site-packages/airflow/example_dags/example_latest_only.py for tasks to queue
[2023-08-14T14:02:15.450+0300] {logging_mixin.py:150} INFO - [2023-08-14T14:02:15.449+0300] {dagbag.py:541} INFO - Filling up the DagBag from /home/soamariaka/.local/lib/python3.9/site-packages/airflow/example_dags/example_latest_only.py
[2023-08-14T14:02:15.464+0300] {processor.py:836} INFO - DAG(s) dict_keys(['latest_only']) retrieved from /home/soamariaka/.local/lib/python3.9/site-packages/airflow/example_dags/example_latest_only.py
[2023-08-14T14:02:15.501+0300] {logging_mixin.py:150} INFO - [2023-08-14T14:02:15.501+0300] {dag.py:2742} INFO - Sync 1 DAGs
[2023-08-14T14:02:15.544+0300] {logging_mixin.py:150} INFO - [2023-08-14T14:02:15.544+0300] {dag.py:3504} INFO - Setting next_dagrun for latest_only to 2023-08-14T07:02:15.543874+00:00, run_after=2023-08-14T11:02:15.543874+00:00
[2023-08-14T14:02:19.479+0300] {processor.py:179} INFO - Processing /home/soamariaka/.local/lib/python3.9/site-packages/airflow/example_dags/example_latest_only.py took 4.139 seconds
[2023-08-14T14:04:41.577+0300] {processor.py:157} INFO - Started process (PID=13726) to work on /home/soamariaka/.local/lib/python3.9/site-packages/airflow/example_dags/example_latest_only.py
[2023-08-14T14:04:41.602+0300] {processor.py:826} INFO - Processing file /home/soamariaka/.local/lib/python3.9/site-packages/airflow/example_dags/example_latest_only.py for tasks to queue
[2023-08-14T14:04:41.604+0300] {logging_mixin.py:150} INFO - [2023-08-14T14:04:41.603+0300] {dagbag.py:541} INFO - Filling up the DagBag from /home/soamariaka/.local/lib/python3.9/site-packages/airflow/example_dags/example_latest_only.py
[2023-08-14T14:04:41.652+0300] {processor.py:836} INFO - DAG(s) dict_keys(['latest_only']) retrieved from /home/soamariaka/.local/lib/python3.9/site-packages/airflow/example_dags/example_latest_only.py
[2023-08-14T14:04:41.679+0300] {logging_mixin.py:150} INFO - [2023-08-14T14:04:41.678+0300] {dag.py:2742} INFO - Sync 1 DAGs
[2023-08-14T14:04:41.716+0300] {logging_mixin.py:150} INFO - [2023-08-14T14:04:41.715+0300] {dag.py:3504} INFO - Setting next_dagrun for latest_only to 2023-08-14T07:04:41.715463+00:00, run_after=2023-08-14T11:04:41.715463+00:00
[2023-08-14T14:04:42.046+0300] {processor.py:179} INFO - Processing /home/soamariaka/.local/lib/python3.9/site-packages/airflow/example_dags/example_latest_only.py took 0.475 seconds
[2023-08-14T14:06:13.278+0300] {processor.py:157} INFO - Started process (PID=13819) to work on /home/soamariaka/.local/lib/python3.9/site-packages/airflow/example_dags/example_latest_only.py
[2023-08-14T14:06:13.281+0300] {processor.py:826} INFO - Processing file /home/soamariaka/.local/lib/python3.9/site-packages/airflow/example_dags/example_latest_only.py for tasks to queue
[2023-08-14T14:06:13.282+0300] {logging_mixin.py:150} INFO - [2023-08-14T14:06:13.282+0300] {dagbag.py:541} INFO - Filling up the DagBag from /home/soamariaka/.local/lib/python3.9/site-packages/airflow/example_dags/example_latest_only.py
[2023-08-14T14:06:13.292+0300] {processor.py:836} INFO - DAG(s) dict_keys(['latest_only']) retrieved from /home/soamariaka/.local/lib/python3.9/site-packages/airflow/example_dags/example_latest_only.py
[2023-08-14T14:06:13.317+0300] {logging_mixin.py:150} INFO - [2023-08-14T14:06:13.317+0300] {dag.py:2742} INFO - Sync 1 DAGs
[2023-08-14T14:06:13.348+0300] {logging_mixin.py:150} INFO - [2023-08-14T14:06:13.348+0300] {dag.py:3504} INFO - Setting next_dagrun for latest_only to 2023-08-14T07:06:13.347763+00:00, run_after=2023-08-14T11:06:13.347763+00:00
[2023-08-14T14:06:13.534+0300] {processor.py:179} INFO - Processing /home/soamariaka/.local/lib/python3.9/site-packages/airflow/example_dags/example_latest_only.py took 0.260 seconds
[2023-08-14T14:07:21.833+0300] {processor.py:157} INFO - Started process (PID=13918) to work on /home/soamariaka/.local/lib/python3.9/site-packages/airflow/example_dags/example_latest_only.py
[2023-08-14T14:07:21.866+0300] {processor.py:826} INFO - Processing file /home/soamariaka/.local/lib/python3.9/site-packages/airflow/example_dags/example_latest_only.py for tasks to queue
[2023-08-14T14:07:21.868+0300] {logging_mixin.py:150} INFO - [2023-08-14T14:07:21.867+0300] {dagbag.py:541} INFO - Filling up the DagBag from /home/soamariaka/.local/lib/python3.9/site-packages/airflow/example_dags/example_latest_only.py
[2023-08-14T14:07:21.881+0300] {processor.py:836} INFO - DAG(s) dict_keys(['latest_only']) retrieved from /home/soamariaka/.local/lib/python3.9/site-packages/airflow/example_dags/example_latest_only.py
[2023-08-14T14:07:21.916+0300] {logging_mixin.py:150} INFO - [2023-08-14T14:07:21.915+0300] {dag.py:2742} INFO - Sync 1 DAGs
[2023-08-14T14:07:21.955+0300] {logging_mixin.py:150} INFO - [2023-08-14T14:07:21.955+0300] {dag.py:3504} INFO - Setting next_dagrun for latest_only to 2023-08-14T07:07:21.954923+00:00, run_after=2023-08-14T11:07:21.954923+00:00
[2023-08-14T14:07:22.146+0300] {processor.py:179} INFO - Processing /home/soamariaka/.local/lib/python3.9/site-packages/airflow/example_dags/example_latest_only.py took 0.318 seconds
[2023-08-14T14:09:31.337+0300] {processor.py:157} INFO - Started process (PID=14093) to work on /home/soamariaka/.local/lib/python3.9/site-packages/airflow/example_dags/example_latest_only.py
[2023-08-14T14:09:31.342+0300] {processor.py:826} INFO - Processing file /home/soamariaka/.local/lib/python3.9/site-packages/airflow/example_dags/example_latest_only.py for tasks to queue
[2023-08-14T14:09:31.344+0300] {logging_mixin.py:150} INFO - [2023-08-14T14:09:31.343+0300] {dagbag.py:541} INFO - Filling up the DagBag from /home/soamariaka/.local/lib/python3.9/site-packages/airflow/example_dags/example_latest_only.py
[2023-08-14T14:09:31.355+0300] {processor.py:836} INFO - DAG(s) dict_keys(['latest_only']) retrieved from /home/soamariaka/.local/lib/python3.9/site-packages/airflow/example_dags/example_latest_only.py
[2023-08-14T14:09:31.381+0300] {logging_mixin.py:150} INFO - [2023-08-14T14:09:31.380+0300] {dag.py:2742} INFO - Sync 1 DAGs
[2023-08-14T14:09:31.412+0300] {logging_mixin.py:150} INFO - [2023-08-14T14:09:31.412+0300] {dag.py:3504} INFO - Setting next_dagrun for latest_only to 2023-08-14T07:09:31.412087+00:00, run_after=2023-08-14T11:09:31.412087+00:00
[2023-08-14T14:09:31.526+0300] {processor.py:179} INFO - Processing /home/soamariaka/.local/lib/python3.9/site-packages/airflow/example_dags/example_latest_only.py took 0.194 seconds
[2023-08-14T14:11:07.426+0300] {processor.py:157} INFO - Started process (PID=14985) to work on /home/soamariaka/.local/lib/python3.9/site-packages/airflow/example_dags/example_latest_only.py
[2023-08-14T14:11:07.456+0300] {processor.py:826} INFO - Processing file /home/soamariaka/.local/lib/python3.9/site-packages/airflow/example_dags/example_latest_only.py for tasks to queue
[2023-08-14T14:11:07.458+0300] {logging_mixin.py:150} INFO - [2023-08-14T14:11:07.457+0300] {dagbag.py:541} INFO - Filling up the DagBag from /home/soamariaka/.local/lib/python3.9/site-packages/airflow/example_dags/example_latest_only.py
[2023-08-14T14:11:07.469+0300] {processor.py:836} INFO - DAG(s) dict_keys(['latest_only']) retrieved from /home/soamariaka/.local/lib/python3.9/site-packages/airflow/example_dags/example_latest_only.py
[2023-08-14T14:11:07.500+0300] {logging_mixin.py:150} INFO - [2023-08-14T14:11:07.500+0300] {dag.py:2742} INFO - Sync 1 DAGs
[2023-08-14T14:11:07.538+0300] {logging_mixin.py:150} INFO - [2023-08-14T14:11:07.538+0300] {dag.py:3504} INFO - Setting next_dagrun for latest_only to 2023-08-14T07:11:07.538058+00:00, run_after=2023-08-14T11:11:07.538058+00:00
[2023-08-14T14:11:07.685+0300] {processor.py:179} INFO - Processing /home/soamariaka/.local/lib/python3.9/site-packages/airflow/example_dags/example_latest_only.py took 0.265 seconds
[2023-08-14T14:12:36.348+0300] {processor.py:157} INFO - Started process (PID=15157) to work on /home/soamariaka/.local/lib/python3.9/site-packages/airflow/example_dags/example_latest_only.py
[2023-08-14T14:12:36.365+0300] {processor.py:826} INFO - Processing file /home/soamariaka/.local/lib/python3.9/site-packages/airflow/example_dags/example_latest_only.py for tasks to queue
[2023-08-14T14:12:36.367+0300] {logging_mixin.py:150} INFO - [2023-08-14T14:12:36.367+0300] {dagbag.py:541} INFO - Filling up the DagBag from /home/soamariaka/.local/lib/python3.9/site-packages/airflow/example_dags/example_latest_only.py
[2023-08-14T14:12:36.378+0300] {processor.py:836} INFO - DAG(s) dict_keys(['latest_only']) retrieved from /home/soamariaka/.local/lib/python3.9/site-packages/airflow/example_dags/example_latest_only.py
[2023-08-14T14:12:36.407+0300] {logging_mixin.py:150} INFO - [2023-08-14T14:12:36.406+0300] {dag.py:2742} INFO - Sync 1 DAGs
[2023-08-14T14:12:36.439+0300] {logging_mixin.py:150} INFO - [2023-08-14T14:12:36.439+0300] {dag.py:3504} INFO - Setting next_dagrun for latest_only to 2023-08-14T07:12:36.439062+00:00, run_after=2023-08-14T11:12:36.439062+00:00
[2023-08-14T14:12:36.585+0300] {processor.py:179} INFO - Processing /home/soamariaka/.local/lib/python3.9/site-packages/airflow/example_dags/example_latest_only.py took 0.242 seconds
[2023-08-14T14:13:34.609+0300] {processor.py:157} INFO - Started process (PID=15284) to work on /home/soamariaka/.local/lib/python3.9/site-packages/airflow/example_dags/example_latest_only.py
[2023-08-14T14:13:34.612+0300] {processor.py:826} INFO - Processing file /home/soamariaka/.local/lib/python3.9/site-packages/airflow/example_dags/example_latest_only.py for tasks to queue
[2023-08-14T14:13:34.614+0300] {logging_mixin.py:150} INFO - [2023-08-14T14:13:34.613+0300] {dagbag.py:541} INFO - Filling up the DagBag from /home/soamariaka/.local/lib/python3.9/site-packages/airflow/example_dags/example_latest_only.py
[2023-08-14T14:13:34.625+0300] {processor.py:836} INFO - DAG(s) dict_keys(['latest_only']) retrieved from /home/soamariaka/.local/lib/python3.9/site-packages/airflow/example_dags/example_latest_only.py
[2023-08-14T14:13:34.656+0300] {logging_mixin.py:150} INFO - [2023-08-14T14:13:34.656+0300] {dag.py:2742} INFO - Sync 1 DAGs
[2023-08-14T14:13:34.699+0300] {logging_mixin.py:150} INFO - [2023-08-14T14:13:34.699+0300] {dag.py:3504} INFO - Setting next_dagrun for latest_only to 2023-08-14T07:13:34.698668+00:00, run_after=2023-08-14T11:13:34.698668+00:00
[2023-08-14T14:13:34.878+0300] {processor.py:179} INFO - Processing /home/soamariaka/.local/lib/python3.9/site-packages/airflow/example_dags/example_latest_only.py took 0.276 seconds
[2023-08-14T14:14:42.935+0300] {processor.py:157} INFO - Started process (PID=15375) to work on /home/soamariaka/.local/lib/python3.9/site-packages/airflow/example_dags/example_latest_only.py
[2023-08-14T14:14:42.962+0300] {processor.py:826} INFO - Processing file /home/soamariaka/.local/lib/python3.9/site-packages/airflow/example_dags/example_latest_only.py for tasks to queue
[2023-08-14T14:14:42.963+0300] {logging_mixin.py:150} INFO - [2023-08-14T14:14:42.963+0300] {dagbag.py:541} INFO - Filling up the DagBag from /home/soamariaka/.local/lib/python3.9/site-packages/airflow/example_dags/example_latest_only.py
[2023-08-14T14:14:42.974+0300] {processor.py:836} INFO - DAG(s) dict_keys(['latest_only']) retrieved from /home/soamariaka/.local/lib/python3.9/site-packages/airflow/example_dags/example_latest_only.py
[2023-08-14T14:14:43.003+0300] {logging_mixin.py:150} INFO - [2023-08-14T14:14:43.003+0300] {dag.py:2742} INFO - Sync 1 DAGs
[2023-08-14T14:14:43.036+0300] {logging_mixin.py:150} INFO - [2023-08-14T14:14:43.036+0300] {dag.py:3504} INFO - Setting next_dagrun for latest_only to 2023-08-14T07:14:43.036332+00:00, run_after=2023-08-14T11:14:43.036332+00:00
[2023-08-14T14:14:43.274+0300] {processor.py:179} INFO - Processing /home/soamariaka/.local/lib/python3.9/site-packages/airflow/example_dags/example_latest_only.py took 0.344 seconds
[2023-08-14T14:15:41.136+0300] {processor.py:157} INFO - Started process (PID=15549) to work on /home/soamariaka/.local/lib/python3.9/site-packages/airflow/example_dags/example_latest_only.py
[2023-08-14T14:15:41.138+0300] {processor.py:826} INFO - Processing file /home/soamariaka/.local/lib/python3.9/site-packages/airflow/example_dags/example_latest_only.py for tasks to queue
[2023-08-14T14:15:41.140+0300] {logging_mixin.py:150} INFO - [2023-08-14T14:15:41.139+0300] {dagbag.py:541} INFO - Filling up the DagBag from /home/soamariaka/.local/lib/python3.9/site-packages/airflow/example_dags/example_latest_only.py
[2023-08-14T14:15:41.151+0300] {processor.py:836} INFO - DAG(s) dict_keys(['latest_only']) retrieved from /home/soamariaka/.local/lib/python3.9/site-packages/airflow/example_dags/example_latest_only.py
[2023-08-14T14:15:41.177+0300] {logging_mixin.py:150} INFO - [2023-08-14T14:15:41.177+0300] {dag.py:2742} INFO - Sync 1 DAGs
[2023-08-14T14:15:41.210+0300] {logging_mixin.py:150} INFO - [2023-08-14T14:15:41.210+0300] {dag.py:3504} INFO - Setting next_dagrun for latest_only to 2023-08-14T07:15:41.209757+00:00, run_after=2023-08-14T11:15:41.209757+00:00
[2023-08-14T14:15:41.326+0300] {processor.py:179} INFO - Processing /home/soamariaka/.local/lib/python3.9/site-packages/airflow/example_dags/example_latest_only.py took 0.196 seconds
[2023-08-14T14:16:46.394+0300] {processor.py:157} INFO - Started process (PID=15647) to work on /home/soamariaka/.local/lib/python3.9/site-packages/airflow/example_dags/example_latest_only.py
[2023-08-14T14:16:46.405+0300] {processor.py:826} INFO - Processing file /home/soamariaka/.local/lib/python3.9/site-packages/airflow/example_dags/example_latest_only.py for tasks to queue
[2023-08-14T14:16:46.407+0300] {logging_mixin.py:150} INFO - [2023-08-14T14:16:46.407+0300] {dagbag.py:541} INFO - Filling up the DagBag from /home/soamariaka/.local/lib/python3.9/site-packages/airflow/example_dags/example_latest_only.py
[2023-08-14T14:16:46.419+0300] {processor.py:836} INFO - DAG(s) dict_keys(['latest_only']) retrieved from /home/soamariaka/.local/lib/python3.9/site-packages/airflow/example_dags/example_latest_only.py
[2023-08-14T14:16:46.449+0300] {logging_mixin.py:150} INFO - [2023-08-14T14:16:46.449+0300] {dag.py:2742} INFO - Sync 1 DAGs
[2023-08-14T14:16:46.481+0300] {logging_mixin.py:150} INFO - [2023-08-14T14:16:46.481+0300] {dag.py:3504} INFO - Setting next_dagrun for latest_only to 2023-08-14T07:16:46.480763+00:00, run_after=2023-08-14T11:16:46.480763+00:00
[2023-08-14T14:16:46.605+0300] {processor.py:179} INFO - Processing /home/soamariaka/.local/lib/python3.9/site-packages/airflow/example_dags/example_latest_only.py took 0.216 seconds
[2023-08-14T14:17:53.825+0300] {processor.py:157} INFO - Started process (PID=15760) to work on /home/soamariaka/.local/lib/python3.9/site-packages/airflow/example_dags/example_latest_only.py
[2023-08-14T14:17:53.855+0300] {processor.py:826} INFO - Processing file /home/soamariaka/.local/lib/python3.9/site-packages/airflow/example_dags/example_latest_only.py for tasks to queue
[2023-08-14T14:17:53.856+0300] {logging_mixin.py:150} INFO - [2023-08-14T14:17:53.855+0300] {dagbag.py:541} INFO - Filling up the DagBag from /home/soamariaka/.local/lib/python3.9/site-packages/airflow/example_dags/example_latest_only.py
[2023-08-14T14:17:53.867+0300] {processor.py:836} INFO - DAG(s) dict_keys(['latest_only']) retrieved from /home/soamariaka/.local/lib/python3.9/site-packages/airflow/example_dags/example_latest_only.py
[2023-08-14T14:17:53.894+0300] {logging_mixin.py:150} INFO - [2023-08-14T14:17:53.894+0300] {dag.py:2742} INFO - Sync 1 DAGs
[2023-08-14T14:17:53.934+0300] {logging_mixin.py:150} INFO - [2023-08-14T14:17:53.933+0300] {dag.py:3504} INFO - Setting next_dagrun for latest_only to 2023-08-14T07:17:53.933213+00:00, run_after=2023-08-14T11:17:53.933213+00:00
[2023-08-14T14:17:54.603+0300] {processor.py:179} INFO - Processing /home/soamariaka/.local/lib/python3.9/site-packages/airflow/example_dags/example_latest_only.py took 0.783 seconds
[2023-08-14T14:19:13.884+0300] {processor.py:157} INFO - Started process (PID=15942) to work on /home/soamariaka/.local/lib/python3.9/site-packages/airflow/example_dags/example_latest_only.py
[2023-08-14T14:19:13.920+0300] {processor.py:826} INFO - Processing file /home/soamariaka/.local/lib/python3.9/site-packages/airflow/example_dags/example_latest_only.py for tasks to queue
[2023-08-14T14:19:13.922+0300] {logging_mixin.py:150} INFO - [2023-08-14T14:19:13.921+0300] {dagbag.py:541} INFO - Filling up the DagBag from /home/soamariaka/.local/lib/python3.9/site-packages/airflow/example_dags/example_latest_only.py
[2023-08-14T14:19:13.933+0300] {processor.py:836} INFO - DAG(s) dict_keys(['latest_only']) retrieved from /home/soamariaka/.local/lib/python3.9/site-packages/airflow/example_dags/example_latest_only.py
[2023-08-14T14:19:13.962+0300] {logging_mixin.py:150} INFO - [2023-08-14T14:19:13.962+0300] {dag.py:2742} INFO - Sync 1 DAGs
[2023-08-14T14:19:14.001+0300] {logging_mixin.py:150} INFO - [2023-08-14T14:19:14.001+0300] {dag.py:3504} INFO - Setting next_dagrun for latest_only to 2023-08-14T07:19:14.001190+00:00, run_after=2023-08-14T11:19:14.001190+00:00
[2023-08-14T14:19:14.200+0300] {processor.py:179} INFO - Processing /home/soamariaka/.local/lib/python3.9/site-packages/airflow/example_dags/example_latest_only.py took 0.321 seconds
[2023-08-14T14:20:15.830+0300] {processor.py:157} INFO - Started process (PID=16019) to work on /home/soamariaka/.local/lib/python3.9/site-packages/airflow/example_dags/example_latest_only.py
[2023-08-14T14:20:15.832+0300] {processor.py:826} INFO - Processing file /home/soamariaka/.local/lib/python3.9/site-packages/airflow/example_dags/example_latest_only.py for tasks to queue
[2023-08-14T14:20:15.834+0300] {logging_mixin.py:150} INFO - [2023-08-14T14:20:15.833+0300] {dagbag.py:541} INFO - Filling up the DagBag from /home/soamariaka/.local/lib/python3.9/site-packages/airflow/example_dags/example_latest_only.py
[2023-08-14T14:20:15.845+0300] {processor.py:836} INFO - DAG(s) dict_keys(['latest_only']) retrieved from /home/soamariaka/.local/lib/python3.9/site-packages/airflow/example_dags/example_latest_only.py
[2023-08-14T14:20:15.872+0300] {logging_mixin.py:150} INFO - [2023-08-14T14:20:15.871+0300] {dag.py:2742} INFO - Sync 1 DAGs
[2023-08-14T14:20:15.905+0300] {logging_mixin.py:150} INFO - [2023-08-14T14:20:15.904+0300] {dag.py:3504} INFO - Setting next_dagrun for latest_only to 2023-08-14T07:20:15.904412+00:00, run_after=2023-08-14T11:20:15.904412+00:00
[2023-08-14T14:20:16.215+0300] {processor.py:179} INFO - Processing /home/soamariaka/.local/lib/python3.9/site-packages/airflow/example_dags/example_latest_only.py took 0.390 seconds
[2023-08-14T14:21:56.320+0300] {processor.py:157} INFO - Started process (PID=16117) to work on /home/soamariaka/.local/lib/python3.9/site-packages/airflow/example_dags/example_latest_only.py
[2023-08-14T14:21:56.322+0300] {processor.py:826} INFO - Processing file /home/soamariaka/.local/lib/python3.9/site-packages/airflow/example_dags/example_latest_only.py for tasks to queue
[2023-08-14T14:21:56.324+0300] {logging_mixin.py:150} INFO - [2023-08-14T14:21:56.323+0300] {dagbag.py:541} INFO - Filling up the DagBag from /home/soamariaka/.local/lib/python3.9/site-packages/airflow/example_dags/example_latest_only.py
[2023-08-14T14:21:56.334+0300] {processor.py:836} INFO - DAG(s) dict_keys(['latest_only']) retrieved from /home/soamariaka/.local/lib/python3.9/site-packages/airflow/example_dags/example_latest_only.py
[2023-08-14T14:21:56.361+0300] {logging_mixin.py:150} INFO - [2023-08-14T14:21:56.360+0300] {dag.py:2742} INFO - Sync 1 DAGs
[2023-08-14T14:21:56.392+0300] {logging_mixin.py:150} INFO - [2023-08-14T14:21:56.392+0300] {dag.py:3504} INFO - Setting next_dagrun for latest_only to 2023-08-14T07:21:56.392230+00:00, run_after=2023-08-14T11:21:56.392230+00:00
[2023-08-14T14:21:56.533+0300] {processor.py:179} INFO - Processing /home/soamariaka/.local/lib/python3.9/site-packages/airflow/example_dags/example_latest_only.py took 0.219 seconds
[2023-08-14T14:22:54.710+0300] {processor.py:157} INFO - Started process (PID=16174) to work on /home/soamariaka/.local/lib/python3.9/site-packages/airflow/example_dags/example_latest_only.py
[2023-08-14T14:22:54.712+0300] {processor.py:826} INFO - Processing file /home/soamariaka/.local/lib/python3.9/site-packages/airflow/example_dags/example_latest_only.py for tasks to queue
[2023-08-14T14:22:54.714+0300] {logging_mixin.py:150} INFO - [2023-08-14T14:22:54.713+0300] {dagbag.py:541} INFO - Filling up the DagBag from /home/soamariaka/.local/lib/python3.9/site-packages/airflow/example_dags/example_latest_only.py
[2023-08-14T14:22:54.725+0300] {processor.py:836} INFO - DAG(s) dict_keys(['latest_only']) retrieved from /home/soamariaka/.local/lib/python3.9/site-packages/airflow/example_dags/example_latest_only.py
[2023-08-14T14:22:54.751+0300] {logging_mixin.py:150} INFO - [2023-08-14T14:22:54.750+0300] {dag.py:2742} INFO - Sync 1 DAGs
[2023-08-14T14:22:54.782+0300] {logging_mixin.py:150} INFO - [2023-08-14T14:22:54.782+0300] {dag.py:3504} INFO - Setting next_dagrun for latest_only to 2023-08-14T07:22:54.781933+00:00, run_after=2023-08-14T11:22:54.781933+00:00
[2023-08-14T14:22:54.934+0300] {processor.py:179} INFO - Processing /home/soamariaka/.local/lib/python3.9/site-packages/airflow/example_dags/example_latest_only.py took 0.229 seconds
[2023-08-14T14:23:58.089+0300] {processor.py:157} INFO - Started process (PID=16241) to work on /home/soamariaka/.local/lib/python3.9/site-packages/airflow/example_dags/example_latest_only.py
[2023-08-14T14:23:58.091+0300] {processor.py:826} INFO - Processing file /home/soamariaka/.local/lib/python3.9/site-packages/airflow/example_dags/example_latest_only.py for tasks to queue
[2023-08-14T14:23:58.093+0300] {logging_mixin.py:150} INFO - [2023-08-14T14:23:58.092+0300] {dagbag.py:541} INFO - Filling up the DagBag from /home/soamariaka/.local/lib/python3.9/site-packages/airflow/example_dags/example_latest_only.py
[2023-08-14T14:23:58.104+0300] {processor.py:836} INFO - DAG(s) dict_keys(['latest_only']) retrieved from /home/soamariaka/.local/lib/python3.9/site-packages/airflow/example_dags/example_latest_only.py
[2023-08-14T14:23:58.130+0300] {logging_mixin.py:150} INFO - [2023-08-14T14:23:58.130+0300] {dag.py:2742} INFO - Sync 1 DAGs
[2023-08-14T14:23:58.162+0300] {logging_mixin.py:150} INFO - [2023-08-14T14:23:58.162+0300] {dag.py:3504} INFO - Setting next_dagrun for latest_only to 2023-08-14T07:23:58.161803+00:00, run_after=2023-08-14T11:23:58.161803+00:00
[2023-08-14T14:23:58.318+0300] {processor.py:179} INFO - Processing /home/soamariaka/.local/lib/python3.9/site-packages/airflow/example_dags/example_latest_only.py took 0.234 seconds
[2023-08-14T14:24:56.130+0300] {processor.py:157} INFO - Started process (PID=16539) to work on /home/soamariaka/.local/lib/python3.9/site-packages/airflow/example_dags/example_latest_only.py
[2023-08-14T14:24:56.158+0300] {processor.py:826} INFO - Processing file /home/soamariaka/.local/lib/python3.9/site-packages/airflow/example_dags/example_latest_only.py for tasks to queue
[2023-08-14T14:24:56.160+0300] {logging_mixin.py:150} INFO - [2023-08-14T14:24:56.159+0300] {dagbag.py:541} INFO - Filling up the DagBag from /home/soamariaka/.local/lib/python3.9/site-packages/airflow/example_dags/example_latest_only.py
[2023-08-14T14:24:56.171+0300] {processor.py:836} INFO - DAG(s) dict_keys(['latest_only']) retrieved from /home/soamariaka/.local/lib/python3.9/site-packages/airflow/example_dags/example_latest_only.py
[2023-08-14T14:24:56.200+0300] {logging_mixin.py:150} INFO - [2023-08-14T14:24:56.199+0300] {dag.py:2742} INFO - Sync 1 DAGs
[2023-08-14T14:24:56.234+0300] {logging_mixin.py:150} INFO - [2023-08-14T14:24:56.234+0300] {dag.py:3504} INFO - Setting next_dagrun for latest_only to 2023-08-14T07:24:56.232994+00:00, run_after=2023-08-14T11:24:56.232994+00:00
[2023-08-14T14:24:56.388+0300] {processor.py:179} INFO - Processing /home/soamariaka/.local/lib/python3.9/site-packages/airflow/example_dags/example_latest_only.py took 0.263 seconds
[2023-08-14T14:25:57.942+0300] {processor.py:157} INFO - Started process (PID=16698) to work on /home/soamariaka/.local/lib/python3.9/site-packages/airflow/example_dags/example_latest_only.py
[2023-08-14T14:25:57.979+0300] {processor.py:826} INFO - Processing file /home/soamariaka/.local/lib/python3.9/site-packages/airflow/example_dags/example_latest_only.py for tasks to queue
[2023-08-14T14:25:57.981+0300] {logging_mixin.py:150} INFO - [2023-08-14T14:25:57.980+0300] {dagbag.py:541} INFO - Filling up the DagBag from /home/soamariaka/.local/lib/python3.9/site-packages/airflow/example_dags/example_latest_only.py
[2023-08-14T14:25:57.991+0300] {processor.py:836} INFO - DAG(s) dict_keys(['latest_only']) retrieved from /home/soamariaka/.local/lib/python3.9/site-packages/airflow/example_dags/example_latest_only.py
[2023-08-14T14:25:58.020+0300] {logging_mixin.py:150} INFO - [2023-08-14T14:25:58.020+0300] {dag.py:2742} INFO - Sync 1 DAGs
[2023-08-14T14:25:58.055+0300] {logging_mixin.py:150} INFO - [2023-08-14T14:25:58.055+0300] {dag.py:3504} INFO - Setting next_dagrun for latest_only to 2023-08-14T07:25:58.054894+00:00, run_after=2023-08-14T11:25:58.054894+00:00
[2023-08-14T14:25:58.193+0300] {processor.py:179} INFO - Processing /home/soamariaka/.local/lib/python3.9/site-packages/airflow/example_dags/example_latest_only.py took 0.256 seconds
[2023-08-14T14:26:55.970+0300] {processor.py:157} INFO - Started process (PID=16752) to work on /home/soamariaka/.local/lib/python3.9/site-packages/airflow/example_dags/example_latest_only.py
[2023-08-14T14:26:56.002+0300] {processor.py:826} INFO - Processing file /home/soamariaka/.local/lib/python3.9/site-packages/airflow/example_dags/example_latest_only.py for tasks to queue
[2023-08-14T14:26:56.004+0300] {logging_mixin.py:150} INFO - [2023-08-14T14:26:56.003+0300] {dagbag.py:541} INFO - Filling up the DagBag from /home/soamariaka/.local/lib/python3.9/site-packages/airflow/example_dags/example_latest_only.py
[2023-08-14T14:26:56.015+0300] {processor.py:836} INFO - DAG(s) dict_keys(['latest_only']) retrieved from /home/soamariaka/.local/lib/python3.9/site-packages/airflow/example_dags/example_latest_only.py
[2023-08-14T14:26:56.044+0300] {logging_mixin.py:150} INFO - [2023-08-14T14:26:56.044+0300] {dag.py:2742} INFO - Sync 1 DAGs
[2023-08-14T14:26:56.078+0300] {logging_mixin.py:150} INFO - [2023-08-14T14:26:56.078+0300] {dag.py:3504} INFO - Setting next_dagrun for latest_only to 2023-08-14T07:26:56.078069+00:00, run_after=2023-08-14T11:26:56.078069+00:00
[2023-08-14T14:26:56.205+0300] {processor.py:179} INFO - Processing /home/soamariaka/.local/lib/python3.9/site-packages/airflow/example_dags/example_latest_only.py took 0.241 seconds
[2023-08-14T14:27:57.200+0300] {processor.py:157} INFO - Started process (PID=16879) to work on /home/soamariaka/.local/lib/python3.9/site-packages/airflow/example_dags/example_latest_only.py
[2023-08-14T14:27:57.202+0300] {processor.py:826} INFO - Processing file /home/soamariaka/.local/lib/python3.9/site-packages/airflow/example_dags/example_latest_only.py for tasks to queue
[2023-08-14T14:27:57.204+0300] {logging_mixin.py:150} INFO - [2023-08-14T14:27:57.203+0300] {dagbag.py:541} INFO - Filling up the DagBag from /home/soamariaka/.local/lib/python3.9/site-packages/airflow/example_dags/example_latest_only.py
[2023-08-14T14:27:57.214+0300] {processor.py:836} INFO - DAG(s) dict_keys(['latest_only']) retrieved from /home/soamariaka/.local/lib/python3.9/site-packages/airflow/example_dags/example_latest_only.py
[2023-08-14T14:27:57.240+0300] {logging_mixin.py:150} INFO - [2023-08-14T14:27:57.239+0300] {dag.py:2742} INFO - Sync 1 DAGs
[2023-08-14T14:27:57.272+0300] {logging_mixin.py:150} INFO - [2023-08-14T14:27:57.271+0300] {dag.py:3504} INFO - Setting next_dagrun for latest_only to 2023-08-14T07:27:57.271613+00:00, run_after=2023-08-14T11:27:57.271613+00:00
[2023-08-14T14:27:57.425+0300] {processor.py:179} INFO - Processing /home/soamariaka/.local/lib/python3.9/site-packages/airflow/example_dags/example_latest_only.py took 0.231 seconds
[2023-08-14T14:29:01.001+0300] {processor.py:157} INFO - Started process (PID=17033) to work on /home/soamariaka/.local/lib/python3.9/site-packages/airflow/example_dags/example_latest_only.py
[2023-08-14T14:29:01.003+0300] {processor.py:826} INFO - Processing file /home/soamariaka/.local/lib/python3.9/site-packages/airflow/example_dags/example_latest_only.py for tasks to queue
[2023-08-14T14:29:01.005+0300] {logging_mixin.py:150} INFO - [2023-08-14T14:29:01.004+0300] {dagbag.py:541} INFO - Filling up the DagBag from /home/soamariaka/.local/lib/python3.9/site-packages/airflow/example_dags/example_latest_only.py
[2023-08-14T14:29:01.015+0300] {processor.py:836} INFO - DAG(s) dict_keys(['latest_only']) retrieved from /home/soamariaka/.local/lib/python3.9/site-packages/airflow/example_dags/example_latest_only.py
[2023-08-14T14:29:01.042+0300] {logging_mixin.py:150} INFO - [2023-08-14T14:29:01.041+0300] {dag.py:2742} INFO - Sync 1 DAGs
[2023-08-14T14:29:01.073+0300] {logging_mixin.py:150} INFO - [2023-08-14T14:29:01.073+0300] {dag.py:3504} INFO - Setting next_dagrun for latest_only to 2023-08-14T07:29:01.072899+00:00, run_after=2023-08-14T11:29:01.072899+00:00
[2023-08-14T14:29:01.220+0300] {processor.py:179} INFO - Processing /home/soamariaka/.local/lib/python3.9/site-packages/airflow/example_dags/example_latest_only.py took 0.225 seconds
[2023-08-14T14:29:58.640+0300] {processor.py:157} INFO - Started process (PID=17169) to work on /home/soamariaka/.local/lib/python3.9/site-packages/airflow/example_dags/example_latest_only.py
[2023-08-14T14:29:58.642+0300] {processor.py:826} INFO - Processing file /home/soamariaka/.local/lib/python3.9/site-packages/airflow/example_dags/example_latest_only.py for tasks to queue
[2023-08-14T14:29:58.644+0300] {logging_mixin.py:150} INFO - [2023-08-14T14:29:58.643+0300] {dagbag.py:541} INFO - Filling up the DagBag from /home/soamariaka/.local/lib/python3.9/site-packages/airflow/example_dags/example_latest_only.py
[2023-08-14T14:29:58.654+0300] {processor.py:836} INFO - DAG(s) dict_keys(['latest_only']) retrieved from /home/soamariaka/.local/lib/python3.9/site-packages/airflow/example_dags/example_latest_only.py
[2023-08-14T14:29:58.680+0300] {logging_mixin.py:150} INFO - [2023-08-14T14:29:58.680+0300] {dag.py:2742} INFO - Sync 1 DAGs
[2023-08-14T14:29:58.712+0300] {logging_mixin.py:150} INFO - [2023-08-14T14:29:58.711+0300] {dag.py:3504} INFO - Setting next_dagrun for latest_only to 2023-08-14T07:29:58.711593+00:00, run_after=2023-08-14T11:29:58.711593+00:00
[2023-08-14T14:29:58.843+0300] {processor.py:179} INFO - Processing /home/soamariaka/.local/lib/python3.9/site-packages/airflow/example_dags/example_latest_only.py took 0.209 seconds
[2023-08-14T14:30:53.165+0300] {processor.py:157} INFO - Started process (PID=17255) to work on /home/soamariaka/.local/lib/python3.9/site-packages/airflow/example_dags/example_latest_only.py
[2023-08-14T14:30:53.168+0300] {processor.py:826} INFO - Processing file /home/soamariaka/.local/lib/python3.9/site-packages/airflow/example_dags/example_latest_only.py for tasks to queue
[2023-08-14T14:30:53.169+0300] {logging_mixin.py:150} INFO - [2023-08-14T14:30:53.169+0300] {dagbag.py:541} INFO - Filling up the DagBag from /home/soamariaka/.local/lib/python3.9/site-packages/airflow/example_dags/example_latest_only.py
[2023-08-14T14:30:53.180+0300] {processor.py:836} INFO - DAG(s) dict_keys(['latest_only']) retrieved from /home/soamariaka/.local/lib/python3.9/site-packages/airflow/example_dags/example_latest_only.py
[2023-08-14T14:30:53.205+0300] {logging_mixin.py:150} INFO - [2023-08-14T14:30:53.204+0300] {dag.py:2742} INFO - Sync 1 DAGs
[2023-08-14T14:30:53.236+0300] {logging_mixin.py:150} INFO - [2023-08-14T14:30:53.236+0300] {dag.py:3504} INFO - Setting next_dagrun for latest_only to 2023-08-14T07:30:53.235932+00:00, run_after=2023-08-14T11:30:53.235932+00:00
[2023-08-14T14:30:53.378+0300] {processor.py:179} INFO - Processing /home/soamariaka/.local/lib/python3.9/site-packages/airflow/example_dags/example_latest_only.py took 0.218 seconds
[2023-08-14T14:31:52.521+0300] {processor.py:157} INFO - Started process (PID=17341) to work on /home/soamariaka/.local/lib/python3.9/site-packages/airflow/example_dags/example_latest_only.py
[2023-08-14T14:31:52.523+0300] {processor.py:826} INFO - Processing file /home/soamariaka/.local/lib/python3.9/site-packages/airflow/example_dags/example_latest_only.py for tasks to queue
[2023-08-14T14:31:52.525+0300] {logging_mixin.py:150} INFO - [2023-08-14T14:31:52.524+0300] {dagbag.py:541} INFO - Filling up the DagBag from /home/soamariaka/.local/lib/python3.9/site-packages/airflow/example_dags/example_latest_only.py
[2023-08-14T14:31:52.536+0300] {processor.py:836} INFO - DAG(s) dict_keys(['latest_only']) retrieved from /home/soamariaka/.local/lib/python3.9/site-packages/airflow/example_dags/example_latest_only.py
[2023-08-14T14:31:52.561+0300] {logging_mixin.py:150} INFO - [2023-08-14T14:31:52.561+0300] {dag.py:2742} INFO - Sync 1 DAGs
[2023-08-14T14:31:52.592+0300] {logging_mixin.py:150} INFO - [2023-08-14T14:31:52.592+0300] {dag.py:3504} INFO - Setting next_dagrun for latest_only to 2023-08-14T07:31:52.592097+00:00, run_after=2023-08-14T11:31:52.592097+00:00
[2023-08-14T14:31:52.731+0300] {processor.py:179} INFO - Processing /home/soamariaka/.local/lib/python3.9/site-packages/airflow/example_dags/example_latest_only.py took 0.215 seconds
[2023-08-14T14:32:51.282+0300] {processor.py:157} INFO - Started process (PID=17461) to work on /home/soamariaka/.local/lib/python3.9/site-packages/airflow/example_dags/example_latest_only.py
[2023-08-14T14:32:51.285+0300] {processor.py:826} INFO - Processing file /home/soamariaka/.local/lib/python3.9/site-packages/airflow/example_dags/example_latest_only.py for tasks to queue
[2023-08-14T14:32:51.286+0300] {logging_mixin.py:150} INFO - [2023-08-14T14:32:51.285+0300] {dagbag.py:541} INFO - Filling up the DagBag from /home/soamariaka/.local/lib/python3.9/site-packages/airflow/example_dags/example_latest_only.py
[2023-08-14T14:32:51.294+0300] {processor.py:836} INFO - DAG(s) dict_keys(['latest_only']) retrieved from /home/soamariaka/.local/lib/python3.9/site-packages/airflow/example_dags/example_latest_only.py
[2023-08-14T14:32:51.317+0300] {logging_mixin.py:150} INFO - [2023-08-14T14:32:51.317+0300] {dag.py:2742} INFO - Sync 1 DAGs
[2023-08-14T14:32:51.348+0300] {logging_mixin.py:150} INFO - [2023-08-14T14:32:51.348+0300] {dag.py:3504} INFO - Setting next_dagrun for latest_only to 2023-08-14T07:32:51.348301+00:00, run_after=2023-08-14T11:32:51.348301+00:00
[2023-08-14T14:32:51.493+0300] {processor.py:179} INFO - Processing /home/soamariaka/.local/lib/python3.9/site-packages/airflow/example_dags/example_latest_only.py took 0.217 seconds
[2023-08-14T14:33:50.593+0300] {processor.py:157} INFO - Started process (PID=17580) to work on /home/soamariaka/.local/lib/python3.9/site-packages/airflow/example_dags/example_latest_only.py
[2023-08-14T14:33:50.628+0300] {processor.py:826} INFO - Processing file /home/soamariaka/.local/lib/python3.9/site-packages/airflow/example_dags/example_latest_only.py for tasks to queue
[2023-08-14T14:33:50.630+0300] {logging_mixin.py:150} INFO - [2023-08-14T14:33:50.629+0300] {dagbag.py:541} INFO - Filling up the DagBag from /home/soamariaka/.local/lib/python3.9/site-packages/airflow/example_dags/example_latest_only.py
[2023-08-14T14:33:50.641+0300] {processor.py:836} INFO - DAG(s) dict_keys(['latest_only']) retrieved from /home/soamariaka/.local/lib/python3.9/site-packages/airflow/example_dags/example_latest_only.py
[2023-08-14T14:33:50.670+0300] {logging_mixin.py:150} INFO - [2023-08-14T14:33:50.670+0300] {dag.py:2742} INFO - Sync 1 DAGs
[2023-08-14T14:33:50.705+0300] {logging_mixin.py:150} INFO - [2023-08-14T14:33:50.704+0300] {dag.py:3504} INFO - Setting next_dagrun for latest_only to 2023-08-14T07:33:50.704398+00:00, run_after=2023-08-14T11:33:50.704398+00:00
[2023-08-14T14:33:50.835+0300] {processor.py:179} INFO - Processing /home/soamariaka/.local/lib/python3.9/site-packages/airflow/example_dags/example_latest_only.py took 0.248 seconds
[2023-08-14T14:35:00.417+0300] {processor.py:157} INFO - Started process (PID=17782) to work on /home/soamariaka/.local/lib/python3.9/site-packages/airflow/example_dags/example_latest_only.py
[2023-08-14T14:35:00.454+0300] {processor.py:826} INFO - Processing file /home/soamariaka/.local/lib/python3.9/site-packages/airflow/example_dags/example_latest_only.py for tasks to queue
[2023-08-14T14:35:00.486+0300] {logging_mixin.py:150} INFO - [2023-08-14T14:35:00.485+0300] {dagbag.py:541} INFO - Filling up the DagBag from /home/soamariaka/.local/lib/python3.9/site-packages/airflow/example_dags/example_latest_only.py
[2023-08-14T14:35:00.500+0300] {processor.py:836} INFO - DAG(s) dict_keys(['latest_only']) retrieved from /home/soamariaka/.local/lib/python3.9/site-packages/airflow/example_dags/example_latest_only.py
[2023-08-14T14:35:00.717+0300] {logging_mixin.py:150} INFO - [2023-08-14T14:35:00.716+0300] {dag.py:2742} INFO - Sync 1 DAGs
[2023-08-14T14:35:00.759+0300] {logging_mixin.py:150} INFO - [2023-08-14T14:35:00.759+0300] {dag.py:3504} INFO - Setting next_dagrun for latest_only to 2023-08-14T07:35:00.759216+00:00, run_after=2023-08-14T11:35:00.759216+00:00
[2023-08-14T14:35:01.117+0300] {processor.py:179} INFO - Processing /home/soamariaka/.local/lib/python3.9/site-packages/airflow/example_dags/example_latest_only.py took 0.705 seconds
[2023-08-14T14:36:49.058+0300] {processor.py:157} INFO - Started process (PID=18023) to work on /home/soamariaka/.local/lib/python3.9/site-packages/airflow/example_dags/example_latest_only.py
[2023-08-14T14:36:49.060+0300] {processor.py:826} INFO - Processing file /home/soamariaka/.local/lib/python3.9/site-packages/airflow/example_dags/example_latest_only.py for tasks to queue
[2023-08-14T14:36:49.061+0300] {logging_mixin.py:150} INFO - [2023-08-14T14:36:49.061+0300] {dagbag.py:541} INFO - Filling up the DagBag from /home/soamariaka/.local/lib/python3.9/site-packages/airflow/example_dags/example_latest_only.py
[2023-08-14T14:36:49.070+0300] {processor.py:836} INFO - DAG(s) dict_keys(['latest_only']) retrieved from /home/soamariaka/.local/lib/python3.9/site-packages/airflow/example_dags/example_latest_only.py
[2023-08-14T14:36:49.093+0300] {logging_mixin.py:150} INFO - [2023-08-14T14:36:49.092+0300] {dag.py:2742} INFO - Sync 1 DAGs
[2023-08-14T14:36:49.125+0300] {logging_mixin.py:150} INFO - [2023-08-14T14:36:49.124+0300] {dag.py:3504} INFO - Setting next_dagrun for latest_only to 2023-08-14T07:36:49.124393+00:00, run_after=2023-08-14T11:36:49.124393+00:00
[2023-08-14T14:36:49.392+0300] {processor.py:179} INFO - Processing /home/soamariaka/.local/lib/python3.9/site-packages/airflow/example_dags/example_latest_only.py took 0.338 seconds
[2023-08-14T14:37:57.946+0300] {processor.py:157} INFO - Started process (PID=18182) to work on /home/soamariaka/.local/lib/python3.9/site-packages/airflow/example_dags/example_latest_only.py
[2023-08-14T14:37:57.948+0300] {processor.py:826} INFO - Processing file /home/soamariaka/.local/lib/python3.9/site-packages/airflow/example_dags/example_latest_only.py for tasks to queue
[2023-08-14T14:37:57.949+0300] {logging_mixin.py:150} INFO - [2023-08-14T14:37:57.949+0300] {dagbag.py:541} INFO - Filling up the DagBag from /home/soamariaka/.local/lib/python3.9/site-packages/airflow/example_dags/example_latest_only.py
[2023-08-14T14:37:57.961+0300] {processor.py:836} INFO - DAG(s) dict_keys(['latest_only']) retrieved from /home/soamariaka/.local/lib/python3.9/site-packages/airflow/example_dags/example_latest_only.py
[2023-08-14T14:37:57.987+0300] {logging_mixin.py:150} INFO - [2023-08-14T14:37:57.986+0300] {dag.py:2742} INFO - Sync 1 DAGs
[2023-08-14T14:37:58.018+0300] {logging_mixin.py:150} INFO - [2023-08-14T14:37:58.018+0300] {dag.py:3504} INFO - Setting next_dagrun for latest_only to 2023-08-14T07:37:58.017994+00:00, run_after=2023-08-14T11:37:58.017994+00:00
[2023-08-14T14:37:58.286+0300] {processor.py:179} INFO - Processing /home/soamariaka/.local/lib/python3.9/site-packages/airflow/example_dags/example_latest_only.py took 0.345 seconds
[2023-08-14T14:39:03.784+0300] {processor.py:157} INFO - Started process (PID=18308) to work on /home/soamariaka/.local/lib/python3.9/site-packages/airflow/example_dags/example_latest_only.py
[2023-08-14T14:39:03.790+0300] {processor.py:826} INFO - Processing file /home/soamariaka/.local/lib/python3.9/site-packages/airflow/example_dags/example_latest_only.py for tasks to queue
[2023-08-14T14:39:03.792+0300] {logging_mixin.py:150} INFO - [2023-08-14T14:39:03.791+0300] {dagbag.py:541} INFO - Filling up the DagBag from /home/soamariaka/.local/lib/python3.9/site-packages/airflow/example_dags/example_latest_only.py
[2023-08-14T14:39:03.813+0300] {processor.py:836} INFO - DAG(s) dict_keys(['latest_only']) retrieved from /home/soamariaka/.local/lib/python3.9/site-packages/airflow/example_dags/example_latest_only.py
[2023-08-14T14:39:03.856+0300] {logging_mixin.py:150} INFO - [2023-08-14T14:39:03.856+0300] {dag.py:2742} INFO - Sync 1 DAGs
[2023-08-14T14:39:03.908+0300] {logging_mixin.py:150} INFO - [2023-08-14T14:39:03.908+0300] {dag.py:3504} INFO - Setting next_dagrun for latest_only to 2023-08-14T07:39:03.907600+00:00, run_after=2023-08-14T11:39:03.907600+00:00
[2023-08-14T14:39:04.246+0300] {processor.py:179} INFO - Processing /home/soamariaka/.local/lib/python3.9/site-packages/airflow/example_dags/example_latest_only.py took 0.469 seconds
[2023-08-14T14:40:16.284+0300] {processor.py:157} INFO - Started process (PID=18521) to work on /home/soamariaka/.local/lib/python3.9/site-packages/airflow/example_dags/example_latest_only.py
[2023-08-14T14:40:16.300+0300] {processor.py:826} INFO - Processing file /home/soamariaka/.local/lib/python3.9/site-packages/airflow/example_dags/example_latest_only.py for tasks to queue
[2023-08-14T14:40:16.302+0300] {logging_mixin.py:150} INFO - [2023-08-14T14:40:16.301+0300] {dagbag.py:541} INFO - Filling up the DagBag from /home/soamariaka/.local/lib/python3.9/site-packages/airflow/example_dags/example_latest_only.py
[2023-08-14T14:40:16.312+0300] {processor.py:836} INFO - DAG(s) dict_keys(['latest_only']) retrieved from /home/soamariaka/.local/lib/python3.9/site-packages/airflow/example_dags/example_latest_only.py
[2023-08-14T14:40:16.341+0300] {logging_mixin.py:150} INFO - [2023-08-14T14:40:16.340+0300] {dag.py:2742} INFO - Sync 1 DAGs
[2023-08-14T14:40:16.386+0300] {logging_mixin.py:150} INFO - [2023-08-14T14:40:16.386+0300] {dag.py:3504} INFO - Setting next_dagrun for latest_only to 2023-08-14T07:40:16.385686+00:00, run_after=2023-08-14T11:40:16.385686+00:00
[2023-08-14T14:40:16.742+0300] {processor.py:179} INFO - Processing /home/soamariaka/.local/lib/python3.9/site-packages/airflow/example_dags/example_latest_only.py took 0.464 seconds
