[2023-08-14T13:33:41.417+0300] {processor.py:157} INFO - Started process (PID=10795) to work on /home/soamariaka/.local/lib/python3.9/site-packages/airflow/example_dags/example_branch_operator.py
[2023-08-14T13:33:41.418+0300] {processor.py:826} INFO - Processing file /home/soamariaka/.local/lib/python3.9/site-packages/airflow/example_dags/example_branch_operator.py for tasks to queue
[2023-08-14T13:33:41.420+0300] {logging_mixin.py:150} INFO - [2023-08-14T13:33:41.419+0300] {dagbag.py:541} INFO - Filling up the DagBag from /home/soamariaka/.local/lib/python3.9/site-packages/airflow/example_dags/example_branch_operator.py
[2023-08-14T13:33:41.436+0300] {processor.py:836} INFO - DAG(s) dict_keys(['example_branch_operator']) retrieved from /home/soamariaka/.local/lib/python3.9/site-packages/airflow/example_dags/example_branch_operator.py
[2023-08-14T13:33:41.465+0300] {logging_mixin.py:150} INFO - [2023-08-14T13:33:41.465+0300] {dag.py:2742} INFO - Sync 1 DAGs
[2023-08-14T13:33:41.498+0300] {logging_mixin.py:150} INFO - [2023-08-14T13:33:41.498+0300] {dag.py:3504} INFO - Setting next_dagrun for example_branch_operator to 2023-08-13T00:00:00+00:00, run_after=2023-08-14T00:00:00+00:00
[2023-08-14T13:33:41.652+0300] {processor.py:179} INFO - Processing /home/soamariaka/.local/lib/python3.9/site-packages/airflow/example_dags/example_branch_operator.py took 0.240 seconds
[2023-08-14T13:35:12.642+0300] {processor.py:157} INFO - Started process (PID=10994) to work on /home/soamariaka/.local/lib/python3.9/site-packages/airflow/example_dags/example_branch_operator.py
[2023-08-14T13:35:12.698+0300] {processor.py:826} INFO - Processing file /home/soamariaka/.local/lib/python3.9/site-packages/airflow/example_dags/example_branch_operator.py for tasks to queue
[2023-08-14T13:35:12.700+0300] {logging_mixin.py:150} INFO - [2023-08-14T13:35:12.699+0300] {dagbag.py:541} INFO - Filling up the DagBag from /home/soamariaka/.local/lib/python3.9/site-packages/airflow/example_dags/example_branch_operator.py
[2023-08-14T13:35:12.717+0300] {processor.py:836} INFO - DAG(s) dict_keys(['example_branch_operator']) retrieved from /home/soamariaka/.local/lib/python3.9/site-packages/airflow/example_dags/example_branch_operator.py
[2023-08-14T13:35:12.753+0300] {logging_mixin.py:150} INFO - [2023-08-14T13:35:12.753+0300] {dag.py:2742} INFO - Sync 1 DAGs
[2023-08-14T13:35:12.789+0300] {logging_mixin.py:150} INFO - [2023-08-14T13:35:12.789+0300] {dag.py:3504} INFO - Setting next_dagrun for example_branch_operator to 2023-08-13T00:00:00+00:00, run_after=2023-08-14T00:00:00+00:00
[2023-08-14T13:35:13.618+0300] {processor.py:179} INFO - Processing /home/soamariaka/.local/lib/python3.9/site-packages/airflow/example_dags/example_branch_operator.py took 0.982 seconds
[2023-08-14T13:36:18.721+0300] {processor.py:157} INFO - Started process (PID=11086) to work on /home/soamariaka/.local/lib/python3.9/site-packages/airflow/example_dags/example_branch_operator.py
[2023-08-14T13:36:18.752+0300] {processor.py:826} INFO - Processing file /home/soamariaka/.local/lib/python3.9/site-packages/airflow/example_dags/example_branch_operator.py for tasks to queue
[2023-08-14T13:36:18.754+0300] {logging_mixin.py:150} INFO - [2023-08-14T13:36:18.753+0300] {dagbag.py:541} INFO - Filling up the DagBag from /home/soamariaka/.local/lib/python3.9/site-packages/airflow/example_dags/example_branch_operator.py
[2023-08-14T13:36:18.771+0300] {processor.py:836} INFO - DAG(s) dict_keys(['example_branch_operator']) retrieved from /home/soamariaka/.local/lib/python3.9/site-packages/airflow/example_dags/example_branch_operator.py
[2023-08-14T13:36:18.806+0300] {logging_mixin.py:150} INFO - [2023-08-14T13:36:18.806+0300] {dag.py:2742} INFO - Sync 1 DAGs
[2023-08-14T13:36:18.840+0300] {logging_mixin.py:150} INFO - [2023-08-14T13:36:18.840+0300] {dag.py:3504} INFO - Setting next_dagrun for example_branch_operator to 2023-08-13T00:00:00+00:00, run_after=2023-08-14T00:00:00+00:00
[2023-08-14T13:36:18.974+0300] {processor.py:179} INFO - Processing /home/soamariaka/.local/lib/python3.9/site-packages/airflow/example_dags/example_branch_operator.py took 0.259 seconds
[2023-08-14T13:37:15.474+0300] {processor.py:157} INFO - Started process (PID=11153) to work on /home/soamariaka/.local/lib/python3.9/site-packages/airflow/example_dags/example_branch_operator.py
[2023-08-14T13:37:15.477+0300] {processor.py:826} INFO - Processing file /home/soamariaka/.local/lib/python3.9/site-packages/airflow/example_dags/example_branch_operator.py for tasks to queue
[2023-08-14T13:37:15.478+0300] {logging_mixin.py:150} INFO - [2023-08-14T13:37:15.478+0300] {dagbag.py:541} INFO - Filling up the DagBag from /home/soamariaka/.local/lib/python3.9/site-packages/airflow/example_dags/example_branch_operator.py
[2023-08-14T13:37:15.498+0300] {processor.py:836} INFO - DAG(s) dict_keys(['example_branch_operator']) retrieved from /home/soamariaka/.local/lib/python3.9/site-packages/airflow/example_dags/example_branch_operator.py
[2023-08-14T13:37:15.538+0300] {logging_mixin.py:150} INFO - [2023-08-14T13:37:15.537+0300] {dag.py:2742} INFO - Sync 1 DAGs
[2023-08-14T13:37:15.594+0300] {logging_mixin.py:150} INFO - [2023-08-14T13:37:15.593+0300] {dag.py:3504} INFO - Setting next_dagrun for example_branch_operator to 2023-08-13T00:00:00+00:00, run_after=2023-08-14T00:00:00+00:00
[2023-08-14T13:37:15.746+0300] {processor.py:179} INFO - Processing /home/soamariaka/.local/lib/python3.9/site-packages/airflow/example_dags/example_branch_operator.py took 0.278 seconds
[2023-08-14T13:38:15.899+0300] {processor.py:157} INFO - Started process (PID=11270) to work on /home/soamariaka/.local/lib/python3.9/site-packages/airflow/example_dags/example_branch_operator.py
[2023-08-14T13:38:15.902+0300] {processor.py:826} INFO - Processing file /home/soamariaka/.local/lib/python3.9/site-packages/airflow/example_dags/example_branch_operator.py for tasks to queue
[2023-08-14T13:38:15.903+0300] {logging_mixin.py:150} INFO - [2023-08-14T13:38:15.902+0300] {dagbag.py:541} INFO - Filling up the DagBag from /home/soamariaka/.local/lib/python3.9/site-packages/airflow/example_dags/example_branch_operator.py
[2023-08-14T13:38:15.920+0300] {processor.py:836} INFO - DAG(s) dict_keys(['example_branch_operator']) retrieved from /home/soamariaka/.local/lib/python3.9/site-packages/airflow/example_dags/example_branch_operator.py
[2023-08-14T13:38:15.949+0300] {logging_mixin.py:150} INFO - [2023-08-14T13:38:15.949+0300] {dag.py:2742} INFO - Sync 1 DAGs
[2023-08-14T13:38:15.983+0300] {logging_mixin.py:150} INFO - [2023-08-14T13:38:15.982+0300] {dag.py:3504} INFO - Setting next_dagrun for example_branch_operator to 2023-08-13T00:00:00+00:00, run_after=2023-08-14T00:00:00+00:00
[2023-08-14T13:38:16.134+0300] {processor.py:179} INFO - Processing /home/soamariaka/.local/lib/python3.9/site-packages/airflow/example_dags/example_branch_operator.py took 0.240 seconds
[2023-08-14T13:39:21.258+0300] {processor.py:157} INFO - Started process (PID=11423) to work on /home/soamariaka/.local/lib/python3.9/site-packages/airflow/example_dags/example_branch_operator.py
[2023-08-14T13:39:21.261+0300] {processor.py:826} INFO - Processing file /home/soamariaka/.local/lib/python3.9/site-packages/airflow/example_dags/example_branch_operator.py for tasks to queue
[2023-08-14T13:39:21.263+0300] {logging_mixin.py:150} INFO - [2023-08-14T13:39:21.262+0300] {dagbag.py:541} INFO - Filling up the DagBag from /home/soamariaka/.local/lib/python3.9/site-packages/airflow/example_dags/example_branch_operator.py
[2023-08-14T13:39:21.288+0300] {processor.py:836} INFO - DAG(s) dict_keys(['example_branch_operator']) retrieved from /home/soamariaka/.local/lib/python3.9/site-packages/airflow/example_dags/example_branch_operator.py
[2023-08-14T13:39:21.330+0300] {logging_mixin.py:150} INFO - [2023-08-14T13:39:21.329+0300] {dag.py:2742} INFO - Sync 1 DAGs
[2023-08-14T13:39:21.368+0300] {logging_mixin.py:150} INFO - [2023-08-14T13:39:21.367+0300] {dag.py:3504} INFO - Setting next_dagrun for example_branch_operator to 2023-08-13T00:00:00+00:00, run_after=2023-08-14T00:00:00+00:00
[2023-08-14T13:39:21.516+0300] {processor.py:179} INFO - Processing /home/soamariaka/.local/lib/python3.9/site-packages/airflow/example_dags/example_branch_operator.py took 0.265 seconds
[2023-08-14T13:40:22.100+0300] {processor.py:157} INFO - Started process (PID=11494) to work on /home/soamariaka/.local/lib/python3.9/site-packages/airflow/example_dags/example_branch_operator.py
[2023-08-14T13:40:22.123+0300] {processor.py:826} INFO - Processing file /home/soamariaka/.local/lib/python3.9/site-packages/airflow/example_dags/example_branch_operator.py for tasks to queue
[2023-08-14T13:40:22.125+0300] {logging_mixin.py:150} INFO - [2023-08-14T13:40:22.124+0300] {dagbag.py:541} INFO - Filling up the DagBag from /home/soamariaka/.local/lib/python3.9/site-packages/airflow/example_dags/example_branch_operator.py
[2023-08-14T13:40:22.143+0300] {processor.py:836} INFO - DAG(s) dict_keys(['example_branch_operator']) retrieved from /home/soamariaka/.local/lib/python3.9/site-packages/airflow/example_dags/example_branch_operator.py
[2023-08-14T13:40:22.179+0300] {logging_mixin.py:150} INFO - [2023-08-14T13:40:22.179+0300] {dag.py:2742} INFO - Sync 1 DAGs
[2023-08-14T13:40:22.224+0300] {logging_mixin.py:150} INFO - [2023-08-14T13:40:22.224+0300] {dag.py:3504} INFO - Setting next_dagrun for example_branch_operator to 2023-08-13T00:00:00+00:00, run_after=2023-08-14T00:00:00+00:00
[2023-08-14T13:40:22.347+0300] {processor.py:179} INFO - Processing /home/soamariaka/.local/lib/python3.9/site-packages/airflow/example_dags/example_branch_operator.py took 0.252 seconds
[2023-08-14T13:41:17.932+0300] {processor.py:157} INFO - Started process (PID=11577) to work on /home/soamariaka/.local/lib/python3.9/site-packages/airflow/example_dags/example_branch_operator.py
[2023-08-14T13:41:17.945+0300] {processor.py:826} INFO - Processing file /home/soamariaka/.local/lib/python3.9/site-packages/airflow/example_dags/example_branch_operator.py for tasks to queue
[2023-08-14T13:41:17.946+0300] {logging_mixin.py:150} INFO - [2023-08-14T13:41:17.946+0300] {dagbag.py:541} INFO - Filling up the DagBag from /home/soamariaka/.local/lib/python3.9/site-packages/airflow/example_dags/example_branch_operator.py
[2023-08-14T13:41:17.960+0300] {processor.py:836} INFO - DAG(s) dict_keys(['example_branch_operator']) retrieved from /home/soamariaka/.local/lib/python3.9/site-packages/airflow/example_dags/example_branch_operator.py
[2023-08-14T13:41:17.989+0300] {logging_mixin.py:150} INFO - [2023-08-14T13:41:17.988+0300] {dag.py:2742} INFO - Sync 1 DAGs
[2023-08-14T13:41:18.022+0300] {logging_mixin.py:150} INFO - [2023-08-14T13:41:18.022+0300] {dag.py:3504} INFO - Setting next_dagrun for example_branch_operator to 2023-08-13T00:00:00+00:00, run_after=2023-08-14T00:00:00+00:00
[2023-08-14T13:41:18.161+0300] {processor.py:179} INFO - Processing /home/soamariaka/.local/lib/python3.9/site-packages/airflow/example_dags/example_branch_operator.py took 0.235 seconds
[2023-08-14T13:42:16.600+0300] {processor.py:157} INFO - Started process (PID=11627) to work on /home/soamariaka/.local/lib/python3.9/site-packages/airflow/example_dags/example_branch_operator.py
[2023-08-14T13:42:16.603+0300] {processor.py:826} INFO - Processing file /home/soamariaka/.local/lib/python3.9/site-packages/airflow/example_dags/example_branch_operator.py for tasks to queue
[2023-08-14T13:42:16.605+0300] {logging_mixin.py:150} INFO - [2023-08-14T13:42:16.604+0300] {dagbag.py:541} INFO - Filling up the DagBag from /home/soamariaka/.local/lib/python3.9/site-packages/airflow/example_dags/example_branch_operator.py
[2023-08-14T13:42:16.622+0300] {processor.py:836} INFO - DAG(s) dict_keys(['example_branch_operator']) retrieved from /home/soamariaka/.local/lib/python3.9/site-packages/airflow/example_dags/example_branch_operator.py
[2023-08-14T13:42:16.653+0300] {logging_mixin.py:150} INFO - [2023-08-14T13:42:16.653+0300] {dag.py:2742} INFO - Sync 1 DAGs
[2023-08-14T13:42:16.688+0300] {logging_mixin.py:150} INFO - [2023-08-14T13:42:16.688+0300] {dag.py:3504} INFO - Setting next_dagrun for example_branch_operator to 2023-08-13T00:00:00+00:00, run_after=2023-08-14T00:00:00+00:00
[2023-08-14T13:42:16.833+0300] {processor.py:179} INFO - Processing /home/soamariaka/.local/lib/python3.9/site-packages/airflow/example_dags/example_branch_operator.py took 0.238 seconds
[2023-08-14T13:43:36.461+0300] {processor.py:157} INFO - Started process (PID=11733) to work on /home/soamariaka/.local/lib/python3.9/site-packages/airflow/example_dags/example_branch_operator.py
[2023-08-14T13:43:36.465+0300] {processor.py:826} INFO - Processing file /home/soamariaka/.local/lib/python3.9/site-packages/airflow/example_dags/example_branch_operator.py for tasks to queue
[2023-08-14T13:43:36.467+0300] {logging_mixin.py:150} INFO - [2023-08-14T13:43:36.466+0300] {dagbag.py:541} INFO - Filling up the DagBag from /home/soamariaka/.local/lib/python3.9/site-packages/airflow/example_dags/example_branch_operator.py
[2023-08-14T13:43:36.491+0300] {processor.py:836} INFO - DAG(s) dict_keys(['example_branch_operator']) retrieved from /home/soamariaka/.local/lib/python3.9/site-packages/airflow/example_dags/example_branch_operator.py
[2023-08-14T13:43:36.537+0300] {logging_mixin.py:150} INFO - [2023-08-14T13:43:36.536+0300] {dag.py:2742} INFO - Sync 1 DAGs
[2023-08-14T13:43:36.579+0300] {logging_mixin.py:150} INFO - [2023-08-14T13:43:36.578+0300] {dag.py:3504} INFO - Setting next_dagrun for example_branch_operator to 2023-08-13T00:00:00+00:00, run_after=2023-08-14T00:00:00+00:00
[2023-08-14T13:43:36.744+0300] {processor.py:179} INFO - Processing /home/soamariaka/.local/lib/python3.9/site-packages/airflow/example_dags/example_branch_operator.py took 0.290 seconds
[2023-08-14T13:44:39.002+0300] {processor.py:157} INFO - Started process (PID=11783) to work on /home/soamariaka/.local/lib/python3.9/site-packages/airflow/example_dags/example_branch_operator.py
[2023-08-14T13:44:39.004+0300] {processor.py:826} INFO - Processing file /home/soamariaka/.local/lib/python3.9/site-packages/airflow/example_dags/example_branch_operator.py for tasks to queue
[2023-08-14T13:44:39.005+0300] {logging_mixin.py:150} INFO - [2023-08-14T13:44:39.005+0300] {dagbag.py:541} INFO - Filling up the DagBag from /home/soamariaka/.local/lib/python3.9/site-packages/airflow/example_dags/example_branch_operator.py
[2023-08-14T13:44:39.023+0300] {processor.py:836} INFO - DAG(s) dict_keys(['example_branch_operator']) retrieved from /home/soamariaka/.local/lib/python3.9/site-packages/airflow/example_dags/example_branch_operator.py
[2023-08-14T13:44:39.068+0300] {logging_mixin.py:150} INFO - [2023-08-14T13:44:39.067+0300] {dag.py:2742} INFO - Sync 1 DAGs
[2023-08-14T13:44:39.103+0300] {logging_mixin.py:150} INFO - [2023-08-14T13:44:39.103+0300] {dag.py:3504} INFO - Setting next_dagrun for example_branch_operator to 2023-08-13T00:00:00+00:00, run_after=2023-08-14T00:00:00+00:00
[2023-08-14T13:44:39.278+0300] {processor.py:179} INFO - Processing /home/soamariaka/.local/lib/python3.9/site-packages/airflow/example_dags/example_branch_operator.py took 0.281 seconds
[2023-08-14T13:45:46.108+0300] {processor.py:157} INFO - Started process (PID=11895) to work on /home/soamariaka/.local/lib/python3.9/site-packages/airflow/example_dags/example_branch_operator.py
[2023-08-14T13:45:46.110+0300] {processor.py:826} INFO - Processing file /home/soamariaka/.local/lib/python3.9/site-packages/airflow/example_dags/example_branch_operator.py for tasks to queue
[2023-08-14T13:45:46.111+0300] {logging_mixin.py:150} INFO - [2023-08-14T13:45:46.111+0300] {dagbag.py:541} INFO - Filling up the DagBag from /home/soamariaka/.local/lib/python3.9/site-packages/airflow/example_dags/example_branch_operator.py
[2023-08-14T13:45:46.129+0300] {processor.py:836} INFO - DAG(s) dict_keys(['example_branch_operator']) retrieved from /home/soamariaka/.local/lib/python3.9/site-packages/airflow/example_dags/example_branch_operator.py
[2023-08-14T13:45:46.159+0300] {logging_mixin.py:150} INFO - [2023-08-14T13:45:46.159+0300] {dag.py:2742} INFO - Sync 1 DAGs
[2023-08-14T13:45:46.192+0300] {logging_mixin.py:150} INFO - [2023-08-14T13:45:46.192+0300] {dag.py:3504} INFO - Setting next_dagrun for example_branch_operator to 2023-08-13T00:00:00+00:00, run_after=2023-08-14T00:00:00+00:00
[2023-08-14T13:45:46.303+0300] {processor.py:179} INFO - Processing /home/soamariaka/.local/lib/python3.9/site-packages/airflow/example_dags/example_branch_operator.py took 0.200 seconds
[2023-08-14T13:46:50.209+0300] {processor.py:157} INFO - Started process (PID=11951) to work on /home/soamariaka/.local/lib/python3.9/site-packages/airflow/example_dags/example_branch_operator.py
[2023-08-14T13:46:50.223+0300] {processor.py:826} INFO - Processing file /home/soamariaka/.local/lib/python3.9/site-packages/airflow/example_dags/example_branch_operator.py for tasks to queue
[2023-08-14T13:46:50.224+0300] {logging_mixin.py:150} INFO - [2023-08-14T13:46:50.223+0300] {dagbag.py:541} INFO - Filling up the DagBag from /home/soamariaka/.local/lib/python3.9/site-packages/airflow/example_dags/example_branch_operator.py
[2023-08-14T13:46:50.237+0300] {processor.py:836} INFO - DAG(s) dict_keys(['example_branch_operator']) retrieved from /home/soamariaka/.local/lib/python3.9/site-packages/airflow/example_dags/example_branch_operator.py
[2023-08-14T13:46:50.265+0300] {logging_mixin.py:150} INFO - [2023-08-14T13:46:50.265+0300] {dag.py:2742} INFO - Sync 1 DAGs
[2023-08-14T13:46:50.299+0300] {logging_mixin.py:150} INFO - [2023-08-14T13:46:50.298+0300] {dag.py:3504} INFO - Setting next_dagrun for example_branch_operator to 2023-08-13T00:00:00+00:00, run_after=2023-08-14T00:00:00+00:00
[2023-08-14T13:46:50.473+0300] {processor.py:179} INFO - Processing /home/soamariaka/.local/lib/python3.9/site-packages/airflow/example_dags/example_branch_operator.py took 0.267 seconds
[2023-08-14T13:47:50.605+0300] {processor.py:157} INFO - Started process (PID=12008) to work on /home/soamariaka/.local/lib/python3.9/site-packages/airflow/example_dags/example_branch_operator.py
[2023-08-14T13:47:50.608+0300] {processor.py:826} INFO - Processing file /home/soamariaka/.local/lib/python3.9/site-packages/airflow/example_dags/example_branch_operator.py for tasks to queue
[2023-08-14T13:47:50.610+0300] {logging_mixin.py:150} INFO - [2023-08-14T13:47:50.609+0300] {dagbag.py:541} INFO - Filling up the DagBag from /home/soamariaka/.local/lib/python3.9/site-packages/airflow/example_dags/example_branch_operator.py
[2023-08-14T13:47:50.627+0300] {processor.py:836} INFO - DAG(s) dict_keys(['example_branch_operator']) retrieved from /home/soamariaka/.local/lib/python3.9/site-packages/airflow/example_dags/example_branch_operator.py
[2023-08-14T13:47:50.657+0300] {logging_mixin.py:150} INFO - [2023-08-14T13:47:50.656+0300] {dag.py:2742} INFO - Sync 1 DAGs
[2023-08-14T13:47:50.691+0300] {logging_mixin.py:150} INFO - [2023-08-14T13:47:50.690+0300] {dag.py:3504} INFO - Setting next_dagrun for example_branch_operator to 2023-08-13T00:00:00+00:00, run_after=2023-08-14T00:00:00+00:00
[2023-08-14T13:47:50.810+0300] {processor.py:179} INFO - Processing /home/soamariaka/.local/lib/python3.9/site-packages/airflow/example_dags/example_branch_operator.py took 0.210 seconds
[2023-08-14T13:48:52.751+0300] {processor.py:157} INFO - Started process (PID=12101) to work on /home/soamariaka/.local/lib/python3.9/site-packages/airflow/example_dags/example_branch_operator.py
[2023-08-14T13:48:52.753+0300] {processor.py:826} INFO - Processing file /home/soamariaka/.local/lib/python3.9/site-packages/airflow/example_dags/example_branch_operator.py for tasks to queue
[2023-08-14T13:48:52.755+0300] {logging_mixin.py:150} INFO - [2023-08-14T13:48:52.754+0300] {dagbag.py:541} INFO - Filling up the DagBag from /home/soamariaka/.local/lib/python3.9/site-packages/airflow/example_dags/example_branch_operator.py
[2023-08-14T13:48:52.775+0300] {processor.py:836} INFO - DAG(s) dict_keys(['example_branch_operator']) retrieved from /home/soamariaka/.local/lib/python3.9/site-packages/airflow/example_dags/example_branch_operator.py
[2023-08-14T13:48:52.808+0300] {logging_mixin.py:150} INFO - [2023-08-14T13:48:52.808+0300] {dag.py:2742} INFO - Sync 1 DAGs
[2023-08-14T13:48:52.842+0300] {logging_mixin.py:150} INFO - [2023-08-14T13:48:52.842+0300] {dag.py:3504} INFO - Setting next_dagrun for example_branch_operator to 2023-08-13T00:00:00+00:00, run_after=2023-08-14T00:00:00+00:00
[2023-08-14T13:48:53.118+0300] {processor.py:179} INFO - Processing /home/soamariaka/.local/lib/python3.9/site-packages/airflow/example_dags/example_branch_operator.py took 0.375 seconds
[2023-08-14T13:49:54.877+0300] {processor.py:157} INFO - Started process (PID=12177) to work on /home/soamariaka/.local/lib/python3.9/site-packages/airflow/example_dags/example_branch_operator.py
[2023-08-14T13:49:54.879+0300] {processor.py:826} INFO - Processing file /home/soamariaka/.local/lib/python3.9/site-packages/airflow/example_dags/example_branch_operator.py for tasks to queue
[2023-08-14T13:49:54.881+0300] {logging_mixin.py:150} INFO - [2023-08-14T13:49:54.880+0300] {dagbag.py:541} INFO - Filling up the DagBag from /home/soamariaka/.local/lib/python3.9/site-packages/airflow/example_dags/example_branch_operator.py
[2023-08-14T13:49:54.897+0300] {processor.py:836} INFO - DAG(s) dict_keys(['example_branch_operator']) retrieved from /home/soamariaka/.local/lib/python3.9/site-packages/airflow/example_dags/example_branch_operator.py
[2023-08-14T13:49:54.927+0300] {logging_mixin.py:150} INFO - [2023-08-14T13:49:54.927+0300] {dag.py:2742} INFO - Sync 1 DAGs
[2023-08-14T13:49:54.961+0300] {logging_mixin.py:150} INFO - [2023-08-14T13:49:54.961+0300] {dag.py:3504} INFO - Setting next_dagrun for example_branch_operator to 2023-08-13T00:00:00+00:00, run_after=2023-08-14T00:00:00+00:00
[2023-08-14T13:49:55.207+0300] {processor.py:179} INFO - Processing /home/soamariaka/.local/lib/python3.9/site-packages/airflow/example_dags/example_branch_operator.py took 0.335 seconds
[2023-08-14T13:51:00.308+0300] {processor.py:157} INFO - Started process (PID=12235) to work on /home/soamariaka/.local/lib/python3.9/site-packages/airflow/example_dags/example_branch_operator.py
[2023-08-14T13:51:00.310+0300] {processor.py:826} INFO - Processing file /home/soamariaka/.local/lib/python3.9/site-packages/airflow/example_dags/example_branch_operator.py for tasks to queue
[2023-08-14T13:51:00.311+0300] {logging_mixin.py:150} INFO - [2023-08-14T13:51:00.311+0300] {dagbag.py:541} INFO - Filling up the DagBag from /home/soamariaka/.local/lib/python3.9/site-packages/airflow/example_dags/example_branch_operator.py
[2023-08-14T13:51:00.328+0300] {processor.py:836} INFO - DAG(s) dict_keys(['example_branch_operator']) retrieved from /home/soamariaka/.local/lib/python3.9/site-packages/airflow/example_dags/example_branch_operator.py
[2023-08-14T13:51:00.359+0300] {logging_mixin.py:150} INFO - [2023-08-14T13:51:00.359+0300] {dag.py:2742} INFO - Sync 1 DAGs
[2023-08-14T13:51:00.393+0300] {logging_mixin.py:150} INFO - [2023-08-14T13:51:00.393+0300] {dag.py:3504} INFO - Setting next_dagrun for example_branch_operator to 2023-08-13T00:00:00+00:00, run_after=2023-08-14T00:00:00+00:00
[2023-08-14T13:51:00.521+0300] {processor.py:179} INFO - Processing /home/soamariaka/.local/lib/python3.9/site-packages/airflow/example_dags/example_branch_operator.py took 0.219 seconds
[2023-08-14T13:52:05.401+0300] {processor.py:157} INFO - Started process (PID=12334) to work on /home/soamariaka/.local/lib/python3.9/site-packages/airflow/example_dags/example_branch_operator.py
[2023-08-14T13:52:05.403+0300] {processor.py:826} INFO - Processing file /home/soamariaka/.local/lib/python3.9/site-packages/airflow/example_dags/example_branch_operator.py for tasks to queue
[2023-08-14T13:52:05.404+0300] {logging_mixin.py:150} INFO - [2023-08-14T13:52:05.404+0300] {dagbag.py:541} INFO - Filling up the DagBag from /home/soamariaka/.local/lib/python3.9/site-packages/airflow/example_dags/example_branch_operator.py
[2023-08-14T13:52:05.421+0300] {processor.py:836} INFO - DAG(s) dict_keys(['example_branch_operator']) retrieved from /home/soamariaka/.local/lib/python3.9/site-packages/airflow/example_dags/example_branch_operator.py
[2023-08-14T13:52:05.453+0300] {logging_mixin.py:150} INFO - [2023-08-14T13:52:05.453+0300] {dag.py:2742} INFO - Sync 1 DAGs
[2023-08-14T13:52:05.487+0300] {logging_mixin.py:150} INFO - [2023-08-14T13:52:05.487+0300] {dag.py:3504} INFO - Setting next_dagrun for example_branch_operator to 2023-08-13T00:00:00+00:00, run_after=2023-08-14T00:00:00+00:00
[2023-08-14T13:52:05.761+0300] {processor.py:179} INFO - Processing /home/soamariaka/.local/lib/python3.9/site-packages/airflow/example_dags/example_branch_operator.py took 0.364 seconds
[2023-08-14T13:53:07.464+0300] {processor.py:157} INFO - Started process (PID=12393) to work on /home/soamariaka/.local/lib/python3.9/site-packages/airflow/example_dags/example_branch_operator.py
[2023-08-14T13:53:07.466+0300] {processor.py:826} INFO - Processing file /home/soamariaka/.local/lib/python3.9/site-packages/airflow/example_dags/example_branch_operator.py for tasks to queue
[2023-08-14T13:53:07.467+0300] {logging_mixin.py:150} INFO - [2023-08-14T13:53:07.467+0300] {dagbag.py:541} INFO - Filling up the DagBag from /home/soamariaka/.local/lib/python3.9/site-packages/airflow/example_dags/example_branch_operator.py
[2023-08-14T13:53:07.484+0300] {processor.py:836} INFO - DAG(s) dict_keys(['example_branch_operator']) retrieved from /home/soamariaka/.local/lib/python3.9/site-packages/airflow/example_dags/example_branch_operator.py
[2023-08-14T13:53:07.515+0300] {logging_mixin.py:150} INFO - [2023-08-14T13:53:07.515+0300] {dag.py:2742} INFO - Sync 1 DAGs
[2023-08-14T13:53:07.548+0300] {logging_mixin.py:150} INFO - [2023-08-14T13:53:07.548+0300] {dag.py:3504} INFO - Setting next_dagrun for example_branch_operator to 2023-08-13T00:00:00+00:00, run_after=2023-08-14T00:00:00+00:00
[2023-08-14T13:53:07.667+0300] {processor.py:179} INFO - Processing /home/soamariaka/.local/lib/python3.9/site-packages/airflow/example_dags/example_branch_operator.py took 0.208 seconds
[2023-08-14T13:54:13.146+0300] {processor.py:157} INFO - Started process (PID=12450) to work on /home/soamariaka/.local/lib/python3.9/site-packages/airflow/example_dags/example_branch_operator.py
[2023-08-14T13:54:13.148+0300] {processor.py:826} INFO - Processing file /home/soamariaka/.local/lib/python3.9/site-packages/airflow/example_dags/example_branch_operator.py for tasks to queue
[2023-08-14T13:54:13.150+0300] {logging_mixin.py:150} INFO - [2023-08-14T13:54:13.149+0300] {dagbag.py:541} INFO - Filling up the DagBag from /home/soamariaka/.local/lib/python3.9/site-packages/airflow/example_dags/example_branch_operator.py
[2023-08-14T13:54:13.169+0300] {processor.py:836} INFO - DAG(s) dict_keys(['example_branch_operator']) retrieved from /home/soamariaka/.local/lib/python3.9/site-packages/airflow/example_dags/example_branch_operator.py
[2023-08-14T13:54:13.199+0300] {logging_mixin.py:150} INFO - [2023-08-14T13:54:13.199+0300] {dag.py:2742} INFO - Sync 1 DAGs
[2023-08-14T13:54:13.233+0300] {logging_mixin.py:150} INFO - [2023-08-14T13:54:13.232+0300] {dag.py:3504} INFO - Setting next_dagrun for example_branch_operator to 2023-08-13T00:00:00+00:00, run_after=2023-08-14T00:00:00+00:00
[2023-08-14T13:54:13.360+0300] {processor.py:179} INFO - Processing /home/soamariaka/.local/lib/python3.9/site-packages/airflow/example_dags/example_branch_operator.py took 0.221 seconds
[2023-08-14T13:55:18.305+0300] {processor.py:157} INFO - Started process (PID=12562) to work on /home/soamariaka/.local/lib/python3.9/site-packages/airflow/example_dags/example_branch_operator.py
[2023-08-14T13:55:18.316+0300] {processor.py:826} INFO - Processing file /home/soamariaka/.local/lib/python3.9/site-packages/airflow/example_dags/example_branch_operator.py for tasks to queue
[2023-08-14T13:55:18.318+0300] {logging_mixin.py:150} INFO - [2023-08-14T13:55:18.317+0300] {dagbag.py:541} INFO - Filling up the DagBag from /home/soamariaka/.local/lib/python3.9/site-packages/airflow/example_dags/example_branch_operator.py
[2023-08-14T13:55:18.335+0300] {processor.py:836} INFO - DAG(s) dict_keys(['example_branch_operator']) retrieved from /home/soamariaka/.local/lib/python3.9/site-packages/airflow/example_dags/example_branch_operator.py
[2023-08-14T13:55:18.368+0300] {logging_mixin.py:150} INFO - [2023-08-14T13:55:18.368+0300] {dag.py:2742} INFO - Sync 1 DAGs
[2023-08-14T13:55:18.402+0300] {logging_mixin.py:150} INFO - [2023-08-14T13:55:18.402+0300] {dag.py:3504} INFO - Setting next_dagrun for example_branch_operator to 2023-08-13T00:00:00+00:00, run_after=2023-08-14T00:00:00+00:00
[2023-08-14T13:55:18.531+0300] {processor.py:179} INFO - Processing /home/soamariaka/.local/lib/python3.9/site-packages/airflow/example_dags/example_branch_operator.py took 0.232 seconds
[2023-08-14T13:56:25.477+0300] {processor.py:157} INFO - Started process (PID=12647) to work on /home/soamariaka/.local/lib/python3.9/site-packages/airflow/example_dags/example_branch_operator.py
[2023-08-14T13:56:25.480+0300] {processor.py:826} INFO - Processing file /home/soamariaka/.local/lib/python3.9/site-packages/airflow/example_dags/example_branch_operator.py for tasks to queue
[2023-08-14T13:56:25.481+0300] {logging_mixin.py:150} INFO - [2023-08-14T13:56:25.481+0300] {dagbag.py:541} INFO - Filling up the DagBag from /home/soamariaka/.local/lib/python3.9/site-packages/airflow/example_dags/example_branch_operator.py
[2023-08-14T13:56:25.501+0300] {processor.py:836} INFO - DAG(s) dict_keys(['example_branch_operator']) retrieved from /home/soamariaka/.local/lib/python3.9/site-packages/airflow/example_dags/example_branch_operator.py
[2023-08-14T13:56:25.537+0300] {logging_mixin.py:150} INFO - [2023-08-14T13:56:25.536+0300] {dag.py:2742} INFO - Sync 1 DAGs
[2023-08-14T13:56:25.580+0300] {logging_mixin.py:150} INFO - [2023-08-14T13:56:25.580+0300] {dag.py:3504} INFO - Setting next_dagrun for example_branch_operator to 2023-08-13T00:00:00+00:00, run_after=2023-08-14T00:00:00+00:00
[2023-08-14T13:56:25.783+0300] {processor.py:179} INFO - Processing /home/soamariaka/.local/lib/python3.9/site-packages/airflow/example_dags/example_branch_operator.py took 0.312 seconds
[2023-08-14T13:57:34.574+0300] {processor.py:157} INFO - Started process (PID=12707) to work on /home/soamariaka/.local/lib/python3.9/site-packages/airflow/example_dags/example_branch_operator.py
[2023-08-14T13:57:34.576+0300] {processor.py:826} INFO - Processing file /home/soamariaka/.local/lib/python3.9/site-packages/airflow/example_dags/example_branch_operator.py for tasks to queue
[2023-08-14T13:57:34.578+0300] {logging_mixin.py:150} INFO - [2023-08-14T13:57:34.577+0300] {dagbag.py:541} INFO - Filling up the DagBag from /home/soamariaka/.local/lib/python3.9/site-packages/airflow/example_dags/example_branch_operator.py
[2023-08-14T13:57:34.595+0300] {processor.py:836} INFO - DAG(s) dict_keys(['example_branch_operator']) retrieved from /home/soamariaka/.local/lib/python3.9/site-packages/airflow/example_dags/example_branch_operator.py
[2023-08-14T13:57:34.625+0300] {logging_mixin.py:150} INFO - [2023-08-14T13:57:34.625+0300] {dag.py:2742} INFO - Sync 1 DAGs
[2023-08-14T13:57:34.659+0300] {logging_mixin.py:150} INFO - [2023-08-14T13:57:34.659+0300] {dag.py:3504} INFO - Setting next_dagrun for example_branch_operator to 2023-08-13T00:00:00+00:00, run_after=2023-08-14T00:00:00+00:00
[2023-08-14T13:57:34.795+0300] {processor.py:179} INFO - Processing /home/soamariaka/.local/lib/python3.9/site-packages/airflow/example_dags/example_branch_operator.py took 0.227 seconds
[2023-08-14T13:58:36.430+0300] {processor.py:157} INFO - Started process (PID=12797) to work on /home/soamariaka/.local/lib/python3.9/site-packages/airflow/example_dags/example_branch_operator.py
[2023-08-14T13:58:36.473+0300] {processor.py:826} INFO - Processing file /home/soamariaka/.local/lib/python3.9/site-packages/airflow/example_dags/example_branch_operator.py for tasks to queue
[2023-08-14T13:58:36.475+0300] {logging_mixin.py:150} INFO - [2023-08-14T13:58:36.474+0300] {dagbag.py:541} INFO - Filling up the DagBag from /home/soamariaka/.local/lib/python3.9/site-packages/airflow/example_dags/example_branch_operator.py
[2023-08-14T13:58:36.493+0300] {processor.py:836} INFO - DAG(s) dict_keys(['example_branch_operator']) retrieved from /home/soamariaka/.local/lib/python3.9/site-packages/airflow/example_dags/example_branch_operator.py
[2023-08-14T13:58:36.528+0300] {logging_mixin.py:150} INFO - [2023-08-14T13:58:36.527+0300] {dag.py:2742} INFO - Sync 1 DAGs
[2023-08-14T13:58:36.563+0300] {logging_mixin.py:150} INFO - [2023-08-14T13:58:36.563+0300] {dag.py:3504} INFO - Setting next_dagrun for example_branch_operator to 2023-08-13T00:00:00+00:00, run_after=2023-08-14T00:00:00+00:00
[2023-08-14T13:58:36.834+0300] {processor.py:179} INFO - Processing /home/soamariaka/.local/lib/python3.9/site-packages/airflow/example_dags/example_branch_operator.py took 0.410 seconds
[2023-08-14T13:59:40.942+0300] {processor.py:157} INFO - Started process (PID=12856) to work on /home/soamariaka/.local/lib/python3.9/site-packages/airflow/example_dags/example_branch_operator.py
[2023-08-14T13:59:40.949+0300] {processor.py:826} INFO - Processing file /home/soamariaka/.local/lib/python3.9/site-packages/airflow/example_dags/example_branch_operator.py for tasks to queue
[2023-08-14T13:59:40.950+0300] {logging_mixin.py:150} INFO - [2023-08-14T13:59:40.949+0300] {dagbag.py:541} INFO - Filling up the DagBag from /home/soamariaka/.local/lib/python3.9/site-packages/airflow/example_dags/example_branch_operator.py
[2023-08-14T13:59:40.968+0300] {processor.py:836} INFO - DAG(s) dict_keys(['example_branch_operator']) retrieved from /home/soamariaka/.local/lib/python3.9/site-packages/airflow/example_dags/example_branch_operator.py
[2023-08-14T13:59:40.999+0300] {logging_mixin.py:150} INFO - [2023-08-14T13:59:40.999+0300] {dag.py:2742} INFO - Sync 1 DAGs
[2023-08-14T13:59:41.033+0300] {logging_mixin.py:150} INFO - [2023-08-14T13:59:41.033+0300] {dag.py:3504} INFO - Setting next_dagrun for example_branch_operator to 2023-08-13T00:00:00+00:00, run_after=2023-08-14T00:00:00+00:00
[2023-08-14T13:59:41.305+0300] {processor.py:179} INFO - Processing /home/soamariaka/.local/lib/python3.9/site-packages/airflow/example_dags/example_branch_operator.py took 0.368 seconds
[2023-08-14T14:00:44.373+0300] {processor.py:157} INFO - Started process (PID=12938) to work on /home/soamariaka/.local/lib/python3.9/site-packages/airflow/example_dags/example_branch_operator.py
[2023-08-14T14:00:44.375+0300] {processor.py:826} INFO - Processing file /home/soamariaka/.local/lib/python3.9/site-packages/airflow/example_dags/example_branch_operator.py for tasks to queue
[2023-08-14T14:00:44.377+0300] {logging_mixin.py:150} INFO - [2023-08-14T14:00:44.376+0300] {dagbag.py:541} INFO - Filling up the DagBag from /home/soamariaka/.local/lib/python3.9/site-packages/airflow/example_dags/example_branch_operator.py
[2023-08-14T14:00:44.394+0300] {processor.py:836} INFO - DAG(s) dict_keys(['example_branch_operator']) retrieved from /home/soamariaka/.local/lib/python3.9/site-packages/airflow/example_dags/example_branch_operator.py
[2023-08-14T14:00:44.425+0300] {logging_mixin.py:150} INFO - [2023-08-14T14:00:44.424+0300] {dag.py:2742} INFO - Sync 1 DAGs
[2023-08-14T14:00:44.459+0300] {logging_mixin.py:150} INFO - [2023-08-14T14:00:44.459+0300] {dag.py:3504} INFO - Setting next_dagrun for example_branch_operator to 2023-08-13T00:00:00+00:00, run_after=2023-08-14T00:00:00+00:00
[2023-08-14T14:00:44.591+0300] {processor.py:179} INFO - Processing /home/soamariaka/.local/lib/python3.9/site-packages/airflow/example_dags/example_branch_operator.py took 0.224 seconds
[2023-08-14T14:01:47.957+0300] {processor.py:157} INFO - Started process (PID=13003) to work on /home/soamariaka/.local/lib/python3.9/site-packages/airflow/example_dags/example_branch_operator.py
[2023-08-14T14:01:47.992+0300] {processor.py:826} INFO - Processing file /home/soamariaka/.local/lib/python3.9/site-packages/airflow/example_dags/example_branch_operator.py for tasks to queue
[2023-08-14T14:01:47.994+0300] {logging_mixin.py:150} INFO - [2023-08-14T14:01:47.993+0300] {dagbag.py:541} INFO - Filling up the DagBag from /home/soamariaka/.local/lib/python3.9/site-packages/airflow/example_dags/example_branch_operator.py
[2023-08-14T14:01:48.011+0300] {processor.py:836} INFO - DAG(s) dict_keys(['example_branch_operator']) retrieved from /home/soamariaka/.local/lib/python3.9/site-packages/airflow/example_dags/example_branch_operator.py
[2023-08-14T14:01:48.046+0300] {logging_mixin.py:150} INFO - [2023-08-14T14:01:48.046+0300] {dag.py:2742} INFO - Sync 1 DAGs
[2023-08-14T14:01:48.116+0300] {logging_mixin.py:150} INFO - [2023-08-14T14:01:48.115+0300] {dag.py:3504} INFO - Setting next_dagrun for example_branch_operator to 2023-08-13T00:00:00+00:00, run_after=2023-08-14T00:00:00+00:00
[2023-08-14T14:01:48.973+0300] {processor.py:179} INFO - Processing /home/soamariaka/.local/lib/python3.9/site-packages/airflow/example_dags/example_branch_operator.py took 1.021 seconds
[2023-08-14T14:04:50.805+0300] {processor.py:157} INFO - Started process (PID=13733) to work on /home/soamariaka/.local/lib/python3.9/site-packages/airflow/example_dags/example_branch_operator.py
[2023-08-14T14:04:50.807+0300] {processor.py:826} INFO - Processing file /home/soamariaka/.local/lib/python3.9/site-packages/airflow/example_dags/example_branch_operator.py for tasks to queue
[2023-08-14T14:04:50.809+0300] {logging_mixin.py:150} INFO - [2023-08-14T14:04:50.808+0300] {dagbag.py:541} INFO - Filling up the DagBag from /home/soamariaka/.local/lib/python3.9/site-packages/airflow/example_dags/example_branch_operator.py
[2023-08-14T14:04:50.841+0300] {processor.py:836} INFO - DAG(s) dict_keys(['example_branch_operator']) retrieved from /home/soamariaka/.local/lib/python3.9/site-packages/airflow/example_dags/example_branch_operator.py
[2023-08-14T14:04:50.874+0300] {logging_mixin.py:150} INFO - [2023-08-14T14:04:50.873+0300] {dag.py:2742} INFO - Sync 1 DAGs
[2023-08-14T14:04:50.915+0300] {logging_mixin.py:150} INFO - [2023-08-14T14:04:50.915+0300] {dag.py:3504} INFO - Setting next_dagrun for example_branch_operator to 2023-08-13T00:00:00+00:00, run_after=2023-08-14T00:00:00+00:00
[2023-08-14T14:04:51.141+0300] {processor.py:179} INFO - Processing /home/soamariaka/.local/lib/python3.9/site-packages/airflow/example_dags/example_branch_operator.py took 0.341 seconds
[2023-08-14T14:06:21.638+0300] {processor.py:157} INFO - Started process (PID=13825) to work on /home/soamariaka/.local/lib/python3.9/site-packages/airflow/example_dags/example_branch_operator.py
[2023-08-14T14:06:21.639+0300] {processor.py:826} INFO - Processing file /home/soamariaka/.local/lib/python3.9/site-packages/airflow/example_dags/example_branch_operator.py for tasks to queue
[2023-08-14T14:06:21.641+0300] {logging_mixin.py:150} INFO - [2023-08-14T14:06:21.640+0300] {dagbag.py:541} INFO - Filling up the DagBag from /home/soamariaka/.local/lib/python3.9/site-packages/airflow/example_dags/example_branch_operator.py
[2023-08-14T14:06:21.656+0300] {processor.py:836} INFO - DAG(s) dict_keys(['example_branch_operator']) retrieved from /home/soamariaka/.local/lib/python3.9/site-packages/airflow/example_dags/example_branch_operator.py
[2023-08-14T14:06:21.695+0300] {logging_mixin.py:150} INFO - [2023-08-14T14:06:21.694+0300] {dag.py:2742} INFO - Sync 1 DAGs
[2023-08-14T14:06:21.731+0300] {logging_mixin.py:150} INFO - [2023-08-14T14:06:21.731+0300] {dag.py:3504} INFO - Setting next_dagrun for example_branch_operator to 2023-08-13T00:00:00+00:00, run_after=2023-08-14T00:00:00+00:00
[2023-08-14T14:06:22.033+0300] {processor.py:179} INFO - Processing /home/soamariaka/.local/lib/python3.9/site-packages/airflow/example_dags/example_branch_operator.py took 0.399 seconds
[2023-08-14T14:07:32.383+0300] {processor.py:157} INFO - Started process (PID=13925) to work on /home/soamariaka/.local/lib/python3.9/site-packages/airflow/example_dags/example_branch_operator.py
[2023-08-14T14:07:32.399+0300] {processor.py:826} INFO - Processing file /home/soamariaka/.local/lib/python3.9/site-packages/airflow/example_dags/example_branch_operator.py for tasks to queue
[2023-08-14T14:07:32.401+0300] {logging_mixin.py:150} INFO - [2023-08-14T14:07:32.400+0300] {dagbag.py:541} INFO - Filling up the DagBag from /home/soamariaka/.local/lib/python3.9/site-packages/airflow/example_dags/example_branch_operator.py
[2023-08-14T14:07:32.449+0300] {processor.py:836} INFO - DAG(s) dict_keys(['example_branch_operator']) retrieved from /home/soamariaka/.local/lib/python3.9/site-packages/airflow/example_dags/example_branch_operator.py
[2023-08-14T14:07:32.511+0300] {logging_mixin.py:150} INFO - [2023-08-14T14:07:32.511+0300] {dag.py:2742} INFO - Sync 1 DAGs
[2023-08-14T14:07:32.586+0300] {logging_mixin.py:150} INFO - [2023-08-14T14:07:32.586+0300] {dag.py:3504} INFO - Setting next_dagrun for example_branch_operator to 2023-08-13T00:00:00+00:00, run_after=2023-08-14T00:00:00+00:00
[2023-08-14T14:07:33.245+0300] {processor.py:179} INFO - Processing /home/soamariaka/.local/lib/python3.9/site-packages/airflow/example_dags/example_branch_operator.py took 0.868 seconds
[2023-08-14T14:09:39.305+0300] {processor.py:157} INFO - Started process (PID=14099) to work on /home/soamariaka/.local/lib/python3.9/site-packages/airflow/example_dags/example_branch_operator.py
[2023-08-14T14:09:39.437+0300] {processor.py:826} INFO - Processing file /home/soamariaka/.local/lib/python3.9/site-packages/airflow/example_dags/example_branch_operator.py for tasks to queue
[2023-08-14T14:09:39.439+0300] {logging_mixin.py:150} INFO - [2023-08-14T14:09:39.439+0300] {dagbag.py:541} INFO - Filling up the DagBag from /home/soamariaka/.local/lib/python3.9/site-packages/airflow/example_dags/example_branch_operator.py
[2023-08-14T14:09:39.463+0300] {processor.py:836} INFO - DAG(s) dict_keys(['example_branch_operator']) retrieved from /home/soamariaka/.local/lib/python3.9/site-packages/airflow/example_dags/example_branch_operator.py
[2023-08-14T14:09:39.507+0300] {logging_mixin.py:150} INFO - [2023-08-14T14:09:39.507+0300] {dag.py:2742} INFO - Sync 1 DAGs
[2023-08-14T14:09:39.545+0300] {logging_mixin.py:150} INFO - [2023-08-14T14:09:39.545+0300] {dag.py:3504} INFO - Setting next_dagrun for example_branch_operator to 2023-08-13T00:00:00+00:00, run_after=2023-08-14T00:00:00+00:00
[2023-08-14T14:09:39.813+0300] {processor.py:179} INFO - Processing /home/soamariaka/.local/lib/python3.9/site-packages/airflow/example_dags/example_branch_operator.py took 0.514 seconds
[2023-08-14T14:11:27.880+0300] {processor.py:157} INFO - Started process (PID=15056) to work on /home/soamariaka/.local/lib/python3.9/site-packages/airflow/example_dags/example_branch_operator.py
[2023-08-14T14:11:27.912+0300] {processor.py:826} INFO - Processing file /home/soamariaka/.local/lib/python3.9/site-packages/airflow/example_dags/example_branch_operator.py for tasks to queue
[2023-08-14T14:11:27.913+0300] {logging_mixin.py:150} INFO - [2023-08-14T14:11:27.913+0300] {dagbag.py:541} INFO - Filling up the DagBag from /home/soamariaka/.local/lib/python3.9/site-packages/airflow/example_dags/example_branch_operator.py
[2023-08-14T14:11:27.932+0300] {processor.py:836} INFO - DAG(s) dict_keys(['example_branch_operator']) retrieved from /home/soamariaka/.local/lib/python3.9/site-packages/airflow/example_dags/example_branch_operator.py
[2023-08-14T14:11:27.970+0300] {logging_mixin.py:150} INFO - [2023-08-14T14:11:27.970+0300] {dag.py:2742} INFO - Sync 1 DAGs
[2023-08-14T14:11:28.024+0300] {logging_mixin.py:150} INFO - [2023-08-14T14:11:28.023+0300] {dag.py:3504} INFO - Setting next_dagrun for example_branch_operator to 2023-08-13T00:00:00+00:00, run_after=2023-08-14T00:00:00+00:00
[2023-08-14T14:11:28.468+0300] {processor.py:179} INFO - Processing /home/soamariaka/.local/lib/python3.9/site-packages/airflow/example_dags/example_branch_operator.py took 0.597 seconds
[2023-08-14T14:12:43.830+0300] {processor.py:157} INFO - Started process (PID=15163) to work on /home/soamariaka/.local/lib/python3.9/site-packages/airflow/example_dags/example_branch_operator.py
[2023-08-14T14:12:43.832+0300] {processor.py:826} INFO - Processing file /home/soamariaka/.local/lib/python3.9/site-packages/airflow/example_dags/example_branch_operator.py for tasks to queue
[2023-08-14T14:12:43.834+0300] {logging_mixin.py:150} INFO - [2023-08-14T14:12:43.833+0300] {dagbag.py:541} INFO - Filling up the DagBag from /home/soamariaka/.local/lib/python3.9/site-packages/airflow/example_dags/example_branch_operator.py
[2023-08-14T14:12:43.851+0300] {processor.py:836} INFO - DAG(s) dict_keys(['example_branch_operator']) retrieved from /home/soamariaka/.local/lib/python3.9/site-packages/airflow/example_dags/example_branch_operator.py
[2023-08-14T14:12:43.881+0300] {logging_mixin.py:150} INFO - [2023-08-14T14:12:43.881+0300] {dag.py:2742} INFO - Sync 1 DAGs
[2023-08-14T14:12:43.916+0300] {logging_mixin.py:150} INFO - [2023-08-14T14:12:43.916+0300] {dag.py:3504} INFO - Setting next_dagrun for example_branch_operator to 2023-08-13T00:00:00+00:00, run_after=2023-08-14T00:00:00+00:00
[2023-08-14T14:12:44.281+0300] {processor.py:179} INFO - Processing /home/soamariaka/.local/lib/python3.9/site-packages/airflow/example_dags/example_branch_operator.py took 0.457 seconds
[2023-08-14T14:13:42.682+0300] {processor.py:157} INFO - Started process (PID=15297) to work on /home/soamariaka/.local/lib/python3.9/site-packages/airflow/example_dags/example_branch_operator.py
[2023-08-14T14:13:42.698+0300] {processor.py:826} INFO - Processing file /home/soamariaka/.local/lib/python3.9/site-packages/airflow/example_dags/example_branch_operator.py for tasks to queue
[2023-08-14T14:13:42.701+0300] {logging_mixin.py:150} INFO - [2023-08-14T14:13:42.700+0300] {dagbag.py:541} INFO - Filling up the DagBag from /home/soamariaka/.local/lib/python3.9/site-packages/airflow/example_dags/example_branch_operator.py
[2023-08-14T14:13:42.718+0300] {processor.py:836} INFO - DAG(s) dict_keys(['example_branch_operator']) retrieved from /home/soamariaka/.local/lib/python3.9/site-packages/airflow/example_dags/example_branch_operator.py
[2023-08-14T14:13:42.757+0300] {logging_mixin.py:150} INFO - [2023-08-14T14:13:42.756+0300] {dag.py:2742} INFO - Sync 1 DAGs
[2023-08-14T14:13:42.806+0300] {logging_mixin.py:150} INFO - [2023-08-14T14:13:42.806+0300] {dag.py:3504} INFO - Setting next_dagrun for example_branch_operator to 2023-08-13T00:00:00+00:00, run_after=2023-08-14T00:00:00+00:00
[2023-08-14T14:13:42.981+0300] {processor.py:179} INFO - Processing /home/soamariaka/.local/lib/python3.9/site-packages/airflow/example_dags/example_branch_operator.py took 0.305 seconds
[2023-08-14T14:14:49.686+0300] {processor.py:157} INFO - Started process (PID=15381) to work on /home/soamariaka/.local/lib/python3.9/site-packages/airflow/example_dags/example_branch_operator.py
[2023-08-14T14:14:49.688+0300] {processor.py:826} INFO - Processing file /home/soamariaka/.local/lib/python3.9/site-packages/airflow/example_dags/example_branch_operator.py for tasks to queue
[2023-08-14T14:14:49.690+0300] {logging_mixin.py:150} INFO - [2023-08-14T14:14:49.689+0300] {dagbag.py:541} INFO - Filling up the DagBag from /home/soamariaka/.local/lib/python3.9/site-packages/airflow/example_dags/example_branch_operator.py
[2023-08-14T14:14:49.704+0300] {processor.py:836} INFO - DAG(s) dict_keys(['example_branch_operator']) retrieved from /home/soamariaka/.local/lib/python3.9/site-packages/airflow/example_dags/example_branch_operator.py
[2023-08-14T14:14:49.732+0300] {logging_mixin.py:150} INFO - [2023-08-14T14:14:49.731+0300] {dag.py:2742} INFO - Sync 1 DAGs
[2023-08-14T14:14:49.767+0300] {logging_mixin.py:150} INFO - [2023-08-14T14:14:49.767+0300] {dag.py:3504} INFO - Setting next_dagrun for example_branch_operator to 2023-08-13T00:00:00+00:00, run_after=2023-08-14T00:00:00+00:00
[2023-08-14T14:14:49.900+0300] {processor.py:179} INFO - Processing /home/soamariaka/.local/lib/python3.9/site-packages/airflow/example_dags/example_branch_operator.py took 0.219 seconds
[2023-08-14T14:15:48.736+0300] {processor.py:157} INFO - Started process (PID=15575) to work on /home/soamariaka/.local/lib/python3.9/site-packages/airflow/example_dags/example_branch_operator.py
[2023-08-14T14:15:48.738+0300] {processor.py:826} INFO - Processing file /home/soamariaka/.local/lib/python3.9/site-packages/airflow/example_dags/example_branch_operator.py for tasks to queue
[2023-08-14T14:15:48.740+0300] {logging_mixin.py:150} INFO - [2023-08-14T14:15:48.739+0300] {dagbag.py:541} INFO - Filling up the DagBag from /home/soamariaka/.local/lib/python3.9/site-packages/airflow/example_dags/example_branch_operator.py
[2023-08-14T14:15:48.760+0300] {processor.py:836} INFO - DAG(s) dict_keys(['example_branch_operator']) retrieved from /home/soamariaka/.local/lib/python3.9/site-packages/airflow/example_dags/example_branch_operator.py
[2023-08-14T14:15:48.801+0300] {logging_mixin.py:150} INFO - [2023-08-14T14:15:48.800+0300] {dag.py:2742} INFO - Sync 1 DAGs
[2023-08-14T14:15:48.851+0300] {logging_mixin.py:150} INFO - [2023-08-14T14:15:48.850+0300] {dag.py:3504} INFO - Setting next_dagrun for example_branch_operator to 2023-08-13T00:00:00+00:00, run_after=2023-08-14T00:00:00+00:00
[2023-08-14T14:15:49.082+0300] {processor.py:179} INFO - Processing /home/soamariaka/.local/lib/python3.9/site-packages/airflow/example_dags/example_branch_operator.py took 0.354 seconds
[2023-08-14T14:16:53.708+0300] {processor.py:157} INFO - Started process (PID=15653) to work on /home/soamariaka/.local/lib/python3.9/site-packages/airflow/example_dags/example_branch_operator.py
[2023-08-14T14:16:53.710+0300] {processor.py:826} INFO - Processing file /home/soamariaka/.local/lib/python3.9/site-packages/airflow/example_dags/example_branch_operator.py for tasks to queue
[2023-08-14T14:16:53.712+0300] {logging_mixin.py:150} INFO - [2023-08-14T14:16:53.711+0300] {dagbag.py:541} INFO - Filling up the DagBag from /home/soamariaka/.local/lib/python3.9/site-packages/airflow/example_dags/example_branch_operator.py
[2023-08-14T14:16:53.729+0300] {processor.py:836} INFO - DAG(s) dict_keys(['example_branch_operator']) retrieved from /home/soamariaka/.local/lib/python3.9/site-packages/airflow/example_dags/example_branch_operator.py
[2023-08-14T14:16:53.759+0300] {logging_mixin.py:150} INFO - [2023-08-14T14:16:53.759+0300] {dag.py:2742} INFO - Sync 1 DAGs
[2023-08-14T14:16:53.793+0300] {logging_mixin.py:150} INFO - [2023-08-14T14:16:53.793+0300] {dag.py:3504} INFO - Setting next_dagrun for example_branch_operator to 2023-08-13T00:00:00+00:00, run_after=2023-08-14T00:00:00+00:00
[2023-08-14T14:16:54.086+0300] {processor.py:179} INFO - Processing /home/soamariaka/.local/lib/python3.9/site-packages/airflow/example_dags/example_branch_operator.py took 0.383 seconds
[2023-08-14T14:18:03.599+0300] {processor.py:157} INFO - Started process (PID=15783) to work on /home/soamariaka/.local/lib/python3.9/site-packages/airflow/example_dags/example_branch_operator.py
[2023-08-14T14:18:03.632+0300] {processor.py:826} INFO - Processing file /home/soamariaka/.local/lib/python3.9/site-packages/airflow/example_dags/example_branch_operator.py for tasks to queue
[2023-08-14T14:18:03.634+0300] {logging_mixin.py:150} INFO - [2023-08-14T14:18:03.633+0300] {dagbag.py:541} INFO - Filling up the DagBag from /home/soamariaka/.local/lib/python3.9/site-packages/airflow/example_dags/example_branch_operator.py
[2023-08-14T14:18:03.680+0300] {processor.py:836} INFO - DAG(s) dict_keys(['example_branch_operator']) retrieved from /home/soamariaka/.local/lib/python3.9/site-packages/airflow/example_dags/example_branch_operator.py
[2023-08-14T14:18:03.835+0300] {logging_mixin.py:150} INFO - [2023-08-14T14:18:03.834+0300] {dag.py:2742} INFO - Sync 1 DAGs
[2023-08-14T14:18:03.931+0300] {logging_mixin.py:150} INFO - [2023-08-14T14:18:03.930+0300] {dag.py:3504} INFO - Setting next_dagrun for example_branch_operator to 2023-08-13T00:00:00+00:00, run_after=2023-08-14T00:00:00+00:00
[2023-08-14T14:18:06.205+0300] {processor.py:179} INFO - Processing /home/soamariaka/.local/lib/python3.9/site-packages/airflow/example_dags/example_branch_operator.py took 2.632 seconds
[2023-08-14T14:19:20.614+0300] {processor.py:157} INFO - Started process (PID=15948) to work on /home/soamariaka/.local/lib/python3.9/site-packages/airflow/example_dags/example_branch_operator.py
[2023-08-14T14:19:20.616+0300] {processor.py:826} INFO - Processing file /home/soamariaka/.local/lib/python3.9/site-packages/airflow/example_dags/example_branch_operator.py for tasks to queue
[2023-08-14T14:19:20.618+0300] {logging_mixin.py:150} INFO - [2023-08-14T14:19:20.617+0300] {dagbag.py:541} INFO - Filling up the DagBag from /home/soamariaka/.local/lib/python3.9/site-packages/airflow/example_dags/example_branch_operator.py
[2023-08-14T14:19:20.635+0300] {processor.py:836} INFO - DAG(s) dict_keys(['example_branch_operator']) retrieved from /home/soamariaka/.local/lib/python3.9/site-packages/airflow/example_dags/example_branch_operator.py
[2023-08-14T14:19:20.666+0300] {logging_mixin.py:150} INFO - [2023-08-14T14:19:20.665+0300] {dag.py:2742} INFO - Sync 1 DAGs
[2023-08-14T14:19:20.699+0300] {logging_mixin.py:150} INFO - [2023-08-14T14:19:20.699+0300] {dag.py:3504} INFO - Setting next_dagrun for example_branch_operator to 2023-08-13T00:00:00+00:00, run_after=2023-08-14T00:00:00+00:00
[2023-08-14T14:19:20.840+0300] {processor.py:179} INFO - Processing /home/soamariaka/.local/lib/python3.9/site-packages/airflow/example_dags/example_branch_operator.py took 0.231 seconds
[2023-08-14T14:20:27.486+0300] {processor.py:157} INFO - Started process (PID=16042) to work on /home/soamariaka/.local/lib/python3.9/site-packages/airflow/example_dags/example_branch_operator.py
[2023-08-14T14:20:27.489+0300] {processor.py:826} INFO - Processing file /home/soamariaka/.local/lib/python3.9/site-packages/airflow/example_dags/example_branch_operator.py for tasks to queue
[2023-08-14T14:20:27.491+0300] {logging_mixin.py:150} INFO - [2023-08-14T14:20:27.490+0300] {dagbag.py:541} INFO - Filling up the DagBag from /home/soamariaka/.local/lib/python3.9/site-packages/airflow/example_dags/example_branch_operator.py
[2023-08-14T14:20:27.508+0300] {processor.py:836} INFO - DAG(s) dict_keys(['example_branch_operator']) retrieved from /home/soamariaka/.local/lib/python3.9/site-packages/airflow/example_dags/example_branch_operator.py
[2023-08-14T14:20:27.538+0300] {logging_mixin.py:150} INFO - [2023-08-14T14:20:27.537+0300] {dag.py:2742} INFO - Sync 1 DAGs
[2023-08-14T14:20:27.571+0300] {logging_mixin.py:150} INFO - [2023-08-14T14:20:27.571+0300] {dag.py:3504} INFO - Setting next_dagrun for example_branch_operator to 2023-08-13T00:00:00+00:00, run_after=2023-08-14T00:00:00+00:00
[2023-08-14T14:20:27.737+0300] {processor.py:179} INFO - Processing /home/soamariaka/.local/lib/python3.9/site-packages/airflow/example_dags/example_branch_operator.py took 0.256 seconds
[2023-08-14T14:22:04.125+0300] {processor.py:157} INFO - Started process (PID=16130) to work on /home/soamariaka/.local/lib/python3.9/site-packages/airflow/example_dags/example_branch_operator.py
[2023-08-14T14:22:04.181+0300] {processor.py:826} INFO - Processing file /home/soamariaka/.local/lib/python3.9/site-packages/airflow/example_dags/example_branch_operator.py for tasks to queue
[2023-08-14T14:22:04.183+0300] {logging_mixin.py:150} INFO - [2023-08-14T14:22:04.182+0300] {dagbag.py:541} INFO - Filling up the DagBag from /home/soamariaka/.local/lib/python3.9/site-packages/airflow/example_dags/example_branch_operator.py
[2023-08-14T14:22:04.197+0300] {processor.py:836} INFO - DAG(s) dict_keys(['example_branch_operator']) retrieved from /home/soamariaka/.local/lib/python3.9/site-packages/airflow/example_dags/example_branch_operator.py
[2023-08-14T14:22:04.225+0300] {logging_mixin.py:150} INFO - [2023-08-14T14:22:04.225+0300] {dag.py:2742} INFO - Sync 1 DAGs
[2023-08-14T14:22:04.260+0300] {logging_mixin.py:150} INFO - [2023-08-14T14:22:04.260+0300] {dag.py:3504} INFO - Setting next_dagrun for example_branch_operator to 2023-08-13T00:00:00+00:00, run_after=2023-08-14T00:00:00+00:00
[2023-08-14T14:22:05.014+0300] {processor.py:179} INFO - Processing /home/soamariaka/.local/lib/python3.9/site-packages/airflow/example_dags/example_branch_operator.py took 0.894 seconds
[2023-08-14T14:23:03.956+0300] {processor.py:157} INFO - Started process (PID=16185) to work on /home/soamariaka/.local/lib/python3.9/site-packages/airflow/example_dags/example_branch_operator.py
[2023-08-14T14:23:03.991+0300] {processor.py:826} INFO - Processing file /home/soamariaka/.local/lib/python3.9/site-packages/airflow/example_dags/example_branch_operator.py for tasks to queue
[2023-08-14T14:23:04.057+0300] {logging_mixin.py:150} INFO - [2023-08-14T14:23:04.056+0300] {dagbag.py:541} INFO - Filling up the DagBag from /home/soamariaka/.local/lib/python3.9/site-packages/airflow/example_dags/example_branch_operator.py
[2023-08-14T14:23:04.080+0300] {processor.py:836} INFO - DAG(s) dict_keys(['example_branch_operator']) retrieved from /home/soamariaka/.local/lib/python3.9/site-packages/airflow/example_dags/example_branch_operator.py
[2023-08-14T14:23:04.122+0300] {logging_mixin.py:150} INFO - [2023-08-14T14:23:04.122+0300] {dag.py:2742} INFO - Sync 1 DAGs
[2023-08-14T14:23:04.177+0300] {logging_mixin.py:150} INFO - [2023-08-14T14:23:04.176+0300] {dag.py:3504} INFO - Setting next_dagrun for example_branch_operator to 2023-08-13T00:00:00+00:00, run_after=2023-08-14T00:00:00+00:00
[2023-08-14T14:23:04.308+0300] {processor.py:179} INFO - Processing /home/soamariaka/.local/lib/python3.9/site-packages/airflow/example_dags/example_branch_operator.py took 0.358 seconds
[2023-08-14T14:24:06.369+0300] {processor.py:157} INFO - Started process (PID=16252) to work on /home/soamariaka/.local/lib/python3.9/site-packages/airflow/example_dags/example_branch_operator.py
[2023-08-14T14:24:06.404+0300] {processor.py:826} INFO - Processing file /home/soamariaka/.local/lib/python3.9/site-packages/airflow/example_dags/example_branch_operator.py for tasks to queue
[2023-08-14T14:24:06.405+0300] {logging_mixin.py:150} INFO - [2023-08-14T14:24:06.405+0300] {dagbag.py:541} INFO - Filling up the DagBag from /home/soamariaka/.local/lib/python3.9/site-packages/airflow/example_dags/example_branch_operator.py
[2023-08-14T14:24:06.423+0300] {processor.py:836} INFO - DAG(s) dict_keys(['example_branch_operator']) retrieved from /home/soamariaka/.local/lib/python3.9/site-packages/airflow/example_dags/example_branch_operator.py
[2023-08-14T14:24:06.454+0300] {logging_mixin.py:150} INFO - [2023-08-14T14:24:06.453+0300] {dag.py:2742} INFO - Sync 1 DAGs
[2023-08-14T14:24:06.487+0300] {logging_mixin.py:150} INFO - [2023-08-14T14:24:06.487+0300] {dag.py:3504} INFO - Setting next_dagrun for example_branch_operator to 2023-08-13T00:00:00+00:00, run_after=2023-08-14T00:00:00+00:00
[2023-08-14T14:24:06.614+0300] {processor.py:179} INFO - Processing /home/soamariaka/.local/lib/python3.9/site-packages/airflow/example_dags/example_branch_operator.py took 0.250 seconds
[2023-08-14T14:25:02.954+0300] {processor.py:157} INFO - Started process (PID=16551) to work on /home/soamariaka/.local/lib/python3.9/site-packages/airflow/example_dags/example_branch_operator.py
[2023-08-14T14:25:02.980+0300] {processor.py:826} INFO - Processing file /home/soamariaka/.local/lib/python3.9/site-packages/airflow/example_dags/example_branch_operator.py for tasks to queue
[2023-08-14T14:25:02.982+0300] {logging_mixin.py:150} INFO - [2023-08-14T14:25:02.981+0300] {dagbag.py:541} INFO - Filling up the DagBag from /home/soamariaka/.local/lib/python3.9/site-packages/airflow/example_dags/example_branch_operator.py
[2023-08-14T14:25:02.999+0300] {processor.py:836} INFO - DAG(s) dict_keys(['example_branch_operator']) retrieved from /home/soamariaka/.local/lib/python3.9/site-packages/airflow/example_dags/example_branch_operator.py
[2023-08-14T14:25:03.034+0300] {logging_mixin.py:150} INFO - [2023-08-14T14:25:03.034+0300] {dag.py:2742} INFO - Sync 1 DAGs
[2023-08-14T14:25:03.069+0300] {logging_mixin.py:150} INFO - [2023-08-14T14:25:03.069+0300] {dag.py:3504} INFO - Setting next_dagrun for example_branch_operator to 2023-08-13T00:00:00+00:00, run_after=2023-08-14T00:00:00+00:00
[2023-08-14T14:25:03.204+0300] {processor.py:179} INFO - Processing /home/soamariaka/.local/lib/python3.9/site-packages/airflow/example_dags/example_branch_operator.py took 0.256 seconds
[2023-08-14T14:26:06.828+0300] {processor.py:157} INFO - Started process (PID=16710) to work on /home/soamariaka/.local/lib/python3.9/site-packages/airflow/example_dags/example_branch_operator.py
[2023-08-14T14:26:06.830+0300] {processor.py:826} INFO - Processing file /home/soamariaka/.local/lib/python3.9/site-packages/airflow/example_dags/example_branch_operator.py for tasks to queue
[2023-08-14T14:26:06.832+0300] {logging_mixin.py:150} INFO - [2023-08-14T14:26:06.831+0300] {dagbag.py:541} INFO - Filling up the DagBag from /home/soamariaka/.local/lib/python3.9/site-packages/airflow/example_dags/example_branch_operator.py
[2023-08-14T14:26:06.847+0300] {processor.py:836} INFO - DAG(s) dict_keys(['example_branch_operator']) retrieved from /home/soamariaka/.local/lib/python3.9/site-packages/airflow/example_dags/example_branch_operator.py
[2023-08-14T14:26:06.876+0300] {logging_mixin.py:150} INFO - [2023-08-14T14:26:06.875+0300] {dag.py:2742} INFO - Sync 1 DAGs
[2023-08-14T14:26:06.909+0300] {logging_mixin.py:150} INFO - [2023-08-14T14:26:06.909+0300] {dag.py:3504} INFO - Setting next_dagrun for example_branch_operator to 2023-08-13T00:00:00+00:00, run_after=2023-08-14T00:00:00+00:00
[2023-08-14T14:26:07.061+0300] {processor.py:179} INFO - Processing /home/soamariaka/.local/lib/python3.9/site-packages/airflow/example_dags/example_branch_operator.py took 0.239 seconds
[2023-08-14T14:27:04.973+0300] {processor.py:157} INFO - Started process (PID=16769) to work on /home/soamariaka/.local/lib/python3.9/site-packages/airflow/example_dags/example_branch_operator.py
[2023-08-14T14:27:04.991+0300] {processor.py:826} INFO - Processing file /home/soamariaka/.local/lib/python3.9/site-packages/airflow/example_dags/example_branch_operator.py for tasks to queue
[2023-08-14T14:27:05.009+0300] {logging_mixin.py:150} INFO - [2023-08-14T14:27:05.008+0300] {dagbag.py:541} INFO - Filling up the DagBag from /home/soamariaka/.local/lib/python3.9/site-packages/airflow/example_dags/example_branch_operator.py
[2023-08-14T14:27:05.026+0300] {processor.py:836} INFO - DAG(s) dict_keys(['example_branch_operator']) retrieved from /home/soamariaka/.local/lib/python3.9/site-packages/airflow/example_dags/example_branch_operator.py
[2023-08-14T14:27:05.054+0300] {logging_mixin.py:150} INFO - [2023-08-14T14:27:05.054+0300] {dag.py:2742} INFO - Sync 1 DAGs
[2023-08-14T14:27:05.089+0300] {logging_mixin.py:150} INFO - [2023-08-14T14:27:05.088+0300] {dag.py:3504} INFO - Setting next_dagrun for example_branch_operator to 2023-08-13T00:00:00+00:00, run_after=2023-08-14T00:00:00+00:00
[2023-08-14T14:27:05.379+0300] {processor.py:179} INFO - Processing /home/soamariaka/.local/lib/python3.9/site-packages/airflow/example_dags/example_branch_operator.py took 0.411 seconds
[2023-08-14T14:28:06.383+0300] {processor.py:157} INFO - Started process (PID=16923) to work on /home/soamariaka/.local/lib/python3.9/site-packages/airflow/example_dags/example_branch_operator.py
[2023-08-14T14:28:06.386+0300] {processor.py:826} INFO - Processing file /home/soamariaka/.local/lib/python3.9/site-packages/airflow/example_dags/example_branch_operator.py for tasks to queue
[2023-08-14T14:28:06.387+0300] {logging_mixin.py:150} INFO - [2023-08-14T14:28:06.387+0300] {dagbag.py:541} INFO - Filling up the DagBag from /home/soamariaka/.local/lib/python3.9/site-packages/airflow/example_dags/example_branch_operator.py
[2023-08-14T14:28:06.404+0300] {processor.py:836} INFO - DAG(s) dict_keys(['example_branch_operator']) retrieved from /home/soamariaka/.local/lib/python3.9/site-packages/airflow/example_dags/example_branch_operator.py
[2023-08-14T14:28:06.434+0300] {logging_mixin.py:150} INFO - [2023-08-14T14:28:06.434+0300] {dag.py:2742} INFO - Sync 1 DAGs
[2023-08-14T14:28:06.469+0300] {logging_mixin.py:150} INFO - [2023-08-14T14:28:06.468+0300] {dag.py:3504} INFO - Setting next_dagrun for example_branch_operator to 2023-08-13T00:00:00+00:00, run_after=2023-08-14T00:00:00+00:00
[2023-08-14T14:28:07.342+0300] {processor.py:179} INFO - Processing /home/soamariaka/.local/lib/python3.9/site-packages/airflow/example_dags/example_branch_operator.py took 0.964 seconds
[2023-08-14T14:29:09.981+0300] {processor.py:157} INFO - Started process (PID=17045) to work on /home/soamariaka/.local/lib/python3.9/site-packages/airflow/example_dags/example_branch_operator.py
[2023-08-14T14:29:09.984+0300] {processor.py:826} INFO - Processing file /home/soamariaka/.local/lib/python3.9/site-packages/airflow/example_dags/example_branch_operator.py for tasks to queue
[2023-08-14T14:29:09.985+0300] {logging_mixin.py:150} INFO - [2023-08-14T14:29:09.985+0300] {dagbag.py:541} INFO - Filling up the DagBag from /home/soamariaka/.local/lib/python3.9/site-packages/airflow/example_dags/example_branch_operator.py
[2023-08-14T14:29:10.003+0300] {processor.py:836} INFO - DAG(s) dict_keys(['example_branch_operator']) retrieved from /home/soamariaka/.local/lib/python3.9/site-packages/airflow/example_dags/example_branch_operator.py
[2023-08-14T14:29:10.034+0300] {logging_mixin.py:150} INFO - [2023-08-14T14:29:10.033+0300] {dag.py:2742} INFO - Sync 1 DAGs
[2023-08-14T14:29:10.099+0300] {logging_mixin.py:150} INFO - [2023-08-14T14:29:10.099+0300] {dag.py:3504} INFO - Setting next_dagrun for example_branch_operator to 2023-08-13T00:00:00+00:00, run_after=2023-08-14T00:00:00+00:00
[2023-08-14T14:29:10.733+0300] {processor.py:179} INFO - Processing /home/soamariaka/.local/lib/python3.9/site-packages/airflow/example_dags/example_branch_operator.py took 0.757 seconds
[2023-08-14T14:30:06.909+0300] {processor.py:157} INFO - Started process (PID=17183) to work on /home/soamariaka/.local/lib/python3.9/site-packages/airflow/example_dags/example_branch_operator.py
[2023-08-14T14:30:06.951+0300] {processor.py:826} INFO - Processing file /home/soamariaka/.local/lib/python3.9/site-packages/airflow/example_dags/example_branch_operator.py for tasks to queue
[2023-08-14T14:30:06.952+0300] {logging_mixin.py:150} INFO - [2023-08-14T14:30:06.952+0300] {dagbag.py:541} INFO - Filling up the DagBag from /home/soamariaka/.local/lib/python3.9/site-packages/airflow/example_dags/example_branch_operator.py
[2023-08-14T14:30:06.970+0300] {processor.py:836} INFO - DAG(s) dict_keys(['example_branch_operator']) retrieved from /home/soamariaka/.local/lib/python3.9/site-packages/airflow/example_dags/example_branch_operator.py
[2023-08-14T14:30:07.005+0300] {logging_mixin.py:150} INFO - [2023-08-14T14:30:07.005+0300] {dag.py:2742} INFO - Sync 1 DAGs
[2023-08-14T14:30:07.041+0300] {logging_mixin.py:150} INFO - [2023-08-14T14:30:07.041+0300] {dag.py:3504} INFO - Setting next_dagrun for example_branch_operator to 2023-08-13T00:00:00+00:00, run_after=2023-08-14T00:00:00+00:00
[2023-08-14T14:30:07.198+0300] {processor.py:179} INFO - Processing /home/soamariaka/.local/lib/python3.9/site-packages/airflow/example_dags/example_branch_operator.py took 0.296 seconds
[2023-08-14T14:31:31.828+0300] {processor.py:157} INFO - Started process (PID=17322) to work on /home/soamariaka/.local/lib/python3.9/site-packages/airflow/example_dags/example_branch_operator.py
[2023-08-14T14:31:31.830+0300] {processor.py:826} INFO - Processing file /home/soamariaka/.local/lib/python3.9/site-packages/airflow/example_dags/example_branch_operator.py for tasks to queue
[2023-08-14T14:31:31.832+0300] {logging_mixin.py:150} INFO - [2023-08-14T14:31:31.831+0300] {dagbag.py:541} INFO - Filling up the DagBag from /home/soamariaka/.local/lib/python3.9/site-packages/airflow/example_dags/example_branch_operator.py
[2023-08-14T14:31:31.849+0300] {processor.py:836} INFO - DAG(s) dict_keys(['example_branch_operator']) retrieved from /home/soamariaka/.local/lib/python3.9/site-packages/airflow/example_dags/example_branch_operator.py
[2023-08-14T14:31:31.879+0300] {logging_mixin.py:150} INFO - [2023-08-14T14:31:31.879+0300] {dag.py:2742} INFO - Sync 1 DAGs
[2023-08-14T14:31:31.913+0300] {logging_mixin.py:150} INFO - [2023-08-14T14:31:31.913+0300] {dag.py:3504} INFO - Setting next_dagrun for example_branch_operator to 2023-08-13T00:00:00+00:00, run_after=2023-08-14T00:00:00+00:00
[2023-08-14T14:31:32.059+0300] {processor.py:179} INFO - Processing /home/soamariaka/.local/lib/python3.9/site-packages/airflow/example_dags/example_branch_operator.py took 0.236 seconds
[2023-08-14T14:32:31.993+0300] {processor.py:157} INFO - Started process (PID=17443) to work on /home/soamariaka/.local/lib/python3.9/site-packages/airflow/example_dags/example_branch_operator.py
[2023-08-14T14:32:32.006+0300] {processor.py:826} INFO - Processing file /home/soamariaka/.local/lib/python3.9/site-packages/airflow/example_dags/example_branch_operator.py for tasks to queue
[2023-08-14T14:32:32.008+0300] {logging_mixin.py:150} INFO - [2023-08-14T14:32:32.007+0300] {dagbag.py:541} INFO - Filling up the DagBag from /home/soamariaka/.local/lib/python3.9/site-packages/airflow/example_dags/example_branch_operator.py
[2023-08-14T14:32:32.026+0300] {processor.py:836} INFO - DAG(s) dict_keys(['example_branch_operator']) retrieved from /home/soamariaka/.local/lib/python3.9/site-packages/airflow/example_dags/example_branch_operator.py
[2023-08-14T14:32:32.060+0300] {logging_mixin.py:150} INFO - [2023-08-14T14:32:32.060+0300] {dag.py:2742} INFO - Sync 1 DAGs
[2023-08-14T14:32:32.096+0300] {logging_mixin.py:150} INFO - [2023-08-14T14:32:32.096+0300] {dag.py:3504} INFO - Setting next_dagrun for example_branch_operator to 2023-08-13T00:00:00+00:00, run_after=2023-08-14T00:00:00+00:00
[2023-08-14T14:32:32.245+0300] {processor.py:179} INFO - Processing /home/soamariaka/.local/lib/python3.9/site-packages/airflow/example_dags/example_branch_operator.py took 0.258 seconds
[2023-08-14T14:33:30.873+0300] {processor.py:157} INFO - Started process (PID=17561) to work on /home/soamariaka/.local/lib/python3.9/site-packages/airflow/example_dags/example_branch_operator.py
[2023-08-14T14:33:30.875+0300] {processor.py:826} INFO - Processing file /home/soamariaka/.local/lib/python3.9/site-packages/airflow/example_dags/example_branch_operator.py for tasks to queue
[2023-08-14T14:33:30.876+0300] {logging_mixin.py:150} INFO - [2023-08-14T14:33:30.875+0300] {dagbag.py:541} INFO - Filling up the DagBag from /home/soamariaka/.local/lib/python3.9/site-packages/airflow/example_dags/example_branch_operator.py
[2023-08-14T14:33:30.893+0300] {processor.py:836} INFO - DAG(s) dict_keys(['example_branch_operator']) retrieved from /home/soamariaka/.local/lib/python3.9/site-packages/airflow/example_dags/example_branch_operator.py
[2023-08-14T14:33:30.923+0300] {logging_mixin.py:150} INFO - [2023-08-14T14:33:30.923+0300] {dag.py:2742} INFO - Sync 1 DAGs
[2023-08-14T14:33:30.957+0300] {logging_mixin.py:150} INFO - [2023-08-14T14:33:30.957+0300] {dag.py:3504} INFO - Setting next_dagrun for example_branch_operator to 2023-08-13T00:00:00+00:00, run_after=2023-08-14T00:00:00+00:00
[2023-08-14T14:33:31.080+0300] {processor.py:179} INFO - Processing /home/soamariaka/.local/lib/python3.9/site-packages/airflow/example_dags/example_branch_operator.py took 0.213 seconds
[2023-08-14T14:34:30.358+0300] {processor.py:157} INFO - Started process (PID=17615) to work on /home/soamariaka/.local/lib/python3.9/site-packages/airflow/example_dags/example_branch_operator.py
[2023-08-14T14:34:30.361+0300] {processor.py:826} INFO - Processing file /home/soamariaka/.local/lib/python3.9/site-packages/airflow/example_dags/example_branch_operator.py for tasks to queue
[2023-08-14T14:34:30.362+0300] {logging_mixin.py:150} INFO - [2023-08-14T14:34:30.362+0300] {dagbag.py:541} INFO - Filling up the DagBag from /home/soamariaka/.local/lib/python3.9/site-packages/airflow/example_dags/example_branch_operator.py
[2023-08-14T14:34:30.379+0300] {processor.py:836} INFO - DAG(s) dict_keys(['example_branch_operator']) retrieved from /home/soamariaka/.local/lib/python3.9/site-packages/airflow/example_dags/example_branch_operator.py
[2023-08-14T14:34:30.410+0300] {logging_mixin.py:150} INFO - [2023-08-14T14:34:30.409+0300] {dag.py:2742} INFO - Sync 1 DAGs
[2023-08-14T14:34:30.444+0300] {logging_mixin.py:150} INFO - [2023-08-14T14:34:30.444+0300] {dag.py:3504} INFO - Setting next_dagrun for example_branch_operator to 2023-08-13T00:00:00+00:00, run_after=2023-08-14T00:00:00+00:00
[2023-08-14T14:34:30.579+0300] {processor.py:179} INFO - Processing /home/soamariaka/.local/lib/python3.9/site-packages/airflow/example_dags/example_branch_operator.py took 0.226 seconds
[2023-08-14T14:35:57.949+0300] {processor.py:157} INFO - Started process (PID=17901) to work on /home/soamariaka/.local/lib/python3.9/site-packages/airflow/example_dags/example_branch_operator.py
[2023-08-14T14:35:57.950+0300] {processor.py:826} INFO - Processing file /home/soamariaka/.local/lib/python3.9/site-packages/airflow/example_dags/example_branch_operator.py for tasks to queue
[2023-08-14T14:35:57.952+0300] {logging_mixin.py:150} INFO - [2023-08-14T14:35:57.951+0300] {dagbag.py:541} INFO - Filling up the DagBag from /home/soamariaka/.local/lib/python3.9/site-packages/airflow/example_dags/example_branch_operator.py
[2023-08-14T14:35:57.968+0300] {processor.py:836} INFO - DAG(s) dict_keys(['example_branch_operator']) retrieved from /home/soamariaka/.local/lib/python3.9/site-packages/airflow/example_dags/example_branch_operator.py
[2023-08-14T14:35:57.997+0300] {logging_mixin.py:150} INFO - [2023-08-14T14:35:57.997+0300] {dag.py:2742} INFO - Sync 1 DAGs
[2023-08-14T14:35:58.031+0300] {logging_mixin.py:150} INFO - [2023-08-14T14:35:58.031+0300] {dag.py:3504} INFO - Setting next_dagrun for example_branch_operator to 2023-08-13T00:00:00+00:00, run_after=2023-08-14T00:00:00+00:00
[2023-08-14T14:35:58.369+0300] {processor.py:179} INFO - Processing /home/soamariaka/.local/lib/python3.9/site-packages/airflow/example_dags/example_branch_operator.py took 0.426 seconds
[2023-08-14T14:37:38.586+0300] {processor.py:157} INFO - Started process (PID=18130) to work on /home/soamariaka/.local/lib/python3.9/site-packages/airflow/example_dags/example_branch_operator.py
[2023-08-14T14:37:38.589+0300] {processor.py:826} INFO - Processing file /home/soamariaka/.local/lib/python3.9/site-packages/airflow/example_dags/example_branch_operator.py for tasks to queue
[2023-08-14T14:37:38.590+0300] {logging_mixin.py:150} INFO - [2023-08-14T14:37:38.590+0300] {dagbag.py:541} INFO - Filling up the DagBag from /home/soamariaka/.local/lib/python3.9/site-packages/airflow/example_dags/example_branch_operator.py
[2023-08-14T14:37:38.608+0300] {processor.py:836} INFO - DAG(s) dict_keys(['example_branch_operator']) retrieved from /home/soamariaka/.local/lib/python3.9/site-packages/airflow/example_dags/example_branch_operator.py
[2023-08-14T14:37:38.639+0300] {logging_mixin.py:150} INFO - [2023-08-14T14:37:38.638+0300] {dag.py:2742} INFO - Sync 1 DAGs
[2023-08-14T14:37:38.672+0300] {logging_mixin.py:150} INFO - [2023-08-14T14:37:38.672+0300] {dag.py:3504} INFO - Setting next_dagrun for example_branch_operator to 2023-08-13T00:00:00+00:00, run_after=2023-08-14T00:00:00+00:00
[2023-08-14T14:37:38.848+0300] {processor.py:179} INFO - Processing /home/soamariaka/.local/lib/python3.9/site-packages/airflow/example_dags/example_branch_operator.py took 0.268 seconds
[2023-08-14T14:38:38.992+0300] {processor.py:157} INFO - Started process (PID=18250) to work on /home/soamariaka/.local/lib/python3.9/site-packages/airflow/example_dags/example_branch_operator.py
[2023-08-14T14:38:38.994+0300] {processor.py:826} INFO - Processing file /home/soamariaka/.local/lib/python3.9/site-packages/airflow/example_dags/example_branch_operator.py for tasks to queue
[2023-08-14T14:38:38.995+0300] {logging_mixin.py:150} INFO - [2023-08-14T14:38:38.995+0300] {dagbag.py:541} INFO - Filling up the DagBag from /home/soamariaka/.local/lib/python3.9/site-packages/airflow/example_dags/example_branch_operator.py
[2023-08-14T14:38:39.013+0300] {processor.py:836} INFO - DAG(s) dict_keys(['example_branch_operator']) retrieved from /home/soamariaka/.local/lib/python3.9/site-packages/airflow/example_dags/example_branch_operator.py
[2023-08-14T14:38:39.043+0300] {logging_mixin.py:150} INFO - [2023-08-14T14:38:39.043+0300] {dag.py:2742} INFO - Sync 1 DAGs
[2023-08-14T14:38:39.078+0300] {logging_mixin.py:150} INFO - [2023-08-14T14:38:39.078+0300] {dag.py:3504} INFO - Setting next_dagrun for example_branch_operator to 2023-08-13T00:00:00+00:00, run_after=2023-08-14T00:00:00+00:00
[2023-08-14T14:38:39.284+0300] {processor.py:179} INFO - Processing /home/soamariaka/.local/lib/python3.9/site-packages/airflow/example_dags/example_branch_operator.py took 0.297 seconds
[2023-08-14T14:39:45.613+0300] {processor.py:157} INFO - Started process (PID=18437) to work on /home/soamariaka/.local/lib/python3.9/site-packages/airflow/example_dags/example_branch_operator.py
[2023-08-14T14:39:45.616+0300] {processor.py:826} INFO - Processing file /home/soamariaka/.local/lib/python3.9/site-packages/airflow/example_dags/example_branch_operator.py for tasks to queue
[2023-08-14T14:39:45.618+0300] {logging_mixin.py:150} INFO - [2023-08-14T14:39:45.617+0300] {dagbag.py:541} INFO - Filling up the DagBag from /home/soamariaka/.local/lib/python3.9/site-packages/airflow/example_dags/example_branch_operator.py
[2023-08-14T14:39:45.640+0300] {processor.py:836} INFO - DAG(s) dict_keys(['example_branch_operator']) retrieved from /home/soamariaka/.local/lib/python3.9/site-packages/airflow/example_dags/example_branch_operator.py
[2023-08-14T14:39:45.673+0300] {logging_mixin.py:150} INFO - [2023-08-14T14:39:45.672+0300] {dag.py:2742} INFO - Sync 1 DAGs
[2023-08-14T14:39:45.707+0300] {logging_mixin.py:150} INFO - [2023-08-14T14:39:45.706+0300] {dag.py:3504} INFO - Setting next_dagrun for example_branch_operator to 2023-08-13T00:00:00+00:00, run_after=2023-08-14T00:00:00+00:00
[2023-08-14T14:39:46.444+0300] {processor.py:179} INFO - Processing /home/soamariaka/.local/lib/python3.9/site-packages/airflow/example_dags/example_branch_operator.py took 0.836 seconds
[2023-08-14T14:41:23.310+0300] {processor.py:157} INFO - Started process (PID=18694) to work on /home/soamariaka/.local/lib/python3.9/site-packages/airflow/example_dags/example_branch_operator.py
[2023-08-14T14:41:23.462+0300] {processor.py:826} INFO - Processing file /home/soamariaka/.local/lib/python3.9/site-packages/airflow/example_dags/example_branch_operator.py for tasks to queue
[2023-08-14T14:41:23.464+0300] {logging_mixin.py:150} INFO - [2023-08-14T14:41:23.463+0300] {dagbag.py:541} INFO - Filling up the DagBag from /home/soamariaka/.local/lib/python3.9/site-packages/airflow/example_dags/example_branch_operator.py
[2023-08-14T14:41:23.491+0300] {processor.py:836} INFO - DAG(s) dict_keys(['example_branch_operator']) retrieved from /home/soamariaka/.local/lib/python3.9/site-packages/airflow/example_dags/example_branch_operator.py
[2023-08-14T14:41:23.541+0300] {logging_mixin.py:150} INFO - [2023-08-14T14:41:23.540+0300] {dag.py:2742} INFO - Sync 1 DAGs
[2023-08-14T14:41:23.581+0300] {logging_mixin.py:150} INFO - [2023-08-14T14:41:23.580+0300] {dag.py:3504} INFO - Setting next_dagrun for example_branch_operator to 2023-08-13T00:00:00+00:00, run_after=2023-08-14T00:00:00+00:00
[2023-08-14T14:41:23.712+0300] {processor.py:179} INFO - Processing /home/soamariaka/.local/lib/python3.9/site-packages/airflow/example_dags/example_branch_operator.py took 0.408 seconds
