[2023-08-14T13:33:39.253+0300] {processor.py:157} INFO - Started process (PID=10793) to work on /home/soamariaka/.local/lib/python3.9/site-packages/airflow/example_dags/example_kubernetes_executor.py
[2023-08-14T13:33:39.255+0300] {processor.py:826} INFO - Processing file /home/soamariaka/.local/lib/python3.9/site-packages/airflow/example_dags/example_kubernetes_executor.py for tasks to queue
[2023-08-14T13:33:39.256+0300] {logging_mixin.py:150} INFO - [2023-08-14T13:33:39.256+0300] {dagbag.py:541} INFO - Filling up the DagBag from /home/soamariaka/.local/lib/python3.9/site-packages/airflow/example_dags/example_kubernetes_executor.py
[2023-08-14T13:33:39.262+0300] {logging_mixin.py:150} INFO - [2023-08-14T13:33:39.262+0300] {example_kubernetes_executor.py:41} WARNING - The example_kubernetes_executor example DAG requires the kubernetes provider. Please install it with: pip install apache-airflow[cncf.kubernetes]
[2023-08-14T13:33:39.263+0300] {processor.py:838} WARNING - No viable dags retrieved from /home/soamariaka/.local/lib/python3.9/site-packages/airflow/example_dags/example_kubernetes_executor.py
[2023-08-14T13:33:39.283+0300] {processor.py:179} INFO - Processing /home/soamariaka/.local/lib/python3.9/site-packages/airflow/example_dags/example_kubernetes_executor.py took 0.036 seconds
[2023-08-14T13:35:10.247+0300] {processor.py:157} INFO - Started process (PID=10992) to work on /home/soamariaka/.local/lib/python3.9/site-packages/airflow/example_dags/example_kubernetes_executor.py
[2023-08-14T13:35:10.250+0300] {processor.py:826} INFO - Processing file /home/soamariaka/.local/lib/python3.9/site-packages/airflow/example_dags/example_kubernetes_executor.py for tasks to queue
[2023-08-14T13:35:10.252+0300] {logging_mixin.py:150} INFO - [2023-08-14T13:35:10.251+0300] {dagbag.py:541} INFO - Filling up the DagBag from /home/soamariaka/.local/lib/python3.9/site-packages/airflow/example_dags/example_kubernetes_executor.py
[2023-08-14T13:35:10.257+0300] {logging_mixin.py:150} INFO - [2023-08-14T13:35:10.257+0300] {example_kubernetes_executor.py:41} WARNING - The example_kubernetes_executor example DAG requires the kubernetes provider. Please install it with: pip install apache-airflow[cncf.kubernetes]
[2023-08-14T13:35:10.258+0300] {processor.py:838} WARNING - No viable dags retrieved from /home/soamariaka/.local/lib/python3.9/site-packages/airflow/example_dags/example_kubernetes_executor.py
[2023-08-14T13:35:10.275+0300] {processor.py:179} INFO - Processing /home/soamariaka/.local/lib/python3.9/site-packages/airflow/example_dags/example_kubernetes_executor.py took 0.033 seconds
[2023-08-14T13:36:16.127+0300] {processor.py:157} INFO - Started process (PID=11084) to work on /home/soamariaka/.local/lib/python3.9/site-packages/airflow/example_dags/example_kubernetes_executor.py
[2023-08-14T13:36:16.130+0300] {processor.py:826} INFO - Processing file /home/soamariaka/.local/lib/python3.9/site-packages/airflow/example_dags/example_kubernetes_executor.py for tasks to queue
[2023-08-14T13:36:16.131+0300] {logging_mixin.py:150} INFO - [2023-08-14T13:36:16.131+0300] {dagbag.py:541} INFO - Filling up the DagBag from /home/soamariaka/.local/lib/python3.9/site-packages/airflow/example_dags/example_kubernetes_executor.py
[2023-08-14T13:36:16.138+0300] {logging_mixin.py:150} INFO - [2023-08-14T13:36:16.137+0300] {example_kubernetes_executor.py:41} WARNING - The example_kubernetes_executor example DAG requires the kubernetes provider. Please install it with: pip install apache-airflow[cncf.kubernetes]
[2023-08-14T13:36:16.138+0300] {processor.py:838} WARNING - No viable dags retrieved from /home/soamariaka/.local/lib/python3.9/site-packages/airflow/example_dags/example_kubernetes_executor.py
[2023-08-14T13:36:16.156+0300] {processor.py:179} INFO - Processing /home/soamariaka/.local/lib/python3.9/site-packages/airflow/example_dags/example_kubernetes_executor.py took 0.037 seconds
[2023-08-14T13:37:13.795+0300] {processor.py:157} INFO - Started process (PID=11151) to work on /home/soamariaka/.local/lib/python3.9/site-packages/airflow/example_dags/example_kubernetes_executor.py
[2023-08-14T13:37:13.797+0300] {processor.py:826} INFO - Processing file /home/soamariaka/.local/lib/python3.9/site-packages/airflow/example_dags/example_kubernetes_executor.py for tasks to queue
[2023-08-14T13:37:13.799+0300] {logging_mixin.py:150} INFO - [2023-08-14T13:37:13.798+0300] {dagbag.py:541} INFO - Filling up the DagBag from /home/soamariaka/.local/lib/python3.9/site-packages/airflow/example_dags/example_kubernetes_executor.py
[2023-08-14T13:37:13.804+0300] {logging_mixin.py:150} INFO - [2023-08-14T13:37:13.804+0300] {example_kubernetes_executor.py:41} WARNING - The example_kubernetes_executor example DAG requires the kubernetes provider. Please install it with: pip install apache-airflow[cncf.kubernetes]
[2023-08-14T13:37:13.805+0300] {processor.py:838} WARNING - No viable dags retrieved from /home/soamariaka/.local/lib/python3.9/site-packages/airflow/example_dags/example_kubernetes_executor.py
[2023-08-14T13:37:13.822+0300] {processor.py:179} INFO - Processing /home/soamariaka/.local/lib/python3.9/site-packages/airflow/example_dags/example_kubernetes_executor.py took 0.032 seconds
[2023-08-14T13:38:13.284+0300] {processor.py:157} INFO - Started process (PID=11268) to work on /home/soamariaka/.local/lib/python3.9/site-packages/airflow/example_dags/example_kubernetes_executor.py
[2023-08-14T13:38:13.286+0300] {processor.py:826} INFO - Processing file /home/soamariaka/.local/lib/python3.9/site-packages/airflow/example_dags/example_kubernetes_executor.py for tasks to queue
[2023-08-14T13:38:13.287+0300] {logging_mixin.py:150} INFO - [2023-08-14T13:38:13.287+0300] {dagbag.py:541} INFO - Filling up the DagBag from /home/soamariaka/.local/lib/python3.9/site-packages/airflow/example_dags/example_kubernetes_executor.py
[2023-08-14T13:38:13.293+0300] {logging_mixin.py:150} INFO - [2023-08-14T13:38:13.292+0300] {example_kubernetes_executor.py:41} WARNING - The example_kubernetes_executor example DAG requires the kubernetes provider. Please install it with: pip install apache-airflow[cncf.kubernetes]
[2023-08-14T13:38:13.293+0300] {processor.py:838} WARNING - No viable dags retrieved from /home/soamariaka/.local/lib/python3.9/site-packages/airflow/example_dags/example_kubernetes_executor.py
[2023-08-14T13:38:13.310+0300] {processor.py:179} INFO - Processing /home/soamariaka/.local/lib/python3.9/site-packages/airflow/example_dags/example_kubernetes_executor.py took 0.031 seconds
[2023-08-14T13:39:18.306+0300] {processor.py:157} INFO - Started process (PID=11421) to work on /home/soamariaka/.local/lib/python3.9/site-packages/airflow/example_dags/example_kubernetes_executor.py
[2023-08-14T13:39:18.309+0300] {processor.py:826} INFO - Processing file /home/soamariaka/.local/lib/python3.9/site-packages/airflow/example_dags/example_kubernetes_executor.py for tasks to queue
[2023-08-14T13:39:18.311+0300] {logging_mixin.py:150} INFO - [2023-08-14T13:39:18.310+0300] {dagbag.py:541} INFO - Filling up the DagBag from /home/soamariaka/.local/lib/python3.9/site-packages/airflow/example_dags/example_kubernetes_executor.py
[2023-08-14T13:39:18.319+0300] {logging_mixin.py:150} INFO - [2023-08-14T13:39:18.318+0300] {example_kubernetes_executor.py:41} WARNING - The example_kubernetes_executor example DAG requires the kubernetes provider. Please install it with: pip install apache-airflow[cncf.kubernetes]
[2023-08-14T13:39:18.320+0300] {processor.py:838} WARNING - No viable dags retrieved from /home/soamariaka/.local/lib/python3.9/site-packages/airflow/example_dags/example_kubernetes_executor.py
[2023-08-14T13:39:18.340+0300] {processor.py:179} INFO - Processing /home/soamariaka/.local/lib/python3.9/site-packages/airflow/example_dags/example_kubernetes_executor.py took 0.042 seconds
[2023-08-14T13:40:19.546+0300] {processor.py:157} INFO - Started process (PID=11492) to work on /home/soamariaka/.local/lib/python3.9/site-packages/airflow/example_dags/example_kubernetes_executor.py
[2023-08-14T13:40:19.548+0300] {processor.py:826} INFO - Processing file /home/soamariaka/.local/lib/python3.9/site-packages/airflow/example_dags/example_kubernetes_executor.py for tasks to queue
[2023-08-14T13:40:19.550+0300] {logging_mixin.py:150} INFO - [2023-08-14T13:40:19.549+0300] {dagbag.py:541} INFO - Filling up the DagBag from /home/soamariaka/.local/lib/python3.9/site-packages/airflow/example_dags/example_kubernetes_executor.py
[2023-08-14T13:40:19.556+0300] {logging_mixin.py:150} INFO - [2023-08-14T13:40:19.556+0300] {example_kubernetes_executor.py:41} WARNING - The example_kubernetes_executor example DAG requires the kubernetes provider. Please install it with: pip install apache-airflow[cncf.kubernetes]
[2023-08-14T13:40:19.557+0300] {processor.py:838} WARNING - No viable dags retrieved from /home/soamariaka/.local/lib/python3.9/site-packages/airflow/example_dags/example_kubernetes_executor.py
[2023-08-14T13:40:19.574+0300] {processor.py:179} INFO - Processing /home/soamariaka/.local/lib/python3.9/site-packages/airflow/example_dags/example_kubernetes_executor.py took 0.034 seconds
[2023-08-14T13:41:15.421+0300] {processor.py:157} INFO - Started process (PID=11575) to work on /home/soamariaka/.local/lib/python3.9/site-packages/airflow/example_dags/example_kubernetes_executor.py
[2023-08-14T13:41:15.424+0300] {processor.py:826} INFO - Processing file /home/soamariaka/.local/lib/python3.9/site-packages/airflow/example_dags/example_kubernetes_executor.py for tasks to queue
[2023-08-14T13:41:15.426+0300] {logging_mixin.py:150} INFO - [2023-08-14T13:41:15.425+0300] {dagbag.py:541} INFO - Filling up the DagBag from /home/soamariaka/.local/lib/python3.9/site-packages/airflow/example_dags/example_kubernetes_executor.py
[2023-08-14T13:41:15.431+0300] {logging_mixin.py:150} INFO - [2023-08-14T13:41:15.431+0300] {example_kubernetes_executor.py:41} WARNING - The example_kubernetes_executor example DAG requires the kubernetes provider. Please install it with: pip install apache-airflow[cncf.kubernetes]
[2023-08-14T13:41:15.432+0300] {processor.py:838} WARNING - No viable dags retrieved from /home/soamariaka/.local/lib/python3.9/site-packages/airflow/example_dags/example_kubernetes_executor.py
[2023-08-14T13:41:15.449+0300] {processor.py:179} INFO - Processing /home/soamariaka/.local/lib/python3.9/site-packages/airflow/example_dags/example_kubernetes_executor.py took 0.033 seconds
[2023-08-14T13:42:14.714+0300] {processor.py:157} INFO - Started process (PID=11625) to work on /home/soamariaka/.local/lib/python3.9/site-packages/airflow/example_dags/example_kubernetes_executor.py
[2023-08-14T13:42:14.725+0300] {processor.py:826} INFO - Processing file /home/soamariaka/.local/lib/python3.9/site-packages/airflow/example_dags/example_kubernetes_executor.py for tasks to queue
[2023-08-14T13:42:14.728+0300] {logging_mixin.py:150} INFO - [2023-08-14T13:42:14.727+0300] {dagbag.py:541} INFO - Filling up the DagBag from /home/soamariaka/.local/lib/python3.9/site-packages/airflow/example_dags/example_kubernetes_executor.py
[2023-08-14T13:42:14.733+0300] {logging_mixin.py:150} INFO - [2023-08-14T13:42:14.733+0300] {example_kubernetes_executor.py:41} WARNING - The example_kubernetes_executor example DAG requires the kubernetes provider. Please install it with: pip install apache-airflow[cncf.kubernetes]
[2023-08-14T13:42:14.734+0300] {processor.py:838} WARNING - No viable dags retrieved from /home/soamariaka/.local/lib/python3.9/site-packages/airflow/example_dags/example_kubernetes_executor.py
[2023-08-14T13:42:14.759+0300] {processor.py:179} INFO - Processing /home/soamariaka/.local/lib/python3.9/site-packages/airflow/example_dags/example_kubernetes_executor.py took 0.053 seconds
[2023-08-14T13:43:34.252+0300] {processor.py:157} INFO - Started process (PID=11731) to work on /home/soamariaka/.local/lib/python3.9/site-packages/airflow/example_dags/example_kubernetes_executor.py
[2023-08-14T13:43:34.276+0300] {processor.py:826} INFO - Processing file /home/soamariaka/.local/lib/python3.9/site-packages/airflow/example_dags/example_kubernetes_executor.py for tasks to queue
[2023-08-14T13:43:34.278+0300] {logging_mixin.py:150} INFO - [2023-08-14T13:43:34.277+0300] {dagbag.py:541} INFO - Filling up the DagBag from /home/soamariaka/.local/lib/python3.9/site-packages/airflow/example_dags/example_kubernetes_executor.py
[2023-08-14T13:43:34.285+0300] {logging_mixin.py:150} INFO - [2023-08-14T13:43:34.285+0300] {example_kubernetes_executor.py:41} WARNING - The example_kubernetes_executor example DAG requires the kubernetes provider. Please install it with: pip install apache-airflow[cncf.kubernetes]
[2023-08-14T13:43:34.286+0300] {processor.py:838} WARNING - No viable dags retrieved from /home/soamariaka/.local/lib/python3.9/site-packages/airflow/example_dags/example_kubernetes_executor.py
[2023-08-14T13:43:34.311+0300] {processor.py:179} INFO - Processing /home/soamariaka/.local/lib/python3.9/site-packages/airflow/example_dags/example_kubernetes_executor.py took 0.063 seconds
[2023-08-14T13:44:36.419+0300] {processor.py:157} INFO - Started process (PID=11781) to work on /home/soamariaka/.local/lib/python3.9/site-packages/airflow/example_dags/example_kubernetes_executor.py
[2023-08-14T13:44:36.439+0300] {processor.py:826} INFO - Processing file /home/soamariaka/.local/lib/python3.9/site-packages/airflow/example_dags/example_kubernetes_executor.py for tasks to queue
[2023-08-14T13:44:36.441+0300] {logging_mixin.py:150} INFO - [2023-08-14T13:44:36.440+0300] {dagbag.py:541} INFO - Filling up the DagBag from /home/soamariaka/.local/lib/python3.9/site-packages/airflow/example_dags/example_kubernetes_executor.py
[2023-08-14T13:44:36.446+0300] {logging_mixin.py:150} INFO - [2023-08-14T13:44:36.446+0300] {example_kubernetes_executor.py:41} WARNING - The example_kubernetes_executor example DAG requires the kubernetes provider. Please install it with: pip install apache-airflow[cncf.kubernetes]
[2023-08-14T13:44:36.447+0300] {processor.py:838} WARNING - No viable dags retrieved from /home/soamariaka/.local/lib/python3.9/site-packages/airflow/example_dags/example_kubernetes_executor.py
[2023-08-14T13:44:36.465+0300] {processor.py:179} INFO - Processing /home/soamariaka/.local/lib/python3.9/site-packages/airflow/example_dags/example_kubernetes_executor.py took 0.051 seconds
[2023-08-14T13:45:45.101+0300] {processor.py:157} INFO - Started process (PID=11893) to work on /home/soamariaka/.local/lib/python3.9/site-packages/airflow/example_dags/example_kubernetes_executor.py
[2023-08-14T13:45:45.103+0300] {processor.py:826} INFO - Processing file /home/soamariaka/.local/lib/python3.9/site-packages/airflow/example_dags/example_kubernetes_executor.py for tasks to queue
[2023-08-14T13:45:45.104+0300] {logging_mixin.py:150} INFO - [2023-08-14T13:45:45.104+0300] {dagbag.py:541} INFO - Filling up the DagBag from /home/soamariaka/.local/lib/python3.9/site-packages/airflow/example_dags/example_kubernetes_executor.py
[2023-08-14T13:45:45.110+0300] {logging_mixin.py:150} INFO - [2023-08-14T13:45:45.109+0300] {example_kubernetes_executor.py:41} WARNING - The example_kubernetes_executor example DAG requires the kubernetes provider. Please install it with: pip install apache-airflow[cncf.kubernetes]
[2023-08-14T13:45:45.110+0300] {processor.py:838} WARNING - No viable dags retrieved from /home/soamariaka/.local/lib/python3.9/site-packages/airflow/example_dags/example_kubernetes_executor.py
[2023-08-14T13:45:45.126+0300] {processor.py:179} INFO - Processing /home/soamariaka/.local/lib/python3.9/site-packages/airflow/example_dags/example_kubernetes_executor.py took 0.031 seconds
[2023-08-14T13:46:47.392+0300] {processor.py:157} INFO - Started process (PID=11949) to work on /home/soamariaka/.local/lib/python3.9/site-packages/airflow/example_dags/example_kubernetes_executor.py
[2023-08-14T13:46:47.414+0300] {processor.py:826} INFO - Processing file /home/soamariaka/.local/lib/python3.9/site-packages/airflow/example_dags/example_kubernetes_executor.py for tasks to queue
[2023-08-14T13:46:47.415+0300] {logging_mixin.py:150} INFO - [2023-08-14T13:46:47.415+0300] {dagbag.py:541} INFO - Filling up the DagBag from /home/soamariaka/.local/lib/python3.9/site-packages/airflow/example_dags/example_kubernetes_executor.py
[2023-08-14T13:46:47.421+0300] {logging_mixin.py:150} INFO - [2023-08-14T13:46:47.421+0300] {example_kubernetes_executor.py:41} WARNING - The example_kubernetes_executor example DAG requires the kubernetes provider. Please install it with: pip install apache-airflow[cncf.kubernetes]
[2023-08-14T13:46:47.421+0300] {processor.py:838} WARNING - No viable dags retrieved from /home/soamariaka/.local/lib/python3.9/site-packages/airflow/example_dags/example_kubernetes_executor.py
[2023-08-14T13:46:47.439+0300] {processor.py:179} INFO - Processing /home/soamariaka/.local/lib/python3.9/site-packages/airflow/example_dags/example_kubernetes_executor.py took 0.053 seconds
[2023-08-14T13:47:47.760+0300] {processor.py:157} INFO - Started process (PID=12006) to work on /home/soamariaka/.local/lib/python3.9/site-packages/airflow/example_dags/example_kubernetes_executor.py
[2023-08-14T13:47:47.763+0300] {processor.py:826} INFO - Processing file /home/soamariaka/.local/lib/python3.9/site-packages/airflow/example_dags/example_kubernetes_executor.py for tasks to queue
[2023-08-14T13:47:47.764+0300] {logging_mixin.py:150} INFO - [2023-08-14T13:47:47.764+0300] {dagbag.py:541} INFO - Filling up the DagBag from /home/soamariaka/.local/lib/python3.9/site-packages/airflow/example_dags/example_kubernetes_executor.py
[2023-08-14T13:47:47.770+0300] {logging_mixin.py:150} INFO - [2023-08-14T13:47:47.770+0300] {example_kubernetes_executor.py:41} WARNING - The example_kubernetes_executor example DAG requires the kubernetes provider. Please install it with: pip install apache-airflow[cncf.kubernetes]
[2023-08-14T13:47:47.770+0300] {processor.py:838} WARNING - No viable dags retrieved from /home/soamariaka/.local/lib/python3.9/site-packages/airflow/example_dags/example_kubernetes_executor.py
[2023-08-14T13:47:47.787+0300] {processor.py:179} INFO - Processing /home/soamariaka/.local/lib/python3.9/site-packages/airflow/example_dags/example_kubernetes_executor.py took 0.032 seconds
[2023-08-14T13:48:50.152+0300] {processor.py:157} INFO - Started process (PID=12099) to work on /home/soamariaka/.local/lib/python3.9/site-packages/airflow/example_dags/example_kubernetes_executor.py
[2023-08-14T13:48:50.177+0300] {processor.py:826} INFO - Processing file /home/soamariaka/.local/lib/python3.9/site-packages/airflow/example_dags/example_kubernetes_executor.py for tasks to queue
[2023-08-14T13:48:50.179+0300] {logging_mixin.py:150} INFO - [2023-08-14T13:48:50.178+0300] {dagbag.py:541} INFO - Filling up the DagBag from /home/soamariaka/.local/lib/python3.9/site-packages/airflow/example_dags/example_kubernetes_executor.py
[2023-08-14T13:48:50.184+0300] {logging_mixin.py:150} INFO - [2023-08-14T13:48:50.184+0300] {example_kubernetes_executor.py:41} WARNING - The example_kubernetes_executor example DAG requires the kubernetes provider. Please install it with: pip install apache-airflow[cncf.kubernetes]
[2023-08-14T13:48:50.185+0300] {processor.py:838} WARNING - No viable dags retrieved from /home/soamariaka/.local/lib/python3.9/site-packages/airflow/example_dags/example_kubernetes_executor.py
[2023-08-14T13:48:50.203+0300] {processor.py:179} INFO - Processing /home/soamariaka/.local/lib/python3.9/site-packages/airflow/example_dags/example_kubernetes_executor.py took 0.056 seconds
[2023-08-14T13:49:52.289+0300] {processor.py:157} INFO - Started process (PID=12175) to work on /home/soamariaka/.local/lib/python3.9/site-packages/airflow/example_dags/example_kubernetes_executor.py
[2023-08-14T13:49:52.291+0300] {processor.py:826} INFO - Processing file /home/soamariaka/.local/lib/python3.9/site-packages/airflow/example_dags/example_kubernetes_executor.py for tasks to queue
[2023-08-14T13:49:52.293+0300] {logging_mixin.py:150} INFO - [2023-08-14T13:49:52.292+0300] {dagbag.py:541} INFO - Filling up the DagBag from /home/soamariaka/.local/lib/python3.9/site-packages/airflow/example_dags/example_kubernetes_executor.py
[2023-08-14T13:49:52.298+0300] {logging_mixin.py:150} INFO - [2023-08-14T13:49:52.298+0300] {example_kubernetes_executor.py:41} WARNING - The example_kubernetes_executor example DAG requires the kubernetes provider. Please install it with: pip install apache-airflow[cncf.kubernetes]
[2023-08-14T13:49:52.299+0300] {processor.py:838} WARNING - No viable dags retrieved from /home/soamariaka/.local/lib/python3.9/site-packages/airflow/example_dags/example_kubernetes_executor.py
[2023-08-14T13:49:52.316+0300] {processor.py:179} INFO - Processing /home/soamariaka/.local/lib/python3.9/site-packages/airflow/example_dags/example_kubernetes_executor.py took 0.033 seconds
[2023-08-14T13:50:57.713+0300] {processor.py:157} INFO - Started process (PID=12233) to work on /home/soamariaka/.local/lib/python3.9/site-packages/airflow/example_dags/example_kubernetes_executor.py
[2023-08-14T13:50:57.716+0300] {processor.py:826} INFO - Processing file /home/soamariaka/.local/lib/python3.9/site-packages/airflow/example_dags/example_kubernetes_executor.py for tasks to queue
[2023-08-14T13:50:57.717+0300] {logging_mixin.py:150} INFO - [2023-08-14T13:50:57.717+0300] {dagbag.py:541} INFO - Filling up the DagBag from /home/soamariaka/.local/lib/python3.9/site-packages/airflow/example_dags/example_kubernetes_executor.py
[2023-08-14T13:50:57.723+0300] {logging_mixin.py:150} INFO - [2023-08-14T13:50:57.723+0300] {example_kubernetes_executor.py:41} WARNING - The example_kubernetes_executor example DAG requires the kubernetes provider. Please install it with: pip install apache-airflow[cncf.kubernetes]
[2023-08-14T13:50:57.724+0300] {processor.py:838} WARNING - No viable dags retrieved from /home/soamariaka/.local/lib/python3.9/site-packages/airflow/example_dags/example_kubernetes_executor.py
[2023-08-14T13:50:57.742+0300] {processor.py:179} INFO - Processing /home/soamariaka/.local/lib/python3.9/site-packages/airflow/example_dags/example_kubernetes_executor.py took 0.035 seconds
[2023-08-14T13:52:03.600+0300] {processor.py:157} INFO - Started process (PID=12328) to work on /home/soamariaka/.local/lib/python3.9/site-packages/airflow/example_dags/example_kubernetes_executor.py
[2023-08-14T13:52:03.602+0300] {processor.py:826} INFO - Processing file /home/soamariaka/.local/lib/python3.9/site-packages/airflow/example_dags/example_kubernetes_executor.py for tasks to queue
[2023-08-14T13:52:03.604+0300] {logging_mixin.py:150} INFO - [2023-08-14T13:52:03.603+0300] {dagbag.py:541} INFO - Filling up the DagBag from /home/soamariaka/.local/lib/python3.9/site-packages/airflow/example_dags/example_kubernetes_executor.py
[2023-08-14T13:52:03.609+0300] {logging_mixin.py:150} INFO - [2023-08-14T13:52:03.609+0300] {example_kubernetes_executor.py:41} WARNING - The example_kubernetes_executor example DAG requires the kubernetes provider. Please install it with: pip install apache-airflow[cncf.kubernetes]
[2023-08-14T13:52:03.610+0300] {processor.py:838} WARNING - No viable dags retrieved from /home/soamariaka/.local/lib/python3.9/site-packages/airflow/example_dags/example_kubernetes_executor.py
[2023-08-14T13:52:03.627+0300] {processor.py:179} INFO - Processing /home/soamariaka/.local/lib/python3.9/site-packages/airflow/example_dags/example_kubernetes_executor.py took 0.032 seconds
[2023-08-14T13:53:05.436+0300] {processor.py:157} INFO - Started process (PID=12391) to work on /home/soamariaka/.local/lib/python3.9/site-packages/airflow/example_dags/example_kubernetes_executor.py
[2023-08-14T13:53:05.438+0300] {processor.py:826} INFO - Processing file /home/soamariaka/.local/lib/python3.9/site-packages/airflow/example_dags/example_kubernetes_executor.py for tasks to queue
[2023-08-14T13:53:05.439+0300] {logging_mixin.py:150} INFO - [2023-08-14T13:53:05.439+0300] {dagbag.py:541} INFO - Filling up the DagBag from /home/soamariaka/.local/lib/python3.9/site-packages/airflow/example_dags/example_kubernetes_executor.py
[2023-08-14T13:53:05.444+0300] {logging_mixin.py:150} INFO - [2023-08-14T13:53:05.444+0300] {example_kubernetes_executor.py:41} WARNING - The example_kubernetes_executor example DAG requires the kubernetes provider. Please install it with: pip install apache-airflow[cncf.kubernetes]
[2023-08-14T13:53:05.444+0300] {processor.py:838} WARNING - No viable dags retrieved from /home/soamariaka/.local/lib/python3.9/site-packages/airflow/example_dags/example_kubernetes_executor.py
[2023-08-14T13:53:05.458+0300] {processor.py:179} INFO - Processing /home/soamariaka/.local/lib/python3.9/site-packages/airflow/example_dags/example_kubernetes_executor.py took 0.026 seconds
[2023-08-14T13:54:10.276+0300] {processor.py:157} INFO - Started process (PID=12448) to work on /home/soamariaka/.local/lib/python3.9/site-packages/airflow/example_dags/example_kubernetes_executor.py
[2023-08-14T13:54:10.278+0300] {processor.py:826} INFO - Processing file /home/soamariaka/.local/lib/python3.9/site-packages/airflow/example_dags/example_kubernetes_executor.py for tasks to queue
[2023-08-14T13:54:10.280+0300] {logging_mixin.py:150} INFO - [2023-08-14T13:54:10.279+0300] {dagbag.py:541} INFO - Filling up the DagBag from /home/soamariaka/.local/lib/python3.9/site-packages/airflow/example_dags/example_kubernetes_executor.py
[2023-08-14T13:54:10.285+0300] {logging_mixin.py:150} INFO - [2023-08-14T13:54:10.285+0300] {example_kubernetes_executor.py:41} WARNING - The example_kubernetes_executor example DAG requires the kubernetes provider. Please install it with: pip install apache-airflow[cncf.kubernetes]
[2023-08-14T13:54:10.286+0300] {processor.py:838} WARNING - No viable dags retrieved from /home/soamariaka/.local/lib/python3.9/site-packages/airflow/example_dags/example_kubernetes_executor.py
[2023-08-14T13:54:10.303+0300] {processor.py:179} INFO - Processing /home/soamariaka/.local/lib/python3.9/site-packages/airflow/example_dags/example_kubernetes_executor.py took 0.033 seconds
[2023-08-14T13:55:15.824+0300] {processor.py:157} INFO - Started process (PID=12560) to work on /home/soamariaka/.local/lib/python3.9/site-packages/airflow/example_dags/example_kubernetes_executor.py
[2023-08-14T13:55:15.852+0300] {processor.py:826} INFO - Processing file /home/soamariaka/.local/lib/python3.9/site-packages/airflow/example_dags/example_kubernetes_executor.py for tasks to queue
[2023-08-14T13:55:15.871+0300] {logging_mixin.py:150} INFO - [2023-08-14T13:55:15.870+0300] {dagbag.py:541} INFO - Filling up the DagBag from /home/soamariaka/.local/lib/python3.9/site-packages/airflow/example_dags/example_kubernetes_executor.py
[2023-08-14T13:55:15.877+0300] {logging_mixin.py:150} INFO - [2023-08-14T13:55:15.877+0300] {example_kubernetes_executor.py:41} WARNING - The example_kubernetes_executor example DAG requires the kubernetes provider. Please install it with: pip install apache-airflow[cncf.kubernetes]
[2023-08-14T13:55:15.878+0300] {processor.py:838} WARNING - No viable dags retrieved from /home/soamariaka/.local/lib/python3.9/site-packages/airflow/example_dags/example_kubernetes_executor.py
[2023-08-14T13:55:15.894+0300] {processor.py:179} INFO - Processing /home/soamariaka/.local/lib/python3.9/site-packages/airflow/example_dags/example_kubernetes_executor.py took 0.075 seconds
[2023-08-14T13:56:23.618+0300] {processor.py:157} INFO - Started process (PID=12645) to work on /home/soamariaka/.local/lib/python3.9/site-packages/airflow/example_dags/example_kubernetes_executor.py
[2023-08-14T13:56:23.620+0300] {processor.py:826} INFO - Processing file /home/soamariaka/.local/lib/python3.9/site-packages/airflow/example_dags/example_kubernetes_executor.py for tasks to queue
[2023-08-14T13:56:23.621+0300] {logging_mixin.py:150} INFO - [2023-08-14T13:56:23.621+0300] {dagbag.py:541} INFO - Filling up the DagBag from /home/soamariaka/.local/lib/python3.9/site-packages/airflow/example_dags/example_kubernetes_executor.py
[2023-08-14T13:56:23.627+0300] {logging_mixin.py:150} INFO - [2023-08-14T13:56:23.626+0300] {example_kubernetes_executor.py:41} WARNING - The example_kubernetes_executor example DAG requires the kubernetes provider. Please install it with: pip install apache-airflow[cncf.kubernetes]
[2023-08-14T13:56:23.627+0300] {processor.py:838} WARNING - No viable dags retrieved from /home/soamariaka/.local/lib/python3.9/site-packages/airflow/example_dags/example_kubernetes_executor.py
[2023-08-14T13:56:23.645+0300] {processor.py:179} INFO - Processing /home/soamariaka/.local/lib/python3.9/site-packages/airflow/example_dags/example_kubernetes_executor.py took 0.033 seconds
[2023-08-14T13:57:31.988+0300] {processor.py:157} INFO - Started process (PID=12705) to work on /home/soamariaka/.local/lib/python3.9/site-packages/airflow/example_dags/example_kubernetes_executor.py
[2023-08-14T13:57:31.990+0300] {processor.py:826} INFO - Processing file /home/soamariaka/.local/lib/python3.9/site-packages/airflow/example_dags/example_kubernetes_executor.py for tasks to queue
[2023-08-14T13:57:31.992+0300] {logging_mixin.py:150} INFO - [2023-08-14T13:57:31.991+0300] {dagbag.py:541} INFO - Filling up the DagBag from /home/soamariaka/.local/lib/python3.9/site-packages/airflow/example_dags/example_kubernetes_executor.py
[2023-08-14T13:57:31.997+0300] {logging_mixin.py:150} INFO - [2023-08-14T13:57:31.997+0300] {example_kubernetes_executor.py:41} WARNING - The example_kubernetes_executor example DAG requires the kubernetes provider. Please install it with: pip install apache-airflow[cncf.kubernetes]
[2023-08-14T13:57:31.998+0300] {processor.py:838} WARNING - No viable dags retrieved from /home/soamariaka/.local/lib/python3.9/site-packages/airflow/example_dags/example_kubernetes_executor.py
[2023-08-14T13:57:32.016+0300] {processor.py:179} INFO - Processing /home/soamariaka/.local/lib/python3.9/site-packages/airflow/example_dags/example_kubernetes_executor.py took 0.032 seconds
[2023-08-14T13:58:33.865+0300] {processor.py:157} INFO - Started process (PID=12795) to work on /home/soamariaka/.local/lib/python3.9/site-packages/airflow/example_dags/example_kubernetes_executor.py
[2023-08-14T13:58:33.868+0300] {processor.py:826} INFO - Processing file /home/soamariaka/.local/lib/python3.9/site-packages/airflow/example_dags/example_kubernetes_executor.py for tasks to queue
[2023-08-14T13:58:33.869+0300] {logging_mixin.py:150} INFO - [2023-08-14T13:58:33.869+0300] {dagbag.py:541} INFO - Filling up the DagBag from /home/soamariaka/.local/lib/python3.9/site-packages/airflow/example_dags/example_kubernetes_executor.py
[2023-08-14T13:58:33.875+0300] {logging_mixin.py:150} INFO - [2023-08-14T13:58:33.875+0300] {example_kubernetes_executor.py:41} WARNING - The example_kubernetes_executor example DAG requires the kubernetes provider. Please install it with: pip install apache-airflow[cncf.kubernetes]
[2023-08-14T13:58:33.875+0300] {processor.py:838} WARNING - No viable dags retrieved from /home/soamariaka/.local/lib/python3.9/site-packages/airflow/example_dags/example_kubernetes_executor.py
[2023-08-14T13:58:33.892+0300] {processor.py:179} INFO - Processing /home/soamariaka/.local/lib/python3.9/site-packages/airflow/example_dags/example_kubernetes_executor.py took 0.032 seconds
[2023-08-14T13:59:39.129+0300] {processor.py:157} INFO - Started process (PID=12854) to work on /home/soamariaka/.local/lib/python3.9/site-packages/airflow/example_dags/example_kubernetes_executor.py
[2023-08-14T13:59:39.131+0300] {processor.py:826} INFO - Processing file /home/soamariaka/.local/lib/python3.9/site-packages/airflow/example_dags/example_kubernetes_executor.py for tasks to queue
[2023-08-14T13:59:39.132+0300] {logging_mixin.py:150} INFO - [2023-08-14T13:59:39.132+0300] {dagbag.py:541} INFO - Filling up the DagBag from /home/soamariaka/.local/lib/python3.9/site-packages/airflow/example_dags/example_kubernetes_executor.py
[2023-08-14T13:59:39.138+0300] {logging_mixin.py:150} INFO - [2023-08-14T13:59:39.137+0300] {example_kubernetes_executor.py:41} WARNING - The example_kubernetes_executor example DAG requires the kubernetes provider. Please install it with: pip install apache-airflow[cncf.kubernetes]
[2023-08-14T13:59:39.138+0300] {processor.py:838} WARNING - No viable dags retrieved from /home/soamariaka/.local/lib/python3.9/site-packages/airflow/example_dags/example_kubernetes_executor.py
[2023-08-14T13:59:39.156+0300] {processor.py:179} INFO - Processing /home/soamariaka/.local/lib/python3.9/site-packages/airflow/example_dags/example_kubernetes_executor.py took 0.032 seconds
[2023-08-14T14:00:41.885+0300] {processor.py:157} INFO - Started process (PID=12936) to work on /home/soamariaka/.local/lib/python3.9/site-packages/airflow/example_dags/example_kubernetes_executor.py
[2023-08-14T14:00:41.906+0300] {processor.py:826} INFO - Processing file /home/soamariaka/.local/lib/python3.9/site-packages/airflow/example_dags/example_kubernetes_executor.py for tasks to queue
[2023-08-14T14:00:41.907+0300] {logging_mixin.py:150} INFO - [2023-08-14T14:00:41.907+0300] {dagbag.py:541} INFO - Filling up the DagBag from /home/soamariaka/.local/lib/python3.9/site-packages/airflow/example_dags/example_kubernetes_executor.py
[2023-08-14T14:00:41.913+0300] {logging_mixin.py:150} INFO - [2023-08-14T14:00:41.913+0300] {example_kubernetes_executor.py:41} WARNING - The example_kubernetes_executor example DAG requires the kubernetes provider. Please install it with: pip install apache-airflow[cncf.kubernetes]
[2023-08-14T14:00:41.914+0300] {processor.py:838} WARNING - No viable dags retrieved from /home/soamariaka/.local/lib/python3.9/site-packages/airflow/example_dags/example_kubernetes_executor.py
[2023-08-14T14:00:41.933+0300] {processor.py:179} INFO - Processing /home/soamariaka/.local/lib/python3.9/site-packages/airflow/example_dags/example_kubernetes_executor.py took 0.053 seconds
[2023-08-14T14:01:45.685+0300] {processor.py:157} INFO - Started process (PID=12992) to work on /home/soamariaka/.local/lib/python3.9/site-packages/airflow/example_dags/example_kubernetes_executor.py
[2023-08-14T14:01:45.726+0300] {processor.py:826} INFO - Processing file /home/soamariaka/.local/lib/python3.9/site-packages/airflow/example_dags/example_kubernetes_executor.py for tasks to queue
[2023-08-14T14:01:45.728+0300] {logging_mixin.py:150} INFO - [2023-08-14T14:01:45.728+0300] {dagbag.py:541} INFO - Filling up the DagBag from /home/soamariaka/.local/lib/python3.9/site-packages/airflow/example_dags/example_kubernetes_executor.py
[2023-08-14T14:01:45.734+0300] {logging_mixin.py:150} INFO - [2023-08-14T14:01:45.734+0300] {example_kubernetes_executor.py:41} WARNING - The example_kubernetes_executor example DAG requires the kubernetes provider. Please install it with: pip install apache-airflow[cncf.kubernetes]
[2023-08-14T14:01:45.735+0300] {processor.py:838} WARNING - No viable dags retrieved from /home/soamariaka/.local/lib/python3.9/site-packages/airflow/example_dags/example_kubernetes_executor.py
[2023-08-14T14:01:45.754+0300] {processor.py:179} INFO - Processing /home/soamariaka/.local/lib/python3.9/site-packages/airflow/example_dags/example_kubernetes_executor.py took 0.074 seconds
[2023-08-14T14:04:48.581+0300] {processor.py:157} INFO - Started process (PID=13731) to work on /home/soamariaka/.local/lib/python3.9/site-packages/airflow/example_dags/example_kubernetes_executor.py
[2023-08-14T14:04:48.600+0300] {processor.py:826} INFO - Processing file /home/soamariaka/.local/lib/python3.9/site-packages/airflow/example_dags/example_kubernetes_executor.py for tasks to queue
[2023-08-14T14:04:48.602+0300] {logging_mixin.py:150} INFO - [2023-08-14T14:04:48.602+0300] {dagbag.py:541} INFO - Filling up the DagBag from /home/soamariaka/.local/lib/python3.9/site-packages/airflow/example_dags/example_kubernetes_executor.py
[2023-08-14T14:04:48.615+0300] {logging_mixin.py:150} INFO - [2023-08-14T14:04:48.615+0300] {example_kubernetes_executor.py:41} WARNING - The example_kubernetes_executor example DAG requires the kubernetes provider. Please install it with: pip install apache-airflow[cncf.kubernetes]
[2023-08-14T14:04:48.616+0300] {processor.py:838} WARNING - No viable dags retrieved from /home/soamariaka/.local/lib/python3.9/site-packages/airflow/example_dags/example_kubernetes_executor.py
[2023-08-14T14:04:48.634+0300] {processor.py:179} INFO - Processing /home/soamariaka/.local/lib/python3.9/site-packages/airflow/example_dags/example_kubernetes_executor.py took 0.058 seconds
[2023-08-14T14:06:18.906+0300] {processor.py:157} INFO - Started process (PID=13823) to work on /home/soamariaka/.local/lib/python3.9/site-packages/airflow/example_dags/example_kubernetes_executor.py
[2023-08-14T14:06:18.932+0300] {processor.py:826} INFO - Processing file /home/soamariaka/.local/lib/python3.9/site-packages/airflow/example_dags/example_kubernetes_executor.py for tasks to queue
[2023-08-14T14:06:18.934+0300] {logging_mixin.py:150} INFO - [2023-08-14T14:06:18.933+0300] {dagbag.py:541} INFO - Filling up the DagBag from /home/soamariaka/.local/lib/python3.9/site-packages/airflow/example_dags/example_kubernetes_executor.py
[2023-08-14T14:06:18.965+0300] {logging_mixin.py:150} INFO - [2023-08-14T14:06:18.965+0300] {example_kubernetes_executor.py:41} WARNING - The example_kubernetes_executor example DAG requires the kubernetes provider. Please install it with: pip install apache-airflow[cncf.kubernetes]
[2023-08-14T14:06:18.966+0300] {processor.py:838} WARNING - No viable dags retrieved from /home/soamariaka/.local/lib/python3.9/site-packages/airflow/example_dags/example_kubernetes_executor.py
[2023-08-14T14:06:18.985+0300] {processor.py:179} INFO - Processing /home/soamariaka/.local/lib/python3.9/site-packages/airflow/example_dags/example_kubernetes_executor.py took 0.085 seconds
[2023-08-14T14:07:27.182+0300] {processor.py:157} INFO - Started process (PID=13922) to work on /home/soamariaka/.local/lib/python3.9/site-packages/airflow/example_dags/example_kubernetes_executor.py
[2023-08-14T14:07:27.198+0300] {processor.py:826} INFO - Processing file /home/soamariaka/.local/lib/python3.9/site-packages/airflow/example_dags/example_kubernetes_executor.py for tasks to queue
[2023-08-14T14:07:27.199+0300] {logging_mixin.py:150} INFO - [2023-08-14T14:07:27.199+0300] {dagbag.py:541} INFO - Filling up the DagBag from /home/soamariaka/.local/lib/python3.9/site-packages/airflow/example_dags/example_kubernetes_executor.py
[2023-08-14T14:07:27.330+0300] {logging_mixin.py:150} INFO - [2023-08-14T14:07:27.330+0300] {example_kubernetes_executor.py:41} WARNING - The example_kubernetes_executor example DAG requires the kubernetes provider. Please install it with: pip install apache-airflow[cncf.kubernetes]
[2023-08-14T14:07:27.331+0300] {processor.py:838} WARNING - No viable dags retrieved from /home/soamariaka/.local/lib/python3.9/site-packages/airflow/example_dags/example_kubernetes_executor.py
[2023-08-14T14:07:27.353+0300] {processor.py:179} INFO - Processing /home/soamariaka/.local/lib/python3.9/site-packages/airflow/example_dags/example_kubernetes_executor.py took 0.176 seconds
[2023-08-14T14:09:37.014+0300] {processor.py:157} INFO - Started process (PID=14097) to work on /home/soamariaka/.local/lib/python3.9/site-packages/airflow/example_dags/example_kubernetes_executor.py
[2023-08-14T14:09:37.039+0300] {processor.py:826} INFO - Processing file /home/soamariaka/.local/lib/python3.9/site-packages/airflow/example_dags/example_kubernetes_executor.py for tasks to queue
[2023-08-14T14:09:37.041+0300] {logging_mixin.py:150} INFO - [2023-08-14T14:09:37.040+0300] {dagbag.py:541} INFO - Filling up the DagBag from /home/soamariaka/.local/lib/python3.9/site-packages/airflow/example_dags/example_kubernetes_executor.py
[2023-08-14T14:09:37.047+0300] {logging_mixin.py:150} INFO - [2023-08-14T14:09:37.046+0300] {example_kubernetes_executor.py:41} WARNING - The example_kubernetes_executor example DAG requires the kubernetes provider. Please install it with: pip install apache-airflow[cncf.kubernetes]
[2023-08-14T14:09:37.060+0300] {processor.py:838} WARNING - No viable dags retrieved from /home/soamariaka/.local/lib/python3.9/site-packages/airflow/example_dags/example_kubernetes_executor.py
[2023-08-14T14:09:37.079+0300] {processor.py:179} INFO - Processing /home/soamariaka/.local/lib/python3.9/site-packages/airflow/example_dags/example_kubernetes_executor.py took 0.071 seconds
[2023-08-14T14:11:15.859+0300] {processor.py:157} INFO - Started process (PID=14997) to work on /home/soamariaka/.local/lib/python3.9/site-packages/airflow/example_dags/example_kubernetes_executor.py
[2023-08-14T14:11:15.926+0300] {processor.py:826} INFO - Processing file /home/soamariaka/.local/lib/python3.9/site-packages/airflow/example_dags/example_kubernetes_executor.py for tasks to queue
[2023-08-14T14:11:15.928+0300] {logging_mixin.py:150} INFO - [2023-08-14T14:11:15.927+0300] {dagbag.py:541} INFO - Filling up the DagBag from /home/soamariaka/.local/lib/python3.9/site-packages/airflow/example_dags/example_kubernetes_executor.py
[2023-08-14T14:11:15.934+0300] {logging_mixin.py:150} INFO - [2023-08-14T14:11:15.933+0300] {example_kubernetes_executor.py:41} WARNING - The example_kubernetes_executor example DAG requires the kubernetes provider. Please install it with: pip install apache-airflow[cncf.kubernetes]
[2023-08-14T14:11:15.934+0300] {processor.py:838} WARNING - No viable dags retrieved from /home/soamariaka/.local/lib/python3.9/site-packages/airflow/example_dags/example_kubernetes_executor.py
[2023-08-14T14:11:15.951+0300] {processor.py:179} INFO - Processing /home/soamariaka/.local/lib/python3.9/site-packages/airflow/example_dags/example_kubernetes_executor.py took 0.099 seconds
[2023-08-14T14:12:41.228+0300] {processor.py:157} INFO - Started process (PID=15161) to work on /home/soamariaka/.local/lib/python3.9/site-packages/airflow/example_dags/example_kubernetes_executor.py
[2023-08-14T14:12:41.241+0300] {processor.py:826} INFO - Processing file /home/soamariaka/.local/lib/python3.9/site-packages/airflow/example_dags/example_kubernetes_executor.py for tasks to queue
[2023-08-14T14:12:41.243+0300] {logging_mixin.py:150} INFO - [2023-08-14T14:12:41.242+0300] {dagbag.py:541} INFO - Filling up the DagBag from /home/soamariaka/.local/lib/python3.9/site-packages/airflow/example_dags/example_kubernetes_executor.py
[2023-08-14T14:12:41.248+0300] {logging_mixin.py:150} INFO - [2023-08-14T14:12:41.248+0300] {example_kubernetes_executor.py:41} WARNING - The example_kubernetes_executor example DAG requires the kubernetes provider. Please install it with: pip install apache-airflow[cncf.kubernetes]
[2023-08-14T14:12:41.249+0300] {processor.py:838} WARNING - No viable dags retrieved from /home/soamariaka/.local/lib/python3.9/site-packages/airflow/example_dags/example_kubernetes_executor.py
[2023-08-14T14:12:41.266+0300] {processor.py:179} INFO - Processing /home/soamariaka/.local/lib/python3.9/site-packages/airflow/example_dags/example_kubernetes_executor.py took 0.044 seconds
[2023-08-14T14:13:39.996+0300] {processor.py:157} INFO - Started process (PID=15288) to work on /home/soamariaka/.local/lib/python3.9/site-packages/airflow/example_dags/example_kubernetes_executor.py
[2023-08-14T14:13:39.999+0300] {processor.py:826} INFO - Processing file /home/soamariaka/.local/lib/python3.9/site-packages/airflow/example_dags/example_kubernetes_executor.py for tasks to queue
[2023-08-14T14:13:40.000+0300] {logging_mixin.py:150} INFO - [2023-08-14T14:13:39.999+0300] {dagbag.py:541} INFO - Filling up the DagBag from /home/soamariaka/.local/lib/python3.9/site-packages/airflow/example_dags/example_kubernetes_executor.py
[2023-08-14T14:13:40.005+0300] {logging_mixin.py:150} INFO - [2023-08-14T14:13:40.005+0300] {example_kubernetes_executor.py:41} WARNING - The example_kubernetes_executor example DAG requires the kubernetes provider. Please install it with: pip install apache-airflow[cncf.kubernetes]
[2023-08-14T14:13:40.005+0300] {processor.py:838} WARNING - No viable dags retrieved from /home/soamariaka/.local/lib/python3.9/site-packages/airflow/example_dags/example_kubernetes_executor.py
[2023-08-14T14:13:40.021+0300] {processor.py:179} INFO - Processing /home/soamariaka/.local/lib/python3.9/site-packages/airflow/example_dags/example_kubernetes_executor.py took 0.031 seconds
[2023-08-14T14:14:46.938+0300] {processor.py:157} INFO - Started process (PID=15379) to work on /home/soamariaka/.local/lib/python3.9/site-packages/airflow/example_dags/example_kubernetes_executor.py
[2023-08-14T14:14:46.940+0300] {processor.py:826} INFO - Processing file /home/soamariaka/.local/lib/python3.9/site-packages/airflow/example_dags/example_kubernetes_executor.py for tasks to queue
[2023-08-14T14:14:46.941+0300] {logging_mixin.py:150} INFO - [2023-08-14T14:14:46.941+0300] {dagbag.py:541} INFO - Filling up the DagBag from /home/soamariaka/.local/lib/python3.9/site-packages/airflow/example_dags/example_kubernetes_executor.py
[2023-08-14T14:14:46.947+0300] {logging_mixin.py:150} INFO - [2023-08-14T14:14:46.947+0300] {example_kubernetes_executor.py:41} WARNING - The example_kubernetes_executor example DAG requires the kubernetes provider. Please install it with: pip install apache-airflow[cncf.kubernetes]
[2023-08-14T14:14:46.962+0300] {processor.py:838} WARNING - No viable dags retrieved from /home/soamariaka/.local/lib/python3.9/site-packages/airflow/example_dags/example_kubernetes_executor.py
[2023-08-14T14:14:46.981+0300] {processor.py:179} INFO - Processing /home/soamariaka/.local/lib/python3.9/site-packages/airflow/example_dags/example_kubernetes_executor.py took 0.048 seconds
[2023-08-14T14:15:47.071+0300] {processor.py:157} INFO - Started process (PID=15573) to work on /home/soamariaka/.local/lib/python3.9/site-packages/airflow/example_dags/example_kubernetes_executor.py
[2023-08-14T14:15:47.074+0300] {processor.py:826} INFO - Processing file /home/soamariaka/.local/lib/python3.9/site-packages/airflow/example_dags/example_kubernetes_executor.py for tasks to queue
[2023-08-14T14:15:47.077+0300] {logging_mixin.py:150} INFO - [2023-08-14T14:15:47.076+0300] {dagbag.py:541} INFO - Filling up the DagBag from /home/soamariaka/.local/lib/python3.9/site-packages/airflow/example_dags/example_kubernetes_executor.py
[2023-08-14T14:15:47.083+0300] {logging_mixin.py:150} INFO - [2023-08-14T14:15:47.083+0300] {example_kubernetes_executor.py:41} WARNING - The example_kubernetes_executor example DAG requires the kubernetes provider. Please install it with: pip install apache-airflow[cncf.kubernetes]
[2023-08-14T14:15:47.084+0300] {processor.py:838} WARNING - No viable dags retrieved from /home/soamariaka/.local/lib/python3.9/site-packages/airflow/example_dags/example_kubernetes_executor.py
[2023-08-14T14:15:47.102+0300] {processor.py:179} INFO - Processing /home/soamariaka/.local/lib/python3.9/site-packages/airflow/example_dags/example_kubernetes_executor.py took 0.038 seconds
[2023-08-14T14:16:51.659+0300] {processor.py:157} INFO - Started process (PID=15651) to work on /home/soamariaka/.local/lib/python3.9/site-packages/airflow/example_dags/example_kubernetes_executor.py
[2023-08-14T14:16:51.661+0300] {processor.py:826} INFO - Processing file /home/soamariaka/.local/lib/python3.9/site-packages/airflow/example_dags/example_kubernetes_executor.py for tasks to queue
[2023-08-14T14:16:51.662+0300] {logging_mixin.py:150} INFO - [2023-08-14T14:16:51.661+0300] {dagbag.py:541} INFO - Filling up the DagBag from /home/soamariaka/.local/lib/python3.9/site-packages/airflow/example_dags/example_kubernetes_executor.py
[2023-08-14T14:16:51.667+0300] {logging_mixin.py:150} INFO - [2023-08-14T14:16:51.667+0300] {example_kubernetes_executor.py:41} WARNING - The example_kubernetes_executor example DAG requires the kubernetes provider. Please install it with: pip install apache-airflow[cncf.kubernetes]
[2023-08-14T14:16:51.667+0300] {processor.py:838} WARNING - No viable dags retrieved from /home/soamariaka/.local/lib/python3.9/site-packages/airflow/example_dags/example_kubernetes_executor.py
[2023-08-14T14:16:51.682+0300] {processor.py:179} INFO - Processing /home/soamariaka/.local/lib/python3.9/site-packages/airflow/example_dags/example_kubernetes_executor.py took 0.028 seconds
[2023-08-14T14:17:59.640+0300] {processor.py:157} INFO - Started process (PID=15773) to work on /home/soamariaka/.local/lib/python3.9/site-packages/airflow/example_dags/example_kubernetes_executor.py
[2023-08-14T14:17:59.743+0300] {processor.py:826} INFO - Processing file /home/soamariaka/.local/lib/python3.9/site-packages/airflow/example_dags/example_kubernetes_executor.py for tasks to queue
[2023-08-14T14:17:59.744+0300] {logging_mixin.py:150} INFO - [2023-08-14T14:17:59.744+0300] {dagbag.py:541} INFO - Filling up the DagBag from /home/soamariaka/.local/lib/python3.9/site-packages/airflow/example_dags/example_kubernetes_executor.py
[2023-08-14T14:17:59.748+0300] {logging_mixin.py:150} INFO - [2023-08-14T14:17:59.748+0300] {example_kubernetes_executor.py:41} WARNING - The example_kubernetes_executor example DAG requires the kubernetes provider. Please install it with: pip install apache-airflow[cncf.kubernetes]
[2023-08-14T14:17:59.749+0300] {processor.py:838} WARNING - No viable dags retrieved from /home/soamariaka/.local/lib/python3.9/site-packages/airflow/example_dags/example_kubernetes_executor.py
[2023-08-14T14:17:59.763+0300] {processor.py:179} INFO - Processing /home/soamariaka/.local/lib/python3.9/site-packages/airflow/example_dags/example_kubernetes_executor.py took 0.127 seconds
[2023-08-14T14:19:18.784+0300] {processor.py:157} INFO - Started process (PID=15946) to work on /home/soamariaka/.local/lib/python3.9/site-packages/airflow/example_dags/example_kubernetes_executor.py
[2023-08-14T14:19:18.786+0300] {processor.py:826} INFO - Processing file /home/soamariaka/.local/lib/python3.9/site-packages/airflow/example_dags/example_kubernetes_executor.py for tasks to queue
[2023-08-14T14:19:18.788+0300] {logging_mixin.py:150} INFO - [2023-08-14T14:19:18.787+0300] {dagbag.py:541} INFO - Filling up the DagBag from /home/soamariaka/.local/lib/python3.9/site-packages/airflow/example_dags/example_kubernetes_executor.py
[2023-08-14T14:19:18.793+0300] {logging_mixin.py:150} INFO - [2023-08-14T14:19:18.793+0300] {example_kubernetes_executor.py:41} WARNING - The example_kubernetes_executor example DAG requires the kubernetes provider. Please install it with: pip install apache-airflow[cncf.kubernetes]
[2023-08-14T14:19:18.794+0300] {processor.py:838} WARNING - No viable dags retrieved from /home/soamariaka/.local/lib/python3.9/site-packages/airflow/example_dags/example_kubernetes_executor.py
[2023-08-14T14:19:18.811+0300] {processor.py:179} INFO - Processing /home/soamariaka/.local/lib/python3.9/site-packages/airflow/example_dags/example_kubernetes_executor.py took 0.033 seconds
[2023-08-14T14:20:24.580+0300] {processor.py:157} INFO - Started process (PID=16040) to work on /home/soamariaka/.local/lib/python3.9/site-packages/airflow/example_dags/example_kubernetes_executor.py
[2023-08-14T14:20:24.603+0300] {processor.py:826} INFO - Processing file /home/soamariaka/.local/lib/python3.9/site-packages/airflow/example_dags/example_kubernetes_executor.py for tasks to queue
[2023-08-14T14:20:24.605+0300] {logging_mixin.py:150} INFO - [2023-08-14T14:20:24.604+0300] {dagbag.py:541} INFO - Filling up the DagBag from /home/soamariaka/.local/lib/python3.9/site-packages/airflow/example_dags/example_kubernetes_executor.py
[2023-08-14T14:20:24.610+0300] {logging_mixin.py:150} INFO - [2023-08-14T14:20:24.610+0300] {example_kubernetes_executor.py:41} WARNING - The example_kubernetes_executor example DAG requires the kubernetes provider. Please install it with: pip install apache-airflow[cncf.kubernetes]
[2023-08-14T14:20:24.611+0300] {processor.py:838} WARNING - No viable dags retrieved from /home/soamariaka/.local/lib/python3.9/site-packages/airflow/example_dags/example_kubernetes_executor.py
[2023-08-14T14:20:24.629+0300] {processor.py:179} INFO - Processing /home/soamariaka/.local/lib/python3.9/site-packages/airflow/example_dags/example_kubernetes_executor.py took 0.055 seconds
[2023-08-14T14:22:01.841+0300] {processor.py:157} INFO - Started process (PID=16123) to work on /home/soamariaka/.local/lib/python3.9/site-packages/airflow/example_dags/example_kubernetes_executor.py
[2023-08-14T14:22:01.868+0300] {processor.py:826} INFO - Processing file /home/soamariaka/.local/lib/python3.9/site-packages/airflow/example_dags/example_kubernetes_executor.py for tasks to queue
[2023-08-14T14:22:01.869+0300] {logging_mixin.py:150} INFO - [2023-08-14T14:22:01.869+0300] {dagbag.py:541} INFO - Filling up the DagBag from /home/soamariaka/.local/lib/python3.9/site-packages/airflow/example_dags/example_kubernetes_executor.py
[2023-08-14T14:22:01.875+0300] {logging_mixin.py:150} INFO - [2023-08-14T14:22:01.874+0300] {example_kubernetes_executor.py:41} WARNING - The example_kubernetes_executor example DAG requires the kubernetes provider. Please install it with: pip install apache-airflow[cncf.kubernetes]
[2023-08-14T14:22:01.875+0300] {processor.py:838} WARNING - No viable dags retrieved from /home/soamariaka/.local/lib/python3.9/site-packages/airflow/example_dags/example_kubernetes_executor.py
[2023-08-14T14:22:01.893+0300] {processor.py:179} INFO - Processing /home/soamariaka/.local/lib/python3.9/site-packages/airflow/example_dags/example_kubernetes_executor.py took 0.058 seconds
[2023-08-14T14:23:00.528+0300] {processor.py:157} INFO - Started process (PID=16178) to work on /home/soamariaka/.local/lib/python3.9/site-packages/airflow/example_dags/example_kubernetes_executor.py
[2023-08-14T14:23:00.554+0300] {processor.py:826} INFO - Processing file /home/soamariaka/.local/lib/python3.9/site-packages/airflow/example_dags/example_kubernetes_executor.py for tasks to queue
[2023-08-14T14:23:00.555+0300] {logging_mixin.py:150} INFO - [2023-08-14T14:23:00.555+0300] {dagbag.py:541} INFO - Filling up the DagBag from /home/soamariaka/.local/lib/python3.9/site-packages/airflow/example_dags/example_kubernetes_executor.py
[2023-08-14T14:23:00.561+0300] {logging_mixin.py:150} INFO - [2023-08-14T14:23:00.561+0300] {example_kubernetes_executor.py:41} WARNING - The example_kubernetes_executor example DAG requires the kubernetes provider. Please install it with: pip install apache-airflow[cncf.kubernetes]
[2023-08-14T14:23:00.562+0300] {processor.py:838} WARNING - No viable dags retrieved from /home/soamariaka/.local/lib/python3.9/site-packages/airflow/example_dags/example_kubernetes_executor.py
[2023-08-14T14:23:00.581+0300] {processor.py:179} INFO - Processing /home/soamariaka/.local/lib/python3.9/site-packages/airflow/example_dags/example_kubernetes_executor.py took 0.058 seconds
[2023-08-14T14:24:03.616+0300] {processor.py:157} INFO - Started process (PID=16245) to work on /home/soamariaka/.local/lib/python3.9/site-packages/airflow/example_dags/example_kubernetes_executor.py
[2023-08-14T14:24:03.619+0300] {processor.py:826} INFO - Processing file /home/soamariaka/.local/lib/python3.9/site-packages/airflow/example_dags/example_kubernetes_executor.py for tasks to queue
[2023-08-14T14:24:03.620+0300] {logging_mixin.py:150} INFO - [2023-08-14T14:24:03.620+0300] {dagbag.py:541} INFO - Filling up the DagBag from /home/soamariaka/.local/lib/python3.9/site-packages/airflow/example_dags/example_kubernetes_executor.py
[2023-08-14T14:24:03.626+0300] {logging_mixin.py:150} INFO - [2023-08-14T14:24:03.625+0300] {example_kubernetes_executor.py:41} WARNING - The example_kubernetes_executor example DAG requires the kubernetes provider. Please install it with: pip install apache-airflow[cncf.kubernetes]
[2023-08-14T14:24:03.626+0300] {processor.py:838} WARNING - No viable dags retrieved from /home/soamariaka/.local/lib/python3.9/site-packages/airflow/example_dags/example_kubernetes_executor.py
[2023-08-14T14:24:03.643+0300] {processor.py:179} INFO - Processing /home/soamariaka/.local/lib/python3.9/site-packages/airflow/example_dags/example_kubernetes_executor.py took 0.032 seconds
[2023-08-14T14:25:01.133+0300] {processor.py:157} INFO - Started process (PID=16545) to work on /home/soamariaka/.local/lib/python3.9/site-packages/airflow/example_dags/example_kubernetes_executor.py
[2023-08-14T14:25:01.135+0300] {processor.py:826} INFO - Processing file /home/soamariaka/.local/lib/python3.9/site-packages/airflow/example_dags/example_kubernetes_executor.py for tasks to queue
[2023-08-14T14:25:01.137+0300] {logging_mixin.py:150} INFO - [2023-08-14T14:25:01.136+0300] {dagbag.py:541} INFO - Filling up the DagBag from /home/soamariaka/.local/lib/python3.9/site-packages/airflow/example_dags/example_kubernetes_executor.py
[2023-08-14T14:25:01.142+0300] {logging_mixin.py:150} INFO - [2023-08-14T14:25:01.142+0300] {example_kubernetes_executor.py:41} WARNING - The example_kubernetes_executor example DAG requires the kubernetes provider. Please install it with: pip install apache-airflow[cncf.kubernetes]
[2023-08-14T14:25:01.143+0300] {processor.py:838} WARNING - No viable dags retrieved from /home/soamariaka/.local/lib/python3.9/site-packages/airflow/example_dags/example_kubernetes_executor.py
[2023-08-14T14:25:01.160+0300] {processor.py:179} INFO - Processing /home/soamariaka/.local/lib/python3.9/site-packages/airflow/example_dags/example_kubernetes_executor.py took 0.033 seconds
[2023-08-14T14:26:04.236+0300] {processor.py:157} INFO - Started process (PID=16708) to work on /home/soamariaka/.local/lib/python3.9/site-packages/airflow/example_dags/example_kubernetes_executor.py
[2023-08-14T14:26:04.247+0300] {processor.py:826} INFO - Processing file /home/soamariaka/.local/lib/python3.9/site-packages/airflow/example_dags/example_kubernetes_executor.py for tasks to queue
[2023-08-14T14:26:04.249+0300] {logging_mixin.py:150} INFO - [2023-08-14T14:26:04.248+0300] {dagbag.py:541} INFO - Filling up the DagBag from /home/soamariaka/.local/lib/python3.9/site-packages/airflow/example_dags/example_kubernetes_executor.py
[2023-08-14T14:26:04.254+0300] {logging_mixin.py:150} INFO - [2023-08-14T14:26:04.254+0300] {example_kubernetes_executor.py:41} WARNING - The example_kubernetes_executor example DAG requires the kubernetes provider. Please install it with: pip install apache-airflow[cncf.kubernetes]
[2023-08-14T14:26:04.255+0300] {processor.py:838} WARNING - No viable dags retrieved from /home/soamariaka/.local/lib/python3.9/site-packages/airflow/example_dags/example_kubernetes_executor.py
[2023-08-14T14:26:04.273+0300] {processor.py:179} INFO - Processing /home/soamariaka/.local/lib/python3.9/site-packages/airflow/example_dags/example_kubernetes_executor.py took 0.042 seconds
[2023-08-14T14:27:03.048+0300] {processor.py:157} INFO - Started process (PID=16762) to work on /home/soamariaka/.local/lib/python3.9/site-packages/airflow/example_dags/example_kubernetes_executor.py
[2023-08-14T14:27:03.050+0300] {processor.py:826} INFO - Processing file /home/soamariaka/.local/lib/python3.9/site-packages/airflow/example_dags/example_kubernetes_executor.py for tasks to queue
[2023-08-14T14:27:03.052+0300] {logging_mixin.py:150} INFO - [2023-08-14T14:27:03.051+0300] {dagbag.py:541} INFO - Filling up the DagBag from /home/soamariaka/.local/lib/python3.9/site-packages/airflow/example_dags/example_kubernetes_executor.py
[2023-08-14T14:27:03.057+0300] {logging_mixin.py:150} INFO - [2023-08-14T14:27:03.057+0300] {example_kubernetes_executor.py:41} WARNING - The example_kubernetes_executor example DAG requires the kubernetes provider. Please install it with: pip install apache-airflow[cncf.kubernetes]
[2023-08-14T14:27:03.058+0300] {processor.py:838} WARNING - No viable dags retrieved from /home/soamariaka/.local/lib/python3.9/site-packages/airflow/example_dags/example_kubernetes_executor.py
[2023-08-14T14:27:03.074+0300] {processor.py:179} INFO - Processing /home/soamariaka/.local/lib/python3.9/site-packages/airflow/example_dags/example_kubernetes_executor.py took 0.031 seconds
[2023-08-14T14:28:03.705+0300] {processor.py:157} INFO - Started process (PID=16884) to work on /home/soamariaka/.local/lib/python3.9/site-packages/airflow/example_dags/example_kubernetes_executor.py
[2023-08-14T14:28:03.782+0300] {processor.py:826} INFO - Processing file /home/soamariaka/.local/lib/python3.9/site-packages/airflow/example_dags/example_kubernetes_executor.py for tasks to queue
[2023-08-14T14:28:03.784+0300] {logging_mixin.py:150} INFO - [2023-08-14T14:28:03.783+0300] {dagbag.py:541} INFO - Filling up the DagBag from /home/soamariaka/.local/lib/python3.9/site-packages/airflow/example_dags/example_kubernetes_executor.py
[2023-08-14T14:28:03.791+0300] {logging_mixin.py:150} INFO - [2023-08-14T14:28:03.791+0300] {example_kubernetes_executor.py:41} WARNING - The example_kubernetes_executor example DAG requires the kubernetes provider. Please install it with: pip install apache-airflow[cncf.kubernetes]
[2023-08-14T14:28:03.792+0300] {processor.py:838} WARNING - No viable dags retrieved from /home/soamariaka/.local/lib/python3.9/site-packages/airflow/example_dags/example_kubernetes_executor.py
[2023-08-14T14:28:03.810+0300] {processor.py:179} INFO - Processing /home/soamariaka/.local/lib/python3.9/site-packages/airflow/example_dags/example_kubernetes_executor.py took 0.113 seconds
[2023-08-14T14:29:07.282+0300] {processor.py:157} INFO - Started process (PID=17043) to work on /home/soamariaka/.local/lib/python3.9/site-packages/airflow/example_dags/example_kubernetes_executor.py
[2023-08-14T14:29:07.284+0300] {processor.py:826} INFO - Processing file /home/soamariaka/.local/lib/python3.9/site-packages/airflow/example_dags/example_kubernetes_executor.py for tasks to queue
[2023-08-14T14:29:07.286+0300] {logging_mixin.py:150} INFO - [2023-08-14T14:29:07.285+0300] {dagbag.py:541} INFO - Filling up the DagBag from /home/soamariaka/.local/lib/python3.9/site-packages/airflow/example_dags/example_kubernetes_executor.py
[2023-08-14T14:29:07.292+0300] {logging_mixin.py:150} INFO - [2023-08-14T14:29:07.292+0300] {example_kubernetes_executor.py:41} WARNING - The example_kubernetes_executor example DAG requires the kubernetes provider. Please install it with: pip install apache-airflow[cncf.kubernetes]
[2023-08-14T14:29:07.293+0300] {processor.py:838} WARNING - No viable dags retrieved from /home/soamariaka/.local/lib/python3.9/site-packages/airflow/example_dags/example_kubernetes_executor.py
[2023-08-14T14:29:07.309+0300] {processor.py:179} INFO - Processing /home/soamariaka/.local/lib/python3.9/site-packages/airflow/example_dags/example_kubernetes_executor.py took 0.033 seconds
[2023-08-14T14:30:04.861+0300] {processor.py:157} INFO - Started process (PID=17181) to work on /home/soamariaka/.local/lib/python3.9/site-packages/airflow/example_dags/example_kubernetes_executor.py
[2023-08-14T14:30:04.863+0300] {processor.py:826} INFO - Processing file /home/soamariaka/.local/lib/python3.9/site-packages/airflow/example_dags/example_kubernetes_executor.py for tasks to queue
[2023-08-14T14:30:04.865+0300] {logging_mixin.py:150} INFO - [2023-08-14T14:30:04.864+0300] {dagbag.py:541} INFO - Filling up the DagBag from /home/soamariaka/.local/lib/python3.9/site-packages/airflow/example_dags/example_kubernetes_executor.py
[2023-08-14T14:30:04.870+0300] {logging_mixin.py:150} INFO - [2023-08-14T14:30:04.870+0300] {example_kubernetes_executor.py:41} WARNING - The example_kubernetes_executor example DAG requires the kubernetes provider. Please install it with: pip install apache-airflow[cncf.kubernetes]
[2023-08-14T14:30:04.871+0300] {processor.py:838} WARNING - No viable dags retrieved from /home/soamariaka/.local/lib/python3.9/site-packages/airflow/example_dags/example_kubernetes_executor.py
[2023-08-14T14:30:04.888+0300] {processor.py:179} INFO - Processing /home/soamariaka/.local/lib/python3.9/site-packages/airflow/example_dags/example_kubernetes_executor.py took 0.033 seconds
[2023-08-14T14:31:29.112+0300] {processor.py:157} INFO - Started process (PID=17320) to work on /home/soamariaka/.local/lib/python3.9/site-packages/airflow/example_dags/example_kubernetes_executor.py
[2023-08-14T14:31:29.145+0300] {processor.py:826} INFO - Processing file /home/soamariaka/.local/lib/python3.9/site-packages/airflow/example_dags/example_kubernetes_executor.py for tasks to queue
[2023-08-14T14:31:29.147+0300] {logging_mixin.py:150} INFO - [2023-08-14T14:31:29.146+0300] {dagbag.py:541} INFO - Filling up the DagBag from /home/soamariaka/.local/lib/python3.9/site-packages/airflow/example_dags/example_kubernetes_executor.py
[2023-08-14T14:31:29.152+0300] {logging_mixin.py:150} INFO - [2023-08-14T14:31:29.152+0300] {example_kubernetes_executor.py:41} WARNING - The example_kubernetes_executor example DAG requires the kubernetes provider. Please install it with: pip install apache-airflow[cncf.kubernetes]
[2023-08-14T14:31:29.153+0300] {processor.py:838} WARNING - No viable dags retrieved from /home/soamariaka/.local/lib/python3.9/site-packages/airflow/example_dags/example_kubernetes_executor.py
[2023-08-14T14:31:29.170+0300] {processor.py:179} INFO - Processing /home/soamariaka/.local/lib/python3.9/site-packages/airflow/example_dags/example_kubernetes_executor.py took 0.063 seconds
[2023-08-14T14:32:29.282+0300] {processor.py:157} INFO - Started process (PID=17441) to work on /home/soamariaka/.local/lib/python3.9/site-packages/airflow/example_dags/example_kubernetes_executor.py
[2023-08-14T14:32:29.284+0300] {processor.py:826} INFO - Processing file /home/soamariaka/.local/lib/python3.9/site-packages/airflow/example_dags/example_kubernetes_executor.py for tasks to queue
[2023-08-14T14:32:29.286+0300] {logging_mixin.py:150} INFO - [2023-08-14T14:32:29.285+0300] {dagbag.py:541} INFO - Filling up the DagBag from /home/soamariaka/.local/lib/python3.9/site-packages/airflow/example_dags/example_kubernetes_executor.py
[2023-08-14T14:32:29.291+0300] {logging_mixin.py:150} INFO - [2023-08-14T14:32:29.291+0300] {example_kubernetes_executor.py:41} WARNING - The example_kubernetes_executor example DAG requires the kubernetes provider. Please install it with: pip install apache-airflow[cncf.kubernetes]
[2023-08-14T14:32:29.292+0300] {processor.py:838} WARNING - No viable dags retrieved from /home/soamariaka/.local/lib/python3.9/site-packages/airflow/example_dags/example_kubernetes_executor.py
[2023-08-14T14:32:29.309+0300] {processor.py:179} INFO - Processing /home/soamariaka/.local/lib/python3.9/site-packages/airflow/example_dags/example_kubernetes_executor.py took 0.033 seconds
[2023-08-14T14:33:28.621+0300] {processor.py:157} INFO - Started process (PID=17559) to work on /home/soamariaka/.local/lib/python3.9/site-packages/airflow/example_dags/example_kubernetes_executor.py
[2023-08-14T14:33:28.624+0300] {processor.py:826} INFO - Processing file /home/soamariaka/.local/lib/python3.9/site-packages/airflow/example_dags/example_kubernetes_executor.py for tasks to queue
[2023-08-14T14:33:28.625+0300] {logging_mixin.py:150} INFO - [2023-08-14T14:33:28.625+0300] {dagbag.py:541} INFO - Filling up the DagBag from /home/soamariaka/.local/lib/python3.9/site-packages/airflow/example_dags/example_kubernetes_executor.py
[2023-08-14T14:33:28.631+0300] {logging_mixin.py:150} INFO - [2023-08-14T14:33:28.631+0300] {example_kubernetes_executor.py:41} WARNING - The example_kubernetes_executor example DAG requires the kubernetes provider. Please install it with: pip install apache-airflow[cncf.kubernetes]
[2023-08-14T14:33:28.631+0300] {processor.py:838} WARNING - No viable dags retrieved from /home/soamariaka/.local/lib/python3.9/site-packages/airflow/example_dags/example_kubernetes_executor.py
[2023-08-14T14:33:28.648+0300] {processor.py:179} INFO - Processing /home/soamariaka/.local/lib/python3.9/site-packages/airflow/example_dags/example_kubernetes_executor.py took 0.033 seconds
[2023-08-14T14:34:28.269+0300] {processor.py:157} INFO - Started process (PID=17613) to work on /home/soamariaka/.local/lib/python3.9/site-packages/airflow/example_dags/example_kubernetes_executor.py
[2023-08-14T14:34:28.272+0300] {processor.py:826} INFO - Processing file /home/soamariaka/.local/lib/python3.9/site-packages/airflow/example_dags/example_kubernetes_executor.py for tasks to queue
[2023-08-14T14:34:28.273+0300] {logging_mixin.py:150} INFO - [2023-08-14T14:34:28.273+0300] {dagbag.py:541} INFO - Filling up the DagBag from /home/soamariaka/.local/lib/python3.9/site-packages/airflow/example_dags/example_kubernetes_executor.py
[2023-08-14T14:34:28.279+0300] {logging_mixin.py:150} INFO - [2023-08-14T14:34:28.278+0300] {example_kubernetes_executor.py:41} WARNING - The example_kubernetes_executor example DAG requires the kubernetes provider. Please install it with: pip install apache-airflow[cncf.kubernetes]
[2023-08-14T14:34:28.279+0300] {processor.py:838} WARNING - No viable dags retrieved from /home/soamariaka/.local/lib/python3.9/site-packages/airflow/example_dags/example_kubernetes_executor.py
[2023-08-14T14:34:28.297+0300] {processor.py:179} INFO - Processing /home/soamariaka/.local/lib/python3.9/site-packages/airflow/example_dags/example_kubernetes_executor.py took 0.034 seconds
[2023-08-14T14:35:55.864+0300] {processor.py:157} INFO - Started process (PID=17899) to work on /home/soamariaka/.local/lib/python3.9/site-packages/airflow/example_dags/example_kubernetes_executor.py
[2023-08-14T14:35:55.866+0300] {processor.py:826} INFO - Processing file /home/soamariaka/.local/lib/python3.9/site-packages/airflow/example_dags/example_kubernetes_executor.py for tasks to queue
[2023-08-14T14:35:55.867+0300] {logging_mixin.py:150} INFO - [2023-08-14T14:35:55.867+0300] {dagbag.py:541} INFO - Filling up the DagBag from /home/soamariaka/.local/lib/python3.9/site-packages/airflow/example_dags/example_kubernetes_executor.py
[2023-08-14T14:35:55.873+0300] {logging_mixin.py:150} INFO - [2023-08-14T14:35:55.873+0300] {example_kubernetes_executor.py:41} WARNING - The example_kubernetes_executor example DAG requires the kubernetes provider. Please install it with: pip install apache-airflow[cncf.kubernetes]
[2023-08-14T14:35:55.873+0300] {processor.py:838} WARNING - No viable dags retrieved from /home/soamariaka/.local/lib/python3.9/site-packages/airflow/example_dags/example_kubernetes_executor.py
[2023-08-14T14:35:55.890+0300] {processor.py:179} INFO - Processing /home/soamariaka/.local/lib/python3.9/site-packages/airflow/example_dags/example_kubernetes_executor.py took 0.032 seconds
[2023-08-14T14:37:36.400+0300] {processor.py:157} INFO - Started process (PID=18128) to work on /home/soamariaka/.local/lib/python3.9/site-packages/airflow/example_dags/example_kubernetes_executor.py
[2023-08-14T14:37:36.453+0300] {processor.py:826} INFO - Processing file /home/soamariaka/.local/lib/python3.9/site-packages/airflow/example_dags/example_kubernetes_executor.py for tasks to queue
[2023-08-14T14:37:36.454+0300] {logging_mixin.py:150} INFO - [2023-08-14T14:37:36.454+0300] {dagbag.py:541} INFO - Filling up the DagBag from /home/soamariaka/.local/lib/python3.9/site-packages/airflow/example_dags/example_kubernetes_executor.py
[2023-08-14T14:37:36.460+0300] {logging_mixin.py:150} INFO - [2023-08-14T14:37:36.460+0300] {example_kubernetes_executor.py:41} WARNING - The example_kubernetes_executor example DAG requires the kubernetes provider. Please install it with: pip install apache-airflow[cncf.kubernetes]
[2023-08-14T14:37:36.461+0300] {processor.py:838} WARNING - No viable dags retrieved from /home/soamariaka/.local/lib/python3.9/site-packages/airflow/example_dags/example_kubernetes_executor.py
[2023-08-14T14:37:36.479+0300] {processor.py:179} INFO - Processing /home/soamariaka/.local/lib/python3.9/site-packages/airflow/example_dags/example_kubernetes_executor.py took 0.084 seconds
[2023-08-14T14:38:36.965+0300] {processor.py:157} INFO - Started process (PID=18248) to work on /home/soamariaka/.local/lib/python3.9/site-packages/airflow/example_dags/example_kubernetes_executor.py
[2023-08-14T14:38:36.967+0300] {processor.py:826} INFO - Processing file /home/soamariaka/.local/lib/python3.9/site-packages/airflow/example_dags/example_kubernetes_executor.py for tasks to queue
[2023-08-14T14:38:36.968+0300] {logging_mixin.py:150} INFO - [2023-08-14T14:38:36.968+0300] {dagbag.py:541} INFO - Filling up the DagBag from /home/soamariaka/.local/lib/python3.9/site-packages/airflow/example_dags/example_kubernetes_executor.py
[2023-08-14T14:38:36.974+0300] {logging_mixin.py:150} INFO - [2023-08-14T14:38:36.973+0300] {example_kubernetes_executor.py:41} WARNING - The example_kubernetes_executor example DAG requires the kubernetes provider. Please install it with: pip install apache-airflow[cncf.kubernetes]
[2023-08-14T14:38:36.974+0300] {processor.py:838} WARNING - No viable dags retrieved from /home/soamariaka/.local/lib/python3.9/site-packages/airflow/example_dags/example_kubernetes_executor.py
[2023-08-14T14:38:36.992+0300] {processor.py:179} INFO - Processing /home/soamariaka/.local/lib/python3.9/site-packages/airflow/example_dags/example_kubernetes_executor.py took 0.032 seconds
[2023-08-14T14:39:42.840+0300] {processor.py:157} INFO - Started process (PID=18403) to work on /home/soamariaka/.local/lib/python3.9/site-packages/airflow/example_dags/example_kubernetes_executor.py
[2023-08-14T14:39:42.879+0300] {processor.py:826} INFO - Processing file /home/soamariaka/.local/lib/python3.9/site-packages/airflow/example_dags/example_kubernetes_executor.py for tasks to queue
[2023-08-14T14:39:42.880+0300] {logging_mixin.py:150} INFO - [2023-08-14T14:39:42.880+0300] {dagbag.py:541} INFO - Filling up the DagBag from /home/soamariaka/.local/lib/python3.9/site-packages/airflow/example_dags/example_kubernetes_executor.py
[2023-08-14T14:39:42.886+0300] {logging_mixin.py:150} INFO - [2023-08-14T14:39:42.886+0300] {example_kubernetes_executor.py:41} WARNING - The example_kubernetes_executor example DAG requires the kubernetes provider. Please install it with: pip install apache-airflow[cncf.kubernetes]
[2023-08-14T14:39:42.886+0300] {processor.py:838} WARNING - No viable dags retrieved from /home/soamariaka/.local/lib/python3.9/site-packages/airflow/example_dags/example_kubernetes_executor.py
[2023-08-14T14:39:42.905+0300] {processor.py:179} INFO - Processing /home/soamariaka/.local/lib/python3.9/site-packages/airflow/example_dags/example_kubernetes_executor.py took 0.071 seconds
[2023-08-14T14:41:17.837+0300] {processor.py:157} INFO - Started process (PID=18691) to work on /home/soamariaka/.local/lib/python3.9/site-packages/airflow/example_dags/example_kubernetes_executor.py
[2023-08-14T14:41:18.184+0300] {processor.py:826} INFO - Processing file /home/soamariaka/.local/lib/python3.9/site-packages/airflow/example_dags/example_kubernetes_executor.py for tasks to queue
[2023-08-14T14:41:18.187+0300] {logging_mixin.py:150} INFO - [2023-08-14T14:41:18.186+0300] {dagbag.py:541} INFO - Filling up the DagBag from /home/soamariaka/.local/lib/python3.9/site-packages/airflow/example_dags/example_kubernetes_executor.py
[2023-08-14T14:41:18.192+0300] {logging_mixin.py:150} INFO - [2023-08-14T14:41:18.192+0300] {example_kubernetes_executor.py:41} WARNING - The example_kubernetes_executor example DAG requires the kubernetes provider. Please install it with: pip install apache-airflow[cncf.kubernetes]
[2023-08-14T14:41:18.193+0300] {processor.py:838} WARNING - No viable dags retrieved from /home/soamariaka/.local/lib/python3.9/site-packages/airflow/example_dags/example_kubernetes_executor.py
[2023-08-14T14:41:18.207+0300] {processor.py:179} INFO - Processing /home/soamariaka/.local/lib/python3.9/site-packages/airflow/example_dags/example_kubernetes_executor.py took 0.375 seconds
