[2023-08-14T13:33:25.442+0300] {processor.py:157} INFO - Started process (PID=10783) to work on /home/soamariaka/.local/lib/python3.9/site-packages/airflow/example_dags/example_dynamic_task_mapping_with_no_taskflow_operators.py
[2023-08-14T13:33:25.443+0300] {processor.py:826} INFO - Processing file /home/soamariaka/.local/lib/python3.9/site-packages/airflow/example_dags/example_dynamic_task_mapping_with_no_taskflow_operators.py for tasks to queue
[2023-08-14T13:33:25.445+0300] {logging_mixin.py:150} INFO - [2023-08-14T13:33:25.444+0300] {dagbag.py:541} INFO - Filling up the DagBag from /home/soamariaka/.local/lib/python3.9/site-packages/airflow/example_dags/example_dynamic_task_mapping_with_no_taskflow_operators.py
[2023-08-14T13:33:25.458+0300] {processor.py:836} INFO - DAG(s) dict_keys(['example_dynamic_task_mapping_with_no_taskflow_operators']) retrieved from /home/soamariaka/.local/lib/python3.9/site-packages/airflow/example_dags/example_dynamic_task_mapping_with_no_taskflow_operators.py
[2023-08-14T13:33:25.484+0300] {logging_mixin.py:150} INFO - [2023-08-14T13:33:25.483+0300] {dag.py:2742} INFO - Sync 1 DAGs
[2023-08-14T13:33:25.516+0300] {logging_mixin.py:150} INFO - [2023-08-14T13:33:25.515+0300] {dag.py:3504} INFO - Setting next_dagrun for example_dynamic_task_mapping_with_no_taskflow_operators to 2023-08-13T10:33:25.515566+00:00, run_after=2023-08-14T10:33:25.515566+00:00
[2023-08-14T13:33:25.672+0300] {processor.py:179} INFO - Processing /home/soamariaka/.local/lib/python3.9/site-packages/airflow/example_dags/example_dynamic_task_mapping_with_no_taskflow_operators.py took 0.236 seconds
[2023-08-14T13:34:56.792+0300] {processor.py:157} INFO - Started process (PID=10974) to work on /home/soamariaka/.local/lib/python3.9/site-packages/airflow/example_dags/example_dynamic_task_mapping_with_no_taskflow_operators.py
[2023-08-14T13:34:56.794+0300] {processor.py:826} INFO - Processing file /home/soamariaka/.local/lib/python3.9/site-packages/airflow/example_dags/example_dynamic_task_mapping_with_no_taskflow_operators.py for tasks to queue
[2023-08-14T13:34:56.796+0300] {logging_mixin.py:150} INFO - [2023-08-14T13:34:56.795+0300] {dagbag.py:541} INFO - Filling up the DagBag from /home/soamariaka/.local/lib/python3.9/site-packages/airflow/example_dags/example_dynamic_task_mapping_with_no_taskflow_operators.py
[2023-08-14T13:34:56.813+0300] {processor.py:836} INFO - DAG(s) dict_keys(['example_dynamic_task_mapping_with_no_taskflow_operators']) retrieved from /home/soamariaka/.local/lib/python3.9/site-packages/airflow/example_dags/example_dynamic_task_mapping_with_no_taskflow_operators.py
[2023-08-14T13:34:56.846+0300] {logging_mixin.py:150} INFO - [2023-08-14T13:34:56.845+0300] {dag.py:2742} INFO - Sync 1 DAGs
[2023-08-14T13:34:56.888+0300] {logging_mixin.py:150} INFO - [2023-08-14T13:34:56.888+0300] {dag.py:3504} INFO - Setting next_dagrun for example_dynamic_task_mapping_with_no_taskflow_operators to 2023-08-13T10:34:56.887565+00:00, run_after=2023-08-14T10:34:56.887565+00:00
[2023-08-14T13:34:57.099+0300] {processor.py:179} INFO - Processing /home/soamariaka/.local/lib/python3.9/site-packages/airflow/example_dags/example_dynamic_task_mapping_with_no_taskflow_operators.py took 0.313 seconds
[2023-08-14T13:36:01.865+0300] {processor.py:157} INFO - Started process (PID=11070) to work on /home/soamariaka/.local/lib/python3.9/site-packages/airflow/example_dags/example_dynamic_task_mapping_with_no_taskflow_operators.py
[2023-08-14T13:36:01.868+0300] {processor.py:826} INFO - Processing file /home/soamariaka/.local/lib/python3.9/site-packages/airflow/example_dags/example_dynamic_task_mapping_with_no_taskflow_operators.py for tasks to queue
[2023-08-14T13:36:01.870+0300] {logging_mixin.py:150} INFO - [2023-08-14T13:36:01.869+0300] {dagbag.py:541} INFO - Filling up the DagBag from /home/soamariaka/.local/lib/python3.9/site-packages/airflow/example_dags/example_dynamic_task_mapping_with_no_taskflow_operators.py
[2023-08-14T13:36:01.885+0300] {processor.py:836} INFO - DAG(s) dict_keys(['example_dynamic_task_mapping_with_no_taskflow_operators']) retrieved from /home/soamariaka/.local/lib/python3.9/site-packages/airflow/example_dags/example_dynamic_task_mapping_with_no_taskflow_operators.py
[2023-08-14T13:36:01.915+0300] {logging_mixin.py:150} INFO - [2023-08-14T13:36:01.915+0300] {dag.py:2742} INFO - Sync 1 DAGs
[2023-08-14T13:36:01.956+0300] {logging_mixin.py:150} INFO - [2023-08-14T13:36:01.956+0300] {dag.py:3504} INFO - Setting next_dagrun for example_dynamic_task_mapping_with_no_taskflow_operators to 2023-08-13T10:36:01.955824+00:00, run_after=2023-08-14T10:36:01.955824+00:00
[2023-08-14T13:36:02.115+0300] {processor.py:179} INFO - Processing /home/soamariaka/.local/lib/python3.9/site-packages/airflow/example_dags/example_dynamic_task_mapping_with_no_taskflow_operators.py took 0.257 seconds
[2023-08-14T13:37:00.554+0300] {processor.py:157} INFO - Started process (PID=11136) to work on /home/soamariaka/.local/lib/python3.9/site-packages/airflow/example_dags/example_dynamic_task_mapping_with_no_taskflow_operators.py
[2023-08-14T13:37:00.557+0300] {processor.py:826} INFO - Processing file /home/soamariaka/.local/lib/python3.9/site-packages/airflow/example_dags/example_dynamic_task_mapping_with_no_taskflow_operators.py for tasks to queue
[2023-08-14T13:37:00.558+0300] {logging_mixin.py:150} INFO - [2023-08-14T13:37:00.558+0300] {dagbag.py:541} INFO - Filling up the DagBag from /home/soamariaka/.local/lib/python3.9/site-packages/airflow/example_dags/example_dynamic_task_mapping_with_no_taskflow_operators.py
[2023-08-14T13:37:00.572+0300] {processor.py:836} INFO - DAG(s) dict_keys(['example_dynamic_task_mapping_with_no_taskflow_operators']) retrieved from /home/soamariaka/.local/lib/python3.9/site-packages/airflow/example_dags/example_dynamic_task_mapping_with_no_taskflow_operators.py
[2023-08-14T13:37:00.595+0300] {logging_mixin.py:150} INFO - [2023-08-14T13:37:00.594+0300] {dag.py:2742} INFO - Sync 1 DAGs
[2023-08-14T13:37:00.632+0300] {logging_mixin.py:150} INFO - [2023-08-14T13:37:00.631+0300] {dag.py:3504} INFO - Setting next_dagrun for example_dynamic_task_mapping_with_no_taskflow_operators to 2023-08-13T10:37:00.631349+00:00, run_after=2023-08-14T10:37:00.631349+00:00
[2023-08-14T13:37:00.790+0300] {processor.py:179} INFO - Processing /home/soamariaka/.local/lib/python3.9/site-packages/airflow/example_dags/example_dynamic_task_mapping_with_no_taskflow_operators.py took 0.241 seconds
[2023-08-14T13:38:00.347+0300] {processor.py:157} INFO - Started process (PID=11253) to work on /home/soamariaka/.local/lib/python3.9/site-packages/airflow/example_dags/example_dynamic_task_mapping_with_no_taskflow_operators.py
[2023-08-14T13:38:00.349+0300] {processor.py:826} INFO - Processing file /home/soamariaka/.local/lib/python3.9/site-packages/airflow/example_dags/example_dynamic_task_mapping_with_no_taskflow_operators.py for tasks to queue
[2023-08-14T13:38:00.351+0300] {logging_mixin.py:150} INFO - [2023-08-14T13:38:00.350+0300] {dagbag.py:541} INFO - Filling up the DagBag from /home/soamariaka/.local/lib/python3.9/site-packages/airflow/example_dags/example_dynamic_task_mapping_with_no_taskflow_operators.py
[2023-08-14T13:38:00.364+0300] {processor.py:836} INFO - DAG(s) dict_keys(['example_dynamic_task_mapping_with_no_taskflow_operators']) retrieved from /home/soamariaka/.local/lib/python3.9/site-packages/airflow/example_dags/example_dynamic_task_mapping_with_no_taskflow_operators.py
[2023-08-14T13:38:00.389+0300] {logging_mixin.py:150} INFO - [2023-08-14T13:38:00.388+0300] {dag.py:2742} INFO - Sync 1 DAGs
[2023-08-14T13:38:00.419+0300] {logging_mixin.py:150} INFO - [2023-08-14T13:38:00.419+0300] {dag.py:3504} INFO - Setting next_dagrun for example_dynamic_task_mapping_with_no_taskflow_operators to 2023-08-13T10:38:00.419309+00:00, run_after=2023-08-14T10:38:00.419309+00:00
[2023-08-14T13:38:00.556+0300] {processor.py:179} INFO - Processing /home/soamariaka/.local/lib/python3.9/site-packages/airflow/example_dags/example_dynamic_task_mapping_with_no_taskflow_operators.py took 0.215 seconds
[2023-08-14T13:39:03.723+0300] {processor.py:157} INFO - Started process (PID=11379) to work on /home/soamariaka/.local/lib/python3.9/site-packages/airflow/example_dags/example_dynamic_task_mapping_with_no_taskflow_operators.py
[2023-08-14T13:39:03.725+0300] {processor.py:826} INFO - Processing file /home/soamariaka/.local/lib/python3.9/site-packages/airflow/example_dags/example_dynamic_task_mapping_with_no_taskflow_operators.py for tasks to queue
[2023-08-14T13:39:03.727+0300] {logging_mixin.py:150} INFO - [2023-08-14T13:39:03.726+0300] {dagbag.py:541} INFO - Filling up the DagBag from /home/soamariaka/.local/lib/python3.9/site-packages/airflow/example_dags/example_dynamic_task_mapping_with_no_taskflow_operators.py
[2023-08-14T13:39:03.740+0300] {processor.py:836} INFO - DAG(s) dict_keys(['example_dynamic_task_mapping_with_no_taskflow_operators']) retrieved from /home/soamariaka/.local/lib/python3.9/site-packages/airflow/example_dags/example_dynamic_task_mapping_with_no_taskflow_operators.py
[2023-08-14T13:39:03.773+0300] {logging_mixin.py:150} INFO - [2023-08-14T13:39:03.773+0300] {dag.py:2742} INFO - Sync 1 DAGs
[2023-08-14T13:39:03.822+0300] {logging_mixin.py:150} INFO - [2023-08-14T13:39:03.821+0300] {dag.py:3504} INFO - Setting next_dagrun for example_dynamic_task_mapping_with_no_taskflow_operators to 2023-08-13T10:39:03.820487+00:00, run_after=2023-08-14T10:39:03.820487+00:00
[2023-08-14T13:39:04.128+0300] {processor.py:179} INFO - Processing /home/soamariaka/.local/lib/python3.9/site-packages/airflow/example_dags/example_dynamic_task_mapping_with_no_taskflow_operators.py took 0.411 seconds
[2023-08-14T13:40:06.041+0300] {processor.py:157} INFO - Started process (PID=11481) to work on /home/soamariaka/.local/lib/python3.9/site-packages/airflow/example_dags/example_dynamic_task_mapping_with_no_taskflow_operators.py
[2023-08-14T13:40:06.044+0300] {processor.py:826} INFO - Processing file /home/soamariaka/.local/lib/python3.9/site-packages/airflow/example_dags/example_dynamic_task_mapping_with_no_taskflow_operators.py for tasks to queue
[2023-08-14T13:40:06.045+0300] {logging_mixin.py:150} INFO - [2023-08-14T13:40:06.045+0300] {dagbag.py:541} INFO - Filling up the DagBag from /home/soamariaka/.local/lib/python3.9/site-packages/airflow/example_dags/example_dynamic_task_mapping_with_no_taskflow_operators.py
[2023-08-14T13:40:06.058+0300] {processor.py:836} INFO - DAG(s) dict_keys(['example_dynamic_task_mapping_with_no_taskflow_operators']) retrieved from /home/soamariaka/.local/lib/python3.9/site-packages/airflow/example_dags/example_dynamic_task_mapping_with_no_taskflow_operators.py
[2023-08-14T13:40:06.082+0300] {logging_mixin.py:150} INFO - [2023-08-14T13:40:06.082+0300] {dag.py:2742} INFO - Sync 1 DAGs
[2023-08-14T13:40:06.113+0300] {logging_mixin.py:150} INFO - [2023-08-14T13:40:06.113+0300] {dag.py:3504} INFO - Setting next_dagrun for example_dynamic_task_mapping_with_no_taskflow_operators to 2023-08-13T10:40:06.113097+00:00, run_after=2023-08-14T10:40:06.113097+00:00
[2023-08-14T13:40:06.255+0300] {processor.py:179} INFO - Processing /home/soamariaka/.local/lib/python3.9/site-packages/airflow/example_dags/example_dynamic_task_mapping_with_no_taskflow_operators.py took 0.220 seconds
[2023-08-14T13:41:01.532+0300] {processor.py:157} INFO - Started process (PID=11565) to work on /home/soamariaka/.local/lib/python3.9/site-packages/airflow/example_dags/example_dynamic_task_mapping_with_no_taskflow_operators.py
[2023-08-14T13:41:01.534+0300] {processor.py:826} INFO - Processing file /home/soamariaka/.local/lib/python3.9/site-packages/airflow/example_dags/example_dynamic_task_mapping_with_no_taskflow_operators.py for tasks to queue
[2023-08-14T13:41:01.536+0300] {logging_mixin.py:150} INFO - [2023-08-14T13:41:01.535+0300] {dagbag.py:541} INFO - Filling up the DagBag from /home/soamariaka/.local/lib/python3.9/site-packages/airflow/example_dags/example_dynamic_task_mapping_with_no_taskflow_operators.py
[2023-08-14T13:41:01.549+0300] {processor.py:836} INFO - DAG(s) dict_keys(['example_dynamic_task_mapping_with_no_taskflow_operators']) retrieved from /home/soamariaka/.local/lib/python3.9/site-packages/airflow/example_dags/example_dynamic_task_mapping_with_no_taskflow_operators.py
[2023-08-14T13:41:01.574+0300] {logging_mixin.py:150} INFO - [2023-08-14T13:41:01.574+0300] {dag.py:2742} INFO - Sync 1 DAGs
[2023-08-14T13:41:01.605+0300] {logging_mixin.py:150} INFO - [2023-08-14T13:41:01.605+0300] {dag.py:3504} INFO - Setting next_dagrun for example_dynamic_task_mapping_with_no_taskflow_operators to 2023-08-13T10:41:01.605124+00:00, run_after=2023-08-14T10:41:01.605124+00:00
[2023-08-14T13:41:01.757+0300] {processor.py:179} INFO - Processing /home/soamariaka/.local/lib/python3.9/site-packages/airflow/example_dags/example_dynamic_task_mapping_with_no_taskflow_operators.py took 0.230 seconds
[2023-08-14T13:42:01.086+0300] {processor.py:157} INFO - Started process (PID=11615) to work on /home/soamariaka/.local/lib/python3.9/site-packages/airflow/example_dags/example_dynamic_task_mapping_with_no_taskflow_operators.py
[2023-08-14T13:42:01.088+0300] {processor.py:826} INFO - Processing file /home/soamariaka/.local/lib/python3.9/site-packages/airflow/example_dags/example_dynamic_task_mapping_with_no_taskflow_operators.py for tasks to queue
[2023-08-14T13:42:01.090+0300] {logging_mixin.py:150} INFO - [2023-08-14T13:42:01.089+0300] {dagbag.py:541} INFO - Filling up the DagBag from /home/soamariaka/.local/lib/python3.9/site-packages/airflow/example_dags/example_dynamic_task_mapping_with_no_taskflow_operators.py
[2023-08-14T13:42:01.102+0300] {processor.py:836} INFO - DAG(s) dict_keys(['example_dynamic_task_mapping_with_no_taskflow_operators']) retrieved from /home/soamariaka/.local/lib/python3.9/site-packages/airflow/example_dags/example_dynamic_task_mapping_with_no_taskflow_operators.py
[2023-08-14T13:42:01.127+0300] {logging_mixin.py:150} INFO - [2023-08-14T13:42:01.127+0300] {dag.py:2742} INFO - Sync 1 DAGs
[2023-08-14T13:42:01.159+0300] {logging_mixin.py:150} INFO - [2023-08-14T13:42:01.159+0300] {dag.py:3504} INFO - Setting next_dagrun for example_dynamic_task_mapping_with_no_taskflow_operators to 2023-08-13T10:42:01.159002+00:00, run_after=2023-08-14T10:42:01.159002+00:00
[2023-08-14T13:42:01.295+0300] {processor.py:179} INFO - Processing /home/soamariaka/.local/lib/python3.9/site-packages/airflow/example_dags/example_dynamic_task_mapping_with_no_taskflow_operators.py took 0.215 seconds
[2023-08-14T13:42:55.297+0300] {processor.py:157} INFO - Started process (PID=11666) to work on /home/soamariaka/.local/lib/python3.9/site-packages/airflow/example_dags/example_dynamic_task_mapping_with_no_taskflow_operators.py
[2023-08-14T13:42:55.299+0300] {processor.py:826} INFO - Processing file /home/soamariaka/.local/lib/python3.9/site-packages/airflow/example_dags/example_dynamic_task_mapping_with_no_taskflow_operators.py for tasks to queue
[2023-08-14T13:42:55.301+0300] {logging_mixin.py:150} INFO - [2023-08-14T13:42:55.300+0300] {dagbag.py:541} INFO - Filling up the DagBag from /home/soamariaka/.local/lib/python3.9/site-packages/airflow/example_dags/example_dynamic_task_mapping_with_no_taskflow_operators.py
[2023-08-14T13:42:55.313+0300] {processor.py:836} INFO - DAG(s) dict_keys(['example_dynamic_task_mapping_with_no_taskflow_operators']) retrieved from /home/soamariaka/.local/lib/python3.9/site-packages/airflow/example_dags/example_dynamic_task_mapping_with_no_taskflow_operators.py
[2023-08-14T13:42:55.346+0300] {logging_mixin.py:150} INFO - [2023-08-14T13:42:55.346+0300] {dag.py:2742} INFO - Sync 1 DAGs
[2023-08-14T13:42:55.381+0300] {logging_mixin.py:150} INFO - [2023-08-14T13:42:55.380+0300] {dag.py:3504} INFO - Setting next_dagrun for example_dynamic_task_mapping_with_no_taskflow_operators to 2023-08-13T10:42:55.380485+00:00, run_after=2023-08-14T10:42:55.380485+00:00
[2023-08-14T13:42:55.529+0300] {processor.py:179} INFO - Processing /home/soamariaka/.local/lib/python3.9/site-packages/airflow/example_dags/example_dynamic_task_mapping_with_no_taskflow_operators.py took 0.238 seconds
[2023-08-14T13:43:54.388+0300] {processor.py:157} INFO - Started process (PID=11746) to work on /home/soamariaka/.local/lib/python3.9/site-packages/airflow/example_dags/example_dynamic_task_mapping_with_no_taskflow_operators.py
[2023-08-14T13:43:54.418+0300] {processor.py:826} INFO - Processing file /home/soamariaka/.local/lib/python3.9/site-packages/airflow/example_dags/example_dynamic_task_mapping_with_no_taskflow_operators.py for tasks to queue
[2023-08-14T13:43:54.420+0300] {logging_mixin.py:150} INFO - [2023-08-14T13:43:54.419+0300] {dagbag.py:541} INFO - Filling up the DagBag from /home/soamariaka/.local/lib/python3.9/site-packages/airflow/example_dags/example_dynamic_task_mapping_with_no_taskflow_operators.py
[2023-08-14T13:43:54.432+0300] {processor.py:836} INFO - DAG(s) dict_keys(['example_dynamic_task_mapping_with_no_taskflow_operators']) retrieved from /home/soamariaka/.local/lib/python3.9/site-packages/airflow/example_dags/example_dynamic_task_mapping_with_no_taskflow_operators.py
[2023-08-14T13:43:54.461+0300] {logging_mixin.py:150} INFO - [2023-08-14T13:43:54.460+0300] {dag.py:2742} INFO - Sync 1 DAGs
[2023-08-14T13:43:54.494+0300] {logging_mixin.py:150} INFO - [2023-08-14T13:43:54.493+0300] {dag.py:3504} INFO - Setting next_dagrun for example_dynamic_task_mapping_with_no_taskflow_operators to 2023-08-13T10:43:54.493481+00:00, run_after=2023-08-14T10:43:54.493481+00:00
[2023-08-14T13:43:54.659+0300] {processor.py:179} INFO - Processing /home/soamariaka/.local/lib/python3.9/site-packages/airflow/example_dags/example_dynamic_task_mapping_with_no_taskflow_operators.py took 0.276 seconds
[2023-08-14T13:44:59.897+0300] {processor.py:157} INFO - Started process (PID=11819) to work on /home/soamariaka/.local/lib/python3.9/site-packages/airflow/example_dags/example_dynamic_task_mapping_with_no_taskflow_operators.py
[2023-08-14T13:44:59.914+0300] {processor.py:826} INFO - Processing file /home/soamariaka/.local/lib/python3.9/site-packages/airflow/example_dags/example_dynamic_task_mapping_with_no_taskflow_operators.py for tasks to queue
[2023-08-14T13:44:59.916+0300] {logging_mixin.py:150} INFO - [2023-08-14T13:44:59.915+0300] {dagbag.py:541} INFO - Filling up the DagBag from /home/soamariaka/.local/lib/python3.9/site-packages/airflow/example_dags/example_dynamic_task_mapping_with_no_taskflow_operators.py
[2023-08-14T13:44:59.928+0300] {processor.py:836} INFO - DAG(s) dict_keys(['example_dynamic_task_mapping_with_no_taskflow_operators']) retrieved from /home/soamariaka/.local/lib/python3.9/site-packages/airflow/example_dags/example_dynamic_task_mapping_with_no_taskflow_operators.py
[2023-08-14T13:44:59.956+0300] {logging_mixin.py:150} INFO - [2023-08-14T13:44:59.955+0300] {dag.py:2742} INFO - Sync 1 DAGs
[2023-08-14T13:45:00.006+0300] {logging_mixin.py:150} INFO - [2023-08-14T13:45:00.005+0300] {dag.py:3504} INFO - Setting next_dagrun for example_dynamic_task_mapping_with_no_taskflow_operators to 2023-08-13T10:45:00.005258+00:00, run_after=2023-08-14T10:45:00.005258+00:00
[2023-08-14T13:45:00.268+0300] {processor.py:179} INFO - Processing /home/soamariaka/.local/lib/python3.9/site-packages/airflow/example_dags/example_dynamic_task_mapping_with_no_taskflow_operators.py took 0.376 seconds
[2023-08-14T13:46:04.082+0300] {processor.py:157} INFO - Started process (PID=11914) to work on /home/soamariaka/.local/lib/python3.9/site-packages/airflow/example_dags/example_dynamic_task_mapping_with_no_taskflow_operators.py
[2023-08-14T13:46:04.113+0300] {processor.py:826} INFO - Processing file /home/soamariaka/.local/lib/python3.9/site-packages/airflow/example_dags/example_dynamic_task_mapping_with_no_taskflow_operators.py for tasks to queue
[2023-08-14T13:46:04.114+0300] {logging_mixin.py:150} INFO - [2023-08-14T13:46:04.114+0300] {dagbag.py:541} INFO - Filling up the DagBag from /home/soamariaka/.local/lib/python3.9/site-packages/airflow/example_dags/example_dynamic_task_mapping_with_no_taskflow_operators.py
[2023-08-14T13:46:04.128+0300] {processor.py:836} INFO - DAG(s) dict_keys(['example_dynamic_task_mapping_with_no_taskflow_operators']) retrieved from /home/soamariaka/.local/lib/python3.9/site-packages/airflow/example_dags/example_dynamic_task_mapping_with_no_taskflow_operators.py
[2023-08-14T13:46:04.158+0300] {logging_mixin.py:150} INFO - [2023-08-14T13:46:04.158+0300] {dag.py:2742} INFO - Sync 1 DAGs
[2023-08-14T13:46:04.197+0300] {logging_mixin.py:150} INFO - [2023-08-14T13:46:04.196+0300] {dag.py:3504} INFO - Setting next_dagrun for example_dynamic_task_mapping_with_no_taskflow_operators to 2023-08-13T10:46:04.196401+00:00, run_after=2023-08-14T10:46:04.196401+00:00
[2023-08-14T13:46:04.427+0300] {processor.py:179} INFO - Processing /home/soamariaka/.local/lib/python3.9/site-packages/airflow/example_dags/example_dynamic_task_mapping_with_no_taskflow_operators.py took 0.350 seconds
[2023-08-14T13:47:07.894+0300] {processor.py:157} INFO - Started process (PID=11971) to work on /home/soamariaka/.local/lib/python3.9/site-packages/airflow/example_dags/example_dynamic_task_mapping_with_no_taskflow_operators.py
[2023-08-14T13:47:07.912+0300] {processor.py:826} INFO - Processing file /home/soamariaka/.local/lib/python3.9/site-packages/airflow/example_dags/example_dynamic_task_mapping_with_no_taskflow_operators.py for tasks to queue
[2023-08-14T13:47:07.913+0300] {logging_mixin.py:150} INFO - [2023-08-14T13:47:07.913+0300] {dagbag.py:541} INFO - Filling up the DagBag from /home/soamariaka/.local/lib/python3.9/site-packages/airflow/example_dags/example_dynamic_task_mapping_with_no_taskflow_operators.py
[2023-08-14T13:47:07.926+0300] {processor.py:836} INFO - DAG(s) dict_keys(['example_dynamic_task_mapping_with_no_taskflow_operators']) retrieved from /home/soamariaka/.local/lib/python3.9/site-packages/airflow/example_dags/example_dynamic_task_mapping_with_no_taskflow_operators.py
[2023-08-14T13:47:07.954+0300] {logging_mixin.py:150} INFO - [2023-08-14T13:47:07.954+0300] {dag.py:2742} INFO - Sync 1 DAGs
[2023-08-14T13:47:08.003+0300] {logging_mixin.py:150} INFO - [2023-08-14T13:47:08.002+0300] {dag.py:3504} INFO - Setting next_dagrun for example_dynamic_task_mapping_with_no_taskflow_operators to 2023-08-13T10:47:08.002616+00:00, run_after=2023-08-14T10:47:08.002616+00:00
[2023-08-14T13:47:08.192+0300] {processor.py:179} INFO - Processing /home/soamariaka/.local/lib/python3.9/site-packages/airflow/example_dags/example_dynamic_task_mapping_with_no_taskflow_operators.py took 0.303 seconds
[2023-08-14T13:48:11.209+0300] {processor.py:157} INFO - Started process (PID=12032) to work on /home/soamariaka/.local/lib/python3.9/site-packages/airflow/example_dags/example_dynamic_task_mapping_with_no_taskflow_operators.py
[2023-08-14T13:48:11.222+0300] {processor.py:826} INFO - Processing file /home/soamariaka/.local/lib/python3.9/site-packages/airflow/example_dags/example_dynamic_task_mapping_with_no_taskflow_operators.py for tasks to queue
[2023-08-14T13:48:11.223+0300] {logging_mixin.py:150} INFO - [2023-08-14T13:48:11.223+0300] {dagbag.py:541} INFO - Filling up the DagBag from /home/soamariaka/.local/lib/python3.9/site-packages/airflow/example_dags/example_dynamic_task_mapping_with_no_taskflow_operators.py
[2023-08-14T13:48:11.236+0300] {processor.py:836} INFO - DAG(s) dict_keys(['example_dynamic_task_mapping_with_no_taskflow_operators']) retrieved from /home/soamariaka/.local/lib/python3.9/site-packages/airflow/example_dags/example_dynamic_task_mapping_with_no_taskflow_operators.py
[2023-08-14T13:48:11.263+0300] {logging_mixin.py:150} INFO - [2023-08-14T13:48:11.263+0300] {dag.py:2742} INFO - Sync 1 DAGs
[2023-08-14T13:48:11.295+0300] {logging_mixin.py:150} INFO - [2023-08-14T13:48:11.295+0300] {dag.py:3504} INFO - Setting next_dagrun for example_dynamic_task_mapping_with_no_taskflow_operators to 2023-08-13T10:48:11.295044+00:00, run_after=2023-08-14T10:48:11.295044+00:00
[2023-08-14T13:48:11.431+0300] {processor.py:179} INFO - Processing /home/soamariaka/.local/lib/python3.9/site-packages/airflow/example_dags/example_dynamic_task_mapping_with_no_taskflow_operators.py took 0.227 seconds
[2023-08-14T13:49:12.698+0300] {processor.py:157} INFO - Started process (PID=12122) to work on /home/soamariaka/.local/lib/python3.9/site-packages/airflow/example_dags/example_dynamic_task_mapping_with_no_taskflow_operators.py
[2023-08-14T13:49:12.701+0300] {processor.py:826} INFO - Processing file /home/soamariaka/.local/lib/python3.9/site-packages/airflow/example_dags/example_dynamic_task_mapping_with_no_taskflow_operators.py for tasks to queue
[2023-08-14T13:49:12.702+0300] {logging_mixin.py:150} INFO - [2023-08-14T13:49:12.702+0300] {dagbag.py:541} INFO - Filling up the DagBag from /home/soamariaka/.local/lib/python3.9/site-packages/airflow/example_dags/example_dynamic_task_mapping_with_no_taskflow_operators.py
[2023-08-14T13:49:12.715+0300] {processor.py:836} INFO - DAG(s) dict_keys(['example_dynamic_task_mapping_with_no_taskflow_operators']) retrieved from /home/soamariaka/.local/lib/python3.9/site-packages/airflow/example_dags/example_dynamic_task_mapping_with_no_taskflow_operators.py
[2023-08-14T13:49:12.741+0300] {logging_mixin.py:150} INFO - [2023-08-14T13:49:12.740+0300] {dag.py:2742} INFO - Sync 1 DAGs
[2023-08-14T13:49:12.772+0300] {logging_mixin.py:150} INFO - [2023-08-14T13:49:12.772+0300] {dag.py:3504} INFO - Setting next_dagrun for example_dynamic_task_mapping_with_no_taskflow_operators to 2023-08-13T10:49:12.771647+00:00, run_after=2023-08-14T10:49:12.771647+00:00
[2023-08-14T13:49:13.011+0300] {processor.py:179} INFO - Processing /home/soamariaka/.local/lib/python3.9/site-packages/airflow/example_dags/example_dynamic_task_mapping_with_no_taskflow_operators.py took 0.318 seconds
[2023-08-14T13:50:15.740+0300] {processor.py:157} INFO - Started process (PID=12197) to work on /home/soamariaka/.local/lib/python3.9/site-packages/airflow/example_dags/example_dynamic_task_mapping_with_no_taskflow_operators.py
[2023-08-14T13:50:15.775+0300] {processor.py:826} INFO - Processing file /home/soamariaka/.local/lib/python3.9/site-packages/airflow/example_dags/example_dynamic_task_mapping_with_no_taskflow_operators.py for tasks to queue
[2023-08-14T13:50:15.776+0300] {logging_mixin.py:150} INFO - [2023-08-14T13:50:15.776+0300] {dagbag.py:541} INFO - Filling up the DagBag from /home/soamariaka/.local/lib/python3.9/site-packages/airflow/example_dags/example_dynamic_task_mapping_with_no_taskflow_operators.py
[2023-08-14T13:50:15.789+0300] {processor.py:836} INFO - DAG(s) dict_keys(['example_dynamic_task_mapping_with_no_taskflow_operators']) retrieved from /home/soamariaka/.local/lib/python3.9/site-packages/airflow/example_dags/example_dynamic_task_mapping_with_no_taskflow_operators.py
[2023-08-14T13:50:15.816+0300] {logging_mixin.py:150} INFO - [2023-08-14T13:50:15.816+0300] {dag.py:2742} INFO - Sync 1 DAGs
[2023-08-14T13:50:15.848+0300] {logging_mixin.py:150} INFO - [2023-08-14T13:50:15.847+0300] {dag.py:3504} INFO - Setting next_dagrun for example_dynamic_task_mapping_with_no_taskflow_operators to 2023-08-13T10:50:15.847432+00:00, run_after=2023-08-14T10:50:15.847432+00:00
[2023-08-14T13:50:16.106+0300] {processor.py:179} INFO - Processing /home/soamariaka/.local/lib/python3.9/site-packages/airflow/example_dags/example_dynamic_task_mapping_with_no_taskflow_operators.py took 0.372 seconds
[2023-08-14T13:51:22.156+0300] {processor.py:157} INFO - Started process (PID=12290) to work on /home/soamariaka/.local/lib/python3.9/site-packages/airflow/example_dags/example_dynamic_task_mapping_with_no_taskflow_operators.py
[2023-08-14T13:51:22.157+0300] {processor.py:826} INFO - Processing file /home/soamariaka/.local/lib/python3.9/site-packages/airflow/example_dags/example_dynamic_task_mapping_with_no_taskflow_operators.py for tasks to queue
[2023-08-14T13:51:22.159+0300] {logging_mixin.py:150} INFO - [2023-08-14T13:51:22.158+0300] {dagbag.py:541} INFO - Filling up the DagBag from /home/soamariaka/.local/lib/python3.9/site-packages/airflow/example_dags/example_dynamic_task_mapping_with_no_taskflow_operators.py
[2023-08-14T13:51:22.172+0300] {processor.py:836} INFO - DAG(s) dict_keys(['example_dynamic_task_mapping_with_no_taskflow_operators']) retrieved from /home/soamariaka/.local/lib/python3.9/site-packages/airflow/example_dags/example_dynamic_task_mapping_with_no_taskflow_operators.py
[2023-08-14T13:51:22.203+0300] {logging_mixin.py:150} INFO - [2023-08-14T13:51:22.202+0300] {dag.py:2742} INFO - Sync 1 DAGs
[2023-08-14T13:51:22.247+0300] {logging_mixin.py:150} INFO - [2023-08-14T13:51:22.246+0300] {dag.py:3504} INFO - Setting next_dagrun for example_dynamic_task_mapping_with_no_taskflow_operators to 2023-08-13T10:51:22.246416+00:00, run_after=2023-08-14T10:51:22.246416+00:00
[2023-08-14T13:51:22.483+0300] {processor.py:179} INFO - Processing /home/soamariaka/.local/lib/python3.9/site-packages/airflow/example_dags/example_dynamic_task_mapping_with_no_taskflow_operators.py took 0.332 seconds
[2023-08-14T13:52:23.894+0300] {processor.py:157} INFO - Started process (PID=12348) to work on /home/soamariaka/.local/lib/python3.9/site-packages/airflow/example_dags/example_dynamic_task_mapping_with_no_taskflow_operators.py
[2023-08-14T13:52:23.896+0300] {processor.py:826} INFO - Processing file /home/soamariaka/.local/lib/python3.9/site-packages/airflow/example_dags/example_dynamic_task_mapping_with_no_taskflow_operators.py for tasks to queue
[2023-08-14T13:52:23.898+0300] {logging_mixin.py:150} INFO - [2023-08-14T13:52:23.897+0300] {dagbag.py:541} INFO - Filling up the DagBag from /home/soamariaka/.local/lib/python3.9/site-packages/airflow/example_dags/example_dynamic_task_mapping_with_no_taskflow_operators.py
[2023-08-14T13:52:23.911+0300] {processor.py:836} INFO - DAG(s) dict_keys(['example_dynamic_task_mapping_with_no_taskflow_operators']) retrieved from /home/soamariaka/.local/lib/python3.9/site-packages/airflow/example_dags/example_dynamic_task_mapping_with_no_taskflow_operators.py
[2023-08-14T13:52:23.938+0300] {logging_mixin.py:150} INFO - [2023-08-14T13:52:23.937+0300] {dag.py:2742} INFO - Sync 1 DAGs
[2023-08-14T13:52:23.983+0300] {logging_mixin.py:150} INFO - [2023-08-14T13:52:23.982+0300] {dag.py:3504} INFO - Setting next_dagrun for example_dynamic_task_mapping_with_no_taskflow_operators to 2023-08-13T10:52:23.982424+00:00, run_after=2023-08-14T10:52:23.982424+00:00
[2023-08-14T13:52:24.256+0300] {processor.py:179} INFO - Processing /home/soamariaka/.local/lib/python3.9/site-packages/airflow/example_dags/example_dynamic_task_mapping_with_no_taskflow_operators.py took 0.367 seconds
[2023-08-14T13:53:27.920+0300] {processor.py:157} INFO - Started process (PID=12409) to work on /home/soamariaka/.local/lib/python3.9/site-packages/airflow/example_dags/example_dynamic_task_mapping_with_no_taskflow_operators.py
[2023-08-14T13:53:27.952+0300] {processor.py:826} INFO - Processing file /home/soamariaka/.local/lib/python3.9/site-packages/airflow/example_dags/example_dynamic_task_mapping_with_no_taskflow_operators.py for tasks to queue
[2023-08-14T13:53:27.966+0300] {logging_mixin.py:150} INFO - [2023-08-14T13:53:27.965+0300] {dagbag.py:541} INFO - Filling up the DagBag from /home/soamariaka/.local/lib/python3.9/site-packages/airflow/example_dags/example_dynamic_task_mapping_with_no_taskflow_operators.py
[2023-08-14T13:53:27.981+0300] {processor.py:836} INFO - DAG(s) dict_keys(['example_dynamic_task_mapping_with_no_taskflow_operators']) retrieved from /home/soamariaka/.local/lib/python3.9/site-packages/airflow/example_dags/example_dynamic_task_mapping_with_no_taskflow_operators.py
[2023-08-14T13:53:28.012+0300] {logging_mixin.py:150} INFO - [2023-08-14T13:53:28.012+0300] {dag.py:2742} INFO - Sync 1 DAGs
[2023-08-14T13:53:28.048+0300] {logging_mixin.py:150} INFO - [2023-08-14T13:53:28.047+0300] {dag.py:3504} INFO - Setting next_dagrun for example_dynamic_task_mapping_with_no_taskflow_operators to 2023-08-13T10:53:28.047419+00:00, run_after=2023-08-14T10:53:28.047419+00:00
[2023-08-14T13:53:28.336+0300] {processor.py:179} INFO - Processing /home/soamariaka/.local/lib/python3.9/site-packages/airflow/example_dags/example_dynamic_task_mapping_with_no_taskflow_operators.py took 0.421 seconds
[2023-08-14T13:54:32.393+0300] {processor.py:157} INFO - Started process (PID=12465) to work on /home/soamariaka/.local/lib/python3.9/site-packages/airflow/example_dags/example_dynamic_task_mapping_with_no_taskflow_operators.py
[2023-08-14T13:54:32.395+0300] {processor.py:826} INFO - Processing file /home/soamariaka/.local/lib/python3.9/site-packages/airflow/example_dags/example_dynamic_task_mapping_with_no_taskflow_operators.py for tasks to queue
[2023-08-14T13:54:32.397+0300] {logging_mixin.py:150} INFO - [2023-08-14T13:54:32.396+0300] {dagbag.py:541} INFO - Filling up the DagBag from /home/soamariaka/.local/lib/python3.9/site-packages/airflow/example_dags/example_dynamic_task_mapping_with_no_taskflow_operators.py
[2023-08-14T13:54:32.409+0300] {processor.py:836} INFO - DAG(s) dict_keys(['example_dynamic_task_mapping_with_no_taskflow_operators']) retrieved from /home/soamariaka/.local/lib/python3.9/site-packages/airflow/example_dags/example_dynamic_task_mapping_with_no_taskflow_operators.py
[2023-08-14T13:54:32.434+0300] {logging_mixin.py:150} INFO - [2023-08-14T13:54:32.433+0300] {dag.py:2742} INFO - Sync 1 DAGs
[2023-08-14T13:54:32.465+0300] {logging_mixin.py:150} INFO - [2023-08-14T13:54:32.465+0300] {dag.py:3504} INFO - Setting next_dagrun for example_dynamic_task_mapping_with_no_taskflow_operators to 2023-08-13T10:54:32.464802+00:00, run_after=2023-08-14T10:54:32.464802+00:00
[2023-08-14T13:54:32.733+0300] {processor.py:179} INFO - Processing /home/soamariaka/.local/lib/python3.9/site-packages/airflow/example_dags/example_dynamic_task_mapping_with_no_taskflow_operators.py took 0.345 seconds
[2023-08-14T13:55:40.211+0300] {processor.py:157} INFO - Started process (PID=12579) to work on /home/soamariaka/.local/lib/python3.9/site-packages/airflow/example_dags/example_dynamic_task_mapping_with_no_taskflow_operators.py
[2023-08-14T13:55:40.230+0300] {processor.py:826} INFO - Processing file /home/soamariaka/.local/lib/python3.9/site-packages/airflow/example_dags/example_dynamic_task_mapping_with_no_taskflow_operators.py for tasks to queue
[2023-08-14T13:55:40.231+0300] {logging_mixin.py:150} INFO - [2023-08-14T13:55:40.231+0300] {dagbag.py:541} INFO - Filling up the DagBag from /home/soamariaka/.local/lib/python3.9/site-packages/airflow/example_dags/example_dynamic_task_mapping_with_no_taskflow_operators.py
[2023-08-14T13:55:40.244+0300] {processor.py:836} INFO - DAG(s) dict_keys(['example_dynamic_task_mapping_with_no_taskflow_operators']) retrieved from /home/soamariaka/.local/lib/python3.9/site-packages/airflow/example_dags/example_dynamic_task_mapping_with_no_taskflow_operators.py
[2023-08-14T13:55:40.272+0300] {logging_mixin.py:150} INFO - [2023-08-14T13:55:40.271+0300] {dag.py:2742} INFO - Sync 1 DAGs
[2023-08-14T13:55:40.305+0300] {logging_mixin.py:150} INFO - [2023-08-14T13:55:40.304+0300] {dag.py:3504} INFO - Setting next_dagrun for example_dynamic_task_mapping_with_no_taskflow_operators to 2023-08-13T10:55:40.304451+00:00, run_after=2023-08-14T10:55:40.304451+00:00
[2023-08-14T13:55:40.455+0300] {processor.py:179} INFO - Processing /home/soamariaka/.local/lib/python3.9/site-packages/airflow/example_dags/example_dynamic_task_mapping_with_no_taskflow_operators.py took 0.249 seconds
[2023-08-14T13:56:46.575+0300] {processor.py:157} INFO - Started process (PID=12663) to work on /home/soamariaka/.local/lib/python3.9/site-packages/airflow/example_dags/example_dynamic_task_mapping_with_no_taskflow_operators.py
[2023-08-14T13:56:46.577+0300] {processor.py:826} INFO - Processing file /home/soamariaka/.local/lib/python3.9/site-packages/airflow/example_dags/example_dynamic_task_mapping_with_no_taskflow_operators.py for tasks to queue
[2023-08-14T13:56:46.578+0300] {logging_mixin.py:150} INFO - [2023-08-14T13:56:46.578+0300] {dagbag.py:541} INFO - Filling up the DagBag from /home/soamariaka/.local/lib/python3.9/site-packages/airflow/example_dags/example_dynamic_task_mapping_with_no_taskflow_operators.py
[2023-08-14T13:56:46.591+0300] {processor.py:836} INFO - DAG(s) dict_keys(['example_dynamic_task_mapping_with_no_taskflow_operators']) retrieved from /home/soamariaka/.local/lib/python3.9/site-packages/airflow/example_dags/example_dynamic_task_mapping_with_no_taskflow_operators.py
[2023-08-14T13:56:46.615+0300] {logging_mixin.py:150} INFO - [2023-08-14T13:56:46.615+0300] {dag.py:2742} INFO - Sync 1 DAGs
[2023-08-14T13:56:46.646+0300] {logging_mixin.py:150} INFO - [2023-08-14T13:56:46.645+0300] {dag.py:3504} INFO - Setting next_dagrun for example_dynamic_task_mapping_with_no_taskflow_operators to 2023-08-13T10:56:46.645453+00:00, run_after=2023-08-14T10:56:46.645453+00:00
[2023-08-14T13:56:46.912+0300] {processor.py:179} INFO - Processing /home/soamariaka/.local/lib/python3.9/site-packages/airflow/example_dags/example_dynamic_task_mapping_with_no_taskflow_operators.py took 0.343 seconds
[2023-08-14T13:57:54.619+0300] {processor.py:157} INFO - Started process (PID=12723) to work on /home/soamariaka/.local/lib/python3.9/site-packages/airflow/example_dags/example_dynamic_task_mapping_with_no_taskflow_operators.py
[2023-08-14T13:57:54.621+0300] {processor.py:826} INFO - Processing file /home/soamariaka/.local/lib/python3.9/site-packages/airflow/example_dags/example_dynamic_task_mapping_with_no_taskflow_operators.py for tasks to queue
[2023-08-14T13:57:54.623+0300] {logging_mixin.py:150} INFO - [2023-08-14T13:57:54.622+0300] {dagbag.py:541} INFO - Filling up the DagBag from /home/soamariaka/.local/lib/python3.9/site-packages/airflow/example_dags/example_dynamic_task_mapping_with_no_taskflow_operators.py
[2023-08-14T13:57:54.636+0300] {processor.py:836} INFO - DAG(s) dict_keys(['example_dynamic_task_mapping_with_no_taskflow_operators']) retrieved from /home/soamariaka/.local/lib/python3.9/site-packages/airflow/example_dags/example_dynamic_task_mapping_with_no_taskflow_operators.py
[2023-08-14T13:57:54.661+0300] {logging_mixin.py:150} INFO - [2023-08-14T13:57:54.661+0300] {dag.py:2742} INFO - Sync 1 DAGs
[2023-08-14T13:57:54.692+0300] {logging_mixin.py:150} INFO - [2023-08-14T13:57:54.692+0300] {dag.py:3504} INFO - Setting next_dagrun for example_dynamic_task_mapping_with_no_taskflow_operators to 2023-08-13T10:57:54.692105+00:00, run_after=2023-08-14T10:57:54.692105+00:00
[2023-08-14T13:57:54.846+0300] {processor.py:179} INFO - Processing /home/soamariaka/.local/lib/python3.9/site-packages/airflow/example_dags/example_dynamic_task_mapping_with_no_taskflow_operators.py took 0.233 seconds
[2023-08-14T13:58:57.736+0300] {processor.py:157} INFO - Started process (PID=12814) to work on /home/soamariaka/.local/lib/python3.9/site-packages/airflow/example_dags/example_dynamic_task_mapping_with_no_taskflow_operators.py
[2023-08-14T13:58:57.739+0300] {processor.py:826} INFO - Processing file /home/soamariaka/.local/lib/python3.9/site-packages/airflow/example_dags/example_dynamic_task_mapping_with_no_taskflow_operators.py for tasks to queue
[2023-08-14T13:58:57.740+0300] {logging_mixin.py:150} INFO - [2023-08-14T13:58:57.740+0300] {dagbag.py:541} INFO - Filling up the DagBag from /home/soamariaka/.local/lib/python3.9/site-packages/airflow/example_dags/example_dynamic_task_mapping_with_no_taskflow_operators.py
[2023-08-14T13:58:57.753+0300] {processor.py:836} INFO - DAG(s) dict_keys(['example_dynamic_task_mapping_with_no_taskflow_operators']) retrieved from /home/soamariaka/.local/lib/python3.9/site-packages/airflow/example_dags/example_dynamic_task_mapping_with_no_taskflow_operators.py
[2023-08-14T13:58:57.778+0300] {logging_mixin.py:150} INFO - [2023-08-14T13:58:57.778+0300] {dag.py:2742} INFO - Sync 1 DAGs
[2023-08-14T13:58:57.812+0300] {logging_mixin.py:150} INFO - [2023-08-14T13:58:57.811+0300] {dag.py:3504} INFO - Setting next_dagrun for example_dynamic_task_mapping_with_no_taskflow_operators to 2023-08-13T10:58:57.811480+00:00, run_after=2023-08-14T10:58:57.811480+00:00
[2023-08-14T13:58:57.998+0300] {processor.py:179} INFO - Processing /home/soamariaka/.local/lib/python3.9/site-packages/airflow/example_dags/example_dynamic_task_mapping_with_no_taskflow_operators.py took 0.267 seconds
[2023-08-14T14:00:00.327+0300] {processor.py:157} INFO - Started process (PID=12894) to work on /home/soamariaka/.local/lib/python3.9/site-packages/airflow/example_dags/example_dynamic_task_mapping_with_no_taskflow_operators.py
[2023-08-14T14:00:00.348+0300] {processor.py:826} INFO - Processing file /home/soamariaka/.local/lib/python3.9/site-packages/airflow/example_dags/example_dynamic_task_mapping_with_no_taskflow_operators.py for tasks to queue
[2023-08-14T14:00:00.371+0300] {logging_mixin.py:150} INFO - [2023-08-14T14:00:00.370+0300] {dagbag.py:541} INFO - Filling up the DagBag from /home/soamariaka/.local/lib/python3.9/site-packages/airflow/example_dags/example_dynamic_task_mapping_with_no_taskflow_operators.py
[2023-08-14T14:00:00.387+0300] {processor.py:836} INFO - DAG(s) dict_keys(['example_dynamic_task_mapping_with_no_taskflow_operators']) retrieved from /home/soamariaka/.local/lib/python3.9/site-packages/airflow/example_dags/example_dynamic_task_mapping_with_no_taskflow_operators.py
[2023-08-14T14:00:00.418+0300] {logging_mixin.py:150} INFO - [2023-08-14T14:00:00.418+0300] {dag.py:2742} INFO - Sync 1 DAGs
[2023-08-14T14:00:00.453+0300] {logging_mixin.py:150} INFO - [2023-08-14T14:00:00.453+0300] {dag.py:3504} INFO - Setting next_dagrun for example_dynamic_task_mapping_with_no_taskflow_operators to 2023-08-13T11:00:00.453173+00:00, run_after=2023-08-14T11:00:00.453173+00:00
[2023-08-14T14:00:00.952+0300] {processor.py:179} INFO - Processing /home/soamariaka/.local/lib/python3.9/site-packages/airflow/example_dags/example_dynamic_task_mapping_with_no_taskflow_operators.py took 0.631 seconds
[2023-08-14T14:01:02.232+0300] {processor.py:157} INFO - Started process (PID=12952) to work on /home/soamariaka/.local/lib/python3.9/site-packages/airflow/example_dags/example_dynamic_task_mapping_with_no_taskflow_operators.py
[2023-08-14T14:01:02.234+0300] {processor.py:826} INFO - Processing file /home/soamariaka/.local/lib/python3.9/site-packages/airflow/example_dags/example_dynamic_task_mapping_with_no_taskflow_operators.py for tasks to queue
[2023-08-14T14:01:02.236+0300] {logging_mixin.py:150} INFO - [2023-08-14T14:01:02.235+0300] {dagbag.py:541} INFO - Filling up the DagBag from /home/soamariaka/.local/lib/python3.9/site-packages/airflow/example_dags/example_dynamic_task_mapping_with_no_taskflow_operators.py
[2023-08-14T14:01:02.249+0300] {processor.py:836} INFO - DAG(s) dict_keys(['example_dynamic_task_mapping_with_no_taskflow_operators']) retrieved from /home/soamariaka/.local/lib/python3.9/site-packages/airflow/example_dags/example_dynamic_task_mapping_with_no_taskflow_operators.py
[2023-08-14T14:01:02.274+0300] {logging_mixin.py:150} INFO - [2023-08-14T14:01:02.274+0300] {dag.py:2742} INFO - Sync 1 DAGs
[2023-08-14T14:01:02.306+0300] {logging_mixin.py:150} INFO - [2023-08-14T14:01:02.306+0300] {dag.py:3504} INFO - Setting next_dagrun for example_dynamic_task_mapping_with_no_taskflow_operators to 2023-08-13T11:01:02.306031+00:00, run_after=2023-08-14T11:01:02.306031+00:00
[2023-08-14T14:01:02.449+0300] {processor.py:179} INFO - Processing /home/soamariaka/.local/lib/python3.9/site-packages/airflow/example_dags/example_dynamic_task_mapping_with_no_taskflow_operators.py took 0.222 seconds
[2023-08-14T14:02:29.300+0300] {processor.py:157} INFO - Started process (PID=13130) to work on /home/soamariaka/.local/lib/python3.9/site-packages/airflow/example_dags/example_dynamic_task_mapping_with_no_taskflow_operators.py
[2023-08-14T14:02:29.359+0300] {processor.py:826} INFO - Processing file /home/soamariaka/.local/lib/python3.9/site-packages/airflow/example_dags/example_dynamic_task_mapping_with_no_taskflow_operators.py for tasks to queue
[2023-08-14T14:02:30.313+0300] {logging_mixin.py:150} INFO - [2023-08-14T14:02:30.312+0300] {dagbag.py:541} INFO - Filling up the DagBag from /home/soamariaka/.local/lib/python3.9/site-packages/airflow/example_dags/example_dynamic_task_mapping_with_no_taskflow_operators.py
[2023-08-14T14:02:30.653+0300] {processor.py:836} INFO - DAG(s) dict_keys(['example_dynamic_task_mapping_with_no_taskflow_operators']) retrieved from /home/soamariaka/.local/lib/python3.9/site-packages/airflow/example_dags/example_dynamic_task_mapping_with_no_taskflow_operators.py
[2023-08-14T14:02:33.052+0300] {logging_mixin.py:150} INFO - [2023-08-14T14:02:33.052+0300] {dag.py:2742} INFO - Sync 1 DAGs
[2023-08-14T14:02:36.130+0300] {logging_mixin.py:150} INFO - [2023-08-14T14:02:36.130+0300] {dag.py:3504} INFO - Setting next_dagrun for example_dynamic_task_mapping_with_no_taskflow_operators to 2023-08-13T11:02:36.129586+00:00, run_after=2023-08-14T11:02:36.129586+00:00
[2023-08-14T14:02:42.798+0300] {processor.py:179} INFO - Processing /home/soamariaka/.local/lib/python3.9/site-packages/airflow/example_dags/example_dynamic_task_mapping_with_no_taskflow_operators.py took 13.503 seconds
[2023-08-14T14:04:43.166+0300] {processor.py:157} INFO - Started process (PID=13727) to work on /home/soamariaka/.local/lib/python3.9/site-packages/airflow/example_dags/example_dynamic_task_mapping_with_no_taskflow_operators.py
[2023-08-14T14:04:43.168+0300] {processor.py:826} INFO - Processing file /home/soamariaka/.local/lib/python3.9/site-packages/airflow/example_dags/example_dynamic_task_mapping_with_no_taskflow_operators.py for tasks to queue
[2023-08-14T14:04:43.169+0300] {logging_mixin.py:150} INFO - [2023-08-14T14:04:43.168+0300] {dagbag.py:541} INFO - Filling up the DagBag from /home/soamariaka/.local/lib/python3.9/site-packages/airflow/example_dags/example_dynamic_task_mapping_with_no_taskflow_operators.py
[2023-08-14T14:04:43.201+0300] {processor.py:836} INFO - DAG(s) dict_keys(['example_dynamic_task_mapping_with_no_taskflow_operators']) retrieved from /home/soamariaka/.local/lib/python3.9/site-packages/airflow/example_dags/example_dynamic_task_mapping_with_no_taskflow_operators.py
[2023-08-14T14:04:43.229+0300] {logging_mixin.py:150} INFO - [2023-08-14T14:04:43.229+0300] {dag.py:2742} INFO - Sync 1 DAGs
[2023-08-14T14:04:43.289+0300] {logging_mixin.py:150} INFO - [2023-08-14T14:04:43.289+0300] {dag.py:3504} INFO - Setting next_dagrun for example_dynamic_task_mapping_with_no_taskflow_operators to 2023-08-13T11:04:43.288670+00:00, run_after=2023-08-14T11:04:43.288670+00:00
[2023-08-14T14:04:43.581+0300] {processor.py:179} INFO - Processing /home/soamariaka/.local/lib/python3.9/site-packages/airflow/example_dags/example_dynamic_task_mapping_with_no_taskflow_operators.py took 0.420 seconds
[2023-08-14T14:06:14.698+0300] {processor.py:157} INFO - Started process (PID=13820) to work on /home/soamariaka/.local/lib/python3.9/site-packages/airflow/example_dags/example_dynamic_task_mapping_with_no_taskflow_operators.py
[2023-08-14T14:06:14.700+0300] {processor.py:826} INFO - Processing file /home/soamariaka/.local/lib/python3.9/site-packages/airflow/example_dags/example_dynamic_task_mapping_with_no_taskflow_operators.py for tasks to queue
[2023-08-14T14:06:14.701+0300] {logging_mixin.py:150} INFO - [2023-08-14T14:06:14.701+0300] {dagbag.py:541} INFO - Filling up the DagBag from /home/soamariaka/.local/lib/python3.9/site-packages/airflow/example_dags/example_dynamic_task_mapping_with_no_taskflow_operators.py
[2023-08-14T14:06:14.714+0300] {processor.py:836} INFO - DAG(s) dict_keys(['example_dynamic_task_mapping_with_no_taskflow_operators']) retrieved from /home/soamariaka/.local/lib/python3.9/site-packages/airflow/example_dags/example_dynamic_task_mapping_with_no_taskflow_operators.py
[2023-08-14T14:06:14.739+0300] {logging_mixin.py:150} INFO - [2023-08-14T14:06:14.739+0300] {dag.py:2742} INFO - Sync 1 DAGs
[2023-08-14T14:06:14.770+0300] {logging_mixin.py:150} INFO - [2023-08-14T14:06:14.769+0300] {dag.py:3504} INFO - Setting next_dagrun for example_dynamic_task_mapping_with_no_taskflow_operators to 2023-08-13T11:06:14.769592+00:00, run_after=2023-08-14T11:06:14.769592+00:00
[2023-08-14T14:06:14.980+0300] {processor.py:179} INFO - Processing /home/soamariaka/.local/lib/python3.9/site-packages/airflow/example_dags/example_dynamic_task_mapping_with_no_taskflow_operators.py took 0.287 seconds
[2023-08-14T14:07:22.547+0300] {processor.py:157} INFO - Started process (PID=13919) to work on /home/soamariaka/.local/lib/python3.9/site-packages/airflow/example_dags/example_dynamic_task_mapping_with_no_taskflow_operators.py
[2023-08-14T14:07:22.550+0300] {processor.py:826} INFO - Processing file /home/soamariaka/.local/lib/python3.9/site-packages/airflow/example_dags/example_dynamic_task_mapping_with_no_taskflow_operators.py for tasks to queue
[2023-08-14T14:07:22.551+0300] {logging_mixin.py:150} INFO - [2023-08-14T14:07:22.551+0300] {dagbag.py:541} INFO - Filling up the DagBag from /home/soamariaka/.local/lib/python3.9/site-packages/airflow/example_dags/example_dynamic_task_mapping_with_no_taskflow_operators.py
[2023-08-14T14:07:22.564+0300] {processor.py:836} INFO - DAG(s) dict_keys(['example_dynamic_task_mapping_with_no_taskflow_operators']) retrieved from /home/soamariaka/.local/lib/python3.9/site-packages/airflow/example_dags/example_dynamic_task_mapping_with_no_taskflow_operators.py
[2023-08-14T14:07:22.596+0300] {logging_mixin.py:150} INFO - [2023-08-14T14:07:22.595+0300] {dag.py:2742} INFO - Sync 1 DAGs
[2023-08-14T14:07:22.639+0300] {logging_mixin.py:150} INFO - [2023-08-14T14:07:22.639+0300] {dag.py:3504} INFO - Setting next_dagrun for example_dynamic_task_mapping_with_no_taskflow_operators to 2023-08-13T11:07:22.638743+00:00, run_after=2023-08-14T11:07:22.638743+00:00
[2023-08-14T14:07:22.816+0300] {processor.py:179} INFO - Processing /home/soamariaka/.local/lib/python3.9/site-packages/airflow/example_dags/example_dynamic_task_mapping_with_no_taskflow_operators.py took 0.274 seconds
[2023-08-14T14:09:32.622+0300] {processor.py:157} INFO - Started process (PID=14094) to work on /home/soamariaka/.local/lib/python3.9/site-packages/airflow/example_dags/example_dynamic_task_mapping_with_no_taskflow_operators.py
[2023-08-14T14:09:32.624+0300] {processor.py:826} INFO - Processing file /home/soamariaka/.local/lib/python3.9/site-packages/airflow/example_dags/example_dynamic_task_mapping_with_no_taskflow_operators.py for tasks to queue
[2023-08-14T14:09:32.626+0300] {logging_mixin.py:150} INFO - [2023-08-14T14:09:32.625+0300] {dagbag.py:541} INFO - Filling up the DagBag from /home/soamariaka/.local/lib/python3.9/site-packages/airflow/example_dags/example_dynamic_task_mapping_with_no_taskflow_operators.py
[2023-08-14T14:09:32.639+0300] {processor.py:836} INFO - DAG(s) dict_keys(['example_dynamic_task_mapping_with_no_taskflow_operators']) retrieved from /home/soamariaka/.local/lib/python3.9/site-packages/airflow/example_dags/example_dynamic_task_mapping_with_no_taskflow_operators.py
[2023-08-14T14:09:32.664+0300] {logging_mixin.py:150} INFO - [2023-08-14T14:09:32.664+0300] {dag.py:2742} INFO - Sync 1 DAGs
[2023-08-14T14:09:32.695+0300] {logging_mixin.py:150} INFO - [2023-08-14T14:09:32.695+0300] {dag.py:3504} INFO - Setting next_dagrun for example_dynamic_task_mapping_with_no_taskflow_operators to 2023-08-13T11:09:32.694827+00:00, run_after=2023-08-14T11:09:32.694827+00:00
[2023-08-14T14:09:32.843+0300] {processor.py:179} INFO - Processing /home/soamariaka/.local/lib/python3.9/site-packages/airflow/example_dags/example_dynamic_task_mapping_with_no_taskflow_operators.py took 0.226 seconds
[2023-08-14T14:11:08.362+0300] {processor.py:157} INFO - Started process (PID=14986) to work on /home/soamariaka/.local/lib/python3.9/site-packages/airflow/example_dags/example_dynamic_task_mapping_with_no_taskflow_operators.py
[2023-08-14T14:11:08.365+0300] {processor.py:826} INFO - Processing file /home/soamariaka/.local/lib/python3.9/site-packages/airflow/example_dags/example_dynamic_task_mapping_with_no_taskflow_operators.py for tasks to queue
[2023-08-14T14:11:08.367+0300] {logging_mixin.py:150} INFO - [2023-08-14T14:11:08.366+0300] {dagbag.py:541} INFO - Filling up the DagBag from /home/soamariaka/.local/lib/python3.9/site-packages/airflow/example_dags/example_dynamic_task_mapping_with_no_taskflow_operators.py
[2023-08-14T14:11:08.381+0300] {processor.py:836} INFO - DAG(s) dict_keys(['example_dynamic_task_mapping_with_no_taskflow_operators']) retrieved from /home/soamariaka/.local/lib/python3.9/site-packages/airflow/example_dags/example_dynamic_task_mapping_with_no_taskflow_operators.py
[2023-08-14T14:11:08.406+0300] {logging_mixin.py:150} INFO - [2023-08-14T14:11:08.405+0300] {dag.py:2742} INFO - Sync 1 DAGs
[2023-08-14T14:11:08.441+0300] {logging_mixin.py:150} INFO - [2023-08-14T14:11:08.441+0300] {dag.py:3504} INFO - Setting next_dagrun for example_dynamic_task_mapping_with_no_taskflow_operators to 2023-08-13T11:11:08.440580+00:00, run_after=2023-08-14T11:11:08.440580+00:00
[2023-08-14T14:11:08.610+0300] {processor.py:179} INFO - Processing /home/soamariaka/.local/lib/python3.9/site-packages/airflow/example_dags/example_dynamic_task_mapping_with_no_taskflow_operators.py took 0.254 seconds
[2023-08-14T14:12:37.745+0300] {processor.py:157} INFO - Started process (PID=15158) to work on /home/soamariaka/.local/lib/python3.9/site-packages/airflow/example_dags/example_dynamic_task_mapping_with_no_taskflow_operators.py
[2023-08-14T14:12:37.748+0300] {processor.py:826} INFO - Processing file /home/soamariaka/.local/lib/python3.9/site-packages/airflow/example_dags/example_dynamic_task_mapping_with_no_taskflow_operators.py for tasks to queue
[2023-08-14T14:12:37.750+0300] {logging_mixin.py:150} INFO - [2023-08-14T14:12:37.749+0300] {dagbag.py:541} INFO - Filling up the DagBag from /home/soamariaka/.local/lib/python3.9/site-packages/airflow/example_dags/example_dynamic_task_mapping_with_no_taskflow_operators.py
[2023-08-14T14:12:37.763+0300] {processor.py:836} INFO - DAG(s) dict_keys(['example_dynamic_task_mapping_with_no_taskflow_operators']) retrieved from /home/soamariaka/.local/lib/python3.9/site-packages/airflow/example_dags/example_dynamic_task_mapping_with_no_taskflow_operators.py
[2023-08-14T14:12:37.788+0300] {logging_mixin.py:150} INFO - [2023-08-14T14:12:37.788+0300] {dag.py:2742} INFO - Sync 1 DAGs
[2023-08-14T14:12:37.819+0300] {logging_mixin.py:150} INFO - [2023-08-14T14:12:37.819+0300] {dag.py:3504} INFO - Setting next_dagrun for example_dynamic_task_mapping_with_no_taskflow_operators to 2023-08-13T11:12:37.819150+00:00, run_after=2023-08-14T11:12:37.819150+00:00
[2023-08-14T14:12:38.006+0300] {processor.py:179} INFO - Processing /home/soamariaka/.local/lib/python3.9/site-packages/airflow/example_dags/example_dynamic_task_mapping_with_no_taskflow_operators.py took 0.266 seconds
[2023-08-14T14:13:35.992+0300] {processor.py:157} INFO - Started process (PID=15285) to work on /home/soamariaka/.local/lib/python3.9/site-packages/airflow/example_dags/example_dynamic_task_mapping_with_no_taskflow_operators.py
[2023-08-14T14:13:36.006+0300] {processor.py:826} INFO - Processing file /home/soamariaka/.local/lib/python3.9/site-packages/airflow/example_dags/example_dynamic_task_mapping_with_no_taskflow_operators.py for tasks to queue
[2023-08-14T14:13:36.009+0300] {logging_mixin.py:150} INFO - [2023-08-14T14:13:36.008+0300] {dagbag.py:541} INFO - Filling up the DagBag from /home/soamariaka/.local/lib/python3.9/site-packages/airflow/example_dags/example_dynamic_task_mapping_with_no_taskflow_operators.py
[2023-08-14T14:13:36.023+0300] {processor.py:836} INFO - DAG(s) dict_keys(['example_dynamic_task_mapping_with_no_taskflow_operators']) retrieved from /home/soamariaka/.local/lib/python3.9/site-packages/airflow/example_dags/example_dynamic_task_mapping_with_no_taskflow_operators.py
[2023-08-14T14:13:36.055+0300] {logging_mixin.py:150} INFO - [2023-08-14T14:13:36.054+0300] {dag.py:2742} INFO - Sync 1 DAGs
[2023-08-14T14:13:36.099+0300] {logging_mixin.py:150} INFO - [2023-08-14T14:13:36.099+0300] {dag.py:3504} INFO - Setting next_dagrun for example_dynamic_task_mapping_with_no_taskflow_operators to 2023-08-13T11:13:36.099297+00:00, run_after=2023-08-14T11:13:36.099297+00:00
[2023-08-14T14:13:36.580+0300] {processor.py:179} INFO - Processing /home/soamariaka/.local/lib/python3.9/site-packages/airflow/example_dags/example_dynamic_task_mapping_with_no_taskflow_operators.py took 0.596 seconds
[2023-08-14T14:14:44.433+0300] {processor.py:157} INFO - Started process (PID=15376) to work on /home/soamariaka/.local/lib/python3.9/site-packages/airflow/example_dags/example_dynamic_task_mapping_with_no_taskflow_operators.py
[2023-08-14T14:14:44.460+0300] {processor.py:826} INFO - Processing file /home/soamariaka/.local/lib/python3.9/site-packages/airflow/example_dags/example_dynamic_task_mapping_with_no_taskflow_operators.py for tasks to queue
[2023-08-14T14:14:44.463+0300] {logging_mixin.py:150} INFO - [2023-08-14T14:14:44.462+0300] {dagbag.py:541} INFO - Filling up the DagBag from /home/soamariaka/.local/lib/python3.9/site-packages/airflow/example_dags/example_dynamic_task_mapping_with_no_taskflow_operators.py
[2023-08-14T14:14:44.477+0300] {processor.py:836} INFO - DAG(s) dict_keys(['example_dynamic_task_mapping_with_no_taskflow_operators']) retrieved from /home/soamariaka/.local/lib/python3.9/site-packages/airflow/example_dags/example_dynamic_task_mapping_with_no_taskflow_operators.py
[2023-08-14T14:14:44.504+0300] {logging_mixin.py:150} INFO - [2023-08-14T14:14:44.504+0300] {dag.py:2742} INFO - Sync 1 DAGs
[2023-08-14T14:14:44.537+0300] {logging_mixin.py:150} INFO - [2023-08-14T14:14:44.537+0300] {dag.py:3504} INFO - Setting next_dagrun for example_dynamic_task_mapping_with_no_taskflow_operators to 2023-08-13T11:14:44.537177+00:00, run_after=2023-08-14T11:14:44.537177+00:00
[2023-08-14T14:14:44.684+0300] {processor.py:179} INFO - Processing /home/soamariaka/.local/lib/python3.9/site-packages/airflow/example_dags/example_dynamic_task_mapping_with_no_taskflow_operators.py took 0.256 seconds
[2023-08-14T14:15:42.521+0300] {processor.py:157} INFO - Started process (PID=15566) to work on /home/soamariaka/.local/lib/python3.9/site-packages/airflow/example_dags/example_dynamic_task_mapping_with_no_taskflow_operators.py
[2023-08-14T14:15:42.545+0300] {processor.py:826} INFO - Processing file /home/soamariaka/.local/lib/python3.9/site-packages/airflow/example_dags/example_dynamic_task_mapping_with_no_taskflow_operators.py for tasks to queue
[2023-08-14T14:15:42.547+0300] {logging_mixin.py:150} INFO - [2023-08-14T14:15:42.546+0300] {dagbag.py:541} INFO - Filling up the DagBag from /home/soamariaka/.local/lib/python3.9/site-packages/airflow/example_dags/example_dynamic_task_mapping_with_no_taskflow_operators.py
[2023-08-14T14:15:42.564+0300] {processor.py:836} INFO - DAG(s) dict_keys(['example_dynamic_task_mapping_with_no_taskflow_operators']) retrieved from /home/soamariaka/.local/lib/python3.9/site-packages/airflow/example_dags/example_dynamic_task_mapping_with_no_taskflow_operators.py
[2023-08-14T14:15:42.612+0300] {logging_mixin.py:150} INFO - [2023-08-14T14:15:42.611+0300] {dag.py:2742} INFO - Sync 1 DAGs
[2023-08-14T14:15:42.679+0300] {logging_mixin.py:150} INFO - [2023-08-14T14:15:42.679+0300] {dag.py:3504} INFO - Setting next_dagrun for example_dynamic_task_mapping_with_no_taskflow_operators to 2023-08-13T11:15:42.678796+00:00, run_after=2023-08-14T11:15:42.678796+00:00
[2023-08-14T14:15:42.802+0300] {processor.py:179} INFO - Processing /home/soamariaka/.local/lib/python3.9/site-packages/airflow/example_dags/example_dynamic_task_mapping_with_no_taskflow_operators.py took 0.287 seconds
[2023-08-14T14:16:47.789+0300] {processor.py:157} INFO - Started process (PID=15648) to work on /home/soamariaka/.local/lib/python3.9/site-packages/airflow/example_dags/example_dynamic_task_mapping_with_no_taskflow_operators.py
[2023-08-14T14:16:47.822+0300] {processor.py:826} INFO - Processing file /home/soamariaka/.local/lib/python3.9/site-packages/airflow/example_dags/example_dynamic_task_mapping_with_no_taskflow_operators.py for tasks to queue
[2023-08-14T14:16:47.824+0300] {logging_mixin.py:150} INFO - [2023-08-14T14:16:47.823+0300] {dagbag.py:541} INFO - Filling up the DagBag from /home/soamariaka/.local/lib/python3.9/site-packages/airflow/example_dags/example_dynamic_task_mapping_with_no_taskflow_operators.py
[2023-08-14T14:16:47.838+0300] {processor.py:836} INFO - DAG(s) dict_keys(['example_dynamic_task_mapping_with_no_taskflow_operators']) retrieved from /home/soamariaka/.local/lib/python3.9/site-packages/airflow/example_dags/example_dynamic_task_mapping_with_no_taskflow_operators.py
[2023-08-14T14:16:47.866+0300] {logging_mixin.py:150} INFO - [2023-08-14T14:16:47.866+0300] {dag.py:2742} INFO - Sync 1 DAGs
[2023-08-14T14:16:47.899+0300] {logging_mixin.py:150} INFO - [2023-08-14T14:16:47.899+0300] {dag.py:3504} INFO - Setting next_dagrun for example_dynamic_task_mapping_with_no_taskflow_operators to 2023-08-13T11:16:47.899031+00:00, run_after=2023-08-14T11:16:47.899031+00:00
[2023-08-14T14:16:48.271+0300] {processor.py:179} INFO - Processing /home/soamariaka/.local/lib/python3.9/site-packages/airflow/example_dags/example_dynamic_task_mapping_with_no_taskflow_operators.py took 0.487 seconds
[2023-08-14T14:17:55.040+0300] {processor.py:157} INFO - Started process (PID=15770) to work on /home/soamariaka/.local/lib/python3.9/site-packages/airflow/example_dags/example_dynamic_task_mapping_with_no_taskflow_operators.py
[2023-08-14T14:17:55.061+0300] {processor.py:826} INFO - Processing file /home/soamariaka/.local/lib/python3.9/site-packages/airflow/example_dags/example_dynamic_task_mapping_with_no_taskflow_operators.py for tasks to queue
[2023-08-14T14:17:55.063+0300] {logging_mixin.py:150} INFO - [2023-08-14T14:17:55.063+0300] {dagbag.py:541} INFO - Filling up the DagBag from /home/soamariaka/.local/lib/python3.9/site-packages/airflow/example_dags/example_dynamic_task_mapping_with_no_taskflow_operators.py
[2023-08-14T14:17:55.078+0300] {processor.py:836} INFO - DAG(s) dict_keys(['example_dynamic_task_mapping_with_no_taskflow_operators']) retrieved from /home/soamariaka/.local/lib/python3.9/site-packages/airflow/example_dags/example_dynamic_task_mapping_with_no_taskflow_operators.py
[2023-08-14T14:17:55.108+0300] {logging_mixin.py:150} INFO - [2023-08-14T14:17:55.108+0300] {dag.py:2742} INFO - Sync 1 DAGs
[2023-08-14T14:17:55.148+0300] {logging_mixin.py:150} INFO - [2023-08-14T14:17:55.148+0300] {dag.py:3504} INFO - Setting next_dagrun for example_dynamic_task_mapping_with_no_taskflow_operators to 2023-08-13T11:17:55.147823+00:00, run_after=2023-08-14T11:17:55.147823+00:00
[2023-08-14T14:17:55.265+0300] {processor.py:179} INFO - Processing /home/soamariaka/.local/lib/python3.9/site-packages/airflow/example_dags/example_dynamic_task_mapping_with_no_taskflow_operators.py took 0.230 seconds
[2023-08-14T14:19:14.992+0300] {processor.py:157} INFO - Started process (PID=15943) to work on /home/soamariaka/.local/lib/python3.9/site-packages/airflow/example_dags/example_dynamic_task_mapping_with_no_taskflow_operators.py
[2023-08-14T14:19:14.994+0300] {processor.py:826} INFO - Processing file /home/soamariaka/.local/lib/python3.9/site-packages/airflow/example_dags/example_dynamic_task_mapping_with_no_taskflow_operators.py for tasks to queue
[2023-08-14T14:19:14.995+0300] {logging_mixin.py:150} INFO - [2023-08-14T14:19:14.994+0300] {dagbag.py:541} INFO - Filling up the DagBag from /home/soamariaka/.local/lib/python3.9/site-packages/airflow/example_dags/example_dynamic_task_mapping_with_no_taskflow_operators.py
[2023-08-14T14:19:15.008+0300] {processor.py:836} INFO - DAG(s) dict_keys(['example_dynamic_task_mapping_with_no_taskflow_operators']) retrieved from /home/soamariaka/.local/lib/python3.9/site-packages/airflow/example_dags/example_dynamic_task_mapping_with_no_taskflow_operators.py
[2023-08-14T14:19:15.032+0300] {logging_mixin.py:150} INFO - [2023-08-14T14:19:15.031+0300] {dag.py:2742} INFO - Sync 1 DAGs
[2023-08-14T14:19:15.076+0300] {logging_mixin.py:150} INFO - [2023-08-14T14:19:15.076+0300] {dag.py:3504} INFO - Setting next_dagrun for example_dynamic_task_mapping_with_no_taskflow_operators to 2023-08-13T11:19:15.076271+00:00, run_after=2023-08-14T11:19:15.076271+00:00
[2023-08-14T14:19:15.314+0300] {processor.py:179} INFO - Processing /home/soamariaka/.local/lib/python3.9/site-packages/airflow/example_dags/example_dynamic_task_mapping_with_no_taskflow_operators.py took 0.328 seconds
[2023-08-14T14:20:17.441+0300] {processor.py:157} INFO - Started process (PID=16020) to work on /home/soamariaka/.local/lib/python3.9/site-packages/airflow/example_dags/example_dynamic_task_mapping_with_no_taskflow_operators.py
[2023-08-14T14:20:17.444+0300] {processor.py:826} INFO - Processing file /home/soamariaka/.local/lib/python3.9/site-packages/airflow/example_dags/example_dynamic_task_mapping_with_no_taskflow_operators.py for tasks to queue
[2023-08-14T14:20:17.445+0300] {logging_mixin.py:150} INFO - [2023-08-14T14:20:17.445+0300] {dagbag.py:541} INFO - Filling up the DagBag from /home/soamariaka/.local/lib/python3.9/site-packages/airflow/example_dags/example_dynamic_task_mapping_with_no_taskflow_operators.py
[2023-08-14T14:20:17.459+0300] {processor.py:836} INFO - DAG(s) dict_keys(['example_dynamic_task_mapping_with_no_taskflow_operators']) retrieved from /home/soamariaka/.local/lib/python3.9/site-packages/airflow/example_dags/example_dynamic_task_mapping_with_no_taskflow_operators.py
[2023-08-14T14:20:17.485+0300] {logging_mixin.py:150} INFO - [2023-08-14T14:20:17.484+0300] {dag.py:2742} INFO - Sync 1 DAGs
[2023-08-14T14:20:17.517+0300] {logging_mixin.py:150} INFO - [2023-08-14T14:20:17.517+0300] {dag.py:3504} INFO - Setting next_dagrun for example_dynamic_task_mapping_with_no_taskflow_operators to 2023-08-13T11:20:17.516668+00:00, run_after=2023-08-14T11:20:17.516668+00:00
[2023-08-14T14:20:17.660+0300] {processor.py:179} INFO - Processing /home/soamariaka/.local/lib/python3.9/site-packages/airflow/example_dags/example_dynamic_task_mapping_with_no_taskflow_operators.py took 0.224 seconds
[2023-08-14T14:21:57.840+0300] {processor.py:157} INFO - Started process (PID=16119) to work on /home/soamariaka/.local/lib/python3.9/site-packages/airflow/example_dags/example_dynamic_task_mapping_with_no_taskflow_operators.py
[2023-08-14T14:21:57.860+0300] {processor.py:826} INFO - Processing file /home/soamariaka/.local/lib/python3.9/site-packages/airflow/example_dags/example_dynamic_task_mapping_with_no_taskflow_operators.py for tasks to queue
[2023-08-14T14:21:57.861+0300] {logging_mixin.py:150} INFO - [2023-08-14T14:21:57.861+0300] {dagbag.py:541} INFO - Filling up the DagBag from /home/soamariaka/.local/lib/python3.9/site-packages/airflow/example_dags/example_dynamic_task_mapping_with_no_taskflow_operators.py
[2023-08-14T14:21:57.876+0300] {processor.py:836} INFO - DAG(s) dict_keys(['example_dynamic_task_mapping_with_no_taskflow_operators']) retrieved from /home/soamariaka/.local/lib/python3.9/site-packages/airflow/example_dags/example_dynamic_task_mapping_with_no_taskflow_operators.py
[2023-08-14T14:21:57.906+0300] {logging_mixin.py:150} INFO - [2023-08-14T14:21:57.905+0300] {dag.py:2742} INFO - Sync 1 DAGs
[2023-08-14T14:21:57.949+0300] {logging_mixin.py:150} INFO - [2023-08-14T14:21:57.948+0300] {dag.py:3504} INFO - Setting next_dagrun for example_dynamic_task_mapping_with_no_taskflow_operators to 2023-08-13T11:21:57.948316+00:00, run_after=2023-08-14T11:21:57.948316+00:00
[2023-08-14T14:21:58.090+0300] {processor.py:179} INFO - Processing /home/soamariaka/.local/lib/python3.9/site-packages/airflow/example_dags/example_dynamic_task_mapping_with_no_taskflow_operators.py took 0.255 seconds
[2023-08-14T14:22:56.128+0300] {processor.py:157} INFO - Started process (PID=16175) to work on /home/soamariaka/.local/lib/python3.9/site-packages/airflow/example_dags/example_dynamic_task_mapping_with_no_taskflow_operators.py
[2023-08-14T14:22:56.130+0300] {processor.py:826} INFO - Processing file /home/soamariaka/.local/lib/python3.9/site-packages/airflow/example_dags/example_dynamic_task_mapping_with_no_taskflow_operators.py for tasks to queue
[2023-08-14T14:22:56.132+0300] {logging_mixin.py:150} INFO - [2023-08-14T14:22:56.131+0300] {dagbag.py:541} INFO - Filling up the DagBag from /home/soamariaka/.local/lib/python3.9/site-packages/airflow/example_dags/example_dynamic_task_mapping_with_no_taskflow_operators.py
[2023-08-14T14:22:56.145+0300] {processor.py:836} INFO - DAG(s) dict_keys(['example_dynamic_task_mapping_with_no_taskflow_operators']) retrieved from /home/soamariaka/.local/lib/python3.9/site-packages/airflow/example_dags/example_dynamic_task_mapping_with_no_taskflow_operators.py
[2023-08-14T14:22:56.170+0300] {logging_mixin.py:150} INFO - [2023-08-14T14:22:56.170+0300] {dag.py:2742} INFO - Sync 1 DAGs
[2023-08-14T14:22:56.202+0300] {logging_mixin.py:150} INFO - [2023-08-14T14:22:56.201+0300] {dag.py:3504} INFO - Setting next_dagrun for example_dynamic_task_mapping_with_no_taskflow_operators to 2023-08-13T11:22:56.201413+00:00, run_after=2023-08-14T11:22:56.201413+00:00
[2023-08-14T14:22:56.332+0300] {processor.py:179} INFO - Processing /home/soamariaka/.local/lib/python3.9/site-packages/airflow/example_dags/example_dynamic_task_mapping_with_no_taskflow_operators.py took 0.209 seconds
[2023-08-14T14:23:59.003+0300] {processor.py:157} INFO - Started process (PID=16242) to work on /home/soamariaka/.local/lib/python3.9/site-packages/airflow/example_dags/example_dynamic_task_mapping_with_no_taskflow_operators.py
[2023-08-14T14:23:59.006+0300] {processor.py:826} INFO - Processing file /home/soamariaka/.local/lib/python3.9/site-packages/airflow/example_dags/example_dynamic_task_mapping_with_no_taskflow_operators.py for tasks to queue
[2023-08-14T14:23:59.008+0300] {logging_mixin.py:150} INFO - [2023-08-14T14:23:59.007+0300] {dagbag.py:541} INFO - Filling up the DagBag from /home/soamariaka/.local/lib/python3.9/site-packages/airflow/example_dags/example_dynamic_task_mapping_with_no_taskflow_operators.py
[2023-08-14T14:23:59.021+0300] {processor.py:836} INFO - DAG(s) dict_keys(['example_dynamic_task_mapping_with_no_taskflow_operators']) retrieved from /home/soamariaka/.local/lib/python3.9/site-packages/airflow/example_dags/example_dynamic_task_mapping_with_no_taskflow_operators.py
[2023-08-14T14:23:59.047+0300] {logging_mixin.py:150} INFO - [2023-08-14T14:23:59.046+0300] {dag.py:2742} INFO - Sync 1 DAGs
[2023-08-14T14:23:59.078+0300] {logging_mixin.py:150} INFO - [2023-08-14T14:23:59.078+0300] {dag.py:3504} INFO - Setting next_dagrun for example_dynamic_task_mapping_with_no_taskflow_operators to 2023-08-13T11:23:59.077763+00:00, run_after=2023-08-14T11:23:59.077763+00:00
[2023-08-14T14:23:59.553+0300] {processor.py:179} INFO - Processing /home/soamariaka/.local/lib/python3.9/site-packages/airflow/example_dags/example_dynamic_task_mapping_with_no_taskflow_operators.py took 0.556 seconds
[2023-08-14T14:24:57.493+0300] {processor.py:157} INFO - Started process (PID=16542) to work on /home/soamariaka/.local/lib/python3.9/site-packages/airflow/example_dags/example_dynamic_task_mapping_with_no_taskflow_operators.py
[2023-08-14T14:24:57.513+0300] {processor.py:826} INFO - Processing file /home/soamariaka/.local/lib/python3.9/site-packages/airflow/example_dags/example_dynamic_task_mapping_with_no_taskflow_operators.py for tasks to queue
[2023-08-14T14:24:57.515+0300] {logging_mixin.py:150} INFO - [2023-08-14T14:24:57.515+0300] {dagbag.py:541} INFO - Filling up the DagBag from /home/soamariaka/.local/lib/python3.9/site-packages/airflow/example_dags/example_dynamic_task_mapping_with_no_taskflow_operators.py
[2023-08-14T14:24:57.530+0300] {processor.py:836} INFO - DAG(s) dict_keys(['example_dynamic_task_mapping_with_no_taskflow_operators']) retrieved from /home/soamariaka/.local/lib/python3.9/site-packages/airflow/example_dags/example_dynamic_task_mapping_with_no_taskflow_operators.py
[2023-08-14T14:24:57.558+0300] {logging_mixin.py:150} INFO - [2023-08-14T14:24:57.558+0300] {dag.py:2742} INFO - Sync 1 DAGs
[2023-08-14T14:24:57.590+0300] {logging_mixin.py:150} INFO - [2023-08-14T14:24:57.590+0300] {dag.py:3504} INFO - Setting next_dagrun for example_dynamic_task_mapping_with_no_taskflow_operators to 2023-08-13T11:24:57.589923+00:00, run_after=2023-08-14T11:24:57.589923+00:00
[2023-08-14T14:24:57.712+0300] {processor.py:179} INFO - Processing /home/soamariaka/.local/lib/python3.9/site-packages/airflow/example_dags/example_dynamic_task_mapping_with_no_taskflow_operators.py took 0.225 seconds
[2023-08-14T14:25:58.670+0300] {processor.py:157} INFO - Started process (PID=16699) to work on /home/soamariaka/.local/lib/python3.9/site-packages/airflow/example_dags/example_dynamic_task_mapping_with_no_taskflow_operators.py
[2023-08-14T14:25:58.673+0300] {processor.py:826} INFO - Processing file /home/soamariaka/.local/lib/python3.9/site-packages/airflow/example_dags/example_dynamic_task_mapping_with_no_taskflow_operators.py for tasks to queue
[2023-08-14T14:25:58.674+0300] {logging_mixin.py:150} INFO - [2023-08-14T14:25:58.673+0300] {dagbag.py:541} INFO - Filling up the DagBag from /home/soamariaka/.local/lib/python3.9/site-packages/airflow/example_dags/example_dynamic_task_mapping_with_no_taskflow_operators.py
[2023-08-14T14:25:58.684+0300] {processor.py:836} INFO - DAG(s) dict_keys(['example_dynamic_task_mapping_with_no_taskflow_operators']) retrieved from /home/soamariaka/.local/lib/python3.9/site-packages/airflow/example_dags/example_dynamic_task_mapping_with_no_taskflow_operators.py
[2023-08-14T14:25:58.706+0300] {logging_mixin.py:150} INFO - [2023-08-14T14:25:58.706+0300] {dag.py:2742} INFO - Sync 1 DAGs
[2023-08-14T14:25:58.737+0300] {logging_mixin.py:150} INFO - [2023-08-14T14:25:58.737+0300] {dag.py:3504} INFO - Setting next_dagrun for example_dynamic_task_mapping_with_no_taskflow_operators to 2023-08-13T11:25:58.736703+00:00, run_after=2023-08-14T11:25:58.736703+00:00
[2023-08-14T14:25:58.876+0300] {processor.py:179} INFO - Processing /home/soamariaka/.local/lib/python3.9/site-packages/airflow/example_dags/example_dynamic_task_mapping_with_no_taskflow_operators.py took 0.210 seconds
[2023-08-14T14:26:57.459+0300] {processor.py:157} INFO - Started process (PID=16753) to work on /home/soamariaka/.local/lib/python3.9/site-packages/airflow/example_dags/example_dynamic_task_mapping_with_no_taskflow_operators.py
[2023-08-14T14:26:57.461+0300] {processor.py:826} INFO - Processing file /home/soamariaka/.local/lib/python3.9/site-packages/airflow/example_dags/example_dynamic_task_mapping_with_no_taskflow_operators.py for tasks to queue
[2023-08-14T14:26:57.463+0300] {logging_mixin.py:150} INFO - [2023-08-14T14:26:57.463+0300] {dagbag.py:541} INFO - Filling up the DagBag from /home/soamariaka/.local/lib/python3.9/site-packages/airflow/example_dags/example_dynamic_task_mapping_with_no_taskflow_operators.py
[2023-08-14T14:26:57.476+0300] {processor.py:836} INFO - DAG(s) dict_keys(['example_dynamic_task_mapping_with_no_taskflow_operators']) retrieved from /home/soamariaka/.local/lib/python3.9/site-packages/airflow/example_dags/example_dynamic_task_mapping_with_no_taskflow_operators.py
[2023-08-14T14:26:57.501+0300] {logging_mixin.py:150} INFO - [2023-08-14T14:26:57.501+0300] {dag.py:2742} INFO - Sync 1 DAGs
[2023-08-14T14:26:57.532+0300] {logging_mixin.py:150} INFO - [2023-08-14T14:26:57.532+0300] {dag.py:3504} INFO - Setting next_dagrun for example_dynamic_task_mapping_with_no_taskflow_operators to 2023-08-13T11:26:57.531956+00:00, run_after=2023-08-14T11:26:57.531956+00:00
[2023-08-14T14:26:57.684+0300] {processor.py:179} INFO - Processing /home/soamariaka/.local/lib/python3.9/site-packages/airflow/example_dags/example_dynamic_task_mapping_with_no_taskflow_operators.py took 0.230 seconds
[2023-08-14T14:27:58.635+0300] {processor.py:157} INFO - Started process (PID=16880) to work on /home/soamariaka/.local/lib/python3.9/site-packages/airflow/example_dags/example_dynamic_task_mapping_with_no_taskflow_operators.py
[2023-08-14T14:27:58.638+0300] {processor.py:826} INFO - Processing file /home/soamariaka/.local/lib/python3.9/site-packages/airflow/example_dags/example_dynamic_task_mapping_with_no_taskflow_operators.py for tasks to queue
[2023-08-14T14:27:58.639+0300] {logging_mixin.py:150} INFO - [2023-08-14T14:27:58.639+0300] {dagbag.py:541} INFO - Filling up the DagBag from /home/soamariaka/.local/lib/python3.9/site-packages/airflow/example_dags/example_dynamic_task_mapping_with_no_taskflow_operators.py
[2023-08-14T14:27:58.652+0300] {processor.py:836} INFO - DAG(s) dict_keys(['example_dynamic_task_mapping_with_no_taskflow_operators']) retrieved from /home/soamariaka/.local/lib/python3.9/site-packages/airflow/example_dags/example_dynamic_task_mapping_with_no_taskflow_operators.py
[2023-08-14T14:27:58.677+0300] {logging_mixin.py:150} INFO - [2023-08-14T14:27:58.677+0300] {dag.py:2742} INFO - Sync 1 DAGs
[2023-08-14T14:27:58.709+0300] {logging_mixin.py:150} INFO - [2023-08-14T14:27:58.708+0300] {dag.py:3504} INFO - Setting next_dagrun for example_dynamic_task_mapping_with_no_taskflow_operators to 2023-08-13T11:27:58.708475+00:00, run_after=2023-08-14T11:27:58.708475+00:00
[2023-08-14T14:27:58.863+0300] {processor.py:179} INFO - Processing /home/soamariaka/.local/lib/python3.9/site-packages/airflow/example_dags/example_dynamic_task_mapping_with_no_taskflow_operators.py took 0.233 seconds
[2023-08-14T14:29:01.785+0300] {processor.py:157} INFO - Started process (PID=17034) to work on /home/soamariaka/.local/lib/python3.9/site-packages/airflow/example_dags/example_dynamic_task_mapping_with_no_taskflow_operators.py
[2023-08-14T14:29:01.788+0300] {processor.py:826} INFO - Processing file /home/soamariaka/.local/lib/python3.9/site-packages/airflow/example_dags/example_dynamic_task_mapping_with_no_taskflow_operators.py for tasks to queue
[2023-08-14T14:29:01.790+0300] {logging_mixin.py:150} INFO - [2023-08-14T14:29:01.789+0300] {dagbag.py:541} INFO - Filling up the DagBag from /home/soamariaka/.local/lib/python3.9/site-packages/airflow/example_dags/example_dynamic_task_mapping_with_no_taskflow_operators.py
[2023-08-14T14:29:01.803+0300] {processor.py:836} INFO - DAG(s) dict_keys(['example_dynamic_task_mapping_with_no_taskflow_operators']) retrieved from /home/soamariaka/.local/lib/python3.9/site-packages/airflow/example_dags/example_dynamic_task_mapping_with_no_taskflow_operators.py
[2023-08-14T14:29:01.828+0300] {logging_mixin.py:150} INFO - [2023-08-14T14:29:01.827+0300] {dag.py:2742} INFO - Sync 1 DAGs
[2023-08-14T14:29:01.859+0300] {logging_mixin.py:150} INFO - [2023-08-14T14:29:01.858+0300] {dag.py:3504} INFO - Setting next_dagrun for example_dynamic_task_mapping_with_no_taskflow_operators to 2023-08-13T11:29:01.858458+00:00, run_after=2023-08-14T11:29:01.858458+00:00
[2023-08-14T14:29:02.024+0300] {processor.py:179} INFO - Processing /home/soamariaka/.local/lib/python3.9/site-packages/airflow/example_dags/example_dynamic_task_mapping_with_no_taskflow_operators.py took 0.244 seconds
[2023-08-14T14:30:00.037+0300] {processor.py:157} INFO - Started process (PID=17170) to work on /home/soamariaka/.local/lib/python3.9/site-packages/airflow/example_dags/example_dynamic_task_mapping_with_no_taskflow_operators.py
[2023-08-14T14:30:00.045+0300] {processor.py:826} INFO - Processing file /home/soamariaka/.local/lib/python3.9/site-packages/airflow/example_dags/example_dynamic_task_mapping_with_no_taskflow_operators.py for tasks to queue
[2023-08-14T14:30:00.046+0300] {logging_mixin.py:150} INFO - [2023-08-14T14:30:00.046+0300] {dagbag.py:541} INFO - Filling up the DagBag from /home/soamariaka/.local/lib/python3.9/site-packages/airflow/example_dags/example_dynamic_task_mapping_with_no_taskflow_operators.py
[2023-08-14T14:30:00.060+0300] {processor.py:836} INFO - DAG(s) dict_keys(['example_dynamic_task_mapping_with_no_taskflow_operators']) retrieved from /home/soamariaka/.local/lib/python3.9/site-packages/airflow/example_dags/example_dynamic_task_mapping_with_no_taskflow_operators.py
[2023-08-14T14:30:00.086+0300] {logging_mixin.py:150} INFO - [2023-08-14T14:30:00.086+0300] {dag.py:2742} INFO - Sync 1 DAGs
[2023-08-14T14:30:00.118+0300] {logging_mixin.py:150} INFO - [2023-08-14T14:30:00.117+0300] {dag.py:3504} INFO - Setting next_dagrun for example_dynamic_task_mapping_with_no_taskflow_operators to 2023-08-13T11:30:00.117412+00:00, run_after=2023-08-14T11:30:00.117412+00:00
[2023-08-14T14:30:00.247+0300] {processor.py:179} INFO - Processing /home/soamariaka/.local/lib/python3.9/site-packages/airflow/example_dags/example_dynamic_task_mapping_with_no_taskflow_operators.py took 0.215 seconds
[2023-08-14T14:30:53.781+0300] {processor.py:157} INFO - Started process (PID=17256) to work on /home/soamariaka/.local/lib/python3.9/site-packages/airflow/example_dags/example_dynamic_task_mapping_with_no_taskflow_operators.py
[2023-08-14T14:30:53.818+0300] {processor.py:826} INFO - Processing file /home/soamariaka/.local/lib/python3.9/site-packages/airflow/example_dags/example_dynamic_task_mapping_with_no_taskflow_operators.py for tasks to queue
[2023-08-14T14:30:53.820+0300] {logging_mixin.py:150} INFO - [2023-08-14T14:30:53.819+0300] {dagbag.py:541} INFO - Filling up the DagBag from /home/soamariaka/.local/lib/python3.9/site-packages/airflow/example_dags/example_dynamic_task_mapping_with_no_taskflow_operators.py
[2023-08-14T14:30:53.830+0300] {processor.py:836} INFO - DAG(s) dict_keys(['example_dynamic_task_mapping_with_no_taskflow_operators']) retrieved from /home/soamariaka/.local/lib/python3.9/site-packages/airflow/example_dags/example_dynamic_task_mapping_with_no_taskflow_operators.py
[2023-08-14T14:30:53.852+0300] {logging_mixin.py:150} INFO - [2023-08-14T14:30:53.852+0300] {dag.py:2742} INFO - Sync 1 DAGs
[2023-08-14T14:30:53.884+0300] {logging_mixin.py:150} INFO - [2023-08-14T14:30:53.883+0300] {dag.py:3504} INFO - Setting next_dagrun for example_dynamic_task_mapping_with_no_taskflow_operators to 2023-08-13T11:30:53.883622+00:00, run_after=2023-08-14T11:30:53.883622+00:00
[2023-08-14T14:30:54.009+0300] {processor.py:179} INFO - Processing /home/soamariaka/.local/lib/python3.9/site-packages/airflow/example_dags/example_dynamic_task_mapping_with_no_taskflow_operators.py took 0.234 seconds
[2023-08-14T14:31:53.064+0300] {processor.py:157} INFO - Started process (PID=17342) to work on /home/soamariaka/.local/lib/python3.9/site-packages/airflow/example_dags/example_dynamic_task_mapping_with_no_taskflow_operators.py
[2023-08-14T14:31:53.066+0300] {processor.py:826} INFO - Processing file /home/soamariaka/.local/lib/python3.9/site-packages/airflow/example_dags/example_dynamic_task_mapping_with_no_taskflow_operators.py for tasks to queue
[2023-08-14T14:31:53.068+0300] {logging_mixin.py:150} INFO - [2023-08-14T14:31:53.067+0300] {dagbag.py:541} INFO - Filling up the DagBag from /home/soamariaka/.local/lib/python3.9/site-packages/airflow/example_dags/example_dynamic_task_mapping_with_no_taskflow_operators.py
[2023-08-14T14:31:53.081+0300] {processor.py:836} INFO - DAG(s) dict_keys(['example_dynamic_task_mapping_with_no_taskflow_operators']) retrieved from /home/soamariaka/.local/lib/python3.9/site-packages/airflow/example_dags/example_dynamic_task_mapping_with_no_taskflow_operators.py
[2023-08-14T14:31:53.106+0300] {logging_mixin.py:150} INFO - [2023-08-14T14:31:53.106+0300] {dag.py:2742} INFO - Sync 1 DAGs
[2023-08-14T14:31:53.138+0300] {logging_mixin.py:150} INFO - [2023-08-14T14:31:53.138+0300] {dag.py:3504} INFO - Setting next_dagrun for example_dynamic_task_mapping_with_no_taskflow_operators to 2023-08-13T11:31:53.137966+00:00, run_after=2023-08-14T11:31:53.137966+00:00
[2023-08-14T14:31:53.293+0300] {processor.py:179} INFO - Processing /home/soamariaka/.local/lib/python3.9/site-packages/airflow/example_dags/example_dynamic_task_mapping_with_no_taskflow_operators.py took 0.234 seconds
[2023-08-14T14:32:52.805+0300] {processor.py:157} INFO - Started process (PID=17462) to work on /home/soamariaka/.local/lib/python3.9/site-packages/airflow/example_dags/example_dynamic_task_mapping_with_no_taskflow_operators.py
[2023-08-14T14:32:52.807+0300] {processor.py:826} INFO - Processing file /home/soamariaka/.local/lib/python3.9/site-packages/airflow/example_dags/example_dynamic_task_mapping_with_no_taskflow_operators.py for tasks to queue
[2023-08-14T14:32:52.809+0300] {logging_mixin.py:150} INFO - [2023-08-14T14:32:52.808+0300] {dagbag.py:541} INFO - Filling up the DagBag from /home/soamariaka/.local/lib/python3.9/site-packages/airflow/example_dags/example_dynamic_task_mapping_with_no_taskflow_operators.py
[2023-08-14T14:32:52.822+0300] {processor.py:836} INFO - DAG(s) dict_keys(['example_dynamic_task_mapping_with_no_taskflow_operators']) retrieved from /home/soamariaka/.local/lib/python3.9/site-packages/airflow/example_dags/example_dynamic_task_mapping_with_no_taskflow_operators.py
[2023-08-14T14:32:52.847+0300] {logging_mixin.py:150} INFO - [2023-08-14T14:32:52.847+0300] {dag.py:2742} INFO - Sync 1 DAGs
[2023-08-14T14:32:52.878+0300] {logging_mixin.py:150} INFO - [2023-08-14T14:32:52.878+0300] {dag.py:3504} INFO - Setting next_dagrun for example_dynamic_task_mapping_with_no_taskflow_operators to 2023-08-13T11:32:52.877883+00:00, run_after=2023-08-14T11:32:52.877883+00:00
[2023-08-14T14:32:53.046+0300] {processor.py:179} INFO - Processing /home/soamariaka/.local/lib/python3.9/site-packages/airflow/example_dags/example_dynamic_task_mapping_with_no_taskflow_operators.py took 0.246 seconds
[2023-08-14T14:33:51.418+0300] {processor.py:157} INFO - Started process (PID=17581) to work on /home/soamariaka/.local/lib/python3.9/site-packages/airflow/example_dags/example_dynamic_task_mapping_with_no_taskflow_operators.py
[2023-08-14T14:33:51.429+0300] {processor.py:826} INFO - Processing file /home/soamariaka/.local/lib/python3.9/site-packages/airflow/example_dags/example_dynamic_task_mapping_with_no_taskflow_operators.py for tasks to queue
[2023-08-14T14:33:51.430+0300] {logging_mixin.py:150} INFO - [2023-08-14T14:33:51.430+0300] {dagbag.py:541} INFO - Filling up the DagBag from /home/soamariaka/.local/lib/python3.9/site-packages/airflow/example_dags/example_dynamic_task_mapping_with_no_taskflow_operators.py
[2023-08-14T14:33:51.443+0300] {processor.py:836} INFO - DAG(s) dict_keys(['example_dynamic_task_mapping_with_no_taskflow_operators']) retrieved from /home/soamariaka/.local/lib/python3.9/site-packages/airflow/example_dags/example_dynamic_task_mapping_with_no_taskflow_operators.py
[2023-08-14T14:33:51.470+0300] {logging_mixin.py:150} INFO - [2023-08-14T14:33:51.470+0300] {dag.py:2742} INFO - Sync 1 DAGs
[2023-08-14T14:33:51.501+0300] {logging_mixin.py:150} INFO - [2023-08-14T14:33:51.501+0300] {dag.py:3504} INFO - Setting next_dagrun for example_dynamic_task_mapping_with_no_taskflow_operators to 2023-08-13T11:33:51.501362+00:00, run_after=2023-08-14T11:33:51.501362+00:00
[2023-08-14T14:33:51.625+0300] {processor.py:179} INFO - Processing /home/soamariaka/.local/lib/python3.9/site-packages/airflow/example_dags/example_dynamic_task_mapping_with_no_taskflow_operators.py took 0.212 seconds
[2023-08-14T14:35:02.297+0300] {processor.py:157} INFO - Started process (PID=17787) to work on /home/soamariaka/.local/lib/python3.9/site-packages/airflow/example_dags/example_dynamic_task_mapping_with_no_taskflow_operators.py
[2023-08-14T14:35:02.299+0300] {processor.py:826} INFO - Processing file /home/soamariaka/.local/lib/python3.9/site-packages/airflow/example_dags/example_dynamic_task_mapping_with_no_taskflow_operators.py for tasks to queue
[2023-08-14T14:35:02.301+0300] {logging_mixin.py:150} INFO - [2023-08-14T14:35:02.300+0300] {dagbag.py:541} INFO - Filling up the DagBag from /home/soamariaka/.local/lib/python3.9/site-packages/airflow/example_dags/example_dynamic_task_mapping_with_no_taskflow_operators.py
[2023-08-14T14:35:02.315+0300] {processor.py:836} INFO - DAG(s) dict_keys(['example_dynamic_task_mapping_with_no_taskflow_operators']) retrieved from /home/soamariaka/.local/lib/python3.9/site-packages/airflow/example_dags/example_dynamic_task_mapping_with_no_taskflow_operators.py
[2023-08-14T14:35:02.348+0300] {logging_mixin.py:150} INFO - [2023-08-14T14:35:02.347+0300] {dag.py:2742} INFO - Sync 1 DAGs
[2023-08-14T14:35:02.393+0300] {logging_mixin.py:150} INFO - [2023-08-14T14:35:02.393+0300] {dag.py:3504} INFO - Setting next_dagrun for example_dynamic_task_mapping_with_no_taskflow_operators to 2023-08-13T11:35:02.392857+00:00, run_after=2023-08-14T11:35:02.392857+00:00
[2023-08-14T14:35:02.780+0300] {processor.py:179} INFO - Processing /home/soamariaka/.local/lib/python3.9/site-packages/airflow/example_dags/example_dynamic_task_mapping_with_no_taskflow_operators.py took 0.487 seconds
[2023-08-14T14:36:50.539+0300] {processor.py:157} INFO - Started process (PID=18025) to work on /home/soamariaka/.local/lib/python3.9/site-packages/airflow/example_dags/example_dynamic_task_mapping_with_no_taskflow_operators.py
[2023-08-14T14:36:50.541+0300] {processor.py:826} INFO - Processing file /home/soamariaka/.local/lib/python3.9/site-packages/airflow/example_dags/example_dynamic_task_mapping_with_no_taskflow_operators.py for tasks to queue
[2023-08-14T14:36:50.542+0300] {logging_mixin.py:150} INFO - [2023-08-14T14:36:50.542+0300] {dagbag.py:541} INFO - Filling up the DagBag from /home/soamariaka/.local/lib/python3.9/site-packages/airflow/example_dags/example_dynamic_task_mapping_with_no_taskflow_operators.py
[2023-08-14T14:36:50.555+0300] {processor.py:836} INFO - DAG(s) dict_keys(['example_dynamic_task_mapping_with_no_taskflow_operators']) retrieved from /home/soamariaka/.local/lib/python3.9/site-packages/airflow/example_dags/example_dynamic_task_mapping_with_no_taskflow_operators.py
[2023-08-14T14:36:50.580+0300] {logging_mixin.py:150} INFO - [2023-08-14T14:36:50.579+0300] {dag.py:2742} INFO - Sync 1 DAGs
[2023-08-14T14:36:50.635+0300] {logging_mixin.py:150} INFO - [2023-08-14T14:36:50.634+0300] {dag.py:3504} INFO - Setting next_dagrun for example_dynamic_task_mapping_with_no_taskflow_operators to 2023-08-13T11:36:50.634460+00:00, run_after=2023-08-14T11:36:50.634460+00:00
[2023-08-14T14:36:50.924+0300] {processor.py:179} INFO - Processing /home/soamariaka/.local/lib/python3.9/site-packages/airflow/example_dags/example_dynamic_task_mapping_with_no_taskflow_operators.py took 0.390 seconds
[2023-08-14T14:37:58.589+0300] {processor.py:157} INFO - Started process (PID=18183) to work on /home/soamariaka/.local/lib/python3.9/site-packages/airflow/example_dags/example_dynamic_task_mapping_with_no_taskflow_operators.py
[2023-08-14T14:37:58.591+0300] {processor.py:826} INFO - Processing file /home/soamariaka/.local/lib/python3.9/site-packages/airflow/example_dags/example_dynamic_task_mapping_with_no_taskflow_operators.py for tasks to queue
[2023-08-14T14:37:58.592+0300] {logging_mixin.py:150} INFO - [2023-08-14T14:37:58.592+0300] {dagbag.py:541} INFO - Filling up the DagBag from /home/soamariaka/.local/lib/python3.9/site-packages/airflow/example_dags/example_dynamic_task_mapping_with_no_taskflow_operators.py
[2023-08-14T14:37:58.606+0300] {processor.py:836} INFO - DAG(s) dict_keys(['example_dynamic_task_mapping_with_no_taskflow_operators']) retrieved from /home/soamariaka/.local/lib/python3.9/site-packages/airflow/example_dags/example_dynamic_task_mapping_with_no_taskflow_operators.py
[2023-08-14T14:37:58.632+0300] {logging_mixin.py:150} INFO - [2023-08-14T14:37:58.632+0300] {dag.py:2742} INFO - Sync 1 DAGs
[2023-08-14T14:37:58.663+0300] {logging_mixin.py:150} INFO - [2023-08-14T14:37:58.663+0300] {dag.py:3504} INFO - Setting next_dagrun for example_dynamic_task_mapping_with_no_taskflow_operators to 2023-08-13T11:37:58.662736+00:00, run_after=2023-08-14T11:37:58.662736+00:00
[2023-08-14T14:37:58.806+0300] {processor.py:179} INFO - Processing /home/soamariaka/.local/lib/python3.9/site-packages/airflow/example_dags/example_dynamic_task_mapping_with_no_taskflow_operators.py took 0.222 seconds
[2023-08-14T14:39:04.706+0300] {processor.py:157} INFO - Started process (PID=18309) to work on /home/soamariaka/.local/lib/python3.9/site-packages/airflow/example_dags/example_dynamic_task_mapping_with_no_taskflow_operators.py
[2023-08-14T14:39:04.707+0300] {processor.py:826} INFO - Processing file /home/soamariaka/.local/lib/python3.9/site-packages/airflow/example_dags/example_dynamic_task_mapping_with_no_taskflow_operators.py for tasks to queue
[2023-08-14T14:39:04.709+0300] {logging_mixin.py:150} INFO - [2023-08-14T14:39:04.708+0300] {dagbag.py:541} INFO - Filling up the DagBag from /home/soamariaka/.local/lib/python3.9/site-packages/airflow/example_dags/example_dynamic_task_mapping_with_no_taskflow_operators.py
[2023-08-14T14:39:04.722+0300] {processor.py:836} INFO - DAG(s) dict_keys(['example_dynamic_task_mapping_with_no_taskflow_operators']) retrieved from /home/soamariaka/.local/lib/python3.9/site-packages/airflow/example_dags/example_dynamic_task_mapping_with_no_taskflow_operators.py
[2023-08-14T14:39:04.749+0300] {logging_mixin.py:150} INFO - [2023-08-14T14:39:04.749+0300] {dag.py:2742} INFO - Sync 1 DAGs
[2023-08-14T14:39:04.792+0300] {logging_mixin.py:150} INFO - [2023-08-14T14:39:04.792+0300] {dag.py:3504} INFO - Setting next_dagrun for example_dynamic_task_mapping_with_no_taskflow_operators to 2023-08-13T11:39:04.791861+00:00, run_after=2023-08-14T11:39:04.791861+00:00
[2023-08-14T14:39:05.113+0300] {processor.py:179} INFO - Processing /home/soamariaka/.local/lib/python3.9/site-packages/airflow/example_dags/example_dynamic_task_mapping_with_no_taskflow_operators.py took 0.412 seconds
[2023-08-14T14:40:17.877+0300] {processor.py:157} INFO - Started process (PID=18522) to work on /home/soamariaka/.local/lib/python3.9/site-packages/airflow/example_dags/example_dynamic_task_mapping_with_no_taskflow_operators.py
[2023-08-14T14:40:17.904+0300] {processor.py:826} INFO - Processing file /home/soamariaka/.local/lib/python3.9/site-packages/airflow/example_dags/example_dynamic_task_mapping_with_no_taskflow_operators.py for tasks to queue
[2023-08-14T14:40:17.906+0300] {logging_mixin.py:150} INFO - [2023-08-14T14:40:17.905+0300] {dagbag.py:541} INFO - Filling up the DagBag from /home/soamariaka/.local/lib/python3.9/site-packages/airflow/example_dags/example_dynamic_task_mapping_with_no_taskflow_operators.py
[2023-08-14T14:40:17.923+0300] {processor.py:836} INFO - DAG(s) dict_keys(['example_dynamic_task_mapping_with_no_taskflow_operators']) retrieved from /home/soamariaka/.local/lib/python3.9/site-packages/airflow/example_dags/example_dynamic_task_mapping_with_no_taskflow_operators.py
[2023-08-14T14:40:17.952+0300] {logging_mixin.py:150} INFO - [2023-08-14T14:40:17.952+0300] {dag.py:2742} INFO - Sync 1 DAGs
[2023-08-14T14:40:17.999+0300] {logging_mixin.py:150} INFO - [2023-08-14T14:40:17.998+0300] {dag.py:3504} INFO - Setting next_dagrun for example_dynamic_task_mapping_with_no_taskflow_operators to 2023-08-13T11:40:17.998346+00:00, run_after=2023-08-14T11:40:17.998346+00:00
[2023-08-14T14:40:18.288+0300] {processor.py:179} INFO - Processing /home/soamariaka/.local/lib/python3.9/site-packages/airflow/example_dags/example_dynamic_task_mapping_with_no_taskflow_operators.py took 0.415 seconds
