[2023-08-14T13:33:04.146+0300] {processor.py:157} INFO - Started process (PID=10767) to work on /home/soamariaka/.local/lib/python3.9/site-packages/airflow/example_dags/example_time_delta_sensor_async.py
[2023-08-14T13:33:04.147+0300] {processor.py:826} INFO - Processing file /home/soamariaka/.local/lib/python3.9/site-packages/airflow/example_dags/example_time_delta_sensor_async.py for tasks to queue
[2023-08-14T13:33:04.149+0300] {logging_mixin.py:150} INFO - [2023-08-14T13:33:04.148+0300] {dagbag.py:541} INFO - Filling up the DagBag from /home/soamariaka/.local/lib/python3.9/site-packages/airflow/example_dags/example_time_delta_sensor_async.py
[2023-08-14T13:33:04.157+0300] {processor.py:836} INFO - DAG(s) dict_keys(['example_time_delta_sensor_async']) retrieved from /home/soamariaka/.local/lib/python3.9/site-packages/airflow/example_dags/example_time_delta_sensor_async.py
[2023-08-14T13:33:04.185+0300] {logging_mixin.py:150} INFO - [2023-08-14T13:33:04.185+0300] {dag.py:2742} INFO - Sync 1 DAGs
[2023-08-14T13:33:04.217+0300] {logging_mixin.py:150} INFO - [2023-08-14T13:33:04.217+0300] {dag.py:3504} INFO - Setting next_dagrun for example_time_delta_sensor_async to None, run_after=None
[2023-08-14T13:33:04.469+0300] {processor.py:179} INFO - Processing /home/soamariaka/.local/lib/python3.9/site-packages/airflow/example_dags/example_time_delta_sensor_async.py took 0.329 seconds
[2023-08-14T13:34:08.829+0300] {processor.py:157} INFO - Started process (PID=10915) to work on /home/soamariaka/.local/lib/python3.9/site-packages/airflow/example_dags/example_time_delta_sensor_async.py
[2023-08-14T13:34:08.864+0300] {processor.py:826} INFO - Processing file /home/soamariaka/.local/lib/python3.9/site-packages/airflow/example_dags/example_time_delta_sensor_async.py for tasks to queue
[2023-08-14T13:34:08.866+0300] {logging_mixin.py:150} INFO - [2023-08-14T13:34:08.865+0300] {dagbag.py:541} INFO - Filling up the DagBag from /home/soamariaka/.local/lib/python3.9/site-packages/airflow/example_dags/example_time_delta_sensor_async.py
[2023-08-14T13:34:08.873+0300] {processor.py:836} INFO - DAG(s) dict_keys(['example_time_delta_sensor_async']) retrieved from /home/soamariaka/.local/lib/python3.9/site-packages/airflow/example_dags/example_time_delta_sensor_async.py
[2023-08-14T13:34:08.911+0300] {logging_mixin.py:150} INFO - [2023-08-14T13:34:08.910+0300] {dag.py:2742} INFO - Sync 1 DAGs
[2023-08-14T13:34:08.952+0300] {logging_mixin.py:150} INFO - [2023-08-14T13:34:08.951+0300] {dag.py:3504} INFO - Setting next_dagrun for example_time_delta_sensor_async to None, run_after=None
[2023-08-14T13:34:09.393+0300] {processor.py:179} INFO - Processing /home/soamariaka/.local/lib/python3.9/site-packages/airflow/example_dags/example_time_delta_sensor_async.py took 0.568 seconds
[2023-08-14T13:35:39.637+0300] {processor.py:157} INFO - Started process (PID=11051) to work on /home/soamariaka/.local/lib/python3.9/site-packages/airflow/example_dags/example_time_delta_sensor_async.py
[2023-08-14T13:35:39.640+0300] {processor.py:826} INFO - Processing file /home/soamariaka/.local/lib/python3.9/site-packages/airflow/example_dags/example_time_delta_sensor_async.py for tasks to queue
[2023-08-14T13:35:39.641+0300] {logging_mixin.py:150} INFO - [2023-08-14T13:35:39.641+0300] {dagbag.py:541} INFO - Filling up the DagBag from /home/soamariaka/.local/lib/python3.9/site-packages/airflow/example_dags/example_time_delta_sensor_async.py
[2023-08-14T13:35:39.651+0300] {processor.py:836} INFO - DAG(s) dict_keys(['example_time_delta_sensor_async']) retrieved from /home/soamariaka/.local/lib/python3.9/site-packages/airflow/example_dags/example_time_delta_sensor_async.py
[2023-08-14T13:35:39.682+0300] {logging_mixin.py:150} INFO - [2023-08-14T13:35:39.681+0300] {dag.py:2742} INFO - Sync 1 DAGs
[2023-08-14T13:35:39.722+0300] {logging_mixin.py:150} INFO - [2023-08-14T13:35:39.722+0300] {dag.py:3504} INFO - Setting next_dagrun for example_time_delta_sensor_async to None, run_after=None
[2023-08-14T13:35:39.885+0300] {processor.py:179} INFO - Processing /home/soamariaka/.local/lib/python3.9/site-packages/airflow/example_dags/example_time_delta_sensor_async.py took 0.255 seconds
[2023-08-14T13:36:40.002+0300] {processor.py:157} INFO - Started process (PID=11108) to work on /home/soamariaka/.local/lib/python3.9/site-packages/airflow/example_dags/example_time_delta_sensor_async.py
[2023-08-14T13:36:40.005+0300] {processor.py:826} INFO - Processing file /home/soamariaka/.local/lib/python3.9/site-packages/airflow/example_dags/example_time_delta_sensor_async.py for tasks to queue
[2023-08-14T13:36:40.007+0300] {logging_mixin.py:150} INFO - [2023-08-14T13:36:40.006+0300] {dagbag.py:541} INFO - Filling up the DagBag from /home/soamariaka/.local/lib/python3.9/site-packages/airflow/example_dags/example_time_delta_sensor_async.py
[2023-08-14T13:36:40.016+0300] {processor.py:836} INFO - DAG(s) dict_keys(['example_time_delta_sensor_async']) retrieved from /home/soamariaka/.local/lib/python3.9/site-packages/airflow/example_dags/example_time_delta_sensor_async.py
[2023-08-14T13:36:40.046+0300] {logging_mixin.py:150} INFO - [2023-08-14T13:36:40.046+0300] {dag.py:2742} INFO - Sync 1 DAGs
[2023-08-14T13:36:40.079+0300] {logging_mixin.py:150} INFO - [2023-08-14T13:36:40.078+0300] {dag.py:3504} INFO - Setting next_dagrun for example_time_delta_sensor_async to None, run_after=None
[2023-08-14T13:36:40.202+0300] {processor.py:179} INFO - Processing /home/soamariaka/.local/lib/python3.9/site-packages/airflow/example_dags/example_time_delta_sensor_async.py took 0.206 seconds
[2023-08-14T13:37:39.200+0300] {processor.py:157} INFO - Started process (PID=11234) to work on /home/soamariaka/.local/lib/python3.9/site-packages/airflow/example_dags/example_time_delta_sensor_async.py
[2023-08-14T13:37:39.218+0300] {processor.py:826} INFO - Processing file /home/soamariaka/.local/lib/python3.9/site-packages/airflow/example_dags/example_time_delta_sensor_async.py for tasks to queue
[2023-08-14T13:37:39.220+0300] {logging_mixin.py:150} INFO - [2023-08-14T13:37:39.219+0300] {dagbag.py:541} INFO - Filling up the DagBag from /home/soamariaka/.local/lib/python3.9/site-packages/airflow/example_dags/example_time_delta_sensor_async.py
[2023-08-14T13:37:39.228+0300] {processor.py:836} INFO - DAG(s) dict_keys(['example_time_delta_sensor_async']) retrieved from /home/soamariaka/.local/lib/python3.9/site-packages/airflow/example_dags/example_time_delta_sensor_async.py
[2023-08-14T13:37:39.262+0300] {logging_mixin.py:150} INFO - [2023-08-14T13:37:39.262+0300] {dag.py:2742} INFO - Sync 1 DAGs
[2023-08-14T13:37:39.304+0300] {logging_mixin.py:150} INFO - [2023-08-14T13:37:39.303+0300] {dag.py:3504} INFO - Setting next_dagrun for example_time_delta_sensor_async to None, run_after=None
[2023-08-14T13:37:39.494+0300] {processor.py:179} INFO - Processing /home/soamariaka/.local/lib/python3.9/site-packages/airflow/example_dags/example_time_delta_sensor_async.py took 0.299 seconds
[2023-08-14T13:38:39.992+0300] {processor.py:157} INFO - Started process (PID=11354) to work on /home/soamariaka/.local/lib/python3.9/site-packages/airflow/example_dags/example_time_delta_sensor_async.py
[2023-08-14T13:38:39.994+0300] {processor.py:826} INFO - Processing file /home/soamariaka/.local/lib/python3.9/site-packages/airflow/example_dags/example_time_delta_sensor_async.py for tasks to queue
[2023-08-14T13:38:39.995+0300] {logging_mixin.py:150} INFO - [2023-08-14T13:38:39.995+0300] {dagbag.py:541} INFO - Filling up the DagBag from /home/soamariaka/.local/lib/python3.9/site-packages/airflow/example_dags/example_time_delta_sensor_async.py
[2023-08-14T13:38:40.004+0300] {processor.py:836} INFO - DAG(s) dict_keys(['example_time_delta_sensor_async']) retrieved from /home/soamariaka/.local/lib/python3.9/site-packages/airflow/example_dags/example_time_delta_sensor_async.py
[2023-08-14T13:38:40.046+0300] {logging_mixin.py:150} INFO - [2023-08-14T13:38:40.046+0300] {dag.py:2742} INFO - Sync 1 DAGs
[2023-08-14T13:38:40.077+0300] {logging_mixin.py:150} INFO - [2023-08-14T13:38:40.076+0300] {dag.py:3504} INFO - Setting next_dagrun for example_time_delta_sensor_async to None, run_after=None
[2023-08-14T13:38:40.212+0300] {processor.py:179} INFO - Processing /home/soamariaka/.local/lib/python3.9/site-packages/airflow/example_dags/example_time_delta_sensor_async.py took 0.225 seconds
[2023-08-14T13:39:45.098+0300] {processor.py:157} INFO - Started process (PID=11445) to work on /home/soamariaka/.local/lib/python3.9/site-packages/airflow/example_dags/example_time_delta_sensor_async.py
[2023-08-14T13:39:45.135+0300] {processor.py:826} INFO - Processing file /home/soamariaka/.local/lib/python3.9/site-packages/airflow/example_dags/example_time_delta_sensor_async.py for tasks to queue
[2023-08-14T13:39:45.136+0300] {logging_mixin.py:150} INFO - [2023-08-14T13:39:45.136+0300] {dagbag.py:541} INFO - Filling up the DagBag from /home/soamariaka/.local/lib/python3.9/site-packages/airflow/example_dags/example_time_delta_sensor_async.py
[2023-08-14T13:39:45.145+0300] {processor.py:836} INFO - DAG(s) dict_keys(['example_time_delta_sensor_async']) retrieved from /home/soamariaka/.local/lib/python3.9/site-packages/airflow/example_dags/example_time_delta_sensor_async.py
[2023-08-14T13:39:45.179+0300] {logging_mixin.py:150} INFO - [2023-08-14T13:39:45.178+0300] {dag.py:2742} INFO - Sync 1 DAGs
[2023-08-14T13:39:45.220+0300] {logging_mixin.py:150} INFO - [2023-08-14T13:39:45.220+0300] {dag.py:3504} INFO - Setting next_dagrun for example_time_delta_sensor_async to None, run_after=None
[2023-08-14T13:39:45.355+0300] {processor.py:179} INFO - Processing /home/soamariaka/.local/lib/python3.9/site-packages/airflow/example_dags/example_time_delta_sensor_async.py took 0.262 seconds
[2023-08-14T13:40:42.857+0300] {processor.py:157} INFO - Started process (PID=11515) to work on /home/soamariaka/.local/lib/python3.9/site-packages/airflow/example_dags/example_time_delta_sensor_async.py
[2023-08-14T13:40:42.860+0300] {processor.py:826} INFO - Processing file /home/soamariaka/.local/lib/python3.9/site-packages/airflow/example_dags/example_time_delta_sensor_async.py for tasks to queue
[2023-08-14T13:40:42.861+0300] {logging_mixin.py:150} INFO - [2023-08-14T13:40:42.861+0300] {dagbag.py:541} INFO - Filling up the DagBag from /home/soamariaka/.local/lib/python3.9/site-packages/airflow/example_dags/example_time_delta_sensor_async.py
[2023-08-14T13:40:42.869+0300] {processor.py:836} INFO - DAG(s) dict_keys(['example_time_delta_sensor_async']) retrieved from /home/soamariaka/.local/lib/python3.9/site-packages/airflow/example_dags/example_time_delta_sensor_async.py
[2023-08-14T13:40:42.897+0300] {logging_mixin.py:150} INFO - [2023-08-14T13:40:42.896+0300] {dag.py:2742} INFO - Sync 1 DAGs
[2023-08-14T13:40:42.928+0300] {logging_mixin.py:150} INFO - [2023-08-14T13:40:42.927+0300] {dag.py:3504} INFO - Setting next_dagrun for example_time_delta_sensor_async to None, run_after=None
[2023-08-14T13:40:43.067+0300] {processor.py:179} INFO - Processing /home/soamariaka/.local/lib/python3.9/site-packages/airflow/example_dags/example_time_delta_sensor_async.py took 0.215 seconds
[2023-08-14T13:41:36.870+0300] {processor.py:157} INFO - Started process (PID=11594) to work on /home/soamariaka/.local/lib/python3.9/site-packages/airflow/example_dags/example_time_delta_sensor_async.py
[2023-08-14T13:41:36.873+0300] {processor.py:826} INFO - Processing file /home/soamariaka/.local/lib/python3.9/site-packages/airflow/example_dags/example_time_delta_sensor_async.py for tasks to queue
[2023-08-14T13:41:36.874+0300] {logging_mixin.py:150} INFO - [2023-08-14T13:41:36.873+0300] {dagbag.py:541} INFO - Filling up the DagBag from /home/soamariaka/.local/lib/python3.9/site-packages/airflow/example_dags/example_time_delta_sensor_async.py
[2023-08-14T13:41:36.881+0300] {processor.py:836} INFO - DAG(s) dict_keys(['example_time_delta_sensor_async']) retrieved from /home/soamariaka/.local/lib/python3.9/site-packages/airflow/example_dags/example_time_delta_sensor_async.py
[2023-08-14T13:41:36.908+0300] {logging_mixin.py:150} INFO - [2023-08-14T13:41:36.908+0300] {dag.py:2742} INFO - Sync 1 DAGs
[2023-08-14T13:41:36.938+0300] {logging_mixin.py:150} INFO - [2023-08-14T13:41:36.938+0300] {dag.py:3504} INFO - Setting next_dagrun for example_time_delta_sensor_async to None, run_after=None
[2023-08-14T13:41:37.099+0300] {processor.py:179} INFO - Processing /home/soamariaka/.local/lib/python3.9/site-packages/airflow/example_dags/example_time_delta_sensor_async.py took 0.234 seconds
[2023-08-14T13:42:32.580+0300] {processor.py:157} INFO - Started process (PID=11644) to work on /home/soamariaka/.local/lib/python3.9/site-packages/airflow/example_dags/example_time_delta_sensor_async.py
[2023-08-14T13:42:32.582+0300] {processor.py:826} INFO - Processing file /home/soamariaka/.local/lib/python3.9/site-packages/airflow/example_dags/example_time_delta_sensor_async.py for tasks to queue
[2023-08-14T13:42:32.584+0300] {logging_mixin.py:150} INFO - [2023-08-14T13:42:32.583+0300] {dagbag.py:541} INFO - Filling up the DagBag from /home/soamariaka/.local/lib/python3.9/site-packages/airflow/example_dags/example_time_delta_sensor_async.py
[2023-08-14T13:42:32.591+0300] {processor.py:836} INFO - DAG(s) dict_keys(['example_time_delta_sensor_async']) retrieved from /home/soamariaka/.local/lib/python3.9/site-packages/airflow/example_dags/example_time_delta_sensor_async.py
[2023-08-14T13:42:32.619+0300] {logging_mixin.py:150} INFO - [2023-08-14T13:42:32.618+0300] {dag.py:2742} INFO - Sync 1 DAGs
[2023-08-14T13:42:32.649+0300] {logging_mixin.py:150} INFO - [2023-08-14T13:42:32.649+0300] {dag.py:3504} INFO - Setting next_dagrun for example_time_delta_sensor_async to None, run_after=None
[2023-08-14T13:42:32.788+0300] {processor.py:179} INFO - Processing /home/soamariaka/.local/lib/python3.9/site-packages/airflow/example_dags/example_time_delta_sensor_async.py took 0.213 seconds
[2023-08-14T13:43:26.072+0300] {processor.py:157} INFO - Started process (PID=11693) to work on /home/soamariaka/.local/lib/python3.9/site-packages/airflow/example_dags/example_time_delta_sensor_async.py
[2023-08-14T13:43:26.089+0300] {processor.py:826} INFO - Processing file /home/soamariaka/.local/lib/python3.9/site-packages/airflow/example_dags/example_time_delta_sensor_async.py for tasks to queue
[2023-08-14T13:43:26.091+0300] {logging_mixin.py:150} INFO - [2023-08-14T13:43:26.091+0300] {dagbag.py:541} INFO - Filling up the DagBag from /home/soamariaka/.local/lib/python3.9/site-packages/airflow/example_dags/example_time_delta_sensor_async.py
[2023-08-14T13:43:26.100+0300] {processor.py:836} INFO - DAG(s) dict_keys(['example_time_delta_sensor_async']) retrieved from /home/soamariaka/.local/lib/python3.9/site-packages/airflow/example_dags/example_time_delta_sensor_async.py
[2023-08-14T13:43:26.158+0300] {logging_mixin.py:150} INFO - [2023-08-14T13:43:26.158+0300] {dag.py:2742} INFO - Sync 1 DAGs
[2023-08-14T13:43:26.278+0300] {logging_mixin.py:150} INFO - [2023-08-14T13:43:26.277+0300] {dag.py:3504} INFO - Setting next_dagrun for example_time_delta_sensor_async to None, run_after=None
[2023-08-14T13:43:26.460+0300] {processor.py:179} INFO - Processing /home/soamariaka/.local/lib/python3.9/site-packages/airflow/example_dags/example_time_delta_sensor_async.py took 0.394 seconds
[2023-08-14T13:44:27.021+0300] {processor.py:157} INFO - Started process (PID=11775) to work on /home/soamariaka/.local/lib/python3.9/site-packages/airflow/example_dags/example_time_delta_sensor_async.py
[2023-08-14T13:44:27.055+0300] {processor.py:826} INFO - Processing file /home/soamariaka/.local/lib/python3.9/site-packages/airflow/example_dags/example_time_delta_sensor_async.py for tasks to queue
[2023-08-14T13:44:27.058+0300] {logging_mixin.py:150} INFO - [2023-08-14T13:44:27.057+0300] {dagbag.py:541} INFO - Filling up the DagBag from /home/soamariaka/.local/lib/python3.9/site-packages/airflow/example_dags/example_time_delta_sensor_async.py
[2023-08-14T13:44:27.066+0300] {processor.py:836} INFO - DAG(s) dict_keys(['example_time_delta_sensor_async']) retrieved from /home/soamariaka/.local/lib/python3.9/site-packages/airflow/example_dags/example_time_delta_sensor_async.py
[2023-08-14T13:44:27.097+0300] {logging_mixin.py:150} INFO - [2023-08-14T13:44:27.097+0300] {dag.py:2742} INFO - Sync 1 DAGs
[2023-08-14T13:44:27.130+0300] {logging_mixin.py:150} INFO - [2023-08-14T13:44:27.130+0300] {dag.py:3504} INFO - Setting next_dagrun for example_time_delta_sensor_async to None, run_after=None
[2023-08-14T13:44:27.572+0300] {processor.py:179} INFO - Processing /home/soamariaka/.local/lib/python3.9/site-packages/airflow/example_dags/example_time_delta_sensor_async.py took 0.556 seconds
[2023-08-14T13:45:35.016+0300] {processor.py:157} INFO - Started process (PID=11852) to work on /home/soamariaka/.local/lib/python3.9/site-packages/airflow/example_dags/example_time_delta_sensor_async.py
[2023-08-14T13:45:35.036+0300] {processor.py:826} INFO - Processing file /home/soamariaka/.local/lib/python3.9/site-packages/airflow/example_dags/example_time_delta_sensor_async.py for tasks to queue
[2023-08-14T13:45:35.037+0300] {logging_mixin.py:150} INFO - [2023-08-14T13:45:35.037+0300] {dagbag.py:541} INFO - Filling up the DagBag from /home/soamariaka/.local/lib/python3.9/site-packages/airflow/example_dags/example_time_delta_sensor_async.py
[2023-08-14T13:45:35.045+0300] {processor.py:836} INFO - DAG(s) dict_keys(['example_time_delta_sensor_async']) retrieved from /home/soamariaka/.local/lib/python3.9/site-packages/airflow/example_dags/example_time_delta_sensor_async.py
[2023-08-14T13:45:35.073+0300] {logging_mixin.py:150} INFO - [2023-08-14T13:45:35.072+0300] {dag.py:2742} INFO - Sync 1 DAGs
[2023-08-14T13:45:35.105+0300] {logging_mixin.py:150} INFO - [2023-08-14T13:45:35.105+0300] {dag.py:3504} INFO - Setting next_dagrun for example_time_delta_sensor_async to None, run_after=None
[2023-08-14T13:45:35.368+0300] {processor.py:179} INFO - Processing /home/soamariaka/.local/lib/python3.9/site-packages/airflow/example_dags/example_time_delta_sensor_async.py took 0.357 seconds
[2023-08-14T13:46:39.517+0300] {processor.py:157} INFO - Started process (PID=11942) to work on /home/soamariaka/.local/lib/python3.9/site-packages/airflow/example_dags/example_time_delta_sensor_async.py
[2023-08-14T13:46:39.519+0300] {processor.py:826} INFO - Processing file /home/soamariaka/.local/lib/python3.9/site-packages/airflow/example_dags/example_time_delta_sensor_async.py for tasks to queue
[2023-08-14T13:46:39.521+0300] {logging_mixin.py:150} INFO - [2023-08-14T13:46:39.520+0300] {dagbag.py:541} INFO - Filling up the DagBag from /home/soamariaka/.local/lib/python3.9/site-packages/airflow/example_dags/example_time_delta_sensor_async.py
[2023-08-14T13:46:39.528+0300] {processor.py:836} INFO - DAG(s) dict_keys(['example_time_delta_sensor_async']) retrieved from /home/soamariaka/.local/lib/python3.9/site-packages/airflow/example_dags/example_time_delta_sensor_async.py
[2023-08-14T13:46:39.557+0300] {logging_mixin.py:150} INFO - [2023-08-14T13:46:39.557+0300] {dag.py:2742} INFO - Sync 1 DAGs
[2023-08-14T13:46:39.588+0300] {logging_mixin.py:150} INFO - [2023-08-14T13:46:39.588+0300] {dag.py:3504} INFO - Setting next_dagrun for example_time_delta_sensor_async to None, run_after=None
[2023-08-14T13:46:39.756+0300] {processor.py:179} INFO - Processing /home/soamariaka/.local/lib/python3.9/site-packages/airflow/example_dags/example_time_delta_sensor_async.py took 0.245 seconds
[2023-08-14T13:47:38.215+0300] {processor.py:157} INFO - Started process (PID=11998) to work on /home/soamariaka/.local/lib/python3.9/site-packages/airflow/example_dags/example_time_delta_sensor_async.py
[2023-08-14T13:47:38.233+0300] {processor.py:826} INFO - Processing file /home/soamariaka/.local/lib/python3.9/site-packages/airflow/example_dags/example_time_delta_sensor_async.py for tasks to queue
[2023-08-14T13:47:38.235+0300] {logging_mixin.py:150} INFO - [2023-08-14T13:47:38.234+0300] {dagbag.py:541} INFO - Filling up the DagBag from /home/soamariaka/.local/lib/python3.9/site-packages/airflow/example_dags/example_time_delta_sensor_async.py
[2023-08-14T13:47:38.243+0300] {processor.py:836} INFO - DAG(s) dict_keys(['example_time_delta_sensor_async']) retrieved from /home/soamariaka/.local/lib/python3.9/site-packages/airflow/example_dags/example_time_delta_sensor_async.py
[2023-08-14T13:47:38.273+0300] {logging_mixin.py:150} INFO - [2023-08-14T13:47:38.273+0300] {dag.py:2742} INFO - Sync 1 DAGs
[2023-08-14T13:47:38.305+0300] {logging_mixin.py:150} INFO - [2023-08-14T13:47:38.305+0300] {dag.py:3504} INFO - Setting next_dagrun for example_time_delta_sensor_async to None, run_after=None
[2023-08-14T13:47:38.431+0300] {processor.py:179} INFO - Processing /home/soamariaka/.local/lib/python3.9/site-packages/airflow/example_dags/example_time_delta_sensor_async.py took 0.221 seconds
[2023-08-14T13:48:40.610+0300] {processor.py:157} INFO - Started process (PID=12091) to work on /home/soamariaka/.local/lib/python3.9/site-packages/airflow/example_dags/example_time_delta_sensor_async.py
[2023-08-14T13:48:40.612+0300] {processor.py:826} INFO - Processing file /home/soamariaka/.local/lib/python3.9/site-packages/airflow/example_dags/example_time_delta_sensor_async.py for tasks to queue
[2023-08-14T13:48:40.614+0300] {logging_mixin.py:150} INFO - [2023-08-14T13:48:40.613+0300] {dagbag.py:541} INFO - Filling up the DagBag from /home/soamariaka/.local/lib/python3.9/site-packages/airflow/example_dags/example_time_delta_sensor_async.py
[2023-08-14T13:48:40.622+0300] {processor.py:836} INFO - DAG(s) dict_keys(['example_time_delta_sensor_async']) retrieved from /home/soamariaka/.local/lib/python3.9/site-packages/airflow/example_dags/example_time_delta_sensor_async.py
[2023-08-14T13:48:40.650+0300] {logging_mixin.py:150} INFO - [2023-08-14T13:48:40.650+0300] {dag.py:2742} INFO - Sync 1 DAGs
[2023-08-14T13:48:40.681+0300] {logging_mixin.py:150} INFO - [2023-08-14T13:48:40.681+0300] {dag.py:3504} INFO - Setting next_dagrun for example_time_delta_sensor_async to None, run_after=None
[2023-08-14T13:48:40.823+0300] {processor.py:179} INFO - Processing /home/soamariaka/.local/lib/python3.9/site-packages/airflow/example_dags/example_time_delta_sensor_async.py took 0.219 seconds
[2023-08-14T13:49:42.120+0300] {processor.py:157} INFO - Started process (PID=12149) to work on /home/soamariaka/.local/lib/python3.9/site-packages/airflow/example_dags/example_time_delta_sensor_async.py
[2023-08-14T13:49:42.121+0300] {processor.py:826} INFO - Processing file /home/soamariaka/.local/lib/python3.9/site-packages/airflow/example_dags/example_time_delta_sensor_async.py for tasks to queue
[2023-08-14T13:49:42.123+0300] {logging_mixin.py:150} INFO - [2023-08-14T13:49:42.122+0300] {dagbag.py:541} INFO - Filling up the DagBag from /home/soamariaka/.local/lib/python3.9/site-packages/airflow/example_dags/example_time_delta_sensor_async.py
[2023-08-14T13:49:42.131+0300] {processor.py:836} INFO - DAG(s) dict_keys(['example_time_delta_sensor_async']) retrieved from /home/soamariaka/.local/lib/python3.9/site-packages/airflow/example_dags/example_time_delta_sensor_async.py
[2023-08-14T13:49:42.159+0300] {logging_mixin.py:150} INFO - [2023-08-14T13:49:42.159+0300] {dag.py:2742} INFO - Sync 1 DAGs
[2023-08-14T13:49:42.191+0300] {logging_mixin.py:150} INFO - [2023-08-14T13:49:42.190+0300] {dag.py:3504} INFO - Setting next_dagrun for example_time_delta_sensor_async to None, run_after=None
[2023-08-14T13:49:42.327+0300] {processor.py:179} INFO - Processing /home/soamariaka/.local/lib/python3.9/site-packages/airflow/example_dags/example_time_delta_sensor_async.py took 0.213 seconds
[2023-08-14T13:50:48.027+0300] {processor.py:157} INFO - Started process (PID=12226) to work on /home/soamariaka/.local/lib/python3.9/site-packages/airflow/example_dags/example_time_delta_sensor_async.py
[2023-08-14T13:50:48.029+0300] {processor.py:826} INFO - Processing file /home/soamariaka/.local/lib/python3.9/site-packages/airflow/example_dags/example_time_delta_sensor_async.py for tasks to queue
[2023-08-14T13:50:48.031+0300] {logging_mixin.py:150} INFO - [2023-08-14T13:50:48.030+0300] {dagbag.py:541} INFO - Filling up the DagBag from /home/soamariaka/.local/lib/python3.9/site-packages/airflow/example_dags/example_time_delta_sensor_async.py
[2023-08-14T13:50:48.039+0300] {processor.py:836} INFO - DAG(s) dict_keys(['example_time_delta_sensor_async']) retrieved from /home/soamariaka/.local/lib/python3.9/site-packages/airflow/example_dags/example_time_delta_sensor_async.py
[2023-08-14T13:50:48.067+0300] {logging_mixin.py:150} INFO - [2023-08-14T13:50:48.067+0300] {dag.py:2742} INFO - Sync 1 DAGs
[2023-08-14T13:50:48.112+0300] {logging_mixin.py:150} INFO - [2023-08-14T13:50:48.112+0300] {dag.py:3504} INFO - Setting next_dagrun for example_time_delta_sensor_async to None, run_after=None
[2023-08-14T13:50:48.299+0300] {processor.py:179} INFO - Processing /home/soamariaka/.local/lib/python3.9/site-packages/airflow/example_dags/example_time_delta_sensor_async.py took 0.278 seconds
[2023-08-14T13:51:53.509+0300] {processor.py:157} INFO - Started process (PID=12320) to work on /home/soamariaka/.local/lib/python3.9/site-packages/airflow/example_dags/example_time_delta_sensor_async.py
[2023-08-14T13:51:53.511+0300] {processor.py:826} INFO - Processing file /home/soamariaka/.local/lib/python3.9/site-packages/airflow/example_dags/example_time_delta_sensor_async.py for tasks to queue
[2023-08-14T13:51:53.512+0300] {logging_mixin.py:150} INFO - [2023-08-14T13:51:53.512+0300] {dagbag.py:541} INFO - Filling up the DagBag from /home/soamariaka/.local/lib/python3.9/site-packages/airflow/example_dags/example_time_delta_sensor_async.py
[2023-08-14T13:51:53.521+0300] {processor.py:836} INFO - DAG(s) dict_keys(['example_time_delta_sensor_async']) retrieved from /home/soamariaka/.local/lib/python3.9/site-packages/airflow/example_dags/example_time_delta_sensor_async.py
[2023-08-14T13:51:53.551+0300] {logging_mixin.py:150} INFO - [2023-08-14T13:51:53.551+0300] {dag.py:2742} INFO - Sync 1 DAGs
[2023-08-14T13:51:53.595+0300] {logging_mixin.py:150} INFO - [2023-08-14T13:51:53.595+0300] {dag.py:3504} INFO - Setting next_dagrun for example_time_delta_sensor_async to None, run_after=None
[2023-08-14T13:51:53.711+0300] {processor.py:179} INFO - Processing /home/soamariaka/.local/lib/python3.9/site-packages/airflow/example_dags/example_time_delta_sensor_async.py took 0.208 seconds
[2023-08-14T13:52:55.576+0300] {processor.py:157} INFO - Started process (PID=12376) to work on /home/soamariaka/.local/lib/python3.9/site-packages/airflow/example_dags/example_time_delta_sensor_async.py
[2023-08-14T13:52:55.578+0300] {processor.py:826} INFO - Processing file /home/soamariaka/.local/lib/python3.9/site-packages/airflow/example_dags/example_time_delta_sensor_async.py for tasks to queue
[2023-08-14T13:52:55.580+0300] {logging_mixin.py:150} INFO - [2023-08-14T13:52:55.579+0300] {dagbag.py:541} INFO - Filling up the DagBag from /home/soamariaka/.local/lib/python3.9/site-packages/airflow/example_dags/example_time_delta_sensor_async.py
[2023-08-14T13:52:55.588+0300] {processor.py:836} INFO - DAG(s) dict_keys(['example_time_delta_sensor_async']) retrieved from /home/soamariaka/.local/lib/python3.9/site-packages/airflow/example_dags/example_time_delta_sensor_async.py
[2023-08-14T13:52:55.617+0300] {logging_mixin.py:150} INFO - [2023-08-14T13:52:55.616+0300] {dag.py:2742} INFO - Sync 1 DAGs
[2023-08-14T13:52:55.647+0300] {logging_mixin.py:150} INFO - [2023-08-14T13:52:55.647+0300] {dag.py:3504} INFO - Setting next_dagrun for example_time_delta_sensor_async to None, run_after=None
[2023-08-14T13:52:55.860+0300] {processor.py:179} INFO - Processing /home/soamariaka/.local/lib/python3.9/site-packages/airflow/example_dags/example_time_delta_sensor_async.py took 0.289 seconds
[2023-08-14T13:54:00.539+0300] {processor.py:157} INFO - Started process (PID=12437) to work on /home/soamariaka/.local/lib/python3.9/site-packages/airflow/example_dags/example_time_delta_sensor_async.py
[2023-08-14T13:54:00.542+0300] {processor.py:826} INFO - Processing file /home/soamariaka/.local/lib/python3.9/site-packages/airflow/example_dags/example_time_delta_sensor_async.py for tasks to queue
[2023-08-14T13:54:00.544+0300] {logging_mixin.py:150} INFO - [2023-08-14T13:54:00.543+0300] {dagbag.py:541} INFO - Filling up the DagBag from /home/soamariaka/.local/lib/python3.9/site-packages/airflow/example_dags/example_time_delta_sensor_async.py
[2023-08-14T13:54:00.553+0300] {processor.py:836} INFO - DAG(s) dict_keys(['example_time_delta_sensor_async']) retrieved from /home/soamariaka/.local/lib/python3.9/site-packages/airflow/example_dags/example_time_delta_sensor_async.py
[2023-08-14T13:54:00.581+0300] {logging_mixin.py:150} INFO - [2023-08-14T13:54:00.580+0300] {dag.py:2742} INFO - Sync 1 DAGs
[2023-08-14T13:54:00.611+0300] {logging_mixin.py:150} INFO - [2023-08-14T13:54:00.611+0300] {dag.py:3504} INFO - Setting next_dagrun for example_time_delta_sensor_async to None, run_after=None
[2023-08-14T13:54:00.747+0300] {processor.py:179} INFO - Processing /home/soamariaka/.local/lib/python3.9/site-packages/airflow/example_dags/example_time_delta_sensor_async.py took 0.214 seconds
[2023-08-14T13:55:05.954+0300] {processor.py:157} INFO - Started process (PID=12553) to work on /home/soamariaka/.local/lib/python3.9/site-packages/airflow/example_dags/example_time_delta_sensor_async.py
[2023-08-14T13:55:05.975+0300] {processor.py:826} INFO - Processing file /home/soamariaka/.local/lib/python3.9/site-packages/airflow/example_dags/example_time_delta_sensor_async.py for tasks to queue
[2023-08-14T13:55:05.988+0300] {logging_mixin.py:150} INFO - [2023-08-14T13:55:05.987+0300] {dagbag.py:541} INFO - Filling up the DagBag from /home/soamariaka/.local/lib/python3.9/site-packages/airflow/example_dags/example_time_delta_sensor_async.py
[2023-08-14T13:55:05.996+0300] {processor.py:836} INFO - DAG(s) dict_keys(['example_time_delta_sensor_async']) retrieved from /home/soamariaka/.local/lib/python3.9/site-packages/airflow/example_dags/example_time_delta_sensor_async.py
[2023-08-14T13:55:06.030+0300] {logging_mixin.py:150} INFO - [2023-08-14T13:55:06.030+0300] {dag.py:2742} INFO - Sync 1 DAGs
[2023-08-14T13:55:06.070+0300] {logging_mixin.py:150} INFO - [2023-08-14T13:55:06.070+0300] {dag.py:3504} INFO - Setting next_dagrun for example_time_delta_sensor_async to None, run_after=None
[2023-08-14T13:55:06.284+0300] {processor.py:179} INFO - Processing /home/soamariaka/.local/lib/python3.9/site-packages/airflow/example_dags/example_time_delta_sensor_async.py took 0.334 seconds
[2023-08-14T13:56:14.627+0300] {processor.py:157} INFO - Started process (PID=12627) to work on /home/soamariaka/.local/lib/python3.9/site-packages/airflow/example_dags/example_time_delta_sensor_async.py
[2023-08-14T13:56:14.640+0300] {processor.py:826} INFO - Processing file /home/soamariaka/.local/lib/python3.9/site-packages/airflow/example_dags/example_time_delta_sensor_async.py for tasks to queue
[2023-08-14T13:56:14.641+0300] {logging_mixin.py:150} INFO - [2023-08-14T13:56:14.641+0300] {dagbag.py:541} INFO - Filling up the DagBag from /home/soamariaka/.local/lib/python3.9/site-packages/airflow/example_dags/example_time_delta_sensor_async.py
[2023-08-14T13:56:14.649+0300] {processor.py:836} INFO - DAG(s) dict_keys(['example_time_delta_sensor_async']) retrieved from /home/soamariaka/.local/lib/python3.9/site-packages/airflow/example_dags/example_time_delta_sensor_async.py
[2023-08-14T13:56:14.676+0300] {logging_mixin.py:150} INFO - [2023-08-14T13:56:14.676+0300] {dag.py:2742} INFO - Sync 1 DAGs
[2023-08-14T13:56:14.706+0300] {logging_mixin.py:150} INFO - [2023-08-14T13:56:14.706+0300] {dag.py:3504} INFO - Setting next_dagrun for example_time_delta_sensor_async to None, run_after=None
[2023-08-14T13:56:14.972+0300] {processor.py:179} INFO - Processing /home/soamariaka/.local/lib/python3.9/site-packages/airflow/example_dags/example_time_delta_sensor_async.py took 0.350 seconds
[2023-08-14T13:57:22.487+0300] {processor.py:157} INFO - Started process (PID=12698) to work on /home/soamariaka/.local/lib/python3.9/site-packages/airflow/example_dags/example_time_delta_sensor_async.py
[2023-08-14T13:57:22.490+0300] {processor.py:826} INFO - Processing file /home/soamariaka/.local/lib/python3.9/site-packages/airflow/example_dags/example_time_delta_sensor_async.py for tasks to queue
[2023-08-14T13:57:22.491+0300] {logging_mixin.py:150} INFO - [2023-08-14T13:57:22.491+0300] {dagbag.py:541} INFO - Filling up the DagBag from /home/soamariaka/.local/lib/python3.9/site-packages/airflow/example_dags/example_time_delta_sensor_async.py
[2023-08-14T13:57:22.499+0300] {processor.py:836} INFO - DAG(s) dict_keys(['example_time_delta_sensor_async']) retrieved from /home/soamariaka/.local/lib/python3.9/site-packages/airflow/example_dags/example_time_delta_sensor_async.py
[2023-08-14T13:57:22.528+0300] {logging_mixin.py:150} INFO - [2023-08-14T13:57:22.528+0300] {dag.py:2742} INFO - Sync 1 DAGs
[2023-08-14T13:57:22.560+0300] {logging_mixin.py:150} INFO - [2023-08-14T13:57:22.560+0300] {dag.py:3504} INFO - Setting next_dagrun for example_time_delta_sensor_async to None, run_after=None
[2023-08-14T13:57:22.707+0300] {processor.py:179} INFO - Processing /home/soamariaka/.local/lib/python3.9/site-packages/airflow/example_dags/example_time_delta_sensor_async.py took 0.225 seconds
[2023-08-14T13:58:24.232+0300] {processor.py:157} INFO - Started process (PID=12756) to work on /home/soamariaka/.local/lib/python3.9/site-packages/airflow/example_dags/example_time_delta_sensor_async.py
[2023-08-14T13:58:24.251+0300] {processor.py:826} INFO - Processing file /home/soamariaka/.local/lib/python3.9/site-packages/airflow/example_dags/example_time_delta_sensor_async.py for tasks to queue
[2023-08-14T13:58:24.252+0300] {logging_mixin.py:150} INFO - [2023-08-14T13:58:24.252+0300] {dagbag.py:541} INFO - Filling up the DagBag from /home/soamariaka/.local/lib/python3.9/site-packages/airflow/example_dags/example_time_delta_sensor_async.py
[2023-08-14T13:58:24.260+0300] {processor.py:836} INFO - DAG(s) dict_keys(['example_time_delta_sensor_async']) retrieved from /home/soamariaka/.local/lib/python3.9/site-packages/airflow/example_dags/example_time_delta_sensor_async.py
[2023-08-14T13:58:24.290+0300] {logging_mixin.py:150} INFO - [2023-08-14T13:58:24.289+0300] {dag.py:2742} INFO - Sync 1 DAGs
[2023-08-14T13:58:24.321+0300] {logging_mixin.py:150} INFO - [2023-08-14T13:58:24.321+0300] {dag.py:3504} INFO - Setting next_dagrun for example_time_delta_sensor_async to None, run_after=None
[2023-08-14T13:58:24.457+0300] {processor.py:179} INFO - Processing /home/soamariaka/.local/lib/python3.9/site-packages/airflow/example_dags/example_time_delta_sensor_async.py took 0.232 seconds
[2023-08-14T13:59:29.478+0300] {processor.py:157} INFO - Started process (PID=12845) to work on /home/soamariaka/.local/lib/python3.9/site-packages/airflow/example_dags/example_time_delta_sensor_async.py
[2023-08-14T13:59:29.480+0300] {processor.py:826} INFO - Processing file /home/soamariaka/.local/lib/python3.9/site-packages/airflow/example_dags/example_time_delta_sensor_async.py for tasks to queue
[2023-08-14T13:59:29.481+0300] {logging_mixin.py:150} INFO - [2023-08-14T13:59:29.481+0300] {dagbag.py:541} INFO - Filling up the DagBag from /home/soamariaka/.local/lib/python3.9/site-packages/airflow/example_dags/example_time_delta_sensor_async.py
[2023-08-14T13:59:29.489+0300] {processor.py:836} INFO - DAG(s) dict_keys(['example_time_delta_sensor_async']) retrieved from /home/soamariaka/.local/lib/python3.9/site-packages/airflow/example_dags/example_time_delta_sensor_async.py
[2023-08-14T13:59:29.518+0300] {logging_mixin.py:150} INFO - [2023-08-14T13:59:29.518+0300] {dag.py:2742} INFO - Sync 1 DAGs
[2023-08-14T13:59:29.549+0300] {logging_mixin.py:150} INFO - [2023-08-14T13:59:29.548+0300] {dag.py:3504} INFO - Setting next_dagrun for example_time_delta_sensor_async to None, run_after=None
[2023-08-14T13:59:29.777+0300] {processor.py:179} INFO - Processing /home/soamariaka/.local/lib/python3.9/site-packages/airflow/example_dags/example_time_delta_sensor_async.py took 0.305 seconds
[2023-08-14T14:00:32.633+0300] {processor.py:157} INFO - Started process (PID=12929) to work on /home/soamariaka/.local/lib/python3.9/site-packages/airflow/example_dags/example_time_delta_sensor_async.py
[2023-08-14T14:00:32.670+0300] {processor.py:826} INFO - Processing file /home/soamariaka/.local/lib/python3.9/site-packages/airflow/example_dags/example_time_delta_sensor_async.py for tasks to queue
[2023-08-14T14:00:32.672+0300] {logging_mixin.py:150} INFO - [2023-08-14T14:00:32.671+0300] {dagbag.py:541} INFO - Filling up the DagBag from /home/soamariaka/.local/lib/python3.9/site-packages/airflow/example_dags/example_time_delta_sensor_async.py
[2023-08-14T14:00:32.680+0300] {processor.py:836} INFO - DAG(s) dict_keys(['example_time_delta_sensor_async']) retrieved from /home/soamariaka/.local/lib/python3.9/site-packages/airflow/example_dags/example_time_delta_sensor_async.py
[2023-08-14T14:00:32.712+0300] {logging_mixin.py:150} INFO - [2023-08-14T14:00:32.712+0300] {dag.py:2742} INFO - Sync 1 DAGs
[2023-08-14T14:00:32.746+0300] {logging_mixin.py:150} INFO - [2023-08-14T14:00:32.746+0300] {dag.py:3504} INFO - Setting next_dagrun for example_time_delta_sensor_async to None, run_after=None
[2023-08-14T14:00:32.891+0300] {processor.py:179} INFO - Processing /home/soamariaka/.local/lib/python3.9/site-packages/airflow/example_dags/example_time_delta_sensor_async.py took 0.264 seconds
[2023-08-14T14:01:35.199+0300] {processor.py:157} INFO - Started process (PID=12985) to work on /home/soamariaka/.local/lib/python3.9/site-packages/airflow/example_dags/example_time_delta_sensor_async.py
[2023-08-14T14:01:35.201+0300] {processor.py:826} INFO - Processing file /home/soamariaka/.local/lib/python3.9/site-packages/airflow/example_dags/example_time_delta_sensor_async.py for tasks to queue
[2023-08-14T14:01:35.203+0300] {logging_mixin.py:150} INFO - [2023-08-14T14:01:35.202+0300] {dagbag.py:541} INFO - Filling up the DagBag from /home/soamariaka/.local/lib/python3.9/site-packages/airflow/example_dags/example_time_delta_sensor_async.py
[2023-08-14T14:01:35.222+0300] {processor.py:836} INFO - DAG(s) dict_keys(['example_time_delta_sensor_async']) retrieved from /home/soamariaka/.local/lib/python3.9/site-packages/airflow/example_dags/example_time_delta_sensor_async.py
[2023-08-14T14:01:35.253+0300] {logging_mixin.py:150} INFO - [2023-08-14T14:01:35.253+0300] {dag.py:2742} INFO - Sync 1 DAGs
[2023-08-14T14:01:35.285+0300] {logging_mixin.py:150} INFO - [2023-08-14T14:01:35.284+0300] {dag.py:3504} INFO - Setting next_dagrun for example_time_delta_sensor_async to None, run_after=None
[2023-08-14T14:01:35.493+0300] {processor.py:179} INFO - Processing /home/soamariaka/.local/lib/python3.9/site-packages/airflow/example_dags/example_time_delta_sensor_async.py took 0.301 seconds
[2023-08-14T14:04:18.868+0300] {processor.py:157} INFO - Started process (PID=13712) to work on /home/soamariaka/.local/lib/python3.9/site-packages/airflow/example_dags/example_time_delta_sensor_async.py
[2023-08-14T14:04:18.870+0300] {processor.py:826} INFO - Processing file /home/soamariaka/.local/lib/python3.9/site-packages/airflow/example_dags/example_time_delta_sensor_async.py for tasks to queue
[2023-08-14T14:04:18.872+0300] {logging_mixin.py:150} INFO - [2023-08-14T14:04:18.871+0300] {dagbag.py:541} INFO - Filling up the DagBag from /home/soamariaka/.local/lib/python3.9/site-packages/airflow/example_dags/example_time_delta_sensor_async.py
[2023-08-14T14:04:18.880+0300] {processor.py:836} INFO - DAG(s) dict_keys(['example_time_delta_sensor_async']) retrieved from /home/soamariaka/.local/lib/python3.9/site-packages/airflow/example_dags/example_time_delta_sensor_async.py
[2023-08-14T14:04:18.910+0300] {logging_mixin.py:150} INFO - [2023-08-14T14:04:18.910+0300] {dag.py:2742} INFO - Sync 1 DAGs
[2023-08-14T14:04:18.941+0300] {logging_mixin.py:150} INFO - [2023-08-14T14:04:18.941+0300] {dag.py:3504} INFO - Setting next_dagrun for example_time_delta_sensor_async to None, run_after=None
[2023-08-14T14:04:19.248+0300] {processor.py:179} INFO - Processing /home/soamariaka/.local/lib/python3.9/site-packages/airflow/example_dags/example_time_delta_sensor_async.py took 0.385 seconds
[2023-08-14T14:05:19.780+0300] {processor.py:157} INFO - Started process (PID=13781) to work on /home/soamariaka/.local/lib/python3.9/site-packages/airflow/example_dags/example_time_delta_sensor_async.py
[2023-08-14T14:05:19.800+0300] {processor.py:826} INFO - Processing file /home/soamariaka/.local/lib/python3.9/site-packages/airflow/example_dags/example_time_delta_sensor_async.py for tasks to queue
[2023-08-14T14:05:19.802+0300] {logging_mixin.py:150} INFO - [2023-08-14T14:05:19.801+0300] {dagbag.py:541} INFO - Filling up the DagBag from /home/soamariaka/.local/lib/python3.9/site-packages/airflow/example_dags/example_time_delta_sensor_async.py
[2023-08-14T14:05:19.809+0300] {processor.py:836} INFO - DAG(s) dict_keys(['example_time_delta_sensor_async']) retrieved from /home/soamariaka/.local/lib/python3.9/site-packages/airflow/example_dags/example_time_delta_sensor_async.py
[2023-08-14T14:05:19.837+0300] {logging_mixin.py:150} INFO - [2023-08-14T14:05:19.837+0300] {dag.py:2742} INFO - Sync 1 DAGs
[2023-08-14T14:05:19.897+0300] {logging_mixin.py:150} INFO - [2023-08-14T14:05:19.896+0300] {dag.py:3504} INFO - Setting next_dagrun for example_time_delta_sensor_async to None, run_after=None
[2023-08-14T14:05:20.147+0300] {processor.py:179} INFO - Processing /home/soamariaka/.local/lib/python3.9/site-packages/airflow/example_dags/example_time_delta_sensor_async.py took 0.373 seconds
[2023-08-14T14:06:44.339+0300] {processor.py:157} INFO - Started process (PID=13856) to work on /home/soamariaka/.local/lib/python3.9/site-packages/airflow/example_dags/example_time_delta_sensor_async.py
[2023-08-14T14:06:44.341+0300] {processor.py:826} INFO - Processing file /home/soamariaka/.local/lib/python3.9/site-packages/airflow/example_dags/example_time_delta_sensor_async.py for tasks to queue
[2023-08-14T14:06:44.343+0300] {logging_mixin.py:150} INFO - [2023-08-14T14:06:44.342+0300] {dagbag.py:541} INFO - Filling up the DagBag from /home/soamariaka/.local/lib/python3.9/site-packages/airflow/example_dags/example_time_delta_sensor_async.py
[2023-08-14T14:06:44.350+0300] {processor.py:836} INFO - DAG(s) dict_keys(['example_time_delta_sensor_async']) retrieved from /home/soamariaka/.local/lib/python3.9/site-packages/airflow/example_dags/example_time_delta_sensor_async.py
[2023-08-14T14:06:44.383+0300] {logging_mixin.py:150} INFO - [2023-08-14T14:06:44.382+0300] {dag.py:2742} INFO - Sync 1 DAGs
[2023-08-14T14:06:44.423+0300] {logging_mixin.py:150} INFO - [2023-08-14T14:06:44.422+0300] {dag.py:3504} INFO - Setting next_dagrun for example_time_delta_sensor_async to None, run_after=None
[2023-08-14T14:06:44.581+0300] {processor.py:179} INFO - Processing /home/soamariaka/.local/lib/python3.9/site-packages/airflow/example_dags/example_time_delta_sensor_async.py took 0.248 seconds
[2023-08-14T14:08:44.209+0300] {processor.py:157} INFO - Started process (PID=14006) to work on /home/soamariaka/.local/lib/python3.9/site-packages/airflow/example_dags/example_time_delta_sensor_async.py
[2023-08-14T14:08:44.251+0300] {processor.py:826} INFO - Processing file /home/soamariaka/.local/lib/python3.9/site-packages/airflow/example_dags/example_time_delta_sensor_async.py for tasks to queue
[2023-08-14T14:08:44.255+0300] {logging_mixin.py:150} INFO - [2023-08-14T14:08:44.254+0300] {dagbag.py:541} INFO - Filling up the DagBag from /home/soamariaka/.local/lib/python3.9/site-packages/airflow/example_dags/example_time_delta_sensor_async.py
[2023-08-14T14:08:44.267+0300] {processor.py:836} INFO - DAG(s) dict_keys(['example_time_delta_sensor_async']) retrieved from /home/soamariaka/.local/lib/python3.9/site-packages/airflow/example_dags/example_time_delta_sensor_async.py
[2023-08-14T14:08:44.303+0300] {logging_mixin.py:150} INFO - [2023-08-14T14:08:44.303+0300] {dag.py:2742} INFO - Sync 1 DAGs
[2023-08-14T14:08:44.339+0300] {logging_mixin.py:150} INFO - [2023-08-14T14:08:44.338+0300] {dag.py:3504} INFO - Setting next_dagrun for example_time_delta_sensor_async to None, run_after=None
[2023-08-14T14:08:44.599+0300] {processor.py:179} INFO - Processing /home/soamariaka/.local/lib/python3.9/site-packages/airflow/example_dags/example_time_delta_sensor_async.py took 0.396 seconds
[2023-08-14T14:09:59.323+0300] {processor.py:157} INFO - Started process (PID=14137) to work on /home/soamariaka/.local/lib/python3.9/site-packages/airflow/example_dags/example_time_delta_sensor_async.py
[2023-08-14T14:09:59.349+0300] {processor.py:826} INFO - Processing file /home/soamariaka/.local/lib/python3.9/site-packages/airflow/example_dags/example_time_delta_sensor_async.py for tasks to queue
[2023-08-14T14:09:59.351+0300] {logging_mixin.py:150} INFO - [2023-08-14T14:09:59.351+0300] {dagbag.py:541} INFO - Filling up the DagBag from /home/soamariaka/.local/lib/python3.9/site-packages/airflow/example_dags/example_time_delta_sensor_async.py
[2023-08-14T14:09:59.361+0300] {processor.py:836} INFO - DAG(s) dict_keys(['example_time_delta_sensor_async']) retrieved from /home/soamariaka/.local/lib/python3.9/site-packages/airflow/example_dags/example_time_delta_sensor_async.py
[2023-08-14T14:09:59.393+0300] {logging_mixin.py:150} INFO - [2023-08-14T14:09:59.393+0300] {dag.py:2742} INFO - Sync 1 DAGs
[2023-08-14T14:09:59.427+0300] {logging_mixin.py:150} INFO - [2023-08-14T14:09:59.426+0300] {dag.py:3504} INFO - Setting next_dagrun for example_time_delta_sensor_async to None, run_after=None
[2023-08-14T14:09:59.678+0300] {processor.py:179} INFO - Processing /home/soamariaka/.local/lib/python3.9/site-packages/airflow/example_dags/example_time_delta_sensor_async.py took 0.360 seconds
[2023-08-14T14:10:53.732+0300] {processor.py:157} INFO - Started process (PID=14956) to work on /home/soamariaka/.local/lib/python3.9/site-packages/airflow/example_dags/example_time_delta_sensor_async.py
[2023-08-14T14:10:53.765+0300] {processor.py:826} INFO - Processing file /home/soamariaka/.local/lib/python3.9/site-packages/airflow/example_dags/example_time_delta_sensor_async.py for tasks to queue
[2023-08-14T14:10:53.767+0300] {logging_mixin.py:150} INFO - [2023-08-14T14:10:53.767+0300] {dagbag.py:541} INFO - Filling up the DagBag from /home/soamariaka/.local/lib/python3.9/site-packages/airflow/example_dags/example_time_delta_sensor_async.py
[2023-08-14T14:10:53.776+0300] {processor.py:836} INFO - DAG(s) dict_keys(['example_time_delta_sensor_async']) retrieved from /home/soamariaka/.local/lib/python3.9/site-packages/airflow/example_dags/example_time_delta_sensor_async.py
[2023-08-14T14:10:53.810+0300] {logging_mixin.py:150} INFO - [2023-08-14T14:10:53.809+0300] {dag.py:2742} INFO - Sync 1 DAGs
[2023-08-14T14:10:53.845+0300] {logging_mixin.py:150} INFO - [2023-08-14T14:10:53.844+0300] {dag.py:3504} INFO - Setting next_dagrun for example_time_delta_sensor_async to None, run_after=None
[2023-08-14T14:10:54.137+0300] {processor.py:179} INFO - Processing /home/soamariaka/.local/lib/python3.9/site-packages/airflow/example_dags/example_time_delta_sensor_async.py took 0.410 seconds
[2023-08-14T14:11:52.928+0300] {processor.py:157} INFO - Started process (PID=15095) to work on /home/soamariaka/.local/lib/python3.9/site-packages/airflow/example_dags/example_time_delta_sensor_async.py
[2023-08-14T14:11:52.953+0300] {processor.py:826} INFO - Processing file /home/soamariaka/.local/lib/python3.9/site-packages/airflow/example_dags/example_time_delta_sensor_async.py for tasks to queue
[2023-08-14T14:11:52.968+0300] {logging_mixin.py:150} INFO - [2023-08-14T14:11:52.967+0300] {dagbag.py:541} INFO - Filling up the DagBag from /home/soamariaka/.local/lib/python3.9/site-packages/airflow/example_dags/example_time_delta_sensor_async.py
[2023-08-14T14:11:52.978+0300] {processor.py:836} INFO - DAG(s) dict_keys(['example_time_delta_sensor_async']) retrieved from /home/soamariaka/.local/lib/python3.9/site-packages/airflow/example_dags/example_time_delta_sensor_async.py
[2023-08-14T14:11:53.025+0300] {logging_mixin.py:150} INFO - [2023-08-14T14:11:53.025+0300] {dag.py:2742} INFO - Sync 1 DAGs
[2023-08-14T14:11:53.089+0300] {logging_mixin.py:150} INFO - [2023-08-14T14:11:53.089+0300] {dag.py:3504} INFO - Setting next_dagrun for example_time_delta_sensor_async to None, run_after=None
[2023-08-14T14:11:53.303+0300] {processor.py:179} INFO - Processing /home/soamariaka/.local/lib/python3.9/site-packages/airflow/example_dags/example_time_delta_sensor_async.py took 0.384 seconds
[2023-08-14T14:12:50.344+0300] {processor.py:157} INFO - Started process (PID=15192) to work on /home/soamariaka/.local/lib/python3.9/site-packages/airflow/example_dags/example_time_delta_sensor_async.py
[2023-08-14T14:12:50.346+0300] {processor.py:826} INFO - Processing file /home/soamariaka/.local/lib/python3.9/site-packages/airflow/example_dags/example_time_delta_sensor_async.py for tasks to queue
[2023-08-14T14:12:50.348+0300] {logging_mixin.py:150} INFO - [2023-08-14T14:12:50.347+0300] {dagbag.py:541} INFO - Filling up the DagBag from /home/soamariaka/.local/lib/python3.9/site-packages/airflow/example_dags/example_time_delta_sensor_async.py
[2023-08-14T14:12:50.357+0300] {processor.py:836} INFO - DAG(s) dict_keys(['example_time_delta_sensor_async']) retrieved from /home/soamariaka/.local/lib/python3.9/site-packages/airflow/example_dags/example_time_delta_sensor_async.py
[2023-08-14T14:12:50.395+0300] {logging_mixin.py:150} INFO - [2023-08-14T14:12:50.394+0300] {dag.py:2742} INFO - Sync 1 DAGs
[2023-08-14T14:12:50.444+0300] {logging_mixin.py:150} INFO - [2023-08-14T14:12:50.444+0300] {dag.py:3504} INFO - Setting next_dagrun for example_time_delta_sensor_async to None, run_after=None
[2023-08-14T14:12:50.570+0300] {processor.py:179} INFO - Processing /home/soamariaka/.local/lib/python3.9/site-packages/airflow/example_dags/example_time_delta_sensor_async.py took 0.232 seconds
[2023-08-14T14:13:54.097+0300] {processor.py:157} INFO - Started process (PID=15326) to work on /home/soamariaka/.local/lib/python3.9/site-packages/airflow/example_dags/example_time_delta_sensor_async.py
[2023-08-14T14:13:54.099+0300] {processor.py:826} INFO - Processing file /home/soamariaka/.local/lib/python3.9/site-packages/airflow/example_dags/example_time_delta_sensor_async.py for tasks to queue
[2023-08-14T14:13:54.101+0300] {logging_mixin.py:150} INFO - [2023-08-14T14:13:54.100+0300] {dagbag.py:541} INFO - Filling up the DagBag from /home/soamariaka/.local/lib/python3.9/site-packages/airflow/example_dags/example_time_delta_sensor_async.py
[2023-08-14T14:13:54.113+0300] {processor.py:836} INFO - DAG(s) dict_keys(['example_time_delta_sensor_async']) retrieved from /home/soamariaka/.local/lib/python3.9/site-packages/airflow/example_dags/example_time_delta_sensor_async.py
[2023-08-14T14:13:54.151+0300] {logging_mixin.py:150} INFO - [2023-08-14T14:13:54.150+0300] {dag.py:2742} INFO - Sync 1 DAGs
[2023-08-14T14:13:54.215+0300] {logging_mixin.py:150} INFO - [2023-08-14T14:13:54.215+0300] {dag.py:3504} INFO - Setting next_dagrun for example_time_delta_sensor_async to None, run_after=None
[2023-08-14T14:13:54.360+0300] {processor.py:179} INFO - Processing /home/soamariaka/.local/lib/python3.9/site-packages/airflow/example_dags/example_time_delta_sensor_async.py took 0.270 seconds
[2023-08-14T14:14:57.745+0300] {processor.py:157} INFO - Started process (PID=15406) to work on /home/soamariaka/.local/lib/python3.9/site-packages/airflow/example_dags/example_time_delta_sensor_async.py
[2023-08-14T14:14:57.747+0300] {processor.py:826} INFO - Processing file /home/soamariaka/.local/lib/python3.9/site-packages/airflow/example_dags/example_time_delta_sensor_async.py for tasks to queue
[2023-08-14T14:14:57.749+0300] {logging_mixin.py:150} INFO - [2023-08-14T14:14:57.748+0300] {dagbag.py:541} INFO - Filling up the DagBag from /home/soamariaka/.local/lib/python3.9/site-packages/airflow/example_dags/example_time_delta_sensor_async.py
[2023-08-14T14:14:57.758+0300] {processor.py:836} INFO - DAG(s) dict_keys(['example_time_delta_sensor_async']) retrieved from /home/soamariaka/.local/lib/python3.9/site-packages/airflow/example_dags/example_time_delta_sensor_async.py
[2023-08-14T14:14:57.786+0300] {logging_mixin.py:150} INFO - [2023-08-14T14:14:57.785+0300] {dag.py:2742} INFO - Sync 1 DAGs
[2023-08-14T14:14:57.817+0300] {logging_mixin.py:150} INFO - [2023-08-14T14:14:57.817+0300] {dag.py:3504} INFO - Setting next_dagrun for example_time_delta_sensor_async to None, run_after=None
[2023-08-14T14:14:58.094+0300] {processor.py:179} INFO - Processing /home/soamariaka/.local/lib/python3.9/site-packages/airflow/example_dags/example_time_delta_sensor_async.py took 0.354 seconds
[2023-08-14T14:15:57.843+0300] {processor.py:157} INFO - Started process (PID=15582) to work on /home/soamariaka/.local/lib/python3.9/site-packages/airflow/example_dags/example_time_delta_sensor_async.py
[2023-08-14T14:15:57.846+0300] {processor.py:826} INFO - Processing file /home/soamariaka/.local/lib/python3.9/site-packages/airflow/example_dags/example_time_delta_sensor_async.py for tasks to queue
[2023-08-14T14:15:57.848+0300] {logging_mixin.py:150} INFO - [2023-08-14T14:15:57.847+0300] {dagbag.py:541} INFO - Filling up the DagBag from /home/soamariaka/.local/lib/python3.9/site-packages/airflow/example_dags/example_time_delta_sensor_async.py
[2023-08-14T14:15:57.857+0300] {processor.py:836} INFO - DAG(s) dict_keys(['example_time_delta_sensor_async']) retrieved from /home/soamariaka/.local/lib/python3.9/site-packages/airflow/example_dags/example_time_delta_sensor_async.py
[2023-08-14T14:15:57.891+0300] {logging_mixin.py:150} INFO - [2023-08-14T14:15:57.891+0300] {dag.py:2742} INFO - Sync 1 DAGs
[2023-08-14T14:15:57.930+0300] {logging_mixin.py:150} INFO - [2023-08-14T14:15:57.930+0300] {dag.py:3504} INFO - Setting next_dagrun for example_time_delta_sensor_async to None, run_after=None
[2023-08-14T14:15:58.247+0300] {processor.py:179} INFO - Processing /home/soamariaka/.local/lib/python3.9/site-packages/airflow/example_dags/example_time_delta_sensor_async.py took 0.410 seconds
[2023-08-14T14:17:02.328+0300] {processor.py:157} INFO - Started process (PID=15664) to work on /home/soamariaka/.local/lib/python3.9/site-packages/airflow/example_dags/example_time_delta_sensor_async.py
[2023-08-14T14:17:02.330+0300] {processor.py:826} INFO - Processing file /home/soamariaka/.local/lib/python3.9/site-packages/airflow/example_dags/example_time_delta_sensor_async.py for tasks to queue
[2023-08-14T14:17:02.332+0300] {logging_mixin.py:150} INFO - [2023-08-14T14:17:02.331+0300] {dagbag.py:541} INFO - Filling up the DagBag from /home/soamariaka/.local/lib/python3.9/site-packages/airflow/example_dags/example_time_delta_sensor_async.py
[2023-08-14T14:17:02.340+0300] {processor.py:836} INFO - DAG(s) dict_keys(['example_time_delta_sensor_async']) retrieved from /home/soamariaka/.local/lib/python3.9/site-packages/airflow/example_dags/example_time_delta_sensor_async.py
[2023-08-14T14:17:02.368+0300] {logging_mixin.py:150} INFO - [2023-08-14T14:17:02.368+0300] {dag.py:2742} INFO - Sync 1 DAGs
[2023-08-14T14:17:02.400+0300] {logging_mixin.py:150} INFO - [2023-08-14T14:17:02.400+0300] {dag.py:3504} INFO - Setting next_dagrun for example_time_delta_sensor_async to None, run_after=None
[2023-08-14T14:17:02.552+0300] {processor.py:179} INFO - Processing /home/soamariaka/.local/lib/python3.9/site-packages/airflow/example_dags/example_time_delta_sensor_async.py took 0.229 seconds
[2023-08-14T14:18:30.883+0300] {processor.py:157} INFO - Started process (PID=15899) to work on /home/soamariaka/.local/lib/python3.9/site-packages/airflow/example_dags/example_time_delta_sensor_async.py
[2023-08-14T14:18:30.910+0300] {processor.py:826} INFO - Processing file /home/soamariaka/.local/lib/python3.9/site-packages/airflow/example_dags/example_time_delta_sensor_async.py for tasks to queue
[2023-08-14T14:18:30.912+0300] {logging_mixin.py:150} INFO - [2023-08-14T14:18:30.911+0300] {dagbag.py:541} INFO - Filling up the DagBag from /home/soamariaka/.local/lib/python3.9/site-packages/airflow/example_dags/example_time_delta_sensor_async.py
[2023-08-14T14:18:30.921+0300] {processor.py:836} INFO - DAG(s) dict_keys(['example_time_delta_sensor_async']) retrieved from /home/soamariaka/.local/lib/python3.9/site-packages/airflow/example_dags/example_time_delta_sensor_async.py
[2023-08-14T14:18:30.962+0300] {logging_mixin.py:150} INFO - [2023-08-14T14:18:30.961+0300] {dag.py:2742} INFO - Sync 1 DAGs
[2023-08-14T14:18:30.994+0300] {logging_mixin.py:150} INFO - [2023-08-14T14:18:30.994+0300] {dag.py:3504} INFO - Setting next_dagrun for example_time_delta_sensor_async to None, run_after=None
[2023-08-14T14:18:31.286+0300] {processor.py:179} INFO - Processing /home/soamariaka/.local/lib/python3.9/site-packages/airflow/example_dags/example_time_delta_sensor_async.py took 0.409 seconds
[2023-08-14T14:19:30.093+0300] {processor.py:157} INFO - Started process (PID=15955) to work on /home/soamariaka/.local/lib/python3.9/site-packages/airflow/example_dags/example_time_delta_sensor_async.py
[2023-08-14T14:19:30.096+0300] {processor.py:826} INFO - Processing file /home/soamariaka/.local/lib/python3.9/site-packages/airflow/example_dags/example_time_delta_sensor_async.py for tasks to queue
[2023-08-14T14:19:30.098+0300] {logging_mixin.py:150} INFO - [2023-08-14T14:19:30.097+0300] {dagbag.py:541} INFO - Filling up the DagBag from /home/soamariaka/.local/lib/python3.9/site-packages/airflow/example_dags/example_time_delta_sensor_async.py
[2023-08-14T14:19:30.106+0300] {processor.py:836} INFO - DAG(s) dict_keys(['example_time_delta_sensor_async']) retrieved from /home/soamariaka/.local/lib/python3.9/site-packages/airflow/example_dags/example_time_delta_sensor_async.py
[2023-08-14T14:19:30.134+0300] {logging_mixin.py:150} INFO - [2023-08-14T14:19:30.134+0300] {dag.py:2742} INFO - Sync 1 DAGs
[2023-08-14T14:19:30.165+0300] {logging_mixin.py:150} INFO - [2023-08-14T14:19:30.165+0300] {dag.py:3504} INFO - Setting next_dagrun for example_time_delta_sensor_async to None, run_after=None
[2023-08-14T14:19:30.309+0300] {processor.py:179} INFO - Processing /home/soamariaka/.local/lib/python3.9/site-packages/airflow/example_dags/example_time_delta_sensor_async.py took 0.222 seconds
[2023-08-14T14:20:53.473+0300] {processor.py:157} INFO - Started process (PID=16064) to work on /home/soamariaka/.local/lib/python3.9/site-packages/airflow/example_dags/example_time_delta_sensor_async.py
[2023-08-14T14:20:53.503+0300] {processor.py:826} INFO - Processing file /home/soamariaka/.local/lib/python3.9/site-packages/airflow/example_dags/example_time_delta_sensor_async.py for tasks to queue
[2023-08-14T14:20:53.504+0300] {logging_mixin.py:150} INFO - [2023-08-14T14:20:53.504+0300] {dagbag.py:541} INFO - Filling up the DagBag from /home/soamariaka/.local/lib/python3.9/site-packages/airflow/example_dags/example_time_delta_sensor_async.py
[2023-08-14T14:20:53.511+0300] {processor.py:836} INFO - DAG(s) dict_keys(['example_time_delta_sensor_async']) retrieved from /home/soamariaka/.local/lib/python3.9/site-packages/airflow/example_dags/example_time_delta_sensor_async.py
[2023-08-14T14:20:56.305+0300] {logging_mixin.py:150} INFO - [2023-08-14T14:20:56.305+0300] {dag.py:2742} INFO - Sync 1 DAGs
[2023-08-14T14:20:56.357+0300] {logging_mixin.py:150} INFO - [2023-08-14T14:20:56.356+0300] {dag.py:3504} INFO - Setting next_dagrun for example_time_delta_sensor_async to None, run_after=None
[2023-08-14T14:20:59.513+0300] {processor.py:179} INFO - Processing /home/soamariaka/.local/lib/python3.9/site-packages/airflow/example_dags/example_time_delta_sensor_async.py took 6.045 seconds
[2023-08-14T14:21:52.311+0300] {processor.py:157} INFO - Started process (PID=16114) to work on /home/soamariaka/.local/lib/python3.9/site-packages/airflow/example_dags/example_time_delta_sensor_async.py
[2023-08-14T14:21:52.346+0300] {processor.py:826} INFO - Processing file /home/soamariaka/.local/lib/python3.9/site-packages/airflow/example_dags/example_time_delta_sensor_async.py for tasks to queue
[2023-08-14T14:21:52.348+0300] {logging_mixin.py:150} INFO - [2023-08-14T14:21:52.347+0300] {dagbag.py:541} INFO - Filling up the DagBag from /home/soamariaka/.local/lib/python3.9/site-packages/airflow/example_dags/example_time_delta_sensor_async.py
[2023-08-14T14:21:52.356+0300] {processor.py:836} INFO - DAG(s) dict_keys(['example_time_delta_sensor_async']) retrieved from /home/soamariaka/.local/lib/python3.9/site-packages/airflow/example_dags/example_time_delta_sensor_async.py
[2023-08-14T14:21:52.388+0300] {logging_mixin.py:150} INFO - [2023-08-14T14:21:52.387+0300] {dag.py:2742} INFO - Sync 1 DAGs
[2023-08-14T14:21:52.421+0300] {logging_mixin.py:150} INFO - [2023-08-14T14:21:52.421+0300] {dag.py:3504} INFO - Setting next_dagrun for example_time_delta_sensor_async to None, run_after=None
[2023-08-14T14:21:52.551+0300] {processor.py:179} INFO - Processing /home/soamariaka/.local/lib/python3.9/site-packages/airflow/example_dags/example_time_delta_sensor_async.py took 0.243 seconds
[2023-08-14T14:22:50.692+0300] {processor.py:157} INFO - Started process (PID=16171) to work on /home/soamariaka/.local/lib/python3.9/site-packages/airflow/example_dags/example_time_delta_sensor_async.py
[2023-08-14T14:22:50.694+0300] {processor.py:826} INFO - Processing file /home/soamariaka/.local/lib/python3.9/site-packages/airflow/example_dags/example_time_delta_sensor_async.py for tasks to queue
[2023-08-14T14:22:50.696+0300] {logging_mixin.py:150} INFO - [2023-08-14T14:22:50.695+0300] {dagbag.py:541} INFO - Filling up the DagBag from /home/soamariaka/.local/lib/python3.9/site-packages/airflow/example_dags/example_time_delta_sensor_async.py
[2023-08-14T14:22:50.702+0300] {processor.py:836} INFO - DAG(s) dict_keys(['example_time_delta_sensor_async']) retrieved from /home/soamariaka/.local/lib/python3.9/site-packages/airflow/example_dags/example_time_delta_sensor_async.py
[2023-08-14T14:22:50.728+0300] {logging_mixin.py:150} INFO - [2023-08-14T14:22:50.727+0300] {dag.py:2742} INFO - Sync 1 DAGs
[2023-08-14T14:22:50.758+0300] {logging_mixin.py:150} INFO - [2023-08-14T14:22:50.758+0300] {dag.py:3504} INFO - Setting next_dagrun for example_time_delta_sensor_async to None, run_after=None
[2023-08-14T14:22:50.915+0300] {processor.py:179} INFO - Processing /home/soamariaka/.local/lib/python3.9/site-packages/airflow/example_dags/example_time_delta_sensor_async.py took 0.228 seconds
[2023-08-14T14:23:55.368+0300] {processor.py:157} INFO - Started process (PID=16238) to work on /home/soamariaka/.local/lib/python3.9/site-packages/airflow/example_dags/example_time_delta_sensor_async.py
[2023-08-14T14:23:55.371+0300] {processor.py:826} INFO - Processing file /home/soamariaka/.local/lib/python3.9/site-packages/airflow/example_dags/example_time_delta_sensor_async.py for tasks to queue
[2023-08-14T14:23:55.372+0300] {logging_mixin.py:150} INFO - [2023-08-14T14:23:55.372+0300] {dagbag.py:541} INFO - Filling up the DagBag from /home/soamariaka/.local/lib/python3.9/site-packages/airflow/example_dags/example_time_delta_sensor_async.py
[2023-08-14T14:23:55.380+0300] {processor.py:836} INFO - DAG(s) dict_keys(['example_time_delta_sensor_async']) retrieved from /home/soamariaka/.local/lib/python3.9/site-packages/airflow/example_dags/example_time_delta_sensor_async.py
[2023-08-14T14:23:55.404+0300] {logging_mixin.py:150} INFO - [2023-08-14T14:23:55.404+0300] {dag.py:2742} INFO - Sync 1 DAGs
[2023-08-14T14:23:55.435+0300] {logging_mixin.py:150} INFO - [2023-08-14T14:23:55.435+0300] {dag.py:3504} INFO - Setting next_dagrun for example_time_delta_sensor_async to None, run_after=None
[2023-08-14T14:23:55.595+0300] {processor.py:179} INFO - Processing /home/soamariaka/.local/lib/python3.9/site-packages/airflow/example_dags/example_time_delta_sensor_async.py took 0.232 seconds
[2023-08-14T14:24:52.134+0300] {processor.py:157} INFO - Started process (PID=16533) to work on /home/soamariaka/.local/lib/python3.9/site-packages/airflow/example_dags/example_time_delta_sensor_async.py
[2023-08-14T14:24:52.136+0300] {processor.py:826} INFO - Processing file /home/soamariaka/.local/lib/python3.9/site-packages/airflow/example_dags/example_time_delta_sensor_async.py for tasks to queue
[2023-08-14T14:24:52.137+0300] {logging_mixin.py:150} INFO - [2023-08-14T14:24:52.137+0300] {dagbag.py:541} INFO - Filling up the DagBag from /home/soamariaka/.local/lib/python3.9/site-packages/airflow/example_dags/example_time_delta_sensor_async.py
[2023-08-14T14:24:52.145+0300] {processor.py:836} INFO - DAG(s) dict_keys(['example_time_delta_sensor_async']) retrieved from /home/soamariaka/.local/lib/python3.9/site-packages/airflow/example_dags/example_time_delta_sensor_async.py
[2023-08-14T14:24:52.173+0300] {logging_mixin.py:150} INFO - [2023-08-14T14:24:52.173+0300] {dag.py:2742} INFO - Sync 1 DAGs
[2023-08-14T14:24:52.204+0300] {logging_mixin.py:150} INFO - [2023-08-14T14:24:52.204+0300] {dag.py:3504} INFO - Setting next_dagrun for example_time_delta_sensor_async to None, run_after=None
[2023-08-14T14:24:52.332+0300] {processor.py:179} INFO - Processing /home/soamariaka/.local/lib/python3.9/site-packages/airflow/example_dags/example_time_delta_sensor_async.py took 0.204 seconds
[2023-08-14T14:25:53.821+0300] {processor.py:157} INFO - Started process (PID=16695) to work on /home/soamariaka/.local/lib/python3.9/site-packages/airflow/example_dags/example_time_delta_sensor_async.py
[2023-08-14T14:25:53.823+0300] {processor.py:826} INFO - Processing file /home/soamariaka/.local/lib/python3.9/site-packages/airflow/example_dags/example_time_delta_sensor_async.py for tasks to queue
[2023-08-14T14:25:53.825+0300] {logging_mixin.py:150} INFO - [2023-08-14T14:25:53.824+0300] {dagbag.py:541} INFO - Filling up the DagBag from /home/soamariaka/.local/lib/python3.9/site-packages/airflow/example_dags/example_time_delta_sensor_async.py
[2023-08-14T14:25:53.833+0300] {processor.py:836} INFO - DAG(s) dict_keys(['example_time_delta_sensor_async']) retrieved from /home/soamariaka/.local/lib/python3.9/site-packages/airflow/example_dags/example_time_delta_sensor_async.py
[2023-08-14T14:25:53.861+0300] {logging_mixin.py:150} INFO - [2023-08-14T14:25:53.861+0300] {dag.py:2742} INFO - Sync 1 DAGs
[2023-08-14T14:25:53.892+0300] {logging_mixin.py:150} INFO - [2023-08-14T14:25:53.892+0300] {dag.py:3504} INFO - Setting next_dagrun for example_time_delta_sensor_async to None, run_after=None
[2023-08-14T14:25:54.085+0300] {processor.py:179} INFO - Processing /home/soamariaka/.local/lib/python3.9/site-packages/airflow/example_dags/example_time_delta_sensor_async.py took 0.270 seconds
[2023-08-14T14:26:52.030+0300] {processor.py:157} INFO - Started process (PID=16749) to work on /home/soamariaka/.local/lib/python3.9/site-packages/airflow/example_dags/example_time_delta_sensor_async.py
[2023-08-14T14:26:52.032+0300] {processor.py:826} INFO - Processing file /home/soamariaka/.local/lib/python3.9/site-packages/airflow/example_dags/example_time_delta_sensor_async.py for tasks to queue
[2023-08-14T14:26:52.034+0300] {logging_mixin.py:150} INFO - [2023-08-14T14:26:52.033+0300] {dagbag.py:541} INFO - Filling up the DagBag from /home/soamariaka/.local/lib/python3.9/site-packages/airflow/example_dags/example_time_delta_sensor_async.py
[2023-08-14T14:26:52.042+0300] {processor.py:836} INFO - DAG(s) dict_keys(['example_time_delta_sensor_async']) retrieved from /home/soamariaka/.local/lib/python3.9/site-packages/airflow/example_dags/example_time_delta_sensor_async.py
[2023-08-14T14:26:52.070+0300] {logging_mixin.py:150} INFO - [2023-08-14T14:26:52.070+0300] {dag.py:2742} INFO - Sync 1 DAGs
[2023-08-14T14:26:52.102+0300] {logging_mixin.py:150} INFO - [2023-08-14T14:26:52.101+0300] {dag.py:3504} INFO - Setting next_dagrun for example_time_delta_sensor_async to None, run_after=None
[2023-08-14T14:26:52.242+0300] {processor.py:179} INFO - Processing /home/soamariaka/.local/lib/python3.9/site-packages/airflow/example_dags/example_time_delta_sensor_async.py took 0.218 seconds
[2023-08-14T14:27:53.345+0300] {processor.py:157} INFO - Started process (PID=16876) to work on /home/soamariaka/.local/lib/python3.9/site-packages/airflow/example_dags/example_time_delta_sensor_async.py
[2023-08-14T14:27:53.348+0300] {processor.py:826} INFO - Processing file /home/soamariaka/.local/lib/python3.9/site-packages/airflow/example_dags/example_time_delta_sensor_async.py for tasks to queue
[2023-08-14T14:27:53.349+0300] {logging_mixin.py:150} INFO - [2023-08-14T14:27:53.349+0300] {dagbag.py:541} INFO - Filling up the DagBag from /home/soamariaka/.local/lib/python3.9/site-packages/airflow/example_dags/example_time_delta_sensor_async.py
[2023-08-14T14:27:53.358+0300] {processor.py:836} INFO - DAG(s) dict_keys(['example_time_delta_sensor_async']) retrieved from /home/soamariaka/.local/lib/python3.9/site-packages/airflow/example_dags/example_time_delta_sensor_async.py
[2023-08-14T14:27:53.386+0300] {logging_mixin.py:150} INFO - [2023-08-14T14:27:53.386+0300] {dag.py:2742} INFO - Sync 1 DAGs
[2023-08-14T14:27:53.418+0300] {logging_mixin.py:150} INFO - [2023-08-14T14:27:53.418+0300] {dag.py:3504} INFO - Setting next_dagrun for example_time_delta_sensor_async to None, run_after=None
[2023-08-14T14:27:53.596+0300] {processor.py:179} INFO - Processing /home/soamariaka/.local/lib/python3.9/site-packages/airflow/example_dags/example_time_delta_sensor_async.py took 0.256 seconds
[2023-08-14T14:28:57.788+0300] {processor.py:157} INFO - Started process (PID=17030) to work on /home/soamariaka/.local/lib/python3.9/site-packages/airflow/example_dags/example_time_delta_sensor_async.py
[2023-08-14T14:28:57.791+0300] {processor.py:826} INFO - Processing file /home/soamariaka/.local/lib/python3.9/site-packages/airflow/example_dags/example_time_delta_sensor_async.py for tasks to queue
[2023-08-14T14:28:57.793+0300] {logging_mixin.py:150} INFO - [2023-08-14T14:28:57.792+0300] {dagbag.py:541} INFO - Filling up the DagBag from /home/soamariaka/.local/lib/python3.9/site-packages/airflow/example_dags/example_time_delta_sensor_async.py
[2023-08-14T14:28:57.801+0300] {processor.py:836} INFO - DAG(s) dict_keys(['example_time_delta_sensor_async']) retrieved from /home/soamariaka/.local/lib/python3.9/site-packages/airflow/example_dags/example_time_delta_sensor_async.py
[2023-08-14T14:28:57.829+0300] {logging_mixin.py:150} INFO - [2023-08-14T14:28:57.829+0300] {dag.py:2742} INFO - Sync 1 DAGs
[2023-08-14T14:28:57.860+0300] {logging_mixin.py:150} INFO - [2023-08-14T14:28:57.860+0300] {dag.py:3504} INFO - Setting next_dagrun for example_time_delta_sensor_async to None, run_after=None
[2023-08-14T14:28:58.003+0300] {processor.py:179} INFO - Processing /home/soamariaka/.local/lib/python3.9/site-packages/airflow/example_dags/example_time_delta_sensor_async.py took 0.220 seconds
[2023-08-14T14:29:54.417+0300] {processor.py:157} INFO - Started process (PID=17165) to work on /home/soamariaka/.local/lib/python3.9/site-packages/airflow/example_dags/example_time_delta_sensor_async.py
[2023-08-14T14:29:54.419+0300] {processor.py:826} INFO - Processing file /home/soamariaka/.local/lib/python3.9/site-packages/airflow/example_dags/example_time_delta_sensor_async.py for tasks to queue
[2023-08-14T14:29:54.421+0300] {logging_mixin.py:150} INFO - [2023-08-14T14:29:54.420+0300] {dagbag.py:541} INFO - Filling up the DagBag from /home/soamariaka/.local/lib/python3.9/site-packages/airflow/example_dags/example_time_delta_sensor_async.py
[2023-08-14T14:29:54.427+0300] {processor.py:836} INFO - DAG(s) dict_keys(['example_time_delta_sensor_async']) retrieved from /home/soamariaka/.local/lib/python3.9/site-packages/airflow/example_dags/example_time_delta_sensor_async.py
[2023-08-14T14:29:54.452+0300] {logging_mixin.py:150} INFO - [2023-08-14T14:29:54.452+0300] {dag.py:2742} INFO - Sync 1 DAGs
[2023-08-14T14:29:54.482+0300] {logging_mixin.py:150} INFO - [2023-08-14T14:29:54.482+0300] {dag.py:3504} INFO - Setting next_dagrun for example_time_delta_sensor_async to None, run_after=None
[2023-08-14T14:29:54.629+0300] {processor.py:179} INFO - Processing /home/soamariaka/.local/lib/python3.9/site-packages/airflow/example_dags/example_time_delta_sensor_async.py took 0.217 seconds
[2023-08-14T14:30:48.873+0300] {processor.py:157} INFO - Started process (PID=17252) to work on /home/soamariaka/.local/lib/python3.9/site-packages/airflow/example_dags/example_time_delta_sensor_async.py
[2023-08-14T14:30:48.907+0300] {processor.py:826} INFO - Processing file /home/soamariaka/.local/lib/python3.9/site-packages/airflow/example_dags/example_time_delta_sensor_async.py for tasks to queue
[2023-08-14T14:30:48.908+0300] {logging_mixin.py:150} INFO - [2023-08-14T14:30:48.908+0300] {dagbag.py:541} INFO - Filling up the DagBag from /home/soamariaka/.local/lib/python3.9/site-packages/airflow/example_dags/example_time_delta_sensor_async.py
[2023-08-14T14:30:48.916+0300] {processor.py:836} INFO - DAG(s) dict_keys(['example_time_delta_sensor_async']) retrieved from /home/soamariaka/.local/lib/python3.9/site-packages/airflow/example_dags/example_time_delta_sensor_async.py
[2023-08-14T14:30:48.948+0300] {logging_mixin.py:150} INFO - [2023-08-14T14:30:48.947+0300] {dag.py:2742} INFO - Sync 1 DAGs
[2023-08-14T14:30:48.982+0300] {logging_mixin.py:150} INFO - [2023-08-14T14:30:48.982+0300] {dag.py:3504} INFO - Setting next_dagrun for example_time_delta_sensor_async to None, run_after=None
[2023-08-14T14:30:49.105+0300] {processor.py:179} INFO - Processing /home/soamariaka/.local/lib/python3.9/site-packages/airflow/example_dags/example_time_delta_sensor_async.py took 0.237 seconds
[2023-08-14T14:31:48.416+0300] {processor.py:157} INFO - Started process (PID=17338) to work on /home/soamariaka/.local/lib/python3.9/site-packages/airflow/example_dags/example_time_delta_sensor_async.py
[2023-08-14T14:31:48.418+0300] {processor.py:826} INFO - Processing file /home/soamariaka/.local/lib/python3.9/site-packages/airflow/example_dags/example_time_delta_sensor_async.py for tasks to queue
[2023-08-14T14:31:48.419+0300] {logging_mixin.py:150} INFO - [2023-08-14T14:31:48.419+0300] {dagbag.py:541} INFO - Filling up the DagBag from /home/soamariaka/.local/lib/python3.9/site-packages/airflow/example_dags/example_time_delta_sensor_async.py
[2023-08-14T14:31:48.427+0300] {processor.py:836} INFO - DAG(s) dict_keys(['example_time_delta_sensor_async']) retrieved from /home/soamariaka/.local/lib/python3.9/site-packages/airflow/example_dags/example_time_delta_sensor_async.py
[2023-08-14T14:31:48.455+0300] {logging_mixin.py:150} INFO - [2023-08-14T14:31:48.455+0300] {dag.py:2742} INFO - Sync 1 DAGs
[2023-08-14T14:31:48.486+0300] {logging_mixin.py:150} INFO - [2023-08-14T14:31:48.485+0300] {dag.py:3504} INFO - Setting next_dagrun for example_time_delta_sensor_async to None, run_after=None
[2023-08-14T14:31:48.638+0300] {processor.py:179} INFO - Processing /home/soamariaka/.local/lib/python3.9/site-packages/airflow/example_dags/example_time_delta_sensor_async.py took 0.228 seconds
[2023-08-14T14:32:47.276+0300] {processor.py:157} INFO - Started process (PID=17458) to work on /home/soamariaka/.local/lib/python3.9/site-packages/airflow/example_dags/example_time_delta_sensor_async.py
[2023-08-14T14:32:47.310+0300] {processor.py:826} INFO - Processing file /home/soamariaka/.local/lib/python3.9/site-packages/airflow/example_dags/example_time_delta_sensor_async.py for tasks to queue
[2023-08-14T14:32:47.312+0300] {logging_mixin.py:150} INFO - [2023-08-14T14:32:47.311+0300] {dagbag.py:541} INFO - Filling up the DagBag from /home/soamariaka/.local/lib/python3.9/site-packages/airflow/example_dags/example_time_delta_sensor_async.py
[2023-08-14T14:32:47.320+0300] {processor.py:836} INFO - DAG(s) dict_keys(['example_time_delta_sensor_async']) retrieved from /home/soamariaka/.local/lib/python3.9/site-packages/airflow/example_dags/example_time_delta_sensor_async.py
[2023-08-14T14:32:47.352+0300] {logging_mixin.py:150} INFO - [2023-08-14T14:32:47.352+0300] {dag.py:2742} INFO - Sync 1 DAGs
[2023-08-14T14:32:47.387+0300] {logging_mixin.py:150} INFO - [2023-08-14T14:32:47.387+0300] {dag.py:3504} INFO - Setting next_dagrun for example_time_delta_sensor_async to None, run_after=None
[2023-08-14T14:32:47.520+0300] {processor.py:179} INFO - Processing /home/soamariaka/.local/lib/python3.9/site-packages/airflow/example_dags/example_time_delta_sensor_async.py took 0.250 seconds
[2023-08-14T14:33:47.418+0300] {processor.py:157} INFO - Started process (PID=17577) to work on /home/soamariaka/.local/lib/python3.9/site-packages/airflow/example_dags/example_time_delta_sensor_async.py
[2023-08-14T14:33:47.448+0300] {processor.py:826} INFO - Processing file /home/soamariaka/.local/lib/python3.9/site-packages/airflow/example_dags/example_time_delta_sensor_async.py for tasks to queue
[2023-08-14T14:33:47.449+0300] {logging_mixin.py:150} INFO - [2023-08-14T14:33:47.449+0300] {dagbag.py:541} INFO - Filling up the DagBag from /home/soamariaka/.local/lib/python3.9/site-packages/airflow/example_dags/example_time_delta_sensor_async.py
[2023-08-14T14:33:47.457+0300] {processor.py:836} INFO - DAG(s) dict_keys(['example_time_delta_sensor_async']) retrieved from /home/soamariaka/.local/lib/python3.9/site-packages/airflow/example_dags/example_time_delta_sensor_async.py
[2023-08-14T14:33:47.489+0300] {logging_mixin.py:150} INFO - [2023-08-14T14:33:47.489+0300] {dag.py:2742} INFO - Sync 1 DAGs
[2023-08-14T14:33:47.523+0300] {logging_mixin.py:150} INFO - [2023-08-14T14:33:47.523+0300] {dag.py:3504} INFO - Setting next_dagrun for example_time_delta_sensor_async to None, run_after=None
[2023-08-14T14:33:47.676+0300] {processor.py:179} INFO - Processing /home/soamariaka/.local/lib/python3.9/site-packages/airflow/example_dags/example_time_delta_sensor_async.py took 0.263 seconds
[2023-08-14T14:34:56.399+0300] {processor.py:157} INFO - Started process (PID=17747) to work on /home/soamariaka/.local/lib/python3.9/site-packages/airflow/example_dags/example_time_delta_sensor_async.py
[2023-08-14T14:34:56.402+0300] {processor.py:826} INFO - Processing file /home/soamariaka/.local/lib/python3.9/site-packages/airflow/example_dags/example_time_delta_sensor_async.py for tasks to queue
[2023-08-14T14:34:56.404+0300] {logging_mixin.py:150} INFO - [2023-08-14T14:34:56.403+0300] {dagbag.py:541} INFO - Filling up the DagBag from /home/soamariaka/.local/lib/python3.9/site-packages/airflow/example_dags/example_time_delta_sensor_async.py
[2023-08-14T14:34:56.417+0300] {processor.py:836} INFO - DAG(s) dict_keys(['example_time_delta_sensor_async']) retrieved from /home/soamariaka/.local/lib/python3.9/site-packages/airflow/example_dags/example_time_delta_sensor_async.py
[2023-08-14T14:34:56.500+0300] {logging_mixin.py:150} INFO - [2023-08-14T14:34:56.499+0300] {dag.py:2742} INFO - Sync 1 DAGs
[2023-08-14T14:34:56.568+0300] {logging_mixin.py:150} INFO - [2023-08-14T14:34:56.568+0300] {dag.py:3504} INFO - Setting next_dagrun for example_time_delta_sensor_async to None, run_after=None
[2023-08-14T14:34:56.740+0300] {processor.py:179} INFO - Processing /home/soamariaka/.local/lib/python3.9/site-packages/airflow/example_dags/example_time_delta_sensor_async.py took 0.350 seconds
[2023-08-14T14:36:45.080+0300] {processor.py:157} INFO - Started process (PID=17989) to work on /home/soamariaka/.local/lib/python3.9/site-packages/airflow/example_dags/example_time_delta_sensor_async.py
[2023-08-14T14:36:45.082+0300] {processor.py:826} INFO - Processing file /home/soamariaka/.local/lib/python3.9/site-packages/airflow/example_dags/example_time_delta_sensor_async.py for tasks to queue
[2023-08-14T14:36:45.083+0300] {logging_mixin.py:150} INFO - [2023-08-14T14:36:45.082+0300] {dagbag.py:541} INFO - Filling up the DagBag from /home/soamariaka/.local/lib/python3.9/site-packages/airflow/example_dags/example_time_delta_sensor_async.py
[2023-08-14T14:36:45.091+0300] {processor.py:836} INFO - DAG(s) dict_keys(['example_time_delta_sensor_async']) retrieved from /home/soamariaka/.local/lib/python3.9/site-packages/airflow/example_dags/example_time_delta_sensor_async.py
[2023-08-14T14:36:45.120+0300] {logging_mixin.py:150} INFO - [2023-08-14T14:36:45.119+0300] {dag.py:2742} INFO - Sync 1 DAGs
[2023-08-14T14:36:45.165+0300] {logging_mixin.py:150} INFO - [2023-08-14T14:36:45.164+0300] {dag.py:3504} INFO - Setting next_dagrun for example_time_delta_sensor_async to None, run_after=None
[2023-08-14T14:36:45.469+0300] {processor.py:179} INFO - Processing /home/soamariaka/.local/lib/python3.9/site-packages/airflow/example_dags/example_time_delta_sensor_async.py took 0.394 seconds
[2023-08-14T14:37:54.574+0300] {processor.py:157} INFO - Started process (PID=18168) to work on /home/soamariaka/.local/lib/python3.9/site-packages/airflow/example_dags/example_time_delta_sensor_async.py
[2023-08-14T14:37:54.575+0300] {processor.py:826} INFO - Processing file /home/soamariaka/.local/lib/python3.9/site-packages/airflow/example_dags/example_time_delta_sensor_async.py for tasks to queue
[2023-08-14T14:37:54.577+0300] {logging_mixin.py:150} INFO - [2023-08-14T14:37:54.576+0300] {dagbag.py:541} INFO - Filling up the DagBag from /home/soamariaka/.local/lib/python3.9/site-packages/airflow/example_dags/example_time_delta_sensor_async.py
[2023-08-14T14:37:54.583+0300] {processor.py:836} INFO - DAG(s) dict_keys(['example_time_delta_sensor_async']) retrieved from /home/soamariaka/.local/lib/python3.9/site-packages/airflow/example_dags/example_time_delta_sensor_async.py
[2023-08-14T14:37:54.609+0300] {logging_mixin.py:150} INFO - [2023-08-14T14:37:54.609+0300] {dag.py:2742} INFO - Sync 1 DAGs
[2023-08-14T14:37:54.645+0300] {logging_mixin.py:150} INFO - [2023-08-14T14:37:54.645+0300] {dag.py:3504} INFO - Setting next_dagrun for example_time_delta_sensor_async to None, run_after=None
[2023-08-14T14:37:54.775+0300] {processor.py:179} INFO - Processing /home/soamariaka/.local/lib/python3.9/site-packages/airflow/example_dags/example_time_delta_sensor_async.py took 0.205 seconds
[2023-08-14T14:38:59.142+0300] {processor.py:157} INFO - Started process (PID=18268) to work on /home/soamariaka/.local/lib/python3.9/site-packages/airflow/example_dags/example_time_delta_sensor_async.py
[2023-08-14T14:38:59.144+0300] {processor.py:826} INFO - Processing file /home/soamariaka/.local/lib/python3.9/site-packages/airflow/example_dags/example_time_delta_sensor_async.py for tasks to queue
[2023-08-14T14:38:59.145+0300] {logging_mixin.py:150} INFO - [2023-08-14T14:38:59.144+0300] {dagbag.py:541} INFO - Filling up the DagBag from /home/soamariaka/.local/lib/python3.9/site-packages/airflow/example_dags/example_time_delta_sensor_async.py
[2023-08-14T14:38:59.156+0300] {processor.py:836} INFO - DAG(s) dict_keys(['example_time_delta_sensor_async']) retrieved from /home/soamariaka/.local/lib/python3.9/site-packages/airflow/example_dags/example_time_delta_sensor_async.py
[2023-08-14T14:38:59.200+0300] {logging_mixin.py:150} INFO - [2023-08-14T14:38:59.199+0300] {dag.py:2742} INFO - Sync 1 DAGs
[2023-08-14T14:38:59.265+0300] {logging_mixin.py:150} INFO - [2023-08-14T14:38:59.265+0300] {dag.py:3504} INFO - Setting next_dagrun for example_time_delta_sensor_async to None, run_after=None
[2023-08-14T14:38:59.547+0300] {processor.py:179} INFO - Processing /home/soamariaka/.local/lib/python3.9/site-packages/airflow/example_dags/example_time_delta_sensor_async.py took 0.410 seconds
[2023-08-14T14:40:09.754+0300] {processor.py:157} INFO - Started process (PID=18518) to work on /home/soamariaka/.local/lib/python3.9/site-packages/airflow/example_dags/example_time_delta_sensor_async.py
[2023-08-14T14:40:09.803+0300] {processor.py:826} INFO - Processing file /home/soamariaka/.local/lib/python3.9/site-packages/airflow/example_dags/example_time_delta_sensor_async.py for tasks to queue
[2023-08-14T14:40:09.858+0300] {logging_mixin.py:150} INFO - [2023-08-14T14:40:09.857+0300] {dagbag.py:541} INFO - Filling up the DagBag from /home/soamariaka/.local/lib/python3.9/site-packages/airflow/example_dags/example_time_delta_sensor_async.py
[2023-08-14T14:40:09.868+0300] {processor.py:836} INFO - DAG(s) dict_keys(['example_time_delta_sensor_async']) retrieved from /home/soamariaka/.local/lib/python3.9/site-packages/airflow/example_dags/example_time_delta_sensor_async.py
[2023-08-14T14:40:09.907+0300] {logging_mixin.py:150} INFO - [2023-08-14T14:40:09.906+0300] {dag.py:2742} INFO - Sync 1 DAGs
[2023-08-14T14:40:09.945+0300] {logging_mixin.py:150} INFO - [2023-08-14T14:40:09.945+0300] {dag.py:3504} INFO - Setting next_dagrun for example_time_delta_sensor_async to None, run_after=None
[2023-08-14T14:40:10.253+0300] {processor.py:179} INFO - Processing /home/soamariaka/.local/lib/python3.9/site-packages/airflow/example_dags/example_time_delta_sensor_async.py took 0.504 seconds
