[2023-08-14T13:33:33.498+0300] {processor.py:157} INFO - Started process (PID=10789) to work on /home/soamariaka/.local/lib/python3.9/site-packages/airflow/example_dags/example_latest_only_with_trigger.py
[2023-08-14T13:33:33.499+0300] {processor.py:826} INFO - Processing file /home/soamariaka/.local/lib/python3.9/site-packages/airflow/example_dags/example_latest_only_with_trigger.py for tasks to queue
[2023-08-14T13:33:33.501+0300] {logging_mixin.py:150} INFO - [2023-08-14T13:33:33.500+0300] {dagbag.py:541} INFO - Filling up the DagBag from /home/soamariaka/.local/lib/python3.9/site-packages/airflow/example_dags/example_latest_only_with_trigger.py
[2023-08-14T13:33:33.510+0300] {processor.py:836} INFO - DAG(s) dict_keys(['latest_only_with_trigger']) retrieved from /home/soamariaka/.local/lib/python3.9/site-packages/airflow/example_dags/example_latest_only_with_trigger.py
[2023-08-14T13:33:33.535+0300] {logging_mixin.py:150} INFO - [2023-08-14T13:33:33.535+0300] {dag.py:2742} INFO - Sync 1 DAGs
[2023-08-14T13:33:33.566+0300] {logging_mixin.py:150} INFO - [2023-08-14T13:33:33.566+0300] {dag.py:3504} INFO - Setting next_dagrun for latest_only_with_trigger to 2023-08-14T06:33:33.565875+00:00, run_after=2023-08-14T10:33:33.565875+00:00
[2023-08-14T13:33:33.793+0300] {processor.py:179} INFO - Processing /home/soamariaka/.local/lib/python3.9/site-packages/airflow/example_dags/example_latest_only_with_trigger.py took 0.299 seconds
[2023-08-14T13:35:06.004+0300] {processor.py:157} INFO - Started process (PID=10988) to work on /home/soamariaka/.local/lib/python3.9/site-packages/airflow/example_dags/example_latest_only_with_trigger.py
[2023-08-14T13:35:06.007+0300] {processor.py:826} INFO - Processing file /home/soamariaka/.local/lib/python3.9/site-packages/airflow/example_dags/example_latest_only_with_trigger.py for tasks to queue
[2023-08-14T13:35:06.008+0300] {logging_mixin.py:150} INFO - [2023-08-14T13:35:06.008+0300] {dagbag.py:541} INFO - Filling up the DagBag from /home/soamariaka/.local/lib/python3.9/site-packages/airflow/example_dags/example_latest_only_with_trigger.py
[2023-08-14T13:35:06.020+0300] {processor.py:836} INFO - DAG(s) dict_keys(['latest_only_with_trigger']) retrieved from /home/soamariaka/.local/lib/python3.9/site-packages/airflow/example_dags/example_latest_only_with_trigger.py
[2023-08-14T13:35:06.048+0300] {logging_mixin.py:150} INFO - [2023-08-14T13:35:06.048+0300] {dag.py:2742} INFO - Sync 1 DAGs
[2023-08-14T13:35:06.079+0300] {logging_mixin.py:150} INFO - [2023-08-14T13:35:06.078+0300] {dag.py:3504} INFO - Setting next_dagrun for latest_only_with_trigger to 2023-08-14T06:35:06.078455+00:00, run_after=2023-08-14T10:35:06.078455+00:00
[2023-08-14T13:35:06.235+0300] {processor.py:179} INFO - Processing /home/soamariaka/.local/lib/python3.9/site-packages/airflow/example_dags/example_latest_only_with_trigger.py took 0.236 seconds
[2023-08-14T13:36:10.512+0300] {processor.py:157} INFO - Started process (PID=11080) to work on /home/soamariaka/.local/lib/python3.9/site-packages/airflow/example_dags/example_latest_only_with_trigger.py
[2023-08-14T13:36:10.514+0300] {processor.py:826} INFO - Processing file /home/soamariaka/.local/lib/python3.9/site-packages/airflow/example_dags/example_latest_only_with_trigger.py for tasks to queue
[2023-08-14T13:36:10.516+0300] {logging_mixin.py:150} INFO - [2023-08-14T13:36:10.515+0300] {dagbag.py:541} INFO - Filling up the DagBag from /home/soamariaka/.local/lib/python3.9/site-packages/airflow/example_dags/example_latest_only_with_trigger.py
[2023-08-14T13:36:10.528+0300] {processor.py:836} INFO - DAG(s) dict_keys(['latest_only_with_trigger']) retrieved from /home/soamariaka/.local/lib/python3.9/site-packages/airflow/example_dags/example_latest_only_with_trigger.py
[2023-08-14T13:36:10.555+0300] {logging_mixin.py:150} INFO - [2023-08-14T13:36:10.555+0300] {dag.py:2742} INFO - Sync 1 DAGs
[2023-08-14T13:36:10.586+0300] {logging_mixin.py:150} INFO - [2023-08-14T13:36:10.586+0300] {dag.py:3504} INFO - Setting next_dagrun for latest_only_with_trigger to 2023-08-14T06:36:10.586063+00:00, run_after=2023-08-14T10:36:10.586063+00:00
[2023-08-14T13:36:10.744+0300] {processor.py:179} INFO - Processing /home/soamariaka/.local/lib/python3.9/site-packages/airflow/example_dags/example_latest_only_with_trigger.py took 0.238 seconds
[2023-08-14T13:37:09.151+0300] {processor.py:157} INFO - Started process (PID=11147) to work on /home/soamariaka/.local/lib/python3.9/site-packages/airflow/example_dags/example_latest_only_with_trigger.py
[2023-08-14T13:37:09.154+0300] {processor.py:826} INFO - Processing file /home/soamariaka/.local/lib/python3.9/site-packages/airflow/example_dags/example_latest_only_with_trigger.py for tasks to queue
[2023-08-14T13:37:09.157+0300] {logging_mixin.py:150} INFO - [2023-08-14T13:37:09.156+0300] {dagbag.py:541} INFO - Filling up the DagBag from /home/soamariaka/.local/lib/python3.9/site-packages/airflow/example_dags/example_latest_only_with_trigger.py
[2023-08-14T13:37:09.174+0300] {processor.py:836} INFO - DAG(s) dict_keys(['latest_only_with_trigger']) retrieved from /home/soamariaka/.local/lib/python3.9/site-packages/airflow/example_dags/example_latest_only_with_trigger.py
[2023-08-14T13:37:09.217+0300] {logging_mixin.py:150} INFO - [2023-08-14T13:37:09.217+0300] {dag.py:2742} INFO - Sync 1 DAGs
[2023-08-14T13:37:09.261+0300] {logging_mixin.py:150} INFO - [2023-08-14T13:37:09.260+0300] {dag.py:3504} INFO - Setting next_dagrun for latest_only_with_trigger to 2023-08-14T06:37:09.260343+00:00, run_after=2023-08-14T10:37:09.260343+00:00
[2023-08-14T13:37:09.402+0300] {processor.py:179} INFO - Processing /home/soamariaka/.local/lib/python3.9/site-packages/airflow/example_dags/example_latest_only_with_trigger.py took 0.257 seconds
[2023-08-14T13:38:08.885+0300] {processor.py:157} INFO - Started process (PID=11264) to work on /home/soamariaka/.local/lib/python3.9/site-packages/airflow/example_dags/example_latest_only_with_trigger.py
[2023-08-14T13:38:08.888+0300] {processor.py:826} INFO - Processing file /home/soamariaka/.local/lib/python3.9/site-packages/airflow/example_dags/example_latest_only_with_trigger.py for tasks to queue
[2023-08-14T13:38:08.889+0300] {logging_mixin.py:150} INFO - [2023-08-14T13:38:08.888+0300] {dagbag.py:541} INFO - Filling up the DagBag from /home/soamariaka/.local/lib/python3.9/site-packages/airflow/example_dags/example_latest_only_with_trigger.py
[2023-08-14T13:38:08.898+0300] {processor.py:836} INFO - DAG(s) dict_keys(['latest_only_with_trigger']) retrieved from /home/soamariaka/.local/lib/python3.9/site-packages/airflow/example_dags/example_latest_only_with_trigger.py
[2023-08-14T13:38:08.925+0300] {logging_mixin.py:150} INFO - [2023-08-14T13:38:08.925+0300] {dag.py:2742} INFO - Sync 1 DAGs
[2023-08-14T13:38:08.956+0300] {logging_mixin.py:150} INFO - [2023-08-14T13:38:08.955+0300] {dag.py:3504} INFO - Setting next_dagrun for latest_only_with_trigger to 2023-08-14T06:38:08.955660+00:00, run_after=2023-08-14T10:38:08.955660+00:00
[2023-08-14T13:38:09.114+0300] {processor.py:179} INFO - Processing /home/soamariaka/.local/lib/python3.9/site-packages/airflow/example_dags/example_latest_only_with_trigger.py took 0.232 seconds
[2023-08-14T13:39:12.190+0300] {processor.py:157} INFO - Started process (PID=11417) to work on /home/soamariaka/.local/lib/python3.9/site-packages/airflow/example_dags/example_latest_only_with_trigger.py
[2023-08-14T13:39:12.218+0300] {processor.py:826} INFO - Processing file /home/soamariaka/.local/lib/python3.9/site-packages/airflow/example_dags/example_latest_only_with_trigger.py for tasks to queue
[2023-08-14T13:39:12.220+0300] {logging_mixin.py:150} INFO - [2023-08-14T13:39:12.219+0300] {dagbag.py:541} INFO - Filling up the DagBag from /home/soamariaka/.local/lib/python3.9/site-packages/airflow/example_dags/example_latest_only_with_trigger.py
[2023-08-14T13:39:12.236+0300] {processor.py:836} INFO - DAG(s) dict_keys(['latest_only_with_trigger']) retrieved from /home/soamariaka/.local/lib/python3.9/site-packages/airflow/example_dags/example_latest_only_with_trigger.py
[2023-08-14T13:39:12.273+0300] {logging_mixin.py:150} INFO - [2023-08-14T13:39:12.273+0300] {dag.py:2742} INFO - Sync 1 DAGs
[2023-08-14T13:39:12.323+0300] {logging_mixin.py:150} INFO - [2023-08-14T13:39:12.322+0300] {dag.py:3504} INFO - Setting next_dagrun for latest_only_with_trigger to 2023-08-14T06:39:12.322036+00:00, run_after=2023-08-14T10:39:12.322036+00:00
[2023-08-14T13:39:12.931+0300] {processor.py:179} INFO - Processing /home/soamariaka/.local/lib/python3.9/site-packages/airflow/example_dags/example_latest_only_with_trigger.py took 0.748 seconds
[2023-08-14T13:40:14.457+0300] {processor.py:157} INFO - Started process (PID=11488) to work on /home/soamariaka/.local/lib/python3.9/site-packages/airflow/example_dags/example_latest_only_with_trigger.py
[2023-08-14T13:40:14.459+0300] {processor.py:826} INFO - Processing file /home/soamariaka/.local/lib/python3.9/site-packages/airflow/example_dags/example_latest_only_with_trigger.py for tasks to queue
[2023-08-14T13:40:14.461+0300] {logging_mixin.py:150} INFO - [2023-08-14T13:40:14.460+0300] {dagbag.py:541} INFO - Filling up the DagBag from /home/soamariaka/.local/lib/python3.9/site-packages/airflow/example_dags/example_latest_only_with_trigger.py
[2023-08-14T13:40:14.474+0300] {processor.py:836} INFO - DAG(s) dict_keys(['latest_only_with_trigger']) retrieved from /home/soamariaka/.local/lib/python3.9/site-packages/airflow/example_dags/example_latest_only_with_trigger.py
[2023-08-14T13:40:14.501+0300] {logging_mixin.py:150} INFO - [2023-08-14T13:40:14.501+0300] {dag.py:2742} INFO - Sync 1 DAGs
[2023-08-14T13:40:14.533+0300] {logging_mixin.py:150} INFO - [2023-08-14T13:40:14.533+0300] {dag.py:3504} INFO - Setting next_dagrun for latest_only_with_trigger to 2023-08-14T06:40:14.533031+00:00, run_after=2023-08-14T10:40:14.533031+00:00
[2023-08-14T13:40:14.682+0300] {processor.py:179} INFO - Processing /home/soamariaka/.local/lib/python3.9/site-packages/airflow/example_dags/example_latest_only_with_trigger.py took 0.231 seconds
[2023-08-14T13:41:09.839+0300] {processor.py:157} INFO - Started process (PID=11571) to work on /home/soamariaka/.local/lib/python3.9/site-packages/airflow/example_dags/example_latest_only_with_trigger.py
[2023-08-14T13:41:09.842+0300] {processor.py:826} INFO - Processing file /home/soamariaka/.local/lib/python3.9/site-packages/airflow/example_dags/example_latest_only_with_trigger.py for tasks to queue
[2023-08-14T13:41:09.843+0300] {logging_mixin.py:150} INFO - [2023-08-14T13:41:09.843+0300] {dagbag.py:541} INFO - Filling up the DagBag from /home/soamariaka/.local/lib/python3.9/site-packages/airflow/example_dags/example_latest_only_with_trigger.py
[2023-08-14T13:41:09.855+0300] {processor.py:836} INFO - DAG(s) dict_keys(['latest_only_with_trigger']) retrieved from /home/soamariaka/.local/lib/python3.9/site-packages/airflow/example_dags/example_latest_only_with_trigger.py
[2023-08-14T13:41:09.881+0300] {logging_mixin.py:150} INFO - [2023-08-14T13:41:09.881+0300] {dag.py:2742} INFO - Sync 1 DAGs
[2023-08-14T13:41:09.912+0300] {logging_mixin.py:150} INFO - [2023-08-14T13:41:09.911+0300] {dag.py:3504} INFO - Setting next_dagrun for latest_only_with_trigger to 2023-08-14T06:41:09.911644+00:00, run_after=2023-08-14T10:41:09.911644+00:00
[2023-08-14T13:41:10.046+0300] {processor.py:179} INFO - Processing /home/soamariaka/.local/lib/python3.9/site-packages/airflow/example_dags/example_latest_only_with_trigger.py took 0.211 seconds
[2023-08-14T13:42:09.748+0300] {processor.py:157} INFO - Started process (PID=11621) to work on /home/soamariaka/.local/lib/python3.9/site-packages/airflow/example_dags/example_latest_only_with_trigger.py
[2023-08-14T13:42:09.751+0300] {processor.py:826} INFO - Processing file /home/soamariaka/.local/lib/python3.9/site-packages/airflow/example_dags/example_latest_only_with_trigger.py for tasks to queue
[2023-08-14T13:42:09.753+0300] {logging_mixin.py:150} INFO - [2023-08-14T13:42:09.752+0300] {dagbag.py:541} INFO - Filling up the DagBag from /home/soamariaka/.local/lib/python3.9/site-packages/airflow/example_dags/example_latest_only_with_trigger.py
[2023-08-14T13:42:09.769+0300] {processor.py:836} INFO - DAG(s) dict_keys(['latest_only_with_trigger']) retrieved from /home/soamariaka/.local/lib/python3.9/site-packages/airflow/example_dags/example_latest_only_with_trigger.py
[2023-08-14T13:42:09.802+0300] {logging_mixin.py:150} INFO - [2023-08-14T13:42:09.802+0300] {dag.py:2742} INFO - Sync 1 DAGs
[2023-08-14T13:42:09.839+0300] {logging_mixin.py:150} INFO - [2023-08-14T13:42:09.839+0300] {dag.py:3504} INFO - Setting next_dagrun for latest_only_with_trigger to 2023-08-14T06:42:09.839270+00:00, run_after=2023-08-14T10:42:09.839270+00:00
[2023-08-14T13:42:09.982+0300] {processor.py:179} INFO - Processing /home/soamariaka/.local/lib/python3.9/site-packages/airflow/example_dags/example_latest_only_with_trigger.py took 0.241 seconds
[2023-08-14T13:43:03.740+0300] {processor.py:157} INFO - Started process (PID=11672) to work on /home/soamariaka/.local/lib/python3.9/site-packages/airflow/example_dags/example_latest_only_with_trigger.py
[2023-08-14T13:43:03.743+0300] {processor.py:826} INFO - Processing file /home/soamariaka/.local/lib/python3.9/site-packages/airflow/example_dags/example_latest_only_with_trigger.py for tasks to queue
[2023-08-14T13:43:03.746+0300] {logging_mixin.py:150} INFO - [2023-08-14T13:43:03.744+0300] {dagbag.py:541} INFO - Filling up the DagBag from /home/soamariaka/.local/lib/python3.9/site-packages/airflow/example_dags/example_latest_only_with_trigger.py
[2023-08-14T13:43:03.763+0300] {processor.py:836} INFO - DAG(s) dict_keys(['latest_only_with_trigger']) retrieved from /home/soamariaka/.local/lib/python3.9/site-packages/airflow/example_dags/example_latest_only_with_trigger.py
[2023-08-14T13:43:03.793+0300] {logging_mixin.py:150} INFO - [2023-08-14T13:43:03.793+0300] {dag.py:2742} INFO - Sync 1 DAGs
[2023-08-14T13:43:03.853+0300] {logging_mixin.py:150} INFO - [2023-08-14T13:43:03.853+0300] {dag.py:3504} INFO - Setting next_dagrun for latest_only_with_trigger to 2023-08-14T06:43:03.852964+00:00, run_after=2023-08-14T10:43:03.852964+00:00
[2023-08-14T13:43:04.109+0300] {processor.py:179} INFO - Processing /home/soamariaka/.local/lib/python3.9/site-packages/airflow/example_dags/example_latest_only_with_trigger.py took 0.377 seconds
[2023-08-14T13:44:02.793+0300] {processor.py:157} INFO - Started process (PID=11753) to work on /home/soamariaka/.local/lib/python3.9/site-packages/airflow/example_dags/example_latest_only_with_trigger.py
[2023-08-14T13:44:02.796+0300] {processor.py:826} INFO - Processing file /home/soamariaka/.local/lib/python3.9/site-packages/airflow/example_dags/example_latest_only_with_trigger.py for tasks to queue
[2023-08-14T13:44:02.797+0300] {logging_mixin.py:150} INFO - [2023-08-14T13:44:02.797+0300] {dagbag.py:541} INFO - Filling up the DagBag from /home/soamariaka/.local/lib/python3.9/site-packages/airflow/example_dags/example_latest_only_with_trigger.py
[2023-08-14T13:44:02.809+0300] {processor.py:836} INFO - DAG(s) dict_keys(['latest_only_with_trigger']) retrieved from /home/soamariaka/.local/lib/python3.9/site-packages/airflow/example_dags/example_latest_only_with_trigger.py
[2023-08-14T13:44:02.837+0300] {logging_mixin.py:150} INFO - [2023-08-14T13:44:02.836+0300] {dag.py:2742} INFO - Sync 1 DAGs
[2023-08-14T13:44:02.868+0300] {logging_mixin.py:150} INFO - [2023-08-14T13:44:02.867+0300] {dag.py:3504} INFO - Setting next_dagrun for latest_only_with_trigger to 2023-08-14T06:44:02.867357+00:00, run_after=2023-08-14T10:44:02.867357+00:00
[2023-08-14T13:44:03.104+0300] {processor.py:179} INFO - Processing /home/soamariaka/.local/lib/python3.9/site-packages/airflow/example_dags/example_latest_only_with_trigger.py took 0.317 seconds
[2023-08-14T13:45:08.887+0300] {processor.py:157} INFO - Started process (PID=11828) to work on /home/soamariaka/.local/lib/python3.9/site-packages/airflow/example_dags/example_latest_only_with_trigger.py
[2023-08-14T13:45:08.910+0300] {processor.py:826} INFO - Processing file /home/soamariaka/.local/lib/python3.9/site-packages/airflow/example_dags/example_latest_only_with_trigger.py for tasks to queue
[2023-08-14T13:45:08.912+0300] {logging_mixin.py:150} INFO - [2023-08-14T13:45:08.911+0300] {dagbag.py:541} INFO - Filling up the DagBag from /home/soamariaka/.local/lib/python3.9/site-packages/airflow/example_dags/example_latest_only_with_trigger.py
[2023-08-14T13:45:08.924+0300] {processor.py:836} INFO - DAG(s) dict_keys(['latest_only_with_trigger']) retrieved from /home/soamariaka/.local/lib/python3.9/site-packages/airflow/example_dags/example_latest_only_with_trigger.py
[2023-08-14T13:45:08.954+0300] {logging_mixin.py:150} INFO - [2023-08-14T13:45:08.954+0300] {dag.py:2742} INFO - Sync 1 DAGs
[2023-08-14T13:45:08.986+0300] {logging_mixin.py:150} INFO - [2023-08-14T13:45:08.986+0300] {dag.py:3504} INFO - Setting next_dagrun for latest_only_with_trigger to 2023-08-14T06:45:08.985940+00:00, run_after=2023-08-14T10:45:08.985940+00:00
[2023-08-14T13:45:09.273+0300] {processor.py:179} INFO - Processing /home/soamariaka/.local/lib/python3.9/site-packages/airflow/example_dags/example_latest_only_with_trigger.py took 0.391 seconds
[2023-08-14T13:46:12.929+0300] {processor.py:157} INFO - Started process (PID=11920) to work on /home/soamariaka/.local/lib/python3.9/site-packages/airflow/example_dags/example_latest_only_with_trigger.py
[2023-08-14T13:46:12.931+0300] {processor.py:826} INFO - Processing file /home/soamariaka/.local/lib/python3.9/site-packages/airflow/example_dags/example_latest_only_with_trigger.py for tasks to queue
[2023-08-14T13:46:12.932+0300] {logging_mixin.py:150} INFO - [2023-08-14T13:46:12.932+0300] {dagbag.py:541} INFO - Filling up the DagBag from /home/soamariaka/.local/lib/python3.9/site-packages/airflow/example_dags/example_latest_only_with_trigger.py
[2023-08-14T13:46:12.944+0300] {processor.py:836} INFO - DAG(s) dict_keys(['latest_only_with_trigger']) retrieved from /home/soamariaka/.local/lib/python3.9/site-packages/airflow/example_dags/example_latest_only_with_trigger.py
[2023-08-14T13:46:12.971+0300] {logging_mixin.py:150} INFO - [2023-08-14T13:46:12.971+0300] {dag.py:2742} INFO - Sync 1 DAGs
[2023-08-14T13:46:13.002+0300] {logging_mixin.py:150} INFO - [2023-08-14T13:46:13.001+0300] {dag.py:3504} INFO - Setting next_dagrun for latest_only_with_trigger to 2023-08-14T06:46:13.001536+00:00, run_after=2023-08-14T10:46:13.001536+00:00
[2023-08-14T13:46:13.572+0300] {processor.py:179} INFO - Processing /home/soamariaka/.local/lib/python3.9/site-packages/airflow/example_dags/example_latest_only_with_trigger.py took 0.648 seconds
[2023-08-14T13:47:15.689+0300] {processor.py:157} INFO - Started process (PID=11977) to work on /home/soamariaka/.local/lib/python3.9/site-packages/airflow/example_dags/example_latest_only_with_trigger.py
[2023-08-14T13:47:15.692+0300] {processor.py:826} INFO - Processing file /home/soamariaka/.local/lib/python3.9/site-packages/airflow/example_dags/example_latest_only_with_trigger.py for tasks to queue
[2023-08-14T13:47:15.693+0300] {logging_mixin.py:150} INFO - [2023-08-14T13:47:15.693+0300] {dagbag.py:541} INFO - Filling up the DagBag from /home/soamariaka/.local/lib/python3.9/site-packages/airflow/example_dags/example_latest_only_with_trigger.py
[2023-08-14T13:47:15.705+0300] {processor.py:836} INFO - DAG(s) dict_keys(['latest_only_with_trigger']) retrieved from /home/soamariaka/.local/lib/python3.9/site-packages/airflow/example_dags/example_latest_only_with_trigger.py
[2023-08-14T13:47:15.732+0300] {logging_mixin.py:150} INFO - [2023-08-14T13:47:15.732+0300] {dag.py:2742} INFO - Sync 1 DAGs
[2023-08-14T13:47:15.763+0300] {logging_mixin.py:150} INFO - [2023-08-14T13:47:15.763+0300] {dag.py:3504} INFO - Setting next_dagrun for latest_only_with_trigger to 2023-08-14T06:47:15.763192+00:00, run_after=2023-08-14T10:47:15.763192+00:00
[2023-08-14T13:47:15.910+0300] {processor.py:179} INFO - Processing /home/soamariaka/.local/lib/python3.9/site-packages/airflow/example_dags/example_latest_only_with_trigger.py took 0.227 seconds
[2023-08-14T13:48:18.992+0300] {processor.py:157} INFO - Started process (PID=12071) to work on /home/soamariaka/.local/lib/python3.9/site-packages/airflow/example_dags/example_latest_only_with_trigger.py
[2023-08-14T13:48:19.034+0300] {processor.py:826} INFO - Processing file /home/soamariaka/.local/lib/python3.9/site-packages/airflow/example_dags/example_latest_only_with_trigger.py for tasks to queue
[2023-08-14T13:48:19.036+0300] {logging_mixin.py:150} INFO - [2023-08-14T13:48:19.035+0300] {dagbag.py:541} INFO - Filling up the DagBag from /home/soamariaka/.local/lib/python3.9/site-packages/airflow/example_dags/example_latest_only_with_trigger.py
[2023-08-14T13:48:19.048+0300] {processor.py:836} INFO - DAG(s) dict_keys(['latest_only_with_trigger']) retrieved from /home/soamariaka/.local/lib/python3.9/site-packages/airflow/example_dags/example_latest_only_with_trigger.py
[2023-08-14T13:48:19.101+0300] {logging_mixin.py:150} INFO - [2023-08-14T13:48:19.100+0300] {dag.py:2742} INFO - Sync 1 DAGs
[2023-08-14T13:48:19.152+0300] {logging_mixin.py:150} INFO - [2023-08-14T13:48:19.152+0300] {dag.py:3504} INFO - Setting next_dagrun for latest_only_with_trigger to 2023-08-14T06:48:19.152058+00:00, run_after=2023-08-14T10:48:19.152058+00:00
[2023-08-14T13:48:19.334+0300] {processor.py:179} INFO - Processing /home/soamariaka/.local/lib/python3.9/site-packages/airflow/example_dags/example_latest_only_with_trigger.py took 0.348 seconds
[2023-08-14T13:49:20.410+0300] {processor.py:157} INFO - Started process (PID=12128) to work on /home/soamariaka/.local/lib/python3.9/site-packages/airflow/example_dags/example_latest_only_with_trigger.py
[2023-08-14T13:49:20.412+0300] {processor.py:826} INFO - Processing file /home/soamariaka/.local/lib/python3.9/site-packages/airflow/example_dags/example_latest_only_with_trigger.py for tasks to queue
[2023-08-14T13:49:20.414+0300] {logging_mixin.py:150} INFO - [2023-08-14T13:49:20.413+0300] {dagbag.py:541} INFO - Filling up the DagBag from /home/soamariaka/.local/lib/python3.9/site-packages/airflow/example_dags/example_latest_only_with_trigger.py
[2023-08-14T13:49:20.426+0300] {processor.py:836} INFO - DAG(s) dict_keys(['latest_only_with_trigger']) retrieved from /home/soamariaka/.local/lib/python3.9/site-packages/airflow/example_dags/example_latest_only_with_trigger.py
[2023-08-14T13:49:20.453+0300] {logging_mixin.py:150} INFO - [2023-08-14T13:49:20.453+0300] {dag.py:2742} INFO - Sync 1 DAGs
[2023-08-14T13:49:20.484+0300] {logging_mixin.py:150} INFO - [2023-08-14T13:49:20.484+0300] {dag.py:3504} INFO - Setting next_dagrun for latest_only_with_trigger to 2023-08-14T06:49:20.484179+00:00, run_after=2023-08-14T10:49:20.484179+00:00
[2023-08-14T13:49:20.632+0300] {processor.py:179} INFO - Processing /home/soamariaka/.local/lib/python3.9/site-packages/airflow/example_dags/example_latest_only_with_trigger.py took 0.227 seconds
[2023-08-14T13:50:23.507+0300] {processor.py:157} INFO - Started process (PID=12203) to work on /home/soamariaka/.local/lib/python3.9/site-packages/airflow/example_dags/example_latest_only_with_trigger.py
[2023-08-14T13:50:23.510+0300] {processor.py:826} INFO - Processing file /home/soamariaka/.local/lib/python3.9/site-packages/airflow/example_dags/example_latest_only_with_trigger.py for tasks to queue
[2023-08-14T13:50:23.511+0300] {logging_mixin.py:150} INFO - [2023-08-14T13:50:23.511+0300] {dagbag.py:541} INFO - Filling up the DagBag from /home/soamariaka/.local/lib/python3.9/site-packages/airflow/example_dags/example_latest_only_with_trigger.py
[2023-08-14T13:50:23.522+0300] {processor.py:836} INFO - DAG(s) dict_keys(['latest_only_with_trigger']) retrieved from /home/soamariaka/.local/lib/python3.9/site-packages/airflow/example_dags/example_latest_only_with_trigger.py
[2023-08-14T13:50:23.549+0300] {logging_mixin.py:150} INFO - [2023-08-14T13:50:23.549+0300] {dag.py:2742} INFO - Sync 1 DAGs
[2023-08-14T13:50:23.579+0300] {logging_mixin.py:150} INFO - [2023-08-14T13:50:23.579+0300] {dag.py:3504} INFO - Setting next_dagrun for latest_only_with_trigger to 2023-08-14T06:50:23.579252+00:00, run_after=2023-08-14T10:50:23.579252+00:00
[2023-08-14T13:50:23.730+0300] {processor.py:179} INFO - Processing /home/soamariaka/.local/lib/python3.9/site-packages/airflow/example_dags/example_latest_only_with_trigger.py took 0.227 seconds
[2023-08-14T13:51:30.005+0300] {processor.py:157} INFO - Started process (PID=12296) to work on /home/soamariaka/.local/lib/python3.9/site-packages/airflow/example_dags/example_latest_only_with_trigger.py
[2023-08-14T13:51:30.007+0300] {processor.py:826} INFO - Processing file /home/soamariaka/.local/lib/python3.9/site-packages/airflow/example_dags/example_latest_only_with_trigger.py for tasks to queue
[2023-08-14T13:51:30.009+0300] {logging_mixin.py:150} INFO - [2023-08-14T13:51:30.008+0300] {dagbag.py:541} INFO - Filling up the DagBag from /home/soamariaka/.local/lib/python3.9/site-packages/airflow/example_dags/example_latest_only_with_trigger.py
[2023-08-14T13:51:30.021+0300] {processor.py:836} INFO - DAG(s) dict_keys(['latest_only_with_trigger']) retrieved from /home/soamariaka/.local/lib/python3.9/site-packages/airflow/example_dags/example_latest_only_with_trigger.py
[2023-08-14T13:51:30.049+0300] {logging_mixin.py:150} INFO - [2023-08-14T13:51:30.049+0300] {dag.py:2742} INFO - Sync 1 DAGs
[2023-08-14T13:51:30.081+0300] {logging_mixin.py:150} INFO - [2023-08-14T13:51:30.081+0300] {dag.py:3504} INFO - Setting next_dagrun for latest_only_with_trigger to 2023-08-14T06:51:30.080850+00:00, run_after=2023-08-14T10:51:30.080850+00:00
[2023-08-14T13:51:30.399+0300] {processor.py:179} INFO - Processing /home/soamariaka/.local/lib/python3.9/site-packages/airflow/example_dags/example_latest_only_with_trigger.py took 0.399 seconds
[2023-08-14T13:52:31.905+0300] {processor.py:157} INFO - Started process (PID=12354) to work on /home/soamariaka/.local/lib/python3.9/site-packages/airflow/example_dags/example_latest_only_with_trigger.py
[2023-08-14T13:52:31.928+0300] {processor.py:826} INFO - Processing file /home/soamariaka/.local/lib/python3.9/site-packages/airflow/example_dags/example_latest_only_with_trigger.py for tasks to queue
[2023-08-14T13:52:31.941+0300] {logging_mixin.py:150} INFO - [2023-08-14T13:52:31.940+0300] {dagbag.py:541} INFO - Filling up the DagBag from /home/soamariaka/.local/lib/python3.9/site-packages/airflow/example_dags/example_latest_only_with_trigger.py
[2023-08-14T13:52:31.955+0300] {processor.py:836} INFO - DAG(s) dict_keys(['latest_only_with_trigger']) retrieved from /home/soamariaka/.local/lib/python3.9/site-packages/airflow/example_dags/example_latest_only_with_trigger.py
[2023-08-14T13:52:31.988+0300] {logging_mixin.py:150} INFO - [2023-08-14T13:52:31.988+0300] {dag.py:2742} INFO - Sync 1 DAGs
[2023-08-14T13:52:32.022+0300] {logging_mixin.py:150} INFO - [2023-08-14T13:52:32.022+0300] {dag.py:3504} INFO - Setting next_dagrun for latest_only_with_trigger to 2023-08-14T06:52:32.021692+00:00, run_after=2023-08-14T10:52:32.021692+00:00
[2023-08-14T13:52:32.274+0300] {processor.py:179} INFO - Processing /home/soamariaka/.local/lib/python3.9/site-packages/airflow/example_dags/example_latest_only_with_trigger.py took 0.375 seconds
[2023-08-14T13:53:36.562+0300] {processor.py:157} INFO - Started process (PID=12416) to work on /home/soamariaka/.local/lib/python3.9/site-packages/airflow/example_dags/example_latest_only_with_trigger.py
[2023-08-14T13:53:36.564+0300] {processor.py:826} INFO - Processing file /home/soamariaka/.local/lib/python3.9/site-packages/airflow/example_dags/example_latest_only_with_trigger.py for tasks to queue
[2023-08-14T13:53:36.565+0300] {logging_mixin.py:150} INFO - [2023-08-14T13:53:36.565+0300] {dagbag.py:541} INFO - Filling up the DagBag from /home/soamariaka/.local/lib/python3.9/site-packages/airflow/example_dags/example_latest_only_with_trigger.py
[2023-08-14T13:53:36.577+0300] {processor.py:836} INFO - DAG(s) dict_keys(['latest_only_with_trigger']) retrieved from /home/soamariaka/.local/lib/python3.9/site-packages/airflow/example_dags/example_latest_only_with_trigger.py
[2023-08-14T13:53:36.605+0300] {logging_mixin.py:150} INFO - [2023-08-14T13:53:36.605+0300] {dag.py:2742} INFO - Sync 1 DAGs
[2023-08-14T13:53:36.636+0300] {logging_mixin.py:150} INFO - [2023-08-14T13:53:36.636+0300] {dag.py:3504} INFO - Setting next_dagrun for latest_only_with_trigger to 2023-08-14T06:53:36.635813+00:00, run_after=2023-08-14T10:53:36.635813+00:00
[2023-08-14T13:53:36.779+0300] {processor.py:179} INFO - Processing /home/soamariaka/.local/lib/python3.9/site-packages/airflow/example_dags/example_latest_only_with_trigger.py took 0.223 seconds
[2023-08-14T13:54:41.599+0300] {processor.py:157} INFO - Started process (PID=12471) to work on /home/soamariaka/.local/lib/python3.9/site-packages/airflow/example_dags/example_latest_only_with_trigger.py
[2023-08-14T13:54:41.601+0300] {processor.py:826} INFO - Processing file /home/soamariaka/.local/lib/python3.9/site-packages/airflow/example_dags/example_latest_only_with_trigger.py for tasks to queue
[2023-08-14T13:54:41.602+0300] {logging_mixin.py:150} INFO - [2023-08-14T13:54:41.602+0300] {dagbag.py:541} INFO - Filling up the DagBag from /home/soamariaka/.local/lib/python3.9/site-packages/airflow/example_dags/example_latest_only_with_trigger.py
[2023-08-14T13:54:41.614+0300] {processor.py:836} INFO - DAG(s) dict_keys(['latest_only_with_trigger']) retrieved from /home/soamariaka/.local/lib/python3.9/site-packages/airflow/example_dags/example_latest_only_with_trigger.py
[2023-08-14T13:54:41.658+0300] {logging_mixin.py:150} INFO - [2023-08-14T13:54:41.657+0300] {dag.py:2742} INFO - Sync 1 DAGs
[2023-08-14T13:54:41.691+0300] {logging_mixin.py:150} INFO - [2023-08-14T13:54:41.690+0300] {dag.py:3504} INFO - Setting next_dagrun for latest_only_with_trigger to 2023-08-14T06:54:41.690358+00:00, run_after=2023-08-14T10:54:41.690358+00:00
[2023-08-14T13:54:41.996+0300] {processor.py:179} INFO - Processing /home/soamariaka/.local/lib/python3.9/site-packages/airflow/example_dags/example_latest_only_with_trigger.py took 0.405 seconds
[2023-08-14T13:55:48.925+0300] {processor.py:157} INFO - Started process (PID=12585) to work on /home/soamariaka/.local/lib/python3.9/site-packages/airflow/example_dags/example_latest_only_with_trigger.py
[2023-08-14T13:55:48.932+0300] {processor.py:826} INFO - Processing file /home/soamariaka/.local/lib/python3.9/site-packages/airflow/example_dags/example_latest_only_with_trigger.py for tasks to queue
[2023-08-14T13:55:48.934+0300] {logging_mixin.py:150} INFO - [2023-08-14T13:55:48.933+0300] {dagbag.py:541} INFO - Filling up the DagBag from /home/soamariaka/.local/lib/python3.9/site-packages/airflow/example_dags/example_latest_only_with_trigger.py
[2023-08-14T13:55:48.946+0300] {processor.py:836} INFO - DAG(s) dict_keys(['latest_only_with_trigger']) retrieved from /home/soamariaka/.local/lib/python3.9/site-packages/airflow/example_dags/example_latest_only_with_trigger.py
[2023-08-14T13:55:48.974+0300] {logging_mixin.py:150} INFO - [2023-08-14T13:55:48.974+0300] {dag.py:2742} INFO - Sync 1 DAGs
[2023-08-14T13:55:49.005+0300] {logging_mixin.py:150} INFO - [2023-08-14T13:55:49.005+0300] {dag.py:3504} INFO - Setting next_dagrun for latest_only_with_trigger to 2023-08-14T06:55:49.005334+00:00, run_after=2023-08-14T10:55:49.005334+00:00
[2023-08-14T13:55:49.263+0300] {processor.py:179} INFO - Processing /home/soamariaka/.local/lib/python3.9/site-packages/airflow/example_dags/example_latest_only_with_trigger.py took 0.344 seconds
[2023-08-14T13:56:54.809+0300] {processor.py:157} INFO - Started process (PID=12670) to work on /home/soamariaka/.local/lib/python3.9/site-packages/airflow/example_dags/example_latest_only_with_trigger.py
[2023-08-14T13:56:54.811+0300] {processor.py:826} INFO - Processing file /home/soamariaka/.local/lib/python3.9/site-packages/airflow/example_dags/example_latest_only_with_trigger.py for tasks to queue
[2023-08-14T13:56:54.813+0300] {logging_mixin.py:150} INFO - [2023-08-14T13:56:54.812+0300] {dagbag.py:541} INFO - Filling up the DagBag from /home/soamariaka/.local/lib/python3.9/site-packages/airflow/example_dags/example_latest_only_with_trigger.py
[2023-08-14T13:56:54.824+0300] {processor.py:836} INFO - DAG(s) dict_keys(['latest_only_with_trigger']) retrieved from /home/soamariaka/.local/lib/python3.9/site-packages/airflow/example_dags/example_latest_only_with_trigger.py
[2023-08-14T13:56:54.860+0300] {logging_mixin.py:150} INFO - [2023-08-14T13:56:54.860+0300] {dag.py:2742} INFO - Sync 1 DAGs
[2023-08-14T13:56:54.892+0300] {logging_mixin.py:150} INFO - [2023-08-14T13:56:54.892+0300] {dag.py:3504} INFO - Setting next_dagrun for latest_only_with_trigger to 2023-08-14T06:56:54.892134+00:00, run_after=2023-08-14T10:56:54.892134+00:00
[2023-08-14T13:56:55.167+0300] {processor.py:179} INFO - Processing /home/soamariaka/.local/lib/python3.9/site-packages/airflow/example_dags/example_latest_only_with_trigger.py took 0.362 seconds
[2023-08-14T13:58:02.812+0300] {processor.py:157} INFO - Started process (PID=12729) to work on /home/soamariaka/.local/lib/python3.9/site-packages/airflow/example_dags/example_latest_only_with_trigger.py
[2023-08-14T13:58:02.815+0300] {processor.py:826} INFO - Processing file /home/soamariaka/.local/lib/python3.9/site-packages/airflow/example_dags/example_latest_only_with_trigger.py for tasks to queue
[2023-08-14T13:58:02.816+0300] {logging_mixin.py:150} INFO - [2023-08-14T13:58:02.816+0300] {dagbag.py:541} INFO - Filling up the DagBag from /home/soamariaka/.local/lib/python3.9/site-packages/airflow/example_dags/example_latest_only_with_trigger.py
[2023-08-14T13:58:02.828+0300] {processor.py:836} INFO - DAG(s) dict_keys(['latest_only_with_trigger']) retrieved from /home/soamariaka/.local/lib/python3.9/site-packages/airflow/example_dags/example_latest_only_with_trigger.py
[2023-08-14T13:58:02.855+0300] {logging_mixin.py:150} INFO - [2023-08-14T13:58:02.855+0300] {dag.py:2742} INFO - Sync 1 DAGs
[2023-08-14T13:58:02.891+0300] {logging_mixin.py:150} INFO - [2023-08-14T13:58:02.891+0300] {dag.py:3504} INFO - Setting next_dagrun for latest_only_with_trigger to 2023-08-14T06:58:02.890977+00:00, run_after=2023-08-14T10:58:02.890977+00:00
[2023-08-14T13:58:03.222+0300] {processor.py:179} INFO - Processing /home/soamariaka/.local/lib/python3.9/site-packages/airflow/example_dags/example_latest_only_with_trigger.py took 0.415 seconds
[2023-08-14T13:59:06.495+0300] {processor.py:157} INFO - Started process (PID=12825) to work on /home/soamariaka/.local/lib/python3.9/site-packages/airflow/example_dags/example_latest_only_with_trigger.py
[2023-08-14T13:59:06.497+0300] {processor.py:826} INFO - Processing file /home/soamariaka/.local/lib/python3.9/site-packages/airflow/example_dags/example_latest_only_with_trigger.py for tasks to queue
[2023-08-14T13:59:06.498+0300] {logging_mixin.py:150} INFO - [2023-08-14T13:59:06.498+0300] {dagbag.py:541} INFO - Filling up the DagBag from /home/soamariaka/.local/lib/python3.9/site-packages/airflow/example_dags/example_latest_only_with_trigger.py
[2023-08-14T13:59:06.508+0300] {processor.py:836} INFO - DAG(s) dict_keys(['latest_only_with_trigger']) retrieved from /home/soamariaka/.local/lib/python3.9/site-packages/airflow/example_dags/example_latest_only_with_trigger.py
[2023-08-14T13:59:06.532+0300] {logging_mixin.py:150} INFO - [2023-08-14T13:59:06.532+0300] {dag.py:2742} INFO - Sync 1 DAGs
[2023-08-14T13:59:06.565+0300] {logging_mixin.py:150} INFO - [2023-08-14T13:59:06.564+0300] {dag.py:3504} INFO - Setting next_dagrun for latest_only_with_trigger to 2023-08-14T06:59:06.564508+00:00, run_after=2023-08-14T10:59:06.564508+00:00
[2023-08-14T13:59:06.713+0300] {processor.py:179} INFO - Processing /home/soamariaka/.local/lib/python3.9/site-packages/airflow/example_dags/example_latest_only_with_trigger.py took 0.222 seconds
[2023-08-14T14:00:09.514+0300] {processor.py:157} INFO - Started process (PID=12907) to work on /home/soamariaka/.local/lib/python3.9/site-packages/airflow/example_dags/example_latest_only_with_trigger.py
[2023-08-14T14:00:09.517+0300] {processor.py:826} INFO - Processing file /home/soamariaka/.local/lib/python3.9/site-packages/airflow/example_dags/example_latest_only_with_trigger.py for tasks to queue
[2023-08-14T14:00:09.518+0300] {logging_mixin.py:150} INFO - [2023-08-14T14:00:09.518+0300] {dagbag.py:541} INFO - Filling up the DagBag from /home/soamariaka/.local/lib/python3.9/site-packages/airflow/example_dags/example_latest_only_with_trigger.py
[2023-08-14T14:00:09.530+0300] {processor.py:836} INFO - DAG(s) dict_keys(['latest_only_with_trigger']) retrieved from /home/soamariaka/.local/lib/python3.9/site-packages/airflow/example_dags/example_latest_only_with_trigger.py
[2023-08-14T14:00:09.558+0300] {logging_mixin.py:150} INFO - [2023-08-14T14:00:09.557+0300] {dag.py:2742} INFO - Sync 1 DAGs
[2023-08-14T14:00:09.589+0300] {logging_mixin.py:150} INFO - [2023-08-14T14:00:09.589+0300] {dag.py:3504} INFO - Setting next_dagrun for latest_only_with_trigger to 2023-08-14T07:00:09.588746+00:00, run_after=2023-08-14T11:00:09.588746+00:00
[2023-08-14T14:00:09.747+0300] {processor.py:179} INFO - Processing /home/soamariaka/.local/lib/python3.9/site-packages/airflow/example_dags/example_latest_only_with_trigger.py took 0.239 seconds
[2023-08-14T14:01:10.710+0300] {processor.py:157} INFO - Started process (PID=12964) to work on /home/soamariaka/.local/lib/python3.9/site-packages/airflow/example_dags/example_latest_only_with_trigger.py
[2023-08-14T14:01:10.711+0300] {processor.py:826} INFO - Processing file /home/soamariaka/.local/lib/python3.9/site-packages/airflow/example_dags/example_latest_only_with_trigger.py for tasks to queue
[2023-08-14T14:01:10.713+0300] {logging_mixin.py:150} INFO - [2023-08-14T14:01:10.712+0300] {dagbag.py:541} INFO - Filling up the DagBag from /home/soamariaka/.local/lib/python3.9/site-packages/airflow/example_dags/example_latest_only_with_trigger.py
[2023-08-14T14:01:10.724+0300] {processor.py:836} INFO - DAG(s) dict_keys(['latest_only_with_trigger']) retrieved from /home/soamariaka/.local/lib/python3.9/site-packages/airflow/example_dags/example_latest_only_with_trigger.py
[2023-08-14T14:01:10.751+0300] {logging_mixin.py:150} INFO - [2023-08-14T14:01:10.750+0300] {dag.py:2742} INFO - Sync 1 DAGs
[2023-08-14T14:01:10.790+0300] {logging_mixin.py:150} INFO - [2023-08-14T14:01:10.790+0300] {dag.py:3504} INFO - Setting next_dagrun for latest_only_with_trigger to 2023-08-14T07:01:10.789900+00:00, run_after=2023-08-14T11:01:10.789900+00:00
[2023-08-14T14:01:11.092+0300] {processor.py:179} INFO - Processing /home/soamariaka/.local/lib/python3.9/site-packages/airflow/example_dags/example_latest_only_with_trigger.py took 0.386 seconds
[2023-08-14T14:03:37.619+0300] {processor.py:157} INFO - Started process (PID=13671) to work on /home/soamariaka/.local/lib/python3.9/site-packages/airflow/example_dags/example_latest_only_with_trigger.py
[2023-08-14T14:03:37.658+0300] {processor.py:826} INFO - Processing file /home/soamariaka/.local/lib/python3.9/site-packages/airflow/example_dags/example_latest_only_with_trigger.py for tasks to queue
[2023-08-14T14:03:37.661+0300] {logging_mixin.py:150} INFO - [2023-08-14T14:03:37.660+0300] {dagbag.py:541} INFO - Filling up the DagBag from /home/soamariaka/.local/lib/python3.9/site-packages/airflow/example_dags/example_latest_only_with_trigger.py
[2023-08-14T14:03:37.698+0300] {processor.py:836} INFO - DAG(s) dict_keys(['latest_only_with_trigger']) retrieved from /home/soamariaka/.local/lib/python3.9/site-packages/airflow/example_dags/example_latest_only_with_trigger.py
[2023-08-14T14:03:37.728+0300] {logging_mixin.py:150} INFO - [2023-08-14T14:03:37.728+0300] {dag.py:2742} INFO - Sync 1 DAGs
[2023-08-14T14:03:37.780+0300] {logging_mixin.py:150} INFO - [2023-08-14T14:03:37.780+0300] {dag.py:3504} INFO - Setting next_dagrun for latest_only_with_trigger to 2023-08-14T07:03:37.779257+00:00, run_after=2023-08-14T11:03:37.779257+00:00
[2023-08-14T14:03:38.778+0300] {processor.py:179} INFO - Processing /home/soamariaka/.local/lib/python3.9/site-packages/airflow/example_dags/example_latest_only_with_trigger.py took 1.169 seconds
[2023-08-14T14:05:32.862+0300] {processor.py:157} INFO - Started process (PID=13790) to work on /home/soamariaka/.local/lib/python3.9/site-packages/airflow/example_dags/example_latest_only_with_trigger.py
[2023-08-14T14:05:32.889+0300] {processor.py:826} INFO - Processing file /home/soamariaka/.local/lib/python3.9/site-packages/airflow/example_dags/example_latest_only_with_trigger.py for tasks to queue
[2023-08-14T14:05:32.890+0300] {logging_mixin.py:150} INFO - [2023-08-14T14:05:32.890+0300] {dagbag.py:541} INFO - Filling up the DagBag from /home/soamariaka/.local/lib/python3.9/site-packages/airflow/example_dags/example_latest_only_with_trigger.py
[2023-08-14T14:05:32.921+0300] {processor.py:836} INFO - DAG(s) dict_keys(['latest_only_with_trigger']) retrieved from /home/soamariaka/.local/lib/python3.9/site-packages/airflow/example_dags/example_latest_only_with_trigger.py
[2023-08-14T14:05:32.955+0300] {logging_mixin.py:150} INFO - [2023-08-14T14:05:32.955+0300] {dag.py:2742} INFO - Sync 1 DAGs
[2023-08-14T14:05:32.992+0300] {logging_mixin.py:150} INFO - [2023-08-14T14:05:32.991+0300] {dag.py:3504} INFO - Setting next_dagrun for latest_only_with_trigger to 2023-08-14T07:05:32.991503+00:00, run_after=2023-08-14T11:05:32.991503+00:00
[2023-08-14T14:05:33.341+0300] {processor.py:179} INFO - Processing /home/soamariaka/.local/lib/python3.9/site-packages/airflow/example_dags/example_latest_only_with_trigger.py took 0.485 seconds
[2023-08-14T14:06:54.345+0300] {processor.py:157} INFO - Started process (PID=13871) to work on /home/soamariaka/.local/lib/python3.9/site-packages/airflow/example_dags/example_latest_only_with_trigger.py
[2023-08-14T14:06:54.347+0300] {processor.py:826} INFO - Processing file /home/soamariaka/.local/lib/python3.9/site-packages/airflow/example_dags/example_latest_only_with_trigger.py for tasks to queue
[2023-08-14T14:06:54.349+0300] {logging_mixin.py:150} INFO - [2023-08-14T14:06:54.348+0300] {dagbag.py:541} INFO - Filling up the DagBag from /home/soamariaka/.local/lib/python3.9/site-packages/airflow/example_dags/example_latest_only_with_trigger.py
[2023-08-14T14:06:54.361+0300] {processor.py:836} INFO - DAG(s) dict_keys(['latest_only_with_trigger']) retrieved from /home/soamariaka/.local/lib/python3.9/site-packages/airflow/example_dags/example_latest_only_with_trigger.py
[2023-08-14T14:06:54.394+0300] {logging_mixin.py:150} INFO - [2023-08-14T14:06:54.393+0300] {dag.py:2742} INFO - Sync 1 DAGs
[2023-08-14T14:06:54.438+0300] {logging_mixin.py:150} INFO - [2023-08-14T14:06:54.437+0300] {dag.py:3504} INFO - Setting next_dagrun for latest_only_with_trigger to 2023-08-14T07:06:54.437252+00:00, run_after=2023-08-14T11:06:54.437252+00:00
[2023-08-14T14:06:54.575+0300] {processor.py:179} INFO - Processing /home/soamariaka/.local/lib/python3.9/site-packages/airflow/example_dags/example_latest_only_with_trigger.py took 0.237 seconds
[2023-08-14T14:08:57.984+0300] {processor.py:157} INFO - Started process (PID=14048) to work on /home/soamariaka/.local/lib/python3.9/site-packages/airflow/example_dags/example_latest_only_with_trigger.py
[2023-08-14T14:08:58.040+0300] {processor.py:826} INFO - Processing file /home/soamariaka/.local/lib/python3.9/site-packages/airflow/example_dags/example_latest_only_with_trigger.py for tasks to queue
[2023-08-14T14:08:58.055+0300] {logging_mixin.py:150} INFO - [2023-08-14T14:08:58.054+0300] {dagbag.py:541} INFO - Filling up the DagBag from /home/soamariaka/.local/lib/python3.9/site-packages/airflow/example_dags/example_latest_only_with_trigger.py
[2023-08-14T14:08:58.066+0300] {processor.py:836} INFO - DAG(s) dict_keys(['latest_only_with_trigger']) retrieved from /home/soamariaka/.local/lib/python3.9/site-packages/airflow/example_dags/example_latest_only_with_trigger.py
[2023-08-14T14:08:58.091+0300] {logging_mixin.py:150} INFO - [2023-08-14T14:08:58.091+0300] {dag.py:2742} INFO - Sync 1 DAGs
[2023-08-14T14:08:58.143+0300] {logging_mixin.py:150} INFO - [2023-08-14T14:08:58.143+0300] {dag.py:3504} INFO - Setting next_dagrun for latest_only_with_trigger to 2023-08-14T07:08:58.142371+00:00, run_after=2023-08-14T11:08:58.142371+00:00
[2023-08-14T14:08:58.291+0300] {processor.py:179} INFO - Processing /home/soamariaka/.local/lib/python3.9/site-packages/airflow/example_dags/example_latest_only_with_trigger.py took 0.311 seconds
[2023-08-14T14:10:19.785+0300] {processor.py:157} INFO - Started process (PID=14157) to work on /home/soamariaka/.local/lib/python3.9/site-packages/airflow/example_dags/example_latest_only_with_trigger.py
[2023-08-14T14:10:19.916+0300] {processor.py:826} INFO - Processing file /home/soamariaka/.local/lib/python3.9/site-packages/airflow/example_dags/example_latest_only_with_trigger.py for tasks to queue
[2023-08-14T14:10:19.918+0300] {logging_mixin.py:150} INFO - [2023-08-14T14:10:19.917+0300] {dagbag.py:541} INFO - Filling up the DagBag from /home/soamariaka/.local/lib/python3.9/site-packages/airflow/example_dags/example_latest_only_with_trigger.py
[2023-08-14T14:10:19.930+0300] {processor.py:836} INFO - DAG(s) dict_keys(['latest_only_with_trigger']) retrieved from /home/soamariaka/.local/lib/python3.9/site-packages/airflow/example_dags/example_latest_only_with_trigger.py
[2023-08-14T14:10:19.964+0300] {logging_mixin.py:150} INFO - [2023-08-14T14:10:19.964+0300] {dag.py:2742} INFO - Sync 1 DAGs
[2023-08-14T14:10:20.006+0300] {logging_mixin.py:150} INFO - [2023-08-14T14:10:20.006+0300] {dag.py:3504} INFO - Setting next_dagrun for latest_only_with_trigger to 2023-08-14T07:10:20.005742+00:00, run_after=2023-08-14T11:10:20.005742+00:00
[2023-08-14T14:10:20.863+0300] {processor.py:179} INFO - Processing /home/soamariaka/.local/lib/python3.9/site-packages/airflow/example_dags/example_latest_only_with_trigger.py took 1.083 seconds
[2023-08-14T14:12:12.572+0300] {processor.py:157} INFO - Started process (PID=15133) to work on /home/soamariaka/.local/lib/python3.9/site-packages/airflow/example_dags/example_latest_only_with_trigger.py
[2023-08-14T14:12:12.575+0300] {processor.py:826} INFO - Processing file /home/soamariaka/.local/lib/python3.9/site-packages/airflow/example_dags/example_latest_only_with_trigger.py for tasks to queue
[2023-08-14T14:12:12.576+0300] {logging_mixin.py:150} INFO - [2023-08-14T14:12:12.576+0300] {dagbag.py:541} INFO - Filling up the DagBag from /home/soamariaka/.local/lib/python3.9/site-packages/airflow/example_dags/example_latest_only_with_trigger.py
[2023-08-14T14:12:12.588+0300] {processor.py:836} INFO - DAG(s) dict_keys(['latest_only_with_trigger']) retrieved from /home/soamariaka/.local/lib/python3.9/site-packages/airflow/example_dags/example_latest_only_with_trigger.py
[2023-08-14T14:12:12.616+0300] {logging_mixin.py:150} INFO - [2023-08-14T14:12:12.616+0300] {dag.py:2742} INFO - Sync 1 DAGs
[2023-08-14T14:12:12.648+0300] {logging_mixin.py:150} INFO - [2023-08-14T14:12:12.647+0300] {dag.py:3504} INFO - Setting next_dagrun for latest_only_with_trigger to 2023-08-14T07:12:12.647406+00:00, run_after=2023-08-14T11:12:12.647406+00:00
[2023-08-14T14:12:12.783+0300] {processor.py:179} INFO - Processing /home/soamariaka/.local/lib/python3.9/site-packages/airflow/example_dags/example_latest_only_with_trigger.py took 0.216 seconds
[2023-08-14T14:13:10.958+0300] {processor.py:157} INFO - Started process (PID=15241) to work on /home/soamariaka/.local/lib/python3.9/site-packages/airflow/example_dags/example_latest_only_with_trigger.py
[2023-08-14T14:13:10.960+0300] {processor.py:826} INFO - Processing file /home/soamariaka/.local/lib/python3.9/site-packages/airflow/example_dags/example_latest_only_with_trigger.py for tasks to queue
[2023-08-14T14:13:10.961+0300] {logging_mixin.py:150} INFO - [2023-08-14T14:13:10.961+0300] {dagbag.py:541} INFO - Filling up the DagBag from /home/soamariaka/.local/lib/python3.9/site-packages/airflow/example_dags/example_latest_only_with_trigger.py
[2023-08-14T14:13:10.975+0300] {processor.py:836} INFO - DAG(s) dict_keys(['latest_only_with_trigger']) retrieved from /home/soamariaka/.local/lib/python3.9/site-packages/airflow/example_dags/example_latest_only_with_trigger.py
[2023-08-14T14:13:11.005+0300] {logging_mixin.py:150} INFO - [2023-08-14T14:13:11.004+0300] {dag.py:2742} INFO - Sync 1 DAGs
[2023-08-14T14:13:11.051+0300] {logging_mixin.py:150} INFO - [2023-08-14T14:13:11.051+0300] {dag.py:3504} INFO - Setting next_dagrun for latest_only_with_trigger to 2023-08-14T07:13:11.050566+00:00, run_after=2023-08-14T11:13:11.050566+00:00
[2023-08-14T14:13:11.345+0300] {processor.py:179} INFO - Processing /home/soamariaka/.local/lib/python3.9/site-packages/airflow/example_dags/example_latest_only_with_trigger.py took 0.394 seconds
[2023-08-14T14:14:16.237+0300] {processor.py:157} INFO - Started process (PID=15352) to work on /home/soamariaka/.local/lib/python3.9/site-packages/airflow/example_dags/example_latest_only_with_trigger.py
[2023-08-14T14:14:16.254+0300] {processor.py:826} INFO - Processing file /home/soamariaka/.local/lib/python3.9/site-packages/airflow/example_dags/example_latest_only_with_trigger.py for tasks to queue
[2023-08-14T14:14:16.255+0300] {logging_mixin.py:150} INFO - [2023-08-14T14:14:16.255+0300] {dagbag.py:541} INFO - Filling up the DagBag from /home/soamariaka/.local/lib/python3.9/site-packages/airflow/example_dags/example_latest_only_with_trigger.py
[2023-08-14T14:14:16.268+0300] {processor.py:836} INFO - DAG(s) dict_keys(['latest_only_with_trigger']) retrieved from /home/soamariaka/.local/lib/python3.9/site-packages/airflow/example_dags/example_latest_only_with_trigger.py
[2023-08-14T14:14:16.297+0300] {logging_mixin.py:150} INFO - [2023-08-14T14:14:16.297+0300] {dag.py:2742} INFO - Sync 1 DAGs
[2023-08-14T14:14:16.330+0300] {logging_mixin.py:150} INFO - [2023-08-14T14:14:16.330+0300] {dag.py:3504} INFO - Setting next_dagrun for latest_only_with_trigger to 2023-08-14T07:14:16.330241+00:00, run_after=2023-08-14T11:14:16.330241+00:00
[2023-08-14T14:14:16.452+0300] {processor.py:179} INFO - Processing /home/soamariaka/.local/lib/python3.9/site-packages/airflow/example_dags/example_latest_only_with_trigger.py took 0.221 seconds
[2023-08-14T14:15:16.978+0300] {processor.py:157} INFO - Started process (PID=15429) to work on /home/soamariaka/.local/lib/python3.9/site-packages/airflow/example_dags/example_latest_only_with_trigger.py
[2023-08-14T14:15:16.981+0300] {processor.py:826} INFO - Processing file /home/soamariaka/.local/lib/python3.9/site-packages/airflow/example_dags/example_latest_only_with_trigger.py for tasks to queue
[2023-08-14T14:15:16.983+0300] {logging_mixin.py:150} INFO - [2023-08-14T14:15:16.982+0300] {dagbag.py:541} INFO - Filling up the DagBag from /home/soamariaka/.local/lib/python3.9/site-packages/airflow/example_dags/example_latest_only_with_trigger.py
[2023-08-14T14:15:16.995+0300] {processor.py:836} INFO - DAG(s) dict_keys(['latest_only_with_trigger']) retrieved from /home/soamariaka/.local/lib/python3.9/site-packages/airflow/example_dags/example_latest_only_with_trigger.py
[2023-08-14T14:15:17.022+0300] {logging_mixin.py:150} INFO - [2023-08-14T14:15:17.022+0300] {dag.py:2742} INFO - Sync 1 DAGs
[2023-08-14T14:15:17.056+0300] {logging_mixin.py:150} INFO - [2023-08-14T14:15:17.056+0300] {dag.py:3504} INFO - Setting next_dagrun for latest_only_with_trigger to 2023-08-14T07:15:17.056241+00:00, run_after=2023-08-14T11:15:17.056241+00:00
[2023-08-14T14:15:17.348+0300] {processor.py:179} INFO - Processing /home/soamariaka/.local/lib/python3.9/site-packages/airflow/example_dags/example_latest_only_with_trigger.py took 0.375 seconds
[2023-08-14T14:16:18.993+0300] {processor.py:157} INFO - Started process (PID=15623) to work on /home/soamariaka/.local/lib/python3.9/site-packages/airflow/example_dags/example_latest_only_with_trigger.py
[2023-08-14T14:16:18.997+0300] {processor.py:826} INFO - Processing file /home/soamariaka/.local/lib/python3.9/site-packages/airflow/example_dags/example_latest_only_with_trigger.py for tasks to queue
[2023-08-14T14:16:18.998+0300] {logging_mixin.py:150} INFO - [2023-08-14T14:16:18.998+0300] {dagbag.py:541} INFO - Filling up the DagBag from /home/soamariaka/.local/lib/python3.9/site-packages/airflow/example_dags/example_latest_only_with_trigger.py
[2023-08-14T14:16:19.011+0300] {processor.py:836} INFO - DAG(s) dict_keys(['latest_only_with_trigger']) retrieved from /home/soamariaka/.local/lib/python3.9/site-packages/airflow/example_dags/example_latest_only_with_trigger.py
[2023-08-14T14:16:19.044+0300] {logging_mixin.py:150} INFO - [2023-08-14T14:16:19.044+0300] {dag.py:2742} INFO - Sync 1 DAGs
[2023-08-14T14:16:19.087+0300] {logging_mixin.py:150} INFO - [2023-08-14T14:16:19.087+0300] {dag.py:3504} INFO - Setting next_dagrun for latest_only_with_trigger to 2023-08-14T07:16:19.086982+00:00, run_after=2023-08-14T11:16:19.086982+00:00
[2023-08-14T14:16:19.292+0300] {processor.py:179} INFO - Processing /home/soamariaka/.local/lib/python3.9/site-packages/airflow/example_dags/example_latest_only_with_trigger.py took 0.305 seconds
[2023-08-14T14:17:21.560+0300] {processor.py:157} INFO - Started process (PID=15706) to work on /home/soamariaka/.local/lib/python3.9/site-packages/airflow/example_dags/example_latest_only_with_trigger.py
[2023-08-14T14:17:21.563+0300] {processor.py:826} INFO - Processing file /home/soamariaka/.local/lib/python3.9/site-packages/airflow/example_dags/example_latest_only_with_trigger.py for tasks to queue
[2023-08-14T14:17:21.564+0300] {logging_mixin.py:150} INFO - [2023-08-14T14:17:21.564+0300] {dagbag.py:541} INFO - Filling up the DagBag from /home/soamariaka/.local/lib/python3.9/site-packages/airflow/example_dags/example_latest_only_with_trigger.py
[2023-08-14T14:17:21.576+0300] {processor.py:836} INFO - DAG(s) dict_keys(['latest_only_with_trigger']) retrieved from /home/soamariaka/.local/lib/python3.9/site-packages/airflow/example_dags/example_latest_only_with_trigger.py
[2023-08-14T14:17:21.603+0300] {logging_mixin.py:150} INFO - [2023-08-14T14:17:21.603+0300] {dag.py:2742} INFO - Sync 1 DAGs
[2023-08-14T14:17:21.636+0300] {logging_mixin.py:150} INFO - [2023-08-14T14:17:21.636+0300] {dag.py:3504} INFO - Setting next_dagrun for latest_only_with_trigger to 2023-08-14T07:17:21.636100+00:00, run_after=2023-08-14T11:17:21.636100+00:00
[2023-08-14T14:17:21.819+0300] {processor.py:179} INFO - Processing /home/soamariaka/.local/lib/python3.9/site-packages/airflow/example_dags/example_latest_only_with_trigger.py took 0.264 seconds
[2023-08-14T14:18:50.553+0300] {processor.py:157} INFO - Started process (PID=15915) to work on /home/soamariaka/.local/lib/python3.9/site-packages/airflow/example_dags/example_latest_only_with_trigger.py
[2023-08-14T14:18:50.555+0300] {processor.py:826} INFO - Processing file /home/soamariaka/.local/lib/python3.9/site-packages/airflow/example_dags/example_latest_only_with_trigger.py for tasks to queue
[2023-08-14T14:18:50.557+0300] {logging_mixin.py:150} INFO - [2023-08-14T14:18:50.556+0300] {dagbag.py:541} INFO - Filling up the DagBag from /home/soamariaka/.local/lib/python3.9/site-packages/airflow/example_dags/example_latest_only_with_trigger.py
[2023-08-14T14:18:50.569+0300] {processor.py:836} INFO - DAG(s) dict_keys(['latest_only_with_trigger']) retrieved from /home/soamariaka/.local/lib/python3.9/site-packages/airflow/example_dags/example_latest_only_with_trigger.py
[2023-08-14T14:18:50.597+0300] {logging_mixin.py:150} INFO - [2023-08-14T14:18:50.596+0300] {dag.py:2742} INFO - Sync 1 DAGs
[2023-08-14T14:18:50.629+0300] {logging_mixin.py:150} INFO - [2023-08-14T14:18:50.628+0300] {dag.py:3504} INFO - Setting next_dagrun for latest_only_with_trigger to 2023-08-14T07:18:50.628411+00:00, run_after=2023-08-14T11:18:50.628411+00:00
[2023-08-14T14:18:50.773+0300] {processor.py:179} INFO - Processing /home/soamariaka/.local/lib/python3.9/site-packages/airflow/example_dags/example_latest_only_with_trigger.py took 0.225 seconds
[2023-08-14T14:19:49.870+0300] {processor.py:157} INFO - Started process (PID=15970) to work on /home/soamariaka/.local/lib/python3.9/site-packages/airflow/example_dags/example_latest_only_with_trigger.py
[2023-08-14T14:19:49.873+0300] {processor.py:826} INFO - Processing file /home/soamariaka/.local/lib/python3.9/site-packages/airflow/example_dags/example_latest_only_with_trigger.py for tasks to queue
[2023-08-14T14:19:49.874+0300] {logging_mixin.py:150} INFO - [2023-08-14T14:19:49.874+0300] {dagbag.py:541} INFO - Filling up the DagBag from /home/soamariaka/.local/lib/python3.9/site-packages/airflow/example_dags/example_latest_only_with_trigger.py
[2023-08-14T14:19:49.886+0300] {processor.py:836} INFO - DAG(s) dict_keys(['latest_only_with_trigger']) retrieved from /home/soamariaka/.local/lib/python3.9/site-packages/airflow/example_dags/example_latest_only_with_trigger.py
[2023-08-14T14:19:49.914+0300] {logging_mixin.py:150} INFO - [2023-08-14T14:19:49.914+0300] {dag.py:2742} INFO - Sync 1 DAGs
[2023-08-14T14:19:49.945+0300] {logging_mixin.py:150} INFO - [2023-08-14T14:19:49.945+0300] {dag.py:3504} INFO - Setting next_dagrun for latest_only_with_trigger to 2023-08-14T07:19:49.945115+00:00, run_after=2023-08-14T11:19:49.945115+00:00
[2023-08-14T14:19:50.185+0300] {processor.py:179} INFO - Processing /home/soamariaka/.local/lib/python3.9/site-packages/airflow/example_dags/example_latest_only_with_trigger.py took 0.320 seconds
[2023-08-14T14:21:26.943+0300] {processor.py:157} INFO - Started process (PID=16092) to work on /home/soamariaka/.local/lib/python3.9/site-packages/airflow/example_dags/example_latest_only_with_trigger.py
[2023-08-14T14:21:27.049+0300] {processor.py:826} INFO - Processing file /home/soamariaka/.local/lib/python3.9/site-packages/airflow/example_dags/example_latest_only_with_trigger.py for tasks to queue
[2023-08-14T14:21:27.051+0300] {logging_mixin.py:150} INFO - [2023-08-14T14:21:27.050+0300] {dagbag.py:541} INFO - Filling up the DagBag from /home/soamariaka/.local/lib/python3.9/site-packages/airflow/example_dags/example_latest_only_with_trigger.py
[2023-08-14T14:21:27.064+0300] {processor.py:836} INFO - DAG(s) dict_keys(['latest_only_with_trigger']) retrieved from /home/soamariaka/.local/lib/python3.9/site-packages/airflow/example_dags/example_latest_only_with_trigger.py
[2023-08-14T14:21:27.095+0300] {logging_mixin.py:150} INFO - [2023-08-14T14:21:27.095+0300] {dag.py:2742} INFO - Sync 1 DAGs
[2023-08-14T14:21:27.132+0300] {logging_mixin.py:150} INFO - [2023-08-14T14:21:27.132+0300] {dag.py:3504} INFO - Setting next_dagrun for latest_only_with_trigger to 2023-08-14T07:21:27.132032+00:00, run_after=2023-08-14T11:21:27.132032+00:00
[2023-08-14T14:21:27.336+0300] {processor.py:179} INFO - Processing /home/soamariaka/.local/lib/python3.9/site-packages/airflow/example_dags/example_latest_only_with_trigger.py took 0.400 seconds
[2023-08-14T14:22:33.580+0300] {processor.py:157} INFO - Started process (PID=16154) to work on /home/soamariaka/.local/lib/python3.9/site-packages/airflow/example_dags/example_latest_only_with_trigger.py
[2023-08-14T14:22:33.583+0300] {processor.py:826} INFO - Processing file /home/soamariaka/.local/lib/python3.9/site-packages/airflow/example_dags/example_latest_only_with_trigger.py for tasks to queue
[2023-08-14T14:22:33.585+0300] {logging_mixin.py:150} INFO - [2023-08-14T14:22:33.584+0300] {dagbag.py:541} INFO - Filling up the DagBag from /home/soamariaka/.local/lib/python3.9/site-packages/airflow/example_dags/example_latest_only_with_trigger.py
[2023-08-14T14:22:33.596+0300] {processor.py:836} INFO - DAG(s) dict_keys(['latest_only_with_trigger']) retrieved from /home/soamariaka/.local/lib/python3.9/site-packages/airflow/example_dags/example_latest_only_with_trigger.py
[2023-08-14T14:22:33.624+0300] {logging_mixin.py:150} INFO - [2023-08-14T14:22:33.624+0300] {dag.py:2742} INFO - Sync 1 DAGs
[2023-08-14T14:22:33.656+0300] {logging_mixin.py:150} INFO - [2023-08-14T14:22:33.655+0300] {dag.py:3504} INFO - Setting next_dagrun for latest_only_with_trigger to 2023-08-14T07:22:33.655581+00:00, run_after=2023-08-14T11:22:33.655581+00:00
[2023-08-14T14:22:33.876+0300] {processor.py:179} INFO - Processing /home/soamariaka/.local/lib/python3.9/site-packages/airflow/example_dags/example_latest_only_with_trigger.py took 0.301 seconds
[2023-08-14T14:23:34.786+0300] {processor.py:157} INFO - Started process (PID=16219) to work on /home/soamariaka/.local/lib/python3.9/site-packages/airflow/example_dags/example_latest_only_with_trigger.py
[2023-08-14T14:23:34.802+0300] {processor.py:826} INFO - Processing file /home/soamariaka/.local/lib/python3.9/site-packages/airflow/example_dags/example_latest_only_with_trigger.py for tasks to queue
[2023-08-14T14:23:34.804+0300] {logging_mixin.py:150} INFO - [2023-08-14T14:23:34.803+0300] {dagbag.py:541} INFO - Filling up the DagBag from /home/soamariaka/.local/lib/python3.9/site-packages/airflow/example_dags/example_latest_only_with_trigger.py
[2023-08-14T14:23:34.817+0300] {processor.py:836} INFO - DAG(s) dict_keys(['latest_only_with_trigger']) retrieved from /home/soamariaka/.local/lib/python3.9/site-packages/airflow/example_dags/example_latest_only_with_trigger.py
[2023-08-14T14:23:34.863+0300] {logging_mixin.py:150} INFO - [2023-08-14T14:23:34.863+0300] {dag.py:2742} INFO - Sync 1 DAGs
[2023-08-14T14:23:34.912+0300] {logging_mixin.py:150} INFO - [2023-08-14T14:23:34.912+0300] {dag.py:3504} INFO - Setting next_dagrun for latest_only_with_trigger to 2023-08-14T07:23:34.911805+00:00, run_after=2023-08-14T11:23:34.911805+00:00
[2023-08-14T14:23:35.038+0300] {processor.py:179} INFO - Processing /home/soamariaka/.local/lib/python3.9/site-packages/airflow/example_dags/example_latest_only_with_trigger.py took 0.258 seconds
[2023-08-14T14:24:31.679+0300] {processor.py:157} INFO - Started process (PID=16496) to work on /home/soamariaka/.local/lib/python3.9/site-packages/airflow/example_dags/example_latest_only_with_trigger.py
[2023-08-14T14:24:31.692+0300] {processor.py:826} INFO - Processing file /home/soamariaka/.local/lib/python3.9/site-packages/airflow/example_dags/example_latest_only_with_trigger.py for tasks to queue
[2023-08-14T14:24:31.694+0300] {logging_mixin.py:150} INFO - [2023-08-14T14:24:31.693+0300] {dagbag.py:541} INFO - Filling up the DagBag from /home/soamariaka/.local/lib/python3.9/site-packages/airflow/example_dags/example_latest_only_with_trigger.py
[2023-08-14T14:24:31.706+0300] {processor.py:836} INFO - DAG(s) dict_keys(['latest_only_with_trigger']) retrieved from /home/soamariaka/.local/lib/python3.9/site-packages/airflow/example_dags/example_latest_only_with_trigger.py
[2023-08-14T14:24:31.733+0300] {logging_mixin.py:150} INFO - [2023-08-14T14:24:31.732+0300] {dag.py:2742} INFO - Sync 1 DAGs
[2023-08-14T14:24:31.764+0300] {logging_mixin.py:150} INFO - [2023-08-14T14:24:31.763+0300] {dag.py:3504} INFO - Setting next_dagrun for latest_only_with_trigger to 2023-08-14T07:24:31.763653+00:00, run_after=2023-08-14T11:24:31.763653+00:00
[2023-08-14T14:24:31.903+0300] {processor.py:179} INFO - Processing /home/soamariaka/.local/lib/python3.9/site-packages/airflow/example_dags/example_latest_only_with_trigger.py took 0.228 seconds
[2023-08-14T14:25:30.788+0300] {processor.py:157} INFO - Started process (PID=16643) to work on /home/soamariaka/.local/lib/python3.9/site-packages/airflow/example_dags/example_latest_only_with_trigger.py
[2023-08-14T14:25:30.791+0300] {processor.py:826} INFO - Processing file /home/soamariaka/.local/lib/python3.9/site-packages/airflow/example_dags/example_latest_only_with_trigger.py for tasks to queue
[2023-08-14T14:25:30.792+0300] {logging_mixin.py:150} INFO - [2023-08-14T14:25:30.792+0300] {dagbag.py:541} INFO - Filling up the DagBag from /home/soamariaka/.local/lib/python3.9/site-packages/airflow/example_dags/example_latest_only_with_trigger.py
[2023-08-14T14:25:30.804+0300] {processor.py:836} INFO - DAG(s) dict_keys(['latest_only_with_trigger']) retrieved from /home/soamariaka/.local/lib/python3.9/site-packages/airflow/example_dags/example_latest_only_with_trigger.py
[2023-08-14T14:25:30.830+0300] {logging_mixin.py:150} INFO - [2023-08-14T14:25:30.830+0300] {dag.py:2742} INFO - Sync 1 DAGs
[2023-08-14T14:25:30.861+0300] {logging_mixin.py:150} INFO - [2023-08-14T14:25:30.861+0300] {dag.py:3504} INFO - Setting next_dagrun for latest_only_with_trigger to 2023-08-14T07:25:30.861212+00:00, run_after=2023-08-14T11:25:30.861212+00:00
[2023-08-14T14:25:31.009+0300] {processor.py:179} INFO - Processing /home/soamariaka/.local/lib/python3.9/site-packages/airflow/example_dags/example_latest_only_with_trigger.py took 0.226 seconds
[2023-08-14T14:26:32.472+0300] {processor.py:157} INFO - Started process (PID=16731) to work on /home/soamariaka/.local/lib/python3.9/site-packages/airflow/example_dags/example_latest_only_with_trigger.py
[2023-08-14T14:26:32.501+0300] {processor.py:826} INFO - Processing file /home/soamariaka/.local/lib/python3.9/site-packages/airflow/example_dags/example_latest_only_with_trigger.py for tasks to queue
[2023-08-14T14:26:32.503+0300] {logging_mixin.py:150} INFO - [2023-08-14T14:26:32.502+0300] {dagbag.py:541} INFO - Filling up the DagBag from /home/soamariaka/.local/lib/python3.9/site-packages/airflow/example_dags/example_latest_only_with_trigger.py
[2023-08-14T14:26:32.515+0300] {processor.py:836} INFO - DAG(s) dict_keys(['latest_only_with_trigger']) retrieved from /home/soamariaka/.local/lib/python3.9/site-packages/airflow/example_dags/example_latest_only_with_trigger.py
[2023-08-14T14:26:32.546+0300] {logging_mixin.py:150} INFO - [2023-08-14T14:26:32.545+0300] {dag.py:2742} INFO - Sync 1 DAGs
[2023-08-14T14:26:32.579+0300] {logging_mixin.py:150} INFO - [2023-08-14T14:26:32.579+0300] {dag.py:3504} INFO - Setting next_dagrun for latest_only_with_trigger to 2023-08-14T07:26:32.579138+00:00, run_after=2023-08-14T11:26:32.579138+00:00
[2023-08-14T14:26:32.952+0300] {processor.py:179} INFO - Processing /home/soamariaka/.local/lib/python3.9/site-packages/airflow/example_dags/example_latest_only_with_trigger.py took 0.485 seconds
[2023-08-14T14:27:30.990+0300] {processor.py:157} INFO - Started process (PID=16855) to work on /home/soamariaka/.local/lib/python3.9/site-packages/airflow/example_dags/example_latest_only_with_trigger.py
[2023-08-14T14:27:31.019+0300] {processor.py:826} INFO - Processing file /home/soamariaka/.local/lib/python3.9/site-packages/airflow/example_dags/example_latest_only_with_trigger.py for tasks to queue
[2023-08-14T14:27:31.020+0300] {logging_mixin.py:150} INFO - [2023-08-14T14:27:31.020+0300] {dagbag.py:541} INFO - Filling up the DagBag from /home/soamariaka/.local/lib/python3.9/site-packages/airflow/example_dags/example_latest_only_with_trigger.py
[2023-08-14T14:27:31.032+0300] {processor.py:836} INFO - DAG(s) dict_keys(['latest_only_with_trigger']) retrieved from /home/soamariaka/.local/lib/python3.9/site-packages/airflow/example_dags/example_latest_only_with_trigger.py
[2023-08-14T14:27:31.063+0300] {logging_mixin.py:150} INFO - [2023-08-14T14:27:31.063+0300] {dag.py:2742} INFO - Sync 1 DAGs
[2023-08-14T14:27:31.097+0300] {logging_mixin.py:150} INFO - [2023-08-14T14:27:31.096+0300] {dag.py:3504} INFO - Setting next_dagrun for latest_only_with_trigger to 2023-08-14T07:27:31.096552+00:00, run_after=2023-08-14T11:27:31.096552+00:00
[2023-08-14T14:27:31.244+0300] {processor.py:179} INFO - Processing /home/soamariaka/.local/lib/python3.9/site-packages/airflow/example_dags/example_latest_only_with_trigger.py took 0.259 seconds
[2023-08-14T14:28:34.417+0300] {processor.py:157} INFO - Started process (PID=16976) to work on /home/soamariaka/.local/lib/python3.9/site-packages/airflow/example_dags/example_latest_only_with_trigger.py
[2023-08-14T14:28:34.419+0300] {processor.py:826} INFO - Processing file /home/soamariaka/.local/lib/python3.9/site-packages/airflow/example_dags/example_latest_only_with_trigger.py for tasks to queue
[2023-08-14T14:28:34.420+0300] {logging_mixin.py:150} INFO - [2023-08-14T14:28:34.420+0300] {dagbag.py:541} INFO - Filling up the DagBag from /home/soamariaka/.local/lib/python3.9/site-packages/airflow/example_dags/example_latest_only_with_trigger.py
[2023-08-14T14:28:34.430+0300] {processor.py:836} INFO - DAG(s) dict_keys(['latest_only_with_trigger']) retrieved from /home/soamariaka/.local/lib/python3.9/site-packages/airflow/example_dags/example_latest_only_with_trigger.py
[2023-08-14T14:28:34.455+0300] {logging_mixin.py:150} INFO - [2023-08-14T14:28:34.454+0300] {dag.py:2742} INFO - Sync 1 DAGs
[2023-08-14T14:28:34.493+0300] {logging_mixin.py:150} INFO - [2023-08-14T14:28:34.493+0300] {dag.py:3504} INFO - Setting next_dagrun for latest_only_with_trigger to 2023-08-14T07:28:34.492841+00:00, run_after=2023-08-14T11:28:34.492841+00:00
[2023-08-14T14:28:34.671+0300] {processor.py:179} INFO - Processing /home/soamariaka/.local/lib/python3.9/site-packages/airflow/example_dags/example_latest_only_with_trigger.py took 0.260 seconds
[2023-08-14T14:29:35.377+0300] {processor.py:157} INFO - Started process (PID=17127) to work on /home/soamariaka/.local/lib/python3.9/site-packages/airflow/example_dags/example_latest_only_with_trigger.py
[2023-08-14T14:29:35.407+0300] {processor.py:826} INFO - Processing file /home/soamariaka/.local/lib/python3.9/site-packages/airflow/example_dags/example_latest_only_with_trigger.py for tasks to queue
[2023-08-14T14:29:35.408+0300] {logging_mixin.py:150} INFO - [2023-08-14T14:29:35.408+0300] {dagbag.py:541} INFO - Filling up the DagBag from /home/soamariaka/.local/lib/python3.9/site-packages/airflow/example_dags/example_latest_only_with_trigger.py
[2023-08-14T14:29:35.420+0300] {processor.py:836} INFO - DAG(s) dict_keys(['latest_only_with_trigger']) retrieved from /home/soamariaka/.local/lib/python3.9/site-packages/airflow/example_dags/example_latest_only_with_trigger.py
[2023-08-14T14:29:35.451+0300] {logging_mixin.py:150} INFO - [2023-08-14T14:29:35.451+0300] {dag.py:2742} INFO - Sync 1 DAGs
[2023-08-14T14:29:35.485+0300] {logging_mixin.py:150} INFO - [2023-08-14T14:29:35.484+0300] {dag.py:3504} INFO - Setting next_dagrun for latest_only_with_trigger to 2023-08-14T07:29:35.484521+00:00, run_after=2023-08-14T11:29:35.484521+00:00
[2023-08-14T14:29:35.616+0300] {processor.py:179} INFO - Processing /home/soamariaka/.local/lib/python3.9/site-packages/airflow/example_dags/example_latest_only_with_trigger.py took 0.244 seconds
[2023-08-14T14:30:28.992+0300] {processor.py:157} INFO - Started process (PID=17233) to work on /home/soamariaka/.local/lib/python3.9/site-packages/airflow/example_dags/example_latest_only_with_trigger.py
[2023-08-14T14:30:29.028+0300] {processor.py:826} INFO - Processing file /home/soamariaka/.local/lib/python3.9/site-packages/airflow/example_dags/example_latest_only_with_trigger.py for tasks to queue
[2023-08-14T14:30:29.030+0300] {logging_mixin.py:150} INFO - [2023-08-14T14:30:29.029+0300] {dagbag.py:541} INFO - Filling up the DagBag from /home/soamariaka/.local/lib/python3.9/site-packages/airflow/example_dags/example_latest_only_with_trigger.py
[2023-08-14T14:30:29.041+0300] {processor.py:836} INFO - DAG(s) dict_keys(['latest_only_with_trigger']) retrieved from /home/soamariaka/.local/lib/python3.9/site-packages/airflow/example_dags/example_latest_only_with_trigger.py
[2023-08-14T14:30:29.073+0300] {logging_mixin.py:150} INFO - [2023-08-14T14:30:29.072+0300] {dag.py:2742} INFO - Sync 1 DAGs
[2023-08-14T14:30:29.108+0300] {logging_mixin.py:150} INFO - [2023-08-14T14:30:29.107+0300] {dag.py:3504} INFO - Setting next_dagrun for latest_only_with_trigger to 2023-08-14T07:30:29.107453+00:00, run_after=2023-08-14T11:30:29.107453+00:00
[2023-08-14T14:30:29.257+0300] {processor.py:179} INFO - Processing /home/soamariaka/.local/lib/python3.9/site-packages/airflow/example_dags/example_latest_only_with_trigger.py took 0.271 seconds
[2023-08-14T14:31:25.098+0300] {processor.py:157} INFO - Started process (PID=17317) to work on /home/soamariaka/.local/lib/python3.9/site-packages/airflow/example_dags/example_latest_only_with_trigger.py
[2023-08-14T14:31:25.135+0300] {processor.py:826} INFO - Processing file /home/soamariaka/.local/lib/python3.9/site-packages/airflow/example_dags/example_latest_only_with_trigger.py for tasks to queue
[2023-08-14T14:31:25.136+0300] {logging_mixin.py:150} INFO - [2023-08-14T14:31:25.136+0300] {dagbag.py:541} INFO - Filling up the DagBag from /home/soamariaka/.local/lib/python3.9/site-packages/airflow/example_dags/example_latest_only_with_trigger.py
[2023-08-14T14:31:25.148+0300] {processor.py:836} INFO - DAG(s) dict_keys(['latest_only_with_trigger']) retrieved from /home/soamariaka/.local/lib/python3.9/site-packages/airflow/example_dags/example_latest_only_with_trigger.py
[2023-08-14T14:31:25.179+0300] {logging_mixin.py:150} INFO - [2023-08-14T14:31:25.179+0300] {dag.py:2742} INFO - Sync 1 DAGs
[2023-08-14T14:31:25.213+0300] {logging_mixin.py:150} INFO - [2023-08-14T14:31:25.213+0300] {dag.py:3504} INFO - Setting next_dagrun for latest_only_with_trigger to 2023-08-14T07:31:25.212718+00:00, run_after=2023-08-14T11:31:25.212718+00:00
[2023-08-14T14:31:25.329+0300] {processor.py:179} INFO - Processing /home/soamariaka/.local/lib/python3.9/site-packages/airflow/example_dags/example_latest_only_with_trigger.py took 0.236 seconds
[2023-08-14T14:32:25.510+0300] {processor.py:157} INFO - Started process (PID=17405) to work on /home/soamariaka/.local/lib/python3.9/site-packages/airflow/example_dags/example_latest_only_with_trigger.py
[2023-08-14T14:32:25.513+0300] {processor.py:826} INFO - Processing file /home/soamariaka/.local/lib/python3.9/site-packages/airflow/example_dags/example_latest_only_with_trigger.py for tasks to queue
[2023-08-14T14:32:25.514+0300] {logging_mixin.py:150} INFO - [2023-08-14T14:32:25.514+0300] {dagbag.py:541} INFO - Filling up the DagBag from /home/soamariaka/.local/lib/python3.9/site-packages/airflow/example_dags/example_latest_only_with_trigger.py
[2023-08-14T14:32:25.526+0300] {processor.py:836} INFO - DAG(s) dict_keys(['latest_only_with_trigger']) retrieved from /home/soamariaka/.local/lib/python3.9/site-packages/airflow/example_dags/example_latest_only_with_trigger.py
[2023-08-14T14:32:25.554+0300] {logging_mixin.py:150} INFO - [2023-08-14T14:32:25.553+0300] {dag.py:2742} INFO - Sync 1 DAGs
[2023-08-14T14:32:25.585+0300] {logging_mixin.py:150} INFO - [2023-08-14T14:32:25.585+0300] {dag.py:3504} INFO - Setting next_dagrun for latest_only_with_trigger to 2023-08-14T07:32:25.584698+00:00, run_after=2023-08-14T11:32:25.584698+00:00
[2023-08-14T14:32:25.736+0300] {processor.py:179} INFO - Processing /home/soamariaka/.local/lib/python3.9/site-packages/airflow/example_dags/example_latest_only_with_trigger.py took 0.232 seconds
[2023-08-14T14:33:25.381+0300] {processor.py:157} INFO - Started process (PID=17556) to work on /home/soamariaka/.local/lib/python3.9/site-packages/airflow/example_dags/example_latest_only_with_trigger.py
[2023-08-14T14:33:25.384+0300] {processor.py:826} INFO - Processing file /home/soamariaka/.local/lib/python3.9/site-packages/airflow/example_dags/example_latest_only_with_trigger.py for tasks to queue
[2023-08-14T14:33:25.386+0300] {logging_mixin.py:150} INFO - [2023-08-14T14:33:25.385+0300] {dagbag.py:541} INFO - Filling up the DagBag from /home/soamariaka/.local/lib/python3.9/site-packages/airflow/example_dags/example_latest_only_with_trigger.py
[2023-08-14T14:33:25.398+0300] {processor.py:836} INFO - DAG(s) dict_keys(['latest_only_with_trigger']) retrieved from /home/soamariaka/.local/lib/python3.9/site-packages/airflow/example_dags/example_latest_only_with_trigger.py
[2023-08-14T14:33:25.425+0300] {logging_mixin.py:150} INFO - [2023-08-14T14:33:25.425+0300] {dag.py:2742} INFO - Sync 1 DAGs
[2023-08-14T14:33:25.457+0300] {logging_mixin.py:150} INFO - [2023-08-14T14:33:25.457+0300] {dag.py:3504} INFO - Setting next_dagrun for latest_only_with_trigger to 2023-08-14T07:33:25.456701+00:00, run_after=2023-08-14T11:33:25.456701+00:00
[2023-08-14T14:33:25.602+0300] {processor.py:179} INFO - Processing /home/soamariaka/.local/lib/python3.9/site-packages/airflow/example_dags/example_latest_only_with_trigger.py took 0.226 seconds
[2023-08-14T14:34:24.856+0300] {processor.py:157} INFO - Started process (PID=17610) to work on /home/soamariaka/.local/lib/python3.9/site-packages/airflow/example_dags/example_latest_only_with_trigger.py
[2023-08-14T14:34:24.859+0300] {processor.py:826} INFO - Processing file /home/soamariaka/.local/lib/python3.9/site-packages/airflow/example_dags/example_latest_only_with_trigger.py for tasks to queue
[2023-08-14T14:34:24.860+0300] {logging_mixin.py:150} INFO - [2023-08-14T14:34:24.860+0300] {dagbag.py:541} INFO - Filling up the DagBag from /home/soamariaka/.local/lib/python3.9/site-packages/airflow/example_dags/example_latest_only_with_trigger.py
[2023-08-14T14:34:24.872+0300] {processor.py:836} INFO - DAG(s) dict_keys(['latest_only_with_trigger']) retrieved from /home/soamariaka/.local/lib/python3.9/site-packages/airflow/example_dags/example_latest_only_with_trigger.py
[2023-08-14T14:34:24.899+0300] {logging_mixin.py:150} INFO - [2023-08-14T14:34:24.899+0300] {dag.py:2742} INFO - Sync 1 DAGs
[2023-08-14T14:34:24.930+0300] {logging_mixin.py:150} INFO - [2023-08-14T14:34:24.930+0300] {dag.py:3504} INFO - Setting next_dagrun for latest_only_with_trigger to 2023-08-14T07:34:24.929798+00:00, run_after=2023-08-14T11:34:24.929798+00:00
[2023-08-14T14:34:25.073+0300] {processor.py:179} INFO - Processing /home/soamariaka/.local/lib/python3.9/site-packages/airflow/example_dags/example_latest_only_with_trigger.py took 0.222 seconds
[2023-08-14T14:35:52.022+0300] {processor.py:157} INFO - Started process (PID=17895) to work on /home/soamariaka/.local/lib/python3.9/site-packages/airflow/example_dags/example_latest_only_with_trigger.py
[2023-08-14T14:35:52.023+0300] {processor.py:826} INFO - Processing file /home/soamariaka/.local/lib/python3.9/site-packages/airflow/example_dags/example_latest_only_with_trigger.py for tasks to queue
[2023-08-14T14:35:52.034+0300] {logging_mixin.py:150} INFO - [2023-08-14T14:35:52.033+0300] {dagbag.py:541} INFO - Filling up the DagBag from /home/soamariaka/.local/lib/python3.9/site-packages/airflow/example_dags/example_latest_only_with_trigger.py
[2023-08-14T14:35:52.046+0300] {processor.py:836} INFO - DAG(s) dict_keys(['latest_only_with_trigger']) retrieved from /home/soamariaka/.local/lib/python3.9/site-packages/airflow/example_dags/example_latest_only_with_trigger.py
[2023-08-14T14:35:52.076+0300] {logging_mixin.py:150} INFO - [2023-08-14T14:35:52.075+0300] {dag.py:2742} INFO - Sync 1 DAGs
[2023-08-14T14:35:52.110+0300] {logging_mixin.py:150} INFO - [2023-08-14T14:35:52.109+0300] {dag.py:3504} INFO - Setting next_dagrun for latest_only_with_trigger to 2023-08-14T07:35:52.109561+00:00, run_after=2023-08-14T11:35:52.109561+00:00
[2023-08-14T14:35:52.294+0300] {processor.py:179} INFO - Processing /home/soamariaka/.local/lib/python3.9/site-packages/airflow/example_dags/example_latest_only_with_trigger.py took 0.278 seconds
[2023-08-14T14:37:32.080+0300] {processor.py:157} INFO - Started process (PID=18094) to work on /home/soamariaka/.local/lib/python3.9/site-packages/airflow/example_dags/example_latest_only_with_trigger.py
[2023-08-14T14:37:32.082+0300] {processor.py:826} INFO - Processing file /home/soamariaka/.local/lib/python3.9/site-packages/airflow/example_dags/example_latest_only_with_trigger.py for tasks to queue
[2023-08-14T14:37:32.083+0300] {logging_mixin.py:150} INFO - [2023-08-14T14:37:32.083+0300] {dagbag.py:541} INFO - Filling up the DagBag from /home/soamariaka/.local/lib/python3.9/site-packages/airflow/example_dags/example_latest_only_with_trigger.py
[2023-08-14T14:37:32.095+0300] {processor.py:836} INFO - DAG(s) dict_keys(['latest_only_with_trigger']) retrieved from /home/soamariaka/.local/lib/python3.9/site-packages/airflow/example_dags/example_latest_only_with_trigger.py
[2023-08-14T14:37:32.123+0300] {logging_mixin.py:150} INFO - [2023-08-14T14:37:32.122+0300] {dag.py:2742} INFO - Sync 1 DAGs
[2023-08-14T14:37:32.155+0300] {logging_mixin.py:150} INFO - [2023-08-14T14:37:32.154+0300] {dag.py:3504} INFO - Setting next_dagrun for latest_only_with_trigger to 2023-08-14T07:37:32.154603+00:00, run_after=2023-08-14T11:37:32.154603+00:00
[2023-08-14T14:37:32.321+0300] {processor.py:179} INFO - Processing /home/soamariaka/.local/lib/python3.9/site-packages/airflow/example_dags/example_latest_only_with_trigger.py took 0.247 seconds
[2023-08-14T14:38:32.669+0300] {processor.py:157} INFO - Started process (PID=18245) to work on /home/soamariaka/.local/lib/python3.9/site-packages/airflow/example_dags/example_latest_only_with_trigger.py
[2023-08-14T14:38:32.698+0300] {processor.py:826} INFO - Processing file /home/soamariaka/.local/lib/python3.9/site-packages/airflow/example_dags/example_latest_only_with_trigger.py for tasks to queue
[2023-08-14T14:38:32.700+0300] {logging_mixin.py:150} INFO - [2023-08-14T14:38:32.699+0300] {dagbag.py:541} INFO - Filling up the DagBag from /home/soamariaka/.local/lib/python3.9/site-packages/airflow/example_dags/example_latest_only_with_trigger.py
[2023-08-14T14:38:32.712+0300] {processor.py:836} INFO - DAG(s) dict_keys(['latest_only_with_trigger']) retrieved from /home/soamariaka/.local/lib/python3.9/site-packages/airflow/example_dags/example_latest_only_with_trigger.py
[2023-08-14T14:38:32.743+0300] {logging_mixin.py:150} INFO - [2023-08-14T14:38:32.742+0300] {dag.py:2742} INFO - Sync 1 DAGs
[2023-08-14T14:38:32.788+0300] {logging_mixin.py:150} INFO - [2023-08-14T14:38:32.788+0300] {dag.py:3504} INFO - Setting next_dagrun for latest_only_with_trigger to 2023-08-14T07:38:32.787658+00:00, run_after=2023-08-14T11:38:32.787658+00:00
[2023-08-14T14:38:33.067+0300] {processor.py:179} INFO - Processing /home/soamariaka/.local/lib/python3.9/site-packages/airflow/example_dags/example_latest_only_with_trigger.py took 0.404 seconds
[2023-08-14T14:39:39.496+0300] {processor.py:157} INFO - Started process (PID=18400) to work on /home/soamariaka/.local/lib/python3.9/site-packages/airflow/example_dags/example_latest_only_with_trigger.py
[2023-08-14T14:39:39.532+0300] {processor.py:826} INFO - Processing file /home/soamariaka/.local/lib/python3.9/site-packages/airflow/example_dags/example_latest_only_with_trigger.py for tasks to queue
[2023-08-14T14:39:39.535+0300] {logging_mixin.py:150} INFO - [2023-08-14T14:39:39.534+0300] {dagbag.py:541} INFO - Filling up the DagBag from /home/soamariaka/.local/lib/python3.9/site-packages/airflow/example_dags/example_latest_only_with_trigger.py
[2023-08-14T14:39:39.549+0300] {processor.py:836} INFO - DAG(s) dict_keys(['latest_only_with_trigger']) retrieved from /home/soamariaka/.local/lib/python3.9/site-packages/airflow/example_dags/example_latest_only_with_trigger.py
[2023-08-14T14:39:39.583+0300] {logging_mixin.py:150} INFO - [2023-08-14T14:39:39.583+0300] {dag.py:2742} INFO - Sync 1 DAGs
[2023-08-14T14:39:39.616+0300] {logging_mixin.py:150} INFO - [2023-08-14T14:39:39.615+0300] {dag.py:3504} INFO - Setting next_dagrun for latest_only_with_trigger to 2023-08-14T07:39:39.615612+00:00, run_after=2023-08-14T11:39:39.615612+00:00
[2023-08-14T14:39:39.779+0300] {processor.py:179} INFO - Processing /home/soamariaka/.local/lib/python3.9/site-packages/airflow/example_dags/example_latest_only_with_trigger.py took 0.289 seconds
[2023-08-14T14:41:10.293+0300] {processor.py:157} INFO - Started process (PID=18656) to work on /home/soamariaka/.local/lib/python3.9/site-packages/airflow/example_dags/example_latest_only_with_trigger.py
[2023-08-14T14:41:10.316+0300] {processor.py:826} INFO - Processing file /home/soamariaka/.local/lib/python3.9/site-packages/airflow/example_dags/example_latest_only_with_trigger.py for tasks to queue
[2023-08-14T14:41:10.319+0300] {logging_mixin.py:150} INFO - [2023-08-14T14:41:10.318+0300] {dagbag.py:541} INFO - Filling up the DagBag from /home/soamariaka/.local/lib/python3.9/site-packages/airflow/example_dags/example_latest_only_with_trigger.py
[2023-08-14T14:41:10.338+0300] {processor.py:836} INFO - DAG(s) dict_keys(['latest_only_with_trigger']) retrieved from /home/soamariaka/.local/lib/python3.9/site-packages/airflow/example_dags/example_latest_only_with_trigger.py
[2023-08-14T14:41:10.381+0300] {logging_mixin.py:150} INFO - [2023-08-14T14:41:10.380+0300] {dag.py:2742} INFO - Sync 1 DAGs
[2023-08-14T14:41:10.426+0300] {logging_mixin.py:150} INFO - [2023-08-14T14:41:10.425+0300] {dag.py:3504} INFO - Setting next_dagrun for latest_only_with_trigger to 2023-08-14T07:41:10.425441+00:00, run_after=2023-08-14T11:41:10.425441+00:00
[2023-08-14T14:41:13.178+0300] {processor.py:179} INFO - Processing /home/soamariaka/.local/lib/python3.9/site-packages/airflow/example_dags/example_latest_only_with_trigger.py took 2.893 seconds
