[2023-08-14T13:33:44.474+0300] {processor.py:157} INFO - Started process (PID=10797) to work on /home/soamariaka/.local/lib/python3.9/site-packages/airflow/example_dags/example_branch_operator_decorator.py
[2023-08-14T13:33:44.475+0300] {processor.py:826} INFO - Processing file /home/soamariaka/.local/lib/python3.9/site-packages/airflow/example_dags/example_branch_operator_decorator.py for tasks to queue
[2023-08-14T13:33:44.477+0300] {logging_mixin.py:150} INFO - [2023-08-14T13:33:44.476+0300] {dagbag.py:541} INFO - Filling up the DagBag from /home/soamariaka/.local/lib/python3.9/site-packages/airflow/example_dags/example_branch_operator_decorator.py
[2023-08-14T13:33:44.495+0300] {processor.py:836} INFO - DAG(s) dict_keys(['example_branch_python_operator_decorator']) retrieved from /home/soamariaka/.local/lib/python3.9/site-packages/airflow/example_dags/example_branch_operator_decorator.py
[2023-08-14T13:33:44.524+0300] {logging_mixin.py:150} INFO - [2023-08-14T13:33:44.523+0300] {dag.py:2742} INFO - Sync 1 DAGs
[2023-08-14T13:33:44.557+0300] {logging_mixin.py:150} INFO - [2023-08-14T13:33:44.557+0300] {dag.py:3504} INFO - Setting next_dagrun for example_branch_python_operator_decorator to 2023-08-13T00:00:00+00:00, run_after=2023-08-14T00:00:00+00:00
[2023-08-14T13:33:44.718+0300] {processor.py:179} INFO - Processing /home/soamariaka/.local/lib/python3.9/site-packages/airflow/example_dags/example_branch_operator_decorator.py took 0.249 seconds
[2023-08-14T13:35:16.359+0300] {processor.py:157} INFO - Started process (PID=10996) to work on /home/soamariaka/.local/lib/python3.9/site-packages/airflow/example_dags/example_branch_operator_decorator.py
[2023-08-14T13:35:16.362+0300] {processor.py:826} INFO - Processing file /home/soamariaka/.local/lib/python3.9/site-packages/airflow/example_dags/example_branch_operator_decorator.py for tasks to queue
[2023-08-14T13:35:16.364+0300] {logging_mixin.py:150} INFO - [2023-08-14T13:35:16.363+0300] {dagbag.py:541} INFO - Filling up the DagBag from /home/soamariaka/.local/lib/python3.9/site-packages/airflow/example_dags/example_branch_operator_decorator.py
[2023-08-14T13:35:16.381+0300] {processor.py:836} INFO - DAG(s) dict_keys(['example_branch_python_operator_decorator']) retrieved from /home/soamariaka/.local/lib/python3.9/site-packages/airflow/example_dags/example_branch_operator_decorator.py
[2023-08-14T13:35:16.409+0300] {logging_mixin.py:150} INFO - [2023-08-14T13:35:16.409+0300] {dag.py:2742} INFO - Sync 1 DAGs
[2023-08-14T13:35:16.446+0300] {logging_mixin.py:150} INFO - [2023-08-14T13:35:16.446+0300] {dag.py:3504} INFO - Setting next_dagrun for example_branch_python_operator_decorator to 2023-08-13T00:00:00+00:00, run_after=2023-08-14T00:00:00+00:00
[2023-08-14T13:35:16.583+0300] {processor.py:179} INFO - Processing /home/soamariaka/.local/lib/python3.9/site-packages/airflow/example_dags/example_branch_operator_decorator.py took 0.229 seconds
[2023-08-14T13:36:20.128+0300] {processor.py:157} INFO - Started process (PID=11088) to work on /home/soamariaka/.local/lib/python3.9/site-packages/airflow/example_dags/example_branch_operator_decorator.py
[2023-08-14T13:36:20.142+0300] {processor.py:826} INFO - Processing file /home/soamariaka/.local/lib/python3.9/site-packages/airflow/example_dags/example_branch_operator_decorator.py for tasks to queue
[2023-08-14T13:36:20.145+0300] {logging_mixin.py:150} INFO - [2023-08-14T13:36:20.144+0300] {dagbag.py:541} INFO - Filling up the DagBag from /home/soamariaka/.local/lib/python3.9/site-packages/airflow/example_dags/example_branch_operator_decorator.py
[2023-08-14T13:36:20.169+0300] {processor.py:836} INFO - DAG(s) dict_keys(['example_branch_python_operator_decorator']) retrieved from /home/soamariaka/.local/lib/python3.9/site-packages/airflow/example_dags/example_branch_operator_decorator.py
[2023-08-14T13:36:20.209+0300] {logging_mixin.py:150} INFO - [2023-08-14T13:36:20.208+0300] {dag.py:2742} INFO - Sync 1 DAGs
[2023-08-14T13:36:20.256+0300] {logging_mixin.py:150} INFO - [2023-08-14T13:36:20.255+0300] {dag.py:3504} INFO - Setting next_dagrun for example_branch_python_operator_decorator to 2023-08-13T00:00:00+00:00, run_after=2023-08-14T00:00:00+00:00
[2023-08-14T13:36:20.390+0300] {processor.py:179} INFO - Processing /home/soamariaka/.local/lib/python3.9/site-packages/airflow/example_dags/example_branch_operator_decorator.py took 0.269 seconds
[2023-08-14T13:37:18.325+0300] {processor.py:157} INFO - Started process (PID=11187) to work on /home/soamariaka/.local/lib/python3.9/site-packages/airflow/example_dags/example_branch_operator_decorator.py
[2023-08-14T13:37:18.328+0300] {processor.py:826} INFO - Processing file /home/soamariaka/.local/lib/python3.9/site-packages/airflow/example_dags/example_branch_operator_decorator.py for tasks to queue
[2023-08-14T13:37:18.329+0300] {logging_mixin.py:150} INFO - [2023-08-14T13:37:18.328+0300] {dagbag.py:541} INFO - Filling up the DagBag from /home/soamariaka/.local/lib/python3.9/site-packages/airflow/example_dags/example_branch_operator_decorator.py
[2023-08-14T13:37:18.349+0300] {processor.py:836} INFO - DAG(s) dict_keys(['example_branch_python_operator_decorator']) retrieved from /home/soamariaka/.local/lib/python3.9/site-packages/airflow/example_dags/example_branch_operator_decorator.py
[2023-08-14T13:37:18.377+0300] {logging_mixin.py:150} INFO - [2023-08-14T13:37:18.377+0300] {dag.py:2742} INFO - Sync 1 DAGs
[2023-08-14T13:37:18.413+0300] {logging_mixin.py:150} INFO - [2023-08-14T13:37:18.412+0300] {dag.py:3504} INFO - Setting next_dagrun for example_branch_python_operator_decorator to 2023-08-13T00:00:00+00:00, run_after=2023-08-14T00:00:00+00:00
[2023-08-14T13:37:18.538+0300] {processor.py:179} INFO - Processing /home/soamariaka/.local/lib/python3.9/site-packages/airflow/example_dags/example_branch_operator_decorator.py took 0.217 seconds
[2023-08-14T13:38:17.788+0300] {processor.py:157} INFO - Started process (PID=11272) to work on /home/soamariaka/.local/lib/python3.9/site-packages/airflow/example_dags/example_branch_operator_decorator.py
[2023-08-14T13:38:17.818+0300] {processor.py:826} INFO - Processing file /home/soamariaka/.local/lib/python3.9/site-packages/airflow/example_dags/example_branch_operator_decorator.py for tasks to queue
[2023-08-14T13:38:17.819+0300] {logging_mixin.py:150} INFO - [2023-08-14T13:38:17.819+0300] {dagbag.py:541} INFO - Filling up the DagBag from /home/soamariaka/.local/lib/python3.9/site-packages/airflow/example_dags/example_branch_operator_decorator.py
[2023-08-14T13:38:17.834+0300] {processor.py:836} INFO - DAG(s) dict_keys(['example_branch_python_operator_decorator']) retrieved from /home/soamariaka/.local/lib/python3.9/site-packages/airflow/example_dags/example_branch_operator_decorator.py
[2023-08-14T13:38:17.863+0300] {logging_mixin.py:150} INFO - [2023-08-14T13:38:17.863+0300] {dag.py:2742} INFO - Sync 1 DAGs
[2023-08-14T13:38:17.898+0300] {logging_mixin.py:150} INFO - [2023-08-14T13:38:17.897+0300] {dag.py:3504} INFO - Setting next_dagrun for example_branch_python_operator_decorator to 2023-08-13T00:00:00+00:00, run_after=2023-08-14T00:00:00+00:00
[2023-08-14T13:38:18.018+0300] {processor.py:179} INFO - Processing /home/soamariaka/.local/lib/python3.9/site-packages/airflow/example_dags/example_branch_operator_decorator.py took 0.235 seconds
[2023-08-14T13:39:23.634+0300] {processor.py:157} INFO - Started process (PID=11425) to work on /home/soamariaka/.local/lib/python3.9/site-packages/airflow/example_dags/example_branch_operator_decorator.py
[2023-08-14T13:39:23.636+0300] {processor.py:826} INFO - Processing file /home/soamariaka/.local/lib/python3.9/site-packages/airflow/example_dags/example_branch_operator_decorator.py for tasks to queue
[2023-08-14T13:39:23.638+0300] {logging_mixin.py:150} INFO - [2023-08-14T13:39:23.638+0300] {dagbag.py:541} INFO - Filling up the DagBag from /home/soamariaka/.local/lib/python3.9/site-packages/airflow/example_dags/example_branch_operator_decorator.py
[2023-08-14T13:39:23.657+0300] {processor.py:836} INFO - DAG(s) dict_keys(['example_branch_python_operator_decorator']) retrieved from /home/soamariaka/.local/lib/python3.9/site-packages/airflow/example_dags/example_branch_operator_decorator.py
[2023-08-14T13:39:23.690+0300] {logging_mixin.py:150} INFO - [2023-08-14T13:39:23.689+0300] {dag.py:2742} INFO - Sync 1 DAGs
[2023-08-14T13:39:23.736+0300] {logging_mixin.py:150} INFO - [2023-08-14T13:39:23.735+0300] {dag.py:3504} INFO - Setting next_dagrun for example_branch_python_operator_decorator to 2023-08-13T00:00:00+00:00, run_after=2023-08-14T00:00:00+00:00
[2023-08-14T13:39:24.011+0300] {processor.py:179} INFO - Processing /home/soamariaka/.local/lib/python3.9/site-packages/airflow/example_dags/example_branch_operator_decorator.py took 0.383 seconds
[2023-08-14T13:40:24.991+0300] {processor.py:157} INFO - Started process (PID=11496) to work on /home/soamariaka/.local/lib/python3.9/site-packages/airflow/example_dags/example_branch_operator_decorator.py
[2023-08-14T13:40:24.993+0300] {processor.py:826} INFO - Processing file /home/soamariaka/.local/lib/python3.9/site-packages/airflow/example_dags/example_branch_operator_decorator.py for tasks to queue
[2023-08-14T13:40:24.995+0300] {logging_mixin.py:150} INFO - [2023-08-14T13:40:24.994+0300] {dagbag.py:541} INFO - Filling up the DagBag from /home/soamariaka/.local/lib/python3.9/site-packages/airflow/example_dags/example_branch_operator_decorator.py
[2023-08-14T13:40:25.013+0300] {processor.py:836} INFO - DAG(s) dict_keys(['example_branch_python_operator_decorator']) retrieved from /home/soamariaka/.local/lib/python3.9/site-packages/airflow/example_dags/example_branch_operator_decorator.py
[2023-08-14T13:40:25.044+0300] {logging_mixin.py:150} INFO - [2023-08-14T13:40:25.043+0300] {dag.py:2742} INFO - Sync 1 DAGs
[2023-08-14T13:40:25.078+0300] {logging_mixin.py:150} INFO - [2023-08-14T13:40:25.078+0300] {dag.py:3504} INFO - Setting next_dagrun for example_branch_python_operator_decorator to 2023-08-13T00:00:00+00:00, run_after=2023-08-14T00:00:00+00:00
[2023-08-14T13:40:25.233+0300] {processor.py:179} INFO - Processing /home/soamariaka/.local/lib/python3.9/site-packages/airflow/example_dags/example_branch_operator_decorator.py took 0.248 seconds
[2023-08-14T13:41:45.716+0300] {processor.py:157} INFO - Started process (PID=11601) to work on /home/soamariaka/.local/lib/python3.9/site-packages/airflow/example_dags/example_branch_operator_decorator.py
[2023-08-14T13:41:45.745+0300] {processor.py:826} INFO - Processing file /home/soamariaka/.local/lib/python3.9/site-packages/airflow/example_dags/example_branch_operator_decorator.py for tasks to queue
[2023-08-14T13:41:45.748+0300] {logging_mixin.py:150} INFO - [2023-08-14T13:41:45.747+0300] {dagbag.py:541} INFO - Filling up the DagBag from /home/soamariaka/.local/lib/python3.9/site-packages/airflow/example_dags/example_branch_operator_decorator.py
[2023-08-14T13:41:45.773+0300] {processor.py:836} INFO - DAG(s) dict_keys(['example_branch_python_operator_decorator']) retrieved from /home/soamariaka/.local/lib/python3.9/site-packages/airflow/example_dags/example_branch_operator_decorator.py
[2023-08-14T13:41:45.817+0300] {logging_mixin.py:150} INFO - [2023-08-14T13:41:45.816+0300] {dag.py:2742} INFO - Sync 1 DAGs
[2023-08-14T13:41:45.868+0300] {logging_mixin.py:150} INFO - [2023-08-14T13:41:45.868+0300] {dag.py:3504} INFO - Setting next_dagrun for example_branch_python_operator_decorator to 2023-08-13T00:00:00+00:00, run_after=2023-08-14T00:00:00+00:00
[2023-08-14T13:41:45.983+0300] {processor.py:179} INFO - Processing /home/soamariaka/.local/lib/python3.9/site-packages/airflow/example_dags/example_branch_operator_decorator.py took 0.273 seconds
[2023-08-14T13:42:42.035+0300] {processor.py:157} INFO - Started process (PID=11651) to work on /home/soamariaka/.local/lib/python3.9/site-packages/airflow/example_dags/example_branch_operator_decorator.py
[2023-08-14T13:42:42.065+0300] {processor.py:826} INFO - Processing file /home/soamariaka/.local/lib/python3.9/site-packages/airflow/example_dags/example_branch_operator_decorator.py for tasks to queue
[2023-08-14T13:42:42.067+0300] {logging_mixin.py:150} INFO - [2023-08-14T13:42:42.066+0300] {dagbag.py:541} INFO - Filling up the DagBag from /home/soamariaka/.local/lib/python3.9/site-packages/airflow/example_dags/example_branch_operator_decorator.py
[2023-08-14T13:42:42.086+0300] {processor.py:836} INFO - DAG(s) dict_keys(['example_branch_python_operator_decorator']) retrieved from /home/soamariaka/.local/lib/python3.9/site-packages/airflow/example_dags/example_branch_operator_decorator.py
[2023-08-14T13:42:42.120+0300] {logging_mixin.py:150} INFO - [2023-08-14T13:42:42.120+0300] {dag.py:2742} INFO - Sync 1 DAGs
[2023-08-14T13:42:42.154+0300] {logging_mixin.py:150} INFO - [2023-08-14T13:42:42.154+0300] {dag.py:3504} INFO - Setting next_dagrun for example_branch_python_operator_decorator to 2023-08-13T00:00:00+00:00, run_after=2023-08-14T00:00:00+00:00
[2023-08-14T13:42:42.279+0300] {processor.py:179} INFO - Processing /home/soamariaka/.local/lib/python3.9/site-packages/airflow/example_dags/example_branch_operator_decorator.py took 0.249 seconds
[2023-08-14T13:44:06.794+0300] {processor.py:157} INFO - Started process (PID=11757) to work on /home/soamariaka/.local/lib/python3.9/site-packages/airflow/example_dags/example_branch_operator_decorator.py
[2023-08-14T13:44:06.796+0300] {processor.py:826} INFO - Processing file /home/soamariaka/.local/lib/python3.9/site-packages/airflow/example_dags/example_branch_operator_decorator.py for tasks to queue
[2023-08-14T13:44:06.798+0300] {logging_mixin.py:150} INFO - [2023-08-14T13:44:06.797+0300] {dagbag.py:541} INFO - Filling up the DagBag from /home/soamariaka/.local/lib/python3.9/site-packages/airflow/example_dags/example_branch_operator_decorator.py
[2023-08-14T13:44:06.816+0300] {processor.py:836} INFO - DAG(s) dict_keys(['example_branch_python_operator_decorator']) retrieved from /home/soamariaka/.local/lib/python3.9/site-packages/airflow/example_dags/example_branch_operator_decorator.py
[2023-08-14T13:44:06.846+0300] {logging_mixin.py:150} INFO - [2023-08-14T13:44:06.846+0300] {dag.py:2742} INFO - Sync 1 DAGs
[2023-08-14T13:44:06.879+0300] {logging_mixin.py:150} INFO - [2023-08-14T13:44:06.879+0300] {dag.py:3504} INFO - Setting next_dagrun for example_branch_python_operator_decorator to 2023-08-13T00:00:00+00:00, run_after=2023-08-14T00:00:00+00:00
[2023-08-14T13:44:07.139+0300] {processor.py:179} INFO - Processing /home/soamariaka/.local/lib/python3.9/site-packages/airflow/example_dags/example_branch_operator_decorator.py took 0.351 seconds
[2023-08-14T13:45:14.716+0300] {processor.py:157} INFO - Started process (PID=11832) to work on /home/soamariaka/.local/lib/python3.9/site-packages/airflow/example_dags/example_branch_operator_decorator.py
[2023-08-14T13:45:14.718+0300] {processor.py:826} INFO - Processing file /home/soamariaka/.local/lib/python3.9/site-packages/airflow/example_dags/example_branch_operator_decorator.py for tasks to queue
[2023-08-14T13:45:14.720+0300] {logging_mixin.py:150} INFO - [2023-08-14T13:45:14.719+0300] {dagbag.py:541} INFO - Filling up the DagBag from /home/soamariaka/.local/lib/python3.9/site-packages/airflow/example_dags/example_branch_operator_decorator.py
[2023-08-14T13:45:14.738+0300] {processor.py:836} INFO - DAG(s) dict_keys(['example_branch_python_operator_decorator']) retrieved from /home/soamariaka/.local/lib/python3.9/site-packages/airflow/example_dags/example_branch_operator_decorator.py
[2023-08-14T13:45:14.767+0300] {logging_mixin.py:150} INFO - [2023-08-14T13:45:14.767+0300] {dag.py:2742} INFO - Sync 1 DAGs
[2023-08-14T13:45:14.800+0300] {logging_mixin.py:150} INFO - [2023-08-14T13:45:14.800+0300] {dag.py:3504} INFO - Setting next_dagrun for example_branch_python_operator_decorator to 2023-08-13T00:00:00+00:00, run_after=2023-08-14T00:00:00+00:00
[2023-08-14T13:45:14.996+0300] {processor.py:179} INFO - Processing /home/soamariaka/.local/lib/python3.9/site-packages/airflow/example_dags/example_branch_operator_decorator.py took 0.286 seconds
[2023-08-14T13:46:18.921+0300] {processor.py:157} INFO - Started process (PID=11924) to work on /home/soamariaka/.local/lib/python3.9/site-packages/airflow/example_dags/example_branch_operator_decorator.py
[2023-08-14T13:46:18.954+0300] {processor.py:826} INFO - Processing file /home/soamariaka/.local/lib/python3.9/site-packages/airflow/example_dags/example_branch_operator_decorator.py for tasks to queue
[2023-08-14T13:46:18.956+0300] {logging_mixin.py:150} INFO - [2023-08-14T13:46:18.955+0300] {dagbag.py:541} INFO - Filling up the DagBag from /home/soamariaka/.local/lib/python3.9/site-packages/airflow/example_dags/example_branch_operator_decorator.py
[2023-08-14T13:46:18.974+0300] {processor.py:836} INFO - DAG(s) dict_keys(['example_branch_python_operator_decorator']) retrieved from /home/soamariaka/.local/lib/python3.9/site-packages/airflow/example_dags/example_branch_operator_decorator.py
[2023-08-14T13:46:19.008+0300] {logging_mixin.py:150} INFO - [2023-08-14T13:46:19.007+0300] {dag.py:2742} INFO - Sync 1 DAGs
[2023-08-14T13:46:19.042+0300] {logging_mixin.py:150} INFO - [2023-08-14T13:46:19.042+0300] {dag.py:3504} INFO - Setting next_dagrun for example_branch_python_operator_decorator to 2023-08-13T00:00:00+00:00, run_after=2023-08-14T00:00:00+00:00
[2023-08-14T13:46:19.331+0300] {processor.py:179} INFO - Processing /home/soamariaka/.local/lib/python3.9/site-packages/airflow/example_dags/example_branch_operator_decorator.py took 0.415 seconds
[2023-08-14T13:47:21.336+0300] {processor.py:157} INFO - Started process (PID=11981) to work on /home/soamariaka/.local/lib/python3.9/site-packages/airflow/example_dags/example_branch_operator_decorator.py
[2023-08-14T13:47:21.338+0300] {processor.py:826} INFO - Processing file /home/soamariaka/.local/lib/python3.9/site-packages/airflow/example_dags/example_branch_operator_decorator.py for tasks to queue
[2023-08-14T13:47:21.340+0300] {logging_mixin.py:150} INFO - [2023-08-14T13:47:21.339+0300] {dagbag.py:541} INFO - Filling up the DagBag from /home/soamariaka/.local/lib/python3.9/site-packages/airflow/example_dags/example_branch_operator_decorator.py
[2023-08-14T13:47:21.358+0300] {processor.py:836} INFO - DAG(s) dict_keys(['example_branch_python_operator_decorator']) retrieved from /home/soamariaka/.local/lib/python3.9/site-packages/airflow/example_dags/example_branch_operator_decorator.py
[2023-08-14T13:47:21.388+0300] {logging_mixin.py:150} INFO - [2023-08-14T13:47:21.388+0300] {dag.py:2742} INFO - Sync 1 DAGs
[2023-08-14T13:47:21.422+0300] {logging_mixin.py:150} INFO - [2023-08-14T13:47:21.422+0300] {dag.py:3504} INFO - Setting next_dagrun for example_branch_python_operator_decorator to 2023-08-13T00:00:00+00:00, run_after=2023-08-14T00:00:00+00:00
[2023-08-14T13:47:21.545+0300] {processor.py:179} INFO - Processing /home/soamariaka/.local/lib/python3.9/site-packages/airflow/example_dags/example_branch_operator_decorator.py took 0.214 seconds
[2023-08-14T13:48:24.668+0300] {processor.py:157} INFO - Started process (PID=12075) to work on /home/soamariaka/.local/lib/python3.9/site-packages/airflow/example_dags/example_branch_operator_decorator.py
[2023-08-14T13:48:24.670+0300] {processor.py:826} INFO - Processing file /home/soamariaka/.local/lib/python3.9/site-packages/airflow/example_dags/example_branch_operator_decorator.py for tasks to queue
[2023-08-14T13:48:24.672+0300] {logging_mixin.py:150} INFO - [2023-08-14T13:48:24.671+0300] {dagbag.py:541} INFO - Filling up the DagBag from /home/soamariaka/.local/lib/python3.9/site-packages/airflow/example_dags/example_branch_operator_decorator.py
[2023-08-14T13:48:24.690+0300] {processor.py:836} INFO - DAG(s) dict_keys(['example_branch_python_operator_decorator']) retrieved from /home/soamariaka/.local/lib/python3.9/site-packages/airflow/example_dags/example_branch_operator_decorator.py
[2023-08-14T13:48:24.721+0300] {logging_mixin.py:150} INFO - [2023-08-14T13:48:24.721+0300] {dag.py:2742} INFO - Sync 1 DAGs
[2023-08-14T13:48:24.755+0300] {logging_mixin.py:150} INFO - [2023-08-14T13:48:24.755+0300] {dag.py:3504} INFO - Setting next_dagrun for example_branch_python_operator_decorator to 2023-08-13T00:00:00+00:00, run_after=2023-08-14T00:00:00+00:00
[2023-08-14T13:48:24.909+0300] {processor.py:179} INFO - Processing /home/soamariaka/.local/lib/python3.9/site-packages/airflow/example_dags/example_branch_operator_decorator.py took 0.247 seconds
[2023-08-14T13:49:25.906+0300] {processor.py:157} INFO - Started process (PID=12133) to work on /home/soamariaka/.local/lib/python3.9/site-packages/airflow/example_dags/example_branch_operator_decorator.py
[2023-08-14T13:49:25.909+0300] {processor.py:826} INFO - Processing file /home/soamariaka/.local/lib/python3.9/site-packages/airflow/example_dags/example_branch_operator_decorator.py for tasks to queue
[2023-08-14T13:49:25.911+0300] {logging_mixin.py:150} INFO - [2023-08-14T13:49:25.910+0300] {dagbag.py:541} INFO - Filling up the DagBag from /home/soamariaka/.local/lib/python3.9/site-packages/airflow/example_dags/example_branch_operator_decorator.py
[2023-08-14T13:49:25.930+0300] {processor.py:836} INFO - DAG(s) dict_keys(['example_branch_python_operator_decorator']) retrieved from /home/soamariaka/.local/lib/python3.9/site-packages/airflow/example_dags/example_branch_operator_decorator.py
[2023-08-14T13:49:25.960+0300] {logging_mixin.py:150} INFO - [2023-08-14T13:49:25.959+0300] {dag.py:2742} INFO - Sync 1 DAGs
[2023-08-14T13:49:25.994+0300] {logging_mixin.py:150} INFO - [2023-08-14T13:49:25.994+0300] {dag.py:3504} INFO - Setting next_dagrun for example_branch_python_operator_decorator to 2023-08-13T00:00:00+00:00, run_after=2023-08-14T00:00:00+00:00
[2023-08-14T13:49:26.191+0300] {processor.py:179} INFO - Processing /home/soamariaka/.local/lib/python3.9/site-packages/airflow/example_dags/example_branch_operator_decorator.py took 0.291 seconds
[2023-08-14T13:50:28.436+0300] {processor.py:157} INFO - Started process (PID=12207) to work on /home/soamariaka/.local/lib/python3.9/site-packages/airflow/example_dags/example_branch_operator_decorator.py
[2023-08-14T13:50:28.439+0300] {processor.py:826} INFO - Processing file /home/soamariaka/.local/lib/python3.9/site-packages/airflow/example_dags/example_branch_operator_decorator.py for tasks to queue
[2023-08-14T13:50:28.440+0300] {logging_mixin.py:150} INFO - [2023-08-14T13:50:28.440+0300] {dagbag.py:541} INFO - Filling up the DagBag from /home/soamariaka/.local/lib/python3.9/site-packages/airflow/example_dags/example_branch_operator_decorator.py
[2023-08-14T13:50:28.459+0300] {processor.py:836} INFO - DAG(s) dict_keys(['example_branch_python_operator_decorator']) retrieved from /home/soamariaka/.local/lib/python3.9/site-packages/airflow/example_dags/example_branch_operator_decorator.py
[2023-08-14T13:50:28.489+0300] {logging_mixin.py:150} INFO - [2023-08-14T13:50:28.489+0300] {dag.py:2742} INFO - Sync 1 DAGs
[2023-08-14T13:50:28.522+0300] {logging_mixin.py:150} INFO - [2023-08-14T13:50:28.522+0300] {dag.py:3504} INFO - Setting next_dagrun for example_branch_python_operator_decorator to 2023-08-13T00:00:00+00:00, run_after=2023-08-14T00:00:00+00:00
[2023-08-14T13:50:28.659+0300] {processor.py:179} INFO - Processing /home/soamariaka/.local/lib/python3.9/site-packages/airflow/example_dags/example_branch_operator_decorator.py took 0.228 seconds
[2023-08-14T13:51:34.990+0300] {processor.py:157} INFO - Started process (PID=12301) to work on /home/soamariaka/.local/lib/python3.9/site-packages/airflow/example_dags/example_branch_operator_decorator.py
[2023-08-14T13:51:34.992+0300] {processor.py:826} INFO - Processing file /home/soamariaka/.local/lib/python3.9/site-packages/airflow/example_dags/example_branch_operator_decorator.py for tasks to queue
[2023-08-14T13:51:34.993+0300] {logging_mixin.py:150} INFO - [2023-08-14T13:51:34.993+0300] {dagbag.py:541} INFO - Filling up the DagBag from /home/soamariaka/.local/lib/python3.9/site-packages/airflow/example_dags/example_branch_operator_decorator.py
[2023-08-14T13:51:35.012+0300] {processor.py:836} INFO - DAG(s) dict_keys(['example_branch_python_operator_decorator']) retrieved from /home/soamariaka/.local/lib/python3.9/site-packages/airflow/example_dags/example_branch_operator_decorator.py
[2023-08-14T13:51:35.050+0300] {logging_mixin.py:150} INFO - [2023-08-14T13:51:35.050+0300] {dag.py:2742} INFO - Sync 1 DAGs
[2023-08-14T13:51:35.091+0300] {logging_mixin.py:150} INFO - [2023-08-14T13:51:35.091+0300] {dag.py:3504} INFO - Setting next_dagrun for example_branch_python_operator_decorator to 2023-08-13T00:00:00+00:00, run_after=2023-08-14T00:00:00+00:00
[2023-08-14T13:51:35.340+0300] {processor.py:179} INFO - Processing /home/soamariaka/.local/lib/python3.9/site-packages/airflow/example_dags/example_branch_operator_decorator.py took 0.356 seconds
[2023-08-14T13:52:35.996+0300] {processor.py:157} INFO - Started process (PID=12358) to work on /home/soamariaka/.local/lib/python3.9/site-packages/airflow/example_dags/example_branch_operator_decorator.py
[2023-08-14T13:52:35.998+0300] {processor.py:826} INFO - Processing file /home/soamariaka/.local/lib/python3.9/site-packages/airflow/example_dags/example_branch_operator_decorator.py for tasks to queue
[2023-08-14T13:52:35.999+0300] {logging_mixin.py:150} INFO - [2023-08-14T13:52:35.999+0300] {dagbag.py:541} INFO - Filling up the DagBag from /home/soamariaka/.local/lib/python3.9/site-packages/airflow/example_dags/example_branch_operator_decorator.py
[2023-08-14T13:52:36.018+0300] {processor.py:836} INFO - DAG(s) dict_keys(['example_branch_python_operator_decorator']) retrieved from /home/soamariaka/.local/lib/python3.9/site-packages/airflow/example_dags/example_branch_operator_decorator.py
[2023-08-14T13:52:36.047+0300] {logging_mixin.py:150} INFO - [2023-08-14T13:52:36.047+0300] {dag.py:2742} INFO - Sync 1 DAGs
[2023-08-14T13:52:36.086+0300] {logging_mixin.py:150} INFO - [2023-08-14T13:52:36.085+0300] {dag.py:3504} INFO - Setting next_dagrun for example_branch_python_operator_decorator to 2023-08-13T00:00:00+00:00, run_after=2023-08-14T00:00:00+00:00
[2023-08-14T13:52:36.399+0300] {processor.py:179} INFO - Processing /home/soamariaka/.local/lib/python3.9/site-packages/airflow/example_dags/example_branch_operator_decorator.py took 0.408 seconds
[2023-08-14T13:53:42.217+0300] {processor.py:157} INFO - Started process (PID=12420) to work on /home/soamariaka/.local/lib/python3.9/site-packages/airflow/example_dags/example_branch_operator_decorator.py
[2023-08-14T13:53:42.219+0300] {processor.py:826} INFO - Processing file /home/soamariaka/.local/lib/python3.9/site-packages/airflow/example_dags/example_branch_operator_decorator.py for tasks to queue
[2023-08-14T13:53:42.221+0300] {logging_mixin.py:150} INFO - [2023-08-14T13:53:42.220+0300] {dagbag.py:541} INFO - Filling up the DagBag from /home/soamariaka/.local/lib/python3.9/site-packages/airflow/example_dags/example_branch_operator_decorator.py
[2023-08-14T13:53:42.240+0300] {processor.py:836} INFO - DAG(s) dict_keys(['example_branch_python_operator_decorator']) retrieved from /home/soamariaka/.local/lib/python3.9/site-packages/airflow/example_dags/example_branch_operator_decorator.py
[2023-08-14T13:53:42.269+0300] {logging_mixin.py:150} INFO - [2023-08-14T13:53:42.269+0300] {dag.py:2742} INFO - Sync 1 DAGs
[2023-08-14T13:53:42.303+0300] {logging_mixin.py:150} INFO - [2023-08-14T13:53:42.302+0300] {dag.py:3504} INFO - Setting next_dagrun for example_branch_python_operator_decorator to 2023-08-13T00:00:00+00:00, run_after=2023-08-14T00:00:00+00:00
[2023-08-14T13:53:42.429+0300] {processor.py:179} INFO - Processing /home/soamariaka/.local/lib/python3.9/site-packages/airflow/example_dags/example_branch_operator_decorator.py took 0.217 seconds
[2023-08-14T13:54:47.306+0300] {processor.py:157} INFO - Started process (PID=12475) to work on /home/soamariaka/.local/lib/python3.9/site-packages/airflow/example_dags/example_branch_operator_decorator.py
[2023-08-14T13:54:47.308+0300] {processor.py:826} INFO - Processing file /home/soamariaka/.local/lib/python3.9/site-packages/airflow/example_dags/example_branch_operator_decorator.py for tasks to queue
[2023-08-14T13:54:47.309+0300] {logging_mixin.py:150} INFO - [2023-08-14T13:54:47.309+0300] {dagbag.py:541} INFO - Filling up the DagBag from /home/soamariaka/.local/lib/python3.9/site-packages/airflow/example_dags/example_branch_operator_decorator.py
[2023-08-14T13:54:47.328+0300] {processor.py:836} INFO - DAG(s) dict_keys(['example_branch_python_operator_decorator']) retrieved from /home/soamariaka/.local/lib/python3.9/site-packages/airflow/example_dags/example_branch_operator_decorator.py
[2023-08-14T13:54:47.373+0300] {logging_mixin.py:150} INFO - [2023-08-14T13:54:47.373+0300] {dag.py:2742} INFO - Sync 1 DAGs
[2023-08-14T13:54:47.413+0300] {logging_mixin.py:150} INFO - [2023-08-14T13:54:47.413+0300] {dag.py:3504} INFO - Setting next_dagrun for example_branch_python_operator_decorator to 2023-08-13T00:00:00+00:00, run_after=2023-08-14T00:00:00+00:00
[2023-08-14T13:54:47.670+0300] {processor.py:179} INFO - Processing /home/soamariaka/.local/lib/python3.9/site-packages/airflow/example_dags/example_branch_operator_decorator.py took 0.370 seconds
[2023-08-14T13:55:53.229+0300] {processor.py:157} INFO - Started process (PID=12589) to work on /home/soamariaka/.local/lib/python3.9/site-packages/airflow/example_dags/example_branch_operator_decorator.py
[2023-08-14T13:55:53.231+0300] {processor.py:826} INFO - Processing file /home/soamariaka/.local/lib/python3.9/site-packages/airflow/example_dags/example_branch_operator_decorator.py for tasks to queue
[2023-08-14T13:55:53.232+0300] {logging_mixin.py:150} INFO - [2023-08-14T13:55:53.232+0300] {dagbag.py:541} INFO - Filling up the DagBag from /home/soamariaka/.local/lib/python3.9/site-packages/airflow/example_dags/example_branch_operator_decorator.py
[2023-08-14T13:55:53.251+0300] {processor.py:836} INFO - DAG(s) dict_keys(['example_branch_python_operator_decorator']) retrieved from /home/soamariaka/.local/lib/python3.9/site-packages/airflow/example_dags/example_branch_operator_decorator.py
[2023-08-14T13:55:53.281+0300] {logging_mixin.py:150} INFO - [2023-08-14T13:55:53.280+0300] {dag.py:2742} INFO - Sync 1 DAGs
[2023-08-14T13:55:53.314+0300] {logging_mixin.py:150} INFO - [2023-08-14T13:55:53.314+0300] {dag.py:3504} INFO - Setting next_dagrun for example_branch_python_operator_decorator to 2023-08-13T00:00:00+00:00, run_after=2023-08-14T00:00:00+00:00
[2023-08-14T13:55:53.439+0300] {processor.py:179} INFO - Processing /home/soamariaka/.local/lib/python3.9/site-packages/airflow/example_dags/example_branch_operator_decorator.py took 0.215 seconds
[2023-08-14T13:57:00.913+0300] {processor.py:157} INFO - Started process (PID=12675) to work on /home/soamariaka/.local/lib/python3.9/site-packages/airflow/example_dags/example_branch_operator_decorator.py
[2023-08-14T13:57:00.915+0300] {processor.py:826} INFO - Processing file /home/soamariaka/.local/lib/python3.9/site-packages/airflow/example_dags/example_branch_operator_decorator.py for tasks to queue
[2023-08-14T13:57:00.916+0300] {logging_mixin.py:150} INFO - [2023-08-14T13:57:00.916+0300] {dagbag.py:541} INFO - Filling up the DagBag from /home/soamariaka/.local/lib/python3.9/site-packages/airflow/example_dags/example_branch_operator_decorator.py
[2023-08-14T13:57:00.935+0300] {processor.py:836} INFO - DAG(s) dict_keys(['example_branch_python_operator_decorator']) retrieved from /home/soamariaka/.local/lib/python3.9/site-packages/airflow/example_dags/example_branch_operator_decorator.py
[2023-08-14T13:57:00.969+0300] {logging_mixin.py:150} INFO - [2023-08-14T13:57:00.969+0300] {dag.py:2742} INFO - Sync 1 DAGs
[2023-08-14T13:57:01.023+0300] {logging_mixin.py:150} INFO - [2023-08-14T13:57:01.023+0300] {dag.py:3504} INFO - Setting next_dagrun for example_branch_python_operator_decorator to 2023-08-13T00:00:00+00:00, run_after=2023-08-14T00:00:00+00:00
[2023-08-14T13:57:01.334+0300] {processor.py:179} INFO - Processing /home/soamariaka/.local/lib/python3.9/site-packages/airflow/example_dags/example_branch_operator_decorator.py took 0.426 seconds
[2023-08-14T13:58:07.293+0300] {processor.py:157} INFO - Started process (PID=12741) to work on /home/soamariaka/.local/lib/python3.9/site-packages/airflow/example_dags/example_branch_operator_decorator.py
[2023-08-14T13:58:07.295+0300] {processor.py:826} INFO - Processing file /home/soamariaka/.local/lib/python3.9/site-packages/airflow/example_dags/example_branch_operator_decorator.py for tasks to queue
[2023-08-14T13:58:07.297+0300] {logging_mixin.py:150} INFO - [2023-08-14T13:58:07.296+0300] {dagbag.py:541} INFO - Filling up the DagBag from /home/soamariaka/.local/lib/python3.9/site-packages/airflow/example_dags/example_branch_operator_decorator.py
[2023-08-14T13:58:07.316+0300] {processor.py:836} INFO - DAG(s) dict_keys(['example_branch_python_operator_decorator']) retrieved from /home/soamariaka/.local/lib/python3.9/site-packages/airflow/example_dags/example_branch_operator_decorator.py
[2023-08-14T13:58:07.345+0300] {logging_mixin.py:150} INFO - [2023-08-14T13:58:07.345+0300] {dag.py:2742} INFO - Sync 1 DAGs
[2023-08-14T13:58:07.379+0300] {logging_mixin.py:150} INFO - [2023-08-14T13:58:07.378+0300] {dag.py:3504} INFO - Setting next_dagrun for example_branch_python_operator_decorator to 2023-08-13T00:00:00+00:00, run_after=2023-08-14T00:00:00+00:00
[2023-08-14T13:58:07.526+0300] {processor.py:179} INFO - Processing /home/soamariaka/.local/lib/python3.9/site-packages/airflow/example_dags/example_branch_operator_decorator.py took 0.238 seconds
[2023-08-14T13:59:10.500+0300] {processor.py:157} INFO - Started process (PID=12829) to work on /home/soamariaka/.local/lib/python3.9/site-packages/airflow/example_dags/example_branch_operator_decorator.py
[2023-08-14T13:59:10.502+0300] {processor.py:826} INFO - Processing file /home/soamariaka/.local/lib/python3.9/site-packages/airflow/example_dags/example_branch_operator_decorator.py for tasks to queue
[2023-08-14T13:59:10.503+0300] {logging_mixin.py:150} INFO - [2023-08-14T13:59:10.503+0300] {dagbag.py:541} INFO - Filling up the DagBag from /home/soamariaka/.local/lib/python3.9/site-packages/airflow/example_dags/example_branch_operator_decorator.py
[2023-08-14T13:59:10.518+0300] {processor.py:836} INFO - DAG(s) dict_keys(['example_branch_python_operator_decorator']) retrieved from /home/soamariaka/.local/lib/python3.9/site-packages/airflow/example_dags/example_branch_operator_decorator.py
[2023-08-14T13:59:10.546+0300] {logging_mixin.py:150} INFO - [2023-08-14T13:59:10.546+0300] {dag.py:2742} INFO - Sync 1 DAGs
[2023-08-14T13:59:10.580+0300] {logging_mixin.py:150} INFO - [2023-08-14T13:59:10.580+0300] {dag.py:3504} INFO - Setting next_dagrun for example_branch_python_operator_decorator to 2023-08-13T00:00:00+00:00, run_after=2023-08-14T00:00:00+00:00
[2023-08-14T13:59:10.711+0300] {processor.py:179} INFO - Processing /home/soamariaka/.local/lib/python3.9/site-packages/airflow/example_dags/example_branch_operator_decorator.py took 0.215 seconds
[2023-08-14T14:00:14.330+0300] {processor.py:157} INFO - Started process (PID=12911) to work on /home/soamariaka/.local/lib/python3.9/site-packages/airflow/example_dags/example_branch_operator_decorator.py
[2023-08-14T14:00:14.332+0300] {processor.py:826} INFO - Processing file /home/soamariaka/.local/lib/python3.9/site-packages/airflow/example_dags/example_branch_operator_decorator.py for tasks to queue
[2023-08-14T14:00:14.333+0300] {logging_mixin.py:150} INFO - [2023-08-14T14:00:14.333+0300] {dagbag.py:541} INFO - Filling up the DagBag from /home/soamariaka/.local/lib/python3.9/site-packages/airflow/example_dags/example_branch_operator_decorator.py
[2023-08-14T14:00:14.352+0300] {processor.py:836} INFO - DAG(s) dict_keys(['example_branch_python_operator_decorator']) retrieved from /home/soamariaka/.local/lib/python3.9/site-packages/airflow/example_dags/example_branch_operator_decorator.py
[2023-08-14T14:00:14.381+0300] {logging_mixin.py:150} INFO - [2023-08-14T14:00:14.381+0300] {dag.py:2742} INFO - Sync 1 DAGs
[2023-08-14T14:00:14.415+0300] {logging_mixin.py:150} INFO - [2023-08-14T14:00:14.414+0300] {dag.py:3504} INFO - Setting next_dagrun for example_branch_python_operator_decorator to 2023-08-13T00:00:00+00:00, run_after=2023-08-14T00:00:00+00:00
[2023-08-14T14:00:14.524+0300] {processor.py:179} INFO - Processing /home/soamariaka/.local/lib/python3.9/site-packages/airflow/example_dags/example_branch_operator_decorator.py took 0.199 seconds
[2023-08-14T14:01:15.843+0300] {processor.py:157} INFO - Started process (PID=12968) to work on /home/soamariaka/.local/lib/python3.9/site-packages/airflow/example_dags/example_branch_operator_decorator.py
[2023-08-14T14:01:15.845+0300] {processor.py:826} INFO - Processing file /home/soamariaka/.local/lib/python3.9/site-packages/airflow/example_dags/example_branch_operator_decorator.py for tasks to queue
[2023-08-14T14:01:15.846+0300] {logging_mixin.py:150} INFO - [2023-08-14T14:01:15.846+0300] {dagbag.py:541} INFO - Filling up the DagBag from /home/soamariaka/.local/lib/python3.9/site-packages/airflow/example_dags/example_branch_operator_decorator.py
[2023-08-14T14:01:15.863+0300] {processor.py:836} INFO - DAG(s) dict_keys(['example_branch_python_operator_decorator']) retrieved from /home/soamariaka/.local/lib/python3.9/site-packages/airflow/example_dags/example_branch_operator_decorator.py
[2023-08-14T14:01:15.891+0300] {logging_mixin.py:150} INFO - [2023-08-14T14:01:15.891+0300] {dag.py:2742} INFO - Sync 1 DAGs
[2023-08-14T14:01:15.925+0300] {logging_mixin.py:150} INFO - [2023-08-14T14:01:15.925+0300] {dag.py:3504} INFO - Setting next_dagrun for example_branch_python_operator_decorator to 2023-08-13T00:00:00+00:00, run_after=2023-08-14T00:00:00+00:00
[2023-08-14T14:01:16.145+0300] {processor.py:179} INFO - Processing /home/soamariaka/.local/lib/python3.9/site-packages/airflow/example_dags/example_branch_operator_decorator.py took 0.306 seconds
[2023-08-14T14:03:45.796+0300] {processor.py:157} INFO - Started process (PID=13689) to work on /home/soamariaka/.local/lib/python3.9/site-packages/airflow/example_dags/example_branch_operator_decorator.py
[2023-08-14T14:03:45.825+0300] {processor.py:826} INFO - Processing file /home/soamariaka/.local/lib/python3.9/site-packages/airflow/example_dags/example_branch_operator_decorator.py for tasks to queue
[2023-08-14T14:03:45.828+0300] {logging_mixin.py:150} INFO - [2023-08-14T14:03:45.827+0300] {dagbag.py:541} INFO - Filling up the DagBag from /home/soamariaka/.local/lib/python3.9/site-packages/airflow/example_dags/example_branch_operator_decorator.py
[2023-08-14T14:03:45.865+0300] {processor.py:836} INFO - DAG(s) dict_keys(['example_branch_python_operator_decorator']) retrieved from /home/soamariaka/.local/lib/python3.9/site-packages/airflow/example_dags/example_branch_operator_decorator.py
[2023-08-14T14:03:45.910+0300] {logging_mixin.py:150} INFO - [2023-08-14T14:03:45.910+0300] {dag.py:2742} INFO - Sync 1 DAGs
[2023-08-14T14:03:45.971+0300] {logging_mixin.py:150} INFO - [2023-08-14T14:03:45.971+0300] {dag.py:3504} INFO - Setting next_dagrun for example_branch_python_operator_decorator to 2023-08-13T00:00:00+00:00, run_after=2023-08-14T00:00:00+00:00
[2023-08-14T14:03:46.228+0300] {processor.py:179} INFO - Processing /home/soamariaka/.local/lib/python3.9/site-packages/airflow/example_dags/example_branch_operator_decorator.py took 0.438 seconds
[2023-08-14T14:05:38.412+0300] {processor.py:157} INFO - Started process (PID=13794) to work on /home/soamariaka/.local/lib/python3.9/site-packages/airflow/example_dags/example_branch_operator_decorator.py
[2023-08-14T14:05:38.413+0300] {processor.py:826} INFO - Processing file /home/soamariaka/.local/lib/python3.9/site-packages/airflow/example_dags/example_branch_operator_decorator.py for tasks to queue
[2023-08-14T14:05:38.415+0300] {logging_mixin.py:150} INFO - [2023-08-14T14:05:38.415+0300] {dagbag.py:541} INFO - Filling up the DagBag from /home/soamariaka/.local/lib/python3.9/site-packages/airflow/example_dags/example_branch_operator_decorator.py
[2023-08-14T14:05:38.474+0300] {processor.py:836} INFO - DAG(s) dict_keys(['example_branch_python_operator_decorator']) retrieved from /home/soamariaka/.local/lib/python3.9/site-packages/airflow/example_dags/example_branch_operator_decorator.py
[2023-08-14T14:05:38.509+0300] {logging_mixin.py:150} INFO - [2023-08-14T14:05:38.509+0300] {dag.py:2742} INFO - Sync 1 DAGs
[2023-08-14T14:05:38.563+0300] {logging_mixin.py:150} INFO - [2023-08-14T14:05:38.562+0300] {dag.py:3504} INFO - Setting next_dagrun for example_branch_python_operator_decorator to 2023-08-13T00:00:00+00:00, run_after=2023-08-14T00:00:00+00:00
[2023-08-14T14:05:38.876+0300] {processor.py:179} INFO - Processing /home/soamariaka/.local/lib/python3.9/site-packages/airflow/example_dags/example_branch_operator_decorator.py took 0.470 seconds
[2023-08-14T14:06:59.950+0300] {processor.py:157} INFO - Started process (PID=13875) to work on /home/soamariaka/.local/lib/python3.9/site-packages/airflow/example_dags/example_branch_operator_decorator.py
[2023-08-14T14:06:59.976+0300] {processor.py:826} INFO - Processing file /home/soamariaka/.local/lib/python3.9/site-packages/airflow/example_dags/example_branch_operator_decorator.py for tasks to queue
[2023-08-14T14:06:59.977+0300] {logging_mixin.py:150} INFO - [2023-08-14T14:06:59.977+0300] {dagbag.py:541} INFO - Filling up the DagBag from /home/soamariaka/.local/lib/python3.9/site-packages/airflow/example_dags/example_branch_operator_decorator.py
[2023-08-14T14:06:59.998+0300] {processor.py:836} INFO - DAG(s) dict_keys(['example_branch_python_operator_decorator']) retrieved from /home/soamariaka/.local/lib/python3.9/site-packages/airflow/example_dags/example_branch_operator_decorator.py
[2023-08-14T14:07:00.032+0300] {logging_mixin.py:150} INFO - [2023-08-14T14:07:00.032+0300] {dag.py:2742} INFO - Sync 1 DAGs
[2023-08-14T14:07:00.067+0300] {logging_mixin.py:150} INFO - [2023-08-14T14:07:00.067+0300] {dag.py:3504} INFO - Setting next_dagrun for example_branch_python_operator_decorator to 2023-08-13T00:00:00+00:00, run_after=2023-08-14T00:00:00+00:00
[2023-08-14T14:07:00.323+0300] {processor.py:179} INFO - Processing /home/soamariaka/.local/lib/python3.9/site-packages/airflow/example_dags/example_branch_operator_decorator.py took 0.379 seconds
[2023-08-14T14:09:03.316+0300] {processor.py:157} INFO - Started process (PID=14052) to work on /home/soamariaka/.local/lib/python3.9/site-packages/airflow/example_dags/example_branch_operator_decorator.py
[2023-08-14T14:09:03.330+0300] {processor.py:826} INFO - Processing file /home/soamariaka/.local/lib/python3.9/site-packages/airflow/example_dags/example_branch_operator_decorator.py for tasks to queue
[2023-08-14T14:09:03.332+0300] {logging_mixin.py:150} INFO - [2023-08-14T14:09:03.331+0300] {dagbag.py:541} INFO - Filling up the DagBag from /home/soamariaka/.local/lib/python3.9/site-packages/airflow/example_dags/example_branch_operator_decorator.py
[2023-08-14T14:09:03.356+0300] {processor.py:836} INFO - DAG(s) dict_keys(['example_branch_python_operator_decorator']) retrieved from /home/soamariaka/.local/lib/python3.9/site-packages/airflow/example_dags/example_branch_operator_decorator.py
[2023-08-14T14:09:03.391+0300] {logging_mixin.py:150} INFO - [2023-08-14T14:09:03.391+0300] {dag.py:2742} INFO - Sync 1 DAGs
[2023-08-14T14:09:03.425+0300] {logging_mixin.py:150} INFO - [2023-08-14T14:09:03.425+0300] {dag.py:3504} INFO - Setting next_dagrun for example_branch_python_operator_decorator to 2023-08-13T00:00:00+00:00, run_after=2023-08-14T00:00:00+00:00
[2023-08-14T14:09:03.546+0300] {processor.py:179} INFO - Processing /home/soamariaka/.local/lib/python3.9/site-packages/airflow/example_dags/example_branch_operator_decorator.py took 0.234 seconds
[2023-08-14T14:10:26.971+0300] {processor.py:157} INFO - Started process (PID=14175) to work on /home/soamariaka/.local/lib/python3.9/site-packages/airflow/example_dags/example_branch_operator_decorator.py
[2023-08-14T14:10:27.016+0300] {processor.py:826} INFO - Processing file /home/soamariaka/.local/lib/python3.9/site-packages/airflow/example_dags/example_branch_operator_decorator.py for tasks to queue
[2023-08-14T14:10:27.093+0300] {logging_mixin.py:150} INFO - [2023-08-14T14:10:27.092+0300] {dagbag.py:541} INFO - Filling up the DagBag from /home/soamariaka/.local/lib/python3.9/site-packages/airflow/example_dags/example_branch_operator_decorator.py
[2023-08-14T14:10:27.120+0300] {processor.py:836} INFO - DAG(s) dict_keys(['example_branch_python_operator_decorator']) retrieved from /home/soamariaka/.local/lib/python3.9/site-packages/airflow/example_dags/example_branch_operator_decorator.py
[2023-08-14T14:10:27.160+0300] {logging_mixin.py:150} INFO - [2023-08-14T14:10:27.160+0300] {dag.py:2742} INFO - Sync 1 DAGs
[2023-08-14T14:10:27.198+0300] {logging_mixin.py:150} INFO - [2023-08-14T14:10:27.197+0300] {dag.py:3504} INFO - Setting next_dagrun for example_branch_python_operator_decorator to 2023-08-13T00:00:00+00:00, run_after=2023-08-14T00:00:00+00:00
[2023-08-14T14:10:27.934+0300] {processor.py:179} INFO - Processing /home/soamariaka/.local/lib/python3.9/site-packages/airflow/example_dags/example_branch_operator_decorator.py took 0.967 seconds
[2023-08-14T14:12:16.570+0300] {processor.py:157} INFO - Started process (PID=15138) to work on /home/soamariaka/.local/lib/python3.9/site-packages/airflow/example_dags/example_branch_operator_decorator.py
[2023-08-14T14:12:16.572+0300] {processor.py:826} INFO - Processing file /home/soamariaka/.local/lib/python3.9/site-packages/airflow/example_dags/example_branch_operator_decorator.py for tasks to queue
[2023-08-14T14:12:16.574+0300] {logging_mixin.py:150} INFO - [2023-08-14T14:12:16.573+0300] {dagbag.py:541} INFO - Filling up the DagBag from /home/soamariaka/.local/lib/python3.9/site-packages/airflow/example_dags/example_branch_operator_decorator.py
[2023-08-14T14:12:16.592+0300] {processor.py:836} INFO - DAG(s) dict_keys(['example_branch_python_operator_decorator']) retrieved from /home/soamariaka/.local/lib/python3.9/site-packages/airflow/example_dags/example_branch_operator_decorator.py
[2023-08-14T14:12:16.622+0300] {logging_mixin.py:150} INFO - [2023-08-14T14:12:16.622+0300] {dag.py:2742} INFO - Sync 1 DAGs
[2023-08-14T14:12:16.656+0300] {logging_mixin.py:150} INFO - [2023-08-14T14:12:16.655+0300] {dag.py:3504} INFO - Setting next_dagrun for example_branch_python_operator_decorator to 2023-08-13T00:00:00+00:00, run_after=2023-08-14T00:00:00+00:00
[2023-08-14T14:12:16.797+0300] {processor.py:179} INFO - Processing /home/soamariaka/.local/lib/python3.9/site-packages/airflow/example_dags/example_branch_operator_decorator.py took 0.232 seconds
[2023-08-14T14:13:16.418+0300] {processor.py:157} INFO - Started process (PID=15264) to work on /home/soamariaka/.local/lib/python3.9/site-packages/airflow/example_dags/example_branch_operator_decorator.py
[2023-08-14T14:13:16.420+0300] {processor.py:826} INFO - Processing file /home/soamariaka/.local/lib/python3.9/site-packages/airflow/example_dags/example_branch_operator_decorator.py for tasks to queue
[2023-08-14T14:13:16.423+0300] {logging_mixin.py:150} INFO - [2023-08-14T14:13:16.422+0300] {dagbag.py:541} INFO - Filling up the DagBag from /home/soamariaka/.local/lib/python3.9/site-packages/airflow/example_dags/example_branch_operator_decorator.py
[2023-08-14T14:13:16.445+0300] {processor.py:836} INFO - DAG(s) dict_keys(['example_branch_python_operator_decorator']) retrieved from /home/soamariaka/.local/lib/python3.9/site-packages/airflow/example_dags/example_branch_operator_decorator.py
[2023-08-14T14:13:16.487+0300] {logging_mixin.py:150} INFO - [2023-08-14T14:13:16.486+0300] {dag.py:2742} INFO - Sync 1 DAGs
[2023-08-14T14:13:16.538+0300] {logging_mixin.py:150} INFO - [2023-08-14T14:13:16.538+0300] {dag.py:3504} INFO - Setting next_dagrun for example_branch_python_operator_decorator to 2023-08-13T00:00:00+00:00, run_after=2023-08-14T00:00:00+00:00
[2023-08-14T14:13:16.672+0300] {processor.py:179} INFO - Processing /home/soamariaka/.local/lib/python3.9/site-packages/airflow/example_dags/example_branch_operator_decorator.py took 0.261 seconds
[2023-08-14T14:14:19.972+0300] {processor.py:157} INFO - Started process (PID=15356) to work on /home/soamariaka/.local/lib/python3.9/site-packages/airflow/example_dags/example_branch_operator_decorator.py
[2023-08-14T14:14:19.994+0300] {processor.py:826} INFO - Processing file /home/soamariaka/.local/lib/python3.9/site-packages/airflow/example_dags/example_branch_operator_decorator.py for tasks to queue
[2023-08-14T14:14:19.996+0300] {logging_mixin.py:150} INFO - [2023-08-14T14:14:19.995+0300] {dagbag.py:541} INFO - Filling up the DagBag from /home/soamariaka/.local/lib/python3.9/site-packages/airflow/example_dags/example_branch_operator_decorator.py
[2023-08-14T14:14:20.017+0300] {processor.py:836} INFO - DAG(s) dict_keys(['example_branch_python_operator_decorator']) retrieved from /home/soamariaka/.local/lib/python3.9/site-packages/airflow/example_dags/example_branch_operator_decorator.py
[2023-08-14T14:14:20.061+0300] {logging_mixin.py:150} INFO - [2023-08-14T14:14:20.061+0300] {dag.py:2742} INFO - Sync 1 DAGs
[2023-08-14T14:14:20.108+0300] {logging_mixin.py:150} INFO - [2023-08-14T14:14:20.108+0300] {dag.py:3504} INFO - Setting next_dagrun for example_branch_python_operator_decorator to 2023-08-13T00:00:00+00:00, run_after=2023-08-14T00:00:00+00:00
[2023-08-14T14:14:20.390+0300] {processor.py:179} INFO - Processing /home/soamariaka/.local/lib/python3.9/site-packages/airflow/example_dags/example_branch_operator_decorator.py took 0.424 seconds
[2023-08-14T14:15:22.728+0300] {processor.py:157} INFO - Started process (PID=15483) to work on /home/soamariaka/.local/lib/python3.9/site-packages/airflow/example_dags/example_branch_operator_decorator.py
[2023-08-14T14:15:22.757+0300] {processor.py:826} INFO - Processing file /home/soamariaka/.local/lib/python3.9/site-packages/airflow/example_dags/example_branch_operator_decorator.py for tasks to queue
[2023-08-14T14:15:22.760+0300] {logging_mixin.py:150} INFO - [2023-08-14T14:15:22.759+0300] {dagbag.py:541} INFO - Filling up the DagBag from /home/soamariaka/.local/lib/python3.9/site-packages/airflow/example_dags/example_branch_operator_decorator.py
[2023-08-14T14:15:22.785+0300] {processor.py:836} INFO - DAG(s) dict_keys(['example_branch_python_operator_decorator']) retrieved from /home/soamariaka/.local/lib/python3.9/site-packages/airflow/example_dags/example_branch_operator_decorator.py
[2023-08-14T14:15:22.824+0300] {logging_mixin.py:150} INFO - [2023-08-14T14:15:22.823+0300] {dag.py:2742} INFO - Sync 1 DAGs
[2023-08-14T14:15:22.866+0300] {logging_mixin.py:150} INFO - [2023-08-14T14:15:22.865+0300] {dag.py:3504} INFO - Setting next_dagrun for example_branch_python_operator_decorator to 2023-08-13T00:00:00+00:00, run_after=2023-08-14T00:00:00+00:00
[2023-08-14T14:15:23.090+0300] {processor.py:179} INFO - Processing /home/soamariaka/.local/lib/python3.9/site-packages/airflow/example_dags/example_branch_operator_decorator.py took 0.368 seconds
[2023-08-14T14:16:24.121+0300] {processor.py:157} INFO - Started process (PID=15627) to work on /home/soamariaka/.local/lib/python3.9/site-packages/airflow/example_dags/example_branch_operator_decorator.py
[2023-08-14T14:16:24.145+0300] {processor.py:826} INFO - Processing file /home/soamariaka/.local/lib/python3.9/site-packages/airflow/example_dags/example_branch_operator_decorator.py for tasks to queue
[2023-08-14T14:16:24.147+0300] {logging_mixin.py:150} INFO - [2023-08-14T14:16:24.146+0300] {dagbag.py:541} INFO - Filling up the DagBag from /home/soamariaka/.local/lib/python3.9/site-packages/airflow/example_dags/example_branch_operator_decorator.py
[2023-08-14T14:16:24.172+0300] {processor.py:836} INFO - DAG(s) dict_keys(['example_branch_python_operator_decorator']) retrieved from /home/soamariaka/.local/lib/python3.9/site-packages/airflow/example_dags/example_branch_operator_decorator.py
[2023-08-14T14:16:24.222+0300] {logging_mixin.py:150} INFO - [2023-08-14T14:16:24.222+0300] {dag.py:2742} INFO - Sync 1 DAGs
[2023-08-14T14:16:24.272+0300] {logging_mixin.py:150} INFO - [2023-08-14T14:16:24.272+0300] {dag.py:3504} INFO - Setting next_dagrun for example_branch_python_operator_decorator to 2023-08-13T00:00:00+00:00, run_after=2023-08-14T00:00:00+00:00
[2023-08-14T14:16:24.407+0300] {processor.py:179} INFO - Processing /home/soamariaka/.local/lib/python3.9/site-packages/airflow/example_dags/example_branch_operator_decorator.py took 0.291 seconds
[2023-08-14T14:17:26.551+0300] {processor.py:157} INFO - Started process (PID=15710) to work on /home/soamariaka/.local/lib/python3.9/site-packages/airflow/example_dags/example_branch_operator_decorator.py
[2023-08-14T14:17:26.576+0300] {processor.py:826} INFO - Processing file /home/soamariaka/.local/lib/python3.9/site-packages/airflow/example_dags/example_branch_operator_decorator.py for tasks to queue
[2023-08-14T14:17:26.578+0300] {logging_mixin.py:150} INFO - [2023-08-14T14:17:26.577+0300] {dagbag.py:541} INFO - Filling up the DagBag from /home/soamariaka/.local/lib/python3.9/site-packages/airflow/example_dags/example_branch_operator_decorator.py
[2023-08-14T14:17:26.597+0300] {processor.py:836} INFO - DAG(s) dict_keys(['example_branch_python_operator_decorator']) retrieved from /home/soamariaka/.local/lib/python3.9/site-packages/airflow/example_dags/example_branch_operator_decorator.py
[2023-08-14T14:17:26.631+0300] {logging_mixin.py:150} INFO - [2023-08-14T14:17:26.631+0300] {dag.py:2742} INFO - Sync 1 DAGs
[2023-08-14T14:17:26.665+0300] {logging_mixin.py:150} INFO - [2023-08-14T14:17:26.665+0300] {dag.py:3504} INFO - Setting next_dagrun for example_branch_python_operator_decorator to 2023-08-13T00:00:00+00:00, run_after=2023-08-14T00:00:00+00:00
[2023-08-14T14:17:26.793+0300] {processor.py:179} INFO - Processing /home/soamariaka/.local/lib/python3.9/site-packages/airflow/example_dags/example_branch_operator_decorator.py took 0.247 seconds
[2023-08-14T14:18:55.585+0300] {processor.py:157} INFO - Started process (PID=15919) to work on /home/soamariaka/.local/lib/python3.9/site-packages/airflow/example_dags/example_branch_operator_decorator.py
[2023-08-14T14:18:55.588+0300] {processor.py:826} INFO - Processing file /home/soamariaka/.local/lib/python3.9/site-packages/airflow/example_dags/example_branch_operator_decorator.py for tasks to queue
[2023-08-14T14:18:55.590+0300] {logging_mixin.py:150} INFO - [2023-08-14T14:18:55.589+0300] {dagbag.py:541} INFO - Filling up the DagBag from /home/soamariaka/.local/lib/python3.9/site-packages/airflow/example_dags/example_branch_operator_decorator.py
[2023-08-14T14:18:55.608+0300] {processor.py:836} INFO - DAG(s) dict_keys(['example_branch_python_operator_decorator']) retrieved from /home/soamariaka/.local/lib/python3.9/site-packages/airflow/example_dags/example_branch_operator_decorator.py
[2023-08-14T14:18:55.638+0300] {logging_mixin.py:150} INFO - [2023-08-14T14:18:55.638+0300] {dag.py:2742} INFO - Sync 1 DAGs
[2023-08-14T14:18:55.672+0300] {logging_mixin.py:150} INFO - [2023-08-14T14:18:55.672+0300] {dag.py:3504} INFO - Setting next_dagrun for example_branch_python_operator_decorator to 2023-08-13T00:00:00+00:00, run_after=2023-08-14T00:00:00+00:00
[2023-08-14T14:18:55.813+0300] {processor.py:179} INFO - Processing /home/soamariaka/.local/lib/python3.9/site-packages/airflow/example_dags/example_branch_operator_decorator.py took 0.233 seconds
[2023-08-14T14:19:55.561+0300] {processor.py:157} INFO - Started process (PID=15996) to work on /home/soamariaka/.local/lib/python3.9/site-packages/airflow/example_dags/example_branch_operator_decorator.py
[2023-08-14T14:19:55.592+0300] {processor.py:826} INFO - Processing file /home/soamariaka/.local/lib/python3.9/site-packages/airflow/example_dags/example_branch_operator_decorator.py for tasks to queue
[2023-08-14T14:19:55.594+0300] {logging_mixin.py:150} INFO - [2023-08-14T14:19:55.593+0300] {dagbag.py:541} INFO - Filling up the DagBag from /home/soamariaka/.local/lib/python3.9/site-packages/airflow/example_dags/example_branch_operator_decorator.py
[2023-08-14T14:19:55.613+0300] {processor.py:836} INFO - DAG(s) dict_keys(['example_branch_python_operator_decorator']) retrieved from /home/soamariaka/.local/lib/python3.9/site-packages/airflow/example_dags/example_branch_operator_decorator.py
[2023-08-14T14:19:55.647+0300] {logging_mixin.py:150} INFO - [2023-08-14T14:19:55.647+0300] {dag.py:2742} INFO - Sync 1 DAGs
[2023-08-14T14:19:55.682+0300] {logging_mixin.py:150} INFO - [2023-08-14T14:19:55.682+0300] {dag.py:3504} INFO - Setting next_dagrun for example_branch_python_operator_decorator to 2023-08-13T00:00:00+00:00, run_after=2023-08-14T00:00:00+00:00
[2023-08-14T14:19:55.805+0300] {processor.py:179} INFO - Processing /home/soamariaka/.local/lib/python3.9/site-packages/airflow/example_dags/example_branch_operator_decorator.py took 0.249 seconds
[2023-08-14T14:21:32.357+0300] {processor.py:157} INFO - Started process (PID=16096) to work on /home/soamariaka/.local/lib/python3.9/site-packages/airflow/example_dags/example_branch_operator_decorator.py
[2023-08-14T14:21:32.359+0300] {processor.py:826} INFO - Processing file /home/soamariaka/.local/lib/python3.9/site-packages/airflow/example_dags/example_branch_operator_decorator.py for tasks to queue
[2023-08-14T14:21:32.361+0300] {logging_mixin.py:150} INFO - [2023-08-14T14:21:32.360+0300] {dagbag.py:541} INFO - Filling up the DagBag from /home/soamariaka/.local/lib/python3.9/site-packages/airflow/example_dags/example_branch_operator_decorator.py
[2023-08-14T14:21:32.379+0300] {processor.py:836} INFO - DAG(s) dict_keys(['example_branch_python_operator_decorator']) retrieved from /home/soamariaka/.local/lib/python3.9/site-packages/airflow/example_dags/example_branch_operator_decorator.py
[2023-08-14T14:21:32.409+0300] {logging_mixin.py:150} INFO - [2023-08-14T14:21:32.408+0300] {dag.py:2742} INFO - Sync 1 DAGs
[2023-08-14T14:21:32.443+0300] {logging_mixin.py:150} INFO - [2023-08-14T14:21:32.442+0300] {dag.py:3504} INFO - Setting next_dagrun for example_branch_python_operator_decorator to 2023-08-13T00:00:00+00:00, run_after=2023-08-14T00:00:00+00:00
[2023-08-14T14:21:32.925+0300] {processor.py:179} INFO - Processing /home/soamariaka/.local/lib/python3.9/site-packages/airflow/example_dags/example_branch_operator_decorator.py took 0.574 seconds
[2023-08-14T14:22:38.596+0300] {processor.py:157} INFO - Started process (PID=16158) to work on /home/soamariaka/.local/lib/python3.9/site-packages/airflow/example_dags/example_branch_operator_decorator.py
[2023-08-14T14:22:38.599+0300] {processor.py:826} INFO - Processing file /home/soamariaka/.local/lib/python3.9/site-packages/airflow/example_dags/example_branch_operator_decorator.py for tasks to queue
[2023-08-14T14:22:38.601+0300] {logging_mixin.py:150} INFO - [2023-08-14T14:22:38.600+0300] {dagbag.py:541} INFO - Filling up the DagBag from /home/soamariaka/.local/lib/python3.9/site-packages/airflow/example_dags/example_branch_operator_decorator.py
[2023-08-14T14:22:38.619+0300] {processor.py:836} INFO - DAG(s) dict_keys(['example_branch_python_operator_decorator']) retrieved from /home/soamariaka/.local/lib/python3.9/site-packages/airflow/example_dags/example_branch_operator_decorator.py
[2023-08-14T14:22:38.649+0300] {logging_mixin.py:150} INFO - [2023-08-14T14:22:38.648+0300] {dag.py:2742} INFO - Sync 1 DAGs
[2023-08-14T14:22:38.682+0300] {logging_mixin.py:150} INFO - [2023-08-14T14:22:38.682+0300] {dag.py:3504} INFO - Setting next_dagrun for example_branch_python_operator_decorator to 2023-08-13T00:00:00+00:00, run_after=2023-08-14T00:00:00+00:00
[2023-08-14T14:22:38.828+0300] {processor.py:179} INFO - Processing /home/soamariaka/.local/lib/python3.9/site-packages/airflow/example_dags/example_branch_operator_decorator.py took 0.237 seconds
[2023-08-14T14:23:39.217+0300] {processor.py:157} INFO - Started process (PID=16223) to work on /home/soamariaka/.local/lib/python3.9/site-packages/airflow/example_dags/example_branch_operator_decorator.py
[2023-08-14T14:23:39.219+0300] {processor.py:826} INFO - Processing file /home/soamariaka/.local/lib/python3.9/site-packages/airflow/example_dags/example_branch_operator_decorator.py for tasks to queue
[2023-08-14T14:23:39.220+0300] {logging_mixin.py:150} INFO - [2023-08-14T14:23:39.220+0300] {dagbag.py:541} INFO - Filling up the DagBag from /home/soamariaka/.local/lib/python3.9/site-packages/airflow/example_dags/example_branch_operator_decorator.py
[2023-08-14T14:23:39.239+0300] {processor.py:836} INFO - DAG(s) dict_keys(['example_branch_python_operator_decorator']) retrieved from /home/soamariaka/.local/lib/python3.9/site-packages/airflow/example_dags/example_branch_operator_decorator.py
[2023-08-14T14:23:39.269+0300] {logging_mixin.py:150} INFO - [2023-08-14T14:23:39.268+0300] {dag.py:2742} INFO - Sync 1 DAGs
[2023-08-14T14:23:39.303+0300] {logging_mixin.py:150} INFO - [2023-08-14T14:23:39.303+0300] {dag.py:3504} INFO - Setting next_dagrun for example_branch_python_operator_decorator to 2023-08-13T00:00:00+00:00, run_after=2023-08-14T00:00:00+00:00
[2023-08-14T14:23:39.467+0300] {processor.py:179} INFO - Processing /home/soamariaka/.local/lib/python3.9/site-packages/airflow/example_dags/example_branch_operator_decorator.py took 0.255 seconds
[2023-08-14T14:24:37.144+0300] {processor.py:157} INFO - Started process (PID=16500) to work on /home/soamariaka/.local/lib/python3.9/site-packages/airflow/example_dags/example_branch_operator_decorator.py
[2023-08-14T14:24:37.181+0300] {processor.py:826} INFO - Processing file /home/soamariaka/.local/lib/python3.9/site-packages/airflow/example_dags/example_branch_operator_decorator.py for tasks to queue
[2023-08-14T14:24:37.183+0300] {logging_mixin.py:150} INFO - [2023-08-14T14:24:37.182+0300] {dagbag.py:541} INFO - Filling up the DagBag from /home/soamariaka/.local/lib/python3.9/site-packages/airflow/example_dags/example_branch_operator_decorator.py
[2023-08-14T14:24:37.202+0300] {processor.py:836} INFO - DAG(s) dict_keys(['example_branch_python_operator_decorator']) retrieved from /home/soamariaka/.local/lib/python3.9/site-packages/airflow/example_dags/example_branch_operator_decorator.py
[2023-08-14T14:24:37.236+0300] {logging_mixin.py:150} INFO - [2023-08-14T14:24:37.236+0300] {dag.py:2742} INFO - Sync 1 DAGs
[2023-08-14T14:24:37.271+0300] {logging_mixin.py:150} INFO - [2023-08-14T14:24:37.271+0300] {dag.py:3504} INFO - Setting next_dagrun for example_branch_python_operator_decorator to 2023-08-13T00:00:00+00:00, run_after=2023-08-14T00:00:00+00:00
[2023-08-14T14:24:37.403+0300] {processor.py:179} INFO - Processing /home/soamariaka/.local/lib/python3.9/site-packages/airflow/example_dags/example_branch_operator_decorator.py took 0.265 seconds
[2023-08-14T14:26:09.732+0300] {processor.py:157} INFO - Started process (PID=16712) to work on /home/soamariaka/.local/lib/python3.9/site-packages/airflow/example_dags/example_branch_operator_decorator.py
[2023-08-14T14:26:09.768+0300] {processor.py:826} INFO - Processing file /home/soamariaka/.local/lib/python3.9/site-packages/airflow/example_dags/example_branch_operator_decorator.py for tasks to queue
[2023-08-14T14:26:09.770+0300] {logging_mixin.py:150} INFO - [2023-08-14T14:26:09.769+0300] {dagbag.py:541} INFO - Filling up the DagBag from /home/soamariaka/.local/lib/python3.9/site-packages/airflow/example_dags/example_branch_operator_decorator.py
[2023-08-14T14:26:09.789+0300] {processor.py:836} INFO - DAG(s) dict_keys(['example_branch_python_operator_decorator']) retrieved from /home/soamariaka/.local/lib/python3.9/site-packages/airflow/example_dags/example_branch_operator_decorator.py
[2023-08-14T14:26:09.824+0300] {logging_mixin.py:150} INFO - [2023-08-14T14:26:09.823+0300] {dag.py:2742} INFO - Sync 1 DAGs
[2023-08-14T14:26:09.859+0300] {logging_mixin.py:150} INFO - [2023-08-14T14:26:09.858+0300] {dag.py:3504} INFO - Setting next_dagrun for example_branch_python_operator_decorator to 2023-08-13T00:00:00+00:00, run_after=2023-08-14T00:00:00+00:00
[2023-08-14T14:26:10.005+0300] {processor.py:179} INFO - Processing /home/soamariaka/.local/lib/python3.9/site-packages/airflow/example_dags/example_branch_operator_decorator.py took 0.278 seconds
[2023-08-14T14:27:35.404+0300] {processor.py:157} INFO - Started process (PID=16858) to work on /home/soamariaka/.local/lib/python3.9/site-packages/airflow/example_dags/example_branch_operator_decorator.py
[2023-08-14T14:27:35.555+0300] {processor.py:826} INFO - Processing file /home/soamariaka/.local/lib/python3.9/site-packages/airflow/example_dags/example_branch_operator_decorator.py for tasks to queue
[2023-08-14T14:27:35.557+0300] {logging_mixin.py:150} INFO - [2023-08-14T14:27:35.556+0300] {dagbag.py:541} INFO - Filling up the DagBag from /home/soamariaka/.local/lib/python3.9/site-packages/airflow/example_dags/example_branch_operator_decorator.py
[2023-08-14T14:27:35.581+0300] {processor.py:836} INFO - DAG(s) dict_keys(['example_branch_python_operator_decorator']) retrieved from /home/soamariaka/.local/lib/python3.9/site-packages/airflow/example_dags/example_branch_operator_decorator.py
[2023-08-14T14:27:35.625+0300] {logging_mixin.py:150} INFO - [2023-08-14T14:27:35.625+0300] {dag.py:2742} INFO - Sync 1 DAGs
[2023-08-14T14:27:35.663+0300] {logging_mixin.py:150} INFO - [2023-08-14T14:27:35.663+0300] {dag.py:3504} INFO - Setting next_dagrun for example_branch_python_operator_decorator to 2023-08-13T00:00:00+00:00, run_after=2023-08-14T00:00:00+00:00
[2023-08-14T14:27:35.984+0300] {processor.py:179} INFO - Processing /home/soamariaka/.local/lib/python3.9/site-packages/airflow/example_dags/example_branch_operator_decorator.py took 0.586 seconds
[2023-08-14T14:28:38.532+0300] {processor.py:157} INFO - Started process (PID=16980) to work on /home/soamariaka/.local/lib/python3.9/site-packages/airflow/example_dags/example_branch_operator_decorator.py
[2023-08-14T14:28:38.542+0300] {processor.py:826} INFO - Processing file /home/soamariaka/.local/lib/python3.9/site-packages/airflow/example_dags/example_branch_operator_decorator.py for tasks to queue
[2023-08-14T14:28:38.543+0300] {logging_mixin.py:150} INFO - [2023-08-14T14:28:38.543+0300] {dagbag.py:541} INFO - Filling up the DagBag from /home/soamariaka/.local/lib/python3.9/site-packages/airflow/example_dags/example_branch_operator_decorator.py
[2023-08-14T14:28:38.562+0300] {processor.py:836} INFO - DAG(s) dict_keys(['example_branch_python_operator_decorator']) retrieved from /home/soamariaka/.local/lib/python3.9/site-packages/airflow/example_dags/example_branch_operator_decorator.py
[2023-08-14T14:28:38.608+0300] {logging_mixin.py:150} INFO - [2023-08-14T14:28:38.607+0300] {dag.py:2742} INFO - Sync 1 DAGs
[2023-08-14T14:28:38.642+0300] {logging_mixin.py:150} INFO - [2023-08-14T14:28:38.641+0300] {dag.py:3504} INFO - Setting next_dagrun for example_branch_python_operator_decorator to 2023-08-13T00:00:00+00:00, run_after=2023-08-14T00:00:00+00:00
[2023-08-14T14:28:38.795+0300] {processor.py:179} INFO - Processing /home/soamariaka/.local/lib/python3.9/site-packages/airflow/example_dags/example_branch_operator_decorator.py took 0.269 seconds
[2023-08-14T14:29:38.617+0300] {processor.py:157} INFO - Started process (PID=17130) to work on /home/soamariaka/.local/lib/python3.9/site-packages/airflow/example_dags/example_branch_operator_decorator.py
[2023-08-14T14:29:38.620+0300] {processor.py:826} INFO - Processing file /home/soamariaka/.local/lib/python3.9/site-packages/airflow/example_dags/example_branch_operator_decorator.py for tasks to queue
[2023-08-14T14:29:38.622+0300] {logging_mixin.py:150} INFO - [2023-08-14T14:29:38.621+0300] {dagbag.py:541} INFO - Filling up the DagBag from /home/soamariaka/.local/lib/python3.9/site-packages/airflow/example_dags/example_branch_operator_decorator.py
[2023-08-14T14:29:38.640+0300] {processor.py:836} INFO - DAG(s) dict_keys(['example_branch_python_operator_decorator']) retrieved from /home/soamariaka/.local/lib/python3.9/site-packages/airflow/example_dags/example_branch_operator_decorator.py
[2023-08-14T14:29:38.671+0300] {logging_mixin.py:150} INFO - [2023-08-14T14:29:38.670+0300] {dag.py:2742} INFO - Sync 1 DAGs
[2023-08-14T14:29:38.704+0300] {logging_mixin.py:150} INFO - [2023-08-14T14:29:38.704+0300] {dag.py:3504} INFO - Setting next_dagrun for example_branch_python_operator_decorator to 2023-08-13T00:00:00+00:00, run_after=2023-08-14T00:00:00+00:00
[2023-08-14T14:29:38.866+0300] {processor.py:179} INFO - Processing /home/soamariaka/.local/lib/python3.9/site-packages/airflow/example_dags/example_branch_operator_decorator.py took 0.255 seconds
[2023-08-14T14:30:58.776+0300] {processor.py:157} INFO - Started process (PID=17260) to work on /home/soamariaka/.local/lib/python3.9/site-packages/airflow/example_dags/example_branch_operator_decorator.py
[2023-08-14T14:30:58.808+0300] {processor.py:826} INFO - Processing file /home/soamariaka/.local/lib/python3.9/site-packages/airflow/example_dags/example_branch_operator_decorator.py for tasks to queue
[2023-08-14T14:30:58.809+0300] {logging_mixin.py:150} INFO - [2023-08-14T14:30:58.809+0300] {dagbag.py:541} INFO - Filling up the DagBag from /home/soamariaka/.local/lib/python3.9/site-packages/airflow/example_dags/example_branch_operator_decorator.py
[2023-08-14T14:30:58.828+0300] {processor.py:836} INFO - DAG(s) dict_keys(['example_branch_python_operator_decorator']) retrieved from /home/soamariaka/.local/lib/python3.9/site-packages/airflow/example_dags/example_branch_operator_decorator.py
[2023-08-14T14:30:58.858+0300] {logging_mixin.py:150} INFO - [2023-08-14T14:30:58.858+0300] {dag.py:2742} INFO - Sync 1 DAGs
[2023-08-14T14:30:58.902+0300] {logging_mixin.py:150} INFO - [2023-08-14T14:30:58.901+0300] {dag.py:3504} INFO - Setting next_dagrun for example_branch_python_operator_decorator to 2023-08-13T00:00:00+00:00, run_after=2023-08-14T00:00:00+00:00
[2023-08-14T14:30:59.043+0300] {processor.py:179} INFO - Processing /home/soamariaka/.local/lib/python3.9/site-packages/airflow/example_dags/example_branch_operator_decorator.py took 0.272 seconds
[2023-08-14T14:31:59.440+0300] {processor.py:157} INFO - Started process (PID=17347) to work on /home/soamariaka/.local/lib/python3.9/site-packages/airflow/example_dags/example_branch_operator_decorator.py
[2023-08-14T14:31:59.443+0300] {processor.py:826} INFO - Processing file /home/soamariaka/.local/lib/python3.9/site-packages/airflow/example_dags/example_branch_operator_decorator.py for tasks to queue
[2023-08-14T14:31:59.444+0300] {logging_mixin.py:150} INFO - [2023-08-14T14:31:59.444+0300] {dagbag.py:541} INFO - Filling up the DagBag from /home/soamariaka/.local/lib/python3.9/site-packages/airflow/example_dags/example_branch_operator_decorator.py
[2023-08-14T14:31:59.463+0300] {processor.py:836} INFO - DAG(s) dict_keys(['example_branch_python_operator_decorator']) retrieved from /home/soamariaka/.local/lib/python3.9/site-packages/airflow/example_dags/example_branch_operator_decorator.py
[2023-08-14T14:31:59.491+0300] {logging_mixin.py:150} INFO - [2023-08-14T14:31:59.491+0300] {dag.py:2742} INFO - Sync 1 DAGs
[2023-08-14T14:31:59.525+0300] {logging_mixin.py:150} INFO - [2023-08-14T14:31:59.525+0300] {dag.py:3504} INFO - Setting next_dagrun for example_branch_python_operator_decorator to 2023-08-13T00:00:00+00:00, run_after=2023-08-14T00:00:00+00:00
[2023-08-14T14:31:59.672+0300] {processor.py:179} INFO - Processing /home/soamariaka/.local/lib/python3.9/site-packages/airflow/example_dags/example_branch_operator_decorator.py took 0.238 seconds
[2023-08-14T14:32:59.153+0300] {processor.py:157} INFO - Started process (PID=17467) to work on /home/soamariaka/.local/lib/python3.9/site-packages/airflow/example_dags/example_branch_operator_decorator.py
[2023-08-14T14:32:59.155+0300] {processor.py:826} INFO - Processing file /home/soamariaka/.local/lib/python3.9/site-packages/airflow/example_dags/example_branch_operator_decorator.py for tasks to queue
[2023-08-14T14:32:59.156+0300] {logging_mixin.py:150} INFO - [2023-08-14T14:32:59.156+0300] {dagbag.py:541} INFO - Filling up the DagBag from /home/soamariaka/.local/lib/python3.9/site-packages/airflow/example_dags/example_branch_operator_decorator.py
[2023-08-14T14:32:59.171+0300] {processor.py:836} INFO - DAG(s) dict_keys(['example_branch_python_operator_decorator']) retrieved from /home/soamariaka/.local/lib/python3.9/site-packages/airflow/example_dags/example_branch_operator_decorator.py
[2023-08-14T14:32:59.199+0300] {logging_mixin.py:150} INFO - [2023-08-14T14:32:59.199+0300] {dag.py:2742} INFO - Sync 1 DAGs
[2023-08-14T14:32:59.234+0300] {logging_mixin.py:150} INFO - [2023-08-14T14:32:59.234+0300] {dag.py:3504} INFO - Setting next_dagrun for example_branch_python_operator_decorator to 2023-08-13T00:00:00+00:00, run_after=2023-08-14T00:00:00+00:00
[2023-08-14T14:32:59.376+0300] {processor.py:179} INFO - Processing /home/soamariaka/.local/lib/python3.9/site-packages/airflow/example_dags/example_branch_operator_decorator.py took 0.228 seconds
[2023-08-14T14:33:58.512+0300] {processor.py:157} INFO - Started process (PID=17586) to work on /home/soamariaka/.local/lib/python3.9/site-packages/airflow/example_dags/example_branch_operator_decorator.py
[2023-08-14T14:33:58.550+0300] {processor.py:826} INFO - Processing file /home/soamariaka/.local/lib/python3.9/site-packages/airflow/example_dags/example_branch_operator_decorator.py for tasks to queue
[2023-08-14T14:33:58.552+0300] {logging_mixin.py:150} INFO - [2023-08-14T14:33:58.551+0300] {dagbag.py:541} INFO - Filling up the DagBag from /home/soamariaka/.local/lib/python3.9/site-packages/airflow/example_dags/example_branch_operator_decorator.py
[2023-08-14T14:33:58.572+0300] {processor.py:836} INFO - DAG(s) dict_keys(['example_branch_python_operator_decorator']) retrieved from /home/soamariaka/.local/lib/python3.9/site-packages/airflow/example_dags/example_branch_operator_decorator.py
[2023-08-14T14:33:58.609+0300] {logging_mixin.py:150} INFO - [2023-08-14T14:33:58.609+0300] {dag.py:2742} INFO - Sync 1 DAGs
[2023-08-14T14:33:58.644+0300] {logging_mixin.py:150} INFO - [2023-08-14T14:33:58.643+0300] {dag.py:3504} INFO - Setting next_dagrun for example_branch_python_operator_decorator to 2023-08-13T00:00:00+00:00, run_after=2023-08-14T00:00:00+00:00
[2023-08-14T14:33:58.848+0300] {processor.py:179} INFO - Processing /home/soamariaka/.local/lib/python3.9/site-packages/airflow/example_dags/example_branch_operator_decorator.py took 0.341 seconds
[2023-08-14T14:35:11.651+0300] {processor.py:157} INFO - Started process (PID=17798) to work on /home/soamariaka/.local/lib/python3.9/site-packages/airflow/example_dags/example_branch_operator_decorator.py
[2023-08-14T14:35:11.653+0300] {processor.py:826} INFO - Processing file /home/soamariaka/.local/lib/python3.9/site-packages/airflow/example_dags/example_branch_operator_decorator.py for tasks to queue
[2023-08-14T14:35:11.654+0300] {logging_mixin.py:150} INFO - [2023-08-14T14:35:11.654+0300] {dagbag.py:541} INFO - Filling up the DagBag from /home/soamariaka/.local/lib/python3.9/site-packages/airflow/example_dags/example_branch_operator_decorator.py
[2023-08-14T14:35:11.671+0300] {processor.py:836} INFO - DAG(s) dict_keys(['example_branch_python_operator_decorator']) retrieved from /home/soamariaka/.local/lib/python3.9/site-packages/airflow/example_dags/example_branch_operator_decorator.py
[2023-08-14T14:35:11.699+0300] {logging_mixin.py:150} INFO - [2023-08-14T14:35:11.699+0300] {dag.py:2742} INFO - Sync 1 DAGs
[2023-08-14T14:35:11.755+0300] {logging_mixin.py:150} INFO - [2023-08-14T14:35:11.754+0300] {dag.py:3504} INFO - Setting next_dagrun for example_branch_python_operator_decorator to 2023-08-13T00:00:00+00:00, run_after=2023-08-14T00:00:00+00:00
[2023-08-14T14:35:12.057+0300] {processor.py:179} INFO - Processing /home/soamariaka/.local/lib/python3.9/site-packages/airflow/example_dags/example_branch_operator_decorator.py took 0.410 seconds
[2023-08-14T14:36:57.761+0300] {processor.py:157} INFO - Started process (PID=18030) to work on /home/soamariaka/.local/lib/python3.9/site-packages/airflow/example_dags/example_branch_operator_decorator.py
[2023-08-14T14:36:57.763+0300] {processor.py:826} INFO - Processing file /home/soamariaka/.local/lib/python3.9/site-packages/airflow/example_dags/example_branch_operator_decorator.py for tasks to queue
[2023-08-14T14:36:57.764+0300] {logging_mixin.py:150} INFO - [2023-08-14T14:36:57.764+0300] {dagbag.py:541} INFO - Filling up the DagBag from /home/soamariaka/.local/lib/python3.9/site-packages/airflow/example_dags/example_branch_operator_decorator.py
[2023-08-14T14:36:57.783+0300] {processor.py:836} INFO - DAG(s) dict_keys(['example_branch_python_operator_decorator']) retrieved from /home/soamariaka/.local/lib/python3.9/site-packages/airflow/example_dags/example_branch_operator_decorator.py
[2023-08-14T14:36:57.813+0300] {logging_mixin.py:150} INFO - [2023-08-14T14:36:57.813+0300] {dag.py:2742} INFO - Sync 1 DAGs
[2023-08-14T14:36:57.847+0300] {logging_mixin.py:150} INFO - [2023-08-14T14:36:57.847+0300] {dag.py:3504} INFO - Setting next_dagrun for example_branch_python_operator_decorator to 2023-08-13T00:00:00+00:00, run_after=2023-08-14T00:00:00+00:00
[2023-08-14T14:36:58.180+0300] {processor.py:179} INFO - Processing /home/soamariaka/.local/lib/python3.9/site-packages/airflow/example_dags/example_branch_operator_decorator.py took 0.424 seconds
[2023-08-14T14:38:05.498+0300] {processor.py:157} INFO - Started process (PID=18193) to work on /home/soamariaka/.local/lib/python3.9/site-packages/airflow/example_dags/example_branch_operator_decorator.py
[2023-08-14T14:38:05.532+0300] {processor.py:826} INFO - Processing file /home/soamariaka/.local/lib/python3.9/site-packages/airflow/example_dags/example_branch_operator_decorator.py for tasks to queue
[2023-08-14T14:38:05.534+0300] {logging_mixin.py:150} INFO - [2023-08-14T14:38:05.533+0300] {dagbag.py:541} INFO - Filling up the DagBag from /home/soamariaka/.local/lib/python3.9/site-packages/airflow/example_dags/example_branch_operator_decorator.py
[2023-08-14T14:38:05.553+0300] {processor.py:836} INFO - DAG(s) dict_keys(['example_branch_python_operator_decorator']) retrieved from /home/soamariaka/.local/lib/python3.9/site-packages/airflow/example_dags/example_branch_operator_decorator.py
[2023-08-14T14:38:05.588+0300] {logging_mixin.py:150} INFO - [2023-08-14T14:38:05.587+0300] {dag.py:2742} INFO - Sync 1 DAGs
[2023-08-14T14:38:05.622+0300] {logging_mixin.py:150} INFO - [2023-08-14T14:38:05.622+0300] {dag.py:3504} INFO - Setting next_dagrun for example_branch_python_operator_decorator to 2023-08-13T00:00:00+00:00, run_after=2023-08-14T00:00:00+00:00
[2023-08-14T14:38:05.747+0300] {processor.py:179} INFO - Processing /home/soamariaka/.local/lib/python3.9/site-packages/airflow/example_dags/example_branch_operator_decorator.py took 0.254 seconds
[2023-08-14T14:39:11.858+0300] {processor.py:157} INFO - Started process (PID=18314) to work on /home/soamariaka/.local/lib/python3.9/site-packages/airflow/example_dags/example_branch_operator_decorator.py
[2023-08-14T14:39:11.860+0300] {processor.py:826} INFO - Processing file /home/soamariaka/.local/lib/python3.9/site-packages/airflow/example_dags/example_branch_operator_decorator.py for tasks to queue
[2023-08-14T14:39:11.861+0300] {logging_mixin.py:150} INFO - [2023-08-14T14:39:11.860+0300] {dagbag.py:541} INFO - Filling up the DagBag from /home/soamariaka/.local/lib/python3.9/site-packages/airflow/example_dags/example_branch_operator_decorator.py
[2023-08-14T14:39:11.880+0300] {processor.py:836} INFO - DAG(s) dict_keys(['example_branch_python_operator_decorator']) retrieved from /home/soamariaka/.local/lib/python3.9/site-packages/airflow/example_dags/example_branch_operator_decorator.py
[2023-08-14T14:39:11.911+0300] {logging_mixin.py:150} INFO - [2023-08-14T14:39:11.910+0300] {dag.py:2742} INFO - Sync 1 DAGs
[2023-08-14T14:39:11.948+0300] {logging_mixin.py:150} INFO - [2023-08-14T14:39:11.947+0300] {dag.py:3504} INFO - Setting next_dagrun for example_branch_python_operator_decorator to 2023-08-13T00:00:00+00:00, run_after=2023-08-14T00:00:00+00:00
[2023-08-14T14:39:12.242+0300] {processor.py:179} INFO - Processing /home/soamariaka/.local/lib/python3.9/site-packages/airflow/example_dags/example_branch_operator_decorator.py took 0.390 seconds
[2023-08-14T14:40:27.196+0300] {processor.py:157} INFO - Started process (PID=18559) to work on /home/soamariaka/.local/lib/python3.9/site-packages/airflow/example_dags/example_branch_operator_decorator.py
[2023-08-14T14:40:27.221+0300] {processor.py:826} INFO - Processing file /home/soamariaka/.local/lib/python3.9/site-packages/airflow/example_dags/example_branch_operator_decorator.py for tasks to queue
[2023-08-14T14:40:27.235+0300] {logging_mixin.py:150} INFO - [2023-08-14T14:40:27.234+0300] {dagbag.py:541} INFO - Filling up the DagBag from /home/soamariaka/.local/lib/python3.9/site-packages/airflow/example_dags/example_branch_operator_decorator.py
[2023-08-14T14:40:27.257+0300] {processor.py:836} INFO - DAG(s) dict_keys(['example_branch_python_operator_decorator']) retrieved from /home/soamariaka/.local/lib/python3.9/site-packages/airflow/example_dags/example_branch_operator_decorator.py
[2023-08-14T14:40:27.294+0300] {logging_mixin.py:150} INFO - [2023-08-14T14:40:27.294+0300] {dag.py:2742} INFO - Sync 1 DAGs
[2023-08-14T14:40:27.329+0300] {logging_mixin.py:150} INFO - [2023-08-14T14:40:27.329+0300] {dag.py:3504} INFO - Setting next_dagrun for example_branch_python_operator_decorator to 2023-08-13T00:00:00+00:00, run_after=2023-08-14T00:00:00+00:00
[2023-08-14T14:40:27.556+0300] {processor.py:179} INFO - Processing /home/soamariaka/.local/lib/python3.9/site-packages/airflow/example_dags/example_branch_operator_decorator.py took 0.365 seconds
