[2023-08-14T13:33:11.636+0300] {processor.py:157} INFO - Started process (PID=10772) to work on /home/soamariaka/.local/lib/python3.9/site-packages/airflow/example_dags/example_short_circuit_operator.py
[2023-08-14T13:33:11.637+0300] {processor.py:826} INFO - Processing file /home/soamariaka/.local/lib/python3.9/site-packages/airflow/example_dags/example_short_circuit_operator.py for tasks to queue
[2023-08-14T13:33:11.638+0300] {logging_mixin.py:150} INFO - [2023-08-14T13:33:11.638+0300] {dagbag.py:541} INFO - Filling up the DagBag from /home/soamariaka/.local/lib/python3.9/site-packages/airflow/example_dags/example_short_circuit_operator.py
[2023-08-14T13:33:11.651+0300] {processor.py:836} INFO - DAG(s) dict_keys(['example_short_circuit_operator']) retrieved from /home/soamariaka/.local/lib/python3.9/site-packages/airflow/example_dags/example_short_circuit_operator.py
[2023-08-14T13:33:11.682+0300] {logging_mixin.py:150} INFO - [2023-08-14T13:33:11.682+0300] {dag.py:2742} INFO - Sync 1 DAGs
[2023-08-14T13:33:11.714+0300] {logging_mixin.py:150} INFO - [2023-08-14T13:33:11.714+0300] {dag.py:3504} INFO - Setting next_dagrun for example_short_circuit_operator to 2023-08-13T10:33:11.713936+00:00, run_after=2023-08-14T10:33:11.713936+00:00
[2023-08-14T13:33:11.831+0300] {processor.py:179} INFO - Processing /home/soamariaka/.local/lib/python3.9/site-packages/airflow/example_dags/example_short_circuit_operator.py took 0.199 seconds
[2023-08-14T13:34:25.035+0300] {processor.py:157} INFO - Started process (PID=10921) to work on /home/soamariaka/.local/lib/python3.9/site-packages/airflow/example_dags/example_short_circuit_operator.py
[2023-08-14T13:34:25.069+0300] {processor.py:826} INFO - Processing file /home/soamariaka/.local/lib/python3.9/site-packages/airflow/example_dags/example_short_circuit_operator.py for tasks to queue
[2023-08-14T13:34:25.072+0300] {logging_mixin.py:150} INFO - [2023-08-14T13:34:25.071+0300] {dagbag.py:541} INFO - Filling up the DagBag from /home/soamariaka/.local/lib/python3.9/site-packages/airflow/example_dags/example_short_circuit_operator.py
[2023-08-14T13:34:25.096+0300] {processor.py:836} INFO - DAG(s) dict_keys(['example_short_circuit_operator']) retrieved from /home/soamariaka/.local/lib/python3.9/site-packages/airflow/example_dags/example_short_circuit_operator.py
[2023-08-14T13:34:25.156+0300] {logging_mixin.py:150} INFO - [2023-08-14T13:34:25.156+0300] {dag.py:2742} INFO - Sync 1 DAGs
[2023-08-14T13:34:25.225+0300] {logging_mixin.py:150} INFO - [2023-08-14T13:34:25.225+0300] {dag.py:3504} INFO - Setting next_dagrun for example_short_circuit_operator to 2023-08-13T10:34:25.224199+00:00, run_after=2023-08-14T10:34:25.224199+00:00
[2023-08-14T13:34:25.535+0300] {processor.py:179} INFO - Processing /home/soamariaka/.local/lib/python3.9/site-packages/airflow/example_dags/example_short_circuit_operator.py took 0.506 seconds
[2023-08-14T13:35:46.538+0300] {processor.py:157} INFO - Started process (PID=11056) to work on /home/soamariaka/.local/lib/python3.9/site-packages/airflow/example_dags/example_short_circuit_operator.py
[2023-08-14T13:35:46.567+0300] {processor.py:826} INFO - Processing file /home/soamariaka/.local/lib/python3.9/site-packages/airflow/example_dags/example_short_circuit_operator.py for tasks to queue
[2023-08-14T13:35:46.569+0300] {logging_mixin.py:150} INFO - [2023-08-14T13:35:46.568+0300] {dagbag.py:541} INFO - Filling up the DagBag from /home/soamariaka/.local/lib/python3.9/site-packages/airflow/example_dags/example_short_circuit_operator.py
[2023-08-14T13:35:46.584+0300] {processor.py:836} INFO - DAG(s) dict_keys(['example_short_circuit_operator']) retrieved from /home/soamariaka/.local/lib/python3.9/site-packages/airflow/example_dags/example_short_circuit_operator.py
[2023-08-14T13:35:46.619+0300] {logging_mixin.py:150} INFO - [2023-08-14T13:35:46.619+0300] {dag.py:2742} INFO - Sync 1 DAGs
[2023-08-14T13:35:46.651+0300] {logging_mixin.py:150} INFO - [2023-08-14T13:35:46.651+0300] {dag.py:3504} INFO - Setting next_dagrun for example_short_circuit_operator to 2023-08-13T10:35:46.650817+00:00, run_after=2023-08-14T10:35:46.650817+00:00
[2023-08-14T13:35:46.813+0300] {processor.py:179} INFO - Processing /home/soamariaka/.local/lib/python3.9/site-packages/airflow/example_dags/example_short_circuit_operator.py took 0.281 seconds
[2023-08-14T13:36:46.496+0300] {processor.py:157} INFO - Started process (PID=11124) to work on /home/soamariaka/.local/lib/python3.9/site-packages/airflow/example_dags/example_short_circuit_operator.py
[2023-08-14T13:36:46.530+0300] {processor.py:826} INFO - Processing file /home/soamariaka/.local/lib/python3.9/site-packages/airflow/example_dags/example_short_circuit_operator.py for tasks to queue
[2023-08-14T13:36:46.532+0300] {logging_mixin.py:150} INFO - [2023-08-14T13:36:46.531+0300] {dagbag.py:541} INFO - Filling up the DagBag from /home/soamariaka/.local/lib/python3.9/site-packages/airflow/example_dags/example_short_circuit_operator.py
[2023-08-14T13:36:46.544+0300] {processor.py:836} INFO - DAG(s) dict_keys(['example_short_circuit_operator']) retrieved from /home/soamariaka/.local/lib/python3.9/site-packages/airflow/example_dags/example_short_circuit_operator.py
[2023-08-14T13:36:46.573+0300] {logging_mixin.py:150} INFO - [2023-08-14T13:36:46.573+0300] {dag.py:2742} INFO - Sync 1 DAGs
[2023-08-14T13:36:46.606+0300] {logging_mixin.py:150} INFO - [2023-08-14T13:36:46.606+0300] {dag.py:3504} INFO - Setting next_dagrun for example_short_circuit_operator to 2023-08-13T10:36:46.605846+00:00, run_after=2023-08-14T10:36:46.605846+00:00
[2023-08-14T13:36:46.715+0300] {processor.py:179} INFO - Processing /home/soamariaka/.local/lib/python3.9/site-packages/airflow/example_dags/example_short_circuit_operator.py took 0.223 seconds
[2023-08-14T13:37:46.568+0300] {processor.py:157} INFO - Started process (PID=11241) to work on /home/soamariaka/.local/lib/python3.9/site-packages/airflow/example_dags/example_short_circuit_operator.py
[2023-08-14T13:37:46.596+0300] {processor.py:826} INFO - Processing file /home/soamariaka/.local/lib/python3.9/site-packages/airflow/example_dags/example_short_circuit_operator.py for tasks to queue
[2023-08-14T13:37:46.598+0300] {logging_mixin.py:150} INFO - [2023-08-14T13:37:46.597+0300] {dagbag.py:541} INFO - Filling up the DagBag from /home/soamariaka/.local/lib/python3.9/site-packages/airflow/example_dags/example_short_circuit_operator.py
[2023-08-14T13:37:46.614+0300] {processor.py:836} INFO - DAG(s) dict_keys(['example_short_circuit_operator']) retrieved from /home/soamariaka/.local/lib/python3.9/site-packages/airflow/example_dags/example_short_circuit_operator.py
[2023-08-14T13:37:46.649+0300] {logging_mixin.py:150} INFO - [2023-08-14T13:37:46.649+0300] {dag.py:2742} INFO - Sync 1 DAGs
[2023-08-14T13:37:46.683+0300] {logging_mixin.py:150} INFO - [2023-08-14T13:37:46.683+0300] {dag.py:3504} INFO - Setting next_dagrun for example_short_circuit_operator to 2023-08-13T10:37:46.683147+00:00, run_after=2023-08-14T10:37:46.683147+00:00
[2023-08-14T13:37:46.814+0300] {processor.py:179} INFO - Processing /home/soamariaka/.local/lib/python3.9/site-packages/airflow/example_dags/example_short_circuit_operator.py took 0.251 seconds
[2023-08-14T13:38:46.426+0300] {processor.py:157} INFO - Started process (PID=11366) to work on /home/soamariaka/.local/lib/python3.9/site-packages/airflow/example_dags/example_short_circuit_operator.py
[2023-08-14T13:38:46.462+0300] {processor.py:826} INFO - Processing file /home/soamariaka/.local/lib/python3.9/site-packages/airflow/example_dags/example_short_circuit_operator.py for tasks to queue
[2023-08-14T13:38:46.464+0300] {logging_mixin.py:150} INFO - [2023-08-14T13:38:46.463+0300] {dagbag.py:541} INFO - Filling up the DagBag from /home/soamariaka/.local/lib/python3.9/site-packages/airflow/example_dags/example_short_circuit_operator.py
[2023-08-14T13:38:46.480+0300] {processor.py:836} INFO - DAG(s) dict_keys(['example_short_circuit_operator']) retrieved from /home/soamariaka/.local/lib/python3.9/site-packages/airflow/example_dags/example_short_circuit_operator.py
[2023-08-14T13:38:46.517+0300] {logging_mixin.py:150} INFO - [2023-08-14T13:38:46.516+0300] {dag.py:2742} INFO - Sync 1 DAGs
[2023-08-14T13:38:46.549+0300] {logging_mixin.py:150} INFO - [2023-08-14T13:38:46.549+0300] {dag.py:3504} INFO - Setting next_dagrun for example_short_circuit_operator to 2023-08-13T10:38:46.548715+00:00, run_after=2023-08-14T10:38:46.548715+00:00
[2023-08-14T13:38:46.989+0300] {processor.py:179} INFO - Processing /home/soamariaka/.local/lib/python3.9/site-packages/airflow/example_dags/example_short_circuit_operator.py took 0.568 seconds
[2023-08-14T13:39:51.045+0300] {processor.py:157} INFO - Started process (PID=11450) to work on /home/soamariaka/.local/lib/python3.9/site-packages/airflow/example_dags/example_short_circuit_operator.py
[2023-08-14T13:39:51.048+0300] {processor.py:826} INFO - Processing file /home/soamariaka/.local/lib/python3.9/site-packages/airflow/example_dags/example_short_circuit_operator.py for tasks to queue
[2023-08-14T13:39:51.049+0300] {logging_mixin.py:150} INFO - [2023-08-14T13:39:51.049+0300] {dagbag.py:541} INFO - Filling up the DagBag from /home/soamariaka/.local/lib/python3.9/site-packages/airflow/example_dags/example_short_circuit_operator.py
[2023-08-14T13:39:51.066+0300] {processor.py:836} INFO - DAG(s) dict_keys(['example_short_circuit_operator']) retrieved from /home/soamariaka/.local/lib/python3.9/site-packages/airflow/example_dags/example_short_circuit_operator.py
[2023-08-14T13:39:51.096+0300] {logging_mixin.py:150} INFO - [2023-08-14T13:39:51.096+0300] {dag.py:2742} INFO - Sync 1 DAGs
[2023-08-14T13:39:51.127+0300] {logging_mixin.py:150} INFO - [2023-08-14T13:39:51.127+0300] {dag.py:3504} INFO - Setting next_dagrun for example_short_circuit_operator to 2023-08-13T10:39:51.127029+00:00, run_after=2023-08-14T10:39:51.127029+00:00
[2023-08-14T13:39:51.267+0300] {processor.py:179} INFO - Processing /home/soamariaka/.local/lib/python3.9/site-packages/airflow/example_dags/example_short_circuit_operator.py took 0.227 seconds
[2023-08-14T13:40:48.350+0300] {processor.py:157} INFO - Started process (PID=11520) to work on /home/soamariaka/.local/lib/python3.9/site-packages/airflow/example_dags/example_short_circuit_operator.py
[2023-08-14T13:40:48.389+0300] {processor.py:826} INFO - Processing file /home/soamariaka/.local/lib/python3.9/site-packages/airflow/example_dags/example_short_circuit_operator.py for tasks to queue
[2023-08-14T13:40:48.390+0300] {logging_mixin.py:150} INFO - [2023-08-14T13:40:48.390+0300] {dagbag.py:541} INFO - Filling up the DagBag from /home/soamariaka/.local/lib/python3.9/site-packages/airflow/example_dags/example_short_circuit_operator.py
[2023-08-14T13:40:48.407+0300] {processor.py:836} INFO - DAG(s) dict_keys(['example_short_circuit_operator']) retrieved from /home/soamariaka/.local/lib/python3.9/site-packages/airflow/example_dags/example_short_circuit_operator.py
[2023-08-14T13:40:48.443+0300] {logging_mixin.py:150} INFO - [2023-08-14T13:40:48.443+0300] {dag.py:2742} INFO - Sync 1 DAGs
[2023-08-14T13:40:48.476+0300] {logging_mixin.py:150} INFO - [2023-08-14T13:40:48.475+0300] {dag.py:3504} INFO - Setting next_dagrun for example_short_circuit_operator to 2023-08-13T10:40:48.475545+00:00, run_after=2023-08-14T10:40:48.475545+00:00
[2023-08-14T13:40:48.609+0300] {processor.py:179} INFO - Processing /home/soamariaka/.local/lib/python3.9/site-packages/airflow/example_dags/example_short_circuit_operator.py took 0.264 seconds
[2023-08-14T13:41:43.484+0300] {processor.py:157} INFO - Started process (PID=11599) to work on /home/soamariaka/.local/lib/python3.9/site-packages/airflow/example_dags/example_short_circuit_operator.py
[2023-08-14T13:41:43.486+0300] {processor.py:826} INFO - Processing file /home/soamariaka/.local/lib/python3.9/site-packages/airflow/example_dags/example_short_circuit_operator.py for tasks to queue
[2023-08-14T13:41:43.487+0300] {logging_mixin.py:150} INFO - [2023-08-14T13:41:43.487+0300] {dagbag.py:541} INFO - Filling up the DagBag from /home/soamariaka/.local/lib/python3.9/site-packages/airflow/example_dags/example_short_circuit_operator.py
[2023-08-14T13:41:43.503+0300] {processor.py:836} INFO - DAG(s) dict_keys(['example_short_circuit_operator']) retrieved from /home/soamariaka/.local/lib/python3.9/site-packages/airflow/example_dags/example_short_circuit_operator.py
[2023-08-14T13:41:43.533+0300] {logging_mixin.py:150} INFO - [2023-08-14T13:41:43.533+0300] {dag.py:2742} INFO - Sync 1 DAGs
[2023-08-14T13:41:43.566+0300] {logging_mixin.py:150} INFO - [2023-08-14T13:41:43.566+0300] {dag.py:3504} INFO - Setting next_dagrun for example_short_circuit_operator to 2023-08-13T10:41:43.565843+00:00, run_after=2023-08-14T10:41:43.565843+00:00
[2023-08-14T13:41:43.697+0300] {processor.py:179} INFO - Processing /home/soamariaka/.local/lib/python3.9/site-packages/airflow/example_dags/example_short_circuit_operator.py took 0.218 seconds
[2023-08-14T13:42:39.219+0300] {processor.py:157} INFO - Started process (PID=11649) to work on /home/soamariaka/.local/lib/python3.9/site-packages/airflow/example_dags/example_short_circuit_operator.py
[2023-08-14T13:42:39.222+0300] {processor.py:826} INFO - Processing file /home/soamariaka/.local/lib/python3.9/site-packages/airflow/example_dags/example_short_circuit_operator.py for tasks to queue
[2023-08-14T13:42:39.224+0300] {logging_mixin.py:150} INFO - [2023-08-14T13:42:39.223+0300] {dagbag.py:541} INFO - Filling up the DagBag from /home/soamariaka/.local/lib/python3.9/site-packages/airflow/example_dags/example_short_circuit_operator.py
[2023-08-14T13:42:39.246+0300] {processor.py:836} INFO - DAG(s) dict_keys(['example_short_circuit_operator']) retrieved from /home/soamariaka/.local/lib/python3.9/site-packages/airflow/example_dags/example_short_circuit_operator.py
[2023-08-14T13:42:39.290+0300] {logging_mixin.py:150} INFO - [2023-08-14T13:42:39.289+0300] {dag.py:2742} INFO - Sync 1 DAGs
[2023-08-14T13:42:39.338+0300] {logging_mixin.py:150} INFO - [2023-08-14T13:42:39.338+0300] {dag.py:3504} INFO - Setting next_dagrun for example_short_circuit_operator to 2023-08-13T10:42:39.337838+00:00, run_after=2023-08-14T10:42:39.337838+00:00
[2023-08-14T13:42:39.484+0300] {processor.py:179} INFO - Processing /home/soamariaka/.local/lib/python3.9/site-packages/airflow/example_dags/example_short_circuit_operator.py took 0.274 seconds
[2023-08-14T13:43:33.117+0300] {processor.py:157} INFO - Started process (PID=11730) to work on /home/soamariaka/.local/lib/python3.9/site-packages/airflow/example_dags/example_short_circuit_operator.py
[2023-08-14T13:43:33.145+0300] {processor.py:826} INFO - Processing file /home/soamariaka/.local/lib/python3.9/site-packages/airflow/example_dags/example_short_circuit_operator.py for tasks to queue
[2023-08-14T13:43:33.147+0300] {logging_mixin.py:150} INFO - [2023-08-14T13:43:33.146+0300] {dagbag.py:541} INFO - Filling up the DagBag from /home/soamariaka/.local/lib/python3.9/site-packages/airflow/example_dags/example_short_circuit_operator.py
[2023-08-14T13:43:33.164+0300] {processor.py:836} INFO - DAG(s) dict_keys(['example_short_circuit_operator']) retrieved from /home/soamariaka/.local/lib/python3.9/site-packages/airflow/example_dags/example_short_circuit_operator.py
[2023-08-14T13:43:33.199+0300] {logging_mixin.py:150} INFO - [2023-08-14T13:43:33.199+0300] {dag.py:2742} INFO - Sync 1 DAGs
[2023-08-14T13:43:33.232+0300] {logging_mixin.py:150} INFO - [2023-08-14T13:43:33.232+0300] {dag.py:3504} INFO - Setting next_dagrun for example_short_circuit_operator to 2023-08-13T10:43:33.232179+00:00, run_after=2023-08-14T10:43:33.232179+00:00
[2023-08-14T13:43:33.402+0300] {processor.py:179} INFO - Processing /home/soamariaka/.local/lib/python3.9/site-packages/airflow/example_dags/example_short_circuit_operator.py took 0.290 seconds
[2023-08-14T13:44:34.820+0300] {processor.py:157} INFO - Started process (PID=11780) to work on /home/soamariaka/.local/lib/python3.9/site-packages/airflow/example_dags/example_short_circuit_operator.py
[2023-08-14T13:44:34.844+0300] {processor.py:826} INFO - Processing file /home/soamariaka/.local/lib/python3.9/site-packages/airflow/example_dags/example_short_circuit_operator.py for tasks to queue
[2023-08-14T13:44:34.866+0300] {logging_mixin.py:150} INFO - [2023-08-14T13:44:34.865+0300] {dagbag.py:541} INFO - Filling up the DagBag from /home/soamariaka/.local/lib/python3.9/site-packages/airflow/example_dags/example_short_circuit_operator.py
[2023-08-14T13:44:34.886+0300] {processor.py:836} INFO - DAG(s) dict_keys(['example_short_circuit_operator']) retrieved from /home/soamariaka/.local/lib/python3.9/site-packages/airflow/example_dags/example_short_circuit_operator.py
[2023-08-14T13:44:34.925+0300] {logging_mixin.py:150} INFO - [2023-08-14T13:44:34.924+0300] {dag.py:2742} INFO - Sync 1 DAGs
[2023-08-14T13:44:34.957+0300] {logging_mixin.py:150} INFO - [2023-08-14T13:44:34.957+0300] {dag.py:3504} INFO - Setting next_dagrun for example_short_circuit_operator to 2023-08-13T10:44:34.956873+00:00, run_after=2023-08-14T10:44:34.956873+00:00
[2023-08-14T13:44:35.298+0300] {processor.py:179} INFO - Processing /home/soamariaka/.local/lib/python3.9/site-packages/airflow/example_dags/example_short_circuit_operator.py took 0.483 seconds
[2023-08-14T13:45:42.108+0300] {processor.py:157} INFO - Started process (PID=11859) to work on /home/soamariaka/.local/lib/python3.9/site-packages/airflow/example_dags/example_short_circuit_operator.py
[2023-08-14T13:45:42.110+0300] {processor.py:826} INFO - Processing file /home/soamariaka/.local/lib/python3.9/site-packages/airflow/example_dags/example_short_circuit_operator.py for tasks to queue
[2023-08-14T13:45:42.111+0300] {logging_mixin.py:150} INFO - [2023-08-14T13:45:42.111+0300] {dagbag.py:541} INFO - Filling up the DagBag from /home/soamariaka/.local/lib/python3.9/site-packages/airflow/example_dags/example_short_circuit_operator.py
[2023-08-14T13:45:42.126+0300] {processor.py:836} INFO - DAG(s) dict_keys(['example_short_circuit_operator']) retrieved from /home/soamariaka/.local/lib/python3.9/site-packages/airflow/example_dags/example_short_circuit_operator.py
[2023-08-14T13:45:42.157+0300] {logging_mixin.py:150} INFO - [2023-08-14T13:45:42.156+0300] {dag.py:2742} INFO - Sync 1 DAGs
[2023-08-14T13:45:42.195+0300] {logging_mixin.py:150} INFO - [2023-08-14T13:45:42.195+0300] {dag.py:3504} INFO - Setting next_dagrun for example_short_circuit_operator to 2023-08-13T10:45:42.194907+00:00, run_after=2023-08-14T10:45:42.194907+00:00
[2023-08-14T13:45:42.454+0300] {processor.py:179} INFO - Processing /home/soamariaka/.local/lib/python3.9/site-packages/airflow/example_dags/example_short_circuit_operator.py took 0.351 seconds
[2023-08-14T13:46:45.184+0300] {processor.py:157} INFO - Started process (PID=11947) to work on /home/soamariaka/.local/lib/python3.9/site-packages/airflow/example_dags/example_short_circuit_operator.py
[2023-08-14T13:46:45.186+0300] {processor.py:826} INFO - Processing file /home/soamariaka/.local/lib/python3.9/site-packages/airflow/example_dags/example_short_circuit_operator.py for tasks to queue
[2023-08-14T13:46:45.187+0300] {logging_mixin.py:150} INFO - [2023-08-14T13:46:45.186+0300] {dagbag.py:541} INFO - Filling up the DagBag from /home/soamariaka/.local/lib/python3.9/site-packages/airflow/example_dags/example_short_circuit_operator.py
[2023-08-14T13:46:45.202+0300] {processor.py:836} INFO - DAG(s) dict_keys(['example_short_circuit_operator']) retrieved from /home/soamariaka/.local/lib/python3.9/site-packages/airflow/example_dags/example_short_circuit_operator.py
[2023-08-14T13:46:45.233+0300] {logging_mixin.py:150} INFO - [2023-08-14T13:46:45.232+0300] {dag.py:2742} INFO - Sync 1 DAGs
[2023-08-14T13:46:45.264+0300] {logging_mixin.py:150} INFO - [2023-08-14T13:46:45.263+0300] {dag.py:3504} INFO - Setting next_dagrun for example_short_circuit_operator to 2023-08-13T10:46:45.263405+00:00, run_after=2023-08-14T10:46:45.263405+00:00
[2023-08-14T13:46:45.386+0300] {processor.py:179} INFO - Processing /home/soamariaka/.local/lib/python3.9/site-packages/airflow/example_dags/example_short_circuit_operator.py took 0.208 seconds
[2023-08-14T13:47:44.989+0300] {processor.py:157} INFO - Started process (PID=12003) to work on /home/soamariaka/.local/lib/python3.9/site-packages/airflow/example_dags/example_short_circuit_operator.py
[2023-08-14T13:47:44.991+0300] {processor.py:826} INFO - Processing file /home/soamariaka/.local/lib/python3.9/site-packages/airflow/example_dags/example_short_circuit_operator.py for tasks to queue
[2023-08-14T13:47:44.992+0300] {logging_mixin.py:150} INFO - [2023-08-14T13:47:44.992+0300] {dagbag.py:541} INFO - Filling up the DagBag from /home/soamariaka/.local/lib/python3.9/site-packages/airflow/example_dags/example_short_circuit_operator.py
[2023-08-14T13:47:45.007+0300] {processor.py:836} INFO - DAG(s) dict_keys(['example_short_circuit_operator']) retrieved from /home/soamariaka/.local/lib/python3.9/site-packages/airflow/example_dags/example_short_circuit_operator.py
[2023-08-14T13:47:45.038+0300] {logging_mixin.py:150} INFO - [2023-08-14T13:47:45.038+0300] {dag.py:2742} INFO - Sync 1 DAGs
[2023-08-14T13:47:45.088+0300] {logging_mixin.py:150} INFO - [2023-08-14T13:47:45.088+0300] {dag.py:3504} INFO - Setting next_dagrun for example_short_circuit_operator to 2023-08-13T10:47:45.087673+00:00, run_after=2023-08-14T10:47:45.087673+00:00
[2023-08-14T13:47:45.344+0300] {processor.py:179} INFO - Processing /home/soamariaka/.local/lib/python3.9/site-packages/airflow/example_dags/example_short_circuit_operator.py took 0.361 seconds
[2023-08-14T13:48:47.217+0300] {processor.py:157} INFO - Started process (PID=12097) to work on /home/soamariaka/.local/lib/python3.9/site-packages/airflow/example_dags/example_short_circuit_operator.py
[2023-08-14T13:48:47.219+0300] {processor.py:826} INFO - Processing file /home/soamariaka/.local/lib/python3.9/site-packages/airflow/example_dags/example_short_circuit_operator.py for tasks to queue
[2023-08-14T13:48:47.220+0300] {logging_mixin.py:150} INFO - [2023-08-14T13:48:47.220+0300] {dagbag.py:541} INFO - Filling up the DagBag from /home/soamariaka/.local/lib/python3.9/site-packages/airflow/example_dags/example_short_circuit_operator.py
[2023-08-14T13:48:47.236+0300] {processor.py:836} INFO - DAG(s) dict_keys(['example_short_circuit_operator']) retrieved from /home/soamariaka/.local/lib/python3.9/site-packages/airflow/example_dags/example_short_circuit_operator.py
[2023-08-14T13:48:47.266+0300] {logging_mixin.py:150} INFO - [2023-08-14T13:48:47.266+0300] {dag.py:2742} INFO - Sync 1 DAGs
[2023-08-14T13:48:47.297+0300] {logging_mixin.py:150} INFO - [2023-08-14T13:48:47.297+0300] {dag.py:3504} INFO - Setting next_dagrun for example_short_circuit_operator to 2023-08-13T10:48:47.296818+00:00, run_after=2023-08-14T10:48:47.296818+00:00
[2023-08-14T13:48:47.429+0300] {processor.py:179} INFO - Processing /home/soamariaka/.local/lib/python3.9/site-packages/airflow/example_dags/example_short_circuit_operator.py took 0.218 seconds
[2023-08-14T13:49:49.369+0300] {processor.py:157} INFO - Started process (PID=12155) to work on /home/soamariaka/.local/lib/python3.9/site-packages/airflow/example_dags/example_short_circuit_operator.py
[2023-08-14T13:49:49.401+0300] {processor.py:826} INFO - Processing file /home/soamariaka/.local/lib/python3.9/site-packages/airflow/example_dags/example_short_circuit_operator.py for tasks to queue
[2023-08-14T13:49:49.403+0300] {logging_mixin.py:150} INFO - [2023-08-14T13:49:49.402+0300] {dagbag.py:541} INFO - Filling up the DagBag from /home/soamariaka/.local/lib/python3.9/site-packages/airflow/example_dags/example_short_circuit_operator.py
[2023-08-14T13:49:49.419+0300] {processor.py:836} INFO - DAG(s) dict_keys(['example_short_circuit_operator']) retrieved from /home/soamariaka/.local/lib/python3.9/site-packages/airflow/example_dags/example_short_circuit_operator.py
[2023-08-14T13:49:49.455+0300] {logging_mixin.py:150} INFO - [2023-08-14T13:49:49.454+0300] {dag.py:2742} INFO - Sync 1 DAGs
[2023-08-14T13:49:49.487+0300] {logging_mixin.py:150} INFO - [2023-08-14T13:49:49.486+0300] {dag.py:3504} INFO - Setting next_dagrun for example_short_circuit_operator to 2023-08-13T10:49:49.486397+00:00, run_after=2023-08-14T10:49:49.486397+00:00
[2023-08-14T13:49:49.638+0300] {processor.py:179} INFO - Processing /home/soamariaka/.local/lib/python3.9/site-packages/airflow/example_dags/example_short_circuit_operator.py took 0.274 seconds
[2023-08-14T13:50:54.665+0300] {processor.py:157} INFO - Started process (PID=12231) to work on /home/soamariaka/.local/lib/python3.9/site-packages/airflow/example_dags/example_short_circuit_operator.py
[2023-08-14T13:50:54.697+0300] {processor.py:826} INFO - Processing file /home/soamariaka/.local/lib/python3.9/site-packages/airflow/example_dags/example_short_circuit_operator.py for tasks to queue
[2023-08-14T13:50:54.698+0300] {logging_mixin.py:150} INFO - [2023-08-14T13:50:54.698+0300] {dagbag.py:541} INFO - Filling up the DagBag from /home/soamariaka/.local/lib/python3.9/site-packages/airflow/example_dags/example_short_circuit_operator.py
[2023-08-14T13:50:54.714+0300] {processor.py:836} INFO - DAG(s) dict_keys(['example_short_circuit_operator']) retrieved from /home/soamariaka/.local/lib/python3.9/site-packages/airflow/example_dags/example_short_circuit_operator.py
[2023-08-14T13:50:54.749+0300] {logging_mixin.py:150} INFO - [2023-08-14T13:50:54.749+0300] {dag.py:2742} INFO - Sync 1 DAGs
[2023-08-14T13:50:54.782+0300] {logging_mixin.py:150} INFO - [2023-08-14T13:50:54.781+0300] {dag.py:3504} INFO - Setting next_dagrun for example_short_circuit_operator to 2023-08-13T10:50:54.781529+00:00, run_after=2023-08-14T10:50:54.781529+00:00
[2023-08-14T13:50:54.910+0300] {processor.py:179} INFO - Processing /home/soamariaka/.local/lib/python3.9/site-packages/airflow/example_dags/example_short_circuit_operator.py took 0.250 seconds
[2023-08-14T13:52:00.993+0300] {processor.py:157} INFO - Started process (PID=12326) to work on /home/soamariaka/.local/lib/python3.9/site-packages/airflow/example_dags/example_short_circuit_operator.py
[2023-08-14T13:52:01.017+0300] {processor.py:826} INFO - Processing file /home/soamariaka/.local/lib/python3.9/site-packages/airflow/example_dags/example_short_circuit_operator.py for tasks to queue
[2023-08-14T13:52:01.019+0300] {logging_mixin.py:150} INFO - [2023-08-14T13:52:01.019+0300] {dagbag.py:541} INFO - Filling up the DagBag from /home/soamariaka/.local/lib/python3.9/site-packages/airflow/example_dags/example_short_circuit_operator.py
[2023-08-14T13:52:01.035+0300] {processor.py:836} INFO - DAG(s) dict_keys(['example_short_circuit_operator']) retrieved from /home/soamariaka/.local/lib/python3.9/site-packages/airflow/example_dags/example_short_circuit_operator.py
[2023-08-14T13:52:01.079+0300] {logging_mixin.py:150} INFO - [2023-08-14T13:52:01.079+0300] {dag.py:2742} INFO - Sync 1 DAGs
[2023-08-14T13:52:01.124+0300] {logging_mixin.py:150} INFO - [2023-08-14T13:52:01.124+0300] {dag.py:3504} INFO - Setting next_dagrun for example_short_circuit_operator to 2023-08-13T10:52:01.123813+00:00, run_after=2023-08-14T10:52:01.123813+00:00
[2023-08-14T13:52:01.305+0300] {processor.py:179} INFO - Processing /home/soamariaka/.local/lib/python3.9/site-packages/airflow/example_dags/example_short_circuit_operator.py took 0.317 seconds
[2023-08-14T13:53:02.663+0300] {processor.py:157} INFO - Started process (PID=12384) to work on /home/soamariaka/.local/lib/python3.9/site-packages/airflow/example_dags/example_short_circuit_operator.py
[2023-08-14T13:53:02.694+0300] {processor.py:826} INFO - Processing file /home/soamariaka/.local/lib/python3.9/site-packages/airflow/example_dags/example_short_circuit_operator.py for tasks to queue
[2023-08-14T13:53:02.696+0300] {logging_mixin.py:150} INFO - [2023-08-14T13:53:02.695+0300] {dagbag.py:541} INFO - Filling up the DagBag from /home/soamariaka/.local/lib/python3.9/site-packages/airflow/example_dags/example_short_circuit_operator.py
[2023-08-14T13:53:02.713+0300] {processor.py:836} INFO - DAG(s) dict_keys(['example_short_circuit_operator']) retrieved from /home/soamariaka/.local/lib/python3.9/site-packages/airflow/example_dags/example_short_circuit_operator.py
[2023-08-14T13:53:02.752+0300] {logging_mixin.py:150} INFO - [2023-08-14T13:53:02.751+0300] {dag.py:2742} INFO - Sync 1 DAGs
[2023-08-14T13:53:02.784+0300] {logging_mixin.py:150} INFO - [2023-08-14T13:53:02.784+0300] {dag.py:3504} INFO - Setting next_dagrun for example_short_circuit_operator to 2023-08-13T10:53:02.783683+00:00, run_after=2023-08-14T10:53:02.783683+00:00
[2023-08-14T13:53:02.930+0300] {processor.py:179} INFO - Processing /home/soamariaka/.local/lib/python3.9/site-packages/airflow/example_dags/example_short_circuit_operator.py took 0.274 seconds
[2023-08-14T13:54:07.678+0300] {processor.py:157} INFO - Started process (PID=12446) to work on /home/soamariaka/.local/lib/python3.9/site-packages/airflow/example_dags/example_short_circuit_operator.py
[2023-08-14T13:54:07.709+0300] {processor.py:826} INFO - Processing file /home/soamariaka/.local/lib/python3.9/site-packages/airflow/example_dags/example_short_circuit_operator.py for tasks to queue
[2023-08-14T13:54:07.710+0300] {logging_mixin.py:150} INFO - [2023-08-14T13:54:07.710+0300] {dagbag.py:541} INFO - Filling up the DagBag from /home/soamariaka/.local/lib/python3.9/site-packages/airflow/example_dags/example_short_circuit_operator.py
[2023-08-14T13:54:07.728+0300] {processor.py:836} INFO - DAG(s) dict_keys(['example_short_circuit_operator']) retrieved from /home/soamariaka/.local/lib/python3.9/site-packages/airflow/example_dags/example_short_circuit_operator.py
[2023-08-14T13:54:07.765+0300] {logging_mixin.py:150} INFO - [2023-08-14T13:54:07.765+0300] {dag.py:2742} INFO - Sync 1 DAGs
[2023-08-14T13:54:07.797+0300] {logging_mixin.py:150} INFO - [2023-08-14T13:54:07.797+0300] {dag.py:3504} INFO - Setting next_dagrun for example_short_circuit_operator to 2023-08-13T10:54:07.796915+00:00, run_after=2023-08-14T10:54:07.796915+00:00
[2023-08-14T13:54:07.916+0300] {processor.py:179} INFO - Processing /home/soamariaka/.local/lib/python3.9/site-packages/airflow/example_dags/example_short_circuit_operator.py took 0.244 seconds
[2023-08-14T13:55:12.541+0300] {processor.py:157} INFO - Started process (PID=12558) to work on /home/soamariaka/.local/lib/python3.9/site-packages/airflow/example_dags/example_short_circuit_operator.py
[2023-08-14T13:55:12.544+0300] {processor.py:826} INFO - Processing file /home/soamariaka/.local/lib/python3.9/site-packages/airflow/example_dags/example_short_circuit_operator.py for tasks to queue
[2023-08-14T13:55:12.545+0300] {logging_mixin.py:150} INFO - [2023-08-14T13:55:12.545+0300] {dagbag.py:541} INFO - Filling up the DagBag from /home/soamariaka/.local/lib/python3.9/site-packages/airflow/example_dags/example_short_circuit_operator.py
[2023-08-14T13:55:12.561+0300] {processor.py:836} INFO - DAG(s) dict_keys(['example_short_circuit_operator']) retrieved from /home/soamariaka/.local/lib/python3.9/site-packages/airflow/example_dags/example_short_circuit_operator.py
[2023-08-14T13:55:12.592+0300] {logging_mixin.py:150} INFO - [2023-08-14T13:55:12.592+0300] {dag.py:2742} INFO - Sync 1 DAGs
[2023-08-14T13:55:12.637+0300] {logging_mixin.py:150} INFO - [2023-08-14T13:55:12.637+0300] {dag.py:3504} INFO - Setting next_dagrun for example_short_circuit_operator to 2023-08-13T10:55:12.636976+00:00, run_after=2023-08-14T10:55:12.636976+00:00
[2023-08-14T13:55:12.879+0300] {processor.py:179} INFO - Processing /home/soamariaka/.local/lib/python3.9/site-packages/airflow/example_dags/example_short_circuit_operator.py took 0.344 seconds
[2023-08-14T13:56:21.514+0300] {processor.py:157} INFO - Started process (PID=12643) to work on /home/soamariaka/.local/lib/python3.9/site-packages/airflow/example_dags/example_short_circuit_operator.py
[2023-08-14T13:56:21.528+0300] {processor.py:826} INFO - Processing file /home/soamariaka/.local/lib/python3.9/site-packages/airflow/example_dags/example_short_circuit_operator.py for tasks to queue
[2023-08-14T13:56:21.530+0300] {logging_mixin.py:150} INFO - [2023-08-14T13:56:21.529+0300] {dagbag.py:541} INFO - Filling up the DagBag from /home/soamariaka/.local/lib/python3.9/site-packages/airflow/example_dags/example_short_circuit_operator.py
[2023-08-14T13:56:21.561+0300] {processor.py:836} INFO - DAG(s) dict_keys(['example_short_circuit_operator']) retrieved from /home/soamariaka/.local/lib/python3.9/site-packages/airflow/example_dags/example_short_circuit_operator.py
[2023-08-14T13:56:21.602+0300] {logging_mixin.py:150} INFO - [2023-08-14T13:56:21.602+0300] {dag.py:2742} INFO - Sync 1 DAGs
[2023-08-14T13:56:21.648+0300] {logging_mixin.py:150} INFO - [2023-08-14T13:56:21.648+0300] {dag.py:3504} INFO - Setting next_dagrun for example_short_circuit_operator to 2023-08-13T10:56:21.647873+00:00, run_after=2023-08-14T10:56:21.647873+00:00
[2023-08-14T13:56:21.879+0300] {processor.py:179} INFO - Processing /home/soamariaka/.local/lib/python3.9/site-packages/airflow/example_dags/example_short_circuit_operator.py took 0.370 seconds
[2023-08-14T13:57:28.970+0300] {processor.py:157} INFO - Started process (PID=12703) to work on /home/soamariaka/.local/lib/python3.9/site-packages/airflow/example_dags/example_short_circuit_operator.py
[2023-08-14T13:57:28.972+0300] {processor.py:826} INFO - Processing file /home/soamariaka/.local/lib/python3.9/site-packages/airflow/example_dags/example_short_circuit_operator.py for tasks to queue
[2023-08-14T13:57:28.973+0300] {logging_mixin.py:150} INFO - [2023-08-14T13:57:28.973+0300] {dagbag.py:541} INFO - Filling up the DagBag from /home/soamariaka/.local/lib/python3.9/site-packages/airflow/example_dags/example_short_circuit_operator.py
[2023-08-14T13:57:28.989+0300] {processor.py:836} INFO - DAG(s) dict_keys(['example_short_circuit_operator']) retrieved from /home/soamariaka/.local/lib/python3.9/site-packages/airflow/example_dags/example_short_circuit_operator.py
[2023-08-14T13:57:29.023+0300] {logging_mixin.py:150} INFO - [2023-08-14T13:57:29.022+0300] {dag.py:2742} INFO - Sync 1 DAGs
[2023-08-14T13:57:29.072+0300] {logging_mixin.py:150} INFO - [2023-08-14T13:57:29.072+0300] {dag.py:3504} INFO - Setting next_dagrun for example_short_circuit_operator to 2023-08-13T10:57:29.071842+00:00, run_after=2023-08-14T10:57:29.071842+00:00
[2023-08-14T13:57:29.298+0300] {processor.py:179} INFO - Processing /home/soamariaka/.local/lib/python3.9/site-packages/airflow/example_dags/example_short_circuit_operator.py took 0.333 seconds
[2023-08-14T13:58:30.873+0300] {processor.py:157} INFO - Started process (PID=12761) to work on /home/soamariaka/.local/lib/python3.9/site-packages/airflow/example_dags/example_short_circuit_operator.py
[2023-08-14T13:58:30.876+0300] {processor.py:826} INFO - Processing file /home/soamariaka/.local/lib/python3.9/site-packages/airflow/example_dags/example_short_circuit_operator.py for tasks to queue
[2023-08-14T13:58:30.877+0300] {logging_mixin.py:150} INFO - [2023-08-14T13:58:30.877+0300] {dagbag.py:541} INFO - Filling up the DagBag from /home/soamariaka/.local/lib/python3.9/site-packages/airflow/example_dags/example_short_circuit_operator.py
[2023-08-14T13:58:30.892+0300] {processor.py:836} INFO - DAG(s) dict_keys(['example_short_circuit_operator']) retrieved from /home/soamariaka/.local/lib/python3.9/site-packages/airflow/example_dags/example_short_circuit_operator.py
[2023-08-14T13:58:30.923+0300] {logging_mixin.py:150} INFO - [2023-08-14T13:58:30.922+0300] {dag.py:2742} INFO - Sync 1 DAGs
[2023-08-14T13:58:30.953+0300] {logging_mixin.py:150} INFO - [2023-08-14T13:58:30.953+0300] {dag.py:3504} INFO - Setting next_dagrun for example_short_circuit_operator to 2023-08-13T10:58:30.953297+00:00, run_after=2023-08-14T10:58:30.953297+00:00
[2023-08-14T13:58:31.169+0300] {processor.py:179} INFO - Processing /home/soamariaka/.local/lib/python3.9/site-packages/airflow/example_dags/example_short_circuit_operator.py took 0.301 seconds
[2023-08-14T13:59:36.628+0300] {processor.py:157} INFO - Started process (PID=12852) to work on /home/soamariaka/.local/lib/python3.9/site-packages/airflow/example_dags/example_short_circuit_operator.py
[2023-08-14T13:59:36.660+0300] {processor.py:826} INFO - Processing file /home/soamariaka/.local/lib/python3.9/site-packages/airflow/example_dags/example_short_circuit_operator.py for tasks to queue
[2023-08-14T13:59:36.662+0300] {logging_mixin.py:150} INFO - [2023-08-14T13:59:36.661+0300] {dagbag.py:541} INFO - Filling up the DagBag from /home/soamariaka/.local/lib/python3.9/site-packages/airflow/example_dags/example_short_circuit_operator.py
[2023-08-14T13:59:36.684+0300] {processor.py:836} INFO - DAG(s) dict_keys(['example_short_circuit_operator']) retrieved from /home/soamariaka/.local/lib/python3.9/site-packages/airflow/example_dags/example_short_circuit_operator.py
[2023-08-14T13:59:36.718+0300] {logging_mixin.py:150} INFO - [2023-08-14T13:59:36.718+0300] {dag.py:2742} INFO - Sync 1 DAGs
[2023-08-14T13:59:36.749+0300] {logging_mixin.py:150} INFO - [2023-08-14T13:59:36.749+0300] {dag.py:3504} INFO - Setting next_dagrun for example_short_circuit_operator to 2023-08-13T10:59:36.748928+00:00, run_after=2023-08-14T10:59:36.748928+00:00
[2023-08-14T13:59:37.022+0300] {processor.py:179} INFO - Processing /home/soamariaka/.local/lib/python3.9/site-packages/airflow/example_dags/example_short_circuit_operator.py took 0.400 seconds
[2023-08-14T14:00:38.863+0300] {processor.py:157} INFO - Started process (PID=12934) to work on /home/soamariaka/.local/lib/python3.9/site-packages/airflow/example_dags/example_short_circuit_operator.py
[2023-08-14T14:00:38.866+0300] {processor.py:826} INFO - Processing file /home/soamariaka/.local/lib/python3.9/site-packages/airflow/example_dags/example_short_circuit_operator.py for tasks to queue
[2023-08-14T14:00:38.867+0300] {logging_mixin.py:150} INFO - [2023-08-14T14:00:38.867+0300] {dagbag.py:541} INFO - Filling up the DagBag from /home/soamariaka/.local/lib/python3.9/site-packages/airflow/example_dags/example_short_circuit_operator.py
[2023-08-14T14:00:38.883+0300] {processor.py:836} INFO - DAG(s) dict_keys(['example_short_circuit_operator']) retrieved from /home/soamariaka/.local/lib/python3.9/site-packages/airflow/example_dags/example_short_circuit_operator.py
[2023-08-14T14:00:38.914+0300] {logging_mixin.py:150} INFO - [2023-08-14T14:00:38.914+0300] {dag.py:2742} INFO - Sync 1 DAGs
[2023-08-14T14:00:38.945+0300] {logging_mixin.py:150} INFO - [2023-08-14T14:00:38.945+0300] {dag.py:3504} INFO - Setting next_dagrun for example_short_circuit_operator to 2023-08-13T11:00:38.945249+00:00, run_after=2023-08-14T11:00:38.945249+00:00
[2023-08-14T14:00:39.185+0300] {processor.py:179} INFO - Processing /home/soamariaka/.local/lib/python3.9/site-packages/airflow/example_dags/example_short_circuit_operator.py took 0.327 seconds
[2023-08-14T14:01:43.380+0300] {processor.py:157} INFO - Started process (PID=12990) to work on /home/soamariaka/.local/lib/python3.9/site-packages/airflow/example_dags/example_short_circuit_operator.py
[2023-08-14T14:01:43.382+0300] {processor.py:826} INFO - Processing file /home/soamariaka/.local/lib/python3.9/site-packages/airflow/example_dags/example_short_circuit_operator.py for tasks to queue
[2023-08-14T14:01:43.383+0300] {logging_mixin.py:150} INFO - [2023-08-14T14:01:43.383+0300] {dagbag.py:541} INFO - Filling up the DagBag from /home/soamariaka/.local/lib/python3.9/site-packages/airflow/example_dags/example_short_circuit_operator.py
[2023-08-14T14:01:43.395+0300] {processor.py:836} INFO - DAG(s) dict_keys(['example_short_circuit_operator']) retrieved from /home/soamariaka/.local/lib/python3.9/site-packages/airflow/example_dags/example_short_circuit_operator.py
[2023-08-14T14:01:43.424+0300] {logging_mixin.py:150} INFO - [2023-08-14T14:01:43.423+0300] {dag.py:2742} INFO - Sync 1 DAGs
[2023-08-14T14:01:43.455+0300] {logging_mixin.py:150} INFO - [2023-08-14T14:01:43.455+0300] {dag.py:3504} INFO - Setting next_dagrun for example_short_circuit_operator to 2023-08-13T11:01:43.455023+00:00, run_after=2023-08-14T11:01:43.455023+00:00
[2023-08-14T14:01:43.718+0300] {processor.py:179} INFO - Processing /home/soamariaka/.local/lib/python3.9/site-packages/airflow/example_dags/example_short_circuit_operator.py took 0.342 seconds
[2023-08-14T14:04:27.697+0300] {processor.py:157} INFO - Started process (PID=13717) to work on /home/soamariaka/.local/lib/python3.9/site-packages/airflow/example_dags/example_short_circuit_operator.py
[2023-08-14T14:04:27.757+0300] {processor.py:826} INFO - Processing file /home/soamariaka/.local/lib/python3.9/site-packages/airflow/example_dags/example_short_circuit_operator.py for tasks to queue
[2023-08-14T14:04:27.759+0300] {logging_mixin.py:150} INFO - [2023-08-14T14:04:27.759+0300] {dagbag.py:541} INFO - Filling up the DagBag from /home/soamariaka/.local/lib/python3.9/site-packages/airflow/example_dags/example_short_circuit_operator.py
[2023-08-14T14:04:27.779+0300] {processor.py:836} INFO - DAG(s) dict_keys(['example_short_circuit_operator']) retrieved from /home/soamariaka/.local/lib/python3.9/site-packages/airflow/example_dags/example_short_circuit_operator.py
[2023-08-14T14:04:27.822+0300] {logging_mixin.py:150} INFO - [2023-08-14T14:04:27.821+0300] {dag.py:2742} INFO - Sync 1 DAGs
[2023-08-14T14:04:27.853+0300] {logging_mixin.py:150} INFO - [2023-08-14T14:04:27.853+0300] {dag.py:3504} INFO - Setting next_dagrun for example_short_circuit_operator to 2023-08-13T11:04:27.852831+00:00, run_after=2023-08-14T11:04:27.852831+00:00
[2023-08-14T14:04:28.079+0300] {processor.py:179} INFO - Processing /home/soamariaka/.local/lib/python3.9/site-packages/airflow/example_dags/example_short_circuit_operator.py took 0.387 seconds
[2023-08-14T14:05:58.747+0300] {processor.py:157} INFO - Started process (PID=13806) to work on /home/soamariaka/.local/lib/python3.9/site-packages/airflow/example_dags/example_short_circuit_operator.py
[2023-08-14T14:05:58.765+0300] {processor.py:826} INFO - Processing file /home/soamariaka/.local/lib/python3.9/site-packages/airflow/example_dags/example_short_circuit_operator.py for tasks to queue
[2023-08-14T14:05:58.766+0300] {logging_mixin.py:150} INFO - [2023-08-14T14:05:58.766+0300] {dagbag.py:541} INFO - Filling up the DagBag from /home/soamariaka/.local/lib/python3.9/site-packages/airflow/example_dags/example_short_circuit_operator.py
[2023-08-14T14:05:58.782+0300] {processor.py:836} INFO - DAG(s) dict_keys(['example_short_circuit_operator']) retrieved from /home/soamariaka/.local/lib/python3.9/site-packages/airflow/example_dags/example_short_circuit_operator.py
[2023-08-14T14:05:58.816+0300] {logging_mixin.py:150} INFO - [2023-08-14T14:05:58.816+0300] {dag.py:2742} INFO - Sync 1 DAGs
[2023-08-14T14:05:58.854+0300] {logging_mixin.py:150} INFO - [2023-08-14T14:05:58.854+0300] {dag.py:3504} INFO - Setting next_dagrun for example_short_circuit_operator to 2023-08-13T11:05:58.854277+00:00, run_after=2023-08-14T11:05:58.854277+00:00
[2023-08-14T14:05:59.070+0300] {processor.py:179} INFO - Processing /home/soamariaka/.local/lib/python3.9/site-packages/airflow/example_dags/example_short_circuit_operator.py took 0.330 seconds
[2023-08-14T14:07:09.737+0300] {processor.py:157} INFO - Started process (PID=13889) to work on /home/soamariaka/.local/lib/python3.9/site-packages/airflow/example_dags/example_short_circuit_operator.py
[2023-08-14T14:07:09.764+0300] {processor.py:826} INFO - Processing file /home/soamariaka/.local/lib/python3.9/site-packages/airflow/example_dags/example_short_circuit_operator.py for tasks to queue
[2023-08-14T14:07:09.766+0300] {logging_mixin.py:150} INFO - [2023-08-14T14:07:09.765+0300] {dagbag.py:541} INFO - Filling up the DagBag from /home/soamariaka/.local/lib/python3.9/site-packages/airflow/example_dags/example_short_circuit_operator.py
[2023-08-14T14:07:09.782+0300] {processor.py:836} INFO - DAG(s) dict_keys(['example_short_circuit_operator']) retrieved from /home/soamariaka/.local/lib/python3.9/site-packages/airflow/example_dags/example_short_circuit_operator.py
[2023-08-14T14:07:09.819+0300] {logging_mixin.py:150} INFO - [2023-08-14T14:07:09.819+0300] {dag.py:2742} INFO - Sync 1 DAGs
[2023-08-14T14:07:09.857+0300] {logging_mixin.py:150} INFO - [2023-08-14T14:07:09.856+0300] {dag.py:3504} INFO - Setting next_dagrun for example_short_circuit_operator to 2023-08-13T11:07:09.856581+00:00, run_after=2023-08-14T11:07:09.856581+00:00
[2023-08-14T14:07:10.115+0300] {processor.py:179} INFO - Processing /home/soamariaka/.local/lib/python3.9/site-packages/airflow/example_dags/example_short_circuit_operator.py took 0.383 seconds
[2023-08-14T14:09:19.216+0300] {processor.py:157} INFO - Started process (PID=14084) to work on /home/soamariaka/.local/lib/python3.9/site-packages/airflow/example_dags/example_short_circuit_operator.py
[2023-08-14T14:09:19.253+0300] {processor.py:826} INFO - Processing file /home/soamariaka/.local/lib/python3.9/site-packages/airflow/example_dags/example_short_circuit_operator.py for tasks to queue
[2023-08-14T14:09:19.255+0300] {logging_mixin.py:150} INFO - [2023-08-14T14:09:19.254+0300] {dagbag.py:541} INFO - Filling up the DagBag from /home/soamariaka/.local/lib/python3.9/site-packages/airflow/example_dags/example_short_circuit_operator.py
[2023-08-14T14:09:19.270+0300] {processor.py:836} INFO - DAG(s) dict_keys(['example_short_circuit_operator']) retrieved from /home/soamariaka/.local/lib/python3.9/site-packages/airflow/example_dags/example_short_circuit_operator.py
[2023-08-14T14:09:19.304+0300] {logging_mixin.py:150} INFO - [2023-08-14T14:09:19.304+0300] {dag.py:2742} INFO - Sync 1 DAGs
[2023-08-14T14:09:19.337+0300] {logging_mixin.py:150} INFO - [2023-08-14T14:09:19.337+0300] {dag.py:3504} INFO - Setting next_dagrun for example_short_circuit_operator to 2023-08-13T11:09:19.336735+00:00, run_after=2023-08-14T11:09:19.336735+00:00
[2023-08-14T14:09:19.637+0300] {processor.py:179} INFO - Processing /home/soamariaka/.local/lib/python3.9/site-packages/airflow/example_dags/example_short_circuit_operator.py took 0.426 seconds
[2023-08-14T14:10:55.337+0300] {processor.py:157} INFO - Started process (PID=14957) to work on /home/soamariaka/.local/lib/python3.9/site-packages/airflow/example_dags/example_short_circuit_operator.py
[2023-08-14T14:10:55.377+0300] {processor.py:826} INFO - Processing file /home/soamariaka/.local/lib/python3.9/site-packages/airflow/example_dags/example_short_circuit_operator.py for tasks to queue
[2023-08-14T14:10:55.380+0300] {logging_mixin.py:150} INFO - [2023-08-14T14:10:55.379+0300] {dagbag.py:541} INFO - Filling up the DagBag from /home/soamariaka/.local/lib/python3.9/site-packages/airflow/example_dags/example_short_circuit_operator.py
[2023-08-14T14:10:55.401+0300] {processor.py:836} INFO - DAG(s) dict_keys(['example_short_circuit_operator']) retrieved from /home/soamariaka/.local/lib/python3.9/site-packages/airflow/example_dags/example_short_circuit_operator.py
[2023-08-14T14:10:55.457+0300] {logging_mixin.py:150} INFO - [2023-08-14T14:10:55.456+0300] {dag.py:2742} INFO - Sync 1 DAGs
[2023-08-14T14:10:55.498+0300] {logging_mixin.py:150} INFO - [2023-08-14T14:10:55.498+0300] {dag.py:3504} INFO - Setting next_dagrun for example_short_circuit_operator to 2023-08-13T11:10:55.497738+00:00, run_after=2023-08-14T11:10:55.497738+00:00
[2023-08-14T14:10:56.004+0300] {processor.py:179} INFO - Processing /home/soamariaka/.local/lib/python3.9/site-packages/airflow/example_dags/example_short_circuit_operator.py took 0.674 seconds
[2023-08-14T14:11:59.519+0300] {processor.py:157} INFO - Started process (PID=15100) to work on /home/soamariaka/.local/lib/python3.9/site-packages/airflow/example_dags/example_short_circuit_operator.py
[2023-08-14T14:11:59.541+0300] {processor.py:826} INFO - Processing file /home/soamariaka/.local/lib/python3.9/site-packages/airflow/example_dags/example_short_circuit_operator.py for tasks to queue
[2023-08-14T14:11:59.543+0300] {logging_mixin.py:150} INFO - [2023-08-14T14:11:59.542+0300] {dagbag.py:541} INFO - Filling up the DagBag from /home/soamariaka/.local/lib/python3.9/site-packages/airflow/example_dags/example_short_circuit_operator.py
[2023-08-14T14:11:59.559+0300] {processor.py:836} INFO - DAG(s) dict_keys(['example_short_circuit_operator']) retrieved from /home/soamariaka/.local/lib/python3.9/site-packages/airflow/example_dags/example_short_circuit_operator.py
[2023-08-14T14:11:59.603+0300] {logging_mixin.py:150} INFO - [2023-08-14T14:11:59.603+0300] {dag.py:2742} INFO - Sync 1 DAGs
[2023-08-14T14:11:59.636+0300] {logging_mixin.py:150} INFO - [2023-08-14T14:11:59.636+0300] {dag.py:3504} INFO - Setting next_dagrun for example_short_circuit_operator to 2023-08-13T11:11:59.635754+00:00, run_after=2023-08-14T11:11:59.635754+00:00
[2023-08-14T14:11:59.792+0300] {processor.py:179} INFO - Processing /home/soamariaka/.local/lib/python3.9/site-packages/airflow/example_dags/example_short_circuit_operator.py took 0.278 seconds
[2023-08-14T14:12:57.177+0300] {processor.py:157} INFO - Started process (PID=15209) to work on /home/soamariaka/.local/lib/python3.9/site-packages/airflow/example_dags/example_short_circuit_operator.py
[2023-08-14T14:12:57.179+0300] {processor.py:826} INFO - Processing file /home/soamariaka/.local/lib/python3.9/site-packages/airflow/example_dags/example_short_circuit_operator.py for tasks to queue
[2023-08-14T14:12:57.181+0300] {logging_mixin.py:150} INFO - [2023-08-14T14:12:57.181+0300] {dagbag.py:541} INFO - Filling up the DagBag from /home/soamariaka/.local/lib/python3.9/site-packages/airflow/example_dags/example_short_circuit_operator.py
[2023-08-14T14:12:57.198+0300] {processor.py:836} INFO - DAG(s) dict_keys(['example_short_circuit_operator']) retrieved from /home/soamariaka/.local/lib/python3.9/site-packages/airflow/example_dags/example_short_circuit_operator.py
[2023-08-14T14:12:57.232+0300] {logging_mixin.py:150} INFO - [2023-08-14T14:12:57.232+0300] {dag.py:2742} INFO - Sync 1 DAGs
[2023-08-14T14:12:57.267+0300] {logging_mixin.py:150} INFO - [2023-08-14T14:12:57.266+0300] {dag.py:3504} INFO - Setting next_dagrun for example_short_circuit_operator to 2023-08-13T11:12:57.266626+00:00, run_after=2023-08-14T11:12:57.266626+00:00
[2023-08-14T14:12:57.384+0300] {processor.py:179} INFO - Processing /home/soamariaka/.local/lib/python3.9/site-packages/airflow/example_dags/example_short_circuit_operator.py took 0.212 seconds
[2023-08-14T14:14:02.772+0300] {processor.py:157} INFO - Started process (PID=15334) to work on /home/soamariaka/.local/lib/python3.9/site-packages/airflow/example_dags/example_short_circuit_operator.py
[2023-08-14T14:14:02.774+0300] {processor.py:826} INFO - Processing file /home/soamariaka/.local/lib/python3.9/site-packages/airflow/example_dags/example_short_circuit_operator.py for tasks to queue
[2023-08-14T14:14:02.776+0300] {logging_mixin.py:150} INFO - [2023-08-14T14:14:02.775+0300] {dagbag.py:541} INFO - Filling up the DagBag from /home/soamariaka/.local/lib/python3.9/site-packages/airflow/example_dags/example_short_circuit_operator.py
[2023-08-14T14:14:02.816+0300] {processor.py:836} INFO - DAG(s) dict_keys(['example_short_circuit_operator']) retrieved from /home/soamariaka/.local/lib/python3.9/site-packages/airflow/example_dags/example_short_circuit_operator.py
[2023-08-14T14:14:02.852+0300] {logging_mixin.py:150} INFO - [2023-08-14T14:14:02.851+0300] {dag.py:2742} INFO - Sync 1 DAGs
[2023-08-14T14:14:02.884+0300] {logging_mixin.py:150} INFO - [2023-08-14T14:14:02.884+0300] {dag.py:3504} INFO - Setting next_dagrun for example_short_circuit_operator to 2023-08-13T11:14:02.884144+00:00, run_after=2023-08-14T11:14:02.884144+00:00
[2023-08-14T14:14:03.164+0300] {processor.py:179} INFO - Processing /home/soamariaka/.local/lib/python3.9/site-packages/airflow/example_dags/example_short_circuit_operator.py took 0.398 seconds
[2023-08-14T14:15:05.225+0300] {processor.py:157} INFO - Started process (PID=15419) to work on /home/soamariaka/.local/lib/python3.9/site-packages/airflow/example_dags/example_short_circuit_operator.py
[2023-08-14T14:15:05.238+0300] {processor.py:826} INFO - Processing file /home/soamariaka/.local/lib/python3.9/site-packages/airflow/example_dags/example_short_circuit_operator.py for tasks to queue
[2023-08-14T14:15:05.240+0300] {logging_mixin.py:150} INFO - [2023-08-14T14:15:05.239+0300] {dagbag.py:541} INFO - Filling up the DagBag from /home/soamariaka/.local/lib/python3.9/site-packages/airflow/example_dags/example_short_circuit_operator.py
[2023-08-14T14:15:05.256+0300] {processor.py:836} INFO - DAG(s) dict_keys(['example_short_circuit_operator']) retrieved from /home/soamariaka/.local/lib/python3.9/site-packages/airflow/example_dags/example_short_circuit_operator.py
[2023-08-14T14:15:05.289+0300] {logging_mixin.py:150} INFO - [2023-08-14T14:15:05.288+0300] {dag.py:2742} INFO - Sync 1 DAGs
[2023-08-14T14:15:05.321+0300] {logging_mixin.py:150} INFO - [2023-08-14T14:15:05.320+0300] {dag.py:3504} INFO - Setting next_dagrun for example_short_circuit_operator to 2023-08-13T11:15:05.320589+00:00, run_after=2023-08-14T11:15:05.320589+00:00
[2023-08-14T14:15:05.451+0300] {processor.py:179} INFO - Processing /home/soamariaka/.local/lib/python3.9/site-packages/airflow/example_dags/example_short_circuit_operator.py took 0.232 seconds
[2023-08-14T14:16:04.614+0300] {processor.py:157} INFO - Started process (PID=15604) to work on /home/soamariaka/.local/lib/python3.9/site-packages/airflow/example_dags/example_short_circuit_operator.py
[2023-08-14T14:16:04.656+0300] {processor.py:826} INFO - Processing file /home/soamariaka/.local/lib/python3.9/site-packages/airflow/example_dags/example_short_circuit_operator.py for tasks to queue
[2023-08-14T14:16:04.659+0300] {logging_mixin.py:150} INFO - [2023-08-14T14:16:04.658+0300] {dagbag.py:541} INFO - Filling up the DagBag from /home/soamariaka/.local/lib/python3.9/site-packages/airflow/example_dags/example_short_circuit_operator.py
[2023-08-14T14:16:04.679+0300] {processor.py:836} INFO - DAG(s) dict_keys(['example_short_circuit_operator']) retrieved from /home/soamariaka/.local/lib/python3.9/site-packages/airflow/example_dags/example_short_circuit_operator.py
[2023-08-14T14:16:04.721+0300] {logging_mixin.py:150} INFO - [2023-08-14T14:16:04.720+0300] {dag.py:2742} INFO - Sync 1 DAGs
[2023-08-14T14:16:04.784+0300] {logging_mixin.py:150} INFO - [2023-08-14T14:16:04.784+0300] {dag.py:3504} INFO - Setting next_dagrun for example_short_circuit_operator to 2023-08-13T11:16:04.783842+00:00, run_after=2023-08-14T11:16:04.783842+00:00
[2023-08-14T14:16:05.075+0300] {processor.py:179} INFO - Processing /home/soamariaka/.local/lib/python3.9/site-packages/airflow/example_dags/example_short_circuit_operator.py took 0.467 seconds
[2023-08-14T14:17:09.444+0300] {processor.py:157} INFO - Started process (PID=15677) to work on /home/soamariaka/.local/lib/python3.9/site-packages/airflow/example_dags/example_short_circuit_operator.py
[2023-08-14T14:17:09.447+0300] {processor.py:826} INFO - Processing file /home/soamariaka/.local/lib/python3.9/site-packages/airflow/example_dags/example_short_circuit_operator.py for tasks to queue
[2023-08-14T14:17:09.448+0300] {logging_mixin.py:150} INFO - [2023-08-14T14:17:09.448+0300] {dagbag.py:541} INFO - Filling up the DagBag from /home/soamariaka/.local/lib/python3.9/site-packages/airflow/example_dags/example_short_circuit_operator.py
[2023-08-14T14:17:09.464+0300] {processor.py:836} INFO - DAG(s) dict_keys(['example_short_circuit_operator']) retrieved from /home/soamariaka/.local/lib/python3.9/site-packages/airflow/example_dags/example_short_circuit_operator.py
[2023-08-14T14:17:09.494+0300] {logging_mixin.py:150} INFO - [2023-08-14T14:17:09.494+0300] {dag.py:2742} INFO - Sync 1 DAGs
[2023-08-14T14:17:09.525+0300] {logging_mixin.py:150} INFO - [2023-08-14T14:17:09.525+0300] {dag.py:3504} INFO - Setting next_dagrun for example_short_circuit_operator to 2023-08-13T11:17:09.525302+00:00, run_after=2023-08-14T11:17:09.525302+00:00
[2023-08-14T14:17:09.667+0300] {processor.py:179} INFO - Processing /home/soamariaka/.local/lib/python3.9/site-packages/airflow/example_dags/example_short_circuit_operator.py took 0.229 seconds
[2023-08-14T14:18:37.893+0300] {processor.py:157} INFO - Started process (PID=15904) to work on /home/soamariaka/.local/lib/python3.9/site-packages/airflow/example_dags/example_short_circuit_operator.py
[2023-08-14T14:18:37.896+0300] {processor.py:826} INFO - Processing file /home/soamariaka/.local/lib/python3.9/site-packages/airflow/example_dags/example_short_circuit_operator.py for tasks to queue
[2023-08-14T14:18:37.897+0300] {logging_mixin.py:150} INFO - [2023-08-14T14:18:37.897+0300] {dagbag.py:541} INFO - Filling up the DagBag from /home/soamariaka/.local/lib/python3.9/site-packages/airflow/example_dags/example_short_circuit_operator.py
[2023-08-14T14:18:37.913+0300] {processor.py:836} INFO - DAG(s) dict_keys(['example_short_circuit_operator']) retrieved from /home/soamariaka/.local/lib/python3.9/site-packages/airflow/example_dags/example_short_circuit_operator.py
[2023-08-14T14:18:37.944+0300] {logging_mixin.py:150} INFO - [2023-08-14T14:18:37.944+0300] {dag.py:2742} INFO - Sync 1 DAGs
[2023-08-14T14:18:37.986+0300] {logging_mixin.py:150} INFO - [2023-08-14T14:18:37.986+0300] {dag.py:3504} INFO - Setting next_dagrun for example_short_circuit_operator to 2023-08-13T11:18:37.985947+00:00, run_after=2023-08-14T11:18:37.985947+00:00
[2023-08-14T14:18:38.201+0300] {processor.py:179} INFO - Processing /home/soamariaka/.local/lib/python3.9/site-packages/airflow/example_dags/example_short_circuit_operator.py took 0.314 seconds
[2023-08-14T14:19:37.104+0300] {processor.py:157} INFO - Started process (PID=15960) to work on /home/soamariaka/.local/lib/python3.9/site-packages/airflow/example_dags/example_short_circuit_operator.py
[2023-08-14T14:19:37.106+0300] {processor.py:826} INFO - Processing file /home/soamariaka/.local/lib/python3.9/site-packages/airflow/example_dags/example_short_circuit_operator.py for tasks to queue
[2023-08-14T14:19:37.107+0300] {logging_mixin.py:150} INFO - [2023-08-14T14:19:37.107+0300] {dagbag.py:541} INFO - Filling up the DagBag from /home/soamariaka/.local/lib/python3.9/site-packages/airflow/example_dags/example_short_circuit_operator.py
[2023-08-14T14:19:37.123+0300] {processor.py:836} INFO - DAG(s) dict_keys(['example_short_circuit_operator']) retrieved from /home/soamariaka/.local/lib/python3.9/site-packages/airflow/example_dags/example_short_circuit_operator.py
[2023-08-14T14:19:37.154+0300] {logging_mixin.py:150} INFO - [2023-08-14T14:19:37.153+0300] {dag.py:2742} INFO - Sync 1 DAGs
[2023-08-14T14:19:37.190+0300] {logging_mixin.py:150} INFO - [2023-08-14T14:19:37.190+0300] {dag.py:3504} INFO - Setting next_dagrun for example_short_circuit_operator to 2023-08-13T11:19:37.189801+00:00, run_after=2023-08-14T11:19:37.189801+00:00
[2023-08-14T14:19:37.374+0300] {processor.py:179} INFO - Processing /home/soamariaka/.local/lib/python3.9/site-packages/airflow/example_dags/example_short_circuit_operator.py took 0.275 seconds
[2023-08-14T14:21:11.008+0300] {processor.py:157} INFO - Started process (PID=16074) to work on /home/soamariaka/.local/lib/python3.9/site-packages/airflow/example_dags/example_short_circuit_operator.py
[2023-08-14T14:21:11.036+0300] {processor.py:826} INFO - Processing file /home/soamariaka/.local/lib/python3.9/site-packages/airflow/example_dags/example_short_circuit_operator.py for tasks to queue
[2023-08-14T14:21:11.037+0300] {logging_mixin.py:150} INFO - [2023-08-14T14:21:11.037+0300] {dagbag.py:541} INFO - Filling up the DagBag from /home/soamariaka/.local/lib/python3.9/site-packages/airflow/example_dags/example_short_circuit_operator.py
[2023-08-14T14:21:11.054+0300] {processor.py:836} INFO - DAG(s) dict_keys(['example_short_circuit_operator']) retrieved from /home/soamariaka/.local/lib/python3.9/site-packages/airflow/example_dags/example_short_circuit_operator.py
[2023-08-14T14:21:11.090+0300] {logging_mixin.py:150} INFO - [2023-08-14T14:21:11.090+0300] {dag.py:2742} INFO - Sync 1 DAGs
[2023-08-14T14:21:11.123+0300] {logging_mixin.py:150} INFO - [2023-08-14T14:21:11.122+0300] {dag.py:3504} INFO - Setting next_dagrun for example_short_circuit_operator to 2023-08-13T11:21:11.122463+00:00, run_after=2023-08-14T11:21:11.122463+00:00
[2023-08-14T14:21:11.486+0300] {processor.py:179} INFO - Processing /home/soamariaka/.local/lib/python3.9/site-packages/airflow/example_dags/example_short_circuit_operator.py took 0.483 seconds
[2023-08-14T14:22:20.880+0300] {processor.py:157} INFO - Started process (PID=16143) to work on /home/soamariaka/.local/lib/python3.9/site-packages/airflow/example_dags/example_short_circuit_operator.py
[2023-08-14T14:22:20.881+0300] {processor.py:826} INFO - Processing file /home/soamariaka/.local/lib/python3.9/site-packages/airflow/example_dags/example_short_circuit_operator.py for tasks to queue
[2023-08-14T14:22:20.883+0300] {logging_mixin.py:150} INFO - [2023-08-14T14:22:20.882+0300] {dagbag.py:541} INFO - Filling up the DagBag from /home/soamariaka/.local/lib/python3.9/site-packages/airflow/example_dags/example_short_circuit_operator.py
[2023-08-14T14:22:20.898+0300] {processor.py:836} INFO - DAG(s) dict_keys(['example_short_circuit_operator']) retrieved from /home/soamariaka/.local/lib/python3.9/site-packages/airflow/example_dags/example_short_circuit_operator.py
[2023-08-14T14:22:20.928+0300] {logging_mixin.py:150} INFO - [2023-08-14T14:22:20.928+0300] {dag.py:2742} INFO - Sync 1 DAGs
[2023-08-14T14:22:20.960+0300] {logging_mixin.py:150} INFO - [2023-08-14T14:22:20.960+0300] {dag.py:3504} INFO - Setting next_dagrun for example_short_circuit_operator to 2023-08-13T11:22:20.959853+00:00, run_after=2023-08-14T11:22:20.959853+00:00
[2023-08-14T14:22:21.084+0300] {processor.py:179} INFO - Processing /home/soamariaka/.local/lib/python3.9/site-packages/airflow/example_dags/example_short_circuit_operator.py took 0.210 seconds
[2023-08-14T14:23:18.946+0300] {processor.py:157} INFO - Started process (PID=16199) to work on /home/soamariaka/.local/lib/python3.9/site-packages/airflow/example_dags/example_short_circuit_operator.py
[2023-08-14T14:23:18.948+0300] {processor.py:826} INFO - Processing file /home/soamariaka/.local/lib/python3.9/site-packages/airflow/example_dags/example_short_circuit_operator.py for tasks to queue
[2023-08-14T14:23:18.950+0300] {logging_mixin.py:150} INFO - [2023-08-14T14:23:18.949+0300] {dagbag.py:541} INFO - Filling up the DagBag from /home/soamariaka/.local/lib/python3.9/site-packages/airflow/example_dags/example_short_circuit_operator.py
[2023-08-14T14:23:18.965+0300] {processor.py:836} INFO - DAG(s) dict_keys(['example_short_circuit_operator']) retrieved from /home/soamariaka/.local/lib/python3.9/site-packages/airflow/example_dags/example_short_circuit_operator.py
[2023-08-14T14:23:18.996+0300] {logging_mixin.py:150} INFO - [2023-08-14T14:23:18.995+0300] {dag.py:2742} INFO - Sync 1 DAGs
[2023-08-14T14:23:19.026+0300] {logging_mixin.py:150} INFO - [2023-08-14T14:23:19.026+0300] {dag.py:3504} INFO - Setting next_dagrun for example_short_circuit_operator to 2023-08-13T11:23:19.026345+00:00, run_after=2023-08-14T11:23:19.026345+00:00
[2023-08-14T14:23:19.177+0300] {processor.py:179} INFO - Processing /home/soamariaka/.local/lib/python3.9/site-packages/airflow/example_dags/example_short_circuit_operator.py took 0.237 seconds
[2023-08-14T14:24:21.198+0300] {processor.py:157} INFO - Started process (PID=16392) to work on /home/soamariaka/.local/lib/python3.9/site-packages/airflow/example_dags/example_short_circuit_operator.py
[2023-08-14T14:24:21.200+0300] {processor.py:826} INFO - Processing file /home/soamariaka/.local/lib/python3.9/site-packages/airflow/example_dags/example_short_circuit_operator.py for tasks to queue
[2023-08-14T14:24:21.202+0300] {logging_mixin.py:150} INFO - [2023-08-14T14:24:21.201+0300] {dagbag.py:541} INFO - Filling up the DagBag from /home/soamariaka/.local/lib/python3.9/site-packages/airflow/example_dags/example_short_circuit_operator.py
[2023-08-14T14:24:21.218+0300] {processor.py:836} INFO - DAG(s) dict_keys(['example_short_circuit_operator']) retrieved from /home/soamariaka/.local/lib/python3.9/site-packages/airflow/example_dags/example_short_circuit_operator.py
[2023-08-14T14:24:21.248+0300] {logging_mixin.py:150} INFO - [2023-08-14T14:24:21.248+0300] {dag.py:2742} INFO - Sync 1 DAGs
[2023-08-14T14:24:21.279+0300] {logging_mixin.py:150} INFO - [2023-08-14T14:24:21.279+0300] {dag.py:3504} INFO - Setting next_dagrun for example_short_circuit_operator to 2023-08-13T11:24:21.278957+00:00, run_after=2023-08-14T11:24:21.278957+00:00
[2023-08-14T14:24:21.434+0300] {processor.py:179} INFO - Processing /home/soamariaka/.local/lib/python3.9/site-packages/airflow/example_dags/example_short_circuit_operator.py took 0.241 seconds
[2023-08-14T14:25:16.830+0300] {processor.py:157} INFO - Started process (PID=16598) to work on /home/soamariaka/.local/lib/python3.9/site-packages/airflow/example_dags/example_short_circuit_operator.py
[2023-08-14T14:25:16.833+0300] {processor.py:826} INFO - Processing file /home/soamariaka/.local/lib/python3.9/site-packages/airflow/example_dags/example_short_circuit_operator.py for tasks to queue
[2023-08-14T14:25:16.834+0300] {logging_mixin.py:150} INFO - [2023-08-14T14:25:16.834+0300] {dagbag.py:541} INFO - Filling up the DagBag from /home/soamariaka/.local/lib/python3.9/site-packages/airflow/example_dags/example_short_circuit_operator.py
[2023-08-14T14:25:16.850+0300] {processor.py:836} INFO - DAG(s) dict_keys(['example_short_circuit_operator']) retrieved from /home/soamariaka/.local/lib/python3.9/site-packages/airflow/example_dags/example_short_circuit_operator.py
[2023-08-14T14:25:16.880+0300] {logging_mixin.py:150} INFO - [2023-08-14T14:25:16.880+0300] {dag.py:2742} INFO - Sync 1 DAGs
[2023-08-14T14:25:16.912+0300] {logging_mixin.py:150} INFO - [2023-08-14T14:25:16.912+0300] {dag.py:3504} INFO - Setting next_dagrun for example_short_circuit_operator to 2023-08-13T11:25:16.912217+00:00, run_after=2023-08-14T11:25:16.912217+00:00
[2023-08-14T14:25:17.052+0300] {processor.py:179} INFO - Processing /home/soamariaka/.local/lib/python3.9/site-packages/airflow/example_dags/example_short_circuit_operator.py took 0.228 seconds
[2023-08-14T14:26:20.844+0300] {processor.py:157} INFO - Started process (PID=16721) to work on /home/soamariaka/.local/lib/python3.9/site-packages/airflow/example_dags/example_short_circuit_operator.py
[2023-08-14T14:26:20.847+0300] {processor.py:826} INFO - Processing file /home/soamariaka/.local/lib/python3.9/site-packages/airflow/example_dags/example_short_circuit_operator.py for tasks to queue
[2023-08-14T14:26:20.848+0300] {logging_mixin.py:150} INFO - [2023-08-14T14:26:20.848+0300] {dagbag.py:541} INFO - Filling up the DagBag from /home/soamariaka/.local/lib/python3.9/site-packages/airflow/example_dags/example_short_circuit_operator.py
[2023-08-14T14:26:20.864+0300] {processor.py:836} INFO - DAG(s) dict_keys(['example_short_circuit_operator']) retrieved from /home/soamariaka/.local/lib/python3.9/site-packages/airflow/example_dags/example_short_circuit_operator.py
[2023-08-14T14:26:20.894+0300] {logging_mixin.py:150} INFO - [2023-08-14T14:26:20.894+0300] {dag.py:2742} INFO - Sync 1 DAGs
[2023-08-14T14:26:20.926+0300] {logging_mixin.py:150} INFO - [2023-08-14T14:26:20.926+0300] {dag.py:3504} INFO - Setting next_dagrun for example_short_circuit_operator to 2023-08-13T11:26:20.926034+00:00, run_after=2023-08-14T11:26:20.926034+00:00
[2023-08-14T14:26:21.082+0300] {processor.py:179} INFO - Processing /home/soamariaka/.local/lib/python3.9/site-packages/airflow/example_dags/example_short_circuit_operator.py took 0.243 seconds
[2023-08-14T14:27:17.614+0300] {processor.py:157} INFO - Started process (PID=16781) to work on /home/soamariaka/.local/lib/python3.9/site-packages/airflow/example_dags/example_short_circuit_operator.py
[2023-08-14T14:27:17.616+0300] {processor.py:826} INFO - Processing file /home/soamariaka/.local/lib/python3.9/site-packages/airflow/example_dags/example_short_circuit_operator.py for tasks to queue
[2023-08-14T14:27:17.618+0300] {logging_mixin.py:150} INFO - [2023-08-14T14:27:17.617+0300] {dagbag.py:541} INFO - Filling up the DagBag from /home/soamariaka/.local/lib/python3.9/site-packages/airflow/example_dags/example_short_circuit_operator.py
[2023-08-14T14:27:17.633+0300] {processor.py:836} INFO - DAG(s) dict_keys(['example_short_circuit_operator']) retrieved from /home/soamariaka/.local/lib/python3.9/site-packages/airflow/example_dags/example_short_circuit_operator.py
[2023-08-14T14:27:17.671+0300] {logging_mixin.py:150} INFO - [2023-08-14T14:27:17.671+0300] {dag.py:2742} INFO - Sync 1 DAGs
[2023-08-14T14:27:17.717+0300] {logging_mixin.py:150} INFO - [2023-08-14T14:27:17.717+0300] {dag.py:3504} INFO - Setting next_dagrun for example_short_circuit_operator to 2023-08-13T11:27:17.716855+00:00, run_after=2023-08-14T11:27:17.716855+00:00
[2023-08-14T14:27:17.842+0300] {processor.py:179} INFO - Processing /home/soamariaka/.local/lib/python3.9/site-packages/airflow/example_dags/example_short_circuit_operator.py took 0.234 seconds
[2023-08-14T14:28:22.032+0300] {processor.py:157} INFO - Started process (PID=16934) to work on /home/soamariaka/.local/lib/python3.9/site-packages/airflow/example_dags/example_short_circuit_operator.py
[2023-08-14T14:28:22.034+0300] {processor.py:826} INFO - Processing file /home/soamariaka/.local/lib/python3.9/site-packages/airflow/example_dags/example_short_circuit_operator.py for tasks to queue
[2023-08-14T14:28:22.036+0300] {logging_mixin.py:150} INFO - [2023-08-14T14:28:22.035+0300] {dagbag.py:541} INFO - Filling up the DagBag from /home/soamariaka/.local/lib/python3.9/site-packages/airflow/example_dags/example_short_circuit_operator.py
[2023-08-14T14:28:22.049+0300] {processor.py:836} INFO - DAG(s) dict_keys(['example_short_circuit_operator']) retrieved from /home/soamariaka/.local/lib/python3.9/site-packages/airflow/example_dags/example_short_circuit_operator.py
[2023-08-14T14:28:22.091+0300] {logging_mixin.py:150} INFO - [2023-08-14T14:28:22.091+0300] {dag.py:2742} INFO - Sync 1 DAGs
[2023-08-14T14:28:22.122+0300] {logging_mixin.py:150} INFO - [2023-08-14T14:28:22.122+0300] {dag.py:3504} INFO - Setting next_dagrun for example_short_circuit_operator to 2023-08-13T11:28:22.121859+00:00, run_after=2023-08-14T11:28:22.121859+00:00
[2023-08-14T14:28:22.261+0300] {processor.py:179} INFO - Processing /home/soamariaka/.local/lib/python3.9/site-packages/airflow/example_dags/example_short_circuit_operator.py took 0.234 seconds
[2023-08-14T14:29:21.940+0300] {processor.py:157} INFO - Started process (PID=17054) to work on /home/soamariaka/.local/lib/python3.9/site-packages/airflow/example_dags/example_short_circuit_operator.py
[2023-08-14T14:29:21.942+0300] {processor.py:826} INFO - Processing file /home/soamariaka/.local/lib/python3.9/site-packages/airflow/example_dags/example_short_circuit_operator.py for tasks to queue
[2023-08-14T14:29:21.944+0300] {logging_mixin.py:150} INFO - [2023-08-14T14:29:21.943+0300] {dagbag.py:541} INFO - Filling up the DagBag from /home/soamariaka/.local/lib/python3.9/site-packages/airflow/example_dags/example_short_circuit_operator.py
[2023-08-14T14:29:21.959+0300] {processor.py:836} INFO - DAG(s) dict_keys(['example_short_circuit_operator']) retrieved from /home/soamariaka/.local/lib/python3.9/site-packages/airflow/example_dags/example_short_circuit_operator.py
[2023-08-14T14:29:21.990+0300] {logging_mixin.py:150} INFO - [2023-08-14T14:29:21.990+0300] {dag.py:2742} INFO - Sync 1 DAGs
[2023-08-14T14:29:22.022+0300] {logging_mixin.py:150} INFO - [2023-08-14T14:29:22.021+0300] {dag.py:3504} INFO - Setting next_dagrun for example_short_circuit_operator to 2023-08-13T11:29:22.021461+00:00, run_after=2023-08-14T11:29:22.021461+00:00
[2023-08-14T14:29:22.169+0300] {processor.py:179} INFO - Processing /home/soamariaka/.local/lib/python3.9/site-packages/airflow/example_dags/example_short_circuit_operator.py took 0.234 seconds
[2023-08-14T14:30:17.909+0300] {processor.py:157} INFO - Started process (PID=17223) to work on /home/soamariaka/.local/lib/python3.9/site-packages/airflow/example_dags/example_short_circuit_operator.py
[2023-08-14T14:30:17.912+0300] {processor.py:826} INFO - Processing file /home/soamariaka/.local/lib/python3.9/site-packages/airflow/example_dags/example_short_circuit_operator.py for tasks to queue
[2023-08-14T14:30:17.914+0300] {logging_mixin.py:150} INFO - [2023-08-14T14:30:17.913+0300] {dagbag.py:541} INFO - Filling up the DagBag from /home/soamariaka/.local/lib/python3.9/site-packages/airflow/example_dags/example_short_circuit_operator.py
[2023-08-14T14:30:17.929+0300] {processor.py:836} INFO - DAG(s) dict_keys(['example_short_circuit_operator']) retrieved from /home/soamariaka/.local/lib/python3.9/site-packages/airflow/example_dags/example_short_circuit_operator.py
[2023-08-14T14:30:17.959+0300] {logging_mixin.py:150} INFO - [2023-08-14T14:30:17.959+0300] {dag.py:2742} INFO - Sync 1 DAGs
[2023-08-14T14:30:17.990+0300] {logging_mixin.py:150} INFO - [2023-08-14T14:30:17.990+0300] {dag.py:3504} INFO - Setting next_dagrun for example_short_circuit_operator to 2023-08-13T11:30:17.990008+00:00, run_after=2023-08-14T11:30:17.990008+00:00
[2023-08-14T14:30:18.155+0300] {processor.py:179} INFO - Processing /home/soamariaka/.local/lib/python3.9/site-packages/airflow/example_dags/example_short_circuit_operator.py took 0.251 seconds
[2023-08-14T14:31:12.387+0300] {processor.py:157} INFO - Started process (PID=17275) to work on /home/soamariaka/.local/lib/python3.9/site-packages/airflow/example_dags/example_short_circuit_operator.py
[2023-08-14T14:31:12.422+0300] {processor.py:826} INFO - Processing file /home/soamariaka/.local/lib/python3.9/site-packages/airflow/example_dags/example_short_circuit_operator.py for tasks to queue
[2023-08-14T14:31:12.424+0300] {logging_mixin.py:150} INFO - [2023-08-14T14:31:12.424+0300] {dagbag.py:541} INFO - Filling up the DagBag from /home/soamariaka/.local/lib/python3.9/site-packages/airflow/example_dags/example_short_circuit_operator.py
[2023-08-14T14:31:12.437+0300] {processor.py:836} INFO - DAG(s) dict_keys(['example_short_circuit_operator']) retrieved from /home/soamariaka/.local/lib/python3.9/site-packages/airflow/example_dags/example_short_circuit_operator.py
[2023-08-14T14:31:12.465+0300] {logging_mixin.py:150} INFO - [2023-08-14T14:31:12.465+0300] {dag.py:2742} INFO - Sync 1 DAGs
[2023-08-14T14:31:12.496+0300] {logging_mixin.py:150} INFO - [2023-08-14T14:31:12.496+0300] {dag.py:3504} INFO - Setting next_dagrun for example_short_circuit_operator to 2023-08-13T11:31:12.495981+00:00, run_after=2023-08-14T11:31:12.495981+00:00
[2023-08-14T14:31:12.610+0300] {processor.py:179} INFO - Processing /home/soamariaka/.local/lib/python3.9/site-packages/airflow/example_dags/example_short_circuit_operator.py took 0.230 seconds
[2023-08-14T14:32:12.702+0300] {processor.py:157} INFO - Started process (PID=17395) to work on /home/soamariaka/.local/lib/python3.9/site-packages/airflow/example_dags/example_short_circuit_operator.py
[2023-08-14T14:32:12.704+0300] {processor.py:826} INFO - Processing file /home/soamariaka/.local/lib/python3.9/site-packages/airflow/example_dags/example_short_circuit_operator.py for tasks to queue
[2023-08-14T14:32:12.706+0300] {logging_mixin.py:150} INFO - [2023-08-14T14:32:12.705+0300] {dagbag.py:541} INFO - Filling up the DagBag from /home/soamariaka/.local/lib/python3.9/site-packages/airflow/example_dags/example_short_circuit_operator.py
[2023-08-14T14:32:12.721+0300] {processor.py:836} INFO - DAG(s) dict_keys(['example_short_circuit_operator']) retrieved from /home/soamariaka/.local/lib/python3.9/site-packages/airflow/example_dags/example_short_circuit_operator.py
[2023-08-14T14:32:12.752+0300] {logging_mixin.py:150} INFO - [2023-08-14T14:32:12.752+0300] {dag.py:2742} INFO - Sync 1 DAGs
[2023-08-14T14:32:12.783+0300] {logging_mixin.py:150} INFO - [2023-08-14T14:32:12.783+0300] {dag.py:3504} INFO - Setting next_dagrun for example_short_circuit_operator to 2023-08-13T11:32:12.783296+00:00, run_after=2023-08-14T11:32:12.783296+00:00
[2023-08-14T14:32:12.925+0300] {processor.py:179} INFO - Processing /home/soamariaka/.local/lib/python3.9/site-packages/airflow/example_dags/example_short_circuit_operator.py took 0.229 seconds
[2023-08-14T14:33:12.004+0300] {processor.py:157} INFO - Started process (PID=17545) to work on /home/soamariaka/.local/lib/python3.9/site-packages/airflow/example_dags/example_short_circuit_operator.py
[2023-08-14T14:33:12.006+0300] {processor.py:826} INFO - Processing file /home/soamariaka/.local/lib/python3.9/site-packages/airflow/example_dags/example_short_circuit_operator.py for tasks to queue
[2023-08-14T14:33:12.008+0300] {logging_mixin.py:150} INFO - [2023-08-14T14:33:12.007+0300] {dagbag.py:541} INFO - Filling up the DagBag from /home/soamariaka/.local/lib/python3.9/site-packages/airflow/example_dags/example_short_circuit_operator.py
[2023-08-14T14:33:12.023+0300] {processor.py:836} INFO - DAG(s) dict_keys(['example_short_circuit_operator']) retrieved from /home/soamariaka/.local/lib/python3.9/site-packages/airflow/example_dags/example_short_circuit_operator.py
[2023-08-14T14:33:12.054+0300] {logging_mixin.py:150} INFO - [2023-08-14T14:33:12.054+0300] {dag.py:2742} INFO - Sync 1 DAGs
[2023-08-14T14:33:12.086+0300] {logging_mixin.py:150} INFO - [2023-08-14T14:33:12.086+0300] {dag.py:3504} INFO - Setting next_dagrun for example_short_circuit_operator to 2023-08-13T11:33:12.086067+00:00, run_after=2023-08-14T11:33:12.086067+00:00
[2023-08-14T14:33:12.240+0300] {processor.py:179} INFO - Processing /home/soamariaka/.local/lib/python3.9/site-packages/airflow/example_dags/example_short_circuit_operator.py took 0.241 seconds
[2023-08-14T14:34:11.378+0300] {processor.py:157} INFO - Started process (PID=17600) to work on /home/soamariaka/.local/lib/python3.9/site-packages/airflow/example_dags/example_short_circuit_operator.py
[2023-08-14T14:34:11.379+0300] {processor.py:826} INFO - Processing file /home/soamariaka/.local/lib/python3.9/site-packages/airflow/example_dags/example_short_circuit_operator.py for tasks to queue
[2023-08-14T14:34:11.381+0300] {logging_mixin.py:150} INFO - [2023-08-14T14:34:11.380+0300] {dagbag.py:541} INFO - Filling up the DagBag from /home/soamariaka/.local/lib/python3.9/site-packages/airflow/example_dags/example_short_circuit_operator.py
[2023-08-14T14:34:11.396+0300] {processor.py:836} INFO - DAG(s) dict_keys(['example_short_circuit_operator']) retrieved from /home/soamariaka/.local/lib/python3.9/site-packages/airflow/example_dags/example_short_circuit_operator.py
[2023-08-14T14:34:11.426+0300] {logging_mixin.py:150} INFO - [2023-08-14T14:34:11.426+0300] {dag.py:2742} INFO - Sync 1 DAGs
[2023-08-14T14:34:11.457+0300] {logging_mixin.py:150} INFO - [2023-08-14T14:34:11.457+0300] {dag.py:3504} INFO - Setting next_dagrun for example_short_circuit_operator to 2023-08-13T11:34:11.457228+00:00, run_after=2023-08-14T11:34:11.457228+00:00
[2023-08-14T14:34:11.574+0300] {processor.py:179} INFO - Processing /home/soamariaka/.local/lib/python3.9/site-packages/airflow/example_dags/example_short_circuit_operator.py took 0.202 seconds
[2023-08-14T14:35:36.828+0300] {processor.py:157} INFO - Started process (PID=17853) to work on /home/soamariaka/.local/lib/python3.9/site-packages/airflow/example_dags/example_short_circuit_operator.py
[2023-08-14T14:35:36.858+0300] {processor.py:826} INFO - Processing file /home/soamariaka/.local/lib/python3.9/site-packages/airflow/example_dags/example_short_circuit_operator.py for tasks to queue
[2023-08-14T14:35:36.860+0300] {logging_mixin.py:150} INFO - [2023-08-14T14:35:36.859+0300] {dagbag.py:541} INFO - Filling up the DagBag from /home/soamariaka/.local/lib/python3.9/site-packages/airflow/example_dags/example_short_circuit_operator.py
[2023-08-14T14:35:36.876+0300] {processor.py:836} INFO - DAG(s) dict_keys(['example_short_circuit_operator']) retrieved from /home/soamariaka/.local/lib/python3.9/site-packages/airflow/example_dags/example_short_circuit_operator.py
[2023-08-14T14:35:36.906+0300] {logging_mixin.py:150} INFO - [2023-08-14T14:35:36.905+0300] {dag.py:2742} INFO - Sync 1 DAGs
[2023-08-14T14:35:36.937+0300] {logging_mixin.py:150} INFO - [2023-08-14T14:35:36.937+0300] {dag.py:3504} INFO - Setting next_dagrun for example_short_circuit_operator to 2023-08-13T11:35:36.936760+00:00, run_after=2023-08-14T11:35:36.936760+00:00
[2023-08-14T14:35:37.187+0300] {processor.py:179} INFO - Processing /home/soamariaka/.local/lib/python3.9/site-packages/airflow/example_dags/example_short_circuit_operator.py took 0.364 seconds
[2023-08-14T14:37:19.469+0300] {processor.py:157} INFO - Started process (PID=18052) to work on /home/soamariaka/.local/lib/python3.9/site-packages/airflow/example_dags/example_short_circuit_operator.py
[2023-08-14T14:37:19.495+0300] {processor.py:826} INFO - Processing file /home/soamariaka/.local/lib/python3.9/site-packages/airflow/example_dags/example_short_circuit_operator.py for tasks to queue
[2023-08-14T14:37:19.496+0300] {logging_mixin.py:150} INFO - [2023-08-14T14:37:19.496+0300] {dagbag.py:541} INFO - Filling up the DagBag from /home/soamariaka/.local/lib/python3.9/site-packages/airflow/example_dags/example_short_circuit_operator.py
[2023-08-14T14:37:19.512+0300] {processor.py:836} INFO - DAG(s) dict_keys(['example_short_circuit_operator']) retrieved from /home/soamariaka/.local/lib/python3.9/site-packages/airflow/example_dags/example_short_circuit_operator.py
[2023-08-14T14:37:19.547+0300] {logging_mixin.py:150} INFO - [2023-08-14T14:37:19.546+0300] {dag.py:2742} INFO - Sync 1 DAGs
[2023-08-14T14:37:19.580+0300] {logging_mixin.py:150} INFO - [2023-08-14T14:37:19.579+0300] {dag.py:3504} INFO - Setting next_dagrun for example_short_circuit_operator to 2023-08-13T11:37:19.579421+00:00, run_after=2023-08-14T11:37:19.579421+00:00
[2023-08-14T14:37:19.732+0300] {processor.py:179} INFO - Processing /home/soamariaka/.local/lib/python3.9/site-packages/airflow/example_dags/example_short_circuit_operator.py took 0.268 seconds
[2023-08-14T14:38:19.785+0300] {processor.py:157} INFO - Started process (PID=18235) to work on /home/soamariaka/.local/lib/python3.9/site-packages/airflow/example_dags/example_short_circuit_operator.py
[2023-08-14T14:38:19.799+0300] {processor.py:826} INFO - Processing file /home/soamariaka/.local/lib/python3.9/site-packages/airflow/example_dags/example_short_circuit_operator.py for tasks to queue
[2023-08-14T14:38:19.802+0300] {logging_mixin.py:150} INFO - [2023-08-14T14:38:19.801+0300] {dagbag.py:541} INFO - Filling up the DagBag from /home/soamariaka/.local/lib/python3.9/site-packages/airflow/example_dags/example_short_circuit_operator.py
[2023-08-14T14:38:19.819+0300] {processor.py:836} INFO - DAG(s) dict_keys(['example_short_circuit_operator']) retrieved from /home/soamariaka/.local/lib/python3.9/site-packages/airflow/example_dags/example_short_circuit_operator.py
[2023-08-14T14:38:19.851+0300] {logging_mixin.py:150} INFO - [2023-08-14T14:38:19.851+0300] {dag.py:2742} INFO - Sync 1 DAGs
[2023-08-14T14:38:19.896+0300] {logging_mixin.py:150} INFO - [2023-08-14T14:38:19.895+0300] {dag.py:3504} INFO - Setting next_dagrun for example_short_circuit_operator to 2023-08-13T11:38:19.895396+00:00, run_after=2023-08-14T11:38:19.895396+00:00
[2023-08-14T14:38:20.116+0300] {processor.py:179} INFO - Processing /home/soamariaka/.local/lib/python3.9/site-packages/airflow/example_dags/example_short_circuit_operator.py took 0.338 seconds
[2023-08-14T14:39:27.982+0300] {processor.py:157} INFO - Started process (PID=18390) to work on /home/soamariaka/.local/lib/python3.9/site-packages/airflow/example_dags/example_short_circuit_operator.py
[2023-08-14T14:39:27.986+0300] {processor.py:826} INFO - Processing file /home/soamariaka/.local/lib/python3.9/site-packages/airflow/example_dags/example_short_circuit_operator.py for tasks to queue
[2023-08-14T14:39:27.988+0300] {logging_mixin.py:150} INFO - [2023-08-14T14:39:27.987+0300] {dagbag.py:541} INFO - Filling up the DagBag from /home/soamariaka/.local/lib/python3.9/site-packages/airflow/example_dags/example_short_circuit_operator.py
[2023-08-14T14:39:28.012+0300] {processor.py:836} INFO - DAG(s) dict_keys(['example_short_circuit_operator']) retrieved from /home/soamariaka/.local/lib/python3.9/site-packages/airflow/example_dags/example_short_circuit_operator.py
[2023-08-14T14:39:28.044+0300] {logging_mixin.py:150} INFO - [2023-08-14T14:39:28.044+0300] {dag.py:2742} INFO - Sync 1 DAGs
[2023-08-14T14:39:28.076+0300] {logging_mixin.py:150} INFO - [2023-08-14T14:39:28.075+0300] {dag.py:3504} INFO - Setting next_dagrun for example_short_circuit_operator to 2023-08-13T11:39:28.075403+00:00, run_after=2023-08-14T11:39:28.075403+00:00
[2023-08-14T14:39:28.345+0300] {processor.py:179} INFO - Processing /home/soamariaka/.local/lib/python3.9/site-packages/airflow/example_dags/example_short_circuit_operator.py took 0.370 seconds
[2023-08-14T14:40:54.598+0300] {processor.py:157} INFO - Started process (PID=18646) to work on /home/soamariaka/.local/lib/python3.9/site-packages/airflow/example_dags/example_short_circuit_operator.py
[2023-08-14T14:40:54.603+0300] {processor.py:826} INFO - Processing file /home/soamariaka/.local/lib/python3.9/site-packages/airflow/example_dags/example_short_circuit_operator.py for tasks to queue
[2023-08-14T14:40:54.605+0300] {logging_mixin.py:150} INFO - [2023-08-14T14:40:54.604+0300] {dagbag.py:541} INFO - Filling up the DagBag from /home/soamariaka/.local/lib/python3.9/site-packages/airflow/example_dags/example_short_circuit_operator.py
[2023-08-14T14:40:54.620+0300] {processor.py:836} INFO - DAG(s) dict_keys(['example_short_circuit_operator']) retrieved from /home/soamariaka/.local/lib/python3.9/site-packages/airflow/example_dags/example_short_circuit_operator.py
[2023-08-14T14:40:54.652+0300] {logging_mixin.py:150} INFO - [2023-08-14T14:40:54.651+0300] {dag.py:2742} INFO - Sync 1 DAGs
[2023-08-14T14:40:54.684+0300] {logging_mixin.py:150} INFO - [2023-08-14T14:40:54.684+0300] {dag.py:3504} INFO - Setting next_dagrun for example_short_circuit_operator to 2023-08-13T11:40:54.684279+00:00, run_after=2023-08-14T11:40:54.684279+00:00
[2023-08-14T14:40:54.809+0300] {processor.py:179} INFO - Processing /home/soamariaka/.local/lib/python3.9/site-packages/airflow/example_dags/example_short_circuit_operator.py took 0.216 seconds
