[2023-08-14T13:33:27.897+0300] {processor.py:157} INFO - Started process (PID=10785) to work on /home/soamariaka/.local/lib/python3.9/site-packages/airflow/example_dags/example_branch_python_dop_operator_3.py
[2023-08-14T13:33:27.898+0300] {processor.py:826} INFO - Processing file /home/soamariaka/.local/lib/python3.9/site-packages/airflow/example_dags/example_branch_python_dop_operator_3.py for tasks to queue
[2023-08-14T13:33:27.900+0300] {logging_mixin.py:150} INFO - [2023-08-14T13:33:27.899+0300] {dagbag.py:541} INFO - Filling up the DagBag from /home/soamariaka/.local/lib/python3.9/site-packages/airflow/example_dags/example_branch_python_dop_operator_3.py
[2023-08-14T13:33:27.916+0300] {processor.py:836} INFO - DAG(s) dict_keys(['example_branch_dop_operator_v3']) retrieved from /home/soamariaka/.local/lib/python3.9/site-packages/airflow/example_dags/example_branch_python_dop_operator_3.py
[2023-08-14T13:33:27.943+0300] {logging_mixin.py:150} INFO - [2023-08-14T13:33:27.943+0300] {dag.py:2742} INFO - Sync 1 DAGs
[2023-08-14T13:33:27.983+0300] {logging_mixin.py:150} INFO - [2023-08-14T13:33:27.983+0300] {dag.py:3504} INFO - Setting next_dagrun for example_branch_dop_operator_v3 to 2023-08-14T10:32:00+00:00, run_after=2023-08-14T10:33:00+00:00
[2023-08-14T13:33:28.633+0300] {processor.py:179} INFO - Processing /home/soamariaka/.local/lib/python3.9/site-packages/airflow/example_dags/example_branch_python_dop_operator_3.py took 0.742 seconds
[2023-08-14T13:34:59.797+0300] {processor.py:157} INFO - Started process (PID=10976) to work on /home/soamariaka/.local/lib/python3.9/site-packages/airflow/example_dags/example_branch_python_dop_operator_3.py
[2023-08-14T13:34:59.800+0300] {processor.py:826} INFO - Processing file /home/soamariaka/.local/lib/python3.9/site-packages/airflow/example_dags/example_branch_python_dop_operator_3.py for tasks to queue
[2023-08-14T13:34:59.801+0300] {logging_mixin.py:150} INFO - [2023-08-14T13:34:59.801+0300] {dagbag.py:541} INFO - Filling up the DagBag from /home/soamariaka/.local/lib/python3.9/site-packages/airflow/example_dags/example_branch_python_dop_operator_3.py
[2023-08-14T13:34:59.820+0300] {processor.py:836} INFO - DAG(s) dict_keys(['example_branch_dop_operator_v3']) retrieved from /home/soamariaka/.local/lib/python3.9/site-packages/airflow/example_dags/example_branch_python_dop_operator_3.py
[2023-08-14T13:34:59.846+0300] {logging_mixin.py:150} INFO - [2023-08-14T13:34:59.846+0300] {dag.py:2742} INFO - Sync 1 DAGs
[2023-08-14T13:34:59.887+0300] {logging_mixin.py:150} INFO - [2023-08-14T13:34:59.887+0300] {dag.py:3504} INFO - Setting next_dagrun for example_branch_dop_operator_v3 to 2023-08-14T10:33:00+00:00, run_after=2023-08-14T10:34:00+00:00
[2023-08-14T13:35:00.114+0300] {processor.py:179} INFO - Processing /home/soamariaka/.local/lib/python3.9/site-packages/airflow/example_dags/example_branch_python_dop_operator_3.py took 0.322 seconds
[2023-08-14T13:36:04.785+0300] {processor.py:157} INFO - Started process (PID=11076) to work on /home/soamariaka/.local/lib/python3.9/site-packages/airflow/example_dags/example_branch_python_dop_operator_3.py
[2023-08-14T13:36:04.844+0300] {processor.py:826} INFO - Processing file /home/soamariaka/.local/lib/python3.9/site-packages/airflow/example_dags/example_branch_python_dop_operator_3.py for tasks to queue
[2023-08-14T13:36:04.846+0300] {logging_mixin.py:150} INFO - [2023-08-14T13:36:04.846+0300] {dagbag.py:541} INFO - Filling up the DagBag from /home/soamariaka/.local/lib/python3.9/site-packages/airflow/example_dags/example_branch_python_dop_operator_3.py
[2023-08-14T13:36:04.863+0300] {processor.py:836} INFO - DAG(s) dict_keys(['example_branch_dop_operator_v3']) retrieved from /home/soamariaka/.local/lib/python3.9/site-packages/airflow/example_dags/example_branch_python_dop_operator_3.py
[2023-08-14T13:36:04.895+0300] {logging_mixin.py:150} INFO - [2023-08-14T13:36:04.894+0300] {dag.py:2742} INFO - Sync 1 DAGs
[2023-08-14T13:36:04.938+0300] {logging_mixin.py:150} INFO - [2023-08-14T13:36:04.938+0300] {dag.py:3504} INFO - Setting next_dagrun for example_branch_dop_operator_v3 to 2023-08-14T10:35:00+00:00, run_after=2023-08-14T10:36:00+00:00
[2023-08-14T13:36:05.340+0300] {processor.py:179} INFO - Processing /home/soamariaka/.local/lib/python3.9/site-packages/airflow/example_dags/example_branch_python_dop_operator_3.py took 0.560 seconds
[2023-08-14T13:37:03.422+0300] {processor.py:157} INFO - Started process (PID=11138) to work on /home/soamariaka/.local/lib/python3.9/site-packages/airflow/example_dags/example_branch_python_dop_operator_3.py
[2023-08-14T13:37:03.425+0300] {processor.py:826} INFO - Processing file /home/soamariaka/.local/lib/python3.9/site-packages/airflow/example_dags/example_branch_python_dop_operator_3.py for tasks to queue
[2023-08-14T13:37:03.428+0300] {logging_mixin.py:150} INFO - [2023-08-14T13:37:03.427+0300] {dagbag.py:541} INFO - Filling up the DagBag from /home/soamariaka/.local/lib/python3.9/site-packages/airflow/example_dags/example_branch_python_dop_operator_3.py
[2023-08-14T13:37:03.445+0300] {processor.py:836} INFO - DAG(s) dict_keys(['example_branch_dop_operator_v3']) retrieved from /home/soamariaka/.local/lib/python3.9/site-packages/airflow/example_dags/example_branch_python_dop_operator_3.py
[2023-08-14T13:37:03.479+0300] {logging_mixin.py:150} INFO - [2023-08-14T13:37:03.479+0300] {dag.py:2742} INFO - Sync 1 DAGs
[2023-08-14T13:37:03.532+0300] {logging_mixin.py:150} INFO - [2023-08-14T13:37:03.532+0300] {dag.py:3504} INFO - Setting next_dagrun for example_branch_dop_operator_v3 to 2023-08-14T10:36:00+00:00, run_after=2023-08-14T10:37:00+00:00
[2023-08-14T13:37:03.692+0300] {processor.py:179} INFO - Processing /home/soamariaka/.local/lib/python3.9/site-packages/airflow/example_dags/example_branch_python_dop_operator_3.py took 0.276 seconds
[2023-08-14T13:38:02.875+0300] {processor.py:157} INFO - Started process (PID=11255) to work on /home/soamariaka/.local/lib/python3.9/site-packages/airflow/example_dags/example_branch_python_dop_operator_3.py
[2023-08-14T13:38:02.877+0300] {processor.py:826} INFO - Processing file /home/soamariaka/.local/lib/python3.9/site-packages/airflow/example_dags/example_branch_python_dop_operator_3.py for tasks to queue
[2023-08-14T13:38:02.879+0300] {logging_mixin.py:150} INFO - [2023-08-14T13:38:02.878+0300] {dagbag.py:541} INFO - Filling up the DagBag from /home/soamariaka/.local/lib/python3.9/site-packages/airflow/example_dags/example_branch_python_dop_operator_3.py
[2023-08-14T13:38:02.895+0300] {processor.py:836} INFO - DAG(s) dict_keys(['example_branch_dop_operator_v3']) retrieved from /home/soamariaka/.local/lib/python3.9/site-packages/airflow/example_dags/example_branch_python_dop_operator_3.py
[2023-08-14T13:38:02.922+0300] {logging_mixin.py:150} INFO - [2023-08-14T13:38:02.922+0300] {dag.py:2742} INFO - Sync 1 DAGs
[2023-08-14T13:38:02.962+0300] {logging_mixin.py:150} INFO - [2023-08-14T13:38:02.962+0300] {dag.py:3504} INFO - Setting next_dagrun for example_branch_dop_operator_v3 to 2023-08-14T10:37:00+00:00, run_after=2023-08-14T10:38:00+00:00
[2023-08-14T13:38:03.104+0300] {processor.py:179} INFO - Processing /home/soamariaka/.local/lib/python3.9/site-packages/airflow/example_dags/example_branch_python_dop_operator_3.py took 0.236 seconds
[2023-08-14T13:39:06.324+0300] {processor.py:157} INFO - Started process (PID=11381) to work on /home/soamariaka/.local/lib/python3.9/site-packages/airflow/example_dags/example_branch_python_dop_operator_3.py
[2023-08-14T13:39:06.327+0300] {processor.py:826} INFO - Processing file /home/soamariaka/.local/lib/python3.9/site-packages/airflow/example_dags/example_branch_python_dop_operator_3.py for tasks to queue
[2023-08-14T13:39:06.329+0300] {logging_mixin.py:150} INFO - [2023-08-14T13:39:06.328+0300] {dagbag.py:541} INFO - Filling up the DagBag from /home/soamariaka/.local/lib/python3.9/site-packages/airflow/example_dags/example_branch_python_dop_operator_3.py
[2023-08-14T13:39:06.344+0300] {processor.py:836} INFO - DAG(s) dict_keys(['example_branch_dop_operator_v3']) retrieved from /home/soamariaka/.local/lib/python3.9/site-packages/airflow/example_dags/example_branch_python_dop_operator_3.py
[2023-08-14T13:39:06.370+0300] {logging_mixin.py:150} INFO - [2023-08-14T13:39:06.370+0300] {dag.py:2742} INFO - Sync 1 DAGs
[2023-08-14T13:39:06.411+0300] {logging_mixin.py:150} INFO - [2023-08-14T13:39:06.411+0300] {dag.py:3504} INFO - Setting next_dagrun for example_branch_dop_operator_v3 to 2023-08-14T10:38:00+00:00, run_after=2023-08-14T10:39:00+00:00
[2023-08-14T13:39:06.553+0300] {processor.py:179} INFO - Processing /home/soamariaka/.local/lib/python3.9/site-packages/airflow/example_dags/example_branch_python_dop_operator_3.py took 0.235 seconds
[2023-08-14T13:40:08.928+0300] {processor.py:157} INFO - Started process (PID=11484) to work on /home/soamariaka/.local/lib/python3.9/site-packages/airflow/example_dags/example_branch_python_dop_operator_3.py
[2023-08-14T13:40:08.931+0300] {processor.py:826} INFO - Processing file /home/soamariaka/.local/lib/python3.9/site-packages/airflow/example_dags/example_branch_python_dop_operator_3.py for tasks to queue
[2023-08-14T13:40:08.932+0300] {logging_mixin.py:150} INFO - [2023-08-14T13:40:08.932+0300] {dagbag.py:541} INFO - Filling up the DagBag from /home/soamariaka/.local/lib/python3.9/site-packages/airflow/example_dags/example_branch_python_dop_operator_3.py
[2023-08-14T13:40:08.945+0300] {processor.py:836} INFO - DAG(s) dict_keys(['example_branch_dop_operator_v3']) retrieved from /home/soamariaka/.local/lib/python3.9/site-packages/airflow/example_dags/example_branch_python_dop_operator_3.py
[2023-08-14T13:40:08.970+0300] {logging_mixin.py:150} INFO - [2023-08-14T13:40:08.969+0300] {dag.py:2742} INFO - Sync 1 DAGs
[2023-08-14T13:40:09.010+0300] {logging_mixin.py:150} INFO - [2023-08-14T13:40:09.010+0300] {dag.py:3504} INFO - Setting next_dagrun for example_branch_dop_operator_v3 to 2023-08-14T10:39:00+00:00, run_after=2023-08-14T10:40:00+00:00
[2023-08-14T13:40:09.183+0300] {processor.py:179} INFO - Processing /home/soamariaka/.local/lib/python3.9/site-packages/airflow/example_dags/example_branch_python_dop_operator_3.py took 0.260 seconds
[2023-08-14T13:41:04.513+0300] {processor.py:157} INFO - Started process (PID=11567) to work on /home/soamariaka/.local/lib/python3.9/site-packages/airflow/example_dags/example_branch_python_dop_operator_3.py
[2023-08-14T13:41:04.515+0300] {processor.py:826} INFO - Processing file /home/soamariaka/.local/lib/python3.9/site-packages/airflow/example_dags/example_branch_python_dop_operator_3.py for tasks to queue
[2023-08-14T13:41:04.516+0300] {logging_mixin.py:150} INFO - [2023-08-14T13:41:04.516+0300] {dagbag.py:541} INFO - Filling up the DagBag from /home/soamariaka/.local/lib/python3.9/site-packages/airflow/example_dags/example_branch_python_dop_operator_3.py
[2023-08-14T13:41:04.532+0300] {processor.py:836} INFO - DAG(s) dict_keys(['example_branch_dop_operator_v3']) retrieved from /home/soamariaka/.local/lib/python3.9/site-packages/airflow/example_dags/example_branch_python_dop_operator_3.py
[2023-08-14T13:41:04.560+0300] {logging_mixin.py:150} INFO - [2023-08-14T13:41:04.559+0300] {dag.py:2742} INFO - Sync 1 DAGs
[2023-08-14T13:41:04.609+0300] {logging_mixin.py:150} INFO - [2023-08-14T13:41:04.609+0300] {dag.py:3504} INFO - Setting next_dagrun for example_branch_dop_operator_v3 to 2023-08-14T10:40:00+00:00, run_after=2023-08-14T10:41:00+00:00
[2023-08-14T13:41:04.744+0300] {processor.py:179} INFO - Processing /home/soamariaka/.local/lib/python3.9/site-packages/airflow/example_dags/example_branch_python_dop_operator_3.py took 0.236 seconds
[2023-08-14T13:42:04.120+0300] {processor.py:157} INFO - Started process (PID=11617) to work on /home/soamariaka/.local/lib/python3.9/site-packages/airflow/example_dags/example_branch_python_dop_operator_3.py
[2023-08-14T13:42:04.143+0300] {processor.py:826} INFO - Processing file /home/soamariaka/.local/lib/python3.9/site-packages/airflow/example_dags/example_branch_python_dop_operator_3.py for tasks to queue
[2023-08-14T13:42:04.160+0300] {logging_mixin.py:150} INFO - [2023-08-14T13:42:04.159+0300] {dagbag.py:541} INFO - Filling up the DagBag from /home/soamariaka/.local/lib/python3.9/site-packages/airflow/example_dags/example_branch_python_dop_operator_3.py
[2023-08-14T13:42:04.179+0300] {processor.py:836} INFO - DAG(s) dict_keys(['example_branch_dop_operator_v3']) retrieved from /home/soamariaka/.local/lib/python3.9/site-packages/airflow/example_dags/example_branch_python_dop_operator_3.py
[2023-08-14T13:42:04.217+0300] {logging_mixin.py:150} INFO - [2023-08-14T13:42:04.216+0300] {dag.py:2742} INFO - Sync 1 DAGs
[2023-08-14T13:42:04.271+0300] {logging_mixin.py:150} INFO - [2023-08-14T13:42:04.270+0300] {dag.py:3504} INFO - Setting next_dagrun for example_branch_dop_operator_v3 to 2023-08-14T10:41:00+00:00, run_after=2023-08-14T10:42:00+00:00
[2023-08-14T13:42:04.573+0300] {processor.py:179} INFO - Processing /home/soamariaka/.local/lib/python3.9/site-packages/airflow/example_dags/example_branch_python_dop_operator_3.py took 0.459 seconds
[2023-08-14T13:42:58.366+0300] {processor.py:157} INFO - Started process (PID=11668) to work on /home/soamariaka/.local/lib/python3.9/site-packages/airflow/example_dags/example_branch_python_dop_operator_3.py
[2023-08-14T13:42:58.368+0300] {processor.py:826} INFO - Processing file /home/soamariaka/.local/lib/python3.9/site-packages/airflow/example_dags/example_branch_python_dop_operator_3.py for tasks to queue
[2023-08-14T13:42:58.370+0300] {logging_mixin.py:150} INFO - [2023-08-14T13:42:58.369+0300] {dagbag.py:541} INFO - Filling up the DagBag from /home/soamariaka/.local/lib/python3.9/site-packages/airflow/example_dags/example_branch_python_dop_operator_3.py
[2023-08-14T13:42:58.389+0300] {processor.py:836} INFO - DAG(s) dict_keys(['example_branch_dop_operator_v3']) retrieved from /home/soamariaka/.local/lib/python3.9/site-packages/airflow/example_dags/example_branch_python_dop_operator_3.py
[2023-08-14T13:42:58.416+0300] {logging_mixin.py:150} INFO - [2023-08-14T13:42:58.416+0300] {dag.py:2742} INFO - Sync 1 DAGs
[2023-08-14T13:42:58.460+0300] {logging_mixin.py:150} INFO - [2023-08-14T13:42:58.459+0300] {dag.py:3504} INFO - Setting next_dagrun for example_branch_dop_operator_v3 to 2023-08-14T10:41:00+00:00, run_after=2023-08-14T10:42:00+00:00
[2023-08-14T13:42:58.636+0300] {processor.py:179} INFO - Processing /home/soamariaka/.local/lib/python3.9/site-packages/airflow/example_dags/example_branch_python_dop_operator_3.py took 0.276 seconds
[2023-08-14T13:43:57.201+0300] {processor.py:157} INFO - Started process (PID=11748) to work on /home/soamariaka/.local/lib/python3.9/site-packages/airflow/example_dags/example_branch_python_dop_operator_3.py
[2023-08-14T13:43:57.223+0300] {processor.py:826} INFO - Processing file /home/soamariaka/.local/lib/python3.9/site-packages/airflow/example_dags/example_branch_python_dop_operator_3.py for tasks to queue
[2023-08-14T13:43:57.224+0300] {logging_mixin.py:150} INFO - [2023-08-14T13:43:57.224+0300] {dagbag.py:541} INFO - Filling up the DagBag from /home/soamariaka/.local/lib/python3.9/site-packages/airflow/example_dags/example_branch_python_dop_operator_3.py
[2023-08-14T13:43:57.242+0300] {processor.py:836} INFO - DAG(s) dict_keys(['example_branch_dop_operator_v3']) retrieved from /home/soamariaka/.local/lib/python3.9/site-packages/airflow/example_dags/example_branch_python_dop_operator_3.py
[2023-08-14T13:43:57.272+0300] {logging_mixin.py:150} INFO - [2023-08-14T13:43:57.271+0300] {dag.py:2742} INFO - Sync 1 DAGs
[2023-08-14T13:43:57.313+0300] {logging_mixin.py:150} INFO - [2023-08-14T13:43:57.312+0300] {dag.py:3504} INFO - Setting next_dagrun for example_branch_dop_operator_v3 to 2023-08-14T10:42:00+00:00, run_after=2023-08-14T10:43:00+00:00
[2023-08-14T13:43:57.458+0300] {processor.py:179} INFO - Processing /home/soamariaka/.local/lib/python3.9/site-packages/airflow/example_dags/example_branch_python_dop_operator_3.py took 0.262 seconds
[2023-08-14T13:45:03.644+0300] {processor.py:157} INFO - Started process (PID=11824) to work on /home/soamariaka/.local/lib/python3.9/site-packages/airflow/example_dags/example_branch_python_dop_operator_3.py
[2023-08-14T13:45:03.677+0300] {processor.py:826} INFO - Processing file /home/soamariaka/.local/lib/python3.9/site-packages/airflow/example_dags/example_branch_python_dop_operator_3.py for tasks to queue
[2023-08-14T13:45:03.680+0300] {logging_mixin.py:150} INFO - [2023-08-14T13:45:03.679+0300] {dagbag.py:541} INFO - Filling up the DagBag from /home/soamariaka/.local/lib/python3.9/site-packages/airflow/example_dags/example_branch_python_dop_operator_3.py
[2023-08-14T13:45:03.702+0300] {processor.py:836} INFO - DAG(s) dict_keys(['example_branch_dop_operator_v3']) retrieved from /home/soamariaka/.local/lib/python3.9/site-packages/airflow/example_dags/example_branch_python_dop_operator_3.py
[2023-08-14T13:45:03.730+0300] {logging_mixin.py:150} INFO - [2023-08-14T13:45:03.729+0300] {dag.py:2742} INFO - Sync 1 DAGs
[2023-08-14T13:45:03.780+0300] {logging_mixin.py:150} INFO - [2023-08-14T13:45:03.780+0300] {dag.py:3504} INFO - Setting next_dagrun for example_branch_dop_operator_v3 to 2023-08-14T10:44:00+00:00, run_after=2023-08-14T10:45:00+00:00
[2023-08-14T13:45:03.997+0300] {processor.py:179} INFO - Processing /home/soamariaka/.local/lib/python3.9/site-packages/airflow/example_dags/example_branch_python_dop_operator_3.py took 0.358 seconds
[2023-08-14T13:46:07.126+0300] {processor.py:157} INFO - Started process (PID=11916) to work on /home/soamariaka/.local/lib/python3.9/site-packages/airflow/example_dags/example_branch_python_dop_operator_3.py
[2023-08-14T13:46:07.128+0300] {processor.py:826} INFO - Processing file /home/soamariaka/.local/lib/python3.9/site-packages/airflow/example_dags/example_branch_python_dop_operator_3.py for tasks to queue
[2023-08-14T13:46:07.130+0300] {logging_mixin.py:150} INFO - [2023-08-14T13:46:07.129+0300] {dagbag.py:541} INFO - Filling up the DagBag from /home/soamariaka/.local/lib/python3.9/site-packages/airflow/example_dags/example_branch_python_dop_operator_3.py
[2023-08-14T13:46:07.152+0300] {processor.py:836} INFO - DAG(s) dict_keys(['example_branch_dop_operator_v3']) retrieved from /home/soamariaka/.local/lib/python3.9/site-packages/airflow/example_dags/example_branch_python_dop_operator_3.py
[2023-08-14T13:46:07.203+0300] {logging_mixin.py:150} INFO - [2023-08-14T13:46:07.202+0300] {dag.py:2742} INFO - Sync 1 DAGs
[2023-08-14T13:46:07.250+0300] {logging_mixin.py:150} INFO - [2023-08-14T13:46:07.250+0300] {dag.py:3504} INFO - Setting next_dagrun for example_branch_dop_operator_v3 to 2023-08-14T10:45:00+00:00, run_after=2023-08-14T10:46:00+00:00
[2023-08-14T13:46:07.575+0300] {processor.py:179} INFO - Processing /home/soamariaka/.local/lib/python3.9/site-packages/airflow/example_dags/example_branch_python_dop_operator_3.py took 0.454 seconds
[2023-08-14T13:47:10.403+0300] {processor.py:157} INFO - Started process (PID=11973) to work on /home/soamariaka/.local/lib/python3.9/site-packages/airflow/example_dags/example_branch_python_dop_operator_3.py
[2023-08-14T13:47:10.406+0300] {processor.py:826} INFO - Processing file /home/soamariaka/.local/lib/python3.9/site-packages/airflow/example_dags/example_branch_python_dop_operator_3.py for tasks to queue
[2023-08-14T13:47:10.407+0300] {logging_mixin.py:150} INFO - [2023-08-14T13:47:10.407+0300] {dagbag.py:541} INFO - Filling up the DagBag from /home/soamariaka/.local/lib/python3.9/site-packages/airflow/example_dags/example_branch_python_dop_operator_3.py
[2023-08-14T13:47:10.423+0300] {processor.py:836} INFO - DAG(s) dict_keys(['example_branch_dop_operator_v3']) retrieved from /home/soamariaka/.local/lib/python3.9/site-packages/airflow/example_dags/example_branch_python_dop_operator_3.py
[2023-08-14T13:47:10.461+0300] {logging_mixin.py:150} INFO - [2023-08-14T13:47:10.460+0300] {dag.py:2742} INFO - Sync 1 DAGs
[2023-08-14T13:47:10.502+0300] {logging_mixin.py:150} INFO - [2023-08-14T13:47:10.502+0300] {dag.py:3504} INFO - Setting next_dagrun for example_branch_dop_operator_v3 to 2023-08-14T10:46:00+00:00, run_after=2023-08-14T10:47:00+00:00
[2023-08-14T13:47:10.626+0300] {processor.py:179} INFO - Processing /home/soamariaka/.local/lib/python3.9/site-packages/airflow/example_dags/example_branch_python_dop_operator_3.py took 0.229 seconds
[2023-08-14T13:48:14.106+0300] {processor.py:157} INFO - Started process (PID=12034) to work on /home/soamariaka/.local/lib/python3.9/site-packages/airflow/example_dags/example_branch_python_dop_operator_3.py
[2023-08-14T13:48:14.108+0300] {processor.py:826} INFO - Processing file /home/soamariaka/.local/lib/python3.9/site-packages/airflow/example_dags/example_branch_python_dop_operator_3.py for tasks to queue
[2023-08-14T13:48:14.109+0300] {logging_mixin.py:150} INFO - [2023-08-14T13:48:14.109+0300] {dagbag.py:541} INFO - Filling up the DagBag from /home/soamariaka/.local/lib/python3.9/site-packages/airflow/example_dags/example_branch_python_dop_operator_3.py
[2023-08-14T13:48:14.122+0300] {processor.py:836} INFO - DAG(s) dict_keys(['example_branch_dop_operator_v3']) retrieved from /home/soamariaka/.local/lib/python3.9/site-packages/airflow/example_dags/example_branch_python_dop_operator_3.py
[2023-08-14T13:48:14.147+0300] {logging_mixin.py:150} INFO - [2023-08-14T13:48:14.147+0300] {dag.py:2742} INFO - Sync 1 DAGs
[2023-08-14T13:48:14.188+0300] {logging_mixin.py:150} INFO - [2023-08-14T13:48:14.188+0300] {dag.py:3504} INFO - Setting next_dagrun for example_branch_dop_operator_v3 to 2023-08-14T10:47:00+00:00, run_after=2023-08-14T10:48:00+00:00
[2023-08-14T13:48:14.316+0300] {processor.py:179} INFO - Processing /home/soamariaka/.local/lib/python3.9/site-packages/airflow/example_dags/example_branch_python_dop_operator_3.py took 0.213 seconds
[2023-08-14T13:49:14.774+0300] {processor.py:157} INFO - Started process (PID=12124) to work on /home/soamariaka/.local/lib/python3.9/site-packages/airflow/example_dags/example_branch_python_dop_operator_3.py
[2023-08-14T13:49:14.776+0300] {processor.py:826} INFO - Processing file /home/soamariaka/.local/lib/python3.9/site-packages/airflow/example_dags/example_branch_python_dop_operator_3.py for tasks to queue
[2023-08-14T13:49:14.778+0300] {logging_mixin.py:150} INFO - [2023-08-14T13:49:14.777+0300] {dagbag.py:541} INFO - Filling up the DagBag from /home/soamariaka/.local/lib/python3.9/site-packages/airflow/example_dags/example_branch_python_dop_operator_3.py
[2023-08-14T13:49:14.794+0300] {processor.py:836} INFO - DAG(s) dict_keys(['example_branch_dop_operator_v3']) retrieved from /home/soamariaka/.local/lib/python3.9/site-packages/airflow/example_dags/example_branch_python_dop_operator_3.py
[2023-08-14T13:49:14.821+0300] {logging_mixin.py:150} INFO - [2023-08-14T13:49:14.821+0300] {dag.py:2742} INFO - Sync 1 DAGs
[2023-08-14T13:49:14.861+0300] {logging_mixin.py:150} INFO - [2023-08-14T13:49:14.861+0300] {dag.py:3504} INFO - Setting next_dagrun for example_branch_dop_operator_v3 to 2023-08-14T10:48:00+00:00, run_after=2023-08-14T10:49:00+00:00
[2023-08-14T13:49:15.137+0300] {processor.py:179} INFO - Processing /home/soamariaka/.local/lib/python3.9/site-packages/airflow/example_dags/example_branch_python_dop_operator_3.py took 0.369 seconds
[2023-08-14T13:50:17.906+0300] {processor.py:157} INFO - Started process (PID=12199) to work on /home/soamariaka/.local/lib/python3.9/site-packages/airflow/example_dags/example_branch_python_dop_operator_3.py
[2023-08-14T13:50:17.942+0300] {processor.py:826} INFO - Processing file /home/soamariaka/.local/lib/python3.9/site-packages/airflow/example_dags/example_branch_python_dop_operator_3.py for tasks to queue
[2023-08-14T13:50:17.963+0300] {logging_mixin.py:150} INFO - [2023-08-14T13:50:17.963+0300] {dagbag.py:541} INFO - Filling up the DagBag from /home/soamariaka/.local/lib/python3.9/site-packages/airflow/example_dags/example_branch_python_dop_operator_3.py
[2023-08-14T13:50:17.982+0300] {processor.py:836} INFO - DAG(s) dict_keys(['example_branch_dop_operator_v3']) retrieved from /home/soamariaka/.local/lib/python3.9/site-packages/airflow/example_dags/example_branch_python_dop_operator_3.py
[2023-08-14T13:50:18.016+0300] {logging_mixin.py:150} INFO - [2023-08-14T13:50:18.016+0300] {dag.py:2742} INFO - Sync 1 DAGs
[2023-08-14T13:50:18.060+0300] {logging_mixin.py:150} INFO - [2023-08-14T13:50:18.059+0300] {dag.py:3504} INFO - Setting next_dagrun for example_branch_dop_operator_v3 to 2023-08-14T10:49:00+00:00, run_after=2023-08-14T10:50:00+00:00
[2023-08-14T13:50:18.329+0300] {processor.py:179} INFO - Processing /home/soamariaka/.local/lib/python3.9/site-packages/airflow/example_dags/example_branch_python_dop_operator_3.py took 0.429 seconds
[2023-08-14T13:51:25.138+0300] {processor.py:157} INFO - Started process (PID=12292) to work on /home/soamariaka/.local/lib/python3.9/site-packages/airflow/example_dags/example_branch_python_dop_operator_3.py
[2023-08-14T13:51:25.162+0300] {processor.py:826} INFO - Processing file /home/soamariaka/.local/lib/python3.9/site-packages/airflow/example_dags/example_branch_python_dop_operator_3.py for tasks to queue
[2023-08-14T13:51:25.164+0300] {logging_mixin.py:150} INFO - [2023-08-14T13:51:25.163+0300] {dagbag.py:541} INFO - Filling up the DagBag from /home/soamariaka/.local/lib/python3.9/site-packages/airflow/example_dags/example_branch_python_dop_operator_3.py
[2023-08-14T13:51:25.180+0300] {processor.py:836} INFO - DAG(s) dict_keys(['example_branch_dop_operator_v3']) retrieved from /home/soamariaka/.local/lib/python3.9/site-packages/airflow/example_dags/example_branch_python_dop_operator_3.py
[2023-08-14T13:51:25.212+0300] {logging_mixin.py:150} INFO - [2023-08-14T13:51:25.212+0300] {dag.py:2742} INFO - Sync 1 DAGs
[2023-08-14T13:51:25.255+0300] {logging_mixin.py:150} INFO - [2023-08-14T13:51:25.255+0300] {dag.py:3504} INFO - Setting next_dagrun for example_branch_dop_operator_v3 to 2023-08-14T10:50:00+00:00, run_after=2023-08-14T10:51:00+00:00
[2023-08-14T13:51:25.622+0300] {processor.py:179} INFO - Processing /home/soamariaka/.local/lib/python3.9/site-packages/airflow/example_dags/example_branch_python_dop_operator_3.py took 0.491 seconds
[2023-08-14T13:52:26.234+0300] {processor.py:157} INFO - Started process (PID=12350) to work on /home/soamariaka/.local/lib/python3.9/site-packages/airflow/example_dags/example_branch_python_dop_operator_3.py
[2023-08-14T13:52:26.269+0300] {processor.py:826} INFO - Processing file /home/soamariaka/.local/lib/python3.9/site-packages/airflow/example_dags/example_branch_python_dop_operator_3.py for tasks to queue
[2023-08-14T13:52:26.271+0300] {logging_mixin.py:150} INFO - [2023-08-14T13:52:26.270+0300] {dagbag.py:541} INFO - Filling up the DagBag from /home/soamariaka/.local/lib/python3.9/site-packages/airflow/example_dags/example_branch_python_dop_operator_3.py
[2023-08-14T13:52:26.294+0300] {processor.py:836} INFO - DAG(s) dict_keys(['example_branch_dop_operator_v3']) retrieved from /home/soamariaka/.local/lib/python3.9/site-packages/airflow/example_dags/example_branch_python_dop_operator_3.py
[2023-08-14T13:52:26.328+0300] {logging_mixin.py:150} INFO - [2023-08-14T13:52:26.327+0300] {dag.py:2742} INFO - Sync 1 DAGs
[2023-08-14T13:52:26.373+0300] {logging_mixin.py:150} INFO - [2023-08-14T13:52:26.373+0300] {dag.py:3504} INFO - Setting next_dagrun for example_branch_dop_operator_v3 to 2023-08-14T10:51:00+00:00, run_after=2023-08-14T10:52:00+00:00
[2023-08-14T13:52:26.718+0300] {processor.py:179} INFO - Processing /home/soamariaka/.local/lib/python3.9/site-packages/airflow/example_dags/example_branch_python_dop_operator_3.py took 0.490 seconds
[2023-08-14T13:53:30.850+0300] {processor.py:157} INFO - Started process (PID=12411) to work on /home/soamariaka/.local/lib/python3.9/site-packages/airflow/example_dags/example_branch_python_dop_operator_3.py
[2023-08-14T13:53:30.883+0300] {processor.py:826} INFO - Processing file /home/soamariaka/.local/lib/python3.9/site-packages/airflow/example_dags/example_branch_python_dop_operator_3.py for tasks to queue
[2023-08-14T13:53:30.884+0300] {logging_mixin.py:150} INFO - [2023-08-14T13:53:30.884+0300] {dagbag.py:541} INFO - Filling up the DagBag from /home/soamariaka/.local/lib/python3.9/site-packages/airflow/example_dags/example_branch_python_dop_operator_3.py
[2023-08-14T13:53:30.901+0300] {processor.py:836} INFO - DAG(s) dict_keys(['example_branch_dop_operator_v3']) retrieved from /home/soamariaka/.local/lib/python3.9/site-packages/airflow/example_dags/example_branch_python_dop_operator_3.py
[2023-08-14T13:53:30.933+0300] {logging_mixin.py:150} INFO - [2023-08-14T13:53:30.932+0300] {dag.py:2742} INFO - Sync 1 DAGs
[2023-08-14T13:53:30.985+0300] {logging_mixin.py:150} INFO - [2023-08-14T13:53:30.985+0300] {dag.py:3504} INFO - Setting next_dagrun for example_branch_dop_operator_v3 to 2023-08-14T10:52:00+00:00, run_after=2023-08-14T10:53:00+00:00
[2023-08-14T13:53:31.250+0300] {processor.py:179} INFO - Processing /home/soamariaka/.local/lib/python3.9/site-packages/airflow/example_dags/example_branch_python_dop_operator_3.py took 0.406 seconds
[2023-08-14T13:54:35.652+0300] {processor.py:157} INFO - Started process (PID=12467) to work on /home/soamariaka/.local/lib/python3.9/site-packages/airflow/example_dags/example_branch_python_dop_operator_3.py
[2023-08-14T13:54:35.654+0300] {processor.py:826} INFO - Processing file /home/soamariaka/.local/lib/python3.9/site-packages/airflow/example_dags/example_branch_python_dop_operator_3.py for tasks to queue
[2023-08-14T13:54:35.655+0300] {logging_mixin.py:150} INFO - [2023-08-14T13:54:35.655+0300] {dagbag.py:541} INFO - Filling up the DagBag from /home/soamariaka/.local/lib/python3.9/site-packages/airflow/example_dags/example_branch_python_dop_operator_3.py
[2023-08-14T13:54:35.671+0300] {processor.py:836} INFO - DAG(s) dict_keys(['example_branch_dop_operator_v3']) retrieved from /home/soamariaka/.local/lib/python3.9/site-packages/airflow/example_dags/example_branch_python_dop_operator_3.py
[2023-08-14T13:54:35.698+0300] {logging_mixin.py:150} INFO - [2023-08-14T13:54:35.698+0300] {dag.py:2742} INFO - Sync 1 DAGs
[2023-08-14T13:54:35.742+0300] {logging_mixin.py:150} INFO - [2023-08-14T13:54:35.741+0300] {dag.py:3504} INFO - Setting next_dagrun for example_branch_dop_operator_v3 to 2023-08-14T10:53:00+00:00, run_after=2023-08-14T10:54:00+00:00
[2023-08-14T13:54:35.949+0300] {processor.py:179} INFO - Processing /home/soamariaka/.local/lib/python3.9/site-packages/airflow/example_dags/example_branch_python_dop_operator_3.py took 0.302 seconds
[2023-08-14T13:55:43.249+0300] {processor.py:157} INFO - Started process (PID=12581) to work on /home/soamariaka/.local/lib/python3.9/site-packages/airflow/example_dags/example_branch_python_dop_operator_3.py
[2023-08-14T13:55:43.262+0300] {processor.py:826} INFO - Processing file /home/soamariaka/.local/lib/python3.9/site-packages/airflow/example_dags/example_branch_python_dop_operator_3.py for tasks to queue
[2023-08-14T13:55:43.264+0300] {logging_mixin.py:150} INFO - [2023-08-14T13:55:43.263+0300] {dagbag.py:541} INFO - Filling up the DagBag from /home/soamariaka/.local/lib/python3.9/site-packages/airflow/example_dags/example_branch_python_dop_operator_3.py
[2023-08-14T13:55:43.280+0300] {processor.py:836} INFO - DAG(s) dict_keys(['example_branch_dop_operator_v3']) retrieved from /home/soamariaka/.local/lib/python3.9/site-packages/airflow/example_dags/example_branch_python_dop_operator_3.py
[2023-08-14T13:55:43.309+0300] {logging_mixin.py:150} INFO - [2023-08-14T13:55:43.309+0300] {dag.py:2742} INFO - Sync 1 DAGs
[2023-08-14T13:55:43.354+0300] {logging_mixin.py:150} INFO - [2023-08-14T13:55:43.354+0300] {dag.py:3504} INFO - Setting next_dagrun for example_branch_dop_operator_v3 to 2023-08-14T10:54:00+00:00, run_after=2023-08-14T10:55:00+00:00
[2023-08-14T13:55:43.712+0300] {processor.py:179} INFO - Processing /home/soamariaka/.local/lib/python3.9/site-packages/airflow/example_dags/example_branch_python_dop_operator_3.py took 0.468 seconds
[2023-08-14T13:56:49.444+0300] {processor.py:157} INFO - Started process (PID=12665) to work on /home/soamariaka/.local/lib/python3.9/site-packages/airflow/example_dags/example_branch_python_dop_operator_3.py
[2023-08-14T13:56:49.447+0300] {processor.py:826} INFO - Processing file /home/soamariaka/.local/lib/python3.9/site-packages/airflow/example_dags/example_branch_python_dop_operator_3.py for tasks to queue
[2023-08-14T13:56:49.449+0300] {logging_mixin.py:150} INFO - [2023-08-14T13:56:49.448+0300] {dagbag.py:541} INFO - Filling up the DagBag from /home/soamariaka/.local/lib/python3.9/site-packages/airflow/example_dags/example_branch_python_dop_operator_3.py
[2023-08-14T13:56:49.465+0300] {processor.py:836} INFO - DAG(s) dict_keys(['example_branch_dop_operator_v3']) retrieved from /home/soamariaka/.local/lib/python3.9/site-packages/airflow/example_dags/example_branch_python_dop_operator_3.py
[2023-08-14T13:56:49.492+0300] {logging_mixin.py:150} INFO - [2023-08-14T13:56:49.492+0300] {dag.py:2742} INFO - Sync 1 DAGs
[2023-08-14T13:56:49.532+0300] {logging_mixin.py:150} INFO - [2023-08-14T13:56:49.532+0300] {dag.py:3504} INFO - Setting next_dagrun for example_branch_dop_operator_v3 to 2023-08-14T10:55:00+00:00, run_after=2023-08-14T10:56:00+00:00
[2023-08-14T13:56:49.812+0300] {processor.py:179} INFO - Processing /home/soamariaka/.local/lib/python3.9/site-packages/airflow/example_dags/example_branch_python_dop_operator_3.py took 0.372 seconds
[2023-08-14T13:57:56.784+0300] {processor.py:157} INFO - Started process (PID=12725) to work on /home/soamariaka/.local/lib/python3.9/site-packages/airflow/example_dags/example_branch_python_dop_operator_3.py
[2023-08-14T13:57:56.786+0300] {processor.py:826} INFO - Processing file /home/soamariaka/.local/lib/python3.9/site-packages/airflow/example_dags/example_branch_python_dop_operator_3.py for tasks to queue
[2023-08-14T13:57:56.787+0300] {logging_mixin.py:150} INFO - [2023-08-14T13:57:56.787+0300] {dagbag.py:541} INFO - Filling up the DagBag from /home/soamariaka/.local/lib/python3.9/site-packages/airflow/example_dags/example_branch_python_dop_operator_3.py
[2023-08-14T13:57:56.803+0300] {processor.py:836} INFO - DAG(s) dict_keys(['example_branch_dop_operator_v3']) retrieved from /home/soamariaka/.local/lib/python3.9/site-packages/airflow/example_dags/example_branch_python_dop_operator_3.py
[2023-08-14T13:57:56.831+0300] {logging_mixin.py:150} INFO - [2023-08-14T13:57:56.830+0300] {dag.py:2742} INFO - Sync 1 DAGs
[2023-08-14T13:57:56.871+0300] {logging_mixin.py:150} INFO - [2023-08-14T13:57:56.871+0300] {dag.py:3504} INFO - Setting next_dagrun for example_branch_dop_operator_v3 to 2023-08-14T10:56:00+00:00, run_after=2023-08-14T10:57:00+00:00
[2023-08-14T13:57:57.130+0300] {processor.py:179} INFO - Processing /home/soamariaka/.local/lib/python3.9/site-packages/airflow/example_dags/example_branch_python_dop_operator_3.py took 0.352 seconds
[2023-08-14T13:59:00.678+0300] {processor.py:157} INFO - Started process (PID=12816) to work on /home/soamariaka/.local/lib/python3.9/site-packages/airflow/example_dags/example_branch_python_dop_operator_3.py
[2023-08-14T13:59:00.680+0300] {processor.py:826} INFO - Processing file /home/soamariaka/.local/lib/python3.9/site-packages/airflow/example_dags/example_branch_python_dop_operator_3.py for tasks to queue
[2023-08-14T13:59:00.682+0300] {logging_mixin.py:150} INFO - [2023-08-14T13:59:00.681+0300] {dagbag.py:541} INFO - Filling up the DagBag from /home/soamariaka/.local/lib/python3.9/site-packages/airflow/example_dags/example_branch_python_dop_operator_3.py
[2023-08-14T13:59:00.698+0300] {processor.py:836} INFO - DAG(s) dict_keys(['example_branch_dop_operator_v3']) retrieved from /home/soamariaka/.local/lib/python3.9/site-packages/airflow/example_dags/example_branch_python_dop_operator_3.py
[2023-08-14T13:59:00.725+0300] {logging_mixin.py:150} INFO - [2023-08-14T13:59:00.725+0300] {dag.py:2742} INFO - Sync 1 DAGs
[2023-08-14T13:59:00.767+0300] {logging_mixin.py:150} INFO - [2023-08-14T13:59:00.766+0300] {dag.py:3504} INFO - Setting next_dagrun for example_branch_dop_operator_v3 to 2023-08-14T10:58:00+00:00, run_after=2023-08-14T10:59:00+00:00
[2023-08-14T13:59:00.914+0300] {processor.py:179} INFO - Processing /home/soamariaka/.local/lib/python3.9/site-packages/airflow/example_dags/example_branch_python_dop_operator_3.py took 0.241 seconds
[2023-08-14T14:00:03.397+0300] {processor.py:157} INFO - Started process (PID=12897) to work on /home/soamariaka/.local/lib/python3.9/site-packages/airflow/example_dags/example_branch_python_dop_operator_3.py
[2023-08-14T14:00:03.415+0300] {processor.py:826} INFO - Processing file /home/soamariaka/.local/lib/python3.9/site-packages/airflow/example_dags/example_branch_python_dop_operator_3.py for tasks to queue
[2023-08-14T14:00:03.416+0300] {logging_mixin.py:150} INFO - [2023-08-14T14:00:03.416+0300] {dagbag.py:541} INFO - Filling up the DagBag from /home/soamariaka/.local/lib/python3.9/site-packages/airflow/example_dags/example_branch_python_dop_operator_3.py
[2023-08-14T14:00:03.436+0300] {processor.py:836} INFO - DAG(s) dict_keys(['example_branch_dop_operator_v3']) retrieved from /home/soamariaka/.local/lib/python3.9/site-packages/airflow/example_dags/example_branch_python_dop_operator_3.py
[2023-08-14T14:00:03.471+0300] {logging_mixin.py:150} INFO - [2023-08-14T14:00:03.470+0300] {dag.py:2742} INFO - Sync 1 DAGs
[2023-08-14T14:00:03.515+0300] {logging_mixin.py:150} INFO - [2023-08-14T14:00:03.515+0300] {dag.py:3504} INFO - Setting next_dagrun for example_branch_dop_operator_v3 to 2023-08-14T10:59:00+00:00, run_after=2023-08-14T11:00:00+00:00
[2023-08-14T14:00:03.728+0300] {processor.py:179} INFO - Processing /home/soamariaka/.local/lib/python3.9/site-packages/airflow/example_dags/example_branch_python_dop_operator_3.py took 0.339 seconds
[2023-08-14T14:01:05.238+0300] {processor.py:157} INFO - Started process (PID=12959) to work on /home/soamariaka/.local/lib/python3.9/site-packages/airflow/example_dags/example_branch_python_dop_operator_3.py
[2023-08-14T14:01:05.240+0300] {processor.py:826} INFO - Processing file /home/soamariaka/.local/lib/python3.9/site-packages/airflow/example_dags/example_branch_python_dop_operator_3.py for tasks to queue
[2023-08-14T14:01:05.241+0300] {logging_mixin.py:150} INFO - [2023-08-14T14:01:05.241+0300] {dagbag.py:541} INFO - Filling up the DagBag from /home/soamariaka/.local/lib/python3.9/site-packages/airflow/example_dags/example_branch_python_dop_operator_3.py
[2023-08-14T14:01:05.258+0300] {processor.py:836} INFO - DAG(s) dict_keys(['example_branch_dop_operator_v3']) retrieved from /home/soamariaka/.local/lib/python3.9/site-packages/airflow/example_dags/example_branch_python_dop_operator_3.py
[2023-08-14T14:01:05.284+0300] {logging_mixin.py:150} INFO - [2023-08-14T14:01:05.284+0300] {dag.py:2742} INFO - Sync 1 DAGs
[2023-08-14T14:01:05.325+0300] {logging_mixin.py:150} INFO - [2023-08-14T14:01:05.324+0300] {dag.py:3504} INFO - Setting next_dagrun for example_branch_dop_operator_v3 to 2023-08-14T11:00:00+00:00, run_after=2023-08-14T11:01:00+00:00
[2023-08-14T14:01:05.449+0300] {processor.py:179} INFO - Processing /home/soamariaka/.local/lib/python3.9/site-packages/airflow/example_dags/example_branch_python_dop_operator_3.py took 0.217 seconds
[2023-08-14T14:03:10.132+0300] {processor.py:157} INFO - Started process (PID=13611) to work on /home/soamariaka/.local/lib/python3.9/site-packages/airflow/example_dags/example_branch_python_dop_operator_3.py
[2023-08-14T14:03:10.237+0300] {processor.py:826} INFO - Processing file /home/soamariaka/.local/lib/python3.9/site-packages/airflow/example_dags/example_branch_python_dop_operator_3.py for tasks to queue
[2023-08-14T14:03:10.411+0300] {logging_mixin.py:150} INFO - [2023-08-14T14:03:10.410+0300] {dagbag.py:541} INFO - Filling up the DagBag from /home/soamariaka/.local/lib/python3.9/site-packages/airflow/example_dags/example_branch_python_dop_operator_3.py
[2023-08-14T14:03:10.506+0300] {processor.py:836} INFO - DAG(s) dict_keys(['example_branch_dop_operator_v3']) retrieved from /home/soamariaka/.local/lib/python3.9/site-packages/airflow/example_dags/example_branch_python_dop_operator_3.py
[2023-08-14T14:03:10.940+0300] {logging_mixin.py:150} INFO - [2023-08-14T14:03:10.939+0300] {dag.py:2742} INFO - Sync 1 DAGs
[2023-08-14T14:03:13.230+0300] {logging_mixin.py:150} INFO - [2023-08-14T14:03:13.230+0300] {dag.py:3504} INFO - Setting next_dagrun for example_branch_dop_operator_v3 to 2023-08-14T11:02:00+00:00, run_after=2023-08-14T11:03:00+00:00
[2023-08-14T14:03:15.778+0300] {processor.py:179} INFO - Processing /home/soamariaka/.local/lib/python3.9/site-packages/airflow/example_dags/example_branch_python_dop_operator_3.py took 5.690 seconds
[2023-08-14T14:04:46.820+0300] {processor.py:157} INFO - Started process (PID=13730) to work on /home/soamariaka/.local/lib/python3.9/site-packages/airflow/example_dags/example_branch_python_dop_operator_3.py
[2023-08-14T14:04:46.844+0300] {processor.py:826} INFO - Processing file /home/soamariaka/.local/lib/python3.9/site-packages/airflow/example_dags/example_branch_python_dop_operator_3.py for tasks to queue
[2023-08-14T14:04:46.845+0300] {logging_mixin.py:150} INFO - [2023-08-14T14:04:46.845+0300] {dagbag.py:541} INFO - Filling up the DagBag from /home/soamariaka/.local/lib/python3.9/site-packages/airflow/example_dags/example_branch_python_dop_operator_3.py
[2023-08-14T14:04:46.881+0300] {processor.py:836} INFO - DAG(s) dict_keys(['example_branch_dop_operator_v3']) retrieved from /home/soamariaka/.local/lib/python3.9/site-packages/airflow/example_dags/example_branch_python_dop_operator_3.py
[2023-08-14T14:04:46.931+0300] {logging_mixin.py:150} INFO - [2023-08-14T14:04:46.930+0300] {dag.py:2742} INFO - Sync 1 DAGs
[2023-08-14T14:04:46.995+0300] {logging_mixin.py:150} INFO - [2023-08-14T14:04:46.995+0300] {dag.py:3504} INFO - Setting next_dagrun for example_branch_dop_operator_v3 to 2023-08-14T11:03:00+00:00, run_after=2023-08-14T11:04:00+00:00
[2023-08-14T14:04:47.333+0300] {processor.py:179} INFO - Processing /home/soamariaka/.local/lib/python3.9/site-packages/airflow/example_dags/example_branch_python_dop_operator_3.py took 0.520 seconds
[2023-08-14T14:06:17.650+0300] {processor.py:157} INFO - Started process (PID=13822) to work on /home/soamariaka/.local/lib/python3.9/site-packages/airflow/example_dags/example_branch_python_dop_operator_3.py
[2023-08-14T14:06:17.675+0300] {processor.py:826} INFO - Processing file /home/soamariaka/.local/lib/python3.9/site-packages/airflow/example_dags/example_branch_python_dop_operator_3.py for tasks to queue
[2023-08-14T14:06:17.698+0300] {logging_mixin.py:150} INFO - [2023-08-14T14:06:17.696+0300] {dagbag.py:541} INFO - Filling up the DagBag from /home/soamariaka/.local/lib/python3.9/site-packages/airflow/example_dags/example_branch_python_dop_operator_3.py
[2023-08-14T14:06:17.716+0300] {processor.py:836} INFO - DAG(s) dict_keys(['example_branch_dop_operator_v3']) retrieved from /home/soamariaka/.local/lib/python3.9/site-packages/airflow/example_dags/example_branch_python_dop_operator_3.py
[2023-08-14T14:06:17.750+0300] {logging_mixin.py:150} INFO - [2023-08-14T14:06:17.750+0300] {dag.py:2742} INFO - Sync 1 DAGs
[2023-08-14T14:06:17.793+0300] {logging_mixin.py:150} INFO - [2023-08-14T14:06:17.793+0300] {dag.py:3504} INFO - Setting next_dagrun for example_branch_dop_operator_v3 to 2023-08-14T11:05:00+00:00, run_after=2023-08-14T11:06:00+00:00
[2023-08-14T14:06:18.062+0300] {processor.py:179} INFO - Processing /home/soamariaka/.local/lib/python3.9/site-packages/airflow/example_dags/example_branch_python_dop_operator_3.py took 0.418 seconds
[2023-08-14T14:07:25.194+0300] {processor.py:157} INFO - Started process (PID=13921) to work on /home/soamariaka/.local/lib/python3.9/site-packages/airflow/example_dags/example_branch_python_dop_operator_3.py
[2023-08-14T14:07:25.274+0300] {processor.py:826} INFO - Processing file /home/soamariaka/.local/lib/python3.9/site-packages/airflow/example_dags/example_branch_python_dop_operator_3.py for tasks to queue
[2023-08-14T14:07:25.275+0300] {logging_mixin.py:150} INFO - [2023-08-14T14:07:25.275+0300] {dagbag.py:541} INFO - Filling up the DagBag from /home/soamariaka/.local/lib/python3.9/site-packages/airflow/example_dags/example_branch_python_dop_operator_3.py
[2023-08-14T14:07:25.503+0300] {processor.py:836} INFO - DAG(s) dict_keys(['example_branch_dop_operator_v3']) retrieved from /home/soamariaka/.local/lib/python3.9/site-packages/airflow/example_dags/example_branch_python_dop_operator_3.py
[2023-08-14T14:07:25.723+0300] {logging_mixin.py:150} INFO - [2023-08-14T14:07:25.722+0300] {dag.py:2742} INFO - Sync 1 DAGs
[2023-08-14T14:07:25.802+0300] {logging_mixin.py:150} INFO - [2023-08-14T14:07:25.802+0300] {dag.py:3504} INFO - Setting next_dagrun for example_branch_dop_operator_v3 to 2023-08-14T11:06:00+00:00, run_after=2023-08-14T11:07:00+00:00
[2023-08-14T14:07:26.007+0300] {processor.py:179} INFO - Processing /home/soamariaka/.local/lib/python3.9/site-packages/airflow/example_dags/example_branch_python_dop_operator_3.py took 0.817 seconds
[2023-08-14T14:09:35.646+0300] {processor.py:157} INFO - Started process (PID=14096) to work on /home/soamariaka/.local/lib/python3.9/site-packages/airflow/example_dags/example_branch_python_dop_operator_3.py
[2023-08-14T14:09:35.649+0300] {processor.py:826} INFO - Processing file /home/soamariaka/.local/lib/python3.9/site-packages/airflow/example_dags/example_branch_python_dop_operator_3.py for tasks to queue
[2023-08-14T14:09:35.650+0300] {logging_mixin.py:150} INFO - [2023-08-14T14:09:35.650+0300] {dagbag.py:541} INFO - Filling up the DagBag from /home/soamariaka/.local/lib/python3.9/site-packages/airflow/example_dags/example_branch_python_dop_operator_3.py
[2023-08-14T14:09:35.667+0300] {processor.py:836} INFO - DAG(s) dict_keys(['example_branch_dop_operator_v3']) retrieved from /home/soamariaka/.local/lib/python3.9/site-packages/airflow/example_dags/example_branch_python_dop_operator_3.py
[2023-08-14T14:09:35.694+0300] {logging_mixin.py:150} INFO - [2023-08-14T14:09:35.693+0300] {dag.py:2742} INFO - Sync 1 DAGs
[2023-08-14T14:09:35.749+0300] {logging_mixin.py:150} INFO - [2023-08-14T14:09:35.748+0300] {dag.py:3504} INFO - Setting next_dagrun for example_branch_dop_operator_v3 to 2023-08-14T11:08:00+00:00, run_after=2023-08-14T11:09:00+00:00
[2023-08-14T14:09:35.907+0300] {processor.py:179} INFO - Processing /home/soamariaka/.local/lib/python3.9/site-packages/airflow/example_dags/example_branch_python_dop_operator_3.py took 0.266 seconds
[2023-08-14T14:11:12.159+0300] {processor.py:157} INFO - Started process (PID=14992) to work on /home/soamariaka/.local/lib/python3.9/site-packages/airflow/example_dags/example_branch_python_dop_operator_3.py
[2023-08-14T14:11:12.256+0300] {processor.py:826} INFO - Processing file /home/soamariaka/.local/lib/python3.9/site-packages/airflow/example_dags/example_branch_python_dop_operator_3.py for tasks to queue
[2023-08-14T14:11:12.259+0300] {logging_mixin.py:150} INFO - [2023-08-14T14:11:12.258+0300] {dagbag.py:541} INFO - Filling up the DagBag from /home/soamariaka/.local/lib/python3.9/site-packages/airflow/example_dags/example_branch_python_dop_operator_3.py
[2023-08-14T14:11:12.274+0300] {processor.py:836} INFO - DAG(s) dict_keys(['example_branch_dop_operator_v3']) retrieved from /home/soamariaka/.local/lib/python3.9/site-packages/airflow/example_dags/example_branch_python_dop_operator_3.py
[2023-08-14T14:11:12.302+0300] {logging_mixin.py:150} INFO - [2023-08-14T14:11:12.302+0300] {dag.py:2742} INFO - Sync 1 DAGs
[2023-08-14T14:11:12.412+0300] {logging_mixin.py:150} INFO - [2023-08-14T14:11:12.411+0300] {dag.py:3504} INFO - Setting next_dagrun for example_branch_dop_operator_v3 to 2023-08-14T11:10:00+00:00, run_after=2023-08-14T11:11:00+00:00
[2023-08-14T14:11:13.776+0300] {processor.py:179} INFO - Processing /home/soamariaka/.local/lib/python3.9/site-packages/airflow/example_dags/example_branch_python_dop_operator_3.py took 1.622 seconds
[2023-08-14T14:12:40.581+0300] {processor.py:157} INFO - Started process (PID=15160) to work on /home/soamariaka/.local/lib/python3.9/site-packages/airflow/example_dags/example_branch_python_dop_operator_3.py
[2023-08-14T14:12:40.655+0300] {processor.py:826} INFO - Processing file /home/soamariaka/.local/lib/python3.9/site-packages/airflow/example_dags/example_branch_python_dop_operator_3.py for tasks to queue
[2023-08-14T14:12:40.656+0300] {logging_mixin.py:150} INFO - [2023-08-14T14:12:40.656+0300] {dagbag.py:541} INFO - Filling up the DagBag from /home/soamariaka/.local/lib/python3.9/site-packages/airflow/example_dags/example_branch_python_dop_operator_3.py
[2023-08-14T14:12:40.673+0300] {processor.py:836} INFO - DAG(s) dict_keys(['example_branch_dop_operator_v3']) retrieved from /home/soamariaka/.local/lib/python3.9/site-packages/airflow/example_dags/example_branch_python_dop_operator_3.py
[2023-08-14T14:12:40.705+0300] {logging_mixin.py:150} INFO - [2023-08-14T14:12:40.704+0300] {dag.py:2742} INFO - Sync 1 DAGs
[2023-08-14T14:12:40.749+0300] {logging_mixin.py:150} INFO - [2023-08-14T14:12:40.749+0300] {dag.py:3504} INFO - Setting next_dagrun for example_branch_dop_operator_v3 to 2023-08-14T11:11:00+00:00, run_after=2023-08-14T11:12:00+00:00
[2023-08-14T14:12:40.898+0300] {processor.py:179} INFO - Processing /home/soamariaka/.local/lib/python3.9/site-packages/airflow/example_dags/example_branch_python_dop_operator_3.py took 0.322 seconds
[2023-08-14T14:13:39.246+0300] {processor.py:157} INFO - Started process (PID=15287) to work on /home/soamariaka/.local/lib/python3.9/site-packages/airflow/example_dags/example_branch_python_dop_operator_3.py
[2023-08-14T14:13:39.248+0300] {processor.py:826} INFO - Processing file /home/soamariaka/.local/lib/python3.9/site-packages/airflow/example_dags/example_branch_python_dop_operator_3.py for tasks to queue
[2023-08-14T14:13:39.251+0300] {logging_mixin.py:150} INFO - [2023-08-14T14:13:39.250+0300] {dagbag.py:541} INFO - Filling up the DagBag from /home/soamariaka/.local/lib/python3.9/site-packages/airflow/example_dags/example_branch_python_dop_operator_3.py
[2023-08-14T14:13:39.271+0300] {processor.py:836} INFO - DAG(s) dict_keys(['example_branch_dop_operator_v3']) retrieved from /home/soamariaka/.local/lib/python3.9/site-packages/airflow/example_dags/example_branch_python_dop_operator_3.py
[2023-08-14T14:13:39.304+0300] {logging_mixin.py:150} INFO - [2023-08-14T14:13:39.303+0300] {dag.py:2742} INFO - Sync 1 DAGs
[2023-08-14T14:13:39.352+0300] {logging_mixin.py:150} INFO - [2023-08-14T14:13:39.351+0300] {dag.py:3504} INFO - Setting next_dagrun for example_branch_dop_operator_v3 to 2023-08-14T11:12:00+00:00, run_after=2023-08-14T11:13:00+00:00
[2023-08-14T14:13:39.495+0300] {processor.py:179} INFO - Processing /home/soamariaka/.local/lib/python3.9/site-packages/airflow/example_dags/example_branch_python_dop_operator_3.py took 0.255 seconds
[2023-08-14T14:14:46.357+0300] {processor.py:157} INFO - Started process (PID=15378) to work on /home/soamariaka/.local/lib/python3.9/site-packages/airflow/example_dags/example_branch_python_dop_operator_3.py
[2023-08-14T14:14:46.359+0300] {processor.py:826} INFO - Processing file /home/soamariaka/.local/lib/python3.9/site-packages/airflow/example_dags/example_branch_python_dop_operator_3.py for tasks to queue
[2023-08-14T14:14:46.361+0300] {logging_mixin.py:150} INFO - [2023-08-14T14:14:46.360+0300] {dagbag.py:541} INFO - Filling up the DagBag from /home/soamariaka/.local/lib/python3.9/site-packages/airflow/example_dags/example_branch_python_dop_operator_3.py
[2023-08-14T14:14:46.378+0300] {processor.py:836} INFO - DAG(s) dict_keys(['example_branch_dop_operator_v3']) retrieved from /home/soamariaka/.local/lib/python3.9/site-packages/airflow/example_dags/example_branch_python_dop_operator_3.py
[2023-08-14T14:14:46.404+0300] {logging_mixin.py:150} INFO - [2023-08-14T14:14:46.404+0300] {dag.py:2742} INFO - Sync 1 DAGs
[2023-08-14T14:14:46.445+0300] {logging_mixin.py:150} INFO - [2023-08-14T14:14:46.445+0300] {dag.py:3504} INFO - Setting next_dagrun for example_branch_dop_operator_v3 to 2023-08-14T11:13:00+00:00, run_after=2023-08-14T11:14:00+00:00
[2023-08-14T14:14:46.568+0300] {processor.py:179} INFO - Processing /home/soamariaka/.local/lib/python3.9/site-packages/airflow/example_dags/example_branch_python_dop_operator_3.py took 0.216 seconds
[2023-08-14T14:15:45.590+0300] {processor.py:157} INFO - Started process (PID=15572) to work on /home/soamariaka/.local/lib/python3.9/site-packages/airflow/example_dags/example_branch_python_dop_operator_3.py
[2023-08-14T14:15:45.592+0300] {processor.py:826} INFO - Processing file /home/soamariaka/.local/lib/python3.9/site-packages/airflow/example_dags/example_branch_python_dop_operator_3.py for tasks to queue
[2023-08-14T14:15:45.595+0300] {logging_mixin.py:150} INFO - [2023-08-14T14:15:45.594+0300] {dagbag.py:541} INFO - Filling up the DagBag from /home/soamariaka/.local/lib/python3.9/site-packages/airflow/example_dags/example_branch_python_dop_operator_3.py
[2023-08-14T14:15:45.620+0300] {processor.py:836} INFO - DAG(s) dict_keys(['example_branch_dop_operator_v3']) retrieved from /home/soamariaka/.local/lib/python3.9/site-packages/airflow/example_dags/example_branch_python_dop_operator_3.py
[2023-08-14T14:15:45.663+0300] {logging_mixin.py:150} INFO - [2023-08-14T14:15:45.662+0300] {dag.py:2742} INFO - Sync 1 DAGs
[2023-08-14T14:15:45.717+0300] {logging_mixin.py:150} INFO - [2023-08-14T14:15:45.717+0300] {dag.py:3504} INFO - Setting next_dagrun for example_branch_dop_operator_v3 to 2023-08-14T11:14:00+00:00, run_after=2023-08-14T11:15:00+00:00
[2023-08-14T14:15:45.880+0300] {processor.py:179} INFO - Processing /home/soamariaka/.local/lib/python3.9/site-packages/airflow/example_dags/example_branch_python_dop_operator_3.py took 0.298 seconds
[2023-08-14T14:16:50.264+0300] {processor.py:157} INFO - Started process (PID=15650) to work on /home/soamariaka/.local/lib/python3.9/site-packages/airflow/example_dags/example_branch_python_dop_operator_3.py
[2023-08-14T14:16:50.266+0300] {processor.py:826} INFO - Processing file /home/soamariaka/.local/lib/python3.9/site-packages/airflow/example_dags/example_branch_python_dop_operator_3.py for tasks to queue
[2023-08-14T14:16:50.268+0300] {logging_mixin.py:150} INFO - [2023-08-14T14:16:50.267+0300] {dagbag.py:541} INFO - Filling up the DagBag from /home/soamariaka/.local/lib/python3.9/site-packages/airflow/example_dags/example_branch_python_dop_operator_3.py
[2023-08-14T14:16:50.285+0300] {processor.py:836} INFO - DAG(s) dict_keys(['example_branch_dop_operator_v3']) retrieved from /home/soamariaka/.local/lib/python3.9/site-packages/airflow/example_dags/example_branch_python_dop_operator_3.py
[2023-08-14T14:16:50.311+0300] {logging_mixin.py:150} INFO - [2023-08-14T14:16:50.311+0300] {dag.py:2742} INFO - Sync 1 DAGs
[2023-08-14T14:16:50.352+0300] {logging_mixin.py:150} INFO - [2023-08-14T14:16:50.352+0300] {dag.py:3504} INFO - Setting next_dagrun for example_branch_dop_operator_v3 to 2023-08-14T11:15:00+00:00, run_after=2023-08-14T11:16:00+00:00
[2023-08-14T14:16:50.477+0300] {processor.py:179} INFO - Processing /home/soamariaka/.local/lib/python3.9/site-packages/airflow/example_dags/example_branch_python_dop_operator_3.py took 0.218 seconds
[2023-08-14T14:17:57.974+0300] {processor.py:157} INFO - Started process (PID=15772) to work on /home/soamariaka/.local/lib/python3.9/site-packages/airflow/example_dags/example_branch_python_dop_operator_3.py
[2023-08-14T14:17:57.975+0300] {processor.py:826} INFO - Processing file /home/soamariaka/.local/lib/python3.9/site-packages/airflow/example_dags/example_branch_python_dop_operator_3.py for tasks to queue
[2023-08-14T14:17:57.977+0300] {logging_mixin.py:150} INFO - [2023-08-14T14:17:57.976+0300] {dagbag.py:541} INFO - Filling up the DagBag from /home/soamariaka/.local/lib/python3.9/site-packages/airflow/example_dags/example_branch_python_dop_operator_3.py
[2023-08-14T14:17:57.998+0300] {processor.py:836} INFO - DAG(s) dict_keys(['example_branch_dop_operator_v3']) retrieved from /home/soamariaka/.local/lib/python3.9/site-packages/airflow/example_dags/example_branch_python_dop_operator_3.py
[2023-08-14T14:17:58.039+0300] {logging_mixin.py:150} INFO - [2023-08-14T14:17:58.038+0300] {dag.py:2742} INFO - Sync 1 DAGs
[2023-08-14T14:17:58.091+0300] {logging_mixin.py:150} INFO - [2023-08-14T14:17:58.090+0300] {dag.py:3504} INFO - Setting next_dagrun for example_branch_dop_operator_v3 to 2023-08-14T11:16:00+00:00, run_after=2023-08-14T11:17:00+00:00
[2023-08-14T14:17:58.914+0300] {processor.py:179} INFO - Processing /home/soamariaka/.local/lib/python3.9/site-packages/airflow/example_dags/example_branch_python_dop_operator_3.py took 0.947 seconds
[2023-08-14T14:19:17.373+0300] {processor.py:157} INFO - Started process (PID=15945) to work on /home/soamariaka/.local/lib/python3.9/site-packages/airflow/example_dags/example_branch_python_dop_operator_3.py
[2023-08-14T14:19:17.395+0300] {processor.py:826} INFO - Processing file /home/soamariaka/.local/lib/python3.9/site-packages/airflow/example_dags/example_branch_python_dop_operator_3.py for tasks to queue
[2023-08-14T14:19:17.396+0300] {logging_mixin.py:150} INFO - [2023-08-14T14:19:17.395+0300] {dagbag.py:541} INFO - Filling up the DagBag from /home/soamariaka/.local/lib/python3.9/site-packages/airflow/example_dags/example_branch_python_dop_operator_3.py
[2023-08-14T14:19:17.409+0300] {processor.py:836} INFO - DAG(s) dict_keys(['example_branch_dop_operator_v3']) retrieved from /home/soamariaka/.local/lib/python3.9/site-packages/airflow/example_dags/example_branch_python_dop_operator_3.py
[2023-08-14T14:19:17.433+0300] {logging_mixin.py:150} INFO - [2023-08-14T14:19:17.433+0300] {dag.py:2742} INFO - Sync 1 DAGs
[2023-08-14T14:19:17.474+0300] {logging_mixin.py:150} INFO - [2023-08-14T14:19:17.474+0300] {dag.py:3504} INFO - Setting next_dagrun for example_branch_dop_operator_v3 to 2023-08-14T11:18:00+00:00, run_after=2023-08-14T11:19:00+00:00
[2023-08-14T14:19:17.647+0300] {processor.py:179} INFO - Processing /home/soamariaka/.local/lib/python3.9/site-packages/airflow/example_dags/example_branch_python_dop_operator_3.py took 0.278 seconds
[2023-08-14T14:20:21.428+0300] {processor.py:157} INFO - Started process (PID=16031) to work on /home/soamariaka/.local/lib/python3.9/site-packages/airflow/example_dags/example_branch_python_dop_operator_3.py
[2023-08-14T14:20:21.460+0300] {processor.py:826} INFO - Processing file /home/soamariaka/.local/lib/python3.9/site-packages/airflow/example_dags/example_branch_python_dop_operator_3.py for tasks to queue
[2023-08-14T14:20:21.461+0300] {logging_mixin.py:150} INFO - [2023-08-14T14:20:21.461+0300] {dagbag.py:541} INFO - Filling up the DagBag from /home/soamariaka/.local/lib/python3.9/site-packages/airflow/example_dags/example_branch_python_dop_operator_3.py
[2023-08-14T14:20:21.474+0300] {processor.py:836} INFO - DAG(s) dict_keys(['example_branch_dop_operator_v3']) retrieved from /home/soamariaka/.local/lib/python3.9/site-packages/airflow/example_dags/example_branch_python_dop_operator_3.py
[2023-08-14T14:20:21.507+0300] {logging_mixin.py:150} INFO - [2023-08-14T14:20:21.507+0300] {dag.py:2742} INFO - Sync 1 DAGs
[2023-08-14T14:20:21.555+0300] {logging_mixin.py:150} INFO - [2023-08-14T14:20:21.555+0300] {dag.py:3504} INFO - Setting next_dagrun for example_branch_dop_operator_v3 to 2023-08-14T11:19:00+00:00, run_after=2023-08-14T11:20:00+00:00
[2023-08-14T14:20:23.053+0300] {processor.py:179} INFO - Processing /home/soamariaka/.local/lib/python3.9/site-packages/airflow/example_dags/example_branch_python_dop_operator_3.py took 1.631 seconds
[2023-08-14T14:22:00.657+0300] {processor.py:157} INFO - Started process (PID=16122) to work on /home/soamariaka/.local/lib/python3.9/site-packages/airflow/example_dags/example_branch_python_dop_operator_3.py
[2023-08-14T14:22:00.669+0300] {processor.py:826} INFO - Processing file /home/soamariaka/.local/lib/python3.9/site-packages/airflow/example_dags/example_branch_python_dop_operator_3.py for tasks to queue
[2023-08-14T14:22:00.671+0300] {logging_mixin.py:150} INFO - [2023-08-14T14:22:00.670+0300] {dagbag.py:541} INFO - Filling up the DagBag from /home/soamariaka/.local/lib/python3.9/site-packages/airflow/example_dags/example_branch_python_dop_operator_3.py
[2023-08-14T14:22:00.684+0300] {processor.py:836} INFO - DAG(s) dict_keys(['example_branch_dop_operator_v3']) retrieved from /home/soamariaka/.local/lib/python3.9/site-packages/airflow/example_dags/example_branch_python_dop_operator_3.py
[2023-08-14T14:22:00.713+0300] {logging_mixin.py:150} INFO - [2023-08-14T14:22:00.713+0300] {dag.py:2742} INFO - Sync 1 DAGs
[2023-08-14T14:22:00.763+0300] {logging_mixin.py:150} INFO - [2023-08-14T14:22:00.763+0300] {dag.py:3504} INFO - Setting next_dagrun for example_branch_dop_operator_v3 to 2023-08-14T11:21:00+00:00, run_after=2023-08-14T11:22:00+00:00
[2023-08-14T14:22:00.895+0300] {processor.py:179} INFO - Processing /home/soamariaka/.local/lib/python3.9/site-packages/airflow/example_dags/example_branch_python_dop_operator_3.py took 0.243 seconds
[2023-08-14T14:22:59.126+0300] {processor.py:157} INFO - Started process (PID=16177) to work on /home/soamariaka/.local/lib/python3.9/site-packages/airflow/example_dags/example_branch_python_dop_operator_3.py
[2023-08-14T14:22:59.128+0300] {processor.py:826} INFO - Processing file /home/soamariaka/.local/lib/python3.9/site-packages/airflow/example_dags/example_branch_python_dop_operator_3.py for tasks to queue
[2023-08-14T14:22:59.130+0300] {logging_mixin.py:150} INFO - [2023-08-14T14:22:59.129+0300] {dagbag.py:541} INFO - Filling up the DagBag from /home/soamariaka/.local/lib/python3.9/site-packages/airflow/example_dags/example_branch_python_dop_operator_3.py
[2023-08-14T14:22:59.146+0300] {processor.py:836} INFO - DAG(s) dict_keys(['example_branch_dop_operator_v3']) retrieved from /home/soamariaka/.local/lib/python3.9/site-packages/airflow/example_dags/example_branch_python_dop_operator_3.py
[2023-08-14T14:22:59.173+0300] {logging_mixin.py:150} INFO - [2023-08-14T14:22:59.173+0300] {dag.py:2742} INFO - Sync 1 DAGs
[2023-08-14T14:22:59.214+0300] {logging_mixin.py:150} INFO - [2023-08-14T14:22:59.214+0300] {dag.py:3504} INFO - Setting next_dagrun for example_branch_dop_operator_v3 to 2023-08-14T11:21:00+00:00, run_after=2023-08-14T11:22:00+00:00
[2023-08-14T14:22:59.379+0300] {processor.py:179} INFO - Processing /home/soamariaka/.local/lib/python3.9/site-packages/airflow/example_dags/example_branch_python_dop_operator_3.py took 0.258 seconds
[2023-08-14T14:24:02.077+0300] {processor.py:157} INFO - Started process (PID=16244) to work on /home/soamariaka/.local/lib/python3.9/site-packages/airflow/example_dags/example_branch_python_dop_operator_3.py
[2023-08-14T14:24:02.114+0300] {processor.py:826} INFO - Processing file /home/soamariaka/.local/lib/python3.9/site-packages/airflow/example_dags/example_branch_python_dop_operator_3.py for tasks to queue
[2023-08-14T14:24:02.116+0300] {logging_mixin.py:150} INFO - [2023-08-14T14:24:02.115+0300] {dagbag.py:541} INFO - Filling up the DagBag from /home/soamariaka/.local/lib/python3.9/site-packages/airflow/example_dags/example_branch_python_dop_operator_3.py
[2023-08-14T14:24:02.132+0300] {processor.py:836} INFO - DAG(s) dict_keys(['example_branch_dop_operator_v3']) retrieved from /home/soamariaka/.local/lib/python3.9/site-packages/airflow/example_dags/example_branch_python_dop_operator_3.py
[2023-08-14T14:24:02.164+0300] {logging_mixin.py:150} INFO - [2023-08-14T14:24:02.163+0300] {dag.py:2742} INFO - Sync 1 DAGs
[2023-08-14T14:24:02.206+0300] {logging_mixin.py:150} INFO - [2023-08-14T14:24:02.206+0300] {dag.py:3504} INFO - Setting next_dagrun for example_branch_dop_operator_v3 to 2023-08-14T11:23:00+00:00, run_after=2023-08-14T11:24:00+00:00
[2023-08-14T14:24:02.343+0300] {processor.py:179} INFO - Processing /home/soamariaka/.local/lib/python3.9/site-packages/airflow/example_dags/example_branch_python_dop_operator_3.py took 0.271 seconds
[2023-08-14T14:25:00.276+0300] {processor.py:157} INFO - Started process (PID=16544) to work on /home/soamariaka/.local/lib/python3.9/site-packages/airflow/example_dags/example_branch_python_dop_operator_3.py
[2023-08-14T14:25:00.313+0300] {processor.py:826} INFO - Processing file /home/soamariaka/.local/lib/python3.9/site-packages/airflow/example_dags/example_branch_python_dop_operator_3.py for tasks to queue
[2023-08-14T14:25:00.314+0300] {logging_mixin.py:150} INFO - [2023-08-14T14:25:00.314+0300] {dagbag.py:541} INFO - Filling up the DagBag from /home/soamariaka/.local/lib/python3.9/site-packages/airflow/example_dags/example_branch_python_dop_operator_3.py
[2023-08-14T14:25:00.331+0300] {processor.py:836} INFO - DAG(s) dict_keys(['example_branch_dop_operator_v3']) retrieved from /home/soamariaka/.local/lib/python3.9/site-packages/airflow/example_dags/example_branch_python_dop_operator_3.py
[2023-08-14T14:25:00.362+0300] {logging_mixin.py:150} INFO - [2023-08-14T14:25:00.362+0300] {dag.py:2742} INFO - Sync 1 DAGs
[2023-08-14T14:25:00.406+0300] {logging_mixin.py:150} INFO - [2023-08-14T14:25:00.405+0300] {dag.py:3504} INFO - Setting next_dagrun for example_branch_dop_operator_v3 to 2023-08-14T11:24:00+00:00, run_after=2023-08-14T11:25:00+00:00
[2023-08-14T14:25:00.531+0300] {processor.py:179} INFO - Processing /home/soamariaka/.local/lib/python3.9/site-packages/airflow/example_dags/example_branch_python_dop_operator_3.py took 0.260 seconds
[2023-08-14T14:26:01.576+0300] {processor.py:157} INFO - Started process (PID=16701) to work on /home/soamariaka/.local/lib/python3.9/site-packages/airflow/example_dags/example_branch_python_dop_operator_3.py
[2023-08-14T14:26:01.578+0300] {processor.py:826} INFO - Processing file /home/soamariaka/.local/lib/python3.9/site-packages/airflow/example_dags/example_branch_python_dop_operator_3.py for tasks to queue
[2023-08-14T14:26:01.580+0300] {logging_mixin.py:150} INFO - [2023-08-14T14:26:01.579+0300] {dagbag.py:541} INFO - Filling up the DagBag from /home/soamariaka/.local/lib/python3.9/site-packages/airflow/example_dags/example_branch_python_dop_operator_3.py
[2023-08-14T14:26:01.596+0300] {processor.py:836} INFO - DAG(s) dict_keys(['example_branch_dop_operator_v3']) retrieved from /home/soamariaka/.local/lib/python3.9/site-packages/airflow/example_dags/example_branch_python_dop_operator_3.py
[2023-08-14T14:26:01.623+0300] {logging_mixin.py:150} INFO - [2023-08-14T14:26:01.622+0300] {dag.py:2742} INFO - Sync 1 DAGs
[2023-08-14T14:26:01.664+0300] {logging_mixin.py:150} INFO - [2023-08-14T14:26:01.664+0300] {dag.py:3504} INFO - Setting next_dagrun for example_branch_dop_operator_v3 to 2023-08-14T11:25:00+00:00, run_after=2023-08-14T11:26:00+00:00
[2023-08-14T14:26:01.787+0300] {processor.py:179} INFO - Processing /home/soamariaka/.local/lib/python3.9/site-packages/airflow/example_dags/example_branch_python_dop_operator_3.py took 0.216 seconds
[2023-08-14T14:27:00.340+0300] {processor.py:157} INFO - Started process (PID=16756) to work on /home/soamariaka/.local/lib/python3.9/site-packages/airflow/example_dags/example_branch_python_dop_operator_3.py
[2023-08-14T14:27:00.379+0300] {processor.py:826} INFO - Processing file /home/soamariaka/.local/lib/python3.9/site-packages/airflow/example_dags/example_branch_python_dop_operator_3.py for tasks to queue
[2023-08-14T14:27:00.381+0300] {logging_mixin.py:150} INFO - [2023-08-14T14:27:00.380+0300] {dagbag.py:541} INFO - Filling up the DagBag from /home/soamariaka/.local/lib/python3.9/site-packages/airflow/example_dags/example_branch_python_dop_operator_3.py
[2023-08-14T14:27:00.397+0300] {processor.py:836} INFO - DAG(s) dict_keys(['example_branch_dop_operator_v3']) retrieved from /home/soamariaka/.local/lib/python3.9/site-packages/airflow/example_dags/example_branch_python_dop_operator_3.py
[2023-08-14T14:27:00.429+0300] {logging_mixin.py:150} INFO - [2023-08-14T14:27:00.429+0300] {dag.py:2742} INFO - Sync 1 DAGs
[2023-08-14T14:27:00.472+0300] {logging_mixin.py:150} INFO - [2023-08-14T14:27:00.472+0300] {dag.py:3504} INFO - Setting next_dagrun for example_branch_dop_operator_v3 to 2023-08-14T11:26:00+00:00, run_after=2023-08-14T11:27:00+00:00
[2023-08-14T14:27:00.644+0300] {processor.py:179} INFO - Processing /home/soamariaka/.local/lib/python3.9/site-packages/airflow/example_dags/example_branch_python_dop_operator_3.py took 0.310 seconds
[2023-08-14T14:28:01.408+0300] {processor.py:157} INFO - Started process (PID=16882) to work on /home/soamariaka/.local/lib/python3.9/site-packages/airflow/example_dags/example_branch_python_dop_operator_3.py
[2023-08-14T14:28:01.437+0300] {processor.py:826} INFO - Processing file /home/soamariaka/.local/lib/python3.9/site-packages/airflow/example_dags/example_branch_python_dop_operator_3.py for tasks to queue
[2023-08-14T14:28:01.439+0300] {logging_mixin.py:150} INFO - [2023-08-14T14:28:01.438+0300] {dagbag.py:541} INFO - Filling up the DagBag from /home/soamariaka/.local/lib/python3.9/site-packages/airflow/example_dags/example_branch_python_dop_operator_3.py
[2023-08-14T14:28:01.456+0300] {processor.py:836} INFO - DAG(s) dict_keys(['example_branch_dop_operator_v3']) retrieved from /home/soamariaka/.local/lib/python3.9/site-packages/airflow/example_dags/example_branch_python_dop_operator_3.py
[2023-08-14T14:28:01.487+0300] {logging_mixin.py:150} INFO - [2023-08-14T14:28:01.486+0300] {dag.py:2742} INFO - Sync 1 DAGs
[2023-08-14T14:28:01.529+0300] {logging_mixin.py:150} INFO - [2023-08-14T14:28:01.529+0300] {dag.py:3504} INFO - Setting next_dagrun for example_branch_dop_operator_v3 to 2023-08-14T11:27:00+00:00, run_after=2023-08-14T11:28:00+00:00
[2023-08-14T14:28:01.645+0300] {processor.py:179} INFO - Processing /home/soamariaka/.local/lib/python3.9/site-packages/airflow/example_dags/example_branch_python_dop_operator_3.py took 0.243 seconds
[2023-08-14T14:29:04.636+0300] {processor.py:157} INFO - Started process (PID=17041) to work on /home/soamariaka/.local/lib/python3.9/site-packages/airflow/example_dags/example_branch_python_dop_operator_3.py
[2023-08-14T14:29:04.770+0300] {processor.py:826} INFO - Processing file /home/soamariaka/.local/lib/python3.9/site-packages/airflow/example_dags/example_branch_python_dop_operator_3.py for tasks to queue
[2023-08-14T14:29:04.772+0300] {logging_mixin.py:150} INFO - [2023-08-14T14:29:04.771+0300] {dagbag.py:541} INFO - Filling up the DagBag from /home/soamariaka/.local/lib/python3.9/site-packages/airflow/example_dags/example_branch_python_dop_operator_3.py
[2023-08-14T14:29:04.788+0300] {processor.py:836} INFO - DAG(s) dict_keys(['example_branch_dop_operator_v3']) retrieved from /home/soamariaka/.local/lib/python3.9/site-packages/airflow/example_dags/example_branch_python_dop_operator_3.py
[2023-08-14T14:29:04.820+0300] {logging_mixin.py:150} INFO - [2023-08-14T14:29:04.820+0300] {dag.py:2742} INFO - Sync 1 DAGs
[2023-08-14T14:29:04.866+0300] {logging_mixin.py:150} INFO - [2023-08-14T14:29:04.866+0300] {dag.py:3504} INFO - Setting next_dagrun for example_branch_dop_operator_v3 to 2023-08-14T11:28:00+00:00, run_after=2023-08-14T11:29:00+00:00
[2023-08-14T14:29:05.414+0300] {processor.py:179} INFO - Processing /home/soamariaka/.local/lib/python3.9/site-packages/airflow/example_dags/example_branch_python_dop_operator_3.py took 0.783 seconds
[2023-08-14T14:30:02.017+0300] {processor.py:157} INFO - Started process (PID=17175) to work on /home/soamariaka/.local/lib/python3.9/site-packages/airflow/example_dags/example_branch_python_dop_operator_3.py
[2023-08-14T14:30:02.019+0300] {processor.py:826} INFO - Processing file /home/soamariaka/.local/lib/python3.9/site-packages/airflow/example_dags/example_branch_python_dop_operator_3.py for tasks to queue
[2023-08-14T14:30:02.020+0300] {logging_mixin.py:150} INFO - [2023-08-14T14:30:02.019+0300] {dagbag.py:541} INFO - Filling up the DagBag from /home/soamariaka/.local/lib/python3.9/site-packages/airflow/example_dags/example_branch_python_dop_operator_3.py
[2023-08-14T14:30:02.033+0300] {processor.py:836} INFO - DAG(s) dict_keys(['example_branch_dop_operator_v3']) retrieved from /home/soamariaka/.local/lib/python3.9/site-packages/airflow/example_dags/example_branch_python_dop_operator_3.py
[2023-08-14T14:30:02.057+0300] {logging_mixin.py:150} INFO - [2023-08-14T14:30:02.057+0300] {dag.py:2742} INFO - Sync 1 DAGs
[2023-08-14T14:30:02.098+0300] {logging_mixin.py:150} INFO - [2023-08-14T14:30:02.098+0300] {dag.py:3504} INFO - Setting next_dagrun for example_branch_dop_operator_v3 to 2023-08-14T11:29:00+00:00, run_after=2023-08-14T11:30:00+00:00
[2023-08-14T14:30:02.222+0300] {processor.py:179} INFO - Processing /home/soamariaka/.local/lib/python3.9/site-packages/airflow/example_dags/example_branch_python_dop_operator_3.py took 0.210 seconds
[2023-08-14T14:30:55.763+0300] {processor.py:157} INFO - Started process (PID=17258) to work on /home/soamariaka/.local/lib/python3.9/site-packages/airflow/example_dags/example_branch_python_dop_operator_3.py
[2023-08-14T14:30:55.880+0300] {processor.py:826} INFO - Processing file /home/soamariaka/.local/lib/python3.9/site-packages/airflow/example_dags/example_branch_python_dop_operator_3.py for tasks to queue
[2023-08-14T14:30:55.883+0300] {logging_mixin.py:150} INFO - [2023-08-14T14:30:55.882+0300] {dagbag.py:541} INFO - Filling up the DagBag from /home/soamariaka/.local/lib/python3.9/site-packages/airflow/example_dags/example_branch_python_dop_operator_3.py
[2023-08-14T14:30:55.904+0300] {processor.py:836} INFO - DAG(s) dict_keys(['example_branch_dop_operator_v3']) retrieved from /home/soamariaka/.local/lib/python3.9/site-packages/airflow/example_dags/example_branch_python_dop_operator_3.py
[2023-08-14T14:30:55.941+0300] {logging_mixin.py:150} INFO - [2023-08-14T14:30:55.941+0300] {dag.py:2742} INFO - Sync 1 DAGs
[2023-08-14T14:30:55.987+0300] {logging_mixin.py:150} INFO - [2023-08-14T14:30:55.987+0300] {dag.py:3504} INFO - Setting next_dagrun for example_branch_dop_operator_v3 to 2023-08-14T11:29:00+00:00, run_after=2023-08-14T11:30:00+00:00
[2023-08-14T14:30:56.181+0300] {processor.py:179} INFO - Processing /home/soamariaka/.local/lib/python3.9/site-packages/airflow/example_dags/example_branch_python_dop_operator_3.py took 0.426 seconds
[2023-08-14T14:31:55.964+0300] {processor.py:157} INFO - Started process (PID=17344) to work on /home/soamariaka/.local/lib/python3.9/site-packages/airflow/example_dags/example_branch_python_dop_operator_3.py
[2023-08-14T14:31:55.966+0300] {processor.py:826} INFO - Processing file /home/soamariaka/.local/lib/python3.9/site-packages/airflow/example_dags/example_branch_python_dop_operator_3.py for tasks to queue
[2023-08-14T14:31:55.968+0300] {logging_mixin.py:150} INFO - [2023-08-14T14:31:55.967+0300] {dagbag.py:541} INFO - Filling up the DagBag from /home/soamariaka/.local/lib/python3.9/site-packages/airflow/example_dags/example_branch_python_dop_operator_3.py
[2023-08-14T14:31:55.984+0300] {processor.py:836} INFO - DAG(s) dict_keys(['example_branch_dop_operator_v3']) retrieved from /home/soamariaka/.local/lib/python3.9/site-packages/airflow/example_dags/example_branch_python_dop_operator_3.py
[2023-08-14T14:31:56.011+0300] {logging_mixin.py:150} INFO - [2023-08-14T14:31:56.011+0300] {dag.py:2742} INFO - Sync 1 DAGs
[2023-08-14T14:31:56.053+0300] {logging_mixin.py:150} INFO - [2023-08-14T14:31:56.052+0300] {dag.py:3504} INFO - Setting next_dagrun for example_branch_dop_operator_v3 to 2023-08-14T11:30:00+00:00, run_after=2023-08-14T11:31:00+00:00
[2023-08-14T14:31:56.204+0300] {processor.py:179} INFO - Processing /home/soamariaka/.local/lib/python3.9/site-packages/airflow/example_dags/example_branch_python_dop_operator_3.py took 0.246 seconds
[2023-08-14T14:32:54.900+0300] {processor.py:157} INFO - Started process (PID=17464) to work on /home/soamariaka/.local/lib/python3.9/site-packages/airflow/example_dags/example_branch_python_dop_operator_3.py
[2023-08-14T14:32:54.902+0300] {processor.py:826} INFO - Processing file /home/soamariaka/.local/lib/python3.9/site-packages/airflow/example_dags/example_branch_python_dop_operator_3.py for tasks to queue
[2023-08-14T14:32:54.903+0300] {logging_mixin.py:150} INFO - [2023-08-14T14:32:54.903+0300] {dagbag.py:541} INFO - Filling up the DagBag from /home/soamariaka/.local/lib/python3.9/site-packages/airflow/example_dags/example_branch_python_dop_operator_3.py
[2023-08-14T14:32:54.916+0300] {processor.py:836} INFO - DAG(s) dict_keys(['example_branch_dop_operator_v3']) retrieved from /home/soamariaka/.local/lib/python3.9/site-packages/airflow/example_dags/example_branch_python_dop_operator_3.py
[2023-08-14T14:32:54.941+0300] {logging_mixin.py:150} INFO - [2023-08-14T14:32:54.941+0300] {dag.py:2742} INFO - Sync 1 DAGs
[2023-08-14T14:32:54.982+0300] {logging_mixin.py:150} INFO - [2023-08-14T14:32:54.981+0300] {dag.py:3504} INFO - Setting next_dagrun for example_branch_dop_operator_v3 to 2023-08-14T11:31:00+00:00, run_after=2023-08-14T11:32:00+00:00
[2023-08-14T14:32:55.419+0300] {processor.py:179} INFO - Processing /home/soamariaka/.local/lib/python3.9/site-packages/airflow/example_dags/example_branch_python_dop_operator_3.py took 0.523 seconds
[2023-08-14T14:33:54.480+0300] {processor.py:157} INFO - Started process (PID=17583) to work on /home/soamariaka/.local/lib/python3.9/site-packages/airflow/example_dags/example_branch_python_dop_operator_3.py
[2023-08-14T14:33:54.515+0300] {processor.py:826} INFO - Processing file /home/soamariaka/.local/lib/python3.9/site-packages/airflow/example_dags/example_branch_python_dop_operator_3.py for tasks to queue
[2023-08-14T14:33:54.517+0300] {logging_mixin.py:150} INFO - [2023-08-14T14:33:54.516+0300] {dagbag.py:541} INFO - Filling up the DagBag from /home/soamariaka/.local/lib/python3.9/site-packages/airflow/example_dags/example_branch_python_dop_operator_3.py
[2023-08-14T14:33:54.533+0300] {processor.py:836} INFO - DAG(s) dict_keys(['example_branch_dop_operator_v3']) retrieved from /home/soamariaka/.local/lib/python3.9/site-packages/airflow/example_dags/example_branch_python_dop_operator_3.py
[2023-08-14T14:33:54.565+0300] {logging_mixin.py:150} INFO - [2023-08-14T14:33:54.564+0300] {dag.py:2742} INFO - Sync 1 DAGs
[2023-08-14T14:33:54.607+0300] {logging_mixin.py:150} INFO - [2023-08-14T14:33:54.607+0300] {dag.py:3504} INFO - Setting next_dagrun for example_branch_dop_operator_v3 to 2023-08-14T11:32:00+00:00, run_after=2023-08-14T11:33:00+00:00
[2023-08-14T14:33:54.734+0300] {processor.py:179} INFO - Processing /home/soamariaka/.local/lib/python3.9/site-packages/airflow/example_dags/example_branch_python_dop_operator_3.py took 0.259 seconds
[2023-08-14T14:35:05.947+0300] {processor.py:157} INFO - Started process (PID=17794) to work on /home/soamariaka/.local/lib/python3.9/site-packages/airflow/example_dags/example_branch_python_dop_operator_3.py
[2023-08-14T14:35:05.967+0300] {processor.py:826} INFO - Processing file /home/soamariaka/.local/lib/python3.9/site-packages/airflow/example_dags/example_branch_python_dop_operator_3.py for tasks to queue
[2023-08-14T14:35:05.969+0300] {logging_mixin.py:150} INFO - [2023-08-14T14:35:05.968+0300] {dagbag.py:541} INFO - Filling up the DagBag from /home/soamariaka/.local/lib/python3.9/site-packages/airflow/example_dags/example_branch_python_dop_operator_3.py
[2023-08-14T14:35:05.986+0300] {processor.py:836} INFO - DAG(s) dict_keys(['example_branch_dop_operator_v3']) retrieved from /home/soamariaka/.local/lib/python3.9/site-packages/airflow/example_dags/example_branch_python_dop_operator_3.py
[2023-08-14T14:35:06.016+0300] {logging_mixin.py:150} INFO - [2023-08-14T14:35:06.016+0300] {dag.py:2742} INFO - Sync 1 DAGs
[2023-08-14T14:35:06.066+0300] {logging_mixin.py:150} INFO - [2023-08-14T14:35:06.066+0300] {dag.py:3504} INFO - Setting next_dagrun for example_branch_dop_operator_v3 to 2023-08-14T11:34:00+00:00, run_after=2023-08-14T11:35:00+00:00
[2023-08-14T14:35:07.678+0300] {processor.py:179} INFO - Processing /home/soamariaka/.local/lib/python3.9/site-packages/airflow/example_dags/example_branch_python_dop_operator_3.py took 1.736 seconds
[2023-08-14T14:36:53.564+0300] {processor.py:157} INFO - Started process (PID=18027) to work on /home/soamariaka/.local/lib/python3.9/site-packages/airflow/example_dags/example_branch_python_dop_operator_3.py
[2023-08-14T14:36:53.566+0300] {processor.py:826} INFO - Processing file /home/soamariaka/.local/lib/python3.9/site-packages/airflow/example_dags/example_branch_python_dop_operator_3.py for tasks to queue
[2023-08-14T14:36:53.567+0300] {logging_mixin.py:150} INFO - [2023-08-14T14:36:53.567+0300] {dagbag.py:541} INFO - Filling up the DagBag from /home/soamariaka/.local/lib/python3.9/site-packages/airflow/example_dags/example_branch_python_dop_operator_3.py
[2023-08-14T14:36:53.587+0300] {processor.py:836} INFO - DAG(s) dict_keys(['example_branch_dop_operator_v3']) retrieved from /home/soamariaka/.local/lib/python3.9/site-packages/airflow/example_dags/example_branch_python_dop_operator_3.py
[2023-08-14T14:36:53.632+0300] {logging_mixin.py:150} INFO - [2023-08-14T14:36:53.631+0300] {dag.py:2742} INFO - Sync 1 DAGs
[2023-08-14T14:36:53.674+0300] {logging_mixin.py:150} INFO - [2023-08-14T14:36:53.674+0300] {dag.py:3504} INFO - Setting next_dagrun for example_branch_dop_operator_v3 to 2023-08-14T11:35:00+00:00, run_after=2023-08-14T11:36:00+00:00
[2023-08-14T14:36:53.955+0300] {processor.py:179} INFO - Processing /home/soamariaka/.local/lib/python3.9/site-packages/airflow/example_dags/example_branch_python_dop_operator_3.py took 0.396 seconds
[2023-08-14T14:38:01.569+0300] {processor.py:157} INFO - Started process (PID=18185) to work on /home/soamariaka/.local/lib/python3.9/site-packages/airflow/example_dags/example_branch_python_dop_operator_3.py
[2023-08-14T14:38:01.572+0300] {processor.py:826} INFO - Processing file /home/soamariaka/.local/lib/python3.9/site-packages/airflow/example_dags/example_branch_python_dop_operator_3.py for tasks to queue
[2023-08-14T14:38:01.573+0300] {logging_mixin.py:150} INFO - [2023-08-14T14:38:01.573+0300] {dagbag.py:541} INFO - Filling up the DagBag from /home/soamariaka/.local/lib/python3.9/site-packages/airflow/example_dags/example_branch_python_dop_operator_3.py
[2023-08-14T14:38:01.587+0300] {processor.py:836} INFO - DAG(s) dict_keys(['example_branch_dop_operator_v3']) retrieved from /home/soamariaka/.local/lib/python3.9/site-packages/airflow/example_dags/example_branch_python_dop_operator_3.py
[2023-08-14T14:38:01.612+0300] {logging_mixin.py:150} INFO - [2023-08-14T14:38:01.612+0300] {dag.py:2742} INFO - Sync 1 DAGs
[2023-08-14T14:38:01.653+0300] {logging_mixin.py:150} INFO - [2023-08-14T14:38:01.653+0300] {dag.py:3504} INFO - Setting next_dagrun for example_branch_dop_operator_v3 to 2023-08-14T11:37:00+00:00, run_after=2023-08-14T11:38:00+00:00
[2023-08-14T14:38:01.794+0300] {processor.py:179} INFO - Processing /home/soamariaka/.local/lib/python3.9/site-packages/airflow/example_dags/example_branch_python_dop_operator_3.py took 0.230 seconds
[2023-08-14T14:39:07.813+0300] {processor.py:157} INFO - Started process (PID=18311) to work on /home/soamariaka/.local/lib/python3.9/site-packages/airflow/example_dags/example_branch_python_dop_operator_3.py
[2023-08-14T14:39:07.815+0300] {processor.py:826} INFO - Processing file /home/soamariaka/.local/lib/python3.9/site-packages/airflow/example_dags/example_branch_python_dop_operator_3.py for tasks to queue
[2023-08-14T14:39:07.816+0300] {logging_mixin.py:150} INFO - [2023-08-14T14:39:07.816+0300] {dagbag.py:541} INFO - Filling up the DagBag from /home/soamariaka/.local/lib/python3.9/site-packages/airflow/example_dags/example_branch_python_dop_operator_3.py
[2023-08-14T14:39:07.830+0300] {processor.py:836} INFO - DAG(s) dict_keys(['example_branch_dop_operator_v3']) retrieved from /home/soamariaka/.local/lib/python3.9/site-packages/airflow/example_dags/example_branch_python_dop_operator_3.py
[2023-08-14T14:39:07.857+0300] {logging_mixin.py:150} INFO - [2023-08-14T14:39:07.857+0300] {dag.py:2742} INFO - Sync 1 DAGs
[2023-08-14T14:39:07.916+0300] {logging_mixin.py:150} INFO - [2023-08-14T14:39:07.915+0300] {dag.py:3504} INFO - Setting next_dagrun for example_branch_dop_operator_v3 to 2023-08-14T11:38:00+00:00, run_after=2023-08-14T11:39:00+00:00
[2023-08-14T14:39:08.059+0300] {processor.py:179} INFO - Processing /home/soamariaka/.local/lib/python3.9/site-packages/airflow/example_dags/example_branch_python_dop_operator_3.py took 0.250 seconds
[2023-08-14T14:40:20.463+0300] {processor.py:157} INFO - Started process (PID=18524) to work on /home/soamariaka/.local/lib/python3.9/site-packages/airflow/example_dags/example_branch_python_dop_operator_3.py
[2023-08-14T14:40:20.480+0300] {processor.py:826} INFO - Processing file /home/soamariaka/.local/lib/python3.9/site-packages/airflow/example_dags/example_branch_python_dop_operator_3.py for tasks to queue
[2023-08-14T14:40:20.483+0300] {logging_mixin.py:150} INFO - [2023-08-14T14:40:20.482+0300] {dagbag.py:541} INFO - Filling up the DagBag from /home/soamariaka/.local/lib/python3.9/site-packages/airflow/example_dags/example_branch_python_dop_operator_3.py
[2023-08-14T14:40:20.550+0300] {processor.py:836} INFO - DAG(s) dict_keys(['example_branch_dop_operator_v3']) retrieved from /home/soamariaka/.local/lib/python3.9/site-packages/airflow/example_dags/example_branch_python_dop_operator_3.py
[2023-08-14T14:40:20.591+0300] {logging_mixin.py:150} INFO - [2023-08-14T14:40:20.590+0300] {dag.py:2742} INFO - Sync 1 DAGs
[2023-08-14T14:40:20.652+0300] {logging_mixin.py:150} INFO - [2023-08-14T14:40:20.652+0300] {dag.py:3504} INFO - Setting next_dagrun for example_branch_dop_operator_v3 to 2023-08-14T11:39:00+00:00, run_after=2023-08-14T11:40:00+00:00
[2023-08-14T14:40:20.875+0300] {processor.py:179} INFO - Processing /home/soamariaka/.local/lib/python3.9/site-packages/airflow/example_dags/example_branch_python_dop_operator_3.py took 0.419 seconds
