[2023-08-14T13:33:07.478+0300] {processor.py:157} INFO - Started process (PID=10769) to work on /home/soamariaka/.local/lib/python3.9/site-packages/airflow/example_dags/example_task_group_decorator.py
[2023-08-14T13:33:07.480+0300] {processor.py:826} INFO - Processing file /home/soamariaka/.local/lib/python3.9/site-packages/airflow/example_dags/example_task_group_decorator.py for tasks to queue
[2023-08-14T13:33:07.482+0300] {logging_mixin.py:150} INFO - [2023-08-14T13:33:07.481+0300] {dagbag.py:541} INFO - Filling up the DagBag from /home/soamariaka/.local/lib/python3.9/site-packages/airflow/example_dags/example_task_group_decorator.py
[2023-08-14T13:33:07.514+0300] {processor.py:836} INFO - DAG(s) dict_keys(['example_task_group_decorator']) retrieved from /home/soamariaka/.local/lib/python3.9/site-packages/airflow/example_dags/example_task_group_decorator.py
[2023-08-14T13:33:07.548+0300] {logging_mixin.py:150} INFO - [2023-08-14T13:33:07.548+0300] {dag.py:2742} INFO - Sync 1 DAGs
[2023-08-14T13:33:07.580+0300] {logging_mixin.py:150} INFO - [2023-08-14T13:33:07.580+0300] {dag.py:3504} INFO - Setting next_dagrun for example_task_group_decorator to 2023-08-13T10:33:07.579923+00:00, run_after=2023-08-14T10:33:07.579923+00:00
[2023-08-14T13:33:07.740+0300] {processor.py:179} INFO - Processing /home/soamariaka/.local/lib/python3.9/site-packages/airflow/example_dags/example_task_group_decorator.py took 0.269 seconds
[2023-08-14T13:34:16.065+0300] {processor.py:157} INFO - Started process (PID=10917) to work on /home/soamariaka/.local/lib/python3.9/site-packages/airflow/example_dags/example_task_group_decorator.py
[2023-08-14T13:34:16.083+0300] {processor.py:826} INFO - Processing file /home/soamariaka/.local/lib/python3.9/site-packages/airflow/example_dags/example_task_group_decorator.py for tasks to queue
[2023-08-14T13:34:16.084+0300] {logging_mixin.py:150} INFO - [2023-08-14T13:34:16.084+0300] {dagbag.py:541} INFO - Filling up the DagBag from /home/soamariaka/.local/lib/python3.9/site-packages/airflow/example_dags/example_task_group_decorator.py
[2023-08-14T13:34:16.112+0300] {processor.py:836} INFO - DAG(s) dict_keys(['example_task_group_decorator']) retrieved from /home/soamariaka/.local/lib/python3.9/site-packages/airflow/example_dags/example_task_group_decorator.py
[2023-08-14T13:34:16.536+0300] {logging_mixin.py:150} INFO - [2023-08-14T13:34:16.535+0300] {dag.py:2742} INFO - Sync 1 DAGs
[2023-08-14T13:34:19.868+0300] {logging_mixin.py:150} INFO - [2023-08-14T13:34:19.867+0300] {dag.py:3504} INFO - Setting next_dagrun for example_task_group_decorator to 2023-08-13T10:34:19.866223+00:00, run_after=2023-08-14T10:34:19.866223+00:00
[2023-08-14T13:34:20.169+0300] {processor.py:179} INFO - Processing /home/soamariaka/.local/lib/python3.9/site-packages/airflow/example_dags/example_task_group_decorator.py took 4.111 seconds
[2023-08-14T13:35:42.538+0300] {processor.py:157} INFO - Started process (PID=11053) to work on /home/soamariaka/.local/lib/python3.9/site-packages/airflow/example_dags/example_task_group_decorator.py
[2023-08-14T13:35:42.540+0300] {processor.py:826} INFO - Processing file /home/soamariaka/.local/lib/python3.9/site-packages/airflow/example_dags/example_task_group_decorator.py for tasks to queue
[2023-08-14T13:35:42.542+0300] {logging_mixin.py:150} INFO - [2023-08-14T13:35:42.541+0300] {dagbag.py:541} INFO - Filling up the DagBag from /home/soamariaka/.local/lib/python3.9/site-packages/airflow/example_dags/example_task_group_decorator.py
[2023-08-14T13:35:42.571+0300] {processor.py:836} INFO - DAG(s) dict_keys(['example_task_group_decorator']) retrieved from /home/soamariaka/.local/lib/python3.9/site-packages/airflow/example_dags/example_task_group_decorator.py
[2023-08-14T13:35:42.602+0300] {logging_mixin.py:150} INFO - [2023-08-14T13:35:42.601+0300] {dag.py:2742} INFO - Sync 1 DAGs
[2023-08-14T13:35:42.632+0300] {logging_mixin.py:150} INFO - [2023-08-14T13:35:42.632+0300] {dag.py:3504} INFO - Setting next_dagrun for example_task_group_decorator to 2023-08-13T10:35:42.631900+00:00, run_after=2023-08-14T10:35:42.631900+00:00
[2023-08-14T13:35:42.792+0300] {processor.py:179} INFO - Processing /home/soamariaka/.local/lib/python3.9/site-packages/airflow/example_dags/example_task_group_decorator.py took 0.260 seconds
[2023-08-14T13:36:42.071+0300] {processor.py:157} INFO - Started process (PID=11110) to work on /home/soamariaka/.local/lib/python3.9/site-packages/airflow/example_dags/example_task_group_decorator.py
[2023-08-14T13:36:42.073+0300] {processor.py:826} INFO - Processing file /home/soamariaka/.local/lib/python3.9/site-packages/airflow/example_dags/example_task_group_decorator.py for tasks to queue
[2023-08-14T13:36:42.075+0300] {logging_mixin.py:150} INFO - [2023-08-14T13:36:42.074+0300] {dagbag.py:541} INFO - Filling up the DagBag from /home/soamariaka/.local/lib/python3.9/site-packages/airflow/example_dags/example_task_group_decorator.py
[2023-08-14T13:36:42.101+0300] {processor.py:836} INFO - DAG(s) dict_keys(['example_task_group_decorator']) retrieved from /home/soamariaka/.local/lib/python3.9/site-packages/airflow/example_dags/example_task_group_decorator.py
[2023-08-14T13:36:42.140+0300] {logging_mixin.py:150} INFO - [2023-08-14T13:36:42.140+0300] {dag.py:2742} INFO - Sync 1 DAGs
[2023-08-14T13:36:42.194+0300] {logging_mixin.py:150} INFO - [2023-08-14T13:36:42.194+0300] {dag.py:3504} INFO - Setting next_dagrun for example_task_group_decorator to 2023-08-13T10:36:42.193574+00:00, run_after=2023-08-14T10:36:42.193574+00:00
[2023-08-14T13:36:42.366+0300] {processor.py:179} INFO - Processing /home/soamariaka/.local/lib/python3.9/site-packages/airflow/example_dags/example_task_group_decorator.py took 0.299 seconds
[2023-08-14T13:37:40.375+0300] {processor.py:157} INFO - Started process (PID=11236) to work on /home/soamariaka/.local/lib/python3.9/site-packages/airflow/example_dags/example_task_group_decorator.py
[2023-08-14T13:37:40.396+0300] {processor.py:826} INFO - Processing file /home/soamariaka/.local/lib/python3.9/site-packages/airflow/example_dags/example_task_group_decorator.py for tasks to queue
[2023-08-14T13:37:40.399+0300] {logging_mixin.py:150} INFO - [2023-08-14T13:37:40.398+0300] {dagbag.py:541} INFO - Filling up the DagBag from /home/soamariaka/.local/lib/python3.9/site-packages/airflow/example_dags/example_task_group_decorator.py
[2023-08-14T13:37:40.435+0300] {processor.py:836} INFO - DAG(s) dict_keys(['example_task_group_decorator']) retrieved from /home/soamariaka/.local/lib/python3.9/site-packages/airflow/example_dags/example_task_group_decorator.py
[2023-08-14T13:37:40.471+0300] {logging_mixin.py:150} INFO - [2023-08-14T13:37:40.470+0300] {dag.py:2742} INFO - Sync 1 DAGs
[2023-08-14T13:37:40.807+0300] {logging_mixin.py:150} INFO - [2023-08-14T13:37:40.806+0300] {dag.py:3504} INFO - Setting next_dagrun for example_task_group_decorator to 2023-08-13T10:37:40.806282+00:00, run_after=2023-08-14T10:37:40.806282+00:00
[2023-08-14T13:37:42.537+0300] {processor.py:179} INFO - Processing /home/soamariaka/.local/lib/python3.9/site-packages/airflow/example_dags/example_task_group_decorator.py took 2.169 seconds
[2023-08-14T13:38:42.666+0300] {processor.py:157} INFO - Started process (PID=11363) to work on /home/soamariaka/.local/lib/python3.9/site-packages/airflow/example_dags/example_task_group_decorator.py
[2023-08-14T13:38:42.695+0300] {processor.py:826} INFO - Processing file /home/soamariaka/.local/lib/python3.9/site-packages/airflow/example_dags/example_task_group_decorator.py for tasks to queue
[2023-08-14T13:38:42.718+0300] {logging_mixin.py:150} INFO - [2023-08-14T13:38:42.717+0300] {dagbag.py:541} INFO - Filling up the DagBag from /home/soamariaka/.local/lib/python3.9/site-packages/airflow/example_dags/example_task_group_decorator.py
[2023-08-14T13:38:42.760+0300] {processor.py:836} INFO - DAG(s) dict_keys(['example_task_group_decorator']) retrieved from /home/soamariaka/.local/lib/python3.9/site-packages/airflow/example_dags/example_task_group_decorator.py
[2023-08-14T13:38:42.797+0300] {logging_mixin.py:150} INFO - [2023-08-14T13:38:42.797+0300] {dag.py:2742} INFO - Sync 1 DAGs
[2023-08-14T13:38:42.833+0300] {logging_mixin.py:150} INFO - [2023-08-14T13:38:42.833+0300] {dag.py:3504} INFO - Setting next_dagrun for example_task_group_decorator to 2023-08-13T10:38:42.833283+00:00, run_after=2023-08-14T10:38:42.833283+00:00
[2023-08-14T13:38:43.118+0300] {processor.py:179} INFO - Processing /home/soamariaka/.local/lib/python3.9/site-packages/airflow/example_dags/example_task_group_decorator.py took 0.459 seconds
[2023-08-14T13:39:46.879+0300] {processor.py:157} INFO - Started process (PID=11447) to work on /home/soamariaka/.local/lib/python3.9/site-packages/airflow/example_dags/example_task_group_decorator.py
[2023-08-14T13:39:46.881+0300] {processor.py:826} INFO - Processing file /home/soamariaka/.local/lib/python3.9/site-packages/airflow/example_dags/example_task_group_decorator.py for tasks to queue
[2023-08-14T13:39:46.883+0300] {logging_mixin.py:150} INFO - [2023-08-14T13:39:46.882+0300] {dagbag.py:541} INFO - Filling up the DagBag from /home/soamariaka/.local/lib/python3.9/site-packages/airflow/example_dags/example_task_group_decorator.py
[2023-08-14T13:39:46.911+0300] {processor.py:836} INFO - DAG(s) dict_keys(['example_task_group_decorator']) retrieved from /home/soamariaka/.local/lib/python3.9/site-packages/airflow/example_dags/example_task_group_decorator.py
[2023-08-14T13:39:46.943+0300] {logging_mixin.py:150} INFO - [2023-08-14T13:39:46.943+0300] {dag.py:2742} INFO - Sync 1 DAGs
[2023-08-14T13:39:46.974+0300] {logging_mixin.py:150} INFO - [2023-08-14T13:39:46.973+0300] {dag.py:3504} INFO - Setting next_dagrun for example_task_group_decorator to 2023-08-13T10:39:46.973460+00:00, run_after=2023-08-14T10:39:46.973460+00:00
[2023-08-14T13:39:47.125+0300] {processor.py:179} INFO - Processing /home/soamariaka/.local/lib/python3.9/site-packages/airflow/example_dags/example_task_group_decorator.py took 0.252 seconds
[2023-08-14T13:40:44.820+0300] {processor.py:157} INFO - Started process (PID=11517) to work on /home/soamariaka/.local/lib/python3.9/site-packages/airflow/example_dags/example_task_group_decorator.py
[2023-08-14T13:40:44.822+0300] {processor.py:826} INFO - Processing file /home/soamariaka/.local/lib/python3.9/site-packages/airflow/example_dags/example_task_group_decorator.py for tasks to queue
[2023-08-14T13:40:44.824+0300] {logging_mixin.py:150} INFO - [2023-08-14T13:40:44.823+0300] {dagbag.py:541} INFO - Filling up the DagBag from /home/soamariaka/.local/lib/python3.9/site-packages/airflow/example_dags/example_task_group_decorator.py
[2023-08-14T13:40:44.851+0300] {processor.py:836} INFO - DAG(s) dict_keys(['example_task_group_decorator']) retrieved from /home/soamariaka/.local/lib/python3.9/site-packages/airflow/example_dags/example_task_group_decorator.py
[2023-08-14T13:40:44.881+0300] {logging_mixin.py:150} INFO - [2023-08-14T13:40:44.881+0300] {dag.py:2742} INFO - Sync 1 DAGs
[2023-08-14T13:40:44.912+0300] {logging_mixin.py:150} INFO - [2023-08-14T13:40:44.912+0300] {dag.py:3504} INFO - Setting next_dagrun for example_task_group_decorator to 2023-08-13T10:40:44.911940+00:00, run_after=2023-08-14T10:40:44.911940+00:00
[2023-08-14T13:40:45.079+0300] {processor.py:179} INFO - Processing /home/soamariaka/.local/lib/python3.9/site-packages/airflow/example_dags/example_task_group_decorator.py took 0.265 seconds
[2023-08-14T13:41:39.496+0300] {processor.py:157} INFO - Started process (PID=11596) to work on /home/soamariaka/.local/lib/python3.9/site-packages/airflow/example_dags/example_task_group_decorator.py
[2023-08-14T13:41:39.498+0300] {processor.py:826} INFO - Processing file /home/soamariaka/.local/lib/python3.9/site-packages/airflow/example_dags/example_task_group_decorator.py for tasks to queue
[2023-08-14T13:41:39.499+0300] {logging_mixin.py:150} INFO - [2023-08-14T13:41:39.499+0300] {dagbag.py:541} INFO - Filling up the DagBag from /home/soamariaka/.local/lib/python3.9/site-packages/airflow/example_dags/example_task_group_decorator.py
[2023-08-14T13:41:39.529+0300] {processor.py:836} INFO - DAG(s) dict_keys(['example_task_group_decorator']) retrieved from /home/soamariaka/.local/lib/python3.9/site-packages/airflow/example_dags/example_task_group_decorator.py
[2023-08-14T13:41:39.559+0300] {logging_mixin.py:150} INFO - [2023-08-14T13:41:39.559+0300] {dag.py:2742} INFO - Sync 1 DAGs
[2023-08-14T13:41:39.590+0300] {logging_mixin.py:150} INFO - [2023-08-14T13:41:39.589+0300] {dag.py:3504} INFO - Setting next_dagrun for example_task_group_decorator to 2023-08-13T10:41:39.589584+00:00, run_after=2023-08-14T10:41:39.589584+00:00
[2023-08-14T13:41:39.746+0300] {processor.py:179} INFO - Processing /home/soamariaka/.local/lib/python3.9/site-packages/airflow/example_dags/example_task_group_decorator.py took 0.255 seconds
[2023-08-14T13:42:35.234+0300] {processor.py:157} INFO - Started process (PID=11646) to work on /home/soamariaka/.local/lib/python3.9/site-packages/airflow/example_dags/example_task_group_decorator.py
[2023-08-14T13:42:35.279+0300] {processor.py:826} INFO - Processing file /home/soamariaka/.local/lib/python3.9/site-packages/airflow/example_dags/example_task_group_decorator.py for tasks to queue
[2023-08-14T13:42:35.281+0300] {logging_mixin.py:150} INFO - [2023-08-14T13:42:35.281+0300] {dagbag.py:541} INFO - Filling up the DagBag from /home/soamariaka/.local/lib/python3.9/site-packages/airflow/example_dags/example_task_group_decorator.py
[2023-08-14T13:42:35.326+0300] {processor.py:836} INFO - DAG(s) dict_keys(['example_task_group_decorator']) retrieved from /home/soamariaka/.local/lib/python3.9/site-packages/airflow/example_dags/example_task_group_decorator.py
[2023-08-14T13:42:35.362+0300] {logging_mixin.py:150} INFO - [2023-08-14T13:42:35.361+0300] {dag.py:2742} INFO - Sync 1 DAGs
[2023-08-14T13:42:35.392+0300] {logging_mixin.py:150} INFO - [2023-08-14T13:42:35.392+0300] {dag.py:3504} INFO - Setting next_dagrun for example_task_group_decorator to 2023-08-13T10:42:35.392123+00:00, run_after=2023-08-14T10:42:35.392123+00:00
[2023-08-14T13:42:35.511+0300] {processor.py:179} INFO - Processing /home/soamariaka/.local/lib/python3.9/site-packages/airflow/example_dags/example_task_group_decorator.py took 0.284 seconds
[2023-08-14T13:43:28.743+0300] {processor.py:157} INFO - Started process (PID=11695) to work on /home/soamariaka/.local/lib/python3.9/site-packages/airflow/example_dags/example_task_group_decorator.py
[2023-08-14T13:43:28.756+0300] {processor.py:826} INFO - Processing file /home/soamariaka/.local/lib/python3.9/site-packages/airflow/example_dags/example_task_group_decorator.py for tasks to queue
[2023-08-14T13:43:28.758+0300] {logging_mixin.py:150} INFO - [2023-08-14T13:43:28.757+0300] {dagbag.py:541} INFO - Filling up the DagBag from /home/soamariaka/.local/lib/python3.9/site-packages/airflow/example_dags/example_task_group_decorator.py
[2023-08-14T13:43:28.789+0300] {processor.py:836} INFO - DAG(s) dict_keys(['example_task_group_decorator']) retrieved from /home/soamariaka/.local/lib/python3.9/site-packages/airflow/example_dags/example_task_group_decorator.py
[2023-08-14T13:43:28.829+0300] {logging_mixin.py:150} INFO - [2023-08-14T13:43:28.829+0300] {dag.py:2742} INFO - Sync 1 DAGs
[2023-08-14T13:43:28.875+0300] {logging_mixin.py:150} INFO - [2023-08-14T13:43:28.875+0300] {dag.py:3504} INFO - Setting next_dagrun for example_task_group_decorator to 2023-08-13T10:43:28.874288+00:00, run_after=2023-08-14T10:43:28.874288+00:00
[2023-08-14T13:43:29.011+0300] {processor.py:179} INFO - Processing /home/soamariaka/.local/lib/python3.9/site-packages/airflow/example_dags/example_task_group_decorator.py took 0.273 seconds
[2023-08-14T13:44:30.305+0300] {processor.py:157} INFO - Started process (PID=11777) to work on /home/soamariaka/.local/lib/python3.9/site-packages/airflow/example_dags/example_task_group_decorator.py
[2023-08-14T13:44:30.322+0300] {processor.py:826} INFO - Processing file /home/soamariaka/.local/lib/python3.9/site-packages/airflow/example_dags/example_task_group_decorator.py for tasks to queue
[2023-08-14T13:44:30.323+0300] {logging_mixin.py:150} INFO - [2023-08-14T13:44:30.323+0300] {dagbag.py:541} INFO - Filling up the DagBag from /home/soamariaka/.local/lib/python3.9/site-packages/airflow/example_dags/example_task_group_decorator.py
[2023-08-14T13:44:30.354+0300] {processor.py:836} INFO - DAG(s) dict_keys(['example_task_group_decorator']) retrieved from /home/soamariaka/.local/lib/python3.9/site-packages/airflow/example_dags/example_task_group_decorator.py
[2023-08-14T13:44:30.384+0300] {logging_mixin.py:150} INFO - [2023-08-14T13:44:30.384+0300] {dag.py:2742} INFO - Sync 1 DAGs
[2023-08-14T13:44:30.414+0300] {logging_mixin.py:150} INFO - [2023-08-14T13:44:30.414+0300] {dag.py:3504} INFO - Setting next_dagrun for example_task_group_decorator to 2023-08-13T10:44:30.414310+00:00, run_after=2023-08-14T10:44:30.414310+00:00
[2023-08-14T13:44:31.210+0300] {processor.py:179} INFO - Processing /home/soamariaka/.local/lib/python3.9/site-packages/airflow/example_dags/example_task_group_decorator.py took 0.911 seconds
[2023-08-14T13:45:38.092+0300] {processor.py:157} INFO - Started process (PID=11855) to work on /home/soamariaka/.local/lib/python3.9/site-packages/airflow/example_dags/example_task_group_decorator.py
[2023-08-14T13:45:38.093+0300] {processor.py:826} INFO - Processing file /home/soamariaka/.local/lib/python3.9/site-packages/airflow/example_dags/example_task_group_decorator.py for tasks to queue
[2023-08-14T13:45:38.095+0300] {logging_mixin.py:150} INFO - [2023-08-14T13:45:38.094+0300] {dagbag.py:541} INFO - Filling up the DagBag from /home/soamariaka/.local/lib/python3.9/site-packages/airflow/example_dags/example_task_group_decorator.py
[2023-08-14T13:45:38.124+0300] {processor.py:836} INFO - DAG(s) dict_keys(['example_task_group_decorator']) retrieved from /home/soamariaka/.local/lib/python3.9/site-packages/airflow/example_dags/example_task_group_decorator.py
[2023-08-14T13:45:38.167+0300] {logging_mixin.py:150} INFO - [2023-08-14T13:45:38.167+0300] {dag.py:2742} INFO - Sync 1 DAGs
[2023-08-14T13:45:38.203+0300] {logging_mixin.py:150} INFO - [2023-08-14T13:45:38.202+0300] {dag.py:3504} INFO - Setting next_dagrun for example_task_group_decorator to 2023-08-13T10:45:38.202452+00:00, run_after=2023-08-14T10:45:38.202452+00:00
[2023-08-14T13:45:38.523+0300] {processor.py:179} INFO - Processing /home/soamariaka/.local/lib/python3.9/site-packages/airflow/example_dags/example_task_group_decorator.py took 0.436 seconds
[2023-08-14T13:46:41.627+0300] {processor.py:157} INFO - Started process (PID=11944) to work on /home/soamariaka/.local/lib/python3.9/site-packages/airflow/example_dags/example_task_group_decorator.py
[2023-08-14T13:46:41.629+0300] {processor.py:826} INFO - Processing file /home/soamariaka/.local/lib/python3.9/site-packages/airflow/example_dags/example_task_group_decorator.py for tasks to queue
[2023-08-14T13:46:41.630+0300] {logging_mixin.py:150} INFO - [2023-08-14T13:46:41.630+0300] {dagbag.py:541} INFO - Filling up the DagBag from /home/soamariaka/.local/lib/python3.9/site-packages/airflow/example_dags/example_task_group_decorator.py
[2023-08-14T13:46:41.655+0300] {processor.py:836} INFO - DAG(s) dict_keys(['example_task_group_decorator']) retrieved from /home/soamariaka/.local/lib/python3.9/site-packages/airflow/example_dags/example_task_group_decorator.py
[2023-08-14T13:46:41.685+0300] {logging_mixin.py:150} INFO - [2023-08-14T13:46:41.685+0300] {dag.py:2742} INFO - Sync 1 DAGs
[2023-08-14T13:46:41.716+0300] {logging_mixin.py:150} INFO - [2023-08-14T13:46:41.716+0300] {dag.py:3504} INFO - Setting next_dagrun for example_task_group_decorator to 2023-08-13T10:46:41.715778+00:00, run_after=2023-08-14T10:46:41.715778+00:00
[2023-08-14T13:46:41.864+0300] {processor.py:179} INFO - Processing /home/soamariaka/.local/lib/python3.9/site-packages/airflow/example_dags/example_task_group_decorator.py took 0.241 seconds
[2023-08-14T13:47:41.197+0300] {processor.py:157} INFO - Started process (PID=12000) to work on /home/soamariaka/.local/lib/python3.9/site-packages/airflow/example_dags/example_task_group_decorator.py
[2023-08-14T13:47:41.222+0300] {processor.py:826} INFO - Processing file /home/soamariaka/.local/lib/python3.9/site-packages/airflow/example_dags/example_task_group_decorator.py for tasks to queue
[2023-08-14T13:47:41.224+0300] {logging_mixin.py:150} INFO - [2023-08-14T13:47:41.223+0300] {dagbag.py:541} INFO - Filling up the DagBag from /home/soamariaka/.local/lib/python3.9/site-packages/airflow/example_dags/example_task_group_decorator.py
[2023-08-14T13:47:41.255+0300] {processor.py:836} INFO - DAG(s) dict_keys(['example_task_group_decorator']) retrieved from /home/soamariaka/.local/lib/python3.9/site-packages/airflow/example_dags/example_task_group_decorator.py
[2023-08-14T13:47:41.288+0300] {logging_mixin.py:150} INFO - [2023-08-14T13:47:41.288+0300] {dag.py:2742} INFO - Sync 1 DAGs
[2023-08-14T13:47:41.320+0300] {logging_mixin.py:150} INFO - [2023-08-14T13:47:41.319+0300] {dag.py:3504} INFO - Setting next_dagrun for example_task_group_decorator to 2023-08-13T10:47:41.319636+00:00, run_after=2023-08-14T10:47:41.319636+00:00
[2023-08-14T13:47:41.434+0300] {processor.py:179} INFO - Processing /home/soamariaka/.local/lib/python3.9/site-packages/airflow/example_dags/example_task_group_decorator.py took 0.242 seconds
[2023-08-14T13:48:43.528+0300] {processor.py:157} INFO - Started process (PID=12094) to work on /home/soamariaka/.local/lib/python3.9/site-packages/airflow/example_dags/example_task_group_decorator.py
[2023-08-14T13:48:43.556+0300] {processor.py:826} INFO - Processing file /home/soamariaka/.local/lib/python3.9/site-packages/airflow/example_dags/example_task_group_decorator.py for tasks to queue
[2023-08-14T13:48:43.557+0300] {logging_mixin.py:150} INFO - [2023-08-14T13:48:43.557+0300] {dagbag.py:541} INFO - Filling up the DagBag from /home/soamariaka/.local/lib/python3.9/site-packages/airflow/example_dags/example_task_group_decorator.py
[2023-08-14T13:48:43.588+0300] {processor.py:836} INFO - DAG(s) dict_keys(['example_task_group_decorator']) retrieved from /home/soamariaka/.local/lib/python3.9/site-packages/airflow/example_dags/example_task_group_decorator.py
[2023-08-14T13:48:43.619+0300] {logging_mixin.py:150} INFO - [2023-08-14T13:48:43.619+0300] {dag.py:2742} INFO - Sync 1 DAGs
[2023-08-14T13:48:43.649+0300] {logging_mixin.py:150} INFO - [2023-08-14T13:48:43.649+0300] {dag.py:3504} INFO - Setting next_dagrun for example_task_group_decorator to 2023-08-13T10:48:43.649114+00:00, run_after=2023-08-14T10:48:43.649114+00:00
[2023-08-14T13:48:43.781+0300] {processor.py:179} INFO - Processing /home/soamariaka/.local/lib/python3.9/site-packages/airflow/example_dags/example_task_group_decorator.py took 0.258 seconds
[2023-08-14T13:49:45.032+0300] {processor.py:157} INFO - Started process (PID=12151) to work on /home/soamariaka/.local/lib/python3.9/site-packages/airflow/example_dags/example_task_group_decorator.py
[2023-08-14T13:49:45.066+0300] {processor.py:826} INFO - Processing file /home/soamariaka/.local/lib/python3.9/site-packages/airflow/example_dags/example_task_group_decorator.py for tasks to queue
[2023-08-14T13:49:45.067+0300] {logging_mixin.py:150} INFO - [2023-08-14T13:49:45.067+0300] {dagbag.py:541} INFO - Filling up the DagBag from /home/soamariaka/.local/lib/python3.9/site-packages/airflow/example_dags/example_task_group_decorator.py
[2023-08-14T13:49:45.098+0300] {processor.py:836} INFO - DAG(s) dict_keys(['example_task_group_decorator']) retrieved from /home/soamariaka/.local/lib/python3.9/site-packages/airflow/example_dags/example_task_group_decorator.py
[2023-08-14T13:49:45.146+0300] {logging_mixin.py:150} INFO - [2023-08-14T13:49:45.145+0300] {dag.py:2742} INFO - Sync 1 DAGs
[2023-08-14T13:49:45.176+0300] {logging_mixin.py:150} INFO - [2023-08-14T13:49:45.176+0300] {dag.py:3504} INFO - Setting next_dagrun for example_task_group_decorator to 2023-08-13T10:49:45.176220+00:00, run_after=2023-08-14T10:49:45.176220+00:00
[2023-08-14T13:49:45.327+0300] {processor.py:179} INFO - Processing /home/soamariaka/.local/lib/python3.9/site-packages/airflow/example_dags/example_task_group_decorator.py took 0.300 seconds
[2023-08-14T13:50:50.668+0300] {processor.py:157} INFO - Started process (PID=12228) to work on /home/soamariaka/.local/lib/python3.9/site-packages/airflow/example_dags/example_task_group_decorator.py
[2023-08-14T13:50:50.675+0300] {processor.py:826} INFO - Processing file /home/soamariaka/.local/lib/python3.9/site-packages/airflow/example_dags/example_task_group_decorator.py for tasks to queue
[2023-08-14T13:50:50.677+0300] {logging_mixin.py:150} INFO - [2023-08-14T13:50:50.677+0300] {dagbag.py:541} INFO - Filling up the DagBag from /home/soamariaka/.local/lib/python3.9/site-packages/airflow/example_dags/example_task_group_decorator.py
[2023-08-14T13:50:50.708+0300] {processor.py:836} INFO - DAG(s) dict_keys(['example_task_group_decorator']) retrieved from /home/soamariaka/.local/lib/python3.9/site-packages/airflow/example_dags/example_task_group_decorator.py
[2023-08-14T13:50:50.739+0300] {logging_mixin.py:150} INFO - [2023-08-14T13:50:50.739+0300] {dag.py:2742} INFO - Sync 1 DAGs
[2023-08-14T13:50:50.770+0300] {logging_mixin.py:150} INFO - [2023-08-14T13:50:50.770+0300] {dag.py:3504} INFO - Setting next_dagrun for example_task_group_decorator to 2023-08-13T10:50:50.770342+00:00, run_after=2023-08-14T10:50:50.770342+00:00
[2023-08-14T13:50:50.904+0300] {processor.py:179} INFO - Processing /home/soamariaka/.local/lib/python3.9/site-packages/airflow/example_dags/example_task_group_decorator.py took 0.241 seconds
[2023-08-14T13:51:56.576+0300] {processor.py:157} INFO - Started process (PID=12322) to work on /home/soamariaka/.local/lib/python3.9/site-packages/airflow/example_dags/example_task_group_decorator.py
[2023-08-14T13:51:56.579+0300] {processor.py:826} INFO - Processing file /home/soamariaka/.local/lib/python3.9/site-packages/airflow/example_dags/example_task_group_decorator.py for tasks to queue
[2023-08-14T13:51:56.580+0300] {logging_mixin.py:150} INFO - [2023-08-14T13:51:56.580+0300] {dagbag.py:541} INFO - Filling up the DagBag from /home/soamariaka/.local/lib/python3.9/site-packages/airflow/example_dags/example_task_group_decorator.py
[2023-08-14T13:51:56.609+0300] {processor.py:836} INFO - DAG(s) dict_keys(['example_task_group_decorator']) retrieved from /home/soamariaka/.local/lib/python3.9/site-packages/airflow/example_dags/example_task_group_decorator.py
[2023-08-14T13:51:56.640+0300] {logging_mixin.py:150} INFO - [2023-08-14T13:51:56.640+0300] {dag.py:2742} INFO - Sync 1 DAGs
[2023-08-14T13:51:56.671+0300] {logging_mixin.py:150} INFO - [2023-08-14T13:51:56.670+0300] {dag.py:3504} INFO - Setting next_dagrun for example_task_group_decorator to 2023-08-13T10:51:56.670495+00:00, run_after=2023-08-14T10:51:56.670495+00:00
[2023-08-14T13:51:56.827+0300] {processor.py:179} INFO - Processing /home/soamariaka/.local/lib/python3.9/site-packages/airflow/example_dags/example_task_group_decorator.py took 0.256 seconds
[2023-08-14T13:52:58.179+0300] {processor.py:157} INFO - Started process (PID=12381) to work on /home/soamariaka/.local/lib/python3.9/site-packages/airflow/example_dags/example_task_group_decorator.py
[2023-08-14T13:52:58.180+0300] {processor.py:826} INFO - Processing file /home/soamariaka/.local/lib/python3.9/site-packages/airflow/example_dags/example_task_group_decorator.py for tasks to queue
[2023-08-14T13:52:58.181+0300] {logging_mixin.py:150} INFO - [2023-08-14T13:52:58.181+0300] {dagbag.py:541} INFO - Filling up the DagBag from /home/soamariaka/.local/lib/python3.9/site-packages/airflow/example_dags/example_task_group_decorator.py
[2023-08-14T13:52:58.207+0300] {processor.py:836} INFO - DAG(s) dict_keys(['example_task_group_decorator']) retrieved from /home/soamariaka/.local/lib/python3.9/site-packages/airflow/example_dags/example_task_group_decorator.py
[2023-08-14T13:52:58.237+0300] {logging_mixin.py:150} INFO - [2023-08-14T13:52:58.237+0300] {dag.py:2742} INFO - Sync 1 DAGs
[2023-08-14T13:52:58.268+0300] {logging_mixin.py:150} INFO - [2023-08-14T13:52:58.267+0300] {dag.py:3504} INFO - Setting next_dagrun for example_task_group_decorator to 2023-08-13T10:52:58.267481+00:00, run_after=2023-08-14T10:52:58.267481+00:00
[2023-08-14T13:52:58.384+0300] {processor.py:179} INFO - Processing /home/soamariaka/.local/lib/python3.9/site-packages/airflow/example_dags/example_task_group_decorator.py took 0.210 seconds
[2023-08-14T13:54:03.542+0300] {processor.py:157} INFO - Started process (PID=12439) to work on /home/soamariaka/.local/lib/python3.9/site-packages/airflow/example_dags/example_task_group_decorator.py
[2023-08-14T13:54:03.545+0300] {processor.py:826} INFO - Processing file /home/soamariaka/.local/lib/python3.9/site-packages/airflow/example_dags/example_task_group_decorator.py for tasks to queue
[2023-08-14T13:54:03.547+0300] {logging_mixin.py:150} INFO - [2023-08-14T13:54:03.547+0300] {dagbag.py:541} INFO - Filling up the DagBag from /home/soamariaka/.local/lib/python3.9/site-packages/airflow/example_dags/example_task_group_decorator.py
[2023-08-14T13:54:03.578+0300] {processor.py:836} INFO - DAG(s) dict_keys(['example_task_group_decorator']) retrieved from /home/soamariaka/.local/lib/python3.9/site-packages/airflow/example_dags/example_task_group_decorator.py
[2023-08-14T13:54:03.608+0300] {logging_mixin.py:150} INFO - [2023-08-14T13:54:03.608+0300] {dag.py:2742} INFO - Sync 1 DAGs
[2023-08-14T13:54:03.640+0300] {logging_mixin.py:150} INFO - [2023-08-14T13:54:03.639+0300] {dag.py:3504} INFO - Setting next_dagrun for example_task_group_decorator to 2023-08-13T10:54:03.639425+00:00, run_after=2023-08-14T10:54:03.639425+00:00
[2023-08-14T13:54:03.786+0300] {processor.py:179} INFO - Processing /home/soamariaka/.local/lib/python3.9/site-packages/airflow/example_dags/example_task_group_decorator.py took 0.250 seconds
[2023-08-14T13:55:08.539+0300] {processor.py:157} INFO - Started process (PID=12555) to work on /home/soamariaka/.local/lib/python3.9/site-packages/airflow/example_dags/example_task_group_decorator.py
[2023-08-14T13:55:08.574+0300] {processor.py:826} INFO - Processing file /home/soamariaka/.local/lib/python3.9/site-packages/airflow/example_dags/example_task_group_decorator.py for tasks to queue
[2023-08-14T13:55:08.591+0300] {logging_mixin.py:150} INFO - [2023-08-14T13:55:08.591+0300] {dagbag.py:541} INFO - Filling up the DagBag from /home/soamariaka/.local/lib/python3.9/site-packages/airflow/example_dags/example_task_group_decorator.py
[2023-08-14T13:55:08.627+0300] {processor.py:836} INFO - DAG(s) dict_keys(['example_task_group_decorator']) retrieved from /home/soamariaka/.local/lib/python3.9/site-packages/airflow/example_dags/example_task_group_decorator.py
[2023-08-14T13:55:08.677+0300] {logging_mixin.py:150} INFO - [2023-08-14T13:55:08.676+0300] {dag.py:2742} INFO - Sync 1 DAGs
[2023-08-14T13:55:08.710+0300] {logging_mixin.py:150} INFO - [2023-08-14T13:55:08.709+0300] {dag.py:3504} INFO - Setting next_dagrun for example_task_group_decorator to 2023-08-13T10:55:08.709493+00:00, run_after=2023-08-14T10:55:08.709493+00:00
[2023-08-14T13:55:08.928+0300] {processor.py:179} INFO - Processing /home/soamariaka/.local/lib/python3.9/site-packages/airflow/example_dags/example_task_group_decorator.py took 0.396 seconds
[2023-08-14T13:56:17.536+0300] {processor.py:157} INFO - Started process (PID=12629) to work on /home/soamariaka/.local/lib/python3.9/site-packages/airflow/example_dags/example_task_group_decorator.py
[2023-08-14T13:56:17.539+0300] {processor.py:826} INFO - Processing file /home/soamariaka/.local/lib/python3.9/site-packages/airflow/example_dags/example_task_group_decorator.py for tasks to queue
[2023-08-14T13:56:17.540+0300] {logging_mixin.py:150} INFO - [2023-08-14T13:56:17.539+0300] {dagbag.py:541} INFO - Filling up the DagBag from /home/soamariaka/.local/lib/python3.9/site-packages/airflow/example_dags/example_task_group_decorator.py
[2023-08-14T13:56:17.563+0300] {processor.py:836} INFO - DAG(s) dict_keys(['example_task_group_decorator']) retrieved from /home/soamariaka/.local/lib/python3.9/site-packages/airflow/example_dags/example_task_group_decorator.py
[2023-08-14T13:56:17.593+0300] {logging_mixin.py:150} INFO - [2023-08-14T13:56:17.593+0300] {dag.py:2742} INFO - Sync 1 DAGs
[2023-08-14T13:56:17.624+0300] {logging_mixin.py:150} INFO - [2023-08-14T13:56:17.623+0300] {dag.py:3504} INFO - Setting next_dagrun for example_task_group_decorator to 2023-08-13T10:56:17.623492+00:00, run_after=2023-08-14T10:56:17.623492+00:00
[2023-08-14T13:56:17.774+0300] {processor.py:179} INFO - Processing /home/soamariaka/.local/lib/python3.9/site-packages/airflow/example_dags/example_task_group_decorator.py took 0.241 seconds
[2023-08-14T13:57:25.001+0300] {processor.py:157} INFO - Started process (PID=12700) to work on /home/soamariaka/.local/lib/python3.9/site-packages/airflow/example_dags/example_task_group_decorator.py
[2023-08-14T13:57:25.003+0300] {processor.py:826} INFO - Processing file /home/soamariaka/.local/lib/python3.9/site-packages/airflow/example_dags/example_task_group_decorator.py for tasks to queue
[2023-08-14T13:57:25.004+0300] {logging_mixin.py:150} INFO - [2023-08-14T13:57:25.004+0300] {dagbag.py:541} INFO - Filling up the DagBag from /home/soamariaka/.local/lib/python3.9/site-packages/airflow/example_dags/example_task_group_decorator.py
[2023-08-14T13:57:25.030+0300] {processor.py:836} INFO - DAG(s) dict_keys(['example_task_group_decorator']) retrieved from /home/soamariaka/.local/lib/python3.9/site-packages/airflow/example_dags/example_task_group_decorator.py
[2023-08-14T13:57:25.065+0300] {logging_mixin.py:150} INFO - [2023-08-14T13:57:25.064+0300] {dag.py:2742} INFO - Sync 1 DAGs
[2023-08-14T13:57:25.110+0300] {logging_mixin.py:150} INFO - [2023-08-14T13:57:25.110+0300] {dag.py:3504} INFO - Setting next_dagrun for example_task_group_decorator to 2023-08-13T10:57:25.109698+00:00, run_after=2023-08-14T10:57:25.109698+00:00
[2023-08-14T13:57:25.298+0300] {processor.py:179} INFO - Processing /home/soamariaka/.local/lib/python3.9/site-packages/airflow/example_dags/example_task_group_decorator.py took 0.303 seconds
[2023-08-14T13:58:26.810+0300] {processor.py:157} INFO - Started process (PID=12758) to work on /home/soamariaka/.local/lib/python3.9/site-packages/airflow/example_dags/example_task_group_decorator.py
[2023-08-14T13:58:26.812+0300] {processor.py:826} INFO - Processing file /home/soamariaka/.local/lib/python3.9/site-packages/airflow/example_dags/example_task_group_decorator.py for tasks to queue
[2023-08-14T13:58:26.814+0300] {logging_mixin.py:150} INFO - [2023-08-14T13:58:26.813+0300] {dagbag.py:541} INFO - Filling up the DagBag from /home/soamariaka/.local/lib/python3.9/site-packages/airflow/example_dags/example_task_group_decorator.py
[2023-08-14T13:58:26.843+0300] {processor.py:836} INFO - DAG(s) dict_keys(['example_task_group_decorator']) retrieved from /home/soamariaka/.local/lib/python3.9/site-packages/airflow/example_dags/example_task_group_decorator.py
[2023-08-14T13:58:26.874+0300] {logging_mixin.py:150} INFO - [2023-08-14T13:58:26.873+0300] {dag.py:2742} INFO - Sync 1 DAGs
[2023-08-14T13:58:26.905+0300] {logging_mixin.py:150} INFO - [2023-08-14T13:58:26.905+0300] {dag.py:3504} INFO - Setting next_dagrun for example_task_group_decorator to 2023-08-13T10:58:26.904897+00:00, run_after=2023-08-14T10:58:26.904897+00:00
[2023-08-14T13:58:27.243+0300] {processor.py:179} INFO - Processing /home/soamariaka/.local/lib/python3.9/site-packages/airflow/example_dags/example_task_group_decorator.py took 0.439 seconds
[2023-08-14T13:59:31.947+0300] {processor.py:157} INFO - Started process (PID=12847) to work on /home/soamariaka/.local/lib/python3.9/site-packages/airflow/example_dags/example_task_group_decorator.py
[2023-08-14T13:59:31.949+0300] {processor.py:826} INFO - Processing file /home/soamariaka/.local/lib/python3.9/site-packages/airflow/example_dags/example_task_group_decorator.py for tasks to queue
[2023-08-14T13:59:31.950+0300] {logging_mixin.py:150} INFO - [2023-08-14T13:59:31.950+0300] {dagbag.py:541} INFO - Filling up the DagBag from /home/soamariaka/.local/lib/python3.9/site-packages/airflow/example_dags/example_task_group_decorator.py
[2023-08-14T13:59:31.983+0300] {processor.py:836} INFO - DAG(s) dict_keys(['example_task_group_decorator']) retrieved from /home/soamariaka/.local/lib/python3.9/site-packages/airflow/example_dags/example_task_group_decorator.py
[2023-08-14T13:59:32.012+0300] {logging_mixin.py:150} INFO - [2023-08-14T13:59:32.012+0300] {dag.py:2742} INFO - Sync 1 DAGs
[2023-08-14T13:59:32.050+0300] {logging_mixin.py:150} INFO - [2023-08-14T13:59:32.050+0300] {dag.py:3504} INFO - Setting next_dagrun for example_task_group_decorator to 2023-08-13T10:59:32.049964+00:00, run_after=2023-08-14T10:59:32.049964+00:00
[2023-08-14T13:59:32.312+0300] {processor.py:179} INFO - Processing /home/soamariaka/.local/lib/python3.9/site-packages/airflow/example_dags/example_task_group_decorator.py took 0.372 seconds
[2023-08-14T14:00:34.865+0300] {processor.py:157} INFO - Started process (PID=12931) to work on /home/soamariaka/.local/lib/python3.9/site-packages/airflow/example_dags/example_task_group_decorator.py
[2023-08-14T14:00:34.868+0300] {processor.py:826} INFO - Processing file /home/soamariaka/.local/lib/python3.9/site-packages/airflow/example_dags/example_task_group_decorator.py for tasks to queue
[2023-08-14T14:00:34.869+0300] {logging_mixin.py:150} INFO - [2023-08-14T14:00:34.869+0300] {dagbag.py:541} INFO - Filling up the DagBag from /home/soamariaka/.local/lib/python3.9/site-packages/airflow/example_dags/example_task_group_decorator.py
[2023-08-14T14:00:34.898+0300] {processor.py:836} INFO - DAG(s) dict_keys(['example_task_group_decorator']) retrieved from /home/soamariaka/.local/lib/python3.9/site-packages/airflow/example_dags/example_task_group_decorator.py
[2023-08-14T14:00:34.929+0300] {logging_mixin.py:150} INFO - [2023-08-14T14:00:34.929+0300] {dag.py:2742} INFO - Sync 1 DAGs
[2023-08-14T14:00:34.963+0300] {logging_mixin.py:150} INFO - [2023-08-14T14:00:34.963+0300] {dag.py:3504} INFO - Setting next_dagrun for example_task_group_decorator to 2023-08-13T11:00:34.963015+00:00, run_after=2023-08-14T11:00:34.963015+00:00
[2023-08-14T14:00:35.166+0300] {processor.py:179} INFO - Processing /home/soamariaka/.local/lib/python3.9/site-packages/airflow/example_dags/example_task_group_decorator.py took 0.307 seconds
[2023-08-14T14:01:38.163+0300] {processor.py:157} INFO - Started process (PID=12987) to work on /home/soamariaka/.local/lib/python3.9/site-packages/airflow/example_dags/example_task_group_decorator.py
[2023-08-14T14:01:38.165+0300] {processor.py:826} INFO - Processing file /home/soamariaka/.local/lib/python3.9/site-packages/airflow/example_dags/example_task_group_decorator.py for tasks to queue
[2023-08-14T14:01:38.167+0300] {logging_mixin.py:150} INFO - [2023-08-14T14:01:38.166+0300] {dagbag.py:541} INFO - Filling up the DagBag from /home/soamariaka/.local/lib/python3.9/site-packages/airflow/example_dags/example_task_group_decorator.py
[2023-08-14T14:01:38.206+0300] {processor.py:836} INFO - DAG(s) dict_keys(['example_task_group_decorator']) retrieved from /home/soamariaka/.local/lib/python3.9/site-packages/airflow/example_dags/example_task_group_decorator.py
[2023-08-14T14:01:38.259+0300] {logging_mixin.py:150} INFO - [2023-08-14T14:01:38.259+0300] {dag.py:2742} INFO - Sync 1 DAGs
[2023-08-14T14:01:38.315+0300] {logging_mixin.py:150} INFO - [2023-08-14T14:01:38.315+0300] {dag.py:3504} INFO - Setting next_dagrun for example_task_group_decorator to 2023-08-13T11:01:38.314983+00:00, run_after=2023-08-14T11:01:38.314983+00:00
[2023-08-14T14:01:38.630+0300] {processor.py:179} INFO - Processing /home/soamariaka/.local/lib/python3.9/site-packages/airflow/example_dags/example_task_group_decorator.py took 0.474 seconds
[2023-08-14T14:04:22.104+0300] {processor.py:157} INFO - Started process (PID=13714) to work on /home/soamariaka/.local/lib/python3.9/site-packages/airflow/example_dags/example_task_group_decorator.py
[2023-08-14T14:04:22.123+0300] {processor.py:826} INFO - Processing file /home/soamariaka/.local/lib/python3.9/site-packages/airflow/example_dags/example_task_group_decorator.py for tasks to queue
[2023-08-14T14:04:22.126+0300] {logging_mixin.py:150} INFO - [2023-08-14T14:04:22.125+0300] {dagbag.py:541} INFO - Filling up the DagBag from /home/soamariaka/.local/lib/python3.9/site-packages/airflow/example_dags/example_task_group_decorator.py
[2023-08-14T14:04:22.164+0300] {processor.py:836} INFO - DAG(s) dict_keys(['example_task_group_decorator']) retrieved from /home/soamariaka/.local/lib/python3.9/site-packages/airflow/example_dags/example_task_group_decorator.py
[2023-08-14T14:04:22.198+0300] {logging_mixin.py:150} INFO - [2023-08-14T14:04:22.198+0300] {dag.py:2742} INFO - Sync 1 DAGs
[2023-08-14T14:04:22.229+0300] {logging_mixin.py:150} INFO - [2023-08-14T14:04:22.228+0300] {dag.py:3504} INFO - Setting next_dagrun for example_task_group_decorator to 2023-08-13T11:04:22.228604+00:00, run_after=2023-08-14T11:04:22.228604+00:00
[2023-08-14T14:04:22.533+0300] {processor.py:179} INFO - Processing /home/soamariaka/.local/lib/python3.9/site-packages/airflow/example_dags/example_task_group_decorator.py took 0.434 seconds
[2023-08-14T14:05:23.133+0300] {processor.py:157} INFO - Started process (PID=13784) to work on /home/soamariaka/.local/lib/python3.9/site-packages/airflow/example_dags/example_task_group_decorator.py
[2023-08-14T14:05:23.135+0300] {processor.py:826} INFO - Processing file /home/soamariaka/.local/lib/python3.9/site-packages/airflow/example_dags/example_task_group_decorator.py for tasks to queue
[2023-08-14T14:05:23.136+0300] {logging_mixin.py:150} INFO - [2023-08-14T14:05:23.136+0300] {dagbag.py:541} INFO - Filling up the DagBag from /home/soamariaka/.local/lib/python3.9/site-packages/airflow/example_dags/example_task_group_decorator.py
[2023-08-14T14:05:23.162+0300] {processor.py:836} INFO - DAG(s) dict_keys(['example_task_group_decorator']) retrieved from /home/soamariaka/.local/lib/python3.9/site-packages/airflow/example_dags/example_task_group_decorator.py
[2023-08-14T14:05:23.192+0300] {logging_mixin.py:150} INFO - [2023-08-14T14:05:23.192+0300] {dag.py:2742} INFO - Sync 1 DAGs
[2023-08-14T14:05:23.228+0300] {logging_mixin.py:150} INFO - [2023-08-14T14:05:23.228+0300] {dag.py:3504} INFO - Setting next_dagrun for example_task_group_decorator to 2023-08-13T11:05:23.227851+00:00, run_after=2023-08-14T11:05:23.227851+00:00
[2023-08-14T14:05:23.485+0300] {processor.py:179} INFO - Processing /home/soamariaka/.local/lib/python3.9/site-packages/airflow/example_dags/example_task_group_decorator.py took 0.358 seconds
[2023-08-14T14:06:47.324+0300] {processor.py:157} INFO - Started process (PID=13866) to work on /home/soamariaka/.local/lib/python3.9/site-packages/airflow/example_dags/example_task_group_decorator.py
[2023-08-14T14:06:47.327+0300] {processor.py:826} INFO - Processing file /home/soamariaka/.local/lib/python3.9/site-packages/airflow/example_dags/example_task_group_decorator.py for tasks to queue
[2023-08-14T14:06:47.330+0300] {logging_mixin.py:150} INFO - [2023-08-14T14:06:47.329+0300] {dagbag.py:541} INFO - Filling up the DagBag from /home/soamariaka/.local/lib/python3.9/site-packages/airflow/example_dags/example_task_group_decorator.py
[2023-08-14T14:06:47.373+0300] {processor.py:836} INFO - DAG(s) dict_keys(['example_task_group_decorator']) retrieved from /home/soamariaka/.local/lib/python3.9/site-packages/airflow/example_dags/example_task_group_decorator.py
[2023-08-14T14:06:47.421+0300] {logging_mixin.py:150} INFO - [2023-08-14T14:06:47.420+0300] {dag.py:2742} INFO - Sync 1 DAGs
[2023-08-14T14:06:47.476+0300] {logging_mixin.py:150} INFO - [2023-08-14T14:06:47.475+0300] {dag.py:3504} INFO - Setting next_dagrun for example_task_group_decorator to 2023-08-13T11:06:47.475288+00:00, run_after=2023-08-14T11:06:47.475288+00:00
[2023-08-14T14:06:47.615+0300] {processor.py:179} INFO - Processing /home/soamariaka/.local/lib/python3.9/site-packages/airflow/example_dags/example_task_group_decorator.py took 0.297 seconds
[2023-08-14T14:08:46.910+0300] {processor.py:157} INFO - Started process (PID=14010) to work on /home/soamariaka/.local/lib/python3.9/site-packages/airflow/example_dags/example_task_group_decorator.py
[2023-08-14T14:08:47.063+0300] {processor.py:826} INFO - Processing file /home/soamariaka/.local/lib/python3.9/site-packages/airflow/example_dags/example_task_group_decorator.py for tasks to queue
[2023-08-14T14:08:47.067+0300] {logging_mixin.py:150} INFO - [2023-08-14T14:08:47.065+0300] {dagbag.py:541} INFO - Filling up the DagBag from /home/soamariaka/.local/lib/python3.9/site-packages/airflow/example_dags/example_task_group_decorator.py
[2023-08-14T14:08:47.119+0300] {processor.py:836} INFO - DAG(s) dict_keys(['example_task_group_decorator']) retrieved from /home/soamariaka/.local/lib/python3.9/site-packages/airflow/example_dags/example_task_group_decorator.py
[2023-08-14T14:08:47.163+0300] {logging_mixin.py:150} INFO - [2023-08-14T14:08:47.163+0300] {dag.py:2742} INFO - Sync 1 DAGs
[2023-08-14T14:08:47.210+0300] {logging_mixin.py:150} INFO - [2023-08-14T14:08:47.210+0300] {dag.py:3504} INFO - Setting next_dagrun for example_task_group_decorator to 2023-08-13T11:08:47.209682+00:00, run_after=2023-08-14T11:08:47.209682+00:00
[2023-08-14T14:08:48.517+0300] {processor.py:179} INFO - Processing /home/soamariaka/.local/lib/python3.9/site-packages/airflow/example_dags/example_task_group_decorator.py took 1.611 seconds
[2023-08-14T14:10:02.300+0300] {processor.py:157} INFO - Started process (PID=14139) to work on /home/soamariaka/.local/lib/python3.9/site-packages/airflow/example_dags/example_task_group_decorator.py
[2023-08-14T14:10:02.365+0300] {processor.py:826} INFO - Processing file /home/soamariaka/.local/lib/python3.9/site-packages/airflow/example_dags/example_task_group_decorator.py for tasks to queue
[2023-08-14T14:10:02.367+0300] {logging_mixin.py:150} INFO - [2023-08-14T14:10:02.367+0300] {dagbag.py:541} INFO - Filling up the DagBag from /home/soamariaka/.local/lib/python3.9/site-packages/airflow/example_dags/example_task_group_decorator.py
[2023-08-14T14:10:02.398+0300] {processor.py:836} INFO - DAG(s) dict_keys(['example_task_group_decorator']) retrieved from /home/soamariaka/.local/lib/python3.9/site-packages/airflow/example_dags/example_task_group_decorator.py
[2023-08-14T14:10:02.434+0300] {logging_mixin.py:150} INFO - [2023-08-14T14:10:02.434+0300] {dag.py:2742} INFO - Sync 1 DAGs
[2023-08-14T14:10:02.466+0300] {logging_mixin.py:150} INFO - [2023-08-14T14:10:02.466+0300] {dag.py:3504} INFO - Setting next_dagrun for example_task_group_decorator to 2023-08-13T11:10:02.465776+00:00, run_after=2023-08-14T11:10:02.465776+00:00
[2023-08-14T14:10:02.978+0300] {processor.py:179} INFO - Processing /home/soamariaka/.local/lib/python3.9/site-packages/airflow/example_dags/example_task_group_decorator.py took 0.684 seconds
[2023-08-14T14:11:55.522+0300] {processor.py:157} INFO - Started process (PID=15097) to work on /home/soamariaka/.local/lib/python3.9/site-packages/airflow/example_dags/example_task_group_decorator.py
[2023-08-14T14:11:55.524+0300] {processor.py:826} INFO - Processing file /home/soamariaka/.local/lib/python3.9/site-packages/airflow/example_dags/example_task_group_decorator.py for tasks to queue
[2023-08-14T14:11:55.526+0300] {logging_mixin.py:150} INFO - [2023-08-14T14:11:55.525+0300] {dagbag.py:541} INFO - Filling up the DagBag from /home/soamariaka/.local/lib/python3.9/site-packages/airflow/example_dags/example_task_group_decorator.py
[2023-08-14T14:11:55.554+0300] {processor.py:836} INFO - DAG(s) dict_keys(['example_task_group_decorator']) retrieved from /home/soamariaka/.local/lib/python3.9/site-packages/airflow/example_dags/example_task_group_decorator.py
[2023-08-14T14:11:55.585+0300] {logging_mixin.py:150} INFO - [2023-08-14T14:11:55.584+0300] {dag.py:2742} INFO - Sync 1 DAGs
[2023-08-14T14:11:55.616+0300] {logging_mixin.py:150} INFO - [2023-08-14T14:11:55.616+0300] {dag.py:3504} INFO - Setting next_dagrun for example_task_group_decorator to 2023-08-13T11:11:55.616193+00:00, run_after=2023-08-14T11:11:55.616193+00:00
[2023-08-14T14:11:55.738+0300] {processor.py:179} INFO - Processing /home/soamariaka/.local/lib/python3.9/site-packages/airflow/example_dags/example_task_group_decorator.py took 0.221 seconds
[2023-08-14T14:12:52.716+0300] {processor.py:157} INFO - Started process (PID=15206) to work on /home/soamariaka/.local/lib/python3.9/site-packages/airflow/example_dags/example_task_group_decorator.py
[2023-08-14T14:12:52.718+0300] {processor.py:826} INFO - Processing file /home/soamariaka/.local/lib/python3.9/site-packages/airflow/example_dags/example_task_group_decorator.py for tasks to queue
[2023-08-14T14:12:52.719+0300] {logging_mixin.py:150} INFO - [2023-08-14T14:12:52.718+0300] {dagbag.py:541} INFO - Filling up the DagBag from /home/soamariaka/.local/lib/python3.9/site-packages/airflow/example_dags/example_task_group_decorator.py
[2023-08-14T14:12:52.756+0300] {processor.py:836} INFO - DAG(s) dict_keys(['example_task_group_decorator']) retrieved from /home/soamariaka/.local/lib/python3.9/site-packages/airflow/example_dags/example_task_group_decorator.py
[2023-08-14T14:12:52.800+0300] {logging_mixin.py:150} INFO - [2023-08-14T14:12:52.800+0300] {dag.py:2742} INFO - Sync 1 DAGs
[2023-08-14T14:12:52.846+0300] {logging_mixin.py:150} INFO - [2023-08-14T14:12:52.846+0300] {dag.py:3504} INFO - Setting next_dagrun for example_task_group_decorator to 2023-08-13T11:12:52.845647+00:00, run_after=2023-08-14T11:12:52.845647+00:00
[2023-08-14T14:12:53.132+0300] {processor.py:179} INFO - Processing /home/soamariaka/.local/lib/python3.9/site-packages/airflow/example_dags/example_task_group_decorator.py took 0.422 seconds
[2023-08-14T14:13:57.065+0300] {processor.py:157} INFO - Started process (PID=15331) to work on /home/soamariaka/.local/lib/python3.9/site-packages/airflow/example_dags/example_task_group_decorator.py
[2023-08-14T14:13:57.085+0300] {processor.py:826} INFO - Processing file /home/soamariaka/.local/lib/python3.9/site-packages/airflow/example_dags/example_task_group_decorator.py for tasks to queue
[2023-08-14T14:13:57.102+0300] {logging_mixin.py:150} INFO - [2023-08-14T14:13:57.102+0300] {dagbag.py:541} INFO - Filling up the DagBag from /home/soamariaka/.local/lib/python3.9/site-packages/airflow/example_dags/example_task_group_decorator.py
[2023-08-14T14:13:57.235+0300] {processor.py:836} INFO - DAG(s) dict_keys(['example_task_group_decorator']) retrieved from /home/soamariaka/.local/lib/python3.9/site-packages/airflow/example_dags/example_task_group_decorator.py
[2023-08-14T14:13:57.282+0300] {logging_mixin.py:150} INFO - [2023-08-14T14:13:57.281+0300] {dag.py:2742} INFO - Sync 1 DAGs
[2023-08-14T14:13:57.315+0300] {logging_mixin.py:150} INFO - [2023-08-14T14:13:57.314+0300] {dag.py:3504} INFO - Setting next_dagrun for example_task_group_decorator to 2023-08-13T11:13:57.314530+00:00, run_after=2023-08-14T11:13:57.314530+00:00
[2023-08-14T14:13:57.445+0300] {processor.py:179} INFO - Processing /home/soamariaka/.local/lib/python3.9/site-packages/airflow/example_dags/example_task_group_decorator.py took 0.386 seconds
[2023-08-14T14:15:00.767+0300] {processor.py:157} INFO - Started process (PID=15408) to work on /home/soamariaka/.local/lib/python3.9/site-packages/airflow/example_dags/example_task_group_decorator.py
[2023-08-14T14:15:00.771+0300] {processor.py:826} INFO - Processing file /home/soamariaka/.local/lib/python3.9/site-packages/airflow/example_dags/example_task_group_decorator.py for tasks to queue
[2023-08-14T14:15:00.773+0300] {logging_mixin.py:150} INFO - [2023-08-14T14:15:00.772+0300] {dagbag.py:541} INFO - Filling up the DagBag from /home/soamariaka/.local/lib/python3.9/site-packages/airflow/example_dags/example_task_group_decorator.py
[2023-08-14T14:15:00.798+0300] {processor.py:836} INFO - DAG(s) dict_keys(['example_task_group_decorator']) retrieved from /home/soamariaka/.local/lib/python3.9/site-packages/airflow/example_dags/example_task_group_decorator.py
[2023-08-14T14:15:00.829+0300] {logging_mixin.py:150} INFO - [2023-08-14T14:15:00.829+0300] {dag.py:2742} INFO - Sync 1 DAGs
[2023-08-14T14:15:00.866+0300] {logging_mixin.py:150} INFO - [2023-08-14T14:15:00.866+0300] {dag.py:3504} INFO - Setting next_dagrun for example_task_group_decorator to 2023-08-13T11:15:00.865632+00:00, run_after=2023-08-14T11:15:00.865632+00:00
[2023-08-14T14:15:01.101+0300] {processor.py:179} INFO - Processing /home/soamariaka/.local/lib/python3.9/site-packages/airflow/example_dags/example_task_group_decorator.py took 0.339 seconds
[2023-08-14T14:16:00.635+0300] {processor.py:157} INFO - Started process (PID=15584) to work on /home/soamariaka/.local/lib/python3.9/site-packages/airflow/example_dags/example_task_group_decorator.py
[2023-08-14T14:16:00.637+0300] {processor.py:826} INFO - Processing file /home/soamariaka/.local/lib/python3.9/site-packages/airflow/example_dags/example_task_group_decorator.py for tasks to queue
[2023-08-14T14:16:00.638+0300] {logging_mixin.py:150} INFO - [2023-08-14T14:16:00.638+0300] {dagbag.py:541} INFO - Filling up the DagBag from /home/soamariaka/.local/lib/python3.9/site-packages/airflow/example_dags/example_task_group_decorator.py
[2023-08-14T14:16:00.672+0300] {processor.py:836} INFO - DAG(s) dict_keys(['example_task_group_decorator']) retrieved from /home/soamariaka/.local/lib/python3.9/site-packages/airflow/example_dags/example_task_group_decorator.py
[2023-08-14T14:16:00.709+0300] {logging_mixin.py:150} INFO - [2023-08-14T14:16:00.708+0300] {dag.py:2742} INFO - Sync 1 DAGs
[2023-08-14T14:16:00.744+0300] {logging_mixin.py:150} INFO - [2023-08-14T14:16:00.743+0300] {dag.py:3504} INFO - Setting next_dagrun for example_task_group_decorator to 2023-08-13T11:16:00.743578+00:00, run_after=2023-08-14T11:16:00.743578+00:00
[2023-08-14T14:16:00.876+0300] {processor.py:179} INFO - Processing /home/soamariaka/.local/lib/python3.9/site-packages/airflow/example_dags/example_task_group_decorator.py took 0.247 seconds
[2023-08-14T14:17:05.229+0300] {processor.py:157} INFO - Started process (PID=15674) to work on /home/soamariaka/.local/lib/python3.9/site-packages/airflow/example_dags/example_task_group_decorator.py
[2023-08-14T14:17:05.245+0300] {processor.py:826} INFO - Processing file /home/soamariaka/.local/lib/python3.9/site-packages/airflow/example_dags/example_task_group_decorator.py for tasks to queue
[2023-08-14T14:17:05.247+0300] {logging_mixin.py:150} INFO - [2023-08-14T14:17:05.246+0300] {dagbag.py:541} INFO - Filling up the DagBag from /home/soamariaka/.local/lib/python3.9/site-packages/airflow/example_dags/example_task_group_decorator.py
[2023-08-14T14:17:05.278+0300] {processor.py:836} INFO - DAG(s) dict_keys(['example_task_group_decorator']) retrieved from /home/soamariaka/.local/lib/python3.9/site-packages/airflow/example_dags/example_task_group_decorator.py
[2023-08-14T14:17:05.310+0300] {logging_mixin.py:150} INFO - [2023-08-14T14:17:05.310+0300] {dag.py:2742} INFO - Sync 1 DAGs
[2023-08-14T14:17:05.341+0300] {logging_mixin.py:150} INFO - [2023-08-14T14:17:05.340+0300] {dag.py:3504} INFO - Setting next_dagrun for example_task_group_decorator to 2023-08-13T11:17:05.340581+00:00, run_after=2023-08-14T11:17:05.340581+00:00
[2023-08-14T14:17:05.453+0300] {processor.py:179} INFO - Processing /home/soamariaka/.local/lib/python3.9/site-packages/airflow/example_dags/example_task_group_decorator.py took 0.230 seconds
[2023-08-14T14:18:34.092+0300] {processor.py:157} INFO - Started process (PID=15901) to work on /home/soamariaka/.local/lib/python3.9/site-packages/airflow/example_dags/example_task_group_decorator.py
[2023-08-14T14:18:34.094+0300] {processor.py:826} INFO - Processing file /home/soamariaka/.local/lib/python3.9/site-packages/airflow/example_dags/example_task_group_decorator.py for tasks to queue
[2023-08-14T14:18:34.096+0300] {logging_mixin.py:150} INFO - [2023-08-14T14:18:34.095+0300] {dagbag.py:541} INFO - Filling up the DagBag from /home/soamariaka/.local/lib/python3.9/site-packages/airflow/example_dags/example_task_group_decorator.py
[2023-08-14T14:18:34.126+0300] {processor.py:836} INFO - DAG(s) dict_keys(['example_task_group_decorator']) retrieved from /home/soamariaka/.local/lib/python3.9/site-packages/airflow/example_dags/example_task_group_decorator.py
[2023-08-14T14:18:34.160+0300] {logging_mixin.py:150} INFO - [2023-08-14T14:18:34.160+0300] {dag.py:2742} INFO - Sync 1 DAGs
[2023-08-14T14:18:34.198+0300] {logging_mixin.py:150} INFO - [2023-08-14T14:18:34.198+0300] {dag.py:3504} INFO - Setting next_dagrun for example_task_group_decorator to 2023-08-13T11:18:34.197800+00:00, run_after=2023-08-14T11:18:34.197800+00:00
[2023-08-14T14:18:34.307+0300] {processor.py:179} INFO - Processing /home/soamariaka/.local/lib/python3.9/site-packages/airflow/example_dags/example_task_group_decorator.py took 0.220 seconds
[2023-08-14T14:19:32.780+0300] {processor.py:157} INFO - Started process (PID=15957) to work on /home/soamariaka/.local/lib/python3.9/site-packages/airflow/example_dags/example_task_group_decorator.py
[2023-08-14T14:19:32.816+0300] {processor.py:826} INFO - Processing file /home/soamariaka/.local/lib/python3.9/site-packages/airflow/example_dags/example_task_group_decorator.py for tasks to queue
[2023-08-14T14:19:32.817+0300] {logging_mixin.py:150} INFO - [2023-08-14T14:19:32.817+0300] {dagbag.py:541} INFO - Filling up the DagBag from /home/soamariaka/.local/lib/python3.9/site-packages/airflow/example_dags/example_task_group_decorator.py
[2023-08-14T14:19:32.843+0300] {processor.py:836} INFO - DAG(s) dict_keys(['example_task_group_decorator']) retrieved from /home/soamariaka/.local/lib/python3.9/site-packages/airflow/example_dags/example_task_group_decorator.py
[2023-08-14T14:19:32.872+0300] {logging_mixin.py:150} INFO - [2023-08-14T14:19:32.872+0300] {dag.py:2742} INFO - Sync 1 DAGs
[2023-08-14T14:19:32.904+0300] {logging_mixin.py:150} INFO - [2023-08-14T14:19:32.904+0300] {dag.py:3504} INFO - Setting next_dagrun for example_task_group_decorator to 2023-08-13T11:19:32.903688+00:00, run_after=2023-08-14T11:19:32.903688+00:00
[2023-08-14T14:19:33.229+0300] {processor.py:179} INFO - Processing /home/soamariaka/.local/lib/python3.9/site-packages/airflow/example_dags/example_task_group_decorator.py took 0.455 seconds
[2023-08-14T14:21:05.100+0300] {processor.py:157} INFO - Started process (PID=16071) to work on /home/soamariaka/.local/lib/python3.9/site-packages/airflow/example_dags/example_task_group_decorator.py
[2023-08-14T14:21:05.114+0300] {processor.py:826} INFO - Processing file /home/soamariaka/.local/lib/python3.9/site-packages/airflow/example_dags/example_task_group_decorator.py for tasks to queue
[2023-08-14T14:21:05.116+0300] {logging_mixin.py:150} INFO - [2023-08-14T14:21:05.115+0300] {dagbag.py:541} INFO - Filling up the DagBag from /home/soamariaka/.local/lib/python3.9/site-packages/airflow/example_dags/example_task_group_decorator.py
[2023-08-14T14:21:05.168+0300] {processor.py:836} INFO - DAG(s) dict_keys(['example_task_group_decorator']) retrieved from /home/soamariaka/.local/lib/python3.9/site-packages/airflow/example_dags/example_task_group_decorator.py
[2023-08-14T14:21:05.227+0300] {logging_mixin.py:150} INFO - [2023-08-14T14:21:05.227+0300] {dag.py:2742} INFO - Sync 1 DAGs
[2023-08-14T14:21:05.293+0300] {logging_mixin.py:150} INFO - [2023-08-14T14:21:05.293+0300] {dag.py:3504} INFO - Setting next_dagrun for example_task_group_decorator to 2023-08-13T11:21:05.292570+00:00, run_after=2023-08-14T11:21:05.292570+00:00
[2023-08-14T14:21:05.542+0300] {processor.py:179} INFO - Processing /home/soamariaka/.local/lib/python3.9/site-packages/airflow/example_dags/example_task_group_decorator.py took 0.450 seconds
[2023-08-14T14:22:16.560+0300] {processor.py:157} INFO - Started process (PID=16140) to work on /home/soamariaka/.local/lib/python3.9/site-packages/airflow/example_dags/example_task_group_decorator.py
[2023-08-14T14:22:16.590+0300] {processor.py:826} INFO - Processing file /home/soamariaka/.local/lib/python3.9/site-packages/airflow/example_dags/example_task_group_decorator.py for tasks to queue
[2023-08-14T14:22:16.592+0300] {logging_mixin.py:150} INFO - [2023-08-14T14:22:16.591+0300] {dagbag.py:541} INFO - Filling up the DagBag from /home/soamariaka/.local/lib/python3.9/site-packages/airflow/example_dags/example_task_group_decorator.py
[2023-08-14T14:22:16.623+0300] {processor.py:836} INFO - DAG(s) dict_keys(['example_task_group_decorator']) retrieved from /home/soamariaka/.local/lib/python3.9/site-packages/airflow/example_dags/example_task_group_decorator.py
[2023-08-14T14:22:16.657+0300] {logging_mixin.py:150} INFO - [2023-08-14T14:22:16.657+0300] {dag.py:2742} INFO - Sync 1 DAGs
[2023-08-14T14:22:16.689+0300] {logging_mixin.py:150} INFO - [2023-08-14T14:22:16.689+0300] {dag.py:3504} INFO - Setting next_dagrun for example_task_group_decorator to 2023-08-13T11:22:16.689066+00:00, run_after=2023-08-14T11:22:16.689066+00:00
[2023-08-14T14:22:16.815+0300] {processor.py:179} INFO - Processing /home/soamariaka/.local/lib/python3.9/site-packages/airflow/example_dags/example_task_group_decorator.py took 0.260 seconds
[2023-08-14T14:23:16.346+0300] {processor.py:157} INFO - Started process (PID=16196) to work on /home/soamariaka/.local/lib/python3.9/site-packages/airflow/example_dags/example_task_group_decorator.py
[2023-08-14T14:23:16.348+0300] {processor.py:826} INFO - Processing file /home/soamariaka/.local/lib/python3.9/site-packages/airflow/example_dags/example_task_group_decorator.py for tasks to queue
[2023-08-14T14:23:16.350+0300] {logging_mixin.py:150} INFO - [2023-08-14T14:23:16.349+0300] {dagbag.py:541} INFO - Filling up the DagBag from /home/soamariaka/.local/lib/python3.9/site-packages/airflow/example_dags/example_task_group_decorator.py
[2023-08-14T14:23:16.378+0300] {processor.py:836} INFO - DAG(s) dict_keys(['example_task_group_decorator']) retrieved from /home/soamariaka/.local/lib/python3.9/site-packages/airflow/example_dags/example_task_group_decorator.py
[2023-08-14T14:23:16.409+0300] {logging_mixin.py:150} INFO - [2023-08-14T14:23:16.408+0300] {dag.py:2742} INFO - Sync 1 DAGs
[2023-08-14T14:23:16.447+0300] {logging_mixin.py:150} INFO - [2023-08-14T14:23:16.446+0300] {dag.py:3504} INFO - Setting next_dagrun for example_task_group_decorator to 2023-08-13T11:23:16.446166+00:00, run_after=2023-08-14T11:23:16.446166+00:00
[2023-08-14T14:23:16.908+0300] {processor.py:179} INFO - Processing /home/soamariaka/.local/lib/python3.9/site-packages/airflow/example_dags/example_task_group_decorator.py took 0.567 seconds
[2023-08-14T14:24:17.481+0300] {processor.py:157} INFO - Started process (PID=16389) to work on /home/soamariaka/.local/lib/python3.9/site-packages/airflow/example_dags/example_task_group_decorator.py
[2023-08-14T14:24:17.514+0300] {processor.py:826} INFO - Processing file /home/soamariaka/.local/lib/python3.9/site-packages/airflow/example_dags/example_task_group_decorator.py for tasks to queue
[2023-08-14T14:24:17.515+0300] {logging_mixin.py:150} INFO - [2023-08-14T14:24:17.515+0300] {dagbag.py:541} INFO - Filling up the DagBag from /home/soamariaka/.local/lib/python3.9/site-packages/airflow/example_dags/example_task_group_decorator.py
[2023-08-14T14:24:17.546+0300] {processor.py:836} INFO - DAG(s) dict_keys(['example_task_group_decorator']) retrieved from /home/soamariaka/.local/lib/python3.9/site-packages/airflow/example_dags/example_task_group_decorator.py
[2023-08-14T14:24:17.581+0300] {logging_mixin.py:150} INFO - [2023-08-14T14:24:17.580+0300] {dag.py:2742} INFO - Sync 1 DAGs
[2023-08-14T14:24:17.612+0300] {logging_mixin.py:150} INFO - [2023-08-14T14:24:17.611+0300] {dag.py:3504} INFO - Setting next_dagrun for example_task_group_decorator to 2023-08-13T11:24:17.611600+00:00, run_after=2023-08-14T11:24:17.611600+00:00
[2023-08-14T14:24:17.754+0300] {processor.py:179} INFO - Processing /home/soamariaka/.local/lib/python3.9/site-packages/airflow/example_dags/example_task_group_decorator.py took 0.278 seconds
[2023-08-14T14:25:12.430+0300] {processor.py:157} INFO - Started process (PID=16595) to work on /home/soamariaka/.local/lib/python3.9/site-packages/airflow/example_dags/example_task_group_decorator.py
[2023-08-14T14:25:12.468+0300] {processor.py:826} INFO - Processing file /home/soamariaka/.local/lib/python3.9/site-packages/airflow/example_dags/example_task_group_decorator.py for tasks to queue
[2023-08-14T14:25:12.470+0300] {logging_mixin.py:150} INFO - [2023-08-14T14:25:12.469+0300] {dagbag.py:541} INFO - Filling up the DagBag from /home/soamariaka/.local/lib/python3.9/site-packages/airflow/example_dags/example_task_group_decorator.py
[2023-08-14T14:25:12.501+0300] {processor.py:836} INFO - DAG(s) dict_keys(['example_task_group_decorator']) retrieved from /home/soamariaka/.local/lib/python3.9/site-packages/airflow/example_dags/example_task_group_decorator.py
[2023-08-14T14:25:12.536+0300] {logging_mixin.py:150} INFO - [2023-08-14T14:25:12.535+0300] {dag.py:2742} INFO - Sync 1 DAGs
[2023-08-14T14:25:12.569+0300] {logging_mixin.py:150} INFO - [2023-08-14T14:25:12.568+0300] {dag.py:3504} INFO - Setting next_dagrun for example_task_group_decorator to 2023-08-13T11:25:12.567999+00:00, run_after=2023-08-14T11:25:12.567999+00:00
[2023-08-14T14:25:12.755+0300] {processor.py:179} INFO - Processing /home/soamariaka/.local/lib/python3.9/site-packages/airflow/example_dags/example_task_group_decorator.py took 0.330 seconds
[2023-08-14T14:26:16.865+0300] {processor.py:157} INFO - Started process (PID=16718) to work on /home/soamariaka/.local/lib/python3.9/site-packages/airflow/example_dags/example_task_group_decorator.py
[2023-08-14T14:26:16.880+0300] {processor.py:826} INFO - Processing file /home/soamariaka/.local/lib/python3.9/site-packages/airflow/example_dags/example_task_group_decorator.py for tasks to queue
[2023-08-14T14:26:16.882+0300] {logging_mixin.py:150} INFO - [2023-08-14T14:26:16.881+0300] {dagbag.py:541} INFO - Filling up the DagBag from /home/soamariaka/.local/lib/python3.9/site-packages/airflow/example_dags/example_task_group_decorator.py
[2023-08-14T14:26:16.913+0300] {processor.py:836} INFO - DAG(s) dict_keys(['example_task_group_decorator']) retrieved from /home/soamariaka/.local/lib/python3.9/site-packages/airflow/example_dags/example_task_group_decorator.py
[2023-08-14T14:26:16.945+0300] {logging_mixin.py:150} INFO - [2023-08-14T14:26:16.945+0300] {dag.py:2742} INFO - Sync 1 DAGs
[2023-08-14T14:26:16.977+0300] {logging_mixin.py:150} INFO - [2023-08-14T14:26:16.977+0300] {dag.py:3504} INFO - Setting next_dagrun for example_task_group_decorator to 2023-08-13T11:26:16.976849+00:00, run_after=2023-08-14T11:26:16.976849+00:00
[2023-08-14T14:26:17.096+0300] {processor.py:179} INFO - Processing /home/soamariaka/.local/lib/python3.9/site-packages/airflow/example_dags/example_task_group_decorator.py took 0.236 seconds
[2023-08-14T14:27:15.008+0300] {processor.py:157} INFO - Started process (PID=16778) to work on /home/soamariaka/.local/lib/python3.9/site-packages/airflow/example_dags/example_task_group_decorator.py
[2023-08-14T14:27:15.046+0300] {processor.py:826} INFO - Processing file /home/soamariaka/.local/lib/python3.9/site-packages/airflow/example_dags/example_task_group_decorator.py for tasks to queue
[2023-08-14T14:27:15.048+0300] {logging_mixin.py:150} INFO - [2023-08-14T14:27:15.047+0300] {dagbag.py:541} INFO - Filling up the DagBag from /home/soamariaka/.local/lib/python3.9/site-packages/airflow/example_dags/example_task_group_decorator.py
[2023-08-14T14:27:15.079+0300] {processor.py:836} INFO - DAG(s) dict_keys(['example_task_group_decorator']) retrieved from /home/soamariaka/.local/lib/python3.9/site-packages/airflow/example_dags/example_task_group_decorator.py
[2023-08-14T14:27:15.114+0300] {logging_mixin.py:150} INFO - [2023-08-14T14:27:15.114+0300] {dag.py:2742} INFO - Sync 1 DAGs
[2023-08-14T14:27:15.145+0300] {logging_mixin.py:150} INFO - [2023-08-14T14:27:15.145+0300] {dag.py:3504} INFO - Setting next_dagrun for example_task_group_decorator to 2023-08-13T11:27:15.144811+00:00, run_after=2023-08-14T11:27:15.144811+00:00
[2023-08-14T14:27:15.295+0300] {processor.py:179} INFO - Processing /home/soamariaka/.local/lib/python3.9/site-packages/airflow/example_dags/example_task_group_decorator.py took 0.292 seconds
[2023-08-14T14:28:17.650+0300] {processor.py:157} INFO - Started process (PID=16931) to work on /home/soamariaka/.local/lib/python3.9/site-packages/airflow/example_dags/example_task_group_decorator.py
[2023-08-14T14:28:17.674+0300] {processor.py:826} INFO - Processing file /home/soamariaka/.local/lib/python3.9/site-packages/airflow/example_dags/example_task_group_decorator.py for tasks to queue
[2023-08-14T14:28:17.676+0300] {logging_mixin.py:150} INFO - [2023-08-14T14:28:17.675+0300] {dagbag.py:541} INFO - Filling up the DagBag from /home/soamariaka/.local/lib/python3.9/site-packages/airflow/example_dags/example_task_group_decorator.py
[2023-08-14T14:28:17.700+0300] {processor.py:836} INFO - DAG(s) dict_keys(['example_task_group_decorator']) retrieved from /home/soamariaka/.local/lib/python3.9/site-packages/airflow/example_dags/example_task_group_decorator.py
[2023-08-14T14:28:17.730+0300] {logging_mixin.py:150} INFO - [2023-08-14T14:28:17.729+0300] {dag.py:2742} INFO - Sync 1 DAGs
[2023-08-14T14:28:17.760+0300] {logging_mixin.py:150} INFO - [2023-08-14T14:28:17.760+0300] {dag.py:3504} INFO - Setting next_dagrun for example_task_group_decorator to 2023-08-13T11:28:17.760349+00:00, run_after=2023-08-14T11:28:17.760349+00:00
[2023-08-14T14:28:17.959+0300] {processor.py:179} INFO - Processing /home/soamariaka/.local/lib/python3.9/site-packages/airflow/example_dags/example_task_group_decorator.py took 0.313 seconds
[2023-08-14T14:29:18.102+0300] {processor.py:157} INFO - Started process (PID=17051) to work on /home/soamariaka/.local/lib/python3.9/site-packages/airflow/example_dags/example_task_group_decorator.py
[2023-08-14T14:29:18.105+0300] {processor.py:826} INFO - Processing file /home/soamariaka/.local/lib/python3.9/site-packages/airflow/example_dags/example_task_group_decorator.py for tasks to queue
[2023-08-14T14:29:18.106+0300] {logging_mixin.py:150} INFO - [2023-08-14T14:29:18.106+0300] {dagbag.py:541} INFO - Filling up the DagBag from /home/soamariaka/.local/lib/python3.9/site-packages/airflow/example_dags/example_task_group_decorator.py
[2023-08-14T14:29:18.135+0300] {processor.py:836} INFO - DAG(s) dict_keys(['example_task_group_decorator']) retrieved from /home/soamariaka/.local/lib/python3.9/site-packages/airflow/example_dags/example_task_group_decorator.py
[2023-08-14T14:29:18.166+0300] {logging_mixin.py:150} INFO - [2023-08-14T14:29:18.165+0300] {dag.py:2742} INFO - Sync 1 DAGs
[2023-08-14T14:29:18.197+0300] {logging_mixin.py:150} INFO - [2023-08-14T14:29:18.197+0300] {dag.py:3504} INFO - Setting next_dagrun for example_task_group_decorator to 2023-08-13T11:29:18.197095+00:00, run_after=2023-08-14T11:29:18.197095+00:00
[2023-08-14T14:29:18.357+0300] {processor.py:179} INFO - Processing /home/soamariaka/.local/lib/python3.9/site-packages/airflow/example_dags/example_task_group_decorator.py took 0.260 seconds
[2023-08-14T14:30:13.912+0300] {processor.py:157} INFO - Started process (PID=17188) to work on /home/soamariaka/.local/lib/python3.9/site-packages/airflow/example_dags/example_task_group_decorator.py
[2023-08-14T14:30:13.914+0300] {processor.py:826} INFO - Processing file /home/soamariaka/.local/lib/python3.9/site-packages/airflow/example_dags/example_task_group_decorator.py for tasks to queue
[2023-08-14T14:30:13.916+0300] {logging_mixin.py:150} INFO - [2023-08-14T14:30:13.915+0300] {dagbag.py:541} INFO - Filling up the DagBag from /home/soamariaka/.local/lib/python3.9/site-packages/airflow/example_dags/example_task_group_decorator.py
[2023-08-14T14:30:13.945+0300] {processor.py:836} INFO - DAG(s) dict_keys(['example_task_group_decorator']) retrieved from /home/soamariaka/.local/lib/python3.9/site-packages/airflow/example_dags/example_task_group_decorator.py
[2023-08-14T14:30:13.975+0300] {logging_mixin.py:150} INFO - [2023-08-14T14:30:13.975+0300] {dag.py:2742} INFO - Sync 1 DAGs
[2023-08-14T14:30:14.006+0300] {logging_mixin.py:150} INFO - [2023-08-14T14:30:14.006+0300] {dag.py:3504} INFO - Setting next_dagrun for example_task_group_decorator to 2023-08-13T11:30:14.006003+00:00, run_after=2023-08-14T11:30:14.006003+00:00
[2023-08-14T14:30:14.166+0300] {processor.py:179} INFO - Processing /home/soamariaka/.local/lib/python3.9/site-packages/airflow/example_dags/example_task_group_decorator.py took 0.259 seconds
[2023-08-14T14:31:08.394+0300] {processor.py:157} INFO - Started process (PID=17272) to work on /home/soamariaka/.local/lib/python3.9/site-packages/airflow/example_dags/example_task_group_decorator.py
[2023-08-14T14:31:08.432+0300] {processor.py:826} INFO - Processing file /home/soamariaka/.local/lib/python3.9/site-packages/airflow/example_dags/example_task_group_decorator.py for tasks to queue
[2023-08-14T14:31:08.433+0300] {logging_mixin.py:150} INFO - [2023-08-14T14:31:08.433+0300] {dagbag.py:541} INFO - Filling up the DagBag from /home/soamariaka/.local/lib/python3.9/site-packages/airflow/example_dags/example_task_group_decorator.py
[2023-08-14T14:31:08.465+0300] {processor.py:836} INFO - DAG(s) dict_keys(['example_task_group_decorator']) retrieved from /home/soamariaka/.local/lib/python3.9/site-packages/airflow/example_dags/example_task_group_decorator.py
[2023-08-14T14:31:08.500+0300] {logging_mixin.py:150} INFO - [2023-08-14T14:31:08.500+0300] {dag.py:2742} INFO - Sync 1 DAGs
[2023-08-14T14:31:08.531+0300] {logging_mixin.py:150} INFO - [2023-08-14T14:31:08.531+0300] {dag.py:3504} INFO - Setting next_dagrun for example_task_group_decorator to 2023-08-13T11:31:08.531114+00:00, run_after=2023-08-14T11:31:08.531114+00:00
[2023-08-14T14:31:08.658+0300] {processor.py:179} INFO - Processing /home/soamariaka/.local/lib/python3.9/site-packages/airflow/example_dags/example_task_group_decorator.py took 0.270 seconds
[2023-08-14T14:32:08.468+0300] {processor.py:157} INFO - Started process (PID=17392) to work on /home/soamariaka/.local/lib/python3.9/site-packages/airflow/example_dags/example_task_group_decorator.py
[2023-08-14T14:32:08.471+0300] {processor.py:826} INFO - Processing file /home/soamariaka/.local/lib/python3.9/site-packages/airflow/example_dags/example_task_group_decorator.py for tasks to queue
[2023-08-14T14:32:08.472+0300] {logging_mixin.py:150} INFO - [2023-08-14T14:32:08.472+0300] {dagbag.py:541} INFO - Filling up the DagBag from /home/soamariaka/.local/lib/python3.9/site-packages/airflow/example_dags/example_task_group_decorator.py
[2023-08-14T14:32:08.502+0300] {processor.py:836} INFO - DAG(s) dict_keys(['example_task_group_decorator']) retrieved from /home/soamariaka/.local/lib/python3.9/site-packages/airflow/example_dags/example_task_group_decorator.py
[2023-08-14T14:32:08.533+0300] {logging_mixin.py:150} INFO - [2023-08-14T14:32:08.532+0300] {dag.py:2742} INFO - Sync 1 DAGs
[2023-08-14T14:32:08.564+0300] {logging_mixin.py:150} INFO - [2023-08-14T14:32:08.564+0300] {dag.py:3504} INFO - Setting next_dagrun for example_task_group_decorator to 2023-08-13T11:32:08.563764+00:00, run_after=2023-08-14T11:32:08.563764+00:00
[2023-08-14T14:32:08.835+0300] {processor.py:179} INFO - Processing /home/soamariaka/.local/lib/python3.9/site-packages/airflow/example_dags/example_task_group_decorator.py took 0.372 seconds
[2023-08-14T14:33:08.080+0300] {processor.py:157} INFO - Started process (PID=17511) to work on /home/soamariaka/.local/lib/python3.9/site-packages/airflow/example_dags/example_task_group_decorator.py
[2023-08-14T14:33:08.083+0300] {processor.py:826} INFO - Processing file /home/soamariaka/.local/lib/python3.9/site-packages/airflow/example_dags/example_task_group_decorator.py for tasks to queue
[2023-08-14T14:33:08.084+0300] {logging_mixin.py:150} INFO - [2023-08-14T14:33:08.084+0300] {dagbag.py:541} INFO - Filling up the DagBag from /home/soamariaka/.local/lib/python3.9/site-packages/airflow/example_dags/example_task_group_decorator.py
[2023-08-14T14:33:08.113+0300] {processor.py:836} INFO - DAG(s) dict_keys(['example_task_group_decorator']) retrieved from /home/soamariaka/.local/lib/python3.9/site-packages/airflow/example_dags/example_task_group_decorator.py
[2023-08-14T14:33:08.144+0300] {logging_mixin.py:150} INFO - [2023-08-14T14:33:08.144+0300] {dag.py:2742} INFO - Sync 1 DAGs
[2023-08-14T14:33:08.176+0300] {logging_mixin.py:150} INFO - [2023-08-14T14:33:08.176+0300] {dag.py:3504} INFO - Setting next_dagrun for example_task_group_decorator to 2023-08-13T11:33:08.175737+00:00, run_after=2023-08-14T11:33:08.175737+00:00
[2023-08-14T14:33:08.328+0300] {processor.py:179} INFO - Processing /home/soamariaka/.local/lib/python3.9/site-packages/airflow/example_dags/example_task_group_decorator.py took 0.254 seconds
[2023-08-14T14:34:07.619+0300] {processor.py:157} INFO - Started process (PID=17597) to work on /home/soamariaka/.local/lib/python3.9/site-packages/airflow/example_dags/example_task_group_decorator.py
[2023-08-14T14:34:07.622+0300] {processor.py:826} INFO - Processing file /home/soamariaka/.local/lib/python3.9/site-packages/airflow/example_dags/example_task_group_decorator.py for tasks to queue
[2023-08-14T14:34:07.624+0300] {logging_mixin.py:150} INFO - [2023-08-14T14:34:07.623+0300] {dagbag.py:541} INFO - Filling up the DagBag from /home/soamariaka/.local/lib/python3.9/site-packages/airflow/example_dags/example_task_group_decorator.py
[2023-08-14T14:34:07.652+0300] {processor.py:836} INFO - DAG(s) dict_keys(['example_task_group_decorator']) retrieved from /home/soamariaka/.local/lib/python3.9/site-packages/airflow/example_dags/example_task_group_decorator.py
[2023-08-14T14:34:07.693+0300] {logging_mixin.py:150} INFO - [2023-08-14T14:34:07.692+0300] {dag.py:2742} INFO - Sync 1 DAGs
[2023-08-14T14:34:07.728+0300] {logging_mixin.py:150} INFO - [2023-08-14T14:34:07.727+0300] {dag.py:3504} INFO - Setting next_dagrun for example_task_group_decorator to 2023-08-13T11:34:07.727434+00:00, run_after=2023-08-14T11:34:07.727434+00:00
[2023-08-14T14:34:07.871+0300] {processor.py:179} INFO - Processing /home/soamariaka/.local/lib/python3.9/site-packages/airflow/example_dags/example_task_group_decorator.py took 0.257 seconds
[2023-08-14T14:35:32.824+0300] {processor.py:157} INFO - Started process (PID=17850) to work on /home/soamariaka/.local/lib/python3.9/site-packages/airflow/example_dags/example_task_group_decorator.py
[2023-08-14T14:35:32.827+0300] {processor.py:826} INFO - Processing file /home/soamariaka/.local/lib/python3.9/site-packages/airflow/example_dags/example_task_group_decorator.py for tasks to queue
[2023-08-14T14:35:32.828+0300] {logging_mixin.py:150} INFO - [2023-08-14T14:35:32.828+0300] {dagbag.py:541} INFO - Filling up the DagBag from /home/soamariaka/.local/lib/python3.9/site-packages/airflow/example_dags/example_task_group_decorator.py
[2023-08-14T14:35:32.859+0300] {processor.py:836} INFO - DAG(s) dict_keys(['example_task_group_decorator']) retrieved from /home/soamariaka/.local/lib/python3.9/site-packages/airflow/example_dags/example_task_group_decorator.py
[2023-08-14T14:35:32.890+0300] {logging_mixin.py:150} INFO - [2023-08-14T14:35:32.889+0300] {dag.py:2742} INFO - Sync 1 DAGs
[2023-08-14T14:35:32.922+0300] {logging_mixin.py:150} INFO - [2023-08-14T14:35:32.922+0300] {dag.py:3504} INFO - Setting next_dagrun for example_task_group_decorator to 2023-08-13T11:35:32.921899+00:00, run_after=2023-08-14T11:35:32.921899+00:00
[2023-08-14T14:35:33.232+0300] {processor.py:179} INFO - Processing /home/soamariaka/.local/lib/python3.9/site-packages/airflow/example_dags/example_task_group_decorator.py took 0.413 seconds
[2023-08-14T14:37:15.268+0300] {processor.py:157} INFO - Started process (PID=18049) to work on /home/soamariaka/.local/lib/python3.9/site-packages/airflow/example_dags/example_task_group_decorator.py
[2023-08-14T14:37:15.271+0300] {processor.py:826} INFO - Processing file /home/soamariaka/.local/lib/python3.9/site-packages/airflow/example_dags/example_task_group_decorator.py for tasks to queue
[2023-08-14T14:37:15.272+0300] {logging_mixin.py:150} INFO - [2023-08-14T14:37:15.272+0300] {dagbag.py:541} INFO - Filling up the DagBag from /home/soamariaka/.local/lib/python3.9/site-packages/airflow/example_dags/example_task_group_decorator.py
[2023-08-14T14:37:15.301+0300] {processor.py:836} INFO - DAG(s) dict_keys(['example_task_group_decorator']) retrieved from /home/soamariaka/.local/lib/python3.9/site-packages/airflow/example_dags/example_task_group_decorator.py
[2023-08-14T14:37:15.332+0300] {logging_mixin.py:150} INFO - [2023-08-14T14:37:15.331+0300] {dag.py:2742} INFO - Sync 1 DAGs
[2023-08-14T14:37:15.363+0300] {logging_mixin.py:150} INFO - [2023-08-14T14:37:15.363+0300] {dag.py:3504} INFO - Setting next_dagrun for example_task_group_decorator to 2023-08-13T11:37:15.363163+00:00, run_after=2023-08-14T11:37:15.363163+00:00
[2023-08-14T14:37:15.520+0300] {processor.py:179} INFO - Processing /home/soamariaka/.local/lib/python3.9/site-packages/airflow/example_dags/example_task_group_decorator.py took 0.257 seconds
[2023-08-14T14:38:14.780+0300] {processor.py:157} INFO - Started process (PID=18200) to work on /home/soamariaka/.local/lib/python3.9/site-packages/airflow/example_dags/example_task_group_decorator.py
[2023-08-14T14:38:14.782+0300] {processor.py:826} INFO - Processing file /home/soamariaka/.local/lib/python3.9/site-packages/airflow/example_dags/example_task_group_decorator.py for tasks to queue
[2023-08-14T14:38:14.783+0300] {logging_mixin.py:150} INFO - [2023-08-14T14:38:14.783+0300] {dagbag.py:541} INFO - Filling up the DagBag from /home/soamariaka/.local/lib/python3.9/site-packages/airflow/example_dags/example_task_group_decorator.py
[2023-08-14T14:38:14.813+0300] {processor.py:836} INFO - DAG(s) dict_keys(['example_task_group_decorator']) retrieved from /home/soamariaka/.local/lib/python3.9/site-packages/airflow/example_dags/example_task_group_decorator.py
[2023-08-14T14:38:14.855+0300] {logging_mixin.py:150} INFO - [2023-08-14T14:38:14.855+0300] {dag.py:2742} INFO - Sync 1 DAGs
[2023-08-14T14:38:14.887+0300] {logging_mixin.py:150} INFO - [2023-08-14T14:38:14.887+0300] {dag.py:3504} INFO - Setting next_dagrun for example_task_group_decorator to 2023-08-13T11:38:14.886762+00:00, run_after=2023-08-14T11:38:14.886762+00:00
[2023-08-14T14:38:15.189+0300] {processor.py:179} INFO - Processing /home/soamariaka/.local/lib/python3.9/site-packages/airflow/example_dags/example_task_group_decorator.py took 0.415 seconds
[2023-08-14T14:39:25.266+0300] {processor.py:157} INFO - Started process (PID=18387) to work on /home/soamariaka/.local/lib/python3.9/site-packages/airflow/example_dags/example_task_group_decorator.py
[2023-08-14T14:39:25.268+0300] {processor.py:826} INFO - Processing file /home/soamariaka/.local/lib/python3.9/site-packages/airflow/example_dags/example_task_group_decorator.py for tasks to queue
[2023-08-14T14:39:25.270+0300] {logging_mixin.py:150} INFO - [2023-08-14T14:39:25.269+0300] {dagbag.py:541} INFO - Filling up the DagBag from /home/soamariaka/.local/lib/python3.9/site-packages/airflow/example_dags/example_task_group_decorator.py
[2023-08-14T14:39:25.299+0300] {processor.py:836} INFO - DAG(s) dict_keys(['example_task_group_decorator']) retrieved from /home/soamariaka/.local/lib/python3.9/site-packages/airflow/example_dags/example_task_group_decorator.py
[2023-08-14T14:39:25.344+0300] {logging_mixin.py:150} INFO - [2023-08-14T14:39:25.344+0300] {dag.py:2742} INFO - Sync 1 DAGs
[2023-08-14T14:39:25.375+0300] {logging_mixin.py:150} INFO - [2023-08-14T14:39:25.375+0300] {dag.py:3504} INFO - Setting next_dagrun for example_task_group_decorator to 2023-08-13T11:39:25.374944+00:00, run_after=2023-08-14T11:39:25.374944+00:00
[2023-08-14T14:39:25.517+0300] {processor.py:179} INFO - Processing /home/soamariaka/.local/lib/python3.9/site-packages/airflow/example_dags/example_task_group_decorator.py took 0.256 seconds
[2023-08-14T14:40:50.617+0300] {processor.py:157} INFO - Started process (PID=18643) to work on /home/soamariaka/.local/lib/python3.9/site-packages/airflow/example_dags/example_task_group_decorator.py
[2023-08-14T14:40:50.619+0300] {processor.py:826} INFO - Processing file /home/soamariaka/.local/lib/python3.9/site-packages/airflow/example_dags/example_task_group_decorator.py for tasks to queue
[2023-08-14T14:40:50.621+0300] {logging_mixin.py:150} INFO - [2023-08-14T14:40:50.620+0300] {dagbag.py:541} INFO - Filling up the DagBag from /home/soamariaka/.local/lib/python3.9/site-packages/airflow/example_dags/example_task_group_decorator.py
[2023-08-14T14:40:50.650+0300] {processor.py:836} INFO - DAG(s) dict_keys(['example_task_group_decorator']) retrieved from /home/soamariaka/.local/lib/python3.9/site-packages/airflow/example_dags/example_task_group_decorator.py
[2023-08-14T14:40:50.680+0300] {logging_mixin.py:150} INFO - [2023-08-14T14:40:50.680+0300] {dag.py:2742} INFO - Sync 1 DAGs
[2023-08-14T14:40:50.712+0300] {logging_mixin.py:150} INFO - [2023-08-14T14:40:50.712+0300] {dag.py:3504} INFO - Setting next_dagrun for example_task_group_decorator to 2023-08-13T11:40:50.712058+00:00, run_after=2023-08-14T11:40:50.712058+00:00
[2023-08-14T14:40:51.116+0300] {processor.py:179} INFO - Processing /home/soamariaka/.local/lib/python3.9/site-packages/airflow/example_dags/example_task_group_decorator.py took 0.505 seconds
