[2023-08-14T13:32:49.609+0300] {processor.py:157} INFO - Started process (PID=10753) to work on /home/soamariaka/.local/lib/python3.9/site-packages/airflow/example_dags/example_xcom.py
[2023-08-14T13:32:49.610+0300] {processor.py:826} INFO - Processing file /home/soamariaka/.local/lib/python3.9/site-packages/airflow/example_dags/example_xcom.py for tasks to queue
[2023-08-14T13:32:49.612+0300] {logging_mixin.py:150} INFO - [2023-08-14T13:32:49.611+0300] {dagbag.py:541} INFO - Filling up the DagBag from /home/soamariaka/.local/lib/python3.9/site-packages/airflow/example_dags/example_xcom.py
[2023-08-14T13:32:49.627+0300] {processor.py:836} INFO - DAG(s) dict_keys(['example_xcom']) retrieved from /home/soamariaka/.local/lib/python3.9/site-packages/airflow/example_dags/example_xcom.py
[2023-08-14T13:32:49.655+0300] {logging_mixin.py:150} INFO - [2023-08-14T13:32:49.655+0300] {dag.py:2742} INFO - Sync 1 DAGs
[2023-08-14T13:32:49.687+0300] {logging_mixin.py:150} INFO - [2023-08-14T13:32:49.686+0300] {dag.py:3504} INFO - Setting next_dagrun for example_xcom to 2021-01-01T00:00:00+00:00, run_after=2021-01-01T00:00:00+00:00
[2023-08-14T13:32:49.837+0300] {processor.py:179} INFO - Processing /home/soamariaka/.local/lib/python3.9/site-packages/airflow/example_dags/example_xcom.py took 0.233 seconds
[2023-08-14T13:33:58.737+0300] {processor.py:157} INFO - Started process (PID=10809) to work on /home/soamariaka/.local/lib/python3.9/site-packages/airflow/example_dags/example_xcom.py
[2023-08-14T13:33:58.738+0300] {processor.py:826} INFO - Processing file /home/soamariaka/.local/lib/python3.9/site-packages/airflow/example_dags/example_xcom.py for tasks to queue
[2023-08-14T13:33:58.740+0300] {logging_mixin.py:150} INFO - [2023-08-14T13:33:58.739+0300] {dagbag.py:541} INFO - Filling up the DagBag from /home/soamariaka/.local/lib/python3.9/site-packages/airflow/example_dags/example_xcom.py
[2023-08-14T13:33:58.753+0300] {processor.py:836} INFO - DAG(s) dict_keys(['example_xcom']) retrieved from /home/soamariaka/.local/lib/python3.9/site-packages/airflow/example_dags/example_xcom.py
[2023-08-14T13:33:58.781+0300] {logging_mixin.py:150} INFO - [2023-08-14T13:33:58.781+0300] {dag.py:2742} INFO - Sync 1 DAGs
[2023-08-14T13:33:58.812+0300] {logging_mixin.py:150} INFO - [2023-08-14T13:33:58.812+0300] {dag.py:3504} INFO - Setting next_dagrun for example_xcom to 2021-01-01T00:00:00+00:00, run_after=2021-01-01T00:00:00+00:00
[2023-08-14T13:33:59.173+0300] {processor.py:179} INFO - Processing /home/soamariaka/.local/lib/python3.9/site-packages/airflow/example_dags/example_xcom.py took 0.442 seconds
[2023-08-14T13:34:43.738+0300] {processor.py:157} INFO - Started process (PID=10941) to work on /home/soamariaka/.local/lib/python3.9/site-packages/airflow/example_dags/example_xcom.py
[2023-08-14T13:34:43.741+0300] {processor.py:826} INFO - Processing file /home/soamariaka/.local/lib/python3.9/site-packages/airflow/example_dags/example_xcom.py for tasks to queue
[2023-08-14T13:34:43.743+0300] {logging_mixin.py:150} INFO - [2023-08-14T13:34:43.742+0300] {dagbag.py:541} INFO - Filling up the DagBag from /home/soamariaka/.local/lib/python3.9/site-packages/airflow/example_dags/example_xcom.py
[2023-08-14T13:34:43.756+0300] {processor.py:836} INFO - DAG(s) dict_keys(['example_xcom']) retrieved from /home/soamariaka/.local/lib/python3.9/site-packages/airflow/example_dags/example_xcom.py
[2023-08-14T13:34:43.785+0300] {logging_mixin.py:150} INFO - [2023-08-14T13:34:43.785+0300] {dag.py:2742} INFO - Sync 1 DAGs
[2023-08-14T13:34:43.816+0300] {logging_mixin.py:150} INFO - [2023-08-14T13:34:43.816+0300] {dag.py:3504} INFO - Setting next_dagrun for example_xcom to 2021-01-01T00:00:00+00:00, run_after=2021-01-01T00:00:00+00:00
[2023-08-14T13:34:44.291+0300] {processor.py:179} INFO - Processing /home/soamariaka/.local/lib/python3.9/site-packages/airflow/example_dags/example_xcom.py took 0.558 seconds
[2023-08-14T13:35:32.031+0300] {processor.py:157} INFO - Started process (PID=11042) to work on /home/soamariaka/.local/lib/python3.9/site-packages/airflow/example_dags/example_xcom.py
[2023-08-14T13:35:32.065+0300] {processor.py:826} INFO - Processing file /home/soamariaka/.local/lib/python3.9/site-packages/airflow/example_dags/example_xcom.py for tasks to queue
[2023-08-14T13:35:32.068+0300] {logging_mixin.py:150} INFO - [2023-08-14T13:35:32.067+0300] {dagbag.py:541} INFO - Filling up the DagBag from /home/soamariaka/.local/lib/python3.9/site-packages/airflow/example_dags/example_xcom.py
[2023-08-14T13:35:32.084+0300] {processor.py:836} INFO - DAG(s) dict_keys(['example_xcom']) retrieved from /home/soamariaka/.local/lib/python3.9/site-packages/airflow/example_dags/example_xcom.py
[2023-08-14T13:35:32.126+0300] {logging_mixin.py:150} INFO - [2023-08-14T13:35:32.125+0300] {dag.py:2742} INFO - Sync 1 DAGs
[2023-08-14T13:35:32.168+0300] {logging_mixin.py:150} INFO - [2023-08-14T13:35:32.167+0300] {dag.py:3504} INFO - Setting next_dagrun for example_xcom to 2021-01-01T00:00:00+00:00, run_after=2021-01-01T00:00:00+00:00
[2023-08-14T13:35:32.322+0300] {processor.py:179} INFO - Processing /home/soamariaka/.local/lib/python3.9/site-packages/airflow/example_dags/example_xcom.py took 0.298 seconds
[2023-08-14T13:36:34.154+0300] {processor.py:157} INFO - Started process (PID=11098) to work on /home/soamariaka/.local/lib/python3.9/site-packages/airflow/example_dags/example_xcom.py
[2023-08-14T13:36:34.157+0300] {processor.py:826} INFO - Processing file /home/soamariaka/.local/lib/python3.9/site-packages/airflow/example_dags/example_xcom.py for tasks to queue
[2023-08-14T13:36:34.159+0300] {logging_mixin.py:150} INFO - [2023-08-14T13:36:34.158+0300] {dagbag.py:541} INFO - Filling up the DagBag from /home/soamariaka/.local/lib/python3.9/site-packages/airflow/example_dags/example_xcom.py
[2023-08-14T13:36:34.171+0300] {processor.py:836} INFO - DAG(s) dict_keys(['example_xcom']) retrieved from /home/soamariaka/.local/lib/python3.9/site-packages/airflow/example_dags/example_xcom.py
[2023-08-14T13:36:34.197+0300] {logging_mixin.py:150} INFO - [2023-08-14T13:36:34.197+0300] {dag.py:2742} INFO - Sync 1 DAGs
[2023-08-14T13:36:34.229+0300] {logging_mixin.py:150} INFO - [2023-08-14T13:36:34.229+0300] {dag.py:3504} INFO - Setting next_dagrun for example_xcom to 2021-01-01T00:00:00+00:00, run_after=2021-01-01T00:00:00+00:00
[2023-08-14T13:36:34.391+0300] {processor.py:179} INFO - Processing /home/soamariaka/.local/lib/python3.9/site-packages/airflow/example_dags/example_xcom.py took 0.243 seconds
[2023-08-14T13:37:30.596+0300] {processor.py:157} INFO - Started process (PID=11197) to work on /home/soamariaka/.local/lib/python3.9/site-packages/airflow/example_dags/example_xcom.py
[2023-08-14T13:37:30.629+0300] {processor.py:826} INFO - Processing file /home/soamariaka/.local/lib/python3.9/site-packages/airflow/example_dags/example_xcom.py for tasks to queue
[2023-08-14T13:37:30.631+0300] {logging_mixin.py:150} INFO - [2023-08-14T13:37:30.630+0300] {dagbag.py:541} INFO - Filling up the DagBag from /home/soamariaka/.local/lib/python3.9/site-packages/airflow/example_dags/example_xcom.py
[2023-08-14T13:37:30.642+0300] {processor.py:836} INFO - DAG(s) dict_keys(['example_xcom']) retrieved from /home/soamariaka/.local/lib/python3.9/site-packages/airflow/example_dags/example_xcom.py
[2023-08-14T13:37:30.673+0300] {logging_mixin.py:150} INFO - [2023-08-14T13:37:30.673+0300] {dag.py:2742} INFO - Sync 1 DAGs
[2023-08-14T13:37:30.705+0300] {logging_mixin.py:150} INFO - [2023-08-14T13:37:30.705+0300] {dag.py:3504} INFO - Setting next_dagrun for example_xcom to 2021-01-01T00:00:00+00:00, run_after=2021-01-01T00:00:00+00:00
[2023-08-14T13:37:30.908+0300] {processor.py:179} INFO - Processing /home/soamariaka/.local/lib/python3.9/site-packages/airflow/example_dags/example_xcom.py took 0.316 seconds
[2023-08-14T13:38:31.554+0300] {processor.py:157} INFO - Started process (PID=11345) to work on /home/soamariaka/.local/lib/python3.9/site-packages/airflow/example_dags/example_xcom.py
[2023-08-14T13:38:31.557+0300] {processor.py:826} INFO - Processing file /home/soamariaka/.local/lib/python3.9/site-packages/airflow/example_dags/example_xcom.py for tasks to queue
[2023-08-14T13:38:31.560+0300] {logging_mixin.py:150} INFO - [2023-08-14T13:38:31.559+0300] {dagbag.py:541} INFO - Filling up the DagBag from /home/soamariaka/.local/lib/python3.9/site-packages/airflow/example_dags/example_xcom.py
[2023-08-14T13:38:31.582+0300] {processor.py:836} INFO - DAG(s) dict_keys(['example_xcom']) retrieved from /home/soamariaka/.local/lib/python3.9/site-packages/airflow/example_dags/example_xcom.py
[2023-08-14T13:38:31.632+0300] {logging_mixin.py:150} INFO - [2023-08-14T13:38:31.631+0300] {dag.py:2742} INFO - Sync 1 DAGs
[2023-08-14T13:38:31.703+0300] {logging_mixin.py:150} INFO - [2023-08-14T13:38:31.702+0300] {dag.py:3504} INFO - Setting next_dagrun for example_xcom to 2021-01-01T00:00:00+00:00, run_after=2021-01-01T00:00:00+00:00
[2023-08-14T13:38:31.865+0300] {processor.py:179} INFO - Processing /home/soamariaka/.local/lib/python3.9/site-packages/airflow/example_dags/example_xcom.py took 0.317 seconds
[2023-08-14T13:39:37.884+0300] {processor.py:157} INFO - Started process (PID=11436) to work on /home/soamariaka/.local/lib/python3.9/site-packages/airflow/example_dags/example_xcom.py
[2023-08-14T13:39:37.886+0300] {processor.py:826} INFO - Processing file /home/soamariaka/.local/lib/python3.9/site-packages/airflow/example_dags/example_xcom.py for tasks to queue
[2023-08-14T13:39:37.888+0300] {logging_mixin.py:150} INFO - [2023-08-14T13:39:37.887+0300] {dagbag.py:541} INFO - Filling up the DagBag from /home/soamariaka/.local/lib/python3.9/site-packages/airflow/example_dags/example_xcom.py
[2023-08-14T13:39:37.901+0300] {processor.py:836} INFO - DAG(s) dict_keys(['example_xcom']) retrieved from /home/soamariaka/.local/lib/python3.9/site-packages/airflow/example_dags/example_xcom.py
[2023-08-14T13:39:37.929+0300] {logging_mixin.py:150} INFO - [2023-08-14T13:39:37.928+0300] {dag.py:2742} INFO - Sync 1 DAGs
[2023-08-14T13:39:37.959+0300] {logging_mixin.py:150} INFO - [2023-08-14T13:39:37.959+0300] {dag.py:3504} INFO - Setting next_dagrun for example_xcom to 2021-01-01T00:00:00+00:00, run_after=2021-01-01T00:00:00+00:00
[2023-08-14T13:39:38.106+0300] {processor.py:179} INFO - Processing /home/soamariaka/.local/lib/python3.9/site-packages/airflow/example_dags/example_xcom.py took 0.228 seconds
[2023-08-14T13:40:34.513+0300] {processor.py:157} INFO - Started process (PID=11506) to work on /home/soamariaka/.local/lib/python3.9/site-packages/airflow/example_dags/example_xcom.py
[2023-08-14T13:40:34.516+0300] {processor.py:826} INFO - Processing file /home/soamariaka/.local/lib/python3.9/site-packages/airflow/example_dags/example_xcom.py for tasks to queue
[2023-08-14T13:40:34.517+0300] {logging_mixin.py:150} INFO - [2023-08-14T13:40:34.517+0300] {dagbag.py:541} INFO - Filling up the DagBag from /home/soamariaka/.local/lib/python3.9/site-packages/airflow/example_dags/example_xcom.py
[2023-08-14T13:40:34.530+0300] {processor.py:836} INFO - DAG(s) dict_keys(['example_xcom']) retrieved from /home/soamariaka/.local/lib/python3.9/site-packages/airflow/example_dags/example_xcom.py
[2023-08-14T13:40:34.560+0300] {logging_mixin.py:150} INFO - [2023-08-14T13:40:34.559+0300] {dag.py:2742} INFO - Sync 1 DAGs
[2023-08-14T13:40:34.591+0300] {logging_mixin.py:150} INFO - [2023-08-14T13:40:34.591+0300] {dag.py:3504} INFO - Setting next_dagrun for example_xcom to 2021-01-01T00:00:00+00:00, run_after=2021-01-01T00:00:00+00:00
[2023-08-14T13:40:34.716+0300] {processor.py:179} INFO - Processing /home/soamariaka/.local/lib/python3.9/site-packages/airflow/example_dags/example_xcom.py took 0.208 seconds
[2023-08-14T13:41:28.512+0300] {processor.py:157} INFO - Started process (PID=11585) to work on /home/soamariaka/.local/lib/python3.9/site-packages/airflow/example_dags/example_xcom.py
[2023-08-14T13:41:28.532+0300] {processor.py:826} INFO - Processing file /home/soamariaka/.local/lib/python3.9/site-packages/airflow/example_dags/example_xcom.py for tasks to queue
[2023-08-14T13:41:28.535+0300] {logging_mixin.py:150} INFO - [2023-08-14T13:41:28.534+0300] {dagbag.py:541} INFO - Filling up the DagBag from /home/soamariaka/.local/lib/python3.9/site-packages/airflow/example_dags/example_xcom.py
[2023-08-14T13:41:28.549+0300] {processor.py:836} INFO - DAG(s) dict_keys(['example_xcom']) retrieved from /home/soamariaka/.local/lib/python3.9/site-packages/airflow/example_dags/example_xcom.py
[2023-08-14T13:41:28.582+0300] {logging_mixin.py:150} INFO - [2023-08-14T13:41:28.581+0300] {dag.py:2742} INFO - Sync 1 DAGs
[2023-08-14T13:41:28.613+0300] {logging_mixin.py:150} INFO - [2023-08-14T13:41:28.613+0300] {dag.py:3504} INFO - Setting next_dagrun for example_xcom to 2021-01-01T00:00:00+00:00, run_after=2021-01-01T00:00:00+00:00
[2023-08-14T13:41:28.745+0300] {processor.py:179} INFO - Processing /home/soamariaka/.local/lib/python3.9/site-packages/airflow/example_dags/example_xcom.py took 0.238 seconds
[2023-08-14T13:42:25.584+0300] {processor.py:157} INFO - Started process (PID=11635) to work on /home/soamariaka/.local/lib/python3.9/site-packages/airflow/example_dags/example_xcom.py
[2023-08-14T13:42:25.586+0300] {processor.py:826} INFO - Processing file /home/soamariaka/.local/lib/python3.9/site-packages/airflow/example_dags/example_xcom.py for tasks to queue
[2023-08-14T13:42:25.588+0300] {logging_mixin.py:150} INFO - [2023-08-14T13:42:25.587+0300] {dagbag.py:541} INFO - Filling up the DagBag from /home/soamariaka/.local/lib/python3.9/site-packages/airflow/example_dags/example_xcom.py
[2023-08-14T13:42:25.601+0300] {processor.py:836} INFO - DAG(s) dict_keys(['example_xcom']) retrieved from /home/soamariaka/.local/lib/python3.9/site-packages/airflow/example_dags/example_xcom.py
[2023-08-14T13:42:25.631+0300] {logging_mixin.py:150} INFO - [2023-08-14T13:42:25.631+0300] {dag.py:2742} INFO - Sync 1 DAGs
[2023-08-14T13:42:25.662+0300] {logging_mixin.py:150} INFO - [2023-08-14T13:42:25.662+0300] {dag.py:3504} INFO - Setting next_dagrun for example_xcom to 2021-01-01T00:00:00+00:00, run_after=2021-01-01T00:00:00+00:00
[2023-08-14T13:42:25.811+0300] {processor.py:179} INFO - Processing /home/soamariaka/.local/lib/python3.9/site-packages/airflow/example_dags/example_xcom.py took 0.233 seconds
[2023-08-14T13:43:17.542+0300] {processor.py:157} INFO - Started process (PID=11683) to work on /home/soamariaka/.local/lib/python3.9/site-packages/airflow/example_dags/example_xcom.py
[2023-08-14T13:43:17.545+0300] {processor.py:826} INFO - Processing file /home/soamariaka/.local/lib/python3.9/site-packages/airflow/example_dags/example_xcom.py for tasks to queue
[2023-08-14T13:43:17.547+0300] {logging_mixin.py:150} INFO - [2023-08-14T13:43:17.546+0300] {dagbag.py:541} INFO - Filling up the DagBag from /home/soamariaka/.local/lib/python3.9/site-packages/airflow/example_dags/example_xcom.py
[2023-08-14T13:43:17.564+0300] {processor.py:836} INFO - DAG(s) dict_keys(['example_xcom']) retrieved from /home/soamariaka/.local/lib/python3.9/site-packages/airflow/example_dags/example_xcom.py
[2023-08-14T13:43:17.593+0300] {logging_mixin.py:150} INFO - [2023-08-14T13:43:17.593+0300] {dag.py:2742} INFO - Sync 1 DAGs
[2023-08-14T13:43:17.649+0300] {logging_mixin.py:150} INFO - [2023-08-14T13:43:17.648+0300] {dag.py:3504} INFO - Setting next_dagrun for example_xcom to 2021-01-01T00:00:00+00:00, run_after=2021-01-01T00:00:00+00:00
[2023-08-14T13:43:17.989+0300] {processor.py:179} INFO - Processing /home/soamariaka/.local/lib/python3.9/site-packages/airflow/example_dags/example_xcom.py took 0.453 seconds
[2023-08-14T13:44:19.313+0300] {processor.py:157} INFO - Started process (PID=11766) to work on /home/soamariaka/.local/lib/python3.9/site-packages/airflow/example_dags/example_xcom.py
[2023-08-14T13:44:19.316+0300] {processor.py:826} INFO - Processing file /home/soamariaka/.local/lib/python3.9/site-packages/airflow/example_dags/example_xcom.py for tasks to queue
[2023-08-14T13:44:19.318+0300] {logging_mixin.py:150} INFO - [2023-08-14T13:44:19.317+0300] {dagbag.py:541} INFO - Filling up the DagBag from /home/soamariaka/.local/lib/python3.9/site-packages/airflow/example_dags/example_xcom.py
[2023-08-14T13:44:19.331+0300] {processor.py:836} INFO - DAG(s) dict_keys(['example_xcom']) retrieved from /home/soamariaka/.local/lib/python3.9/site-packages/airflow/example_dags/example_xcom.py
[2023-08-14T13:44:19.376+0300] {logging_mixin.py:150} INFO - [2023-08-14T13:44:19.376+0300] {dag.py:2742} INFO - Sync 1 DAGs
[2023-08-14T13:44:19.408+0300] {logging_mixin.py:150} INFO - [2023-08-14T13:44:19.408+0300] {dag.py:3504} INFO - Setting next_dagrun for example_xcom to 2021-01-01T00:00:00+00:00, run_after=2021-01-01T00:00:00+00:00
[2023-08-14T13:44:19.678+0300] {processor.py:179} INFO - Processing /home/soamariaka/.local/lib/python3.9/site-packages/airflow/example_dags/example_xcom.py took 0.370 seconds
[2023-08-14T13:45:27.369+0300] {processor.py:157} INFO - Started process (PID=11842) to work on /home/soamariaka/.local/lib/python3.9/site-packages/airflow/example_dags/example_xcom.py
[2023-08-14T13:45:27.370+0300] {processor.py:826} INFO - Processing file /home/soamariaka/.local/lib/python3.9/site-packages/airflow/example_dags/example_xcom.py for tasks to queue
[2023-08-14T13:45:27.372+0300] {logging_mixin.py:150} INFO - [2023-08-14T13:45:27.371+0300] {dagbag.py:541} INFO - Filling up the DagBag from /home/soamariaka/.local/lib/python3.9/site-packages/airflow/example_dags/example_xcom.py
[2023-08-14T13:45:27.386+0300] {processor.py:836} INFO - DAG(s) dict_keys(['example_xcom']) retrieved from /home/soamariaka/.local/lib/python3.9/site-packages/airflow/example_dags/example_xcom.py
[2023-08-14T13:45:27.416+0300] {logging_mixin.py:150} INFO - [2023-08-14T13:45:27.416+0300] {dag.py:2742} INFO - Sync 1 DAGs
[2023-08-14T13:45:27.449+0300] {logging_mixin.py:150} INFO - [2023-08-14T13:45:27.449+0300] {dag.py:3504} INFO - Setting next_dagrun for example_xcom to 2021-01-01T00:00:00+00:00, run_after=2021-01-01T00:00:00+00:00
[2023-08-14T13:45:27.658+0300] {processor.py:179} INFO - Processing /home/soamariaka/.local/lib/python3.9/site-packages/airflow/example_dags/example_xcom.py took 0.294 seconds
[2023-08-14T13:46:30.337+0300] {processor.py:157} INFO - Started process (PID=11933) to work on /home/soamariaka/.local/lib/python3.9/site-packages/airflow/example_dags/example_xcom.py
[2023-08-14T13:46:30.339+0300] {processor.py:826} INFO - Processing file /home/soamariaka/.local/lib/python3.9/site-packages/airflow/example_dags/example_xcom.py for tasks to queue
[2023-08-14T13:46:30.341+0300] {logging_mixin.py:150} INFO - [2023-08-14T13:46:30.340+0300] {dagbag.py:541} INFO - Filling up the DagBag from /home/soamariaka/.local/lib/python3.9/site-packages/airflow/example_dags/example_xcom.py
[2023-08-14T13:46:30.354+0300] {processor.py:836} INFO - DAG(s) dict_keys(['example_xcom']) retrieved from /home/soamariaka/.local/lib/python3.9/site-packages/airflow/example_dags/example_xcom.py
[2023-08-14T13:46:30.382+0300] {logging_mixin.py:150} INFO - [2023-08-14T13:46:30.382+0300] {dag.py:2742} INFO - Sync 1 DAGs
[2023-08-14T13:46:30.413+0300] {logging_mixin.py:150} INFO - [2023-08-14T13:46:30.413+0300] {dag.py:3504} INFO - Setting next_dagrun for example_xcom to 2021-01-01T00:00:00+00:00, run_after=2021-01-01T00:00:00+00:00
[2023-08-14T13:46:30.539+0300] {processor.py:179} INFO - Processing /home/soamariaka/.local/lib/python3.9/site-packages/airflow/example_dags/example_xcom.py took 0.207 seconds
[2023-08-14T13:47:30.903+0300] {processor.py:157} INFO - Started process (PID=11989) to work on /home/soamariaka/.local/lib/python3.9/site-packages/airflow/example_dags/example_xcom.py
[2023-08-14T13:47:30.945+0300] {processor.py:826} INFO - Processing file /home/soamariaka/.local/lib/python3.9/site-packages/airflow/example_dags/example_xcom.py for tasks to queue
[2023-08-14T13:47:30.962+0300] {logging_mixin.py:150} INFO - [2023-08-14T13:47:30.961+0300] {dagbag.py:541} INFO - Filling up the DagBag from /home/soamariaka/.local/lib/python3.9/site-packages/airflow/example_dags/example_xcom.py
[2023-08-14T13:47:30.980+0300] {processor.py:836} INFO - DAG(s) dict_keys(['example_xcom']) retrieved from /home/soamariaka/.local/lib/python3.9/site-packages/airflow/example_dags/example_xcom.py
[2023-08-14T13:47:31.018+0300] {logging_mixin.py:150} INFO - [2023-08-14T13:47:31.018+0300] {dag.py:2742} INFO - Sync 1 DAGs
[2023-08-14T13:47:31.052+0300] {logging_mixin.py:150} INFO - [2023-08-14T13:47:31.052+0300] {dag.py:3504} INFO - Setting next_dagrun for example_xcom to 2021-01-01T00:00:00+00:00, run_after=2021-01-01T00:00:00+00:00
[2023-08-14T13:47:31.313+0300] {processor.py:179} INFO - Processing /home/soamariaka/.local/lib/python3.9/site-packages/airflow/example_dags/example_xcom.py took 0.416 seconds
[2023-08-14T13:48:32.852+0300] {processor.py:157} INFO - Started process (PID=12082) to work on /home/soamariaka/.local/lib/python3.9/site-packages/airflow/example_dags/example_xcom.py
[2023-08-14T13:48:32.889+0300] {processor.py:826} INFO - Processing file /home/soamariaka/.local/lib/python3.9/site-packages/airflow/example_dags/example_xcom.py for tasks to queue
[2023-08-14T13:48:32.891+0300] {logging_mixin.py:150} INFO - [2023-08-14T13:48:32.890+0300] {dagbag.py:541} INFO - Filling up the DagBag from /home/soamariaka/.local/lib/python3.9/site-packages/airflow/example_dags/example_xcom.py
[2023-08-14T13:48:32.906+0300] {processor.py:836} INFO - DAG(s) dict_keys(['example_xcom']) retrieved from /home/soamariaka/.local/lib/python3.9/site-packages/airflow/example_dags/example_xcom.py
[2023-08-14T13:48:32.940+0300] {logging_mixin.py:150} INFO - [2023-08-14T13:48:32.939+0300] {dag.py:2742} INFO - Sync 1 DAGs
[2023-08-14T13:48:32.976+0300] {logging_mixin.py:150} INFO - [2023-08-14T13:48:32.975+0300] {dag.py:3504} INFO - Setting next_dagrun for example_xcom to 2021-01-01T00:00:00+00:00, run_after=2021-01-01T00:00:00+00:00
[2023-08-14T13:48:33.165+0300] {processor.py:179} INFO - Processing /home/soamariaka/.local/lib/python3.9/site-packages/airflow/example_dags/example_xcom.py took 0.318 seconds
[2023-08-14T13:49:34.677+0300] {processor.py:157} INFO - Started process (PID=12140) to work on /home/soamariaka/.local/lib/python3.9/site-packages/airflow/example_dags/example_xcom.py
[2023-08-14T13:49:34.732+0300] {processor.py:826} INFO - Processing file /home/soamariaka/.local/lib/python3.9/site-packages/airflow/example_dags/example_xcom.py for tasks to queue
[2023-08-14T13:49:34.734+0300] {logging_mixin.py:150} INFO - [2023-08-14T13:49:34.734+0300] {dagbag.py:541} INFO - Filling up the DagBag from /home/soamariaka/.local/lib/python3.9/site-packages/airflow/example_dags/example_xcom.py
[2023-08-14T13:49:34.748+0300] {processor.py:836} INFO - DAG(s) dict_keys(['example_xcom']) retrieved from /home/soamariaka/.local/lib/python3.9/site-packages/airflow/example_dags/example_xcom.py
[2023-08-14T13:49:34.781+0300] {logging_mixin.py:150} INFO - [2023-08-14T13:49:34.781+0300] {dag.py:2742} INFO - Sync 1 DAGs
[2023-08-14T13:49:34.815+0300] {logging_mixin.py:150} INFO - [2023-08-14T13:49:34.815+0300] {dag.py:3504} INFO - Setting next_dagrun for example_xcom to 2021-01-01T00:00:00+00:00, run_after=2021-01-01T00:00:00+00:00
[2023-08-14T13:49:34.985+0300] {processor.py:179} INFO - Processing /home/soamariaka/.local/lib/python3.9/site-packages/airflow/example_dags/example_xcom.py took 0.313 seconds
[2023-08-14T13:50:39.843+0300] {processor.py:157} INFO - Started process (PID=12216) to work on /home/soamariaka/.local/lib/python3.9/site-packages/airflow/example_dags/example_xcom.py
[2023-08-14T13:50:39.859+0300] {processor.py:826} INFO - Processing file /home/soamariaka/.local/lib/python3.9/site-packages/airflow/example_dags/example_xcom.py for tasks to queue
[2023-08-14T13:50:39.861+0300] {logging_mixin.py:150} INFO - [2023-08-14T13:50:39.860+0300] {dagbag.py:541} INFO - Filling up the DagBag from /home/soamariaka/.local/lib/python3.9/site-packages/airflow/example_dags/example_xcom.py
[2023-08-14T13:50:39.875+0300] {processor.py:836} INFO - DAG(s) dict_keys(['example_xcom']) retrieved from /home/soamariaka/.local/lib/python3.9/site-packages/airflow/example_dags/example_xcom.py
[2023-08-14T13:50:39.907+0300] {logging_mixin.py:150} INFO - [2023-08-14T13:50:39.907+0300] {dag.py:2742} INFO - Sync 1 DAGs
[2023-08-14T13:50:39.938+0300] {logging_mixin.py:150} INFO - [2023-08-14T13:50:39.938+0300] {dag.py:3504} INFO - Setting next_dagrun for example_xcom to 2021-01-01T00:00:00+00:00, run_after=2021-01-01T00:00:00+00:00
[2023-08-14T13:50:40.197+0300] {processor.py:179} INFO - Processing /home/soamariaka/.local/lib/python3.9/site-packages/airflow/example_dags/example_xcom.py took 0.359 seconds
[2023-08-14T13:51:45.601+0300] {processor.py:157} INFO - Started process (PID=12310) to work on /home/soamariaka/.local/lib/python3.9/site-packages/airflow/example_dags/example_xcom.py
[2023-08-14T13:51:45.603+0300] {processor.py:826} INFO - Processing file /home/soamariaka/.local/lib/python3.9/site-packages/airflow/example_dags/example_xcom.py for tasks to queue
[2023-08-14T13:51:45.605+0300] {logging_mixin.py:150} INFO - [2023-08-14T13:51:45.604+0300] {dagbag.py:541} INFO - Filling up the DagBag from /home/soamariaka/.local/lib/python3.9/site-packages/airflow/example_dags/example_xcom.py
[2023-08-14T13:51:45.619+0300] {processor.py:836} INFO - DAG(s) dict_keys(['example_xcom']) retrieved from /home/soamariaka/.local/lib/python3.9/site-packages/airflow/example_dags/example_xcom.py
[2023-08-14T13:51:45.655+0300] {logging_mixin.py:150} INFO - [2023-08-14T13:51:45.654+0300] {dag.py:2742} INFO - Sync 1 DAGs
[2023-08-14T13:51:45.709+0300] {logging_mixin.py:150} INFO - [2023-08-14T13:51:45.709+0300] {dag.py:3504} INFO - Setting next_dagrun for example_xcom to 2021-01-01T00:00:00+00:00, run_after=2021-01-01T00:00:00+00:00
[2023-08-14T13:51:45.840+0300] {processor.py:179} INFO - Processing /home/soamariaka/.local/lib/python3.9/site-packages/airflow/example_dags/example_xcom.py took 0.245 seconds
[2023-08-14T13:52:46.909+0300] {processor.py:157} INFO - Started process (PID=12367) to work on /home/soamariaka/.local/lib/python3.9/site-packages/airflow/example_dags/example_xcom.py
[2023-08-14T13:52:46.910+0300] {processor.py:826} INFO - Processing file /home/soamariaka/.local/lib/python3.9/site-packages/airflow/example_dags/example_xcom.py for tasks to queue
[2023-08-14T13:52:46.912+0300] {logging_mixin.py:150} INFO - [2023-08-14T13:52:46.911+0300] {dagbag.py:541} INFO - Filling up the DagBag from /home/soamariaka/.local/lib/python3.9/site-packages/airflow/example_dags/example_xcom.py
[2023-08-14T13:52:46.926+0300] {processor.py:836} INFO - DAG(s) dict_keys(['example_xcom']) retrieved from /home/soamariaka/.local/lib/python3.9/site-packages/airflow/example_dags/example_xcom.py
[2023-08-14T13:52:46.953+0300] {logging_mixin.py:150} INFO - [2023-08-14T13:52:46.953+0300] {dag.py:2742} INFO - Sync 1 DAGs
[2023-08-14T13:52:46.991+0300] {logging_mixin.py:150} INFO - [2023-08-14T13:52:46.991+0300] {dag.py:3504} INFO - Setting next_dagrun for example_xcom to 2021-01-01T00:00:00+00:00, run_after=2021-01-01T00:00:00+00:00
[2023-08-14T13:52:47.207+0300] {processor.py:179} INFO - Processing /home/soamariaka/.local/lib/python3.9/site-packages/airflow/example_dags/example_xcom.py took 0.304 seconds
[2023-08-14T13:53:51.856+0300] {processor.py:157} INFO - Started process (PID=12428) to work on /home/soamariaka/.local/lib/python3.9/site-packages/airflow/example_dags/example_xcom.py
[2023-08-14T13:53:51.859+0300] {processor.py:826} INFO - Processing file /home/soamariaka/.local/lib/python3.9/site-packages/airflow/example_dags/example_xcom.py for tasks to queue
[2023-08-14T13:53:51.860+0300] {logging_mixin.py:150} INFO - [2023-08-14T13:53:51.860+0300] {dagbag.py:541} INFO - Filling up the DagBag from /home/soamariaka/.local/lib/python3.9/site-packages/airflow/example_dags/example_xcom.py
[2023-08-14T13:53:51.874+0300] {processor.py:836} INFO - DAG(s) dict_keys(['example_xcom']) retrieved from /home/soamariaka/.local/lib/python3.9/site-packages/airflow/example_dags/example_xcom.py
[2023-08-14T13:53:51.903+0300] {logging_mixin.py:150} INFO - [2023-08-14T13:53:51.903+0300] {dag.py:2742} INFO - Sync 1 DAGs
[2023-08-14T13:53:51.934+0300] {logging_mixin.py:150} INFO - [2023-08-14T13:53:51.934+0300] {dag.py:3504} INFO - Setting next_dagrun for example_xcom to 2021-01-01T00:00:00+00:00, run_after=2021-01-01T00:00:00+00:00
[2023-08-14T13:53:52.165+0300] {processor.py:179} INFO - Processing /home/soamariaka/.local/lib/python3.9/site-packages/airflow/example_dags/example_xcom.py took 0.314 seconds
[2023-08-14T13:54:57.385+0300] {processor.py:157} INFO - Started process (PID=12536) to work on /home/soamariaka/.local/lib/python3.9/site-packages/airflow/example_dags/example_xcom.py
[2023-08-14T13:54:57.396+0300] {processor.py:826} INFO - Processing file /home/soamariaka/.local/lib/python3.9/site-packages/airflow/example_dags/example_xcom.py for tasks to queue
[2023-08-14T13:54:57.397+0300] {logging_mixin.py:150} INFO - [2023-08-14T13:54:57.397+0300] {dagbag.py:541} INFO - Filling up the DagBag from /home/soamariaka/.local/lib/python3.9/site-packages/airflow/example_dags/example_xcom.py
[2023-08-14T13:54:57.411+0300] {processor.py:836} INFO - DAG(s) dict_keys(['example_xcom']) retrieved from /home/soamariaka/.local/lib/python3.9/site-packages/airflow/example_dags/example_xcom.py
[2023-08-14T13:54:57.445+0300] {logging_mixin.py:150} INFO - [2023-08-14T13:54:57.445+0300] {dag.py:2742} INFO - Sync 1 DAGs
[2023-08-14T13:54:57.477+0300] {logging_mixin.py:150} INFO - [2023-08-14T13:54:57.477+0300] {dag.py:3504} INFO - Setting next_dagrun for example_xcom to 2021-01-01T00:00:00+00:00, run_after=2021-01-01T00:00:00+00:00
[2023-08-14T13:54:57.692+0300] {processor.py:179} INFO - Processing /home/soamariaka/.local/lib/python3.9/site-packages/airflow/example_dags/example_xcom.py took 0.312 seconds
[2023-08-14T13:56:03.917+0300] {processor.py:157} INFO - Started process (PID=12602) to work on /home/soamariaka/.local/lib/python3.9/site-packages/airflow/example_dags/example_xcom.py
[2023-08-14T13:56:03.951+0300] {processor.py:826} INFO - Processing file /home/soamariaka/.local/lib/python3.9/site-packages/airflow/example_dags/example_xcom.py for tasks to queue
[2023-08-14T13:56:04.010+0300] {logging_mixin.py:150} INFO - [2023-08-14T13:56:04.009+0300] {dagbag.py:541} INFO - Filling up the DagBag from /home/soamariaka/.local/lib/python3.9/site-packages/airflow/example_dags/example_xcom.py
[2023-08-14T13:56:04.027+0300] {processor.py:836} INFO - DAG(s) dict_keys(['example_xcom']) retrieved from /home/soamariaka/.local/lib/python3.9/site-packages/airflow/example_dags/example_xcom.py
[2023-08-14T13:56:04.080+0300] {logging_mixin.py:150} INFO - [2023-08-14T13:56:04.080+0300] {dag.py:2742} INFO - Sync 1 DAGs
[2023-08-14T13:56:04.115+0300] {logging_mixin.py:150} INFO - [2023-08-14T13:56:04.115+0300] {dag.py:3504} INFO - Setting next_dagrun for example_xcom to 2021-01-01T00:00:00+00:00, run_after=2021-01-01T00:00:00+00:00
[2023-08-14T13:56:04.872+0300] {processor.py:179} INFO - Processing /home/soamariaka/.local/lib/python3.9/site-packages/airflow/example_dags/example_xcom.py took 0.961 seconds
[2023-08-14T13:57:13.792+0300] {processor.py:157} INFO - Started process (PID=12689) to work on /home/soamariaka/.local/lib/python3.9/site-packages/airflow/example_dags/example_xcom.py
[2023-08-14T13:57:13.861+0300] {processor.py:826} INFO - Processing file /home/soamariaka/.local/lib/python3.9/site-packages/airflow/example_dags/example_xcom.py for tasks to queue
[2023-08-14T13:57:13.863+0300] {logging_mixin.py:150} INFO - [2023-08-14T13:57:13.863+0300] {dagbag.py:541} INFO - Filling up the DagBag from /home/soamariaka/.local/lib/python3.9/site-packages/airflow/example_dags/example_xcom.py
[2023-08-14T13:57:13.877+0300] {processor.py:836} INFO - DAG(s) dict_keys(['example_xcom']) retrieved from /home/soamariaka/.local/lib/python3.9/site-packages/airflow/example_dags/example_xcom.py
[2023-08-14T13:57:13.911+0300] {logging_mixin.py:150} INFO - [2023-08-14T13:57:13.910+0300] {dag.py:2742} INFO - Sync 1 DAGs
[2023-08-14T13:57:13.945+0300] {logging_mixin.py:150} INFO - [2023-08-14T13:57:13.945+0300] {dag.py:3504} INFO - Setting next_dagrun for example_xcom to 2021-01-01T00:00:00+00:00, run_after=2021-01-01T00:00:00+00:00
[2023-08-14T13:57:14.194+0300] {processor.py:179} INFO - Processing /home/soamariaka/.local/lib/python3.9/site-packages/airflow/example_dags/example_xcom.py took 0.407 seconds
[2023-08-14T13:58:15.910+0300] {processor.py:157} INFO - Started process (PID=12747) to work on /home/soamariaka/.local/lib/python3.9/site-packages/airflow/example_dags/example_xcom.py
[2023-08-14T13:58:15.911+0300] {processor.py:826} INFO - Processing file /home/soamariaka/.local/lib/python3.9/site-packages/airflow/example_dags/example_xcom.py for tasks to queue
[2023-08-14T13:58:15.912+0300] {logging_mixin.py:150} INFO - [2023-08-14T13:58:15.912+0300] {dagbag.py:541} INFO - Filling up the DagBag from /home/soamariaka/.local/lib/python3.9/site-packages/airflow/example_dags/example_xcom.py
[2023-08-14T13:58:15.923+0300] {processor.py:836} INFO - DAG(s) dict_keys(['example_xcom']) retrieved from /home/soamariaka/.local/lib/python3.9/site-packages/airflow/example_dags/example_xcom.py
[2023-08-14T13:58:15.949+0300] {logging_mixin.py:150} INFO - [2023-08-14T13:58:15.949+0300] {dag.py:2742} INFO - Sync 1 DAGs
[2023-08-14T13:58:15.986+0300] {logging_mixin.py:150} INFO - [2023-08-14T13:58:15.986+0300] {dag.py:3504} INFO - Setting next_dagrun for example_xcom to 2021-01-01T00:00:00+00:00, run_after=2021-01-01T00:00:00+00:00
[2023-08-14T13:58:16.201+0300] {processor.py:179} INFO - Processing /home/soamariaka/.local/lib/python3.9/site-packages/airflow/example_dags/example_xcom.py took 0.296 seconds
[2023-08-14T13:59:20.072+0300] {processor.py:157} INFO - Started process (PID=12836) to work on /home/soamariaka/.local/lib/python3.9/site-packages/airflow/example_dags/example_xcom.py
[2023-08-14T13:59:20.095+0300] {processor.py:826} INFO - Processing file /home/soamariaka/.local/lib/python3.9/site-packages/airflow/example_dags/example_xcom.py for tasks to queue
[2023-08-14T13:59:20.098+0300] {logging_mixin.py:150} INFO - [2023-08-14T13:59:20.097+0300] {dagbag.py:541} INFO - Filling up the DagBag from /home/soamariaka/.local/lib/python3.9/site-packages/airflow/example_dags/example_xcom.py
[2023-08-14T13:59:20.111+0300] {processor.py:836} INFO - DAG(s) dict_keys(['example_xcom']) retrieved from /home/soamariaka/.local/lib/python3.9/site-packages/airflow/example_dags/example_xcom.py
[2023-08-14T13:59:20.140+0300] {logging_mixin.py:150} INFO - [2023-08-14T13:59:20.140+0300] {dag.py:2742} INFO - Sync 1 DAGs
[2023-08-14T13:59:20.176+0300] {logging_mixin.py:150} INFO - [2023-08-14T13:59:20.176+0300] {dag.py:3504} INFO - Setting next_dagrun for example_xcom to 2021-01-01T00:00:00+00:00, run_after=2021-01-01T00:00:00+00:00
[2023-08-14T13:59:20.447+0300] {processor.py:179} INFO - Processing /home/soamariaka/.local/lib/python3.9/site-packages/airflow/example_dags/example_xcom.py took 0.380 seconds
[2023-08-14T14:00:25.477+0300] {processor.py:157} INFO - Started process (PID=12919) to work on /home/soamariaka/.local/lib/python3.9/site-packages/airflow/example_dags/example_xcom.py
[2023-08-14T14:00:25.480+0300] {processor.py:826} INFO - Processing file /home/soamariaka/.local/lib/python3.9/site-packages/airflow/example_dags/example_xcom.py for tasks to queue
[2023-08-14T14:00:25.481+0300] {logging_mixin.py:150} INFO - [2023-08-14T14:00:25.481+0300] {dagbag.py:541} INFO - Filling up the DagBag from /home/soamariaka/.local/lib/python3.9/site-packages/airflow/example_dags/example_xcom.py
[2023-08-14T14:00:25.496+0300] {processor.py:836} INFO - DAG(s) dict_keys(['example_xcom']) retrieved from /home/soamariaka/.local/lib/python3.9/site-packages/airflow/example_dags/example_xcom.py
[2023-08-14T14:00:25.524+0300] {logging_mixin.py:150} INFO - [2023-08-14T14:00:25.524+0300] {dag.py:2742} INFO - Sync 1 DAGs
[2023-08-14T14:00:25.556+0300] {logging_mixin.py:150} INFO - [2023-08-14T14:00:25.556+0300] {dag.py:3504} INFO - Setting next_dagrun for example_xcom to 2021-01-01T00:00:00+00:00, run_after=2021-01-01T00:00:00+00:00
[2023-08-14T14:00:25.704+0300] {processor.py:179} INFO - Processing /home/soamariaka/.local/lib/python3.9/site-packages/airflow/example_dags/example_xcom.py took 0.232 seconds
[2023-08-14T14:01:27.656+0300] {processor.py:157} INFO - Started process (PID=12976) to work on /home/soamariaka/.local/lib/python3.9/site-packages/airflow/example_dags/example_xcom.py
[2023-08-14T14:01:27.657+0300] {processor.py:826} INFO - Processing file /home/soamariaka/.local/lib/python3.9/site-packages/airflow/example_dags/example_xcom.py for tasks to queue
[2023-08-14T14:01:27.659+0300] {logging_mixin.py:150} INFO - [2023-08-14T14:01:27.658+0300] {dagbag.py:541} INFO - Filling up the DagBag from /home/soamariaka/.local/lib/python3.9/site-packages/airflow/example_dags/example_xcom.py
[2023-08-14T14:01:27.672+0300] {processor.py:836} INFO - DAG(s) dict_keys(['example_xcom']) retrieved from /home/soamariaka/.local/lib/python3.9/site-packages/airflow/example_dags/example_xcom.py
[2023-08-14T14:01:27.700+0300] {logging_mixin.py:150} INFO - [2023-08-14T14:01:27.699+0300] {dag.py:2742} INFO - Sync 1 DAGs
[2023-08-14T14:01:27.735+0300] {logging_mixin.py:150} INFO - [2023-08-14T14:01:27.735+0300] {dag.py:3504} INFO - Setting next_dagrun for example_xcom to 2021-01-01T00:00:00+00:00, run_after=2021-01-01T00:00:00+00:00
[2023-08-14T14:01:28.056+0300] {processor.py:179} INFO - Processing /home/soamariaka/.local/lib/python3.9/site-packages/airflow/example_dags/example_xcom.py took 0.406 seconds
[2023-08-14T14:03:59.778+0300] {processor.py:157} INFO - Started process (PID=13699) to work on /home/soamariaka/.local/lib/python3.9/site-packages/airflow/example_dags/example_xcom.py
[2023-08-14T14:03:59.781+0300] {processor.py:826} INFO - Processing file /home/soamariaka/.local/lib/python3.9/site-packages/airflow/example_dags/example_xcom.py for tasks to queue
[2023-08-14T14:03:59.782+0300] {logging_mixin.py:150} INFO - [2023-08-14T14:03:59.782+0300] {dagbag.py:541} INFO - Filling up the DagBag from /home/soamariaka/.local/lib/python3.9/site-packages/airflow/example_dags/example_xcom.py
[2023-08-14T14:03:59.796+0300] {processor.py:836} INFO - DAG(s) dict_keys(['example_xcom']) retrieved from /home/soamariaka/.local/lib/python3.9/site-packages/airflow/example_dags/example_xcom.py
[2023-08-14T14:03:59.829+0300] {logging_mixin.py:150} INFO - [2023-08-14T14:03:59.828+0300] {dag.py:2742} INFO - Sync 1 DAGs
[2023-08-14T14:03:59.881+0300] {logging_mixin.py:150} INFO - [2023-08-14T14:03:59.881+0300] {dag.py:3504} INFO - Setting next_dagrun for example_xcom to 2021-01-01T00:00:00+00:00, run_after=2021-01-01T00:00:00+00:00
[2023-08-14T14:04:00.419+0300] {processor.py:179} INFO - Processing /home/soamariaka/.local/lib/python3.9/site-packages/airflow/example_dags/example_xcom.py took 0.647 seconds
[2023-08-14T14:05:10.431+0300] {processor.py:157} INFO - Started process (PID=13772) to work on /home/soamariaka/.local/lib/python3.9/site-packages/airflow/example_dags/example_xcom.py
[2023-08-14T14:05:10.457+0300] {processor.py:826} INFO - Processing file /home/soamariaka/.local/lib/python3.9/site-packages/airflow/example_dags/example_xcom.py for tasks to queue
[2023-08-14T14:05:10.458+0300] {logging_mixin.py:150} INFO - [2023-08-14T14:05:10.458+0300] {dagbag.py:541} INFO - Filling up the DagBag from /home/soamariaka/.local/lib/python3.9/site-packages/airflow/example_dags/example_xcom.py
[2023-08-14T14:05:10.480+0300] {processor.py:836} INFO - DAG(s) dict_keys(['example_xcom']) retrieved from /home/soamariaka/.local/lib/python3.9/site-packages/airflow/example_dags/example_xcom.py
[2023-08-14T14:05:10.512+0300] {logging_mixin.py:150} INFO - [2023-08-14T14:05:10.512+0300] {dag.py:2742} INFO - Sync 1 DAGs
[2023-08-14T14:05:10.544+0300] {logging_mixin.py:150} INFO - [2023-08-14T14:05:10.544+0300] {dag.py:3504} INFO - Setting next_dagrun for example_xcom to 2021-01-01T00:00:00+00:00, run_after=2021-01-01T00:00:00+00:00
[2023-08-14T14:05:10.811+0300] {processor.py:179} INFO - Processing /home/soamariaka/.local/lib/python3.9/site-packages/airflow/example_dags/example_xcom.py took 0.384 seconds
[2023-08-14T14:05:56.246+0300] {processor.py:157} INFO - Started process (PID=13804) to work on /home/soamariaka/.local/lib/python3.9/site-packages/airflow/example_dags/example_xcom.py
[2023-08-14T14:05:56.278+0300] {processor.py:826} INFO - Processing file /home/soamariaka/.local/lib/python3.9/site-packages/airflow/example_dags/example_xcom.py for tasks to queue
[2023-08-14T14:05:56.280+0300] {logging_mixin.py:150} INFO - [2023-08-14T14:05:56.279+0300] {dagbag.py:541} INFO - Filling up the DagBag from /home/soamariaka/.local/lib/python3.9/site-packages/airflow/example_dags/example_xcom.py
[2023-08-14T14:05:56.293+0300] {processor.py:836} INFO - DAG(s) dict_keys(['example_xcom']) retrieved from /home/soamariaka/.local/lib/python3.9/site-packages/airflow/example_dags/example_xcom.py
[2023-08-14T14:05:56.325+0300] {logging_mixin.py:150} INFO - [2023-08-14T14:05:56.325+0300] {dag.py:2742} INFO - Sync 1 DAGs
[2023-08-14T14:05:56.363+0300] {logging_mixin.py:150} INFO - [2023-08-14T14:05:56.362+0300] {dag.py:3504} INFO - Setting next_dagrun for example_xcom to 2021-01-01T00:00:00+00:00, run_after=2021-01-01T00:00:00+00:00
[2023-08-14T14:05:56.841+0300] {processor.py:179} INFO - Processing /home/soamariaka/.local/lib/python3.9/site-packages/airflow/example_dags/example_xcom.py took 0.601 seconds
[2023-08-14T14:07:07.656+0300] {processor.py:157} INFO - Started process (PID=13887) to work on /home/soamariaka/.local/lib/python3.9/site-packages/airflow/example_dags/example_xcom.py
[2023-08-14T14:07:07.686+0300] {processor.py:826} INFO - Processing file /home/soamariaka/.local/lib/python3.9/site-packages/airflow/example_dags/example_xcom.py for tasks to queue
[2023-08-14T14:07:07.688+0300] {logging_mixin.py:150} INFO - [2023-08-14T14:07:07.687+0300] {dagbag.py:541} INFO - Filling up the DagBag from /home/soamariaka/.local/lib/python3.9/site-packages/airflow/example_dags/example_xcom.py
[2023-08-14T14:07:07.699+0300] {processor.py:836} INFO - DAG(s) dict_keys(['example_xcom']) retrieved from /home/soamariaka/.local/lib/python3.9/site-packages/airflow/example_dags/example_xcom.py
[2023-08-14T14:07:07.728+0300] {logging_mixin.py:150} INFO - [2023-08-14T14:07:07.728+0300] {dag.py:2742} INFO - Sync 1 DAGs
[2023-08-14T14:07:07.760+0300] {logging_mixin.py:150} INFO - [2023-08-14T14:07:07.759+0300] {dag.py:3504} INFO - Setting next_dagrun for example_xcom to 2021-01-01T00:00:00+00:00, run_after=2021-01-01T00:00:00+00:00
[2023-08-14T14:07:07.879+0300] {processor.py:179} INFO - Processing /home/soamariaka/.local/lib/python3.9/site-packages/airflow/example_dags/example_xcom.py took 0.228 seconds
[2023-08-14T14:08:24.606+0300] {processor.py:157} INFO - Started process (PID=13989) to work on /home/soamariaka/.local/lib/python3.9/site-packages/airflow/example_dags/example_xcom.py
[2023-08-14T14:08:24.652+0300] {processor.py:826} INFO - Processing file /home/soamariaka/.local/lib/python3.9/site-packages/airflow/example_dags/example_xcom.py for tasks to queue
[2023-08-14T14:08:24.654+0300] {logging_mixin.py:150} INFO - [2023-08-14T14:08:24.653+0300] {dagbag.py:541} INFO - Filling up the DagBag from /home/soamariaka/.local/lib/python3.9/site-packages/airflow/example_dags/example_xcom.py
[2023-08-14T14:08:24.675+0300] {processor.py:836} INFO - DAG(s) dict_keys(['example_xcom']) retrieved from /home/soamariaka/.local/lib/python3.9/site-packages/airflow/example_dags/example_xcom.py
[2023-08-14T14:08:24.720+0300] {logging_mixin.py:150} INFO - [2023-08-14T14:08:24.720+0300] {dag.py:2742} INFO - Sync 1 DAGs
[2023-08-14T14:08:24.757+0300] {logging_mixin.py:150} INFO - [2023-08-14T14:08:24.757+0300] {dag.py:3504} INFO - Setting next_dagrun for example_xcom to 2021-01-01T00:00:00+00:00, run_after=2021-01-01T00:00:00+00:00
[2023-08-14T14:08:25.096+0300] {processor.py:179} INFO - Processing /home/soamariaka/.local/lib/python3.9/site-packages/airflow/example_dags/example_xcom.py took 0.495 seconds
[2023-08-14T14:09:16.296+0300] {processor.py:157} INFO - Started process (PID=14068) to work on /home/soamariaka/.local/lib/python3.9/site-packages/airflow/example_dags/example_xcom.py
[2023-08-14T14:09:16.384+0300] {processor.py:826} INFO - Processing file /home/soamariaka/.local/lib/python3.9/site-packages/airflow/example_dags/example_xcom.py for tasks to queue
[2023-08-14T14:09:16.386+0300] {logging_mixin.py:150} INFO - [2023-08-14T14:09:16.385+0300] {dagbag.py:541} INFO - Filling up the DagBag from /home/soamariaka/.local/lib/python3.9/site-packages/airflow/example_dags/example_xcom.py
[2023-08-14T14:09:16.399+0300] {processor.py:836} INFO - DAG(s) dict_keys(['example_xcom']) retrieved from /home/soamariaka/.local/lib/python3.9/site-packages/airflow/example_dags/example_xcom.py
[2023-08-14T14:09:16.432+0300] {logging_mixin.py:150} INFO - [2023-08-14T14:09:16.432+0300] {dag.py:2742} INFO - Sync 1 DAGs
[2023-08-14T14:09:16.467+0300] {logging_mixin.py:150} INFO - [2023-08-14T14:09:16.467+0300] {dag.py:3504} INFO - Setting next_dagrun for example_xcom to 2021-01-01T00:00:00+00:00, run_after=2021-01-01T00:00:00+00:00
[2023-08-14T14:09:17.581+0300] {processor.py:179} INFO - Processing /home/soamariaka/.local/lib/python3.9/site-packages/airflow/example_dags/example_xcom.py took 1.292 seconds
[2023-08-14T14:10:39.989+0300] {processor.py:157} INFO - Started process (PID=14909) to work on /home/soamariaka/.local/lib/python3.9/site-packages/airflow/example_dags/example_xcom.py
[2023-08-14T14:10:39.991+0300] {processor.py:826} INFO - Processing file /home/soamariaka/.local/lib/python3.9/site-packages/airflow/example_dags/example_xcom.py for tasks to queue
[2023-08-14T14:10:39.993+0300] {logging_mixin.py:150} INFO - [2023-08-14T14:10:39.992+0300] {dagbag.py:541} INFO - Filling up the DagBag from /home/soamariaka/.local/lib/python3.9/site-packages/airflow/example_dags/example_xcom.py
[2023-08-14T14:10:40.006+0300] {processor.py:836} INFO - DAG(s) dict_keys(['example_xcom']) retrieved from /home/soamariaka/.local/lib/python3.9/site-packages/airflow/example_dags/example_xcom.py
[2023-08-14T14:10:40.035+0300] {logging_mixin.py:150} INFO - [2023-08-14T14:10:40.035+0300] {dag.py:2742} INFO - Sync 1 DAGs
[2023-08-14T14:10:40.066+0300] {logging_mixin.py:150} INFO - [2023-08-14T14:10:40.065+0300] {dag.py:3504} INFO - Setting next_dagrun for example_xcom to 2021-01-01T00:00:00+00:00, run_after=2021-01-01T00:00:00+00:00
[2023-08-14T14:10:40.282+0300] {processor.py:179} INFO - Processing /home/soamariaka/.local/lib/python3.9/site-packages/airflow/example_dags/example_xcom.py took 0.299 seconds
[2023-08-14T14:11:45.254+0300] {processor.py:157} INFO - Started process (PID=15086) to work on /home/soamariaka/.local/lib/python3.9/site-packages/airflow/example_dags/example_xcom.py
[2023-08-14T14:11:45.256+0300] {processor.py:826} INFO - Processing file /home/soamariaka/.local/lib/python3.9/site-packages/airflow/example_dags/example_xcom.py for tasks to queue
[2023-08-14T14:11:45.257+0300] {logging_mixin.py:150} INFO - [2023-08-14T14:11:45.257+0300] {dagbag.py:541} INFO - Filling up the DagBag from /home/soamariaka/.local/lib/python3.9/site-packages/airflow/example_dags/example_xcom.py
[2023-08-14T14:11:45.271+0300] {processor.py:836} INFO - DAG(s) dict_keys(['example_xcom']) retrieved from /home/soamariaka/.local/lib/python3.9/site-packages/airflow/example_dags/example_xcom.py
[2023-08-14T14:11:45.299+0300] {logging_mixin.py:150} INFO - [2023-08-14T14:11:45.299+0300] {dag.py:2742} INFO - Sync 1 DAGs
[2023-08-14T14:11:45.331+0300] {logging_mixin.py:150} INFO - [2023-08-14T14:11:45.331+0300] {dag.py:3504} INFO - Setting next_dagrun for example_xcom to 2021-01-01T00:00:00+00:00, run_after=2021-01-01T00:00:00+00:00
[2023-08-14T14:11:45.466+0300] {processor.py:179} INFO - Processing /home/soamariaka/.local/lib/python3.9/site-packages/airflow/example_dags/example_xcom.py took 0.217 seconds
[2023-08-14T14:12:29.340+0300] {processor.py:157} INFO - Started process (PID=15148) to work on /home/soamariaka/.local/lib/python3.9/site-packages/airflow/example_dags/example_xcom.py
[2023-08-14T14:12:29.342+0300] {processor.py:826} INFO - Processing file /home/soamariaka/.local/lib/python3.9/site-packages/airflow/example_dags/example_xcom.py for tasks to queue
[2023-08-14T14:12:29.344+0300] {logging_mixin.py:150} INFO - [2023-08-14T14:12:29.343+0300] {dagbag.py:541} INFO - Filling up the DagBag from /home/soamariaka/.local/lib/python3.9/site-packages/airflow/example_dags/example_xcom.py
[2023-08-14T14:12:29.357+0300] {processor.py:836} INFO - DAG(s) dict_keys(['example_xcom']) retrieved from /home/soamariaka/.local/lib/python3.9/site-packages/airflow/example_dags/example_xcom.py
[2023-08-14T14:12:29.386+0300] {logging_mixin.py:150} INFO - [2023-08-14T14:12:29.386+0300] {dag.py:2742} INFO - Sync 1 DAGs
[2023-08-14T14:12:29.417+0300] {logging_mixin.py:150} INFO - [2023-08-14T14:12:29.417+0300] {dag.py:3504} INFO - Setting next_dagrun for example_xcom to 2021-01-01T00:00:00+00:00, run_after=2021-01-01T00:00:00+00:00
[2023-08-14T14:12:29.552+0300] {processor.py:179} INFO - Processing /home/soamariaka/.local/lib/python3.9/site-packages/airflow/example_dags/example_xcom.py took 0.218 seconds
[2023-08-14T14:13:27.771+0300] {processor.py:157} INFO - Started process (PID=15275) to work on /home/soamariaka/.local/lib/python3.9/site-packages/airflow/example_dags/example_xcom.py
[2023-08-14T14:13:27.773+0300] {processor.py:826} INFO - Processing file /home/soamariaka/.local/lib/python3.9/site-packages/airflow/example_dags/example_xcom.py for tasks to queue
[2023-08-14T14:13:27.775+0300] {logging_mixin.py:150} INFO - [2023-08-14T14:13:27.774+0300] {dagbag.py:541} INFO - Filling up the DagBag from /home/soamariaka/.local/lib/python3.9/site-packages/airflow/example_dags/example_xcom.py
[2023-08-14T14:13:27.793+0300] {processor.py:836} INFO - DAG(s) dict_keys(['example_xcom']) retrieved from /home/soamariaka/.local/lib/python3.9/site-packages/airflow/example_dags/example_xcom.py
[2023-08-14T14:13:27.832+0300] {logging_mixin.py:150} INFO - [2023-08-14T14:13:27.832+0300] {dag.py:2742} INFO - Sync 1 DAGs
[2023-08-14T14:13:27.875+0300] {logging_mixin.py:150} INFO - [2023-08-14T14:13:27.874+0300] {dag.py:3504} INFO - Setting next_dagrun for example_xcom to 2021-01-01T00:00:00+00:00, run_after=2021-01-01T00:00:00+00:00
[2023-08-14T14:13:28.140+0300] {processor.py:179} INFO - Processing /home/soamariaka/.local/lib/python3.9/site-packages/airflow/example_dags/example_xcom.py took 0.376 seconds
[2023-08-14T14:14:31.324+0300] {processor.py:157} INFO - Started process (PID=15365) to work on /home/soamariaka/.local/lib/python3.9/site-packages/airflow/example_dags/example_xcom.py
[2023-08-14T14:14:31.327+0300] {processor.py:826} INFO - Processing file /home/soamariaka/.local/lib/python3.9/site-packages/airflow/example_dags/example_xcom.py for tasks to queue
[2023-08-14T14:14:31.328+0300] {logging_mixin.py:150} INFO - [2023-08-14T14:14:31.327+0300] {dagbag.py:541} INFO - Filling up the DagBag from /home/soamariaka/.local/lib/python3.9/site-packages/airflow/example_dags/example_xcom.py
[2023-08-14T14:14:31.341+0300] {processor.py:836} INFO - DAG(s) dict_keys(['example_xcom']) retrieved from /home/soamariaka/.local/lib/python3.9/site-packages/airflow/example_dags/example_xcom.py
[2023-08-14T14:14:31.370+0300] {logging_mixin.py:150} INFO - [2023-08-14T14:14:31.370+0300] {dag.py:2742} INFO - Sync 1 DAGs
[2023-08-14T14:14:31.401+0300] {logging_mixin.py:150} INFO - [2023-08-14T14:14:31.401+0300] {dag.py:3504} INFO - Setting next_dagrun for example_xcom to 2021-01-01T00:00:00+00:00, run_after=2021-01-01T00:00:00+00:00
[2023-08-14T14:14:31.551+0300] {processor.py:179} INFO - Processing /home/soamariaka/.local/lib/python3.9/site-packages/airflow/example_dags/example_xcom.py took 0.232 seconds
[2023-08-14T14:15:32.246+0300] {processor.py:157} INFO - Started process (PID=15539) to work on /home/soamariaka/.local/lib/python3.9/site-packages/airflow/example_dags/example_xcom.py
[2023-08-14T14:15:32.261+0300] {processor.py:826} INFO - Processing file /home/soamariaka/.local/lib/python3.9/site-packages/airflow/example_dags/example_xcom.py for tasks to queue
[2023-08-14T14:15:32.262+0300] {logging_mixin.py:150} INFO - [2023-08-14T14:15:32.262+0300] {dagbag.py:541} INFO - Filling up the DagBag from /home/soamariaka/.local/lib/python3.9/site-packages/airflow/example_dags/example_xcom.py
[2023-08-14T14:15:32.284+0300] {processor.py:836} INFO - DAG(s) dict_keys(['example_xcom']) retrieved from /home/soamariaka/.local/lib/python3.9/site-packages/airflow/example_dags/example_xcom.py
[2023-08-14T14:15:32.314+0300] {logging_mixin.py:150} INFO - [2023-08-14T14:15:32.314+0300] {dag.py:2742} INFO - Sync 1 DAGs
[2023-08-14T14:15:32.345+0300] {logging_mixin.py:150} INFO - [2023-08-14T14:15:32.345+0300] {dag.py:3504} INFO - Setting next_dagrun for example_xcom to 2021-01-01T00:00:00+00:00, run_after=2021-01-01T00:00:00+00:00
[2023-08-14T14:15:32.470+0300] {processor.py:179} INFO - Processing /home/soamariaka/.local/lib/python3.9/site-packages/airflow/example_dags/example_xcom.py took 0.230 seconds
[2023-08-14T14:16:36.999+0300] {processor.py:157} INFO - Started process (PID=15636) to work on /home/soamariaka/.local/lib/python3.9/site-packages/airflow/example_dags/example_xcom.py
[2023-08-14T14:16:37.001+0300] {processor.py:826} INFO - Processing file /home/soamariaka/.local/lib/python3.9/site-packages/airflow/example_dags/example_xcom.py for tasks to queue
[2023-08-14T14:16:37.004+0300] {logging_mixin.py:150} INFO - [2023-08-14T14:16:37.003+0300] {dagbag.py:541} INFO - Filling up the DagBag from /home/soamariaka/.local/lib/python3.9/site-packages/airflow/example_dags/example_xcom.py
[2023-08-14T14:16:37.019+0300] {processor.py:836} INFO - DAG(s) dict_keys(['example_xcom']) retrieved from /home/soamariaka/.local/lib/python3.9/site-packages/airflow/example_dags/example_xcom.py
[2023-08-14T14:16:37.084+0300] {logging_mixin.py:150} INFO - [2023-08-14T14:16:37.084+0300] {dag.py:2742} INFO - Sync 1 DAGs
[2023-08-14T14:16:37.132+0300] {logging_mixin.py:150} INFO - [2023-08-14T14:16:37.132+0300] {dag.py:3504} INFO - Setting next_dagrun for example_xcom to 2021-01-01T00:00:00+00:00, run_after=2021-01-01T00:00:00+00:00
[2023-08-14T14:16:37.297+0300] {processor.py:179} INFO - Processing /home/soamariaka/.local/lib/python3.9/site-packages/airflow/example_dags/example_xcom.py took 0.303 seconds
[2023-08-14T14:17:39.001+0300] {processor.py:157} INFO - Started process (PID=15725) to work on /home/soamariaka/.local/lib/python3.9/site-packages/airflow/example_dags/example_xcom.py
[2023-08-14T14:17:39.021+0300] {processor.py:826} INFO - Processing file /home/soamariaka/.local/lib/python3.9/site-packages/airflow/example_dags/example_xcom.py for tasks to queue
[2023-08-14T14:17:39.023+0300] {logging_mixin.py:150} INFO - [2023-08-14T14:17:39.023+0300] {dagbag.py:541} INFO - Filling up the DagBag from /home/soamariaka/.local/lib/python3.9/site-packages/airflow/example_dags/example_xcom.py
[2023-08-14T14:17:39.037+0300] {processor.py:836} INFO - DAG(s) dict_keys(['example_xcom']) retrieved from /home/soamariaka/.local/lib/python3.9/site-packages/airflow/example_dags/example_xcom.py
[2023-08-14T14:17:39.069+0300] {logging_mixin.py:150} INFO - [2023-08-14T14:17:39.069+0300] {dag.py:2742} INFO - Sync 1 DAGs
[2023-08-14T14:17:39.103+0300] {logging_mixin.py:150} INFO - [2023-08-14T14:17:39.103+0300] {dag.py:3504} INFO - Setting next_dagrun for example_xcom to 2021-01-01T00:00:00+00:00, run_after=2021-01-01T00:00:00+00:00
[2023-08-14T14:17:43.721+0300] {processor.py:179} INFO - Processing /home/soamariaka/.local/lib/python3.9/site-packages/airflow/example_dags/example_xcom.py took 4.725 seconds
[2023-08-14T14:18:28.227+0300] {processor.py:157} INFO - Started process (PID=15891) to work on /home/soamariaka/.local/lib/python3.9/site-packages/airflow/example_dags/example_xcom.py
[2023-08-14T14:18:28.265+0300] {processor.py:826} INFO - Processing file /home/soamariaka/.local/lib/python3.9/site-packages/airflow/example_dags/example_xcom.py for tasks to queue
[2023-08-14T14:18:28.267+0300] {logging_mixin.py:150} INFO - [2023-08-14T14:18:28.266+0300] {dagbag.py:541} INFO - Filling up the DagBag from /home/soamariaka/.local/lib/python3.9/site-packages/airflow/example_dags/example_xcom.py
[2023-08-14T14:18:28.281+0300] {processor.py:836} INFO - DAG(s) dict_keys(['example_xcom']) retrieved from /home/soamariaka/.local/lib/python3.9/site-packages/airflow/example_dags/example_xcom.py
[2023-08-14T14:18:28.316+0300] {logging_mixin.py:150} INFO - [2023-08-14T14:18:28.316+0300] {dag.py:2742} INFO - Sync 1 DAGs
[2023-08-14T14:18:28.349+0300] {logging_mixin.py:150} INFO - [2023-08-14T14:18:28.349+0300] {dag.py:3504} INFO - Setting next_dagrun for example_xcom to 2021-01-01T00:00:00+00:00, run_after=2021-01-01T00:00:00+00:00
[2023-08-14T14:18:28.750+0300] {processor.py:179} INFO - Processing /home/soamariaka/.local/lib/python3.9/site-packages/airflow/example_dags/example_xcom.py took 0.528 seconds
[2023-08-14T14:19:27.764+0300] {processor.py:157} INFO - Started process (PID=15953) to work on /home/soamariaka/.local/lib/python3.9/site-packages/airflow/example_dags/example_xcom.py
[2023-08-14T14:19:27.793+0300] {processor.py:826} INFO - Processing file /home/soamariaka/.local/lib/python3.9/site-packages/airflow/example_dags/example_xcom.py for tasks to queue
[2023-08-14T14:19:27.795+0300] {logging_mixin.py:150} INFO - [2023-08-14T14:19:27.794+0300] {dagbag.py:541} INFO - Filling up the DagBag from /home/soamariaka/.local/lib/python3.9/site-packages/airflow/example_dags/example_xcom.py
[2023-08-14T14:19:27.809+0300] {processor.py:836} INFO - DAG(s) dict_keys(['example_xcom']) retrieved from /home/soamariaka/.local/lib/python3.9/site-packages/airflow/example_dags/example_xcom.py
[2023-08-14T14:19:27.841+0300] {logging_mixin.py:150} INFO - [2023-08-14T14:19:27.841+0300] {dag.py:2742} INFO - Sync 1 DAGs
[2023-08-14T14:19:27.874+0300] {logging_mixin.py:150} INFO - [2023-08-14T14:19:27.873+0300] {dag.py:3504} INFO - Setting next_dagrun for example_xcom to 2021-01-01T00:00:00+00:00, run_after=2021-01-01T00:00:00+00:00
[2023-08-14T14:19:28.128+0300] {processor.py:179} INFO - Processing /home/soamariaka/.local/lib/python3.9/site-packages/airflow/example_dags/example_xcom.py took 0.370 seconds
[2023-08-14T14:20:43.599+0300] {processor.py:157} INFO - Started process (PID=16052) to work on /home/soamariaka/.local/lib/python3.9/site-packages/airflow/example_dags/example_xcom.py
[2023-08-14T14:20:43.726+0300] {processor.py:826} INFO - Processing file /home/soamariaka/.local/lib/python3.9/site-packages/airflow/example_dags/example_xcom.py for tasks to queue
[2023-08-14T14:20:43.843+0300] {logging_mixin.py:150} INFO - [2023-08-14T14:20:43.842+0300] {dagbag.py:541} INFO - Filling up the DagBag from /home/soamariaka/.local/lib/python3.9/site-packages/airflow/example_dags/example_xcom.py
[2023-08-14T14:20:43.860+0300] {processor.py:836} INFO - DAG(s) dict_keys(['example_xcom']) retrieved from /home/soamariaka/.local/lib/python3.9/site-packages/airflow/example_dags/example_xcom.py
[2023-08-14T14:20:43.903+0300] {logging_mixin.py:150} INFO - [2023-08-14T14:20:43.902+0300] {dag.py:2742} INFO - Sync 1 DAGs
[2023-08-14T14:20:43.965+0300] {logging_mixin.py:150} INFO - [2023-08-14T14:20:43.964+0300] {dag.py:3504} INFO - Setting next_dagrun for example_xcom to 2021-01-01T00:00:00+00:00, run_after=2021-01-01T00:00:00+00:00
[2023-08-14T14:20:46.305+0300] {processor.py:179} INFO - Processing /home/soamariaka/.local/lib/python3.9/site-packages/airflow/example_dags/example_xcom.py took 2.711 seconds
[2023-08-14T14:21:43.677+0300] {processor.py:157} INFO - Started process (PID=16105) to work on /home/soamariaka/.local/lib/python3.9/site-packages/airflow/example_dags/example_xcom.py
[2023-08-14T14:21:43.679+0300] {processor.py:826} INFO - Processing file /home/soamariaka/.local/lib/python3.9/site-packages/airflow/example_dags/example_xcom.py for tasks to queue
[2023-08-14T14:21:43.681+0300] {logging_mixin.py:150} INFO - [2023-08-14T14:21:43.680+0300] {dagbag.py:541} INFO - Filling up the DagBag from /home/soamariaka/.local/lib/python3.9/site-packages/airflow/example_dags/example_xcom.py
[2023-08-14T14:21:43.694+0300] {processor.py:836} INFO - DAG(s) dict_keys(['example_xcom']) retrieved from /home/soamariaka/.local/lib/python3.9/site-packages/airflow/example_dags/example_xcom.py
[2023-08-14T14:21:43.723+0300] {logging_mixin.py:150} INFO - [2023-08-14T14:21:43.723+0300] {dag.py:2742} INFO - Sync 1 DAGs
[2023-08-14T14:21:43.754+0300] {logging_mixin.py:150} INFO - [2023-08-14T14:21:43.754+0300] {dag.py:3504} INFO - Setting next_dagrun for example_xcom to 2021-01-01T00:00:00+00:00, run_after=2021-01-01T00:00:00+00:00
[2023-08-14T14:21:43.897+0300] {processor.py:179} INFO - Processing /home/soamariaka/.local/lib/python3.9/site-packages/airflow/example_dags/example_xcom.py took 0.226 seconds
[2023-08-14T14:22:43.501+0300] {processor.py:157} INFO - Started process (PID=16162) to work on /home/soamariaka/.local/lib/python3.9/site-packages/airflow/example_dags/example_xcom.py
[2023-08-14T14:22:43.503+0300] {processor.py:826} INFO - Processing file /home/soamariaka/.local/lib/python3.9/site-packages/airflow/example_dags/example_xcom.py for tasks to queue
[2023-08-14T14:22:43.504+0300] {logging_mixin.py:150} INFO - [2023-08-14T14:22:43.504+0300] {dagbag.py:541} INFO - Filling up the DagBag from /home/soamariaka/.local/lib/python3.9/site-packages/airflow/example_dags/example_xcom.py
[2023-08-14T14:22:43.518+0300] {processor.py:836} INFO - DAG(s) dict_keys(['example_xcom']) retrieved from /home/soamariaka/.local/lib/python3.9/site-packages/airflow/example_dags/example_xcom.py
[2023-08-14T14:22:43.547+0300] {logging_mixin.py:150} INFO - [2023-08-14T14:22:43.546+0300] {dag.py:2742} INFO - Sync 1 DAGs
[2023-08-14T14:22:43.577+0300] {logging_mixin.py:150} INFO - [2023-08-14T14:22:43.577+0300] {dag.py:3504} INFO - Setting next_dagrun for example_xcom to 2021-01-01T00:00:00+00:00, run_after=2021-01-01T00:00:00+00:00
[2023-08-14T14:22:43.734+0300] {processor.py:179} INFO - Processing /home/soamariaka/.local/lib/python3.9/site-packages/airflow/example_dags/example_xcom.py took 0.238 seconds
[2023-08-14T14:23:47.520+0300] {processor.py:157} INFO - Started process (PID=16229) to work on /home/soamariaka/.local/lib/python3.9/site-packages/airflow/example_dags/example_xcom.py
[2023-08-14T14:23:47.523+0300] {processor.py:826} INFO - Processing file /home/soamariaka/.local/lib/python3.9/site-packages/airflow/example_dags/example_xcom.py for tasks to queue
[2023-08-14T14:23:47.524+0300] {logging_mixin.py:150} INFO - [2023-08-14T14:23:47.524+0300] {dagbag.py:541} INFO - Filling up the DagBag from /home/soamariaka/.local/lib/python3.9/site-packages/airflow/example_dags/example_xcom.py
[2023-08-14T14:23:47.538+0300] {processor.py:836} INFO - DAG(s) dict_keys(['example_xcom']) retrieved from /home/soamariaka/.local/lib/python3.9/site-packages/airflow/example_dags/example_xcom.py
[2023-08-14T14:23:47.567+0300] {logging_mixin.py:150} INFO - [2023-08-14T14:23:47.566+0300] {dag.py:2742} INFO - Sync 1 DAGs
[2023-08-14T14:23:47.598+0300] {logging_mixin.py:150} INFO - [2023-08-14T14:23:47.597+0300] {dag.py:3504} INFO - Setting next_dagrun for example_xcom to 2021-01-01T00:00:00+00:00, run_after=2021-01-01T00:00:00+00:00
[2023-08-14T14:23:47.769+0300] {processor.py:179} INFO - Processing /home/soamariaka/.local/lib/python3.9/site-packages/airflow/example_dags/example_xcom.py took 0.254 seconds
[2023-08-14T14:24:43.500+0300] {processor.py:157} INFO - Started process (PID=16505) to work on /home/soamariaka/.local/lib/python3.9/site-packages/airflow/example_dags/example_xcom.py
[2023-08-14T14:24:43.502+0300] {processor.py:826} INFO - Processing file /home/soamariaka/.local/lib/python3.9/site-packages/airflow/example_dags/example_xcom.py for tasks to queue
[2023-08-14T14:24:43.504+0300] {logging_mixin.py:150} INFO - [2023-08-14T14:24:43.503+0300] {dagbag.py:541} INFO - Filling up the DagBag from /home/soamariaka/.local/lib/python3.9/site-packages/airflow/example_dags/example_xcom.py
[2023-08-14T14:24:43.518+0300] {processor.py:836} INFO - DAG(s) dict_keys(['example_xcom']) retrieved from /home/soamariaka/.local/lib/python3.9/site-packages/airflow/example_dags/example_xcom.py
[2023-08-14T14:24:43.546+0300] {logging_mixin.py:150} INFO - [2023-08-14T14:24:43.545+0300] {dag.py:2742} INFO - Sync 1 DAGs
[2023-08-14T14:24:43.576+0300] {logging_mixin.py:150} INFO - [2023-08-14T14:24:43.576+0300] {dag.py:3504} INFO - Setting next_dagrun for example_xcom to 2021-01-01T00:00:00+00:00, run_after=2021-01-01T00:00:00+00:00
[2023-08-14T14:24:43.709+0300] {processor.py:179} INFO - Processing /home/soamariaka/.local/lib/python3.9/site-packages/airflow/example_dags/example_xcom.py took 0.215 seconds
[2023-08-14T14:25:45.422+0300] {processor.py:157} INFO - Started process (PID=16654) to work on /home/soamariaka/.local/lib/python3.9/site-packages/airflow/example_dags/example_xcom.py
[2023-08-14T14:25:45.456+0300] {processor.py:826} INFO - Processing file /home/soamariaka/.local/lib/python3.9/site-packages/airflow/example_dags/example_xcom.py for tasks to queue
[2023-08-14T14:25:45.459+0300] {logging_mixin.py:150} INFO - [2023-08-14T14:25:45.458+0300] {dagbag.py:541} INFO - Filling up the DagBag from /home/soamariaka/.local/lib/python3.9/site-packages/airflow/example_dags/example_xcom.py
[2023-08-14T14:25:45.472+0300] {processor.py:836} INFO - DAG(s) dict_keys(['example_xcom']) retrieved from /home/soamariaka/.local/lib/python3.9/site-packages/airflow/example_dags/example_xcom.py
[2023-08-14T14:25:45.504+0300] {logging_mixin.py:150} INFO - [2023-08-14T14:25:45.504+0300] {dag.py:2742} INFO - Sync 1 DAGs
[2023-08-14T14:25:45.537+0300] {logging_mixin.py:150} INFO - [2023-08-14T14:25:45.537+0300] {dag.py:3504} INFO - Setting next_dagrun for example_xcom to 2021-01-01T00:00:00+00:00, run_after=2021-01-01T00:00:00+00:00
[2023-08-14T14:25:45.656+0300] {processor.py:179} INFO - Processing /home/soamariaka/.local/lib/python3.9/site-packages/airflow/example_dags/example_xcom.py took 0.240 seconds
[2023-08-14T14:26:44.145+0300] {processor.py:157} INFO - Started process (PID=16740) to work on /home/soamariaka/.local/lib/python3.9/site-packages/airflow/example_dags/example_xcom.py
[2023-08-14T14:26:44.147+0300] {processor.py:826} INFO - Processing file /home/soamariaka/.local/lib/python3.9/site-packages/airflow/example_dags/example_xcom.py for tasks to queue
[2023-08-14T14:26:44.148+0300] {logging_mixin.py:150} INFO - [2023-08-14T14:26:44.148+0300] {dagbag.py:541} INFO - Filling up the DagBag from /home/soamariaka/.local/lib/python3.9/site-packages/airflow/example_dags/example_xcom.py
[2023-08-14T14:26:44.159+0300] {processor.py:836} INFO - DAG(s) dict_keys(['example_xcom']) retrieved from /home/soamariaka/.local/lib/python3.9/site-packages/airflow/example_dags/example_xcom.py
[2023-08-14T14:26:44.185+0300] {logging_mixin.py:150} INFO - [2023-08-14T14:26:44.184+0300] {dag.py:2742} INFO - Sync 1 DAGs
[2023-08-14T14:26:44.216+0300] {logging_mixin.py:150} INFO - [2023-08-14T14:26:44.215+0300] {dag.py:3504} INFO - Setting next_dagrun for example_xcom to 2021-01-01T00:00:00+00:00, run_after=2021-01-01T00:00:00+00:00
[2023-08-14T14:26:44.353+0300] {processor.py:179} INFO - Processing /home/soamariaka/.local/lib/python3.9/site-packages/airflow/example_dags/example_xcom.py took 0.212 seconds
[2023-08-14T14:27:44.904+0300] {processor.py:157} INFO - Started process (PID=16866) to work on /home/soamariaka/.local/lib/python3.9/site-packages/airflow/example_dags/example_xcom.py
[2023-08-14T14:27:44.907+0300] {processor.py:826} INFO - Processing file /home/soamariaka/.local/lib/python3.9/site-packages/airflow/example_dags/example_xcom.py for tasks to queue
[2023-08-14T14:27:44.908+0300] {logging_mixin.py:150} INFO - [2023-08-14T14:27:44.908+0300] {dagbag.py:541} INFO - Filling up the DagBag from /home/soamariaka/.local/lib/python3.9/site-packages/airflow/example_dags/example_xcom.py
[2023-08-14T14:27:44.921+0300] {processor.py:836} INFO - DAG(s) dict_keys(['example_xcom']) retrieved from /home/soamariaka/.local/lib/python3.9/site-packages/airflow/example_dags/example_xcom.py
[2023-08-14T14:27:44.950+0300] {logging_mixin.py:150} INFO - [2023-08-14T14:27:44.950+0300] {dag.py:2742} INFO - Sync 1 DAGs
[2023-08-14T14:27:44.981+0300] {logging_mixin.py:150} INFO - [2023-08-14T14:27:44.981+0300] {dag.py:3504} INFO - Setting next_dagrun for example_xcom to 2021-01-01T00:00:00+00:00, run_after=2021-01-01T00:00:00+00:00
[2023-08-14T14:27:45.121+0300] {processor.py:179} INFO - Processing /home/soamariaka/.local/lib/python3.9/site-packages/airflow/example_dags/example_xcom.py took 0.222 seconds
[2023-08-14T14:28:48.825+0300] {processor.py:157} INFO - Started process (PID=17021) to work on /home/soamariaka/.local/lib/python3.9/site-packages/airflow/example_dags/example_xcom.py
[2023-08-14T14:28:48.827+0300] {processor.py:826} INFO - Processing file /home/soamariaka/.local/lib/python3.9/site-packages/airflow/example_dags/example_xcom.py for tasks to queue
[2023-08-14T14:28:48.828+0300] {logging_mixin.py:150} INFO - [2023-08-14T14:28:48.828+0300] {dagbag.py:541} INFO - Filling up the DagBag from /home/soamariaka/.local/lib/python3.9/site-packages/airflow/example_dags/example_xcom.py
[2023-08-14T14:28:48.842+0300] {processor.py:836} INFO - DAG(s) dict_keys(['example_xcom']) retrieved from /home/soamariaka/.local/lib/python3.9/site-packages/airflow/example_dags/example_xcom.py
[2023-08-14T14:28:48.870+0300] {logging_mixin.py:150} INFO - [2023-08-14T14:28:48.870+0300] {dag.py:2742} INFO - Sync 1 DAGs
[2023-08-14T14:28:48.901+0300] {logging_mixin.py:150} INFO - [2023-08-14T14:28:48.901+0300] {dag.py:3504} INFO - Setting next_dagrun for example_xcom to 2021-01-01T00:00:00+00:00, run_after=2021-01-01T00:00:00+00:00
[2023-08-14T14:28:49.475+0300] {processor.py:179} INFO - Processing /home/soamariaka/.local/lib/python3.9/site-packages/airflow/example_dags/example_xcom.py took 0.655 seconds
[2023-08-14T14:29:47.797+0300] {processor.py:157} INFO - Started process (PID=17138) to work on /home/soamariaka/.local/lib/python3.9/site-packages/airflow/example_dags/example_xcom.py
[2023-08-14T14:29:47.799+0300] {processor.py:826} INFO - Processing file /home/soamariaka/.local/lib/python3.9/site-packages/airflow/example_dags/example_xcom.py for tasks to queue
[2023-08-14T14:29:47.801+0300] {logging_mixin.py:150} INFO - [2023-08-14T14:29:47.800+0300] {dagbag.py:541} INFO - Filling up the DagBag from /home/soamariaka/.local/lib/python3.9/site-packages/airflow/example_dags/example_xcom.py
[2023-08-14T14:29:47.814+0300] {processor.py:836} INFO - DAG(s) dict_keys(['example_xcom']) retrieved from /home/soamariaka/.local/lib/python3.9/site-packages/airflow/example_dags/example_xcom.py
[2023-08-14T14:29:47.843+0300] {logging_mixin.py:150} INFO - [2023-08-14T14:29:47.843+0300] {dag.py:2742} INFO - Sync 1 DAGs
[2023-08-14T14:29:47.874+0300] {logging_mixin.py:150} INFO - [2023-08-14T14:29:47.874+0300] {dag.py:3504} INFO - Setting next_dagrun for example_xcom to 2021-01-01T00:00:00+00:00, run_after=2021-01-01T00:00:00+00:00
[2023-08-14T14:29:48.028+0300] {processor.py:179} INFO - Processing /home/soamariaka/.local/lib/python3.9/site-packages/airflow/example_dags/example_xcom.py took 0.237 seconds
[2023-08-14T14:30:40.925+0300] {processor.py:157} INFO - Started process (PID=17243) to work on /home/soamariaka/.local/lib/python3.9/site-packages/airflow/example_dags/example_xcom.py
[2023-08-14T14:30:40.940+0300] {processor.py:826} INFO - Processing file /home/soamariaka/.local/lib/python3.9/site-packages/airflow/example_dags/example_xcom.py for tasks to queue
[2023-08-14T14:30:40.942+0300] {logging_mixin.py:150} INFO - [2023-08-14T14:30:40.941+0300] {dagbag.py:541} INFO - Filling up the DagBag from /home/soamariaka/.local/lib/python3.9/site-packages/airflow/example_dags/example_xcom.py
[2023-08-14T14:30:40.956+0300] {processor.py:836} INFO - DAG(s) dict_keys(['example_xcom']) retrieved from /home/soamariaka/.local/lib/python3.9/site-packages/airflow/example_dags/example_xcom.py
[2023-08-14T14:30:40.986+0300] {logging_mixin.py:150} INFO - [2023-08-14T14:30:40.986+0300] {dag.py:2742} INFO - Sync 1 DAGs
[2023-08-14T14:30:41.018+0300] {logging_mixin.py:150} INFO - [2023-08-14T14:30:41.018+0300] {dag.py:3504} INFO - Setting next_dagrun for example_xcom to 2021-01-01T00:00:00+00:00, run_after=2021-01-01T00:00:00+00:00
[2023-08-14T14:30:41.157+0300] {processor.py:179} INFO - Processing /home/soamariaka/.local/lib/python3.9/site-packages/airflow/example_dags/example_xcom.py took 0.238 seconds
[2023-08-14T14:31:39.952+0300] {processor.py:157} INFO - Started process (PID=17329) to work on /home/soamariaka/.local/lib/python3.9/site-packages/airflow/example_dags/example_xcom.py
[2023-08-14T14:31:39.980+0300] {processor.py:826} INFO - Processing file /home/soamariaka/.local/lib/python3.9/site-packages/airflow/example_dags/example_xcom.py for tasks to queue
[2023-08-14T14:31:39.982+0300] {logging_mixin.py:150} INFO - [2023-08-14T14:31:39.981+0300] {dagbag.py:541} INFO - Filling up the DagBag from /home/soamariaka/.local/lib/python3.9/site-packages/airflow/example_dags/example_xcom.py
[2023-08-14T14:31:39.995+0300] {processor.py:836} INFO - DAG(s) dict_keys(['example_xcom']) retrieved from /home/soamariaka/.local/lib/python3.9/site-packages/airflow/example_dags/example_xcom.py
[2023-08-14T14:31:40.027+0300] {logging_mixin.py:150} INFO - [2023-08-14T14:31:40.027+0300] {dag.py:2742} INFO - Sync 1 DAGs
[2023-08-14T14:31:40.059+0300] {logging_mixin.py:150} INFO - [2023-08-14T14:31:40.059+0300] {dag.py:3504} INFO - Setting next_dagrun for example_xcom to 2021-01-01T00:00:00+00:00, run_after=2021-01-01T00:00:00+00:00
[2023-08-14T14:31:40.190+0300] {processor.py:179} INFO - Processing /home/soamariaka/.local/lib/python3.9/site-packages/airflow/example_dags/example_xcom.py took 0.244 seconds
[2023-08-14T14:32:39.536+0300] {processor.py:157} INFO - Started process (PID=17449) to work on /home/soamariaka/.local/lib/python3.9/site-packages/airflow/example_dags/example_xcom.py
[2023-08-14T14:32:39.539+0300] {processor.py:826} INFO - Processing file /home/soamariaka/.local/lib/python3.9/site-packages/airflow/example_dags/example_xcom.py for tasks to queue
[2023-08-14T14:32:39.540+0300] {logging_mixin.py:150} INFO - [2023-08-14T14:32:39.540+0300] {dagbag.py:541} INFO - Filling up the DagBag from /home/soamariaka/.local/lib/python3.9/site-packages/airflow/example_dags/example_xcom.py
[2023-08-14T14:32:39.554+0300] {processor.py:836} INFO - DAG(s) dict_keys(['example_xcom']) retrieved from /home/soamariaka/.local/lib/python3.9/site-packages/airflow/example_dags/example_xcom.py
[2023-08-14T14:32:39.582+0300] {logging_mixin.py:150} INFO - [2023-08-14T14:32:39.582+0300] {dag.py:2742} INFO - Sync 1 DAGs
[2023-08-14T14:32:39.613+0300] {logging_mixin.py:150} INFO - [2023-08-14T14:32:39.613+0300] {dag.py:3504} INFO - Setting next_dagrun for example_xcom to 2021-01-01T00:00:00+00:00, run_after=2021-01-01T00:00:00+00:00
[2023-08-14T14:32:39.803+0300] {processor.py:179} INFO - Processing /home/soamariaka/.local/lib/python3.9/site-packages/airflow/example_dags/example_xcom.py took 0.273 seconds
[2023-08-14T14:33:38.825+0300] {processor.py:157} INFO - Started process (PID=17568) to work on /home/soamariaka/.local/lib/python3.9/site-packages/airflow/example_dags/example_xcom.py
[2023-08-14T14:33:38.828+0300] {processor.py:826} INFO - Processing file /home/soamariaka/.local/lib/python3.9/site-packages/airflow/example_dags/example_xcom.py for tasks to queue
[2023-08-14T14:33:38.830+0300] {logging_mixin.py:150} INFO - [2023-08-14T14:33:38.829+0300] {dagbag.py:541} INFO - Filling up the DagBag from /home/soamariaka/.local/lib/python3.9/site-packages/airflow/example_dags/example_xcom.py
[2023-08-14T14:33:38.843+0300] {processor.py:836} INFO - DAG(s) dict_keys(['example_xcom']) retrieved from /home/soamariaka/.local/lib/python3.9/site-packages/airflow/example_dags/example_xcom.py
[2023-08-14T14:33:38.871+0300] {logging_mixin.py:150} INFO - [2023-08-14T14:33:38.871+0300] {dag.py:2742} INFO - Sync 1 DAGs
[2023-08-14T14:33:38.902+0300] {logging_mixin.py:150} INFO - [2023-08-14T14:33:38.902+0300] {dag.py:3504} INFO - Setting next_dagrun for example_xcom to 2021-01-01T00:00:00+00:00, run_after=2021-01-01T00:00:00+00:00
[2023-08-14T14:33:39.060+0300] {processor.py:179} INFO - Processing /home/soamariaka/.local/lib/python3.9/site-packages/airflow/example_dags/example_xcom.py took 0.240 seconds
[2023-08-14T14:34:38.598+0300] {processor.py:157} INFO - Started process (PID=17653) to work on /home/soamariaka/.local/lib/python3.9/site-packages/airflow/example_dags/example_xcom.py
[2023-08-14T14:34:38.620+0300] {processor.py:826} INFO - Processing file /home/soamariaka/.local/lib/python3.9/site-packages/airflow/example_dags/example_xcom.py for tasks to queue
[2023-08-14T14:34:38.621+0300] {logging_mixin.py:150} INFO - [2023-08-14T14:34:38.621+0300] {dagbag.py:541} INFO - Filling up the DagBag from /home/soamariaka/.local/lib/python3.9/site-packages/airflow/example_dags/example_xcom.py
[2023-08-14T14:34:38.634+0300] {processor.py:836} INFO - DAG(s) dict_keys(['example_xcom']) retrieved from /home/soamariaka/.local/lib/python3.9/site-packages/airflow/example_dags/example_xcom.py
[2023-08-14T14:34:38.665+0300] {logging_mixin.py:150} INFO - [2023-08-14T14:34:38.665+0300] {dag.py:2742} INFO - Sync 1 DAGs
[2023-08-14T14:34:38.698+0300] {logging_mixin.py:150} INFO - [2023-08-14T14:34:38.697+0300] {dag.py:3504} INFO - Setting next_dagrun for example_xcom to 2021-01-01T00:00:00+00:00, run_after=2021-01-01T00:00:00+00:00
[2023-08-14T14:34:39.233+0300] {processor.py:179} INFO - Processing /home/soamariaka/.local/lib/python3.9/site-packages/airflow/example_dags/example_xcom.py took 0.641 seconds
[2023-08-14T14:35:26.282+0300] {processor.py:157} INFO - Started process (PID=17841) to work on /home/soamariaka/.local/lib/python3.9/site-packages/airflow/example_dags/example_xcom.py
[2023-08-14T14:35:26.285+0300] {processor.py:826} INFO - Processing file /home/soamariaka/.local/lib/python3.9/site-packages/airflow/example_dags/example_xcom.py for tasks to queue
[2023-08-14T14:35:26.286+0300] {logging_mixin.py:150} INFO - [2023-08-14T14:35:26.286+0300] {dagbag.py:541} INFO - Filling up the DagBag from /home/soamariaka/.local/lib/python3.9/site-packages/airflow/example_dags/example_xcom.py
[2023-08-14T14:35:26.300+0300] {processor.py:836} INFO - DAG(s) dict_keys(['example_xcom']) retrieved from /home/soamariaka/.local/lib/python3.9/site-packages/airflow/example_dags/example_xcom.py
[2023-08-14T14:35:26.329+0300] {logging_mixin.py:150} INFO - [2023-08-14T14:35:26.329+0300] {dag.py:2742} INFO - Sync 1 DAGs
[2023-08-14T14:35:26.360+0300] {logging_mixin.py:150} INFO - [2023-08-14T14:35:26.360+0300] {dag.py:3504} INFO - Setting next_dagrun for example_xcom to 2021-01-01T00:00:00+00:00, run_after=2021-01-01T00:00:00+00:00
[2023-08-14T14:35:26.508+0300] {processor.py:179} INFO - Processing /home/soamariaka/.local/lib/python3.9/site-packages/airflow/example_dags/example_xcom.py took 0.231 seconds
[2023-08-14T14:36:11.932+0300] {processor.py:157} INFO - Started process (PID=17948) to work on /home/soamariaka/.local/lib/python3.9/site-packages/airflow/example_dags/example_xcom.py
[2023-08-14T14:36:12.260+0300] {processor.py:826} INFO - Processing file /home/soamariaka/.local/lib/python3.9/site-packages/airflow/example_dags/example_xcom.py for tasks to queue
[2023-08-14T14:36:12.262+0300] {logging_mixin.py:150} INFO - [2023-08-14T14:36:12.261+0300] {dagbag.py:541} INFO - Filling up the DagBag from /home/soamariaka/.local/lib/python3.9/site-packages/airflow/example_dags/example_xcom.py
[2023-08-14T14:36:12.276+0300] {processor.py:836} INFO - DAG(s) dict_keys(['example_xcom']) retrieved from /home/soamariaka/.local/lib/python3.9/site-packages/airflow/example_dags/example_xcom.py
[2023-08-14T14:36:12.313+0300] {logging_mixin.py:150} INFO - [2023-08-14T14:36:12.313+0300] {dag.py:2742} INFO - Sync 1 DAGs
[2023-08-14T14:36:12.351+0300] {logging_mixin.py:150} INFO - [2023-08-14T14:36:12.351+0300] {dag.py:3504} INFO - Setting next_dagrun for example_xcom to 2021-01-01T00:00:00+00:00, run_after=2021-01-01T00:00:00+00:00
[2023-08-14T14:36:33.263+0300] {processor.py:179} INFO - Processing /home/soamariaka/.local/lib/python3.9/site-packages/airflow/example_dags/example_xcom.py took 21.336 seconds
[2023-08-14T14:37:47.965+0300] {processor.py:157} INFO - Started process (PID=18139) to work on /home/soamariaka/.local/lib/python3.9/site-packages/airflow/example_dags/example_xcom.py
[2023-08-14T14:37:47.986+0300] {processor.py:826} INFO - Processing file /home/soamariaka/.local/lib/python3.9/site-packages/airflow/example_dags/example_xcom.py for tasks to queue
[2023-08-14T14:37:47.988+0300] {logging_mixin.py:150} INFO - [2023-08-14T14:37:47.987+0300] {dagbag.py:541} INFO - Filling up the DagBag from /home/soamariaka/.local/lib/python3.9/site-packages/airflow/example_dags/example_xcom.py
[2023-08-14T14:37:48.002+0300] {processor.py:836} INFO - DAG(s) dict_keys(['example_xcom']) retrieved from /home/soamariaka/.local/lib/python3.9/site-packages/airflow/example_dags/example_xcom.py
[2023-08-14T14:37:48.039+0300] {logging_mixin.py:150} INFO - [2023-08-14T14:37:48.038+0300] {dag.py:2742} INFO - Sync 1 DAGs
[2023-08-14T14:37:48.091+0300] {logging_mixin.py:150} INFO - [2023-08-14T14:37:48.090+0300] {dag.py:3504} INFO - Setting next_dagrun for example_xcom to 2021-01-01T00:00:00+00:00, run_after=2021-01-01T00:00:00+00:00
[2023-08-14T14:37:48.342+0300] {processor.py:179} INFO - Processing /home/soamariaka/.local/lib/python3.9/site-packages/airflow/example_dags/example_xcom.py took 0.382 seconds
[2023-08-14T14:38:51.869+0300] {processor.py:157} INFO - Started process (PID=18260) to work on /home/soamariaka/.local/lib/python3.9/site-packages/airflow/example_dags/example_xcom.py
[2023-08-14T14:38:51.901+0300] {processor.py:826} INFO - Processing file /home/soamariaka/.local/lib/python3.9/site-packages/airflow/example_dags/example_xcom.py for tasks to queue
[2023-08-14T14:38:51.921+0300] {logging_mixin.py:150} INFO - [2023-08-14T14:38:51.920+0300] {dagbag.py:541} INFO - Filling up the DagBag from /home/soamariaka/.local/lib/python3.9/site-packages/airflow/example_dags/example_xcom.py
[2023-08-14T14:38:51.940+0300] {processor.py:836} INFO - DAG(s) dict_keys(['example_xcom']) retrieved from /home/soamariaka/.local/lib/python3.9/site-packages/airflow/example_dags/example_xcom.py
[2023-08-14T14:38:51.991+0300] {logging_mixin.py:150} INFO - [2023-08-14T14:38:51.991+0300] {dag.py:2742} INFO - Sync 1 DAGs
[2023-08-14T14:38:52.037+0300] {logging_mixin.py:150} INFO - [2023-08-14T14:38:52.036+0300] {dag.py:3504} INFO - Setting next_dagrun for example_xcom to 2021-01-01T00:00:00+00:00, run_after=2021-01-01T00:00:00+00:00
[2023-08-14T14:38:52.418+0300] {processor.py:179} INFO - Processing /home/soamariaka/.local/lib/python3.9/site-packages/airflow/example_dags/example_xcom.py took 0.556 seconds
[2023-08-14T14:39:52.485+0300] {processor.py:157} INFO - Started process (PID=18461) to work on /home/soamariaka/.local/lib/python3.9/site-packages/airflow/example_dags/example_xcom.py
[2023-08-14T14:39:52.493+0300] {processor.py:826} INFO - Processing file /home/soamariaka/.local/lib/python3.9/site-packages/airflow/example_dags/example_xcom.py for tasks to queue
[2023-08-14T14:39:52.496+0300] {logging_mixin.py:150} INFO - [2023-08-14T14:39:52.495+0300] {dagbag.py:541} INFO - Filling up the DagBag from /home/soamariaka/.local/lib/python3.9/site-packages/airflow/example_dags/example_xcom.py
[2023-08-14T14:39:52.517+0300] {processor.py:836} INFO - DAG(s) dict_keys(['example_xcom']) retrieved from /home/soamariaka/.local/lib/python3.9/site-packages/airflow/example_dags/example_xcom.py
[2023-08-14T14:39:52.548+0300] {logging_mixin.py:150} INFO - [2023-08-14T14:39:52.548+0300] {dag.py:2742} INFO - Sync 1 DAGs
[2023-08-14T14:39:52.581+0300] {logging_mixin.py:150} INFO - [2023-08-14T14:39:52.580+0300] {dag.py:3504} INFO - Setting next_dagrun for example_xcom to 2021-01-01T00:00:00+00:00, run_after=2021-01-01T00:00:00+00:00
[2023-08-14T14:39:52.739+0300] {processor.py:179} INFO - Processing /home/soamariaka/.local/lib/python3.9/site-packages/airflow/example_dags/example_xcom.py took 0.261 seconds
[2023-08-14T14:40:42.435+0300] {processor.py:157} INFO - Started process (PID=18602) to work on /home/soamariaka/.local/lib/python3.9/site-packages/airflow/example_dags/example_xcom.py
[2023-08-14T14:40:42.470+0300] {processor.py:826} INFO - Processing file /home/soamariaka/.local/lib/python3.9/site-packages/airflow/example_dags/example_xcom.py for tasks to queue
[2023-08-14T14:40:42.472+0300] {logging_mixin.py:150} INFO - [2023-08-14T14:40:42.471+0300] {dagbag.py:541} INFO - Filling up the DagBag from /home/soamariaka/.local/lib/python3.9/site-packages/airflow/example_dags/example_xcom.py
[2023-08-14T14:40:42.487+0300] {processor.py:836} INFO - DAG(s) dict_keys(['example_xcom']) retrieved from /home/soamariaka/.local/lib/python3.9/site-packages/airflow/example_dags/example_xcom.py
[2023-08-14T14:40:42.521+0300] {logging_mixin.py:150} INFO - [2023-08-14T14:40:42.521+0300] {dag.py:2742} INFO - Sync 1 DAGs
[2023-08-14T14:40:42.554+0300] {logging_mixin.py:150} INFO - [2023-08-14T14:40:42.554+0300] {dag.py:3504} INFO - Setting next_dagrun for example_xcom to 2021-01-01T00:00:00+00:00, run_after=2021-01-01T00:00:00+00:00
[2023-08-14T14:40:42.749+0300] {processor.py:179} INFO - Processing /home/soamariaka/.local/lib/python3.9/site-packages/airflow/example_dags/example_xcom.py took 0.319 seconds
