[2023-08-14T13:33:16.830+0300] {processor.py:157} INFO - Started process (PID=10776) to work on /home/soamariaka/.local/lib/python3.9/site-packages/airflow/example_dags/example_setup_teardown_taskflow.py
[2023-08-14T13:33:16.831+0300] {processor.py:826} INFO - Processing file /home/soamariaka/.local/lib/python3.9/site-packages/airflow/example_dags/example_setup_teardown_taskflow.py for tasks to queue
[2023-08-14T13:33:16.833+0300] {logging_mixin.py:150} INFO - [2023-08-14T13:33:16.832+0300] {dagbag.py:541} INFO - Filling up the DagBag from /home/soamariaka/.local/lib/python3.9/site-packages/airflow/example_dags/example_setup_teardown_taskflow.py
[2023-08-14T13:33:16.837+0300] {processor.py:838} WARNING - No viable dags retrieved from /home/soamariaka/.local/lib/python3.9/site-packages/airflow/example_dags/example_setup_teardown_taskflow.py
[2023-08-14T13:33:16.853+0300] {processor.py:179} INFO - Processing /home/soamariaka/.local/lib/python3.9/site-packages/airflow/example_dags/example_setup_teardown_taskflow.py took 0.029 seconds
[2023-08-14T13:34:32.712+0300] {processor.py:157} INFO - Started process (PID=10925) to work on /home/soamariaka/.local/lib/python3.9/site-packages/airflow/example_dags/example_setup_teardown_taskflow.py
[2023-08-14T13:34:32.714+0300] {processor.py:826} INFO - Processing file /home/soamariaka/.local/lib/python3.9/site-packages/airflow/example_dags/example_setup_teardown_taskflow.py for tasks to queue
[2023-08-14T13:34:32.716+0300] {logging_mixin.py:150} INFO - [2023-08-14T13:34:32.715+0300] {dagbag.py:541} INFO - Filling up the DagBag from /home/soamariaka/.local/lib/python3.9/site-packages/airflow/example_dags/example_setup_teardown_taskflow.py
[2023-08-14T13:34:32.721+0300] {processor.py:838} WARNING - No viable dags retrieved from /home/soamariaka/.local/lib/python3.9/site-packages/airflow/example_dags/example_setup_teardown_taskflow.py
[2023-08-14T13:34:32.744+0300] {processor.py:179} INFO - Processing /home/soamariaka/.local/lib/python3.9/site-packages/airflow/example_dags/example_setup_teardown_taskflow.py took 0.038 seconds
[2023-08-14T13:35:51.303+0300] {processor.py:157} INFO - Started process (PID=11061) to work on /home/soamariaka/.local/lib/python3.9/site-packages/airflow/example_dags/example_setup_teardown_taskflow.py
[2023-08-14T13:35:51.305+0300] {processor.py:826} INFO - Processing file /home/soamariaka/.local/lib/python3.9/site-packages/airflow/example_dags/example_setup_teardown_taskflow.py for tasks to queue
[2023-08-14T13:35:51.307+0300] {logging_mixin.py:150} INFO - [2023-08-14T13:35:51.306+0300] {dagbag.py:541} INFO - Filling up the DagBag from /home/soamariaka/.local/lib/python3.9/site-packages/airflow/example_dags/example_setup_teardown_taskflow.py
[2023-08-14T13:35:51.311+0300] {processor.py:838} WARNING - No viable dags retrieved from /home/soamariaka/.local/lib/python3.9/site-packages/airflow/example_dags/example_setup_teardown_taskflow.py
[2023-08-14T13:35:51.335+0300] {processor.py:179} INFO - Processing /home/soamariaka/.local/lib/python3.9/site-packages/airflow/example_dags/example_setup_teardown_taskflow.py took 0.039 seconds
[2023-08-14T13:36:51.563+0300] {processor.py:157} INFO - Started process (PID=11128) to work on /home/soamariaka/.local/lib/python3.9/site-packages/airflow/example_dags/example_setup_teardown_taskflow.py
[2023-08-14T13:36:51.565+0300] {processor.py:826} INFO - Processing file /home/soamariaka/.local/lib/python3.9/site-packages/airflow/example_dags/example_setup_teardown_taskflow.py for tasks to queue
[2023-08-14T13:36:51.566+0300] {logging_mixin.py:150} INFO - [2023-08-14T13:36:51.565+0300] {dagbag.py:541} INFO - Filling up the DagBag from /home/soamariaka/.local/lib/python3.9/site-packages/airflow/example_dags/example_setup_teardown_taskflow.py
[2023-08-14T13:36:51.570+0300] {processor.py:838} WARNING - No viable dags retrieved from /home/soamariaka/.local/lib/python3.9/site-packages/airflow/example_dags/example_setup_teardown_taskflow.py
[2023-08-14T13:36:51.594+0300] {processor.py:179} INFO - Processing /home/soamariaka/.local/lib/python3.9/site-packages/airflow/example_dags/example_setup_teardown_taskflow.py took 0.035 seconds
[2023-08-14T13:37:51.997+0300] {processor.py:157} INFO - Started process (PID=11245) to work on /home/soamariaka/.local/lib/python3.9/site-packages/airflow/example_dags/example_setup_teardown_taskflow.py
[2023-08-14T13:37:52.032+0300] {processor.py:826} INFO - Processing file /home/soamariaka/.local/lib/python3.9/site-packages/airflow/example_dags/example_setup_teardown_taskflow.py for tasks to queue
[2023-08-14T13:37:52.047+0300] {logging_mixin.py:150} INFO - [2023-08-14T13:37:52.046+0300] {dagbag.py:541} INFO - Filling up the DagBag from /home/soamariaka/.local/lib/python3.9/site-packages/airflow/example_dags/example_setup_teardown_taskflow.py
[2023-08-14T13:37:52.050+0300] {processor.py:838} WARNING - No viable dags retrieved from /home/soamariaka/.local/lib/python3.9/site-packages/airflow/example_dags/example_setup_teardown_taskflow.py
[2023-08-14T13:37:52.073+0300] {processor.py:179} INFO - Processing /home/soamariaka/.local/lib/python3.9/site-packages/airflow/example_dags/example_setup_teardown_taskflow.py took 0.082 seconds
[2023-08-14T13:38:56.622+0300] {processor.py:157} INFO - Started process (PID=11373) to work on /home/soamariaka/.local/lib/python3.9/site-packages/airflow/example_dags/example_setup_teardown_taskflow.py
[2023-08-14T13:38:56.624+0300] {processor.py:826} INFO - Processing file /home/soamariaka/.local/lib/python3.9/site-packages/airflow/example_dags/example_setup_teardown_taskflow.py for tasks to queue
[2023-08-14T13:38:56.626+0300] {logging_mixin.py:150} INFO - [2023-08-14T13:38:56.625+0300] {dagbag.py:541} INFO - Filling up the DagBag from /home/soamariaka/.local/lib/python3.9/site-packages/airflow/example_dags/example_setup_teardown_taskflow.py
[2023-08-14T13:38:56.629+0300] {processor.py:838} WARNING - No viable dags retrieved from /home/soamariaka/.local/lib/python3.9/site-packages/airflow/example_dags/example_setup_teardown_taskflow.py
[2023-08-14T13:38:56.648+0300] {processor.py:179} INFO - Processing /home/soamariaka/.local/lib/python3.9/site-packages/airflow/example_dags/example_setup_teardown_taskflow.py took 0.032 seconds
[2023-08-14T13:39:56.572+0300] {processor.py:157} INFO - Started process (PID=11473) to work on /home/soamariaka/.local/lib/python3.9/site-packages/airflow/example_dags/example_setup_teardown_taskflow.py
[2023-08-14T13:39:56.575+0300] {processor.py:826} INFO - Processing file /home/soamariaka/.local/lib/python3.9/site-packages/airflow/example_dags/example_setup_teardown_taskflow.py for tasks to queue
[2023-08-14T13:39:56.577+0300] {logging_mixin.py:150} INFO - [2023-08-14T13:39:56.576+0300] {dagbag.py:541} INFO - Filling up the DagBag from /home/soamariaka/.local/lib/python3.9/site-packages/airflow/example_dags/example_setup_teardown_taskflow.py
[2023-08-14T13:39:56.580+0300] {processor.py:838} WARNING - No viable dags retrieved from /home/soamariaka/.local/lib/python3.9/site-packages/airflow/example_dags/example_setup_teardown_taskflow.py
[2023-08-14T13:39:56.598+0300] {processor.py:179} INFO - Processing /home/soamariaka/.local/lib/python3.9/site-packages/airflow/example_dags/example_setup_teardown_taskflow.py took 0.031 seconds
[2023-08-14T13:40:52.271+0300] {processor.py:157} INFO - Started process (PID=11524) to work on /home/soamariaka/.local/lib/python3.9/site-packages/airflow/example_dags/example_setup_teardown_taskflow.py
[2023-08-14T13:40:52.306+0300] {processor.py:826} INFO - Processing file /home/soamariaka/.local/lib/python3.9/site-packages/airflow/example_dags/example_setup_teardown_taskflow.py for tasks to queue
[2023-08-14T13:40:52.309+0300] {logging_mixin.py:150} INFO - [2023-08-14T13:40:52.308+0300] {dagbag.py:541} INFO - Filling up the DagBag from /home/soamariaka/.local/lib/python3.9/site-packages/airflow/example_dags/example_setup_teardown_taskflow.py
[2023-08-14T13:40:52.313+0300] {processor.py:838} WARNING - No viable dags retrieved from /home/soamariaka/.local/lib/python3.9/site-packages/airflow/example_dags/example_setup_teardown_taskflow.py
[2023-08-14T13:40:52.337+0300] {processor.py:179} INFO - Processing /home/soamariaka/.local/lib/python3.9/site-packages/airflow/example_dags/example_setup_teardown_taskflow.py took 0.074 seconds
[2023-08-14T13:41:53.712+0300] {processor.py:157} INFO - Started process (PID=11608) to work on /home/soamariaka/.local/lib/python3.9/site-packages/airflow/example_dags/example_setup_teardown_taskflow.py
[2023-08-14T13:41:53.724+0300] {processor.py:826} INFO - Processing file /home/soamariaka/.local/lib/python3.9/site-packages/airflow/example_dags/example_setup_teardown_taskflow.py for tasks to queue
[2023-08-14T13:41:53.726+0300] {logging_mixin.py:150} INFO - [2023-08-14T13:41:53.725+0300] {dagbag.py:541} INFO - Filling up the DagBag from /home/soamariaka/.local/lib/python3.9/site-packages/airflow/example_dags/example_setup_teardown_taskflow.py
[2023-08-14T13:41:53.731+0300] {processor.py:838} WARNING - No viable dags retrieved from /home/soamariaka/.local/lib/python3.9/site-packages/airflow/example_dags/example_setup_teardown_taskflow.py
[2023-08-14T13:41:53.758+0300] {processor.py:179} INFO - Processing /home/soamariaka/.local/lib/python3.9/site-packages/airflow/example_dags/example_setup_teardown_taskflow.py took 0.053 seconds
[2023-08-14T13:42:48.583+0300] {processor.py:157} INFO - Started process (PID=11660) to work on /home/soamariaka/.local/lib/python3.9/site-packages/airflow/example_dags/example_setup_teardown_taskflow.py
[2023-08-14T13:42:48.586+0300] {processor.py:826} INFO - Processing file /home/soamariaka/.local/lib/python3.9/site-packages/airflow/example_dags/example_setup_teardown_taskflow.py for tasks to queue
[2023-08-14T13:42:48.588+0300] {logging_mixin.py:150} INFO - [2023-08-14T13:42:48.587+0300] {dagbag.py:541} INFO - Filling up the DagBag from /home/soamariaka/.local/lib/python3.9/site-packages/airflow/example_dags/example_setup_teardown_taskflow.py
[2023-08-14T13:42:48.593+0300] {processor.py:838} WARNING - No viable dags retrieved from /home/soamariaka/.local/lib/python3.9/site-packages/airflow/example_dags/example_setup_teardown_taskflow.py
[2023-08-14T13:42:48.612+0300] {processor.py:179} INFO - Processing /home/soamariaka/.local/lib/python3.9/site-packages/airflow/example_dags/example_setup_teardown_taskflow.py took 0.036 seconds
[2023-08-14T13:43:46.697+0300] {processor.py:157} INFO - Started process (PID=11740) to work on /home/soamariaka/.local/lib/python3.9/site-packages/airflow/example_dags/example_setup_teardown_taskflow.py
[2023-08-14T13:43:46.711+0300] {processor.py:826} INFO - Processing file /home/soamariaka/.local/lib/python3.9/site-packages/airflow/example_dags/example_setup_teardown_taskflow.py for tasks to queue
[2023-08-14T13:43:46.732+0300] {logging_mixin.py:150} INFO - [2023-08-14T13:43:46.731+0300] {dagbag.py:541} INFO - Filling up the DagBag from /home/soamariaka/.local/lib/python3.9/site-packages/airflow/example_dags/example_setup_teardown_taskflow.py
[2023-08-14T13:43:46.736+0300] {processor.py:838} WARNING - No viable dags retrieved from /home/soamariaka/.local/lib/python3.9/site-packages/airflow/example_dags/example_setup_teardown_taskflow.py
[2023-08-14T13:43:46.756+0300] {processor.py:179} INFO - Processing /home/soamariaka/.local/lib/python3.9/site-packages/airflow/example_dags/example_setup_teardown_taskflow.py took 0.065 seconds
[2023-08-14T13:44:50.422+0300] {processor.py:157} INFO - Started process (PID=11793) to work on /home/soamariaka/.local/lib/python3.9/site-packages/airflow/example_dags/example_setup_teardown_taskflow.py
[2023-08-14T13:44:50.443+0300] {processor.py:826} INFO - Processing file /home/soamariaka/.local/lib/python3.9/site-packages/airflow/example_dags/example_setup_teardown_taskflow.py for tasks to queue
[2023-08-14T13:44:50.455+0300] {logging_mixin.py:150} INFO - [2023-08-14T13:44:50.455+0300] {dagbag.py:541} INFO - Filling up the DagBag from /home/soamariaka/.local/lib/python3.9/site-packages/airflow/example_dags/example_setup_teardown_taskflow.py
[2023-08-14T13:44:50.460+0300] {processor.py:838} WARNING - No viable dags retrieved from /home/soamariaka/.local/lib/python3.9/site-packages/airflow/example_dags/example_setup_teardown_taskflow.py
[2023-08-14T13:44:50.481+0300] {processor.py:179} INFO - Processing /home/soamariaka/.local/lib/python3.9/site-packages/airflow/example_dags/example_setup_teardown_taskflow.py took 0.064 seconds
[2023-08-14T13:45:56.158+0300] {processor.py:157} INFO - Started process (PID=11904) to work on /home/soamariaka/.local/lib/python3.9/site-packages/airflow/example_dags/example_setup_teardown_taskflow.py
[2023-08-14T13:45:56.161+0300] {processor.py:826} INFO - Processing file /home/soamariaka/.local/lib/python3.9/site-packages/airflow/example_dags/example_setup_teardown_taskflow.py for tasks to queue
[2023-08-14T13:45:56.164+0300] {logging_mixin.py:150} INFO - [2023-08-14T13:45:56.163+0300] {dagbag.py:541} INFO - Filling up the DagBag from /home/soamariaka/.local/lib/python3.9/site-packages/airflow/example_dags/example_setup_teardown_taskflow.py
[2023-08-14T13:45:56.169+0300] {processor.py:838} WARNING - No viable dags retrieved from /home/soamariaka/.local/lib/python3.9/site-packages/airflow/example_dags/example_setup_teardown_taskflow.py
[2023-08-14T13:45:56.196+0300] {processor.py:179} INFO - Processing /home/soamariaka/.local/lib/python3.9/site-packages/airflow/example_dags/example_setup_teardown_taskflow.py took 0.046 seconds
[2023-08-14T13:46:59.669+0300] {processor.py:157} INFO - Started process (PID=11959) to work on /home/soamariaka/.local/lib/python3.9/site-packages/airflow/example_dags/example_setup_teardown_taskflow.py
[2023-08-14T13:46:59.701+0300] {processor.py:826} INFO - Processing file /home/soamariaka/.local/lib/python3.9/site-packages/airflow/example_dags/example_setup_teardown_taskflow.py for tasks to queue
[2023-08-14T13:46:59.703+0300] {logging_mixin.py:150} INFO - [2023-08-14T13:46:59.702+0300] {dagbag.py:541} INFO - Filling up the DagBag from /home/soamariaka/.local/lib/python3.9/site-packages/airflow/example_dags/example_setup_teardown_taskflow.py
[2023-08-14T13:46:59.707+0300] {processor.py:838} WARNING - No viable dags retrieved from /home/soamariaka/.local/lib/python3.9/site-packages/airflow/example_dags/example_setup_teardown_taskflow.py
[2023-08-14T13:46:59.725+0300] {processor.py:179} INFO - Processing /home/soamariaka/.local/lib/python3.9/site-packages/airflow/example_dags/example_setup_teardown_taskflow.py took 0.062 seconds
[2023-08-14T13:48:02.791+0300] {processor.py:157} INFO - Started process (PID=12022) to work on /home/soamariaka/.local/lib/python3.9/site-packages/airflow/example_dags/example_setup_teardown_taskflow.py
[2023-08-14T13:48:02.794+0300] {processor.py:826} INFO - Processing file /home/soamariaka/.local/lib/python3.9/site-packages/airflow/example_dags/example_setup_teardown_taskflow.py for tasks to queue
[2023-08-14T13:48:02.795+0300] {logging_mixin.py:150} INFO - [2023-08-14T13:48:02.795+0300] {dagbag.py:541} INFO - Filling up the DagBag from /home/soamariaka/.local/lib/python3.9/site-packages/airflow/example_dags/example_setup_teardown_taskflow.py
[2023-08-14T13:48:02.799+0300] {processor.py:838} WARNING - No viable dags retrieved from /home/soamariaka/.local/lib/python3.9/site-packages/airflow/example_dags/example_setup_teardown_taskflow.py
[2023-08-14T13:48:02.816+0300] {processor.py:179} INFO - Processing /home/soamariaka/.local/lib/python3.9/site-packages/airflow/example_dags/example_setup_teardown_taskflow.py took 0.030 seconds
[2023-08-14T13:49:05.246+0300] {processor.py:157} INFO - Started process (PID=12116) to work on /home/soamariaka/.local/lib/python3.9/site-packages/airflow/example_dags/example_setup_teardown_taskflow.py
[2023-08-14T13:49:05.265+0300] {processor.py:826} INFO - Processing file /home/soamariaka/.local/lib/python3.9/site-packages/airflow/example_dags/example_setup_teardown_taskflow.py for tasks to queue
[2023-08-14T13:49:05.267+0300] {logging_mixin.py:150} INFO - [2023-08-14T13:49:05.266+0300] {dagbag.py:541} INFO - Filling up the DagBag from /home/soamariaka/.local/lib/python3.9/site-packages/airflow/example_dags/example_setup_teardown_taskflow.py
[2023-08-14T13:49:05.271+0300] {processor.py:838} WARNING - No viable dags retrieved from /home/soamariaka/.local/lib/python3.9/site-packages/airflow/example_dags/example_setup_teardown_taskflow.py
[2023-08-14T13:49:05.289+0300] {processor.py:179} INFO - Processing /home/soamariaka/.local/lib/python3.9/site-packages/airflow/example_dags/example_setup_teardown_taskflow.py took 0.049 seconds
[2023-08-14T13:50:07.578+0300] {processor.py:157} INFO - Started process (PID=12191) to work on /home/soamariaka/.local/lib/python3.9/site-packages/airflow/example_dags/example_setup_teardown_taskflow.py
[2023-08-14T13:50:07.608+0300] {processor.py:826} INFO - Processing file /home/soamariaka/.local/lib/python3.9/site-packages/airflow/example_dags/example_setup_teardown_taskflow.py for tasks to queue
[2023-08-14T13:50:07.609+0300] {logging_mixin.py:150} INFO - [2023-08-14T13:50:07.609+0300] {dagbag.py:541} INFO - Filling up the DagBag from /home/soamariaka/.local/lib/python3.9/site-packages/airflow/example_dags/example_setup_teardown_taskflow.py
[2023-08-14T13:50:07.613+0300] {processor.py:838} WARNING - No viable dags retrieved from /home/soamariaka/.local/lib/python3.9/site-packages/airflow/example_dags/example_setup_teardown_taskflow.py
[2023-08-14T13:50:07.632+0300] {processor.py:179} INFO - Processing /home/soamariaka/.local/lib/python3.9/site-packages/airflow/example_dags/example_setup_teardown_taskflow.py took 0.059 seconds
[2023-08-14T13:51:13.632+0300] {processor.py:157} INFO - Started process (PID=12284) to work on /home/soamariaka/.local/lib/python3.9/site-packages/airflow/example_dags/example_setup_teardown_taskflow.py
[2023-08-14T13:51:13.633+0300] {processor.py:826} INFO - Processing file /home/soamariaka/.local/lib/python3.9/site-packages/airflow/example_dags/example_setup_teardown_taskflow.py for tasks to queue
[2023-08-14T13:51:13.634+0300] {logging_mixin.py:150} INFO - [2023-08-14T13:51:13.634+0300] {dagbag.py:541} INFO - Filling up the DagBag from /home/soamariaka/.local/lib/python3.9/site-packages/airflow/example_dags/example_setup_teardown_taskflow.py
[2023-08-14T13:51:13.637+0300] {processor.py:838} WARNING - No viable dags retrieved from /home/soamariaka/.local/lib/python3.9/site-packages/airflow/example_dags/example_setup_teardown_taskflow.py
[2023-08-14T13:51:13.652+0300] {processor.py:179} INFO - Processing /home/soamariaka/.local/lib/python3.9/site-packages/airflow/example_dags/example_setup_teardown_taskflow.py took 0.024 seconds
[2023-08-14T13:52:15.581+0300] {processor.py:157} INFO - Started process (PID=12342) to work on /home/soamariaka/.local/lib/python3.9/site-packages/airflow/example_dags/example_setup_teardown_taskflow.py
[2023-08-14T13:52:15.585+0300] {processor.py:826} INFO - Processing file /home/soamariaka/.local/lib/python3.9/site-packages/airflow/example_dags/example_setup_teardown_taskflow.py for tasks to queue
[2023-08-14T13:52:15.587+0300] {logging_mixin.py:150} INFO - [2023-08-14T13:52:15.586+0300] {dagbag.py:541} INFO - Filling up the DagBag from /home/soamariaka/.local/lib/python3.9/site-packages/airflow/example_dags/example_setup_teardown_taskflow.py
[2023-08-14T13:52:15.591+0300] {processor.py:838} WARNING - No viable dags retrieved from /home/soamariaka/.local/lib/python3.9/site-packages/airflow/example_dags/example_setup_teardown_taskflow.py
[2023-08-14T13:52:15.608+0300] {processor.py:179} INFO - Processing /home/soamariaka/.local/lib/python3.9/site-packages/airflow/example_dags/example_setup_teardown_taskflow.py took 0.032 seconds
[2023-08-14T13:53:19.998+0300] {processor.py:157} INFO - Started process (PID=12403) to work on /home/soamariaka/.local/lib/python3.9/site-packages/airflow/example_dags/example_setup_teardown_taskflow.py
[2023-08-14T13:53:20.038+0300] {processor.py:826} INFO - Processing file /home/soamariaka/.local/lib/python3.9/site-packages/airflow/example_dags/example_setup_teardown_taskflow.py for tasks to queue
[2023-08-14T13:53:20.055+0300] {logging_mixin.py:150} INFO - [2023-08-14T13:53:20.055+0300] {dagbag.py:541} INFO - Filling up the DagBag from /home/soamariaka/.local/lib/python3.9/site-packages/airflow/example_dags/example_setup_teardown_taskflow.py
[2023-08-14T13:53:20.060+0300] {processor.py:838} WARNING - No viable dags retrieved from /home/soamariaka/.local/lib/python3.9/site-packages/airflow/example_dags/example_setup_teardown_taskflow.py
[2023-08-14T13:53:20.081+0300] {processor.py:179} INFO - Processing /home/soamariaka/.local/lib/python3.9/site-packages/airflow/example_dags/example_setup_teardown_taskflow.py took 0.089 seconds
[2023-08-14T13:54:23.920+0300] {processor.py:157} INFO - Started process (PID=12459) to work on /home/soamariaka/.local/lib/python3.9/site-packages/airflow/example_dags/example_setup_teardown_taskflow.py
[2023-08-14T13:54:23.922+0300] {processor.py:826} INFO - Processing file /home/soamariaka/.local/lib/python3.9/site-packages/airflow/example_dags/example_setup_teardown_taskflow.py for tasks to queue
[2023-08-14T13:54:23.924+0300] {logging_mixin.py:150} INFO - [2023-08-14T13:54:23.923+0300] {dagbag.py:541} INFO - Filling up the DagBag from /home/soamariaka/.local/lib/python3.9/site-packages/airflow/example_dags/example_setup_teardown_taskflow.py
[2023-08-14T13:54:23.930+0300] {processor.py:838} WARNING - No viable dags retrieved from /home/soamariaka/.local/lib/python3.9/site-packages/airflow/example_dags/example_setup_teardown_taskflow.py
[2023-08-14T13:54:23.956+0300] {processor.py:179} INFO - Processing /home/soamariaka/.local/lib/python3.9/site-packages/airflow/example_dags/example_setup_teardown_taskflow.py took 0.042 seconds
[2023-08-14T13:55:31.618+0300] {processor.py:157} INFO - Started process (PID=12573) to work on /home/soamariaka/.local/lib/python3.9/site-packages/airflow/example_dags/example_setup_teardown_taskflow.py
[2023-08-14T13:55:31.619+0300] {processor.py:826} INFO - Processing file /home/soamariaka/.local/lib/python3.9/site-packages/airflow/example_dags/example_setup_teardown_taskflow.py for tasks to queue
[2023-08-14T13:55:31.621+0300] {logging_mixin.py:150} INFO - [2023-08-14T13:55:31.620+0300] {dagbag.py:541} INFO - Filling up the DagBag from /home/soamariaka/.local/lib/python3.9/site-packages/airflow/example_dags/example_setup_teardown_taskflow.py
[2023-08-14T13:55:31.624+0300] {processor.py:838} WARNING - No viable dags retrieved from /home/soamariaka/.local/lib/python3.9/site-packages/airflow/example_dags/example_setup_teardown_taskflow.py
[2023-08-14T13:55:31.643+0300] {processor.py:179} INFO - Processing /home/soamariaka/.local/lib/python3.9/site-packages/airflow/example_dags/example_setup_teardown_taskflow.py took 0.032 seconds
[2023-08-14T13:56:39.389+0300] {processor.py:157} INFO - Started process (PID=12657) to work on /home/soamariaka/.local/lib/python3.9/site-packages/airflow/example_dags/example_setup_teardown_taskflow.py
[2023-08-14T13:56:39.392+0300] {processor.py:826} INFO - Processing file /home/soamariaka/.local/lib/python3.9/site-packages/airflow/example_dags/example_setup_teardown_taskflow.py for tasks to queue
[2023-08-14T13:56:39.393+0300] {logging_mixin.py:150} INFO - [2023-08-14T13:56:39.393+0300] {dagbag.py:541} INFO - Filling up the DagBag from /home/soamariaka/.local/lib/python3.9/site-packages/airflow/example_dags/example_setup_teardown_taskflow.py
[2023-08-14T13:56:39.398+0300] {processor.py:838} WARNING - No viable dags retrieved from /home/soamariaka/.local/lib/python3.9/site-packages/airflow/example_dags/example_setup_teardown_taskflow.py
[2023-08-14T13:56:39.422+0300] {processor.py:179} INFO - Processing /home/soamariaka/.local/lib/python3.9/site-packages/airflow/example_dags/example_setup_teardown_taskflow.py took 0.039 seconds
[2023-08-14T13:57:46.588+0300] {processor.py:157} INFO - Started process (PID=12717) to work on /home/soamariaka/.local/lib/python3.9/site-packages/airflow/example_dags/example_setup_teardown_taskflow.py
[2023-08-14T13:57:46.626+0300] {processor.py:826} INFO - Processing file /home/soamariaka/.local/lib/python3.9/site-packages/airflow/example_dags/example_setup_teardown_taskflow.py for tasks to queue
[2023-08-14T13:57:46.628+0300] {logging_mixin.py:150} INFO - [2023-08-14T13:57:46.627+0300] {dagbag.py:541} INFO - Filling up the DagBag from /home/soamariaka/.local/lib/python3.9/site-packages/airflow/example_dags/example_setup_teardown_taskflow.py
[2023-08-14T13:57:46.632+0300] {processor.py:838} WARNING - No viable dags retrieved from /home/soamariaka/.local/lib/python3.9/site-packages/airflow/example_dags/example_setup_teardown_taskflow.py
[2023-08-14T13:57:46.650+0300] {processor.py:179} INFO - Processing /home/soamariaka/.local/lib/python3.9/site-packages/airflow/example_dags/example_setup_teardown_taskflow.py took 0.068 seconds
[2023-08-14T13:58:49.933+0300] {processor.py:157} INFO - Started process (PID=12808) to work on /home/soamariaka/.local/lib/python3.9/site-packages/airflow/example_dags/example_setup_teardown_taskflow.py
[2023-08-14T13:58:49.935+0300] {processor.py:826} INFO - Processing file /home/soamariaka/.local/lib/python3.9/site-packages/airflow/example_dags/example_setup_teardown_taskflow.py for tasks to queue
[2023-08-14T13:58:49.937+0300] {logging_mixin.py:150} INFO - [2023-08-14T13:58:49.936+0300] {dagbag.py:541} INFO - Filling up the DagBag from /home/soamariaka/.local/lib/python3.9/site-packages/airflow/example_dags/example_setup_teardown_taskflow.py
[2023-08-14T13:58:49.941+0300] {processor.py:838} WARNING - No viable dags retrieved from /home/soamariaka/.local/lib/python3.9/site-packages/airflow/example_dags/example_setup_teardown_taskflow.py
[2023-08-14T13:58:49.959+0300] {processor.py:179} INFO - Processing /home/soamariaka/.local/lib/python3.9/site-packages/airflow/example_dags/example_setup_teardown_taskflow.py took 0.032 seconds
[2023-08-14T13:59:51.445+0300] {processor.py:157} INFO - Started process (PID=12865) to work on /home/soamariaka/.local/lib/python3.9/site-packages/airflow/example_dags/example_setup_teardown_taskflow.py
[2023-08-14T13:59:51.460+0300] {processor.py:826} INFO - Processing file /home/soamariaka/.local/lib/python3.9/site-packages/airflow/example_dags/example_setup_teardown_taskflow.py for tasks to queue
[2023-08-14T13:59:51.462+0300] {logging_mixin.py:150} INFO - [2023-08-14T13:59:51.461+0300] {dagbag.py:541} INFO - Filling up the DagBag from /home/soamariaka/.local/lib/python3.9/site-packages/airflow/example_dags/example_setup_teardown_taskflow.py
[2023-08-14T13:59:51.466+0300] {processor.py:838} WARNING - No viable dags retrieved from /home/soamariaka/.local/lib/python3.9/site-packages/airflow/example_dags/example_setup_teardown_taskflow.py
[2023-08-14T13:59:51.489+0300] {processor.py:179} INFO - Processing /home/soamariaka/.local/lib/python3.9/site-packages/airflow/example_dags/example_setup_teardown_taskflow.py took 0.050 seconds
[2023-08-14T14:00:53.637+0300] {processor.py:157} INFO - Started process (PID=12946) to work on /home/soamariaka/.local/lib/python3.9/site-packages/airflow/example_dags/example_setup_teardown_taskflow.py
[2023-08-14T14:00:53.640+0300] {processor.py:826} INFO - Processing file /home/soamariaka/.local/lib/python3.9/site-packages/airflow/example_dags/example_setup_teardown_taskflow.py for tasks to queue
[2023-08-14T14:00:53.641+0300] {logging_mixin.py:150} INFO - [2023-08-14T14:00:53.641+0300] {dagbag.py:541} INFO - Filling up the DagBag from /home/soamariaka/.local/lib/python3.9/site-packages/airflow/example_dags/example_setup_teardown_taskflow.py
[2023-08-14T14:00:53.645+0300] {processor.py:838} WARNING - No viable dags retrieved from /home/soamariaka/.local/lib/python3.9/site-packages/airflow/example_dags/example_setup_teardown_taskflow.py
[2023-08-14T14:00:53.662+0300] {processor.py:179} INFO - Processing /home/soamariaka/.local/lib/python3.9/site-packages/airflow/example_dags/example_setup_teardown_taskflow.py took 0.030 seconds
[2023-08-14T14:02:01.957+0300] {processor.py:157} INFO - Started process (PID=13030) to work on /home/soamariaka/.local/lib/python3.9/site-packages/airflow/example_dags/example_setup_teardown_taskflow.py
[2023-08-14T14:02:02.102+0300] {processor.py:826} INFO - Processing file /home/soamariaka/.local/lib/python3.9/site-packages/airflow/example_dags/example_setup_teardown_taskflow.py for tasks to queue
[2023-08-14T14:02:02.104+0300] {logging_mixin.py:150} INFO - [2023-08-14T14:02:02.103+0300] {dagbag.py:541} INFO - Filling up the DagBag from /home/soamariaka/.local/lib/python3.9/site-packages/airflow/example_dags/example_setup_teardown_taskflow.py
[2023-08-14T14:02:02.107+0300] {processor.py:838} WARNING - No viable dags retrieved from /home/soamariaka/.local/lib/python3.9/site-packages/airflow/example_dags/example_setup_teardown_taskflow.py
[2023-08-14T14:02:02.127+0300] {processor.py:179} INFO - Processing /home/soamariaka/.local/lib/python3.9/site-packages/airflow/example_dags/example_setup_teardown_taskflow.py took 0.175 seconds
[2023-08-14T14:04:32.930+0300] {processor.py:157} INFO - Started process (PID=13721) to work on /home/soamariaka/.local/lib/python3.9/site-packages/airflow/example_dags/example_setup_teardown_taskflow.py
[2023-08-14T14:04:32.933+0300] {processor.py:826} INFO - Processing file /home/soamariaka/.local/lib/python3.9/site-packages/airflow/example_dags/example_setup_teardown_taskflow.py for tasks to queue
[2023-08-14T14:04:32.935+0300] {logging_mixin.py:150} INFO - [2023-08-14T14:04:32.934+0300] {dagbag.py:541} INFO - Filling up the DagBag from /home/soamariaka/.local/lib/python3.9/site-packages/airflow/example_dags/example_setup_teardown_taskflow.py
[2023-08-14T14:04:32.939+0300] {processor.py:838} WARNING - No viable dags retrieved from /home/soamariaka/.local/lib/python3.9/site-packages/airflow/example_dags/example_setup_teardown_taskflow.py
[2023-08-14T14:04:32.957+0300] {processor.py:179} INFO - Processing /home/soamariaka/.local/lib/python3.9/site-packages/airflow/example_dags/example_setup_teardown_taskflow.py took 0.033 seconds
[2023-08-14T14:06:05.722+0300] {processor.py:157} INFO - Started process (PID=13814) to work on /home/soamariaka/.local/lib/python3.9/site-packages/airflow/example_dags/example_setup_teardown_taskflow.py
[2023-08-14T14:06:05.745+0300] {processor.py:826} INFO - Processing file /home/soamariaka/.local/lib/python3.9/site-packages/airflow/example_dags/example_setup_teardown_taskflow.py for tasks to queue
[2023-08-14T14:06:05.746+0300] {logging_mixin.py:150} INFO - [2023-08-14T14:06:05.746+0300] {dagbag.py:541} INFO - Filling up the DagBag from /home/soamariaka/.local/lib/python3.9/site-packages/airflow/example_dags/example_setup_teardown_taskflow.py
[2023-08-14T14:06:05.750+0300] {processor.py:838} WARNING - No viable dags retrieved from /home/soamariaka/.local/lib/python3.9/site-packages/airflow/example_dags/example_setup_teardown_taskflow.py
[2023-08-14T14:06:05.770+0300] {processor.py:179} INFO - Processing /home/soamariaka/.local/lib/python3.9/site-packages/airflow/example_dags/example_setup_teardown_taskflow.py took 0.052 seconds
[2023-08-14T14:07:14.898+0300] {processor.py:157} INFO - Started process (PID=13893) to work on /home/soamariaka/.local/lib/python3.9/site-packages/airflow/example_dags/example_setup_teardown_taskflow.py
[2023-08-14T14:07:14.934+0300] {processor.py:826} INFO - Processing file /home/soamariaka/.local/lib/python3.9/site-packages/airflow/example_dags/example_setup_teardown_taskflow.py for tasks to queue
[2023-08-14T14:07:14.936+0300] {logging_mixin.py:150} INFO - [2023-08-14T14:07:14.936+0300] {dagbag.py:541} INFO - Filling up the DagBag from /home/soamariaka/.local/lib/python3.9/site-packages/airflow/example_dags/example_setup_teardown_taskflow.py
[2023-08-14T14:07:14.943+0300] {processor.py:838} WARNING - No viable dags retrieved from /home/soamariaka/.local/lib/python3.9/site-packages/airflow/example_dags/example_setup_teardown_taskflow.py
[2023-08-14T14:07:14.970+0300] {processor.py:179} INFO - Processing /home/soamariaka/.local/lib/python3.9/site-packages/airflow/example_dags/example_setup_teardown_taskflow.py took 0.080 seconds
[2023-08-14T14:09:24.415+0300] {processor.py:157} INFO - Started process (PID=14088) to work on /home/soamariaka/.local/lib/python3.9/site-packages/airflow/example_dags/example_setup_teardown_taskflow.py
[2023-08-14T14:09:24.464+0300] {processor.py:826} INFO - Processing file /home/soamariaka/.local/lib/python3.9/site-packages/airflow/example_dags/example_setup_teardown_taskflow.py for tasks to queue
[2023-08-14T14:09:24.466+0300] {logging_mixin.py:150} INFO - [2023-08-14T14:09:24.466+0300] {dagbag.py:541} INFO - Filling up the DagBag from /home/soamariaka/.local/lib/python3.9/site-packages/airflow/example_dags/example_setup_teardown_taskflow.py
[2023-08-14T14:09:24.471+0300] {processor.py:838} WARNING - No viable dags retrieved from /home/soamariaka/.local/lib/python3.9/site-packages/airflow/example_dags/example_setup_teardown_taskflow.py
[2023-08-14T14:09:24.492+0300] {processor.py:179} INFO - Processing /home/soamariaka/.local/lib/python3.9/site-packages/airflow/example_dags/example_setup_teardown_taskflow.py took 0.081 seconds
[2023-08-14T14:11:00.804+0300] {processor.py:157} INFO - Started process (PID=14974) to work on /home/soamariaka/.local/lib/python3.9/site-packages/airflow/example_dags/example_setup_teardown_taskflow.py
[2023-08-14T14:11:00.842+0300] {processor.py:826} INFO - Processing file /home/soamariaka/.local/lib/python3.9/site-packages/airflow/example_dags/example_setup_teardown_taskflow.py for tasks to queue
[2023-08-14T14:11:00.844+0300] {logging_mixin.py:150} INFO - [2023-08-14T14:11:00.843+0300] {dagbag.py:541} INFO - Filling up the DagBag from /home/soamariaka/.local/lib/python3.9/site-packages/airflow/example_dags/example_setup_teardown_taskflow.py
[2023-08-14T14:11:00.848+0300] {processor.py:838} WARNING - No viable dags retrieved from /home/soamariaka/.local/lib/python3.9/site-packages/airflow/example_dags/example_setup_teardown_taskflow.py
[2023-08-14T14:11:00.866+0300] {processor.py:179} INFO - Processing /home/soamariaka/.local/lib/python3.9/site-packages/airflow/example_dags/example_setup_teardown_taskflow.py took 0.067 seconds
[2023-08-14T14:12:04.717+0300] {processor.py:157} INFO - Started process (PID=15127) to work on /home/soamariaka/.local/lib/python3.9/site-packages/airflow/example_dags/example_setup_teardown_taskflow.py
[2023-08-14T14:12:04.741+0300] {processor.py:826} INFO - Processing file /home/soamariaka/.local/lib/python3.9/site-packages/airflow/example_dags/example_setup_teardown_taskflow.py for tasks to queue
[2023-08-14T14:12:04.764+0300] {logging_mixin.py:150} INFO - [2023-08-14T14:12:04.763+0300] {dagbag.py:541} INFO - Filling up the DagBag from /home/soamariaka/.local/lib/python3.9/site-packages/airflow/example_dags/example_setup_teardown_taskflow.py
[2023-08-14T14:12:04.771+0300] {processor.py:838} WARNING - No viable dags retrieved from /home/soamariaka/.local/lib/python3.9/site-packages/airflow/example_dags/example_setup_teardown_taskflow.py
[2023-08-14T14:12:04.802+0300] {processor.py:179} INFO - Processing /home/soamariaka/.local/lib/python3.9/site-packages/airflow/example_dags/example_setup_teardown_taskflow.py took 0.091 seconds
[2023-08-14T14:13:01.847+0300] {processor.py:157} INFO - Started process (PID=15229) to work on /home/soamariaka/.local/lib/python3.9/site-packages/airflow/example_dags/example_setup_teardown_taskflow.py
[2023-08-14T14:13:01.885+0300] {processor.py:826} INFO - Processing file /home/soamariaka/.local/lib/python3.9/site-packages/airflow/example_dags/example_setup_teardown_taskflow.py for tasks to queue
[2023-08-14T14:13:01.887+0300] {logging_mixin.py:150} INFO - [2023-08-14T14:13:01.887+0300] {dagbag.py:541} INFO - Filling up the DagBag from /home/soamariaka/.local/lib/python3.9/site-packages/airflow/example_dags/example_setup_teardown_taskflow.py
[2023-08-14T14:13:01.893+0300] {processor.py:838} WARNING - No viable dags retrieved from /home/soamariaka/.local/lib/python3.9/site-packages/airflow/example_dags/example_setup_teardown_taskflow.py
[2023-08-14T14:13:01.913+0300] {processor.py:179} INFO - Processing /home/soamariaka/.local/lib/python3.9/site-packages/airflow/example_dags/example_setup_teardown_taskflow.py took 0.070 seconds
[2023-08-14T14:14:07.166+0300] {processor.py:157} INFO - Started process (PID=15343) to work on /home/soamariaka/.local/lib/python3.9/site-packages/airflow/example_dags/example_setup_teardown_taskflow.py
[2023-08-14T14:14:07.183+0300] {processor.py:826} INFO - Processing file /home/soamariaka/.local/lib/python3.9/site-packages/airflow/example_dags/example_setup_teardown_taskflow.py for tasks to queue
[2023-08-14T14:14:07.186+0300] {logging_mixin.py:150} INFO - [2023-08-14T14:14:07.185+0300] {dagbag.py:541} INFO - Filling up the DagBag from /home/soamariaka/.local/lib/python3.9/site-packages/airflow/example_dags/example_setup_teardown_taskflow.py
[2023-08-14T14:14:07.190+0300] {processor.py:838} WARNING - No viable dags retrieved from /home/soamariaka/.local/lib/python3.9/site-packages/airflow/example_dags/example_setup_teardown_taskflow.py
[2023-08-14T14:14:07.210+0300] {processor.py:179} INFO - Processing /home/soamariaka/.local/lib/python3.9/site-packages/airflow/example_dags/example_setup_teardown_taskflow.py took 0.051 seconds
[2023-08-14T14:15:09.224+0300] {processor.py:157} INFO - Started process (PID=15423) to work on /home/soamariaka/.local/lib/python3.9/site-packages/airflow/example_dags/example_setup_teardown_taskflow.py
[2023-08-14T14:15:09.269+0300] {processor.py:826} INFO - Processing file /home/soamariaka/.local/lib/python3.9/site-packages/airflow/example_dags/example_setup_teardown_taskflow.py for tasks to queue
[2023-08-14T14:15:09.271+0300] {logging_mixin.py:150} INFO - [2023-08-14T14:15:09.270+0300] {dagbag.py:541} INFO - Filling up the DagBag from /home/soamariaka/.local/lib/python3.9/site-packages/airflow/example_dags/example_setup_teardown_taskflow.py
[2023-08-14T14:15:09.275+0300] {processor.py:838} WARNING - No viable dags retrieved from /home/soamariaka/.local/lib/python3.9/site-packages/airflow/example_dags/example_setup_teardown_taskflow.py
[2023-08-14T14:15:09.294+0300] {processor.py:179} INFO - Processing /home/soamariaka/.local/lib/python3.9/site-packages/airflow/example_dags/example_setup_teardown_taskflow.py took 0.075 seconds
[2023-08-14T14:16:10.488+0300] {processor.py:157} INFO - Started process (PID=15611) to work on /home/soamariaka/.local/lib/python3.9/site-packages/airflow/example_dags/example_setup_teardown_taskflow.py
[2023-08-14T14:16:10.512+0300] {processor.py:826} INFO - Processing file /home/soamariaka/.local/lib/python3.9/site-packages/airflow/example_dags/example_setup_teardown_taskflow.py for tasks to queue
[2023-08-14T14:16:10.513+0300] {logging_mixin.py:150} INFO - [2023-08-14T14:16:10.513+0300] {dagbag.py:541} INFO - Filling up the DagBag from /home/soamariaka/.local/lib/python3.9/site-packages/airflow/example_dags/example_setup_teardown_taskflow.py
[2023-08-14T14:16:10.517+0300] {processor.py:838} WARNING - No viable dags retrieved from /home/soamariaka/.local/lib/python3.9/site-packages/airflow/example_dags/example_setup_teardown_taskflow.py
[2023-08-14T14:16:10.536+0300] {processor.py:179} INFO - Processing /home/soamariaka/.local/lib/python3.9/site-packages/airflow/example_dags/example_setup_teardown_taskflow.py took 0.054 seconds
[2023-08-14T14:17:14.758+0300] {processor.py:157} INFO - Started process (PID=15700) to work on /home/soamariaka/.local/lib/python3.9/site-packages/airflow/example_dags/example_setup_teardown_taskflow.py
[2023-08-14T14:17:14.788+0300] {processor.py:826} INFO - Processing file /home/soamariaka/.local/lib/python3.9/site-packages/airflow/example_dags/example_setup_teardown_taskflow.py for tasks to queue
[2023-08-14T14:17:14.790+0300] {logging_mixin.py:150} INFO - [2023-08-14T14:17:14.789+0300] {dagbag.py:541} INFO - Filling up the DagBag from /home/soamariaka/.local/lib/python3.9/site-packages/airflow/example_dags/example_setup_teardown_taskflow.py
[2023-08-14T14:17:14.794+0300] {processor.py:838} WARNING - No viable dags retrieved from /home/soamariaka/.local/lib/python3.9/site-packages/airflow/example_dags/example_setup_teardown_taskflow.py
[2023-08-14T14:17:14.814+0300] {processor.py:179} INFO - Processing /home/soamariaka/.local/lib/python3.9/site-packages/airflow/example_dags/example_setup_teardown_taskflow.py took 0.061 seconds
[2023-08-14T14:18:43.191+0300] {processor.py:157} INFO - Started process (PID=15909) to work on /home/soamariaka/.local/lib/python3.9/site-packages/airflow/example_dags/example_setup_teardown_taskflow.py
[2023-08-14T14:18:43.209+0300] {processor.py:826} INFO - Processing file /home/soamariaka/.local/lib/python3.9/site-packages/airflow/example_dags/example_setup_teardown_taskflow.py for tasks to queue
[2023-08-14T14:18:43.210+0300] {logging_mixin.py:150} INFO - [2023-08-14T14:18:43.210+0300] {dagbag.py:541} INFO - Filling up the DagBag from /home/soamariaka/.local/lib/python3.9/site-packages/airflow/example_dags/example_setup_teardown_taskflow.py
[2023-08-14T14:18:43.214+0300] {processor.py:838} WARNING - No viable dags retrieved from /home/soamariaka/.local/lib/python3.9/site-packages/airflow/example_dags/example_setup_teardown_taskflow.py
[2023-08-14T14:18:43.233+0300] {processor.py:179} INFO - Processing /home/soamariaka/.local/lib/python3.9/site-packages/airflow/example_dags/example_setup_teardown_taskflow.py took 0.047 seconds
[2023-08-14T14:19:41.666+0300] {processor.py:157} INFO - Started process (PID=15964) to work on /home/soamariaka/.local/lib/python3.9/site-packages/airflow/example_dags/example_setup_teardown_taskflow.py
[2023-08-14T14:19:41.668+0300] {processor.py:826} INFO - Processing file /home/soamariaka/.local/lib/python3.9/site-packages/airflow/example_dags/example_setup_teardown_taskflow.py for tasks to queue
[2023-08-14T14:19:41.669+0300] {logging_mixin.py:150} INFO - [2023-08-14T14:19:41.668+0300] {dagbag.py:541} INFO - Filling up the DagBag from /home/soamariaka/.local/lib/python3.9/site-packages/airflow/example_dags/example_setup_teardown_taskflow.py
[2023-08-14T14:19:41.672+0300] {processor.py:838} WARNING - No viable dags retrieved from /home/soamariaka/.local/lib/python3.9/site-packages/airflow/example_dags/example_setup_teardown_taskflow.py
[2023-08-14T14:19:41.694+0300] {processor.py:179} INFO - Processing /home/soamariaka/.local/lib/python3.9/site-packages/airflow/example_dags/example_setup_teardown_taskflow.py took 0.033 seconds
[2023-08-14T14:21:16.929+0300] {processor.py:157} INFO - Started process (PID=16078) to work on /home/soamariaka/.local/lib/python3.9/site-packages/airflow/example_dags/example_setup_teardown_taskflow.py
[2023-08-14T14:21:16.931+0300] {processor.py:826} INFO - Processing file /home/soamariaka/.local/lib/python3.9/site-packages/airflow/example_dags/example_setup_teardown_taskflow.py for tasks to queue
[2023-08-14T14:21:16.933+0300] {logging_mixin.py:150} INFO - [2023-08-14T14:21:16.932+0300] {dagbag.py:541} INFO - Filling up the DagBag from /home/soamariaka/.local/lib/python3.9/site-packages/airflow/example_dags/example_setup_teardown_taskflow.py
[2023-08-14T14:21:16.937+0300] {processor.py:838} WARNING - No viable dags retrieved from /home/soamariaka/.local/lib/python3.9/site-packages/airflow/example_dags/example_setup_teardown_taskflow.py
[2023-08-14T14:21:16.954+0300] {processor.py:179} INFO - Processing /home/soamariaka/.local/lib/python3.9/site-packages/airflow/example_dags/example_setup_teardown_taskflow.py took 0.031 seconds
[2023-08-14T14:22:25.510+0300] {processor.py:157} INFO - Started process (PID=16147) to work on /home/soamariaka/.local/lib/python3.9/site-packages/airflow/example_dags/example_setup_teardown_taskflow.py
[2023-08-14T14:22:25.512+0300] {processor.py:826} INFO - Processing file /home/soamariaka/.local/lib/python3.9/site-packages/airflow/example_dags/example_setup_teardown_taskflow.py for tasks to queue
[2023-08-14T14:22:25.514+0300] {logging_mixin.py:150} INFO - [2023-08-14T14:22:25.513+0300] {dagbag.py:541} INFO - Filling up the DagBag from /home/soamariaka/.local/lib/python3.9/site-packages/airflow/example_dags/example_setup_teardown_taskflow.py
[2023-08-14T14:22:25.518+0300] {processor.py:838} WARNING - No viable dags retrieved from /home/soamariaka/.local/lib/python3.9/site-packages/airflow/example_dags/example_setup_teardown_taskflow.py
[2023-08-14T14:22:25.536+0300] {processor.py:179} INFO - Processing /home/soamariaka/.local/lib/python3.9/site-packages/airflow/example_dags/example_setup_teardown_taskflow.py took 0.031 seconds
[2023-08-14T14:23:26.729+0300] {processor.py:157} INFO - Started process (PID=16212) to work on /home/soamariaka/.local/lib/python3.9/site-packages/airflow/example_dags/example_setup_teardown_taskflow.py
[2023-08-14T14:23:26.768+0300] {processor.py:826} INFO - Processing file /home/soamariaka/.local/lib/python3.9/site-packages/airflow/example_dags/example_setup_teardown_taskflow.py for tasks to queue
[2023-08-14T14:23:26.771+0300] {logging_mixin.py:150} INFO - [2023-08-14T14:23:26.770+0300] {dagbag.py:541} INFO - Filling up the DagBag from /home/soamariaka/.local/lib/python3.9/site-packages/airflow/example_dags/example_setup_teardown_taskflow.py
[2023-08-14T14:23:26.776+0300] {processor.py:838} WARNING - No viable dags retrieved from /home/soamariaka/.local/lib/python3.9/site-packages/airflow/example_dags/example_setup_teardown_taskflow.py
[2023-08-14T14:23:26.801+0300] {processor.py:179} INFO - Processing /home/soamariaka/.local/lib/python3.9/site-packages/airflow/example_dags/example_setup_teardown_taskflow.py took 0.080 seconds
[2023-08-14T14:24:25.101+0300] {processor.py:157} INFO - Started process (PID=16459) to work on /home/soamariaka/.local/lib/python3.9/site-packages/airflow/example_dags/example_setup_teardown_taskflow.py
[2023-08-14T14:24:25.137+0300] {processor.py:826} INFO - Processing file /home/soamariaka/.local/lib/python3.9/site-packages/airflow/example_dags/example_setup_teardown_taskflow.py for tasks to queue
[2023-08-14T14:24:25.138+0300] {logging_mixin.py:150} INFO - [2023-08-14T14:24:25.138+0300] {dagbag.py:541} INFO - Filling up the DagBag from /home/soamariaka/.local/lib/python3.9/site-packages/airflow/example_dags/example_setup_teardown_taskflow.py
[2023-08-14T14:24:25.142+0300] {processor.py:838} WARNING - No viable dags retrieved from /home/soamariaka/.local/lib/python3.9/site-packages/airflow/example_dags/example_setup_teardown_taskflow.py
[2023-08-14T14:24:25.161+0300] {processor.py:179} INFO - Processing /home/soamariaka/.local/lib/python3.9/site-packages/airflow/example_dags/example_setup_teardown_taskflow.py took 0.065 seconds
[2023-08-14T14:25:21.627+0300] {processor.py:157} INFO - Started process (PID=16602) to work on /home/soamariaka/.local/lib/python3.9/site-packages/airflow/example_dags/example_setup_teardown_taskflow.py
[2023-08-14T14:25:21.630+0300] {processor.py:826} INFO - Processing file /home/soamariaka/.local/lib/python3.9/site-packages/airflow/example_dags/example_setup_teardown_taskflow.py for tasks to queue
[2023-08-14T14:25:21.631+0300] {logging_mixin.py:150} INFO - [2023-08-14T14:25:21.630+0300] {dagbag.py:541} INFO - Filling up the DagBag from /home/soamariaka/.local/lib/python3.9/site-packages/airflow/example_dags/example_setup_teardown_taskflow.py
[2023-08-14T14:25:21.634+0300] {processor.py:838} WARNING - No viable dags retrieved from /home/soamariaka/.local/lib/python3.9/site-packages/airflow/example_dags/example_setup_teardown_taskflow.py
[2023-08-14T14:25:21.649+0300] {processor.py:179} INFO - Processing /home/soamariaka/.local/lib/python3.9/site-packages/airflow/example_dags/example_setup_teardown_taskflow.py took 0.026 seconds
[2023-08-14T14:26:25.304+0300] {processor.py:157} INFO - Started process (PID=16725) to work on /home/soamariaka/.local/lib/python3.9/site-packages/airflow/example_dags/example_setup_teardown_taskflow.py
[2023-08-14T14:26:25.334+0300] {processor.py:826} INFO - Processing file /home/soamariaka/.local/lib/python3.9/site-packages/airflow/example_dags/example_setup_teardown_taskflow.py for tasks to queue
[2023-08-14T14:26:25.336+0300] {logging_mixin.py:150} INFO - [2023-08-14T14:26:25.335+0300] {dagbag.py:541} INFO - Filling up the DagBag from /home/soamariaka/.local/lib/python3.9/site-packages/airflow/example_dags/example_setup_teardown_taskflow.py
[2023-08-14T14:26:25.340+0300] {processor.py:838} WARNING - No viable dags retrieved from /home/soamariaka/.local/lib/python3.9/site-packages/airflow/example_dags/example_setup_teardown_taskflow.py
[2023-08-14T14:26:25.360+0300] {processor.py:179} INFO - Processing /home/soamariaka/.local/lib/python3.9/site-packages/airflow/example_dags/example_setup_teardown_taskflow.py took 0.062 seconds
[2023-08-14T14:27:23.062+0300] {processor.py:157} INFO - Started process (PID=16849) to work on /home/soamariaka/.local/lib/python3.9/site-packages/airflow/example_dags/example_setup_teardown_taskflow.py
[2023-08-14T14:27:23.064+0300] {processor.py:826} INFO - Processing file /home/soamariaka/.local/lib/python3.9/site-packages/airflow/example_dags/example_setup_teardown_taskflow.py for tasks to queue
[2023-08-14T14:27:23.065+0300] {logging_mixin.py:150} INFO - [2023-08-14T14:27:23.065+0300] {dagbag.py:541} INFO - Filling up the DagBag from /home/soamariaka/.local/lib/python3.9/site-packages/airflow/example_dags/example_setup_teardown_taskflow.py
[2023-08-14T14:27:23.068+0300] {processor.py:838} WARNING - No viable dags retrieved from /home/soamariaka/.local/lib/python3.9/site-packages/airflow/example_dags/example_setup_teardown_taskflow.py
[2023-08-14T14:27:23.083+0300] {processor.py:179} INFO - Processing /home/soamariaka/.local/lib/python3.9/site-packages/airflow/example_dags/example_setup_teardown_taskflow.py took 0.025 seconds
[2023-08-14T14:28:27.269+0300] {processor.py:157} INFO - Started process (PID=16970) to work on /home/soamariaka/.local/lib/python3.9/site-packages/airflow/example_dags/example_setup_teardown_taskflow.py
[2023-08-14T14:28:27.272+0300] {processor.py:826} INFO - Processing file /home/soamariaka/.local/lib/python3.9/site-packages/airflow/example_dags/example_setup_teardown_taskflow.py for tasks to queue
[2023-08-14T14:28:27.273+0300] {logging_mixin.py:150} INFO - [2023-08-14T14:28:27.273+0300] {dagbag.py:541} INFO - Filling up the DagBag from /home/soamariaka/.local/lib/python3.9/site-packages/airflow/example_dags/example_setup_teardown_taskflow.py
[2023-08-14T14:28:27.277+0300] {processor.py:838} WARNING - No viable dags retrieved from /home/soamariaka/.local/lib/python3.9/site-packages/airflow/example_dags/example_setup_teardown_taskflow.py
[2023-08-14T14:28:27.294+0300] {processor.py:179} INFO - Processing /home/soamariaka/.local/lib/python3.9/site-packages/airflow/example_dags/example_setup_teardown_taskflow.py took 0.029 seconds
[2023-08-14T14:29:27.446+0300] {processor.py:157} INFO - Started process (PID=17058) to work on /home/soamariaka/.local/lib/python3.9/site-packages/airflow/example_dags/example_setup_teardown_taskflow.py
[2023-08-14T14:29:27.477+0300] {processor.py:826} INFO - Processing file /home/soamariaka/.local/lib/python3.9/site-packages/airflow/example_dags/example_setup_teardown_taskflow.py for tasks to queue
[2023-08-14T14:29:27.479+0300] {logging_mixin.py:150} INFO - [2023-08-14T14:29:27.478+0300] {dagbag.py:541} INFO - Filling up the DagBag from /home/soamariaka/.local/lib/python3.9/site-packages/airflow/example_dags/example_setup_teardown_taskflow.py
[2023-08-14T14:29:27.482+0300] {processor.py:838} WARNING - No viable dags retrieved from /home/soamariaka/.local/lib/python3.9/site-packages/airflow/example_dags/example_setup_teardown_taskflow.py
[2023-08-14T14:29:27.497+0300] {processor.py:179} INFO - Processing /home/soamariaka/.local/lib/python3.9/site-packages/airflow/example_dags/example_setup_teardown_taskflow.py took 0.057 seconds
[2023-08-14T14:30:22.631+0300] {processor.py:157} INFO - Started process (PID=17227) to work on /home/soamariaka/.local/lib/python3.9/site-packages/airflow/example_dags/example_setup_teardown_taskflow.py
[2023-08-14T14:30:22.652+0300] {processor.py:826} INFO - Processing file /home/soamariaka/.local/lib/python3.9/site-packages/airflow/example_dags/example_setup_teardown_taskflow.py for tasks to queue
[2023-08-14T14:30:22.654+0300] {logging_mixin.py:150} INFO - [2023-08-14T14:30:22.653+0300] {dagbag.py:541} INFO - Filling up the DagBag from /home/soamariaka/.local/lib/python3.9/site-packages/airflow/example_dags/example_setup_teardown_taskflow.py
[2023-08-14T14:30:22.657+0300] {processor.py:838} WARNING - No viable dags retrieved from /home/soamariaka/.local/lib/python3.9/site-packages/airflow/example_dags/example_setup_teardown_taskflow.py
[2023-08-14T14:30:22.676+0300] {processor.py:179} INFO - Processing /home/soamariaka/.local/lib/python3.9/site-packages/airflow/example_dags/example_setup_teardown_taskflow.py took 0.051 seconds
[2023-08-14T14:31:17.285+0300] {processor.py:157} INFO - Started process (PID=17279) to work on /home/soamariaka/.local/lib/python3.9/site-packages/airflow/example_dags/example_setup_teardown_taskflow.py
[2023-08-14T14:31:17.288+0300] {processor.py:826} INFO - Processing file /home/soamariaka/.local/lib/python3.9/site-packages/airflow/example_dags/example_setup_teardown_taskflow.py for tasks to queue
[2023-08-14T14:31:17.289+0300] {logging_mixin.py:150} INFO - [2023-08-14T14:31:17.289+0300] {dagbag.py:541} INFO - Filling up the DagBag from /home/soamariaka/.local/lib/python3.9/site-packages/airflow/example_dags/example_setup_teardown_taskflow.py
[2023-08-14T14:31:17.293+0300] {processor.py:838} WARNING - No viable dags retrieved from /home/soamariaka/.local/lib/python3.9/site-packages/airflow/example_dags/example_setup_teardown_taskflow.py
[2023-08-14T14:31:17.311+0300] {processor.py:179} INFO - Processing /home/soamariaka/.local/lib/python3.9/site-packages/airflow/example_dags/example_setup_teardown_taskflow.py took 0.031 seconds
[2023-08-14T14:32:17.698+0300] {processor.py:157} INFO - Started process (PID=17399) to work on /home/soamariaka/.local/lib/python3.9/site-packages/airflow/example_dags/example_setup_teardown_taskflow.py
[2023-08-14T14:32:17.700+0300] {processor.py:826} INFO - Processing file /home/soamariaka/.local/lib/python3.9/site-packages/airflow/example_dags/example_setup_teardown_taskflow.py for tasks to queue
[2023-08-14T14:32:17.702+0300] {logging_mixin.py:150} INFO - [2023-08-14T14:32:17.701+0300] {dagbag.py:541} INFO - Filling up the DagBag from /home/soamariaka/.local/lib/python3.9/site-packages/airflow/example_dags/example_setup_teardown_taskflow.py
[2023-08-14T14:32:17.705+0300] {processor.py:838} WARNING - No viable dags retrieved from /home/soamariaka/.local/lib/python3.9/site-packages/airflow/example_dags/example_setup_teardown_taskflow.py
[2023-08-14T14:32:17.719+0300] {processor.py:179} INFO - Processing /home/soamariaka/.local/lib/python3.9/site-packages/airflow/example_dags/example_setup_teardown_taskflow.py took 0.025 seconds
[2023-08-14T14:33:16.961+0300] {processor.py:157} INFO - Started process (PID=17549) to work on /home/soamariaka/.local/lib/python3.9/site-packages/airflow/example_dags/example_setup_teardown_taskflow.py
[2023-08-14T14:33:16.963+0300] {processor.py:826} INFO - Processing file /home/soamariaka/.local/lib/python3.9/site-packages/airflow/example_dags/example_setup_teardown_taskflow.py for tasks to queue
[2023-08-14T14:33:16.965+0300] {logging_mixin.py:150} INFO - [2023-08-14T14:33:16.964+0300] {dagbag.py:541} INFO - Filling up the DagBag from /home/soamariaka/.local/lib/python3.9/site-packages/airflow/example_dags/example_setup_teardown_taskflow.py
[2023-08-14T14:33:16.968+0300] {processor.py:838} WARNING - No viable dags retrieved from /home/soamariaka/.local/lib/python3.9/site-packages/airflow/example_dags/example_setup_teardown_taskflow.py
[2023-08-14T14:33:16.987+0300] {processor.py:179} INFO - Processing /home/soamariaka/.local/lib/python3.9/site-packages/airflow/example_dags/example_setup_teardown_taskflow.py took 0.031 seconds
[2023-08-14T14:34:16.992+0300] {processor.py:157} INFO - Started process (PID=17604) to work on /home/soamariaka/.local/lib/python3.9/site-packages/airflow/example_dags/example_setup_teardown_taskflow.py
[2023-08-14T14:34:16.995+0300] {processor.py:826} INFO - Processing file /home/soamariaka/.local/lib/python3.9/site-packages/airflow/example_dags/example_setup_teardown_taskflow.py for tasks to queue
[2023-08-14T14:34:16.997+0300] {logging_mixin.py:150} INFO - [2023-08-14T14:34:16.997+0300] {dagbag.py:541} INFO - Filling up the DagBag from /home/soamariaka/.local/lib/python3.9/site-packages/airflow/example_dags/example_setup_teardown_taskflow.py
[2023-08-14T14:34:17.002+0300] {processor.py:838} WARNING - No viable dags retrieved from /home/soamariaka/.local/lib/python3.9/site-packages/airflow/example_dags/example_setup_teardown_taskflow.py
[2023-08-14T14:34:17.024+0300] {processor.py:179} INFO - Processing /home/soamariaka/.local/lib/python3.9/site-packages/airflow/example_dags/example_setup_teardown_taskflow.py took 0.038 seconds
[2023-08-14T14:35:42.424+0300] {processor.py:157} INFO - Started process (PID=17857) to work on /home/soamariaka/.local/lib/python3.9/site-packages/airflow/example_dags/example_setup_teardown_taskflow.py
[2023-08-14T14:35:42.426+0300] {processor.py:826} INFO - Processing file /home/soamariaka/.local/lib/python3.9/site-packages/airflow/example_dags/example_setup_teardown_taskflow.py for tasks to queue
[2023-08-14T14:35:42.427+0300] {logging_mixin.py:150} INFO - [2023-08-14T14:35:42.427+0300] {dagbag.py:541} INFO - Filling up the DagBag from /home/soamariaka/.local/lib/python3.9/site-packages/airflow/example_dags/example_setup_teardown_taskflow.py
[2023-08-14T14:35:42.430+0300] {processor.py:838} WARNING - No viable dags retrieved from /home/soamariaka/.local/lib/python3.9/site-packages/airflow/example_dags/example_setup_teardown_taskflow.py
[2023-08-14T14:35:42.445+0300] {processor.py:179} INFO - Processing /home/soamariaka/.local/lib/python3.9/site-packages/airflow/example_dags/example_setup_teardown_taskflow.py took 0.025 seconds
[2023-08-14T14:37:24.264+0300] {processor.py:157} INFO - Started process (PID=18056) to work on /home/soamariaka/.local/lib/python3.9/site-packages/airflow/example_dags/example_setup_teardown_taskflow.py
[2023-08-14T14:37:24.285+0300] {processor.py:826} INFO - Processing file /home/soamariaka/.local/lib/python3.9/site-packages/airflow/example_dags/example_setup_teardown_taskflow.py for tasks to queue
[2023-08-14T14:37:24.286+0300] {logging_mixin.py:150} INFO - [2023-08-14T14:37:24.286+0300] {dagbag.py:541} INFO - Filling up the DagBag from /home/soamariaka/.local/lib/python3.9/site-packages/airflow/example_dags/example_setup_teardown_taskflow.py
[2023-08-14T14:37:24.290+0300] {processor.py:838} WARNING - No viable dags retrieved from /home/soamariaka/.local/lib/python3.9/site-packages/airflow/example_dags/example_setup_teardown_taskflow.py
[2023-08-14T14:37:24.309+0300] {processor.py:179} INFO - Processing /home/soamariaka/.local/lib/python3.9/site-packages/airflow/example_dags/example_setup_teardown_taskflow.py took 0.050 seconds
[2023-08-14T14:38:24.865+0300] {processor.py:157} INFO - Started process (PID=18239) to work on /home/soamariaka/.local/lib/python3.9/site-packages/airflow/example_dags/example_setup_teardown_taskflow.py
[2023-08-14T14:38:24.876+0300] {processor.py:826} INFO - Processing file /home/soamariaka/.local/lib/python3.9/site-packages/airflow/example_dags/example_setup_teardown_taskflow.py for tasks to queue
[2023-08-14T14:38:24.877+0300] {logging_mixin.py:150} INFO - [2023-08-14T14:38:24.877+0300] {dagbag.py:541} INFO - Filling up the DagBag from /home/soamariaka/.local/lib/python3.9/site-packages/airflow/example_dags/example_setup_teardown_taskflow.py
[2023-08-14T14:38:24.881+0300] {processor.py:838} WARNING - No viable dags retrieved from /home/soamariaka/.local/lib/python3.9/site-packages/airflow/example_dags/example_setup_teardown_taskflow.py
[2023-08-14T14:38:24.900+0300] {processor.py:179} INFO - Processing /home/soamariaka/.local/lib/python3.9/site-packages/airflow/example_dags/example_setup_teardown_taskflow.py took 0.041 seconds
[2023-08-14T14:39:33.325+0300] {processor.py:157} INFO - Started process (PID=18394) to work on /home/soamariaka/.local/lib/python3.9/site-packages/airflow/example_dags/example_setup_teardown_taskflow.py
[2023-08-14T14:39:33.344+0300] {processor.py:826} INFO - Processing file /home/soamariaka/.local/lib/python3.9/site-packages/airflow/example_dags/example_setup_teardown_taskflow.py for tasks to queue
[2023-08-14T14:39:33.346+0300] {logging_mixin.py:150} INFO - [2023-08-14T14:39:33.345+0300] {dagbag.py:541} INFO - Filling up the DagBag from /home/soamariaka/.local/lib/python3.9/site-packages/airflow/example_dags/example_setup_teardown_taskflow.py
[2023-08-14T14:39:33.350+0300] {processor.py:838} WARNING - No viable dags retrieved from /home/soamariaka/.local/lib/python3.9/site-packages/airflow/example_dags/example_setup_teardown_taskflow.py
[2023-08-14T14:39:33.382+0300] {processor.py:179} INFO - Processing /home/soamariaka/.local/lib/python3.9/site-packages/airflow/example_dags/example_setup_teardown_taskflow.py took 0.063 seconds
[2023-08-14T14:40:58.400+0300] {processor.py:157} INFO - Started process (PID=18650) to work on /home/soamariaka/.local/lib/python3.9/site-packages/airflow/example_dags/example_setup_teardown_taskflow.py
[2023-08-14T14:40:58.403+0300] {processor.py:826} INFO - Processing file /home/soamariaka/.local/lib/python3.9/site-packages/airflow/example_dags/example_setup_teardown_taskflow.py for tasks to queue
[2023-08-14T14:40:58.404+0300] {logging_mixin.py:150} INFO - [2023-08-14T14:40:58.404+0300] {dagbag.py:541} INFO - Filling up the DagBag from /home/soamariaka/.local/lib/python3.9/site-packages/airflow/example_dags/example_setup_teardown_taskflow.py
[2023-08-14T14:40:58.408+0300] {processor.py:838} WARNING - No viable dags retrieved from /home/soamariaka/.local/lib/python3.9/site-packages/airflow/example_dags/example_setup_teardown_taskflow.py
[2023-08-14T14:40:58.426+0300] {processor.py:179} INFO - Processing /home/soamariaka/.local/lib/python3.9/site-packages/airflow/example_dags/example_setup_teardown_taskflow.py took 0.031 seconds
