[2023-08-14T13:33:15.506+0300] {processor.py:157} INFO - Started process (PID=10775) to work on /home/soamariaka/.local/lib/python3.9/site-packages/airflow/example_dags/example_setup_teardown.py
[2023-08-14T13:33:15.507+0300] {processor.py:826} INFO - Processing file /home/soamariaka/.local/lib/python3.9/site-packages/airflow/example_dags/example_setup_teardown.py for tasks to queue
[2023-08-14T13:33:15.509+0300] {logging_mixin.py:150} INFO - [2023-08-14T13:33:15.508+0300] {dagbag.py:541} INFO - Filling up the DagBag from /home/soamariaka/.local/lib/python3.9/site-packages/airflow/example_dags/example_setup_teardown.py
[2023-08-14T13:33:15.512+0300] {processor.py:838} WARNING - No viable dags retrieved from /home/soamariaka/.local/lib/python3.9/site-packages/airflow/example_dags/example_setup_teardown.py
[2023-08-14T13:33:15.529+0300] {processor.py:179} INFO - Processing /home/soamariaka/.local/lib/python3.9/site-packages/airflow/example_dags/example_setup_teardown.py took 0.029 seconds
[2023-08-14T13:34:31.552+0300] {processor.py:157} INFO - Started process (PID=10924) to work on /home/soamariaka/.local/lib/python3.9/site-packages/airflow/example_dags/example_setup_teardown.py
[2023-08-14T13:34:31.554+0300] {processor.py:826} INFO - Processing file /home/soamariaka/.local/lib/python3.9/site-packages/airflow/example_dags/example_setup_teardown.py for tasks to queue
[2023-08-14T13:34:31.555+0300] {logging_mixin.py:150} INFO - [2023-08-14T13:34:31.555+0300] {dagbag.py:541} INFO - Filling up the DagBag from /home/soamariaka/.local/lib/python3.9/site-packages/airflow/example_dags/example_setup_teardown.py
[2023-08-14T13:34:31.559+0300] {processor.py:838} WARNING - No viable dags retrieved from /home/soamariaka/.local/lib/python3.9/site-packages/airflow/example_dags/example_setup_teardown.py
[2023-08-14T13:34:31.576+0300] {processor.py:179} INFO - Processing /home/soamariaka/.local/lib/python3.9/site-packages/airflow/example_dags/example_setup_teardown.py took 0.030 seconds
[2023-08-14T13:35:50.087+0300] {processor.py:157} INFO - Started process (PID=11059) to work on /home/soamariaka/.local/lib/python3.9/site-packages/airflow/example_dags/example_setup_teardown.py
[2023-08-14T13:35:50.089+0300] {processor.py:826} INFO - Processing file /home/soamariaka/.local/lib/python3.9/site-packages/airflow/example_dags/example_setup_teardown.py for tasks to queue
[2023-08-14T13:35:50.091+0300] {logging_mixin.py:150} INFO - [2023-08-14T13:35:50.090+0300] {dagbag.py:541} INFO - Filling up the DagBag from /home/soamariaka/.local/lib/python3.9/site-packages/airflow/example_dags/example_setup_teardown.py
[2023-08-14T13:35:50.095+0300] {processor.py:838} WARNING - No viable dags retrieved from /home/soamariaka/.local/lib/python3.9/site-packages/airflow/example_dags/example_setup_teardown.py
[2023-08-14T13:35:50.116+0300] {processor.py:179} INFO - Processing /home/soamariaka/.local/lib/python3.9/site-packages/airflow/example_dags/example_setup_teardown.py took 0.036 seconds
[2023-08-14T13:36:50.386+0300] {processor.py:157} INFO - Started process (PID=11127) to work on /home/soamariaka/.local/lib/python3.9/site-packages/airflow/example_dags/example_setup_teardown.py
[2023-08-14T13:36:50.421+0300] {processor.py:826} INFO - Processing file /home/soamariaka/.local/lib/python3.9/site-packages/airflow/example_dags/example_setup_teardown.py for tasks to queue
[2023-08-14T13:36:50.423+0300] {logging_mixin.py:150} INFO - [2023-08-14T13:36:50.423+0300] {dagbag.py:541} INFO - Filling up the DagBag from /home/soamariaka/.local/lib/python3.9/site-packages/airflow/example_dags/example_setup_teardown.py
[2023-08-14T13:36:50.428+0300] {processor.py:838} WARNING - No viable dags retrieved from /home/soamariaka/.local/lib/python3.9/site-packages/airflow/example_dags/example_setup_teardown.py
[2023-08-14T13:36:50.446+0300] {processor.py:179} INFO - Processing /home/soamariaka/.local/lib/python3.9/site-packages/airflow/example_dags/example_setup_teardown.py took 0.065 seconds
[2023-08-14T13:37:50.833+0300] {processor.py:157} INFO - Started process (PID=11244) to work on /home/soamariaka/.local/lib/python3.9/site-packages/airflow/example_dags/example_setup_teardown.py
[2023-08-14T13:37:50.865+0300] {processor.py:826} INFO - Processing file /home/soamariaka/.local/lib/python3.9/site-packages/airflow/example_dags/example_setup_teardown.py for tasks to queue
[2023-08-14T13:37:50.867+0300] {logging_mixin.py:150} INFO - [2023-08-14T13:37:50.866+0300] {dagbag.py:541} INFO - Filling up the DagBag from /home/soamariaka/.local/lib/python3.9/site-packages/airflow/example_dags/example_setup_teardown.py
[2023-08-14T13:37:50.871+0300] {processor.py:838} WARNING - No viable dags retrieved from /home/soamariaka/.local/lib/python3.9/site-packages/airflow/example_dags/example_setup_teardown.py
[2023-08-14T13:37:50.891+0300] {processor.py:179} INFO - Processing /home/soamariaka/.local/lib/python3.9/site-packages/airflow/example_dags/example_setup_teardown.py took 0.066 seconds
[2023-08-14T13:38:51.155+0300] {processor.py:157} INFO - Started process (PID=11369) to work on /home/soamariaka/.local/lib/python3.9/site-packages/airflow/example_dags/example_setup_teardown.py
[2023-08-14T13:38:51.167+0300] {processor.py:826} INFO - Processing file /home/soamariaka/.local/lib/python3.9/site-packages/airflow/example_dags/example_setup_teardown.py for tasks to queue
[2023-08-14T13:38:51.168+0300] {logging_mixin.py:150} INFO - [2023-08-14T13:38:51.168+0300] {dagbag.py:541} INFO - Filling up the DagBag from /home/soamariaka/.local/lib/python3.9/site-packages/airflow/example_dags/example_setup_teardown.py
[2023-08-14T13:38:51.171+0300] {processor.py:838} WARNING - No viable dags retrieved from /home/soamariaka/.local/lib/python3.9/site-packages/airflow/example_dags/example_setup_teardown.py
[2023-08-14T13:38:51.186+0300] {processor.py:179} INFO - Processing /home/soamariaka/.local/lib/python3.9/site-packages/airflow/example_dags/example_setup_teardown.py took 0.035 seconds
[2023-08-14T13:39:55.532+0300] {processor.py:157} INFO - Started process (PID=11472) to work on /home/soamariaka/.local/lib/python3.9/site-packages/airflow/example_dags/example_setup_teardown.py
[2023-08-14T13:39:55.566+0300] {processor.py:826} INFO - Processing file /home/soamariaka/.local/lib/python3.9/site-packages/airflow/example_dags/example_setup_teardown.py for tasks to queue
[2023-08-14T13:39:55.567+0300] {logging_mixin.py:150} INFO - [2023-08-14T13:39:55.567+0300] {dagbag.py:541} INFO - Filling up the DagBag from /home/soamariaka/.local/lib/python3.9/site-packages/airflow/example_dags/example_setup_teardown.py
[2023-08-14T13:39:55.571+0300] {processor.py:838} WARNING - No viable dags retrieved from /home/soamariaka/.local/lib/python3.9/site-packages/airflow/example_dags/example_setup_teardown.py
[2023-08-14T13:39:55.589+0300] {processor.py:179} INFO - Processing /home/soamariaka/.local/lib/python3.9/site-packages/airflow/example_dags/example_setup_teardown.py took 0.063 seconds
[2023-08-14T13:40:50.961+0300] {processor.py:157} INFO - Started process (PID=11523) to work on /home/soamariaka/.local/lib/python3.9/site-packages/airflow/example_dags/example_setup_teardown.py
[2023-08-14T13:40:50.987+0300] {processor.py:826} INFO - Processing file /home/soamariaka/.local/lib/python3.9/site-packages/airflow/example_dags/example_setup_teardown.py for tasks to queue
[2023-08-14T13:40:50.988+0300] {logging_mixin.py:150} INFO - [2023-08-14T13:40:50.988+0300] {dagbag.py:541} INFO - Filling up the DagBag from /home/soamariaka/.local/lib/python3.9/site-packages/airflow/example_dags/example_setup_teardown.py
[2023-08-14T13:40:50.992+0300] {processor.py:838} WARNING - No viable dags retrieved from /home/soamariaka/.local/lib/python3.9/site-packages/airflow/example_dags/example_setup_teardown.py
[2023-08-14T13:40:51.010+0300] {processor.py:179} INFO - Processing /home/soamariaka/.local/lib/python3.9/site-packages/airflow/example_dags/example_setup_teardown.py took 0.054 seconds
[2023-08-14T13:41:52.504+0300] {processor.py:157} INFO - Started process (PID=11607) to work on /home/soamariaka/.local/lib/python3.9/site-packages/airflow/example_dags/example_setup_teardown.py
[2023-08-14T13:41:52.541+0300] {processor.py:826} INFO - Processing file /home/soamariaka/.local/lib/python3.9/site-packages/airflow/example_dags/example_setup_teardown.py for tasks to queue
[2023-08-14T13:41:52.543+0300] {logging_mixin.py:150} INFO - [2023-08-14T13:41:52.542+0300] {dagbag.py:541} INFO - Filling up the DagBag from /home/soamariaka/.local/lib/python3.9/site-packages/airflow/example_dags/example_setup_teardown.py
[2023-08-14T13:41:52.546+0300] {processor.py:838} WARNING - No viable dags retrieved from /home/soamariaka/.local/lib/python3.9/site-packages/airflow/example_dags/example_setup_teardown.py
[2023-08-14T13:41:52.567+0300] {processor.py:179} INFO - Processing /home/soamariaka/.local/lib/python3.9/site-packages/airflow/example_dags/example_setup_teardown.py took 0.069 seconds
[2023-08-14T13:42:47.369+0300] {processor.py:157} INFO - Started process (PID=11656) to work on /home/soamariaka/.local/lib/python3.9/site-packages/airflow/example_dags/example_setup_teardown.py
[2023-08-14T13:42:47.372+0300] {processor.py:826} INFO - Processing file /home/soamariaka/.local/lib/python3.9/site-packages/airflow/example_dags/example_setup_teardown.py for tasks to queue
[2023-08-14T13:42:47.373+0300] {logging_mixin.py:150} INFO - [2023-08-14T13:42:47.373+0300] {dagbag.py:541} INFO - Filling up the DagBag from /home/soamariaka/.local/lib/python3.9/site-packages/airflow/example_dags/example_setup_teardown.py
[2023-08-14T13:42:47.377+0300] {processor.py:838} WARNING - No viable dags retrieved from /home/soamariaka/.local/lib/python3.9/site-packages/airflow/example_dags/example_setup_teardown.py
[2023-08-14T13:42:47.395+0300] {processor.py:179} INFO - Processing /home/soamariaka/.local/lib/python3.9/site-packages/airflow/example_dags/example_setup_teardown.py took 0.031 seconds
[2023-08-14T13:43:45.461+0300] {processor.py:157} INFO - Started process (PID=11739) to work on /home/soamariaka/.local/lib/python3.9/site-packages/airflow/example_dags/example_setup_teardown.py
[2023-08-14T13:43:45.463+0300] {processor.py:826} INFO - Processing file /home/soamariaka/.local/lib/python3.9/site-packages/airflow/example_dags/example_setup_teardown.py for tasks to queue
[2023-08-14T13:43:45.464+0300] {logging_mixin.py:150} INFO - [2023-08-14T13:43:45.464+0300] {dagbag.py:541} INFO - Filling up the DagBag from /home/soamariaka/.local/lib/python3.9/site-packages/airflow/example_dags/example_setup_teardown.py
[2023-08-14T13:43:45.468+0300] {processor.py:838} WARNING - No viable dags retrieved from /home/soamariaka/.local/lib/python3.9/site-packages/airflow/example_dags/example_setup_teardown.py
[2023-08-14T13:43:45.485+0300] {processor.py:179} INFO - Processing /home/soamariaka/.local/lib/python3.9/site-packages/airflow/example_dags/example_setup_teardown.py took 0.030 seconds
[2023-08-14T13:44:49.600+0300] {processor.py:157} INFO - Started process (PID=11792) to work on /home/soamariaka/.local/lib/python3.9/site-packages/airflow/example_dags/example_setup_teardown.py
[2023-08-14T13:44:49.601+0300] {processor.py:826} INFO - Processing file /home/soamariaka/.local/lib/python3.9/site-packages/airflow/example_dags/example_setup_teardown.py for tasks to queue
[2023-08-14T13:44:49.603+0300] {logging_mixin.py:150} INFO - [2023-08-14T13:44:49.602+0300] {dagbag.py:541} INFO - Filling up the DagBag from /home/soamariaka/.local/lib/python3.9/site-packages/airflow/example_dags/example_setup_teardown.py
[2023-08-14T13:44:49.607+0300] {processor.py:838} WARNING - No viable dags retrieved from /home/soamariaka/.local/lib/python3.9/site-packages/airflow/example_dags/example_setup_teardown.py
[2023-08-14T13:44:49.622+0300] {processor.py:179} INFO - Processing /home/soamariaka/.local/lib/python3.9/site-packages/airflow/example_dags/example_setup_teardown.py took 0.028 seconds
[2023-08-14T13:45:54.973+0300] {processor.py:157} INFO - Started process (PID=11903) to work on /home/soamariaka/.local/lib/python3.9/site-packages/airflow/example_dags/example_setup_teardown.py
[2023-08-14T13:45:54.987+0300] {processor.py:826} INFO - Processing file /home/soamariaka/.local/lib/python3.9/site-packages/airflow/example_dags/example_setup_teardown.py for tasks to queue
[2023-08-14T13:45:54.988+0300] {logging_mixin.py:150} INFO - [2023-08-14T13:45:54.988+0300] {dagbag.py:541} INFO - Filling up the DagBag from /home/soamariaka/.local/lib/python3.9/site-packages/airflow/example_dags/example_setup_teardown.py
[2023-08-14T13:45:54.992+0300] {processor.py:838} WARNING - No viable dags retrieved from /home/soamariaka/.local/lib/python3.9/site-packages/airflow/example_dags/example_setup_teardown.py
[2023-08-14T13:45:55.010+0300] {processor.py:179} INFO - Processing /home/soamariaka/.local/lib/python3.9/site-packages/airflow/example_dags/example_setup_teardown.py took 0.042 seconds
[2023-08-14T13:46:58.344+0300] {processor.py:157} INFO - Started process (PID=11958) to work on /home/soamariaka/.local/lib/python3.9/site-packages/airflow/example_dags/example_setup_teardown.py
[2023-08-14T13:46:58.347+0300] {processor.py:826} INFO - Processing file /home/soamariaka/.local/lib/python3.9/site-packages/airflow/example_dags/example_setup_teardown.py for tasks to queue
[2023-08-14T13:46:58.348+0300] {logging_mixin.py:150} INFO - [2023-08-14T13:46:58.348+0300] {dagbag.py:541} INFO - Filling up the DagBag from /home/soamariaka/.local/lib/python3.9/site-packages/airflow/example_dags/example_setup_teardown.py
[2023-08-14T13:46:58.352+0300] {processor.py:838} WARNING - No viable dags retrieved from /home/soamariaka/.local/lib/python3.9/site-packages/airflow/example_dags/example_setup_teardown.py
[2023-08-14T13:46:58.370+0300] {processor.py:179} INFO - Processing /home/soamariaka/.local/lib/python3.9/site-packages/airflow/example_dags/example_setup_teardown.py took 0.031 seconds
[2023-08-14T13:48:01.624+0300] {processor.py:157} INFO - Started process (PID=12021) to work on /home/soamariaka/.local/lib/python3.9/site-packages/airflow/example_dags/example_setup_teardown.py
[2023-08-14T13:48:01.654+0300] {processor.py:826} INFO - Processing file /home/soamariaka/.local/lib/python3.9/site-packages/airflow/example_dags/example_setup_teardown.py for tasks to queue
[2023-08-14T13:48:01.656+0300] {logging_mixin.py:150} INFO - [2023-08-14T13:48:01.655+0300] {dagbag.py:541} INFO - Filling up the DagBag from /home/soamariaka/.local/lib/python3.9/site-packages/airflow/example_dags/example_setup_teardown.py
[2023-08-14T13:48:01.659+0300] {processor.py:838} WARNING - No viable dags retrieved from /home/soamariaka/.local/lib/python3.9/site-packages/airflow/example_dags/example_setup_teardown.py
[2023-08-14T13:48:01.675+0300] {processor.py:179} INFO - Processing /home/soamariaka/.local/lib/python3.9/site-packages/airflow/example_dags/example_setup_teardown.py took 0.055 seconds
[2023-08-14T13:49:03.875+0300] {processor.py:157} INFO - Started process (PID=12115) to work on /home/soamariaka/.local/lib/python3.9/site-packages/airflow/example_dags/example_setup_teardown.py
[2023-08-14T13:49:03.877+0300] {processor.py:826} INFO - Processing file /home/soamariaka/.local/lib/python3.9/site-packages/airflow/example_dags/example_setup_teardown.py for tasks to queue
[2023-08-14T13:49:03.879+0300] {logging_mixin.py:150} INFO - [2023-08-14T13:49:03.878+0300] {dagbag.py:541} INFO - Filling up the DagBag from /home/soamariaka/.local/lib/python3.9/site-packages/airflow/example_dags/example_setup_teardown.py
[2023-08-14T13:49:03.882+0300] {processor.py:838} WARNING - No viable dags retrieved from /home/soamariaka/.local/lib/python3.9/site-packages/airflow/example_dags/example_setup_teardown.py
[2023-08-14T13:49:03.896+0300] {processor.py:179} INFO - Processing /home/soamariaka/.local/lib/python3.9/site-packages/airflow/example_dags/example_setup_teardown.py took 0.026 seconds
[2023-08-14T13:50:06.393+0300] {processor.py:157} INFO - Started process (PID=12190) to work on /home/soamariaka/.local/lib/python3.9/site-packages/airflow/example_dags/example_setup_teardown.py
[2023-08-14T13:50:06.419+0300] {processor.py:826} INFO - Processing file /home/soamariaka/.local/lib/python3.9/site-packages/airflow/example_dags/example_setup_teardown.py for tasks to queue
[2023-08-14T13:50:06.420+0300] {logging_mixin.py:150} INFO - [2023-08-14T13:50:06.420+0300] {dagbag.py:541} INFO - Filling up the DagBag from /home/soamariaka/.local/lib/python3.9/site-packages/airflow/example_dags/example_setup_teardown.py
[2023-08-14T13:50:06.424+0300] {processor.py:838} WARNING - No viable dags retrieved from /home/soamariaka/.local/lib/python3.9/site-packages/airflow/example_dags/example_setup_teardown.py
[2023-08-14T13:50:06.443+0300] {processor.py:179} INFO - Processing /home/soamariaka/.local/lib/python3.9/site-packages/airflow/example_dags/example_setup_teardown.py took 0.055 seconds
[2023-08-14T13:51:12.445+0300] {processor.py:157} INFO - Started process (PID=12249) to work on /home/soamariaka/.local/lib/python3.9/site-packages/airflow/example_dags/example_setup_teardown.py
[2023-08-14T13:51:12.447+0300] {processor.py:826} INFO - Processing file /home/soamariaka/.local/lib/python3.9/site-packages/airflow/example_dags/example_setup_teardown.py for tasks to queue
[2023-08-14T13:51:12.448+0300] {logging_mixin.py:150} INFO - [2023-08-14T13:51:12.447+0300] {dagbag.py:541} INFO - Filling up the DagBag from /home/soamariaka/.local/lib/python3.9/site-packages/airflow/example_dags/example_setup_teardown.py
[2023-08-14T13:51:12.452+0300] {processor.py:838} WARNING - No viable dags retrieved from /home/soamariaka/.local/lib/python3.9/site-packages/airflow/example_dags/example_setup_teardown.py
[2023-08-14T13:51:12.469+0300] {processor.py:179} INFO - Processing /home/soamariaka/.local/lib/python3.9/site-packages/airflow/example_dags/example_setup_teardown.py took 0.030 seconds
[2023-08-14T13:52:14.277+0300] {processor.py:157} INFO - Started process (PID=12341) to work on /home/soamariaka/.local/lib/python3.9/site-packages/airflow/example_dags/example_setup_teardown.py
[2023-08-14T13:52:14.279+0300] {processor.py:826} INFO - Processing file /home/soamariaka/.local/lib/python3.9/site-packages/airflow/example_dags/example_setup_teardown.py for tasks to queue
[2023-08-14T13:52:14.281+0300] {logging_mixin.py:150} INFO - [2023-08-14T13:52:14.280+0300] {dagbag.py:541} INFO - Filling up the DagBag from /home/soamariaka/.local/lib/python3.9/site-packages/airflow/example_dags/example_setup_teardown.py
[2023-08-14T13:52:14.285+0300] {processor.py:838} WARNING - No viable dags retrieved from /home/soamariaka/.local/lib/python3.9/site-packages/airflow/example_dags/example_setup_teardown.py
[2023-08-14T13:52:14.303+0300] {processor.py:179} INFO - Processing /home/soamariaka/.local/lib/python3.9/site-packages/airflow/example_dags/example_setup_teardown.py took 0.032 seconds
[2023-08-14T13:53:19.445+0300] {processor.py:157} INFO - Started process (PID=12402) to work on /home/soamariaka/.local/lib/python3.9/site-packages/airflow/example_dags/example_setup_teardown.py
[2023-08-14T13:53:19.446+0300] {processor.py:826} INFO - Processing file /home/soamariaka/.local/lib/python3.9/site-packages/airflow/example_dags/example_setup_teardown.py for tasks to queue
[2023-08-14T13:53:19.448+0300] {logging_mixin.py:150} INFO - [2023-08-14T13:53:19.447+0300] {dagbag.py:541} INFO - Filling up the DagBag from /home/soamariaka/.local/lib/python3.9/site-packages/airflow/example_dags/example_setup_teardown.py
[2023-08-14T13:53:19.451+0300] {processor.py:838} WARNING - No viable dags retrieved from /home/soamariaka/.local/lib/python3.9/site-packages/airflow/example_dags/example_setup_teardown.py
[2023-08-14T13:53:19.470+0300] {processor.py:179} INFO - Processing /home/soamariaka/.local/lib/python3.9/site-packages/airflow/example_dags/example_setup_teardown.py took 0.031 seconds
[2023-08-14T13:54:22.754+0300] {processor.py:157} INFO - Started process (PID=12458) to work on /home/soamariaka/.local/lib/python3.9/site-packages/airflow/example_dags/example_setup_teardown.py
[2023-08-14T13:54:22.782+0300] {processor.py:826} INFO - Processing file /home/soamariaka/.local/lib/python3.9/site-packages/airflow/example_dags/example_setup_teardown.py for tasks to queue
[2023-08-14T13:54:22.783+0300] {logging_mixin.py:150} INFO - [2023-08-14T13:54:22.783+0300] {dagbag.py:541} INFO - Filling up the DagBag from /home/soamariaka/.local/lib/python3.9/site-packages/airflow/example_dags/example_setup_teardown.py
[2023-08-14T13:54:22.787+0300] {processor.py:838} WARNING - No viable dags retrieved from /home/soamariaka/.local/lib/python3.9/site-packages/airflow/example_dags/example_setup_teardown.py
[2023-08-14T13:54:22.806+0300] {processor.py:179} INFO - Processing /home/soamariaka/.local/lib/python3.9/site-packages/airflow/example_dags/example_setup_teardown.py took 0.058 seconds
[2023-08-14T13:55:30.436+0300] {processor.py:157} INFO - Started process (PID=12572) to work on /home/soamariaka/.local/lib/python3.9/site-packages/airflow/example_dags/example_setup_teardown.py
[2023-08-14T13:55:30.440+0300] {processor.py:826} INFO - Processing file /home/soamariaka/.local/lib/python3.9/site-packages/airflow/example_dags/example_setup_teardown.py for tasks to queue
[2023-08-14T13:55:30.442+0300] {logging_mixin.py:150} INFO - [2023-08-14T13:55:30.441+0300] {dagbag.py:541} INFO - Filling up the DagBag from /home/soamariaka/.local/lib/python3.9/site-packages/airflow/example_dags/example_setup_teardown.py
[2023-08-14T13:55:30.446+0300] {processor.py:838} WARNING - No viable dags retrieved from /home/soamariaka/.local/lib/python3.9/site-packages/airflow/example_dags/example_setup_teardown.py
[2023-08-14T13:55:30.464+0300] {processor.py:179} INFO - Processing /home/soamariaka/.local/lib/python3.9/site-packages/airflow/example_dags/example_setup_teardown.py took 0.034 seconds
[2023-08-14T13:56:38.191+0300] {processor.py:157} INFO - Started process (PID=12656) to work on /home/soamariaka/.local/lib/python3.9/site-packages/airflow/example_dags/example_setup_teardown.py
[2023-08-14T13:56:38.206+0300] {processor.py:826} INFO - Processing file /home/soamariaka/.local/lib/python3.9/site-packages/airflow/example_dags/example_setup_teardown.py for tasks to queue
[2023-08-14T13:56:38.208+0300] {logging_mixin.py:150} INFO - [2023-08-14T13:56:38.207+0300] {dagbag.py:541} INFO - Filling up the DagBag from /home/soamariaka/.local/lib/python3.9/site-packages/airflow/example_dags/example_setup_teardown.py
[2023-08-14T13:56:38.212+0300] {processor.py:838} WARNING - No viable dags retrieved from /home/soamariaka/.local/lib/python3.9/site-packages/airflow/example_dags/example_setup_teardown.py
[2023-08-14T13:56:38.227+0300] {processor.py:179} INFO - Processing /home/soamariaka/.local/lib/python3.9/site-packages/airflow/example_dags/example_setup_teardown.py took 0.042 seconds
[2023-08-14T13:57:46.057+0300] {processor.py:157} INFO - Started process (PID=12716) to work on /home/soamariaka/.local/lib/python3.9/site-packages/airflow/example_dags/example_setup_teardown.py
[2023-08-14T13:57:46.083+0300] {processor.py:826} INFO - Processing file /home/soamariaka/.local/lib/python3.9/site-packages/airflow/example_dags/example_setup_teardown.py for tasks to queue
[2023-08-14T13:57:46.100+0300] {logging_mixin.py:150} INFO - [2023-08-14T13:57:46.099+0300] {dagbag.py:541} INFO - Filling up the DagBag from /home/soamariaka/.local/lib/python3.9/site-packages/airflow/example_dags/example_setup_teardown.py
[2023-08-14T13:57:46.104+0300] {processor.py:838} WARNING - No viable dags retrieved from /home/soamariaka/.local/lib/python3.9/site-packages/airflow/example_dags/example_setup_teardown.py
[2023-08-14T13:57:46.124+0300] {processor.py:179} INFO - Processing /home/soamariaka/.local/lib/python3.9/site-packages/airflow/example_dags/example_setup_teardown.py took 0.073 seconds
[2023-08-14T13:58:48.733+0300] {processor.py:157} INFO - Started process (PID=12807) to work on /home/soamariaka/.local/lib/python3.9/site-packages/airflow/example_dags/example_setup_teardown.py
[2023-08-14T13:58:48.759+0300] {processor.py:826} INFO - Processing file /home/soamariaka/.local/lib/python3.9/site-packages/airflow/example_dags/example_setup_teardown.py for tasks to queue
[2023-08-14T13:58:48.761+0300] {logging_mixin.py:150} INFO - [2023-08-14T13:58:48.760+0300] {dagbag.py:541} INFO - Filling up the DagBag from /home/soamariaka/.local/lib/python3.9/site-packages/airflow/example_dags/example_setup_teardown.py
[2023-08-14T13:58:48.765+0300] {processor.py:838} WARNING - No viable dags retrieved from /home/soamariaka/.local/lib/python3.9/site-packages/airflow/example_dags/example_setup_teardown.py
[2023-08-14T13:58:48.784+0300] {processor.py:179} INFO - Processing /home/soamariaka/.local/lib/python3.9/site-packages/airflow/example_dags/example_setup_teardown.py took 0.056 seconds
[2023-08-14T13:59:50.966+0300] {processor.py:157} INFO - Started process (PID=12864) to work on /home/soamariaka/.local/lib/python3.9/site-packages/airflow/example_dags/example_setup_teardown.py
[2023-08-14T13:59:50.969+0300] {processor.py:826} INFO - Processing file /home/soamariaka/.local/lib/python3.9/site-packages/airflow/example_dags/example_setup_teardown.py for tasks to queue
[2023-08-14T13:59:50.971+0300] {logging_mixin.py:150} INFO - [2023-08-14T13:59:50.970+0300] {dagbag.py:541} INFO - Filling up the DagBag from /home/soamariaka/.local/lib/python3.9/site-packages/airflow/example_dags/example_setup_teardown.py
[2023-08-14T13:59:50.974+0300] {processor.py:838} WARNING - No viable dags retrieved from /home/soamariaka/.local/lib/python3.9/site-packages/airflow/example_dags/example_setup_teardown.py
[2023-08-14T13:59:50.992+0300] {processor.py:179} INFO - Processing /home/soamariaka/.local/lib/python3.9/site-packages/airflow/example_dags/example_setup_teardown.py took 0.031 seconds
[2023-08-14T14:00:52.557+0300] {processor.py:157} INFO - Started process (PID=12945) to work on /home/soamariaka/.local/lib/python3.9/site-packages/airflow/example_dags/example_setup_teardown.py
[2023-08-14T14:00:52.559+0300] {processor.py:826} INFO - Processing file /home/soamariaka/.local/lib/python3.9/site-packages/airflow/example_dags/example_setup_teardown.py for tasks to queue
[2023-08-14T14:00:52.561+0300] {logging_mixin.py:150} INFO - [2023-08-14T14:00:52.560+0300] {dagbag.py:541} INFO - Filling up the DagBag from /home/soamariaka/.local/lib/python3.9/site-packages/airflow/example_dags/example_setup_teardown.py
[2023-08-14T14:00:52.564+0300] {processor.py:838} WARNING - No viable dags retrieved from /home/soamariaka/.local/lib/python3.9/site-packages/airflow/example_dags/example_setup_teardown.py
[2023-08-14T14:00:52.583+0300] {processor.py:179} INFO - Processing /home/soamariaka/.local/lib/python3.9/site-packages/airflow/example_dags/example_setup_teardown.py took 0.031 seconds
[2023-08-14T14:02:01.489+0300] {processor.py:157} INFO - Started process (PID=13029) to work on /home/soamariaka/.local/lib/python3.9/site-packages/airflow/example_dags/example_setup_teardown.py
[2023-08-14T14:02:01.681+0300] {processor.py:826} INFO - Processing file /home/soamariaka/.local/lib/python3.9/site-packages/airflow/example_dags/example_setup_teardown.py for tasks to queue
[2023-08-14T14:02:01.683+0300] {logging_mixin.py:150} INFO - [2023-08-14T14:02:01.683+0300] {dagbag.py:541} INFO - Filling up the DagBag from /home/soamariaka/.local/lib/python3.9/site-packages/airflow/example_dags/example_setup_teardown.py
[2023-08-14T14:02:01.687+0300] {processor.py:838} WARNING - No viable dags retrieved from /home/soamariaka/.local/lib/python3.9/site-packages/airflow/example_dags/example_setup_teardown.py
[2023-08-14T14:02:01.706+0300] {processor.py:179} INFO - Processing /home/soamariaka/.local/lib/python3.9/site-packages/airflow/example_dags/example_setup_teardown.py took 0.222 seconds
[2023-08-14T14:04:32.147+0300] {processor.py:157} INFO - Started process (PID=13720) to work on /home/soamariaka/.local/lib/python3.9/site-packages/airflow/example_dags/example_setup_teardown.py
[2023-08-14T14:04:32.189+0300] {processor.py:826} INFO - Processing file /home/soamariaka/.local/lib/python3.9/site-packages/airflow/example_dags/example_setup_teardown.py for tasks to queue
[2023-08-14T14:04:32.192+0300] {logging_mixin.py:150} INFO - [2023-08-14T14:04:32.191+0300] {dagbag.py:541} INFO - Filling up the DagBag from /home/soamariaka/.local/lib/python3.9/site-packages/airflow/example_dags/example_setup_teardown.py
[2023-08-14T14:04:32.197+0300] {processor.py:838} WARNING - No viable dags retrieved from /home/soamariaka/.local/lib/python3.9/site-packages/airflow/example_dags/example_setup_teardown.py
[2023-08-14T14:04:32.219+0300] {processor.py:179} INFO - Processing /home/soamariaka/.local/lib/python3.9/site-packages/airflow/example_dags/example_setup_teardown.py took 0.076 seconds
[2023-08-14T14:06:04.234+0300] {processor.py:157} INFO - Started process (PID=13813) to work on /home/soamariaka/.local/lib/python3.9/site-packages/airflow/example_dags/example_setup_teardown.py
[2023-08-14T14:06:04.235+0300] {processor.py:826} INFO - Processing file /home/soamariaka/.local/lib/python3.9/site-packages/airflow/example_dags/example_setup_teardown.py for tasks to queue
[2023-08-14T14:06:04.237+0300] {logging_mixin.py:150} INFO - [2023-08-14T14:06:04.236+0300] {dagbag.py:541} INFO - Filling up the DagBag from /home/soamariaka/.local/lib/python3.9/site-packages/airflow/example_dags/example_setup_teardown.py
[2023-08-14T14:06:04.241+0300] {processor.py:838} WARNING - No viable dags retrieved from /home/soamariaka/.local/lib/python3.9/site-packages/airflow/example_dags/example_setup_teardown.py
[2023-08-14T14:06:04.258+0300] {processor.py:179} INFO - Processing /home/soamariaka/.local/lib/python3.9/site-packages/airflow/example_dags/example_setup_teardown.py took 0.030 seconds
[2023-08-14T14:07:13.686+0300] {processor.py:157} INFO - Started process (PID=13892) to work on /home/soamariaka/.local/lib/python3.9/site-packages/airflow/example_dags/example_setup_teardown.py
[2023-08-14T14:07:13.687+0300] {processor.py:826} INFO - Processing file /home/soamariaka/.local/lib/python3.9/site-packages/airflow/example_dags/example_setup_teardown.py for tasks to queue
[2023-08-14T14:07:13.689+0300] {logging_mixin.py:150} INFO - [2023-08-14T14:07:13.688+0300] {dagbag.py:541} INFO - Filling up the DagBag from /home/soamariaka/.local/lib/python3.9/site-packages/airflow/example_dags/example_setup_teardown.py
[2023-08-14T14:07:13.692+0300] {processor.py:838} WARNING - No viable dags retrieved from /home/soamariaka/.local/lib/python3.9/site-packages/airflow/example_dags/example_setup_teardown.py
[2023-08-14T14:07:13.708+0300] {processor.py:179} INFO - Processing /home/soamariaka/.local/lib/python3.9/site-packages/airflow/example_dags/example_setup_teardown.py took 0.027 seconds
[2023-08-14T14:09:23.220+0300] {processor.py:157} INFO - Started process (PID=14087) to work on /home/soamariaka/.local/lib/python3.9/site-packages/airflow/example_dags/example_setup_teardown.py
[2023-08-14T14:09:23.221+0300] {processor.py:826} INFO - Processing file /home/soamariaka/.local/lib/python3.9/site-packages/airflow/example_dags/example_setup_teardown.py for tasks to queue
[2023-08-14T14:09:23.223+0300] {logging_mixin.py:150} INFO - [2023-08-14T14:09:23.222+0300] {dagbag.py:541} INFO - Filling up the DagBag from /home/soamariaka/.local/lib/python3.9/site-packages/airflow/example_dags/example_setup_teardown.py
[2023-08-14T14:09:23.226+0300] {processor.py:838} WARNING - No viable dags retrieved from /home/soamariaka/.local/lib/python3.9/site-packages/airflow/example_dags/example_setup_teardown.py
[2023-08-14T14:09:23.243+0300] {processor.py:179} INFO - Processing /home/soamariaka/.local/lib/python3.9/site-packages/airflow/example_dags/example_setup_teardown.py took 0.029 seconds
[2023-08-14T14:10:59.626+0300] {processor.py:157} INFO - Started process (PID=14973) to work on /home/soamariaka/.local/lib/python3.9/site-packages/airflow/example_dags/example_setup_teardown.py
[2023-08-14T14:10:59.648+0300] {processor.py:826} INFO - Processing file /home/soamariaka/.local/lib/python3.9/site-packages/airflow/example_dags/example_setup_teardown.py for tasks to queue
[2023-08-14T14:10:59.650+0300] {logging_mixin.py:150} INFO - [2023-08-14T14:10:59.649+0300] {dagbag.py:541} INFO - Filling up the DagBag from /home/soamariaka/.local/lib/python3.9/site-packages/airflow/example_dags/example_setup_teardown.py
[2023-08-14T14:10:59.653+0300] {processor.py:838} WARNING - No viable dags retrieved from /home/soamariaka/.local/lib/python3.9/site-packages/airflow/example_dags/example_setup_teardown.py
[2023-08-14T14:10:59.672+0300] {processor.py:179} INFO - Processing /home/soamariaka/.local/lib/python3.9/site-packages/airflow/example_dags/example_setup_teardown.py took 0.051 seconds
[2023-08-14T14:12:03.512+0300] {processor.py:157} INFO - Started process (PID=15121) to work on /home/soamariaka/.local/lib/python3.9/site-packages/airflow/example_dags/example_setup_teardown.py
[2023-08-14T14:12:03.514+0300] {processor.py:826} INFO - Processing file /home/soamariaka/.local/lib/python3.9/site-packages/airflow/example_dags/example_setup_teardown.py for tasks to queue
[2023-08-14T14:12:03.515+0300] {logging_mixin.py:150} INFO - [2023-08-14T14:12:03.515+0300] {dagbag.py:541} INFO - Filling up the DagBag from /home/soamariaka/.local/lib/python3.9/site-packages/airflow/example_dags/example_setup_teardown.py
[2023-08-14T14:12:03.518+0300] {processor.py:838} WARNING - No viable dags retrieved from /home/soamariaka/.local/lib/python3.9/site-packages/airflow/example_dags/example_setup_teardown.py
[2023-08-14T14:12:03.533+0300] {processor.py:179} INFO - Processing /home/soamariaka/.local/lib/python3.9/site-packages/airflow/example_dags/example_setup_teardown.py took 0.025 seconds
[2023-08-14T14:13:01.187+0300] {processor.py:157} INFO - Started process (PID=15228) to work on /home/soamariaka/.local/lib/python3.9/site-packages/airflow/example_dags/example_setup_teardown.py
[2023-08-14T14:13:01.189+0300] {processor.py:826} INFO - Processing file /home/soamariaka/.local/lib/python3.9/site-packages/airflow/example_dags/example_setup_teardown.py for tasks to queue
[2023-08-14T14:13:01.191+0300] {logging_mixin.py:150} INFO - [2023-08-14T14:13:01.190+0300] {dagbag.py:541} INFO - Filling up the DagBag from /home/soamariaka/.local/lib/python3.9/site-packages/airflow/example_dags/example_setup_teardown.py
[2023-08-14T14:13:01.195+0300] {processor.py:838} WARNING - No viable dags retrieved from /home/soamariaka/.local/lib/python3.9/site-packages/airflow/example_dags/example_setup_teardown.py
[2023-08-14T14:13:01.215+0300] {processor.py:179} INFO - Processing /home/soamariaka/.local/lib/python3.9/site-packages/airflow/example_dags/example_setup_teardown.py took 0.034 seconds
[2023-08-14T14:14:05.969+0300] {processor.py:157} INFO - Started process (PID=15342) to work on /home/soamariaka/.local/lib/python3.9/site-packages/airflow/example_dags/example_setup_teardown.py
[2023-08-14T14:14:05.973+0300] {processor.py:826} INFO - Processing file /home/soamariaka/.local/lib/python3.9/site-packages/airflow/example_dags/example_setup_teardown.py for tasks to queue
[2023-08-14T14:14:05.974+0300] {logging_mixin.py:150} INFO - [2023-08-14T14:14:05.974+0300] {dagbag.py:541} INFO - Filling up the DagBag from /home/soamariaka/.local/lib/python3.9/site-packages/airflow/example_dags/example_setup_teardown.py
[2023-08-14T14:14:05.977+0300] {processor.py:838} WARNING - No viable dags retrieved from /home/soamariaka/.local/lib/python3.9/site-packages/airflow/example_dags/example_setup_teardown.py
[2023-08-14T14:14:05.992+0300] {processor.py:179} INFO - Processing /home/soamariaka/.local/lib/python3.9/site-packages/airflow/example_dags/example_setup_teardown.py took 0.029 seconds
[2023-08-14T14:15:08.653+0300] {processor.py:157} INFO - Started process (PID=15422) to work on /home/soamariaka/.local/lib/python3.9/site-packages/airflow/example_dags/example_setup_teardown.py
[2023-08-14T14:15:08.671+0300] {processor.py:826} INFO - Processing file /home/soamariaka/.local/lib/python3.9/site-packages/airflow/example_dags/example_setup_teardown.py for tasks to queue
[2023-08-14T14:15:08.674+0300] {logging_mixin.py:150} INFO - [2023-08-14T14:15:08.673+0300] {dagbag.py:541} INFO - Filling up the DagBag from /home/soamariaka/.local/lib/python3.9/site-packages/airflow/example_dags/example_setup_teardown.py
[2023-08-14T14:15:08.678+0300] {processor.py:838} WARNING - No viable dags retrieved from /home/soamariaka/.local/lib/python3.9/site-packages/airflow/example_dags/example_setup_teardown.py
[2023-08-14T14:15:08.696+0300] {processor.py:179} INFO - Processing /home/soamariaka/.local/lib/python3.9/site-packages/airflow/example_dags/example_setup_teardown.py took 0.047 seconds
[2023-08-14T14:16:09.625+0300] {processor.py:157} INFO - Started process (PID=15610) to work on /home/soamariaka/.local/lib/python3.9/site-packages/airflow/example_dags/example_setup_teardown.py
[2023-08-14T14:16:09.627+0300] {processor.py:826} INFO - Processing file /home/soamariaka/.local/lib/python3.9/site-packages/airflow/example_dags/example_setup_teardown.py for tasks to queue
[2023-08-14T14:16:09.629+0300] {logging_mixin.py:150} INFO - [2023-08-14T14:16:09.628+0300] {dagbag.py:541} INFO - Filling up the DagBag from /home/soamariaka/.local/lib/python3.9/site-packages/airflow/example_dags/example_setup_teardown.py
[2023-08-14T14:16:09.633+0300] {processor.py:838} WARNING - No viable dags retrieved from /home/soamariaka/.local/lib/python3.9/site-packages/airflow/example_dags/example_setup_teardown.py
[2023-08-14T14:16:09.650+0300] {processor.py:179} INFO - Processing /home/soamariaka/.local/lib/python3.9/site-packages/airflow/example_dags/example_setup_teardown.py took 0.030 seconds
[2023-08-14T14:17:13.564+0300] {processor.py:157} INFO - Started process (PID=15699) to work on /home/soamariaka/.local/lib/python3.9/site-packages/airflow/example_dags/example_setup_teardown.py
[2023-08-14T14:17:13.567+0300] {processor.py:826} INFO - Processing file /home/soamariaka/.local/lib/python3.9/site-packages/airflow/example_dags/example_setup_teardown.py for tasks to queue
[2023-08-14T14:17:13.568+0300] {logging_mixin.py:150} INFO - [2023-08-14T14:17:13.568+0300] {dagbag.py:541} INFO - Filling up the DagBag from /home/soamariaka/.local/lib/python3.9/site-packages/airflow/example_dags/example_setup_teardown.py
[2023-08-14T14:17:13.572+0300] {processor.py:838} WARNING - No viable dags retrieved from /home/soamariaka/.local/lib/python3.9/site-packages/airflow/example_dags/example_setup_teardown.py
[2023-08-14T14:17:13.589+0300] {processor.py:179} INFO - Processing /home/soamariaka/.local/lib/python3.9/site-packages/airflow/example_dags/example_setup_teardown.py took 0.030 seconds
[2023-08-14T14:18:41.805+0300] {processor.py:157} INFO - Started process (PID=15908) to work on /home/soamariaka/.local/lib/python3.9/site-packages/airflow/example_dags/example_setup_teardown.py
[2023-08-14T14:18:41.842+0300] {processor.py:826} INFO - Processing file /home/soamariaka/.local/lib/python3.9/site-packages/airflow/example_dags/example_setup_teardown.py for tasks to queue
[2023-08-14T14:18:41.844+0300] {logging_mixin.py:150} INFO - [2023-08-14T14:18:41.843+0300] {dagbag.py:541} INFO - Filling up the DagBag from /home/soamariaka/.local/lib/python3.9/site-packages/airflow/example_dags/example_setup_teardown.py
[2023-08-14T14:18:41.847+0300] {processor.py:838} WARNING - No viable dags retrieved from /home/soamariaka/.local/lib/python3.9/site-packages/airflow/example_dags/example_setup_teardown.py
[2023-08-14T14:18:41.865+0300] {processor.py:179} INFO - Processing /home/soamariaka/.local/lib/python3.9/site-packages/airflow/example_dags/example_setup_teardown.py took 0.066 seconds
[2023-08-14T14:19:40.498+0300] {processor.py:157} INFO - Started process (PID=15963) to work on /home/soamariaka/.local/lib/python3.9/site-packages/airflow/example_dags/example_setup_teardown.py
[2023-08-14T14:19:40.552+0300] {processor.py:826} INFO - Processing file /home/soamariaka/.local/lib/python3.9/site-packages/airflow/example_dags/example_setup_teardown.py for tasks to queue
[2023-08-14T14:19:40.554+0300] {logging_mixin.py:150} INFO - [2023-08-14T14:19:40.553+0300] {dagbag.py:541} INFO - Filling up the DagBag from /home/soamariaka/.local/lib/python3.9/site-packages/airflow/example_dags/example_setup_teardown.py
[2023-08-14T14:19:40.557+0300] {processor.py:838} WARNING - No viable dags retrieved from /home/soamariaka/.local/lib/python3.9/site-packages/airflow/example_dags/example_setup_teardown.py
[2023-08-14T14:19:40.575+0300] {processor.py:179} INFO - Processing /home/soamariaka/.local/lib/python3.9/site-packages/airflow/example_dags/example_setup_teardown.py took 0.083 seconds
[2023-08-14T14:21:15.738+0300] {processor.py:157} INFO - Started process (PID=16077) to work on /home/soamariaka/.local/lib/python3.9/site-packages/airflow/example_dags/example_setup_teardown.py
[2023-08-14T14:21:15.739+0300] {processor.py:826} INFO - Processing file /home/soamariaka/.local/lib/python3.9/site-packages/airflow/example_dags/example_setup_teardown.py for tasks to queue
[2023-08-14T14:21:15.740+0300] {logging_mixin.py:150} INFO - [2023-08-14T14:21:15.740+0300] {dagbag.py:541} INFO - Filling up the DagBag from /home/soamariaka/.local/lib/python3.9/site-packages/airflow/example_dags/example_setup_teardown.py
[2023-08-14T14:21:15.743+0300] {processor.py:838} WARNING - No viable dags retrieved from /home/soamariaka/.local/lib/python3.9/site-packages/airflow/example_dags/example_setup_teardown.py
[2023-08-14T14:21:15.758+0300] {processor.py:179} INFO - Processing /home/soamariaka/.local/lib/python3.9/site-packages/airflow/example_dags/example_setup_teardown.py took 0.025 seconds
[2023-08-14T14:22:24.297+0300] {processor.py:157} INFO - Started process (PID=16146) to work on /home/soamariaka/.local/lib/python3.9/site-packages/airflow/example_dags/example_setup_teardown.py
[2023-08-14T14:22:24.326+0300] {processor.py:826} INFO - Processing file /home/soamariaka/.local/lib/python3.9/site-packages/airflow/example_dags/example_setup_teardown.py for tasks to queue
[2023-08-14T14:22:24.327+0300] {logging_mixin.py:150} INFO - [2023-08-14T14:22:24.327+0300] {dagbag.py:541} INFO - Filling up the DagBag from /home/soamariaka/.local/lib/python3.9/site-packages/airflow/example_dags/example_setup_teardown.py
[2023-08-14T14:22:24.331+0300] {processor.py:838} WARNING - No viable dags retrieved from /home/soamariaka/.local/lib/python3.9/site-packages/airflow/example_dags/example_setup_teardown.py
[2023-08-14T14:22:24.349+0300] {processor.py:179} INFO - Processing /home/soamariaka/.local/lib/python3.9/site-packages/airflow/example_dags/example_setup_teardown.py took 0.057 seconds
[2023-08-14T14:23:25.512+0300] {processor.py:157} INFO - Started process (PID=16211) to work on /home/soamariaka/.local/lib/python3.9/site-packages/airflow/example_dags/example_setup_teardown.py
[2023-08-14T14:23:25.546+0300] {processor.py:826} INFO - Processing file /home/soamariaka/.local/lib/python3.9/site-packages/airflow/example_dags/example_setup_teardown.py for tasks to queue
[2023-08-14T14:23:25.548+0300] {logging_mixin.py:150} INFO - [2023-08-14T14:23:25.547+0300] {dagbag.py:541} INFO - Filling up the DagBag from /home/soamariaka/.local/lib/python3.9/site-packages/airflow/example_dags/example_setup_teardown.py
[2023-08-14T14:23:25.550+0300] {processor.py:838} WARNING - No viable dags retrieved from /home/soamariaka/.local/lib/python3.9/site-packages/airflow/example_dags/example_setup_teardown.py
[2023-08-14T14:23:25.565+0300] {processor.py:179} INFO - Processing /home/soamariaka/.local/lib/python3.9/site-packages/airflow/example_dags/example_setup_teardown.py took 0.058 seconds
[2023-08-14T14:24:23.789+0300] {processor.py:157} INFO - Started process (PID=16458) to work on /home/soamariaka/.local/lib/python3.9/site-packages/airflow/example_dags/example_setup_teardown.py
[2023-08-14T14:24:23.823+0300] {processor.py:826} INFO - Processing file /home/soamariaka/.local/lib/python3.9/site-packages/airflow/example_dags/example_setup_teardown.py for tasks to queue
[2023-08-14T14:24:23.825+0300] {logging_mixin.py:150} INFO - [2023-08-14T14:24:23.824+0300] {dagbag.py:541} INFO - Filling up the DagBag from /home/soamariaka/.local/lib/python3.9/site-packages/airflow/example_dags/example_setup_teardown.py
[2023-08-14T14:24:23.829+0300] {processor.py:838} WARNING - No viable dags retrieved from /home/soamariaka/.local/lib/python3.9/site-packages/airflow/example_dags/example_setup_teardown.py
[2023-08-14T14:24:23.847+0300] {processor.py:179} INFO - Processing /home/soamariaka/.local/lib/python3.9/site-packages/airflow/example_dags/example_setup_teardown.py took 0.063 seconds
[2023-08-14T14:25:20.930+0300] {processor.py:157} INFO - Started process (PID=16601) to work on /home/soamariaka/.local/lib/python3.9/site-packages/airflow/example_dags/example_setup_teardown.py
[2023-08-14T14:25:20.932+0300] {processor.py:826} INFO - Processing file /home/soamariaka/.local/lib/python3.9/site-packages/airflow/example_dags/example_setup_teardown.py for tasks to queue
[2023-08-14T14:25:20.934+0300] {logging_mixin.py:150} INFO - [2023-08-14T14:25:20.933+0300] {dagbag.py:541} INFO - Filling up the DagBag from /home/soamariaka/.local/lib/python3.9/site-packages/airflow/example_dags/example_setup_teardown.py
[2023-08-14T14:25:20.938+0300] {processor.py:838} WARNING - No viable dags retrieved from /home/soamariaka/.local/lib/python3.9/site-packages/airflow/example_dags/example_setup_teardown.py
[2023-08-14T14:25:20.955+0300] {processor.py:179} INFO - Processing /home/soamariaka/.local/lib/python3.9/site-packages/airflow/example_dags/example_setup_teardown.py took 0.031 seconds
[2023-08-14T14:26:24.077+0300] {processor.py:157} INFO - Started process (PID=16724) to work on /home/soamariaka/.local/lib/python3.9/site-packages/airflow/example_dags/example_setup_teardown.py
[2023-08-14T14:26:24.080+0300] {processor.py:826} INFO - Processing file /home/soamariaka/.local/lib/python3.9/site-packages/airflow/example_dags/example_setup_teardown.py for tasks to queue
[2023-08-14T14:26:24.081+0300] {logging_mixin.py:150} INFO - [2023-08-14T14:26:24.081+0300] {dagbag.py:541} INFO - Filling up the DagBag from /home/soamariaka/.local/lib/python3.9/site-packages/airflow/example_dags/example_setup_teardown.py
[2023-08-14T14:26:24.085+0300] {processor.py:838} WARNING - No viable dags retrieved from /home/soamariaka/.local/lib/python3.9/site-packages/airflow/example_dags/example_setup_teardown.py
[2023-08-14T14:26:24.103+0300] {processor.py:179} INFO - Processing /home/soamariaka/.local/lib/python3.9/site-packages/airflow/example_dags/example_setup_teardown.py took 0.031 seconds
[2023-08-14T14:27:21.869+0300] {processor.py:157} INFO - Started process (PID=16848) to work on /home/soamariaka/.local/lib/python3.9/site-packages/airflow/example_dags/example_setup_teardown.py
[2023-08-14T14:27:21.900+0300] {processor.py:826} INFO - Processing file /home/soamariaka/.local/lib/python3.9/site-packages/airflow/example_dags/example_setup_teardown.py for tasks to queue
[2023-08-14T14:27:21.902+0300] {logging_mixin.py:150} INFO - [2023-08-14T14:27:21.901+0300] {dagbag.py:541} INFO - Filling up the DagBag from /home/soamariaka/.local/lib/python3.9/site-packages/airflow/example_dags/example_setup_teardown.py
[2023-08-14T14:27:21.906+0300] {processor.py:838} WARNING - No viable dags retrieved from /home/soamariaka/.local/lib/python3.9/site-packages/airflow/example_dags/example_setup_teardown.py
[2023-08-14T14:27:21.922+0300] {processor.py:179} INFO - Processing /home/soamariaka/.local/lib/python3.9/site-packages/airflow/example_dags/example_setup_teardown.py took 0.059 seconds
[2023-08-14T14:28:26.077+0300] {processor.py:157} INFO - Started process (PID=16937) to work on /home/soamariaka/.local/lib/python3.9/site-packages/airflow/example_dags/example_setup_teardown.py
[2023-08-14T14:28:26.109+0300] {processor.py:826} INFO - Processing file /home/soamariaka/.local/lib/python3.9/site-packages/airflow/example_dags/example_setup_teardown.py for tasks to queue
[2023-08-14T14:28:26.110+0300] {logging_mixin.py:150} INFO - [2023-08-14T14:28:26.110+0300] {dagbag.py:541} INFO - Filling up the DagBag from /home/soamariaka/.local/lib/python3.9/site-packages/airflow/example_dags/example_setup_teardown.py
[2023-08-14T14:28:26.114+0300] {processor.py:838} WARNING - No viable dags retrieved from /home/soamariaka/.local/lib/python3.9/site-packages/airflow/example_dags/example_setup_teardown.py
[2023-08-14T14:28:26.132+0300] {processor.py:179} INFO - Processing /home/soamariaka/.local/lib/python3.9/site-packages/airflow/example_dags/example_setup_teardown.py took 0.061 seconds
[2023-08-14T14:29:26.250+0300] {processor.py:157} INFO - Started process (PID=17057) to work on /home/soamariaka/.local/lib/python3.9/site-packages/airflow/example_dags/example_setup_teardown.py
[2023-08-14T14:29:26.287+0300] {processor.py:826} INFO - Processing file /home/soamariaka/.local/lib/python3.9/site-packages/airflow/example_dags/example_setup_teardown.py for tasks to queue
[2023-08-14T14:29:26.288+0300] {logging_mixin.py:150} INFO - [2023-08-14T14:29:26.288+0300] {dagbag.py:541} INFO - Filling up the DagBag from /home/soamariaka/.local/lib/python3.9/site-packages/airflow/example_dags/example_setup_teardown.py
[2023-08-14T14:29:26.292+0300] {processor.py:838} WARNING - No viable dags retrieved from /home/soamariaka/.local/lib/python3.9/site-packages/airflow/example_dags/example_setup_teardown.py
[2023-08-14T14:29:26.310+0300] {processor.py:179} INFO - Processing /home/soamariaka/.local/lib/python3.9/site-packages/airflow/example_dags/example_setup_teardown.py took 0.066 seconds
[2023-08-14T14:30:21.459+0300] {processor.py:157} INFO - Started process (PID=17226) to work on /home/soamariaka/.local/lib/python3.9/site-packages/airflow/example_dags/example_setup_teardown.py
[2023-08-14T14:30:21.493+0300] {processor.py:826} INFO - Processing file /home/soamariaka/.local/lib/python3.9/site-packages/airflow/example_dags/example_setup_teardown.py for tasks to queue
[2023-08-14T14:30:21.495+0300] {logging_mixin.py:150} INFO - [2023-08-14T14:30:21.494+0300] {dagbag.py:541} INFO - Filling up the DagBag from /home/soamariaka/.local/lib/python3.9/site-packages/airflow/example_dags/example_setup_teardown.py
[2023-08-14T14:30:21.499+0300] {processor.py:838} WARNING - No viable dags retrieved from /home/soamariaka/.local/lib/python3.9/site-packages/airflow/example_dags/example_setup_teardown.py
[2023-08-14T14:30:21.517+0300] {processor.py:179} INFO - Processing /home/soamariaka/.local/lib/python3.9/site-packages/airflow/example_dags/example_setup_teardown.py took 0.062 seconds
[2023-08-14T14:31:16.098+0300] {processor.py:157} INFO - Started process (PID=17278) to work on /home/soamariaka/.local/lib/python3.9/site-packages/airflow/example_dags/example_setup_teardown.py
[2023-08-14T14:31:16.133+0300] {processor.py:826} INFO - Processing file /home/soamariaka/.local/lib/python3.9/site-packages/airflow/example_dags/example_setup_teardown.py for tasks to queue
[2023-08-14T14:31:16.135+0300] {logging_mixin.py:150} INFO - [2023-08-14T14:31:16.134+0300] {dagbag.py:541} INFO - Filling up the DagBag from /home/soamariaka/.local/lib/python3.9/site-packages/airflow/example_dags/example_setup_teardown.py
[2023-08-14T14:31:16.139+0300] {processor.py:838} WARNING - No viable dags retrieved from /home/soamariaka/.local/lib/python3.9/site-packages/airflow/example_dags/example_setup_teardown.py
[2023-08-14T14:31:16.157+0300] {processor.py:179} INFO - Processing /home/soamariaka/.local/lib/python3.9/site-packages/airflow/example_dags/example_setup_teardown.py took 0.064 seconds
[2023-08-14T14:32:16.495+0300] {processor.py:157} INFO - Started process (PID=17398) to work on /home/soamariaka/.local/lib/python3.9/site-packages/airflow/example_dags/example_setup_teardown.py
[2023-08-14T14:32:16.528+0300] {processor.py:826} INFO - Processing file /home/soamariaka/.local/lib/python3.9/site-packages/airflow/example_dags/example_setup_teardown.py for tasks to queue
[2023-08-14T14:32:16.530+0300] {logging_mixin.py:150} INFO - [2023-08-14T14:32:16.529+0300] {dagbag.py:541} INFO - Filling up the DagBag from /home/soamariaka/.local/lib/python3.9/site-packages/airflow/example_dags/example_setup_teardown.py
[2023-08-14T14:32:16.534+0300] {processor.py:838} WARNING - No viable dags retrieved from /home/soamariaka/.local/lib/python3.9/site-packages/airflow/example_dags/example_setup_teardown.py
[2023-08-14T14:32:16.552+0300] {processor.py:179} INFO - Processing /home/soamariaka/.local/lib/python3.9/site-packages/airflow/example_dags/example_setup_teardown.py took 0.062 seconds
[2023-08-14T14:33:15.765+0300] {processor.py:157} INFO - Started process (PID=17548) to work on /home/soamariaka/.local/lib/python3.9/site-packages/airflow/example_dags/example_setup_teardown.py
[2023-08-14T14:33:15.800+0300] {processor.py:826} INFO - Processing file /home/soamariaka/.local/lib/python3.9/site-packages/airflow/example_dags/example_setup_teardown.py for tasks to queue
[2023-08-14T14:33:15.801+0300] {logging_mixin.py:150} INFO - [2023-08-14T14:33:15.801+0300] {dagbag.py:541} INFO - Filling up the DagBag from /home/soamariaka/.local/lib/python3.9/site-packages/airflow/example_dags/example_setup_teardown.py
[2023-08-14T14:33:15.805+0300] {processor.py:838} WARNING - No viable dags retrieved from /home/soamariaka/.local/lib/python3.9/site-packages/airflow/example_dags/example_setup_teardown.py
[2023-08-14T14:33:15.825+0300] {processor.py:179} INFO - Processing /home/soamariaka/.local/lib/python3.9/site-packages/airflow/example_dags/example_setup_teardown.py took 0.064 seconds
[2023-08-14T14:34:15.796+0300] {processor.py:157} INFO - Started process (PID=17603) to work on /home/soamariaka/.local/lib/python3.9/site-packages/airflow/example_dags/example_setup_teardown.py
[2023-08-14T14:34:15.797+0300] {processor.py:826} INFO - Processing file /home/soamariaka/.local/lib/python3.9/site-packages/airflow/example_dags/example_setup_teardown.py for tasks to queue
[2023-08-14T14:34:15.799+0300] {logging_mixin.py:150} INFO - [2023-08-14T14:34:15.798+0300] {dagbag.py:541} INFO - Filling up the DagBag from /home/soamariaka/.local/lib/python3.9/site-packages/airflow/example_dags/example_setup_teardown.py
[2023-08-14T14:34:15.802+0300] {processor.py:838} WARNING - No viable dags retrieved from /home/soamariaka/.local/lib/python3.9/site-packages/airflow/example_dags/example_setup_teardown.py
[2023-08-14T14:34:15.819+0300] {processor.py:179} INFO - Processing /home/soamariaka/.local/lib/python3.9/site-packages/airflow/example_dags/example_setup_teardown.py took 0.028 seconds
[2023-08-14T14:35:41.938+0300] {processor.py:157} INFO - Started process (PID=17856) to work on /home/soamariaka/.local/lib/python3.9/site-packages/airflow/example_dags/example_setup_teardown.py
[2023-08-14T14:35:41.940+0300] {processor.py:826} INFO - Processing file /home/soamariaka/.local/lib/python3.9/site-packages/airflow/example_dags/example_setup_teardown.py for tasks to queue
[2023-08-14T14:35:41.941+0300] {logging_mixin.py:150} INFO - [2023-08-14T14:35:41.940+0300] {dagbag.py:541} INFO - Filling up the DagBag from /home/soamariaka/.local/lib/python3.9/site-packages/airflow/example_dags/example_setup_teardown.py
[2023-08-14T14:35:41.944+0300] {processor.py:838} WARNING - No viable dags retrieved from /home/soamariaka/.local/lib/python3.9/site-packages/airflow/example_dags/example_setup_teardown.py
[2023-08-14T14:35:41.958+0300] {processor.py:179} INFO - Processing /home/soamariaka/.local/lib/python3.9/site-packages/airflow/example_dags/example_setup_teardown.py took 0.024 seconds
[2023-08-14T14:37:23.072+0300] {processor.py:157} INFO - Started process (PID=18055) to work on /home/soamariaka/.local/lib/python3.9/site-packages/airflow/example_dags/example_setup_teardown.py
[2023-08-14T14:37:23.074+0300] {processor.py:826} INFO - Processing file /home/soamariaka/.local/lib/python3.9/site-packages/airflow/example_dags/example_setup_teardown.py for tasks to queue
[2023-08-14T14:37:23.075+0300] {logging_mixin.py:150} INFO - [2023-08-14T14:37:23.075+0300] {dagbag.py:541} INFO - Filling up the DagBag from /home/soamariaka/.local/lib/python3.9/site-packages/airflow/example_dags/example_setup_teardown.py
[2023-08-14T14:37:23.079+0300] {processor.py:838} WARNING - No viable dags retrieved from /home/soamariaka/.local/lib/python3.9/site-packages/airflow/example_dags/example_setup_teardown.py
[2023-08-14T14:37:23.096+0300] {processor.py:179} INFO - Processing /home/soamariaka/.local/lib/python3.9/site-packages/airflow/example_dags/example_setup_teardown.py took 0.030 seconds
[2023-08-14T14:38:23.668+0300] {processor.py:157} INFO - Started process (PID=18238) to work on /home/soamariaka/.local/lib/python3.9/site-packages/airflow/example_dags/example_setup_teardown.py
[2023-08-14T14:38:23.697+0300] {processor.py:826} INFO - Processing file /home/soamariaka/.local/lib/python3.9/site-packages/airflow/example_dags/example_setup_teardown.py for tasks to queue
[2023-08-14T14:38:23.698+0300] {logging_mixin.py:150} INFO - [2023-08-14T14:38:23.697+0300] {dagbag.py:541} INFO - Filling up the DagBag from /home/soamariaka/.local/lib/python3.9/site-packages/airflow/example_dags/example_setup_teardown.py
[2023-08-14T14:38:23.701+0300] {processor.py:838} WARNING - No viable dags retrieved from /home/soamariaka/.local/lib/python3.9/site-packages/airflow/example_dags/example_setup_teardown.py
[2023-08-14T14:38:23.716+0300] {processor.py:179} INFO - Processing /home/soamariaka/.local/lib/python3.9/site-packages/airflow/example_dags/example_setup_teardown.py took 0.053 seconds
[2023-08-14T14:39:31.998+0300] {processor.py:157} INFO - Started process (PID=18393) to work on /home/soamariaka/.local/lib/python3.9/site-packages/airflow/example_dags/example_setup_teardown.py
[2023-08-14T14:39:32.035+0300] {processor.py:826} INFO - Processing file /home/soamariaka/.local/lib/python3.9/site-packages/airflow/example_dags/example_setup_teardown.py for tasks to queue
[2023-08-14T14:39:32.048+0300] {logging_mixin.py:150} INFO - [2023-08-14T14:39:32.048+0300] {dagbag.py:541} INFO - Filling up the DagBag from /home/soamariaka/.local/lib/python3.9/site-packages/airflow/example_dags/example_setup_teardown.py
[2023-08-14T14:39:32.052+0300] {processor.py:838} WARNING - No viable dags retrieved from /home/soamariaka/.local/lib/python3.9/site-packages/airflow/example_dags/example_setup_teardown.py
[2023-08-14T14:39:32.066+0300] {processor.py:179} INFO - Processing /home/soamariaka/.local/lib/python3.9/site-packages/airflow/example_dags/example_setup_teardown.py took 0.075 seconds
[2023-08-14T14:40:57.211+0300] {processor.py:157} INFO - Started process (PID=18649) to work on /home/soamariaka/.local/lib/python3.9/site-packages/airflow/example_dags/example_setup_teardown.py
[2023-08-14T14:40:57.214+0300] {processor.py:826} INFO - Processing file /home/soamariaka/.local/lib/python3.9/site-packages/airflow/example_dags/example_setup_teardown.py for tasks to queue
[2023-08-14T14:40:57.215+0300] {logging_mixin.py:150} INFO - [2023-08-14T14:40:57.215+0300] {dagbag.py:541} INFO - Filling up the DagBag from /home/soamariaka/.local/lib/python3.9/site-packages/airflow/example_dags/example_setup_teardown.py
[2023-08-14T14:40:57.219+0300] {processor.py:838} WARNING - No viable dags retrieved from /home/soamariaka/.local/lib/python3.9/site-packages/airflow/example_dags/example_setup_teardown.py
[2023-08-14T14:40:57.236+0300] {processor.py:179} INFO - Processing /home/soamariaka/.local/lib/python3.9/site-packages/airflow/example_dags/example_setup_teardown.py took 0.031 seconds
