[2023-08-14T13:33:09.810+0300] {processor.py:157} INFO - Started process (PID=10771) to work on /home/soamariaka/.local/lib/python3.9/site-packages/airflow/example_dags/example_python_operator.py
[2023-08-14T13:33:09.811+0300] {processor.py:826} INFO - Processing file /home/soamariaka/.local/lib/python3.9/site-packages/airflow/example_dags/example_python_operator.py for tasks to queue
[2023-08-14T13:33:09.813+0300] {logging_mixin.py:150} INFO - [2023-08-14T13:33:09.812+0300] {dagbag.py:541} INFO - Filling up the DagBag from /home/soamariaka/.local/lib/python3.9/site-packages/airflow/example_dags/example_python_operator.py
[2023-08-14T13:33:09.830+0300] {processor.py:836} INFO - DAG(s) dict_keys(['example_python_operator']) retrieved from /home/soamariaka/.local/lib/python3.9/site-packages/airflow/example_dags/example_python_operator.py
[2023-08-14T13:33:10.010+0300] {logging_mixin.py:150} INFO - [2023-08-14T13:33:10.010+0300] {dag.py:2742} INFO - Sync 1 DAGs
[2023-08-14T13:33:10.037+0300] {logging_mixin.py:150} INFO - [2023-08-14T13:33:10.037+0300] {dag.py:3504} INFO - Setting next_dagrun for example_python_operator to None, run_after=None
[2023-08-14T13:33:10.362+0300] {processor.py:179} INFO - Processing /home/soamariaka/.local/lib/python3.9/site-packages/airflow/example_dags/example_python_operator.py took 0.557 seconds
[2023-08-14T13:34:23.940+0300] {processor.py:157} INFO - Started process (PID=10920) to work on /home/soamariaka/.local/lib/python3.9/site-packages/airflow/example_dags/example_python_operator.py
[2023-08-14T13:34:23.943+0300] {processor.py:826} INFO - Processing file /home/soamariaka/.local/lib/python3.9/site-packages/airflow/example_dags/example_python_operator.py for tasks to queue
[2023-08-14T13:34:23.945+0300] {logging_mixin.py:150} INFO - [2023-08-14T13:34:23.944+0300] {dagbag.py:541} INFO - Filling up the DagBag from /home/soamariaka/.local/lib/python3.9/site-packages/airflow/example_dags/example_python_operator.py
[2023-08-14T13:34:23.977+0300] {processor.py:836} INFO - DAG(s) dict_keys(['example_python_operator']) retrieved from /home/soamariaka/.local/lib/python3.9/site-packages/airflow/example_dags/example_python_operator.py
[2023-08-14T13:34:24.064+0300] {logging_mixin.py:150} INFO - [2023-08-14T13:34:24.063+0300] {dag.py:2742} INFO - Sync 1 DAGs
[2023-08-14T13:34:24.119+0300] {logging_mixin.py:150} INFO - [2023-08-14T13:34:24.119+0300] {dag.py:3504} INFO - Setting next_dagrun for example_python_operator to None, run_after=None
[2023-08-14T13:34:24.550+0300] {processor.py:179} INFO - Processing /home/soamariaka/.local/lib/python3.9/site-packages/airflow/example_dags/example_python_operator.py took 0.618 seconds
[2023-08-14T13:35:45.429+0300] {processor.py:157} INFO - Started process (PID=11055) to work on /home/soamariaka/.local/lib/python3.9/site-packages/airflow/example_dags/example_python_operator.py
[2023-08-14T13:35:45.432+0300] {processor.py:826} INFO - Processing file /home/soamariaka/.local/lib/python3.9/site-packages/airflow/example_dags/example_python_operator.py for tasks to queue
[2023-08-14T13:35:45.435+0300] {logging_mixin.py:150} INFO - [2023-08-14T13:35:45.434+0300] {dagbag.py:541} INFO - Filling up the DagBag from /home/soamariaka/.local/lib/python3.9/site-packages/airflow/example_dags/example_python_operator.py
[2023-08-14T13:35:45.460+0300] {processor.py:836} INFO - DAG(s) dict_keys(['example_python_operator']) retrieved from /home/soamariaka/.local/lib/python3.9/site-packages/airflow/example_dags/example_python_operator.py
[2023-08-14T13:35:45.503+0300] {logging_mixin.py:150} INFO - [2023-08-14T13:35:45.503+0300] {dag.py:2742} INFO - Sync 1 DAGs
[2023-08-14T13:35:45.544+0300] {logging_mixin.py:150} INFO - [2023-08-14T13:35:45.543+0300] {dag.py:3504} INFO - Setting next_dagrun for example_python_operator to None, run_after=None
[2023-08-14T13:35:46.151+0300] {processor.py:179} INFO - Processing /home/soamariaka/.local/lib/python3.9/site-packages/airflow/example_dags/example_python_operator.py took 0.728 seconds
[2023-08-14T13:36:45.124+0300] {processor.py:157} INFO - Started process (PID=11123) to work on /home/soamariaka/.local/lib/python3.9/site-packages/airflow/example_dags/example_python_operator.py
[2023-08-14T13:36:45.127+0300] {processor.py:826} INFO - Processing file /home/soamariaka/.local/lib/python3.9/site-packages/airflow/example_dags/example_python_operator.py for tasks to queue
[2023-08-14T13:36:45.129+0300] {logging_mixin.py:150} INFO - [2023-08-14T13:36:45.128+0300] {dagbag.py:541} INFO - Filling up the DagBag from /home/soamariaka/.local/lib/python3.9/site-packages/airflow/example_dags/example_python_operator.py
[2023-08-14T13:36:45.147+0300] {processor.py:836} INFO - DAG(s) dict_keys(['example_python_operator']) retrieved from /home/soamariaka/.local/lib/python3.9/site-packages/airflow/example_dags/example_python_operator.py
[2023-08-14T13:36:45.186+0300] {logging_mixin.py:150} INFO - [2023-08-14T13:36:45.186+0300] {dag.py:2742} INFO - Sync 1 DAGs
[2023-08-14T13:36:45.234+0300] {logging_mixin.py:150} INFO - [2023-08-14T13:36:45.234+0300] {dag.py:3504} INFO - Setting next_dagrun for example_python_operator to None, run_after=None
[2023-08-14T13:36:45.398+0300] {processor.py:179} INFO - Processing /home/soamariaka/.local/lib/python3.9/site-packages/airflow/example_dags/example_python_operator.py took 0.280 seconds
[2023-08-14T13:37:45.195+0300] {processor.py:157} INFO - Started process (PID=11240) to work on /home/soamariaka/.local/lib/python3.9/site-packages/airflow/example_dags/example_python_operator.py
[2023-08-14T13:37:45.197+0300] {processor.py:826} INFO - Processing file /home/soamariaka/.local/lib/python3.9/site-packages/airflow/example_dags/example_python_operator.py for tasks to queue
[2023-08-14T13:37:45.199+0300] {logging_mixin.py:150} INFO - [2023-08-14T13:37:45.198+0300] {dagbag.py:541} INFO - Filling up the DagBag from /home/soamariaka/.local/lib/python3.9/site-packages/airflow/example_dags/example_python_operator.py
[2023-08-14T13:37:45.223+0300] {processor.py:836} INFO - DAG(s) dict_keys(['example_python_operator']) retrieved from /home/soamariaka/.local/lib/python3.9/site-packages/airflow/example_dags/example_python_operator.py
[2023-08-14T13:37:45.263+0300] {logging_mixin.py:150} INFO - [2023-08-14T13:37:45.263+0300] {dag.py:2742} INFO - Sync 1 DAGs
[2023-08-14T13:37:45.312+0300] {logging_mixin.py:150} INFO - [2023-08-14T13:37:45.312+0300] {dag.py:3504} INFO - Setting next_dagrun for example_python_operator to None, run_after=None
[2023-08-14T13:37:45.446+0300] {processor.py:179} INFO - Processing /home/soamariaka/.local/lib/python3.9/site-packages/airflow/example_dags/example_python_operator.py took 0.256 seconds
[2023-08-14T13:38:45.033+0300] {processor.py:157} INFO - Started process (PID=11365) to work on /home/soamariaka/.local/lib/python3.9/site-packages/airflow/example_dags/example_python_operator.py
[2023-08-14T13:38:45.036+0300] {processor.py:826} INFO - Processing file /home/soamariaka/.local/lib/python3.9/site-packages/airflow/example_dags/example_python_operator.py for tasks to queue
[2023-08-14T13:38:45.038+0300] {logging_mixin.py:150} INFO - [2023-08-14T13:38:45.037+0300] {dagbag.py:541} INFO - Filling up the DagBag from /home/soamariaka/.local/lib/python3.9/site-packages/airflow/example_dags/example_python_operator.py
[2023-08-14T13:38:45.060+0300] {processor.py:836} INFO - DAG(s) dict_keys(['example_python_operator']) retrieved from /home/soamariaka/.local/lib/python3.9/site-packages/airflow/example_dags/example_python_operator.py
[2023-08-14T13:38:45.100+0300] {logging_mixin.py:150} INFO - [2023-08-14T13:38:45.100+0300] {dag.py:2742} INFO - Sync 1 DAGs
[2023-08-14T13:38:45.141+0300] {logging_mixin.py:150} INFO - [2023-08-14T13:38:45.140+0300] {dag.py:3504} INFO - Setting next_dagrun for example_python_operator to None, run_after=None
[2023-08-14T13:38:45.267+0300] {processor.py:179} INFO - Processing /home/soamariaka/.local/lib/python3.9/site-packages/airflow/example_dags/example_python_operator.py took 0.242 seconds
[2023-08-14T13:39:49.679+0300] {processor.py:157} INFO - Started process (PID=11449) to work on /home/soamariaka/.local/lib/python3.9/site-packages/airflow/example_dags/example_python_operator.py
[2023-08-14T13:39:49.682+0300] {processor.py:826} INFO - Processing file /home/soamariaka/.local/lib/python3.9/site-packages/airflow/example_dags/example_python_operator.py for tasks to queue
[2023-08-14T13:39:49.684+0300] {logging_mixin.py:150} INFO - [2023-08-14T13:39:49.683+0300] {dagbag.py:541} INFO - Filling up the DagBag from /home/soamariaka/.local/lib/python3.9/site-packages/airflow/example_dags/example_python_operator.py
[2023-08-14T13:39:49.701+0300] {processor.py:836} INFO - DAG(s) dict_keys(['example_python_operator']) retrieved from /home/soamariaka/.local/lib/python3.9/site-packages/airflow/example_dags/example_python_operator.py
[2023-08-14T13:39:49.738+0300] {logging_mixin.py:150} INFO - [2023-08-14T13:39:49.737+0300] {dag.py:2742} INFO - Sync 1 DAGs
[2023-08-14T13:39:49.776+0300] {logging_mixin.py:150} INFO - [2023-08-14T13:39:49.776+0300] {dag.py:3504} INFO - Setting next_dagrun for example_python_operator to None, run_after=None
[2023-08-14T13:39:49.926+0300] {processor.py:179} INFO - Processing /home/soamariaka/.local/lib/python3.9/site-packages/airflow/example_dags/example_python_operator.py took 0.254 seconds
[2023-08-14T13:40:46.977+0300] {processor.py:157} INFO - Started process (PID=11519) to work on /home/soamariaka/.local/lib/python3.9/site-packages/airflow/example_dags/example_python_operator.py
[2023-08-14T13:40:46.980+0300] {processor.py:826} INFO - Processing file /home/soamariaka/.local/lib/python3.9/site-packages/airflow/example_dags/example_python_operator.py for tasks to queue
[2023-08-14T13:40:46.982+0300] {logging_mixin.py:150} INFO - [2023-08-14T13:40:46.981+0300] {dagbag.py:541} INFO - Filling up the DagBag from /home/soamariaka/.local/lib/python3.9/site-packages/airflow/example_dags/example_python_operator.py
[2023-08-14T13:40:47.000+0300] {processor.py:836} INFO - DAG(s) dict_keys(['example_python_operator']) retrieved from /home/soamariaka/.local/lib/python3.9/site-packages/airflow/example_dags/example_python_operator.py
[2023-08-14T13:40:47.031+0300] {logging_mixin.py:150} INFO - [2023-08-14T13:40:47.031+0300] {dag.py:2742} INFO - Sync 1 DAGs
[2023-08-14T13:40:47.062+0300] {logging_mixin.py:150} INFO - [2023-08-14T13:40:47.062+0300] {dag.py:3504} INFO - Setting next_dagrun for example_python_operator to None, run_after=None
[2023-08-14T13:40:47.220+0300] {processor.py:179} INFO - Processing /home/soamariaka/.local/lib/python3.9/site-packages/airflow/example_dags/example_python_operator.py took 0.248 seconds
[2023-08-14T13:41:42.098+0300] {processor.py:157} INFO - Started process (PID=11598) to work on /home/soamariaka/.local/lib/python3.9/site-packages/airflow/example_dags/example_python_operator.py
[2023-08-14T13:41:42.101+0300] {processor.py:826} INFO - Processing file /home/soamariaka/.local/lib/python3.9/site-packages/airflow/example_dags/example_python_operator.py for tasks to queue
[2023-08-14T13:41:42.102+0300] {logging_mixin.py:150} INFO - [2023-08-14T13:41:42.102+0300] {dagbag.py:541} INFO - Filling up the DagBag from /home/soamariaka/.local/lib/python3.9/site-packages/airflow/example_dags/example_python_operator.py
[2023-08-14T13:41:42.121+0300] {processor.py:836} INFO - DAG(s) dict_keys(['example_python_operator']) retrieved from /home/soamariaka/.local/lib/python3.9/site-packages/airflow/example_dags/example_python_operator.py
[2023-08-14T13:41:42.152+0300] {logging_mixin.py:150} INFO - [2023-08-14T13:41:42.152+0300] {dag.py:2742} INFO - Sync 1 DAGs
[2023-08-14T13:41:42.186+0300] {logging_mixin.py:150} INFO - [2023-08-14T13:41:42.186+0300] {dag.py:3504} INFO - Setting next_dagrun for example_python_operator to None, run_after=None
[2023-08-14T13:41:42.329+0300] {processor.py:179} INFO - Processing /home/soamariaka/.local/lib/python3.9/site-packages/airflow/example_dags/example_python_operator.py took 0.237 seconds
[2023-08-14T13:42:38.036+0300] {processor.py:157} INFO - Started process (PID=11648) to work on /home/soamariaka/.local/lib/python3.9/site-packages/airflow/example_dags/example_python_operator.py
[2023-08-14T13:42:38.038+0300] {processor.py:826} INFO - Processing file /home/soamariaka/.local/lib/python3.9/site-packages/airflow/example_dags/example_python_operator.py for tasks to queue
[2023-08-14T13:42:38.040+0300] {logging_mixin.py:150} INFO - [2023-08-14T13:42:38.039+0300] {dagbag.py:541} INFO - Filling up the DagBag from /home/soamariaka/.local/lib/python3.9/site-packages/airflow/example_dags/example_python_operator.py
[2023-08-14T13:42:38.058+0300] {processor.py:836} INFO - DAG(s) dict_keys(['example_python_operator']) retrieved from /home/soamariaka/.local/lib/python3.9/site-packages/airflow/example_dags/example_python_operator.py
[2023-08-14T13:42:38.090+0300] {logging_mixin.py:150} INFO - [2023-08-14T13:42:38.089+0300] {dag.py:2742} INFO - Sync 1 DAGs
[2023-08-14T13:42:38.121+0300] {logging_mixin.py:150} INFO - [2023-08-14T13:42:38.120+0300] {dag.py:3504} INFO - Setting next_dagrun for example_python_operator to None, run_after=None
[2023-08-14T13:42:38.271+0300] {processor.py:179} INFO - Processing /home/soamariaka/.local/lib/python3.9/site-packages/airflow/example_dags/example_python_operator.py took 0.241 seconds
[2023-08-14T13:43:31.640+0300] {processor.py:157} INFO - Started process (PID=11697) to work on /home/soamariaka/.local/lib/python3.9/site-packages/airflow/example_dags/example_python_operator.py
[2023-08-14T13:43:31.643+0300] {processor.py:826} INFO - Processing file /home/soamariaka/.local/lib/python3.9/site-packages/airflow/example_dags/example_python_operator.py for tasks to queue
[2023-08-14T13:43:31.644+0300] {logging_mixin.py:150} INFO - [2023-08-14T13:43:31.644+0300] {dagbag.py:541} INFO - Filling up the DagBag from /home/soamariaka/.local/lib/python3.9/site-packages/airflow/example_dags/example_python_operator.py
[2023-08-14T13:43:31.740+0300] {processor.py:836} INFO - DAG(s) dict_keys(['example_python_operator']) retrieved from /home/soamariaka/.local/lib/python3.9/site-packages/airflow/example_dags/example_python_operator.py
[2023-08-14T13:43:31.787+0300] {logging_mixin.py:150} INFO - [2023-08-14T13:43:31.787+0300] {dag.py:2742} INFO - Sync 1 DAGs
[2023-08-14T13:43:31.828+0300] {logging_mixin.py:150} INFO - [2023-08-14T13:43:31.828+0300] {dag.py:3504} INFO - Setting next_dagrun for example_python_operator to None, run_after=None
[2023-08-14T13:43:31.971+0300] {processor.py:179} INFO - Processing /home/soamariaka/.local/lib/python3.9/site-packages/airflow/example_dags/example_python_operator.py took 0.336 seconds
[2023-08-14T13:44:33.896+0300] {processor.py:157} INFO - Started process (PID=11779) to work on /home/soamariaka/.local/lib/python3.9/site-packages/airflow/example_dags/example_python_operator.py
[2023-08-14T13:44:33.898+0300] {processor.py:826} INFO - Processing file /home/soamariaka/.local/lib/python3.9/site-packages/airflow/example_dags/example_python_operator.py for tasks to queue
[2023-08-14T13:44:33.899+0300] {logging_mixin.py:150} INFO - [2023-08-14T13:44:33.898+0300] {dagbag.py:541} INFO - Filling up the DagBag from /home/soamariaka/.local/lib/python3.9/site-packages/airflow/example_dags/example_python_operator.py
[2023-08-14T13:44:33.917+0300] {processor.py:836} INFO - DAG(s) dict_keys(['example_python_operator']) retrieved from /home/soamariaka/.local/lib/python3.9/site-packages/airflow/example_dags/example_python_operator.py
[2023-08-14T13:44:33.948+0300] {logging_mixin.py:150} INFO - [2023-08-14T13:44:33.948+0300] {dag.py:2742} INFO - Sync 1 DAGs
[2023-08-14T13:44:33.979+0300] {logging_mixin.py:150} INFO - [2023-08-14T13:44:33.979+0300] {dag.py:3504} INFO - Setting next_dagrun for example_python_operator to None, run_after=None
[2023-08-14T13:44:34.263+0300] {processor.py:179} INFO - Processing /home/soamariaka/.local/lib/python3.9/site-packages/airflow/example_dags/example_python_operator.py took 0.372 seconds
[2023-08-14T13:45:40.538+0300] {processor.py:157} INFO - Started process (PID=11858) to work on /home/soamariaka/.local/lib/python3.9/site-packages/airflow/example_dags/example_python_operator.py
[2023-08-14T13:45:40.541+0300] {processor.py:826} INFO - Processing file /home/soamariaka/.local/lib/python3.9/site-packages/airflow/example_dags/example_python_operator.py for tasks to queue
[2023-08-14T13:45:40.543+0300] {logging_mixin.py:150} INFO - [2023-08-14T13:45:40.542+0300] {dagbag.py:541} INFO - Filling up the DagBag from /home/soamariaka/.local/lib/python3.9/site-packages/airflow/example_dags/example_python_operator.py
[2023-08-14T13:45:40.561+0300] {processor.py:836} INFO - DAG(s) dict_keys(['example_python_operator']) retrieved from /home/soamariaka/.local/lib/python3.9/site-packages/airflow/example_dags/example_python_operator.py
[2023-08-14T13:45:40.593+0300] {logging_mixin.py:150} INFO - [2023-08-14T13:45:40.592+0300] {dag.py:2742} INFO - Sync 1 DAGs
[2023-08-14T13:45:40.628+0300] {logging_mixin.py:150} INFO - [2023-08-14T13:45:40.628+0300] {dag.py:3504} INFO - Setting next_dagrun for example_python_operator to None, run_after=None
[2023-08-14T13:45:40.934+0300] {processor.py:179} INFO - Processing /home/soamariaka/.local/lib/python3.9/site-packages/airflow/example_dags/example_python_operator.py took 0.402 seconds
[2023-08-14T13:46:43.684+0300] {processor.py:157} INFO - Started process (PID=11946) to work on /home/soamariaka/.local/lib/python3.9/site-packages/airflow/example_dags/example_python_operator.py
[2023-08-14T13:46:43.711+0300] {processor.py:826} INFO - Processing file /home/soamariaka/.local/lib/python3.9/site-packages/airflow/example_dags/example_python_operator.py for tasks to queue
[2023-08-14T13:46:43.713+0300] {logging_mixin.py:150} INFO - [2023-08-14T13:46:43.712+0300] {dagbag.py:541} INFO - Filling up the DagBag from /home/soamariaka/.local/lib/python3.9/site-packages/airflow/example_dags/example_python_operator.py
[2023-08-14T13:46:43.732+0300] {processor.py:836} INFO - DAG(s) dict_keys(['example_python_operator']) retrieved from /home/soamariaka/.local/lib/python3.9/site-packages/airflow/example_dags/example_python_operator.py
[2023-08-14T13:46:43.767+0300] {logging_mixin.py:150} INFO - [2023-08-14T13:46:43.767+0300] {dag.py:2742} INFO - Sync 1 DAGs
[2023-08-14T13:46:43.799+0300] {logging_mixin.py:150} INFO - [2023-08-14T13:46:43.798+0300] {dag.py:3504} INFO - Setting next_dagrun for example_python_operator to None, run_after=None
[2023-08-14T13:46:43.987+0300] {processor.py:179} INFO - Processing /home/soamariaka/.local/lib/python3.9/site-packages/airflow/example_dags/example_python_operator.py took 0.308 seconds
[2023-08-14T13:47:43.760+0300] {processor.py:157} INFO - Started process (PID=12002) to work on /home/soamariaka/.local/lib/python3.9/site-packages/airflow/example_dags/example_python_operator.py
[2023-08-14T13:47:43.763+0300] {processor.py:826} INFO - Processing file /home/soamariaka/.local/lib/python3.9/site-packages/airflow/example_dags/example_python_operator.py for tasks to queue
[2023-08-14T13:47:43.764+0300] {logging_mixin.py:150} INFO - [2023-08-14T13:47:43.764+0300] {dagbag.py:541} INFO - Filling up the DagBag from /home/soamariaka/.local/lib/python3.9/site-packages/airflow/example_dags/example_python_operator.py
[2023-08-14T13:47:43.783+0300] {processor.py:836} INFO - DAG(s) dict_keys(['example_python_operator']) retrieved from /home/soamariaka/.local/lib/python3.9/site-packages/airflow/example_dags/example_python_operator.py
[2023-08-14T13:47:43.814+0300] {logging_mixin.py:150} INFO - [2023-08-14T13:47:43.813+0300] {dag.py:2742} INFO - Sync 1 DAGs
[2023-08-14T13:47:43.845+0300] {logging_mixin.py:150} INFO - [2023-08-14T13:47:43.844+0300] {dag.py:3504} INFO - Setting next_dagrun for example_python_operator to None, run_after=None
[2023-08-14T13:47:44.091+0300] {processor.py:179} INFO - Processing /home/soamariaka/.local/lib/python3.9/site-packages/airflow/example_dags/example_python_operator.py took 0.336 seconds
[2023-08-14T13:48:46.530+0300] {processor.py:157} INFO - Started process (PID=12096) to work on /home/soamariaka/.local/lib/python3.9/site-packages/airflow/example_dags/example_python_operator.py
[2023-08-14T13:48:46.532+0300] {processor.py:826} INFO - Processing file /home/soamariaka/.local/lib/python3.9/site-packages/airflow/example_dags/example_python_operator.py for tasks to queue
[2023-08-14T13:48:46.533+0300] {logging_mixin.py:150} INFO - [2023-08-14T13:48:46.533+0300] {dagbag.py:541} INFO - Filling up the DagBag from /home/soamariaka/.local/lib/python3.9/site-packages/airflow/example_dags/example_python_operator.py
[2023-08-14T13:48:46.551+0300] {processor.py:836} INFO - DAG(s) dict_keys(['example_python_operator']) retrieved from /home/soamariaka/.local/lib/python3.9/site-packages/airflow/example_dags/example_python_operator.py
[2023-08-14T13:48:46.582+0300] {logging_mixin.py:150} INFO - [2023-08-14T13:48:46.582+0300] {dag.py:2742} INFO - Sync 1 DAGs
[2023-08-14T13:48:46.613+0300] {logging_mixin.py:150} INFO - [2023-08-14T13:48:46.613+0300] {dag.py:3504} INFO - Setting next_dagrun for example_python_operator to None, run_after=None
[2023-08-14T13:48:46.766+0300] {processor.py:179} INFO - Processing /home/soamariaka/.local/lib/python3.9/site-packages/airflow/example_dags/example_python_operator.py took 0.241 seconds
[2023-08-14T13:49:47.633+0300] {processor.py:157} INFO - Started process (PID=12154) to work on /home/soamariaka/.local/lib/python3.9/site-packages/airflow/example_dags/example_python_operator.py
[2023-08-14T13:49:47.636+0300] {processor.py:826} INFO - Processing file /home/soamariaka/.local/lib/python3.9/site-packages/airflow/example_dags/example_python_operator.py for tasks to queue
[2023-08-14T13:49:47.637+0300] {logging_mixin.py:150} INFO - [2023-08-14T13:49:47.637+0300] {dagbag.py:541} INFO - Filling up the DagBag from /home/soamariaka/.local/lib/python3.9/site-packages/airflow/example_dags/example_python_operator.py
[2023-08-14T13:49:47.656+0300] {processor.py:836} INFO - DAG(s) dict_keys(['example_python_operator']) retrieved from /home/soamariaka/.local/lib/python3.9/site-packages/airflow/example_dags/example_python_operator.py
[2023-08-14T13:49:47.688+0300] {logging_mixin.py:150} INFO - [2023-08-14T13:49:47.688+0300] {dag.py:2742} INFO - Sync 1 DAGs
[2023-08-14T13:49:47.722+0300] {logging_mixin.py:150} INFO - [2023-08-14T13:49:47.721+0300] {dag.py:3504} INFO - Setting next_dagrun for example_python_operator to None, run_after=None
[2023-08-14T13:49:48.011+0300] {processor.py:179} INFO - Processing /home/soamariaka/.local/lib/python3.9/site-packages/airflow/example_dags/example_python_operator.py took 0.384 seconds
[2023-08-14T13:50:53.447+0300] {processor.py:157} INFO - Started process (PID=12230) to work on /home/soamariaka/.local/lib/python3.9/site-packages/airflow/example_dags/example_python_operator.py
[2023-08-14T13:50:53.449+0300] {processor.py:826} INFO - Processing file /home/soamariaka/.local/lib/python3.9/site-packages/airflow/example_dags/example_python_operator.py for tasks to queue
[2023-08-14T13:50:53.451+0300] {logging_mixin.py:150} INFO - [2023-08-14T13:50:53.450+0300] {dagbag.py:541} INFO - Filling up the DagBag from /home/soamariaka/.local/lib/python3.9/site-packages/airflow/example_dags/example_python_operator.py
[2023-08-14T13:50:53.469+0300] {processor.py:836} INFO - DAG(s) dict_keys(['example_python_operator']) retrieved from /home/soamariaka/.local/lib/python3.9/site-packages/airflow/example_dags/example_python_operator.py
[2023-08-14T13:50:53.500+0300] {logging_mixin.py:150} INFO - [2023-08-14T13:50:53.500+0300] {dag.py:2742} INFO - Sync 1 DAGs
[2023-08-14T13:50:53.531+0300] {logging_mixin.py:150} INFO - [2023-08-14T13:50:53.531+0300] {dag.py:3504} INFO - Setting next_dagrun for example_python_operator to None, run_after=None
[2023-08-14T13:50:53.669+0300] {processor.py:179} INFO - Processing /home/soamariaka/.local/lib/python3.9/site-packages/airflow/example_dags/example_python_operator.py took 0.227 seconds
[2023-08-14T13:51:59.598+0300] {processor.py:157} INFO - Started process (PID=12324) to work on /home/soamariaka/.local/lib/python3.9/site-packages/airflow/example_dags/example_python_operator.py
[2023-08-14T13:51:59.600+0300] {processor.py:826} INFO - Processing file /home/soamariaka/.local/lib/python3.9/site-packages/airflow/example_dags/example_python_operator.py for tasks to queue
[2023-08-14T13:51:59.602+0300] {logging_mixin.py:150} INFO - [2023-08-14T13:51:59.601+0300] {dagbag.py:541} INFO - Filling up the DagBag from /home/soamariaka/.local/lib/python3.9/site-packages/airflow/example_dags/example_python_operator.py
[2023-08-14T13:51:59.620+0300] {processor.py:836} INFO - DAG(s) dict_keys(['example_python_operator']) retrieved from /home/soamariaka/.local/lib/python3.9/site-packages/airflow/example_dags/example_python_operator.py
[2023-08-14T13:51:59.652+0300] {logging_mixin.py:150} INFO - [2023-08-14T13:51:59.652+0300] {dag.py:2742} INFO - Sync 1 DAGs
[2023-08-14T13:51:59.682+0300] {logging_mixin.py:150} INFO - [2023-08-14T13:51:59.682+0300] {dag.py:3504} INFO - Setting next_dagrun for example_python_operator to None, run_after=None
[2023-08-14T13:51:59.808+0300] {processor.py:179} INFO - Processing /home/soamariaka/.local/lib/python3.9/site-packages/airflow/example_dags/example_python_operator.py took 0.216 seconds
[2023-08-14T13:53:01.252+0300] {processor.py:157} INFO - Started process (PID=12383) to work on /home/soamariaka/.local/lib/python3.9/site-packages/airflow/example_dags/example_python_operator.py
[2023-08-14T13:53:01.254+0300] {processor.py:826} INFO - Processing file /home/soamariaka/.local/lib/python3.9/site-packages/airflow/example_dags/example_python_operator.py for tasks to queue
[2023-08-14T13:53:01.255+0300] {logging_mixin.py:150} INFO - [2023-08-14T13:53:01.254+0300] {dagbag.py:541} INFO - Filling up the DagBag from /home/soamariaka/.local/lib/python3.9/site-packages/airflow/example_dags/example_python_operator.py
[2023-08-14T13:53:01.274+0300] {processor.py:836} INFO - DAG(s) dict_keys(['example_python_operator']) retrieved from /home/soamariaka/.local/lib/python3.9/site-packages/airflow/example_dags/example_python_operator.py
[2023-08-14T13:53:01.305+0300] {logging_mixin.py:150} INFO - [2023-08-14T13:53:01.305+0300] {dag.py:2742} INFO - Sync 1 DAGs
[2023-08-14T13:53:01.336+0300] {logging_mixin.py:150} INFO - [2023-08-14T13:53:01.335+0300] {dag.py:3504} INFO - Setting next_dagrun for example_python_operator to None, run_after=None
[2023-08-14T13:53:01.467+0300] {processor.py:179} INFO - Processing /home/soamariaka/.local/lib/python3.9/site-packages/airflow/example_dags/example_python_operator.py took 0.221 seconds
[2023-08-14T13:54:06.277+0300] {processor.py:157} INFO - Started process (PID=12445) to work on /home/soamariaka/.local/lib/python3.9/site-packages/airflow/example_dags/example_python_operator.py
[2023-08-14T13:54:06.279+0300] {processor.py:826} INFO - Processing file /home/soamariaka/.local/lib/python3.9/site-packages/airflow/example_dags/example_python_operator.py for tasks to queue
[2023-08-14T13:54:06.281+0300] {logging_mixin.py:150} INFO - [2023-08-14T13:54:06.280+0300] {dagbag.py:541} INFO - Filling up the DagBag from /home/soamariaka/.local/lib/python3.9/site-packages/airflow/example_dags/example_python_operator.py
[2023-08-14T13:54:06.299+0300] {processor.py:836} INFO - DAG(s) dict_keys(['example_python_operator']) retrieved from /home/soamariaka/.local/lib/python3.9/site-packages/airflow/example_dags/example_python_operator.py
[2023-08-14T13:54:06.331+0300] {logging_mixin.py:150} INFO - [2023-08-14T13:54:06.330+0300] {dag.py:2742} INFO - Sync 1 DAGs
[2023-08-14T13:54:06.362+0300] {logging_mixin.py:150} INFO - [2023-08-14T13:54:06.361+0300] {dag.py:3504} INFO - Setting next_dagrun for example_python_operator to None, run_after=None
[2023-08-14T13:54:06.491+0300] {processor.py:179} INFO - Processing /home/soamariaka/.local/lib/python3.9/site-packages/airflow/example_dags/example_python_operator.py took 0.220 seconds
[2023-08-14T13:55:11.073+0300] {processor.py:157} INFO - Started process (PID=12557) to work on /home/soamariaka/.local/lib/python3.9/site-packages/airflow/example_dags/example_python_operator.py
[2023-08-14T13:55:11.074+0300] {processor.py:826} INFO - Processing file /home/soamariaka/.local/lib/python3.9/site-packages/airflow/example_dags/example_python_operator.py for tasks to queue
[2023-08-14T13:55:11.075+0300] {logging_mixin.py:150} INFO - [2023-08-14T13:55:11.075+0300] {dagbag.py:541} INFO - Filling up the DagBag from /home/soamariaka/.local/lib/python3.9/site-packages/airflow/example_dags/example_python_operator.py
[2023-08-14T13:55:11.090+0300] {processor.py:836} INFO - DAG(s) dict_keys(['example_python_operator']) retrieved from /home/soamariaka/.local/lib/python3.9/site-packages/airflow/example_dags/example_python_operator.py
[2023-08-14T13:55:11.119+0300] {logging_mixin.py:150} INFO - [2023-08-14T13:55:11.119+0300] {dag.py:2742} INFO - Sync 1 DAGs
[2023-08-14T13:55:11.150+0300] {logging_mixin.py:150} INFO - [2023-08-14T13:55:11.149+0300] {dag.py:3504} INFO - Setting next_dagrun for example_python_operator to None, run_after=None
[2023-08-14T13:55:11.444+0300] {processor.py:179} INFO - Processing /home/soamariaka/.local/lib/python3.9/site-packages/airflow/example_dags/example_python_operator.py took 0.376 seconds
[2023-08-14T13:56:20.123+0300] {processor.py:157} INFO - Started process (PID=12642) to work on /home/soamariaka/.local/lib/python3.9/site-packages/airflow/example_dags/example_python_operator.py
[2023-08-14T13:56:20.140+0300] {processor.py:826} INFO - Processing file /home/soamariaka/.local/lib/python3.9/site-packages/airflow/example_dags/example_python_operator.py for tasks to queue
[2023-08-14T13:56:20.142+0300] {logging_mixin.py:150} INFO - [2023-08-14T13:56:20.141+0300] {dagbag.py:541} INFO - Filling up the DagBag from /home/soamariaka/.local/lib/python3.9/site-packages/airflow/example_dags/example_python_operator.py
[2023-08-14T13:56:20.158+0300] {processor.py:836} INFO - DAG(s) dict_keys(['example_python_operator']) retrieved from /home/soamariaka/.local/lib/python3.9/site-packages/airflow/example_dags/example_python_operator.py
[2023-08-14T13:56:20.191+0300] {logging_mixin.py:150} INFO - [2023-08-14T13:56:20.191+0300] {dag.py:2742} INFO - Sync 1 DAGs
[2023-08-14T13:56:20.224+0300] {logging_mixin.py:150} INFO - [2023-08-14T13:56:20.224+0300] {dag.py:3504} INFO - Setting next_dagrun for example_python_operator to None, run_after=None
[2023-08-14T13:56:20.382+0300] {processor.py:179} INFO - Processing /home/soamariaka/.local/lib/python3.9/site-packages/airflow/example_dags/example_python_operator.py took 0.264 seconds
[2023-08-14T13:57:27.577+0300] {processor.py:157} INFO - Started process (PID=12702) to work on /home/soamariaka/.local/lib/python3.9/site-packages/airflow/example_dags/example_python_operator.py
[2023-08-14T13:57:27.595+0300] {processor.py:826} INFO - Processing file /home/soamariaka/.local/lib/python3.9/site-packages/airflow/example_dags/example_python_operator.py for tasks to queue
[2023-08-14T13:57:27.598+0300] {logging_mixin.py:150} INFO - [2023-08-14T13:57:27.597+0300] {dagbag.py:541} INFO - Filling up the DagBag from /home/soamariaka/.local/lib/python3.9/site-packages/airflow/example_dags/example_python_operator.py
[2023-08-14T13:57:27.618+0300] {processor.py:836} INFO - DAG(s) dict_keys(['example_python_operator']) retrieved from /home/soamariaka/.local/lib/python3.9/site-packages/airflow/example_dags/example_python_operator.py
[2023-08-14T13:57:27.651+0300] {logging_mixin.py:150} INFO - [2023-08-14T13:57:27.651+0300] {dag.py:2742} INFO - Sync 1 DAGs
[2023-08-14T13:57:27.683+0300] {logging_mixin.py:150} INFO - [2023-08-14T13:57:27.683+0300] {dag.py:3504} INFO - Setting next_dagrun for example_python_operator to None, run_after=None
[2023-08-14T13:57:27.827+0300] {processor.py:179} INFO - Processing /home/soamariaka/.local/lib/python3.9/site-packages/airflow/example_dags/example_python_operator.py took 0.256 seconds
[2023-08-14T13:58:29.611+0300] {processor.py:157} INFO - Started process (PID=12760) to work on /home/soamariaka/.local/lib/python3.9/site-packages/airflow/example_dags/example_python_operator.py
[2023-08-14T13:58:29.614+0300] {processor.py:826} INFO - Processing file /home/soamariaka/.local/lib/python3.9/site-packages/airflow/example_dags/example_python_operator.py for tasks to queue
[2023-08-14T13:58:29.615+0300] {logging_mixin.py:150} INFO - [2023-08-14T13:58:29.615+0300] {dagbag.py:541} INFO - Filling up the DagBag from /home/soamariaka/.local/lib/python3.9/site-packages/airflow/example_dags/example_python_operator.py
[2023-08-14T13:58:29.633+0300] {processor.py:836} INFO - DAG(s) dict_keys(['example_python_operator']) retrieved from /home/soamariaka/.local/lib/python3.9/site-packages/airflow/example_dags/example_python_operator.py
[2023-08-14T13:58:29.662+0300] {logging_mixin.py:150} INFO - [2023-08-14T13:58:29.661+0300] {dag.py:2742} INFO - Sync 1 DAGs
[2023-08-14T13:58:29.692+0300] {logging_mixin.py:150} INFO - [2023-08-14T13:58:29.692+0300] {dag.py:3504} INFO - Setting next_dagrun for example_python_operator to None, run_after=None
[2023-08-14T13:58:29.837+0300] {processor.py:179} INFO - Processing /home/soamariaka/.local/lib/python3.9/site-packages/airflow/example_dags/example_python_operator.py took 0.233 seconds
[2023-08-14T13:59:35.132+0300] {processor.py:157} INFO - Started process (PID=12850) to work on /home/soamariaka/.local/lib/python3.9/site-packages/airflow/example_dags/example_python_operator.py
[2023-08-14T13:59:35.133+0300] {processor.py:826} INFO - Processing file /home/soamariaka/.local/lib/python3.9/site-packages/airflow/example_dags/example_python_operator.py for tasks to queue
[2023-08-14T13:59:35.135+0300] {logging_mixin.py:150} INFO - [2023-08-14T13:59:35.134+0300] {dagbag.py:541} INFO - Filling up the DagBag from /home/soamariaka/.local/lib/python3.9/site-packages/airflow/example_dags/example_python_operator.py
[2023-08-14T13:59:35.153+0300] {processor.py:836} INFO - DAG(s) dict_keys(['example_python_operator']) retrieved from /home/soamariaka/.local/lib/python3.9/site-packages/airflow/example_dags/example_python_operator.py
[2023-08-14T13:59:35.185+0300] {logging_mixin.py:150} INFO - [2023-08-14T13:59:35.185+0300] {dag.py:2742} INFO - Sync 1 DAGs
[2023-08-14T13:59:35.216+0300] {logging_mixin.py:150} INFO - [2023-08-14T13:59:35.215+0300] {dag.py:3504} INFO - Setting next_dagrun for example_python_operator to None, run_after=None
[2023-08-14T13:59:35.487+0300] {processor.py:179} INFO - Processing /home/soamariaka/.local/lib/python3.9/site-packages/airflow/example_dags/example_python_operator.py took 0.361 seconds
[2023-08-14T14:00:37.747+0300] {processor.py:157} INFO - Started process (PID=12933) to work on /home/soamariaka/.local/lib/python3.9/site-packages/airflow/example_dags/example_python_operator.py
[2023-08-14T14:00:37.749+0300] {processor.py:826} INFO - Processing file /home/soamariaka/.local/lib/python3.9/site-packages/airflow/example_dags/example_python_operator.py for tasks to queue
[2023-08-14T14:00:37.751+0300] {logging_mixin.py:150} INFO - [2023-08-14T14:00:37.750+0300] {dagbag.py:541} INFO - Filling up the DagBag from /home/soamariaka/.local/lib/python3.9/site-packages/airflow/example_dags/example_python_operator.py
[2023-08-14T14:00:37.769+0300] {processor.py:836} INFO - DAG(s) dict_keys(['example_python_operator']) retrieved from /home/soamariaka/.local/lib/python3.9/site-packages/airflow/example_dags/example_python_operator.py
[2023-08-14T14:00:37.800+0300] {logging_mixin.py:150} INFO - [2023-08-14T14:00:37.800+0300] {dag.py:2742} INFO - Sync 1 DAGs
[2023-08-14T14:00:37.831+0300] {logging_mixin.py:150} INFO - [2023-08-14T14:00:37.831+0300] {dag.py:3504} INFO - Setting next_dagrun for example_python_operator to None, run_after=None
[2023-08-14T14:00:38.007+0300] {processor.py:179} INFO - Processing /home/soamariaka/.local/lib/python3.9/site-packages/airflow/example_dags/example_python_operator.py took 0.265 seconds
[2023-08-14T14:01:41.984+0300] {processor.py:157} INFO - Started process (PID=12989) to work on /home/soamariaka/.local/lib/python3.9/site-packages/airflow/example_dags/example_python_operator.py
[2023-08-14T14:01:41.986+0300] {processor.py:826} INFO - Processing file /home/soamariaka/.local/lib/python3.9/site-packages/airflow/example_dags/example_python_operator.py for tasks to queue
[2023-08-14T14:01:41.987+0300] {logging_mixin.py:150} INFO - [2023-08-14T14:01:41.987+0300] {dagbag.py:541} INFO - Filling up the DagBag from /home/soamariaka/.local/lib/python3.9/site-packages/airflow/example_dags/example_python_operator.py
[2023-08-14T14:01:42.006+0300] {processor.py:836} INFO - DAG(s) dict_keys(['example_python_operator']) retrieved from /home/soamariaka/.local/lib/python3.9/site-packages/airflow/example_dags/example_python_operator.py
[2023-08-14T14:01:42.037+0300] {logging_mixin.py:150} INFO - [2023-08-14T14:01:42.037+0300] {dag.py:2742} INFO - Sync 1 DAGs
[2023-08-14T14:01:42.067+0300] {logging_mixin.py:150} INFO - [2023-08-14T14:01:42.067+0300] {dag.py:3504} INFO - Setting next_dagrun for example_python_operator to None, run_after=None
[2023-08-14T14:01:42.251+0300] {processor.py:179} INFO - Processing /home/soamariaka/.local/lib/python3.9/site-packages/airflow/example_dags/example_python_operator.py took 0.273 seconds
[2023-08-14T14:04:26.090+0300] {processor.py:157} INFO - Started process (PID=13716) to work on /home/soamariaka/.local/lib/python3.9/site-packages/airflow/example_dags/example_python_operator.py
[2023-08-14T14:04:26.136+0300] {processor.py:826} INFO - Processing file /home/soamariaka/.local/lib/python3.9/site-packages/airflow/example_dags/example_python_operator.py for tasks to queue
[2023-08-14T14:04:26.139+0300] {logging_mixin.py:150} INFO - [2023-08-14T14:04:26.138+0300] {dagbag.py:541} INFO - Filling up the DagBag from /home/soamariaka/.local/lib/python3.9/site-packages/airflow/example_dags/example_python_operator.py
[2023-08-14T14:04:26.178+0300] {processor.py:836} INFO - DAG(s) dict_keys(['example_python_operator']) retrieved from /home/soamariaka/.local/lib/python3.9/site-packages/airflow/example_dags/example_python_operator.py
[2023-08-14T14:04:26.207+0300] {logging_mixin.py:150} INFO - [2023-08-14T14:04:26.207+0300] {dag.py:2742} INFO - Sync 1 DAGs
[2023-08-14T14:04:26.258+0300] {logging_mixin.py:150} INFO - [2023-08-14T14:04:26.258+0300] {dag.py:3504} INFO - Setting next_dagrun for example_python_operator to None, run_after=None
[2023-08-14T14:04:26.503+0300] {processor.py:179} INFO - Processing /home/soamariaka/.local/lib/python3.9/site-packages/airflow/example_dags/example_python_operator.py took 0.418 seconds
[2023-08-14T14:05:58.054+0300] {processor.py:157} INFO - Started process (PID=13805) to work on /home/soamariaka/.local/lib/python3.9/site-packages/airflow/example_dags/example_python_operator.py
[2023-08-14T14:05:58.055+0300] {processor.py:826} INFO - Processing file /home/soamariaka/.local/lib/python3.9/site-packages/airflow/example_dags/example_python_operator.py for tasks to queue
[2023-08-14T14:05:58.057+0300] {logging_mixin.py:150} INFO - [2023-08-14T14:05:58.056+0300] {dagbag.py:541} INFO - Filling up the DagBag from /home/soamariaka/.local/lib/python3.9/site-packages/airflow/example_dags/example_python_operator.py
[2023-08-14T14:05:58.075+0300] {processor.py:836} INFO - DAG(s) dict_keys(['example_python_operator']) retrieved from /home/soamariaka/.local/lib/python3.9/site-packages/airflow/example_dags/example_python_operator.py
[2023-08-14T14:05:58.106+0300] {logging_mixin.py:150} INFO - [2023-08-14T14:05:58.106+0300] {dag.py:2742} INFO - Sync 1 DAGs
[2023-08-14T14:05:58.138+0300] {logging_mixin.py:150} INFO - [2023-08-14T14:05:58.138+0300] {dag.py:3504} INFO - Setting next_dagrun for example_python_operator to None, run_after=None
[2023-08-14T14:05:58.344+0300] {processor.py:179} INFO - Processing /home/soamariaka/.local/lib/python3.9/site-packages/airflow/example_dags/example_python_operator.py took 0.295 seconds
[2023-08-14T14:07:09.053+0300] {processor.py:157} INFO - Started process (PID=13888) to work on /home/soamariaka/.local/lib/python3.9/site-packages/airflow/example_dags/example_python_operator.py
[2023-08-14T14:07:09.077+0300] {processor.py:826} INFO - Processing file /home/soamariaka/.local/lib/python3.9/site-packages/airflow/example_dags/example_python_operator.py for tasks to queue
[2023-08-14T14:07:09.092+0300] {logging_mixin.py:150} INFO - [2023-08-14T14:07:09.091+0300] {dagbag.py:541} INFO - Filling up the DagBag from /home/soamariaka/.local/lib/python3.9/site-packages/airflow/example_dags/example_python_operator.py
[2023-08-14T14:07:09.108+0300] {processor.py:836} INFO - DAG(s) dict_keys(['example_python_operator']) retrieved from /home/soamariaka/.local/lib/python3.9/site-packages/airflow/example_dags/example_python_operator.py
[2023-08-14T14:07:09.137+0300] {logging_mixin.py:150} INFO - [2023-08-14T14:07:09.137+0300] {dag.py:2742} INFO - Sync 1 DAGs
[2023-08-14T14:07:09.169+0300] {logging_mixin.py:150} INFO - [2023-08-14T14:07:09.168+0300] {dag.py:3504} INFO - Setting next_dagrun for example_python_operator to None, run_after=None
[2023-08-14T14:07:09.301+0300] {processor.py:179} INFO - Processing /home/soamariaka/.local/lib/python3.9/site-packages/airflow/example_dags/example_python_operator.py took 0.253 seconds
[2023-08-14T14:08:51.278+0300] {processor.py:157} INFO - Started process (PID=14044) to work on /home/soamariaka/.local/lib/python3.9/site-packages/airflow/example_dags/example_python_operator.py
[2023-08-14T14:08:51.348+0300] {processor.py:826} INFO - Processing file /home/soamariaka/.local/lib/python3.9/site-packages/airflow/example_dags/example_python_operator.py for tasks to queue
[2023-08-14T14:08:51.350+0300] {logging_mixin.py:150} INFO - [2023-08-14T14:08:51.349+0300] {dagbag.py:541} INFO - Filling up the DagBag from /home/soamariaka/.local/lib/python3.9/site-packages/airflow/example_dags/example_python_operator.py
[2023-08-14T14:08:51.378+0300] {processor.py:836} INFO - DAG(s) dict_keys(['example_python_operator']) retrieved from /home/soamariaka/.local/lib/python3.9/site-packages/airflow/example_dags/example_python_operator.py
[2023-08-14T14:08:51.441+0300] {logging_mixin.py:150} INFO - [2023-08-14T14:08:51.441+0300] {dag.py:2742} INFO - Sync 1 DAGs
[2023-08-14T14:08:51.503+0300] {logging_mixin.py:150} INFO - [2023-08-14T14:08:51.503+0300] {dag.py:3504} INFO - Setting next_dagrun for example_python_operator to None, run_after=None
[2023-08-14T14:08:51.818+0300] {processor.py:179} INFO - Processing /home/soamariaka/.local/lib/python3.9/site-packages/airflow/example_dags/example_python_operator.py took 0.544 seconds
[2023-08-14T14:10:07.201+0300] {processor.py:157} INFO - Started process (PID=14147) to work on /home/soamariaka/.local/lib/python3.9/site-packages/airflow/example_dags/example_python_operator.py
[2023-08-14T14:10:07.246+0300] {processor.py:826} INFO - Processing file /home/soamariaka/.local/lib/python3.9/site-packages/airflow/example_dags/example_python_operator.py for tasks to queue
[2023-08-14T14:10:07.248+0300] {logging_mixin.py:150} INFO - [2023-08-14T14:10:07.247+0300] {dagbag.py:541} INFO - Filling up the DagBag from /home/soamariaka/.local/lib/python3.9/site-packages/airflow/example_dags/example_python_operator.py
[2023-08-14T14:10:07.267+0300] {processor.py:836} INFO - DAG(s) dict_keys(['example_python_operator']) retrieved from /home/soamariaka/.local/lib/python3.9/site-packages/airflow/example_dags/example_python_operator.py
[2023-08-14T14:10:07.297+0300] {logging_mixin.py:150} INFO - [2023-08-14T14:10:07.297+0300] {dag.py:2742} INFO - Sync 1 DAGs
[2023-08-14T14:10:07.327+0300] {logging_mixin.py:150} INFO - [2023-08-14T14:10:07.327+0300] {dag.py:3504} INFO - Setting next_dagrun for example_python_operator to None, run_after=None
[2023-08-14T14:10:09.649+0300] {processor.py:179} INFO - Processing /home/soamariaka/.local/lib/python3.9/site-packages/airflow/example_dags/example_python_operator.py took 2.454 seconds
[2023-08-14T14:11:58.194+0300] {processor.py:157} INFO - Started process (PID=15099) to work on /home/soamariaka/.local/lib/python3.9/site-packages/airflow/example_dags/example_python_operator.py
[2023-08-14T14:11:58.222+0300] {processor.py:826} INFO - Processing file /home/soamariaka/.local/lib/python3.9/site-packages/airflow/example_dags/example_python_operator.py for tasks to queue
[2023-08-14T14:11:58.223+0300] {logging_mixin.py:150} INFO - [2023-08-14T14:11:58.223+0300] {dagbag.py:541} INFO - Filling up the DagBag from /home/soamariaka/.local/lib/python3.9/site-packages/airflow/example_dags/example_python_operator.py
[2023-08-14T14:11:58.242+0300] {processor.py:836} INFO - DAG(s) dict_keys(['example_python_operator']) retrieved from /home/soamariaka/.local/lib/python3.9/site-packages/airflow/example_dags/example_python_operator.py
[2023-08-14T14:11:58.278+0300] {logging_mixin.py:150} INFO - [2023-08-14T14:11:58.277+0300] {dag.py:2742} INFO - Sync 1 DAGs
[2023-08-14T14:11:58.471+0300] {logging_mixin.py:150} INFO - [2023-08-14T14:11:58.471+0300] {dag.py:3504} INFO - Setting next_dagrun for example_python_operator to None, run_after=None
[2023-08-14T14:11:59.201+0300] {processor.py:179} INFO - Processing /home/soamariaka/.local/lib/python3.9/site-packages/airflow/example_dags/example_python_operator.py took 1.012 seconds
[2023-08-14T14:12:55.604+0300] {processor.py:157} INFO - Started process (PID=15208) to work on /home/soamariaka/.local/lib/python3.9/site-packages/airflow/example_dags/example_python_operator.py
[2023-08-14T14:12:55.641+0300] {processor.py:826} INFO - Processing file /home/soamariaka/.local/lib/python3.9/site-packages/airflow/example_dags/example_python_operator.py for tasks to queue
[2023-08-14T14:12:55.643+0300] {logging_mixin.py:150} INFO - [2023-08-14T14:12:55.642+0300] {dagbag.py:541} INFO - Filling up the DagBag from /home/soamariaka/.local/lib/python3.9/site-packages/airflow/example_dags/example_python_operator.py
[2023-08-14T14:12:55.661+0300] {processor.py:836} INFO - DAG(s) dict_keys(['example_python_operator']) retrieved from /home/soamariaka/.local/lib/python3.9/site-packages/airflow/example_dags/example_python_operator.py
[2023-08-14T14:12:55.697+0300] {logging_mixin.py:150} INFO - [2023-08-14T14:12:55.697+0300] {dag.py:2742} INFO - Sync 1 DAGs
[2023-08-14T14:12:55.729+0300] {logging_mixin.py:150} INFO - [2023-08-14T14:12:55.729+0300] {dag.py:3504} INFO - Setting next_dagrun for example_python_operator to None, run_after=None
[2023-08-14T14:12:55.875+0300] {processor.py:179} INFO - Processing /home/soamariaka/.local/lib/python3.9/site-packages/airflow/example_dags/example_python_operator.py took 0.277 seconds
[2023-08-14T14:14:01.717+0300] {processor.py:157} INFO - Started process (PID=15333) to work on /home/soamariaka/.local/lib/python3.9/site-packages/airflow/example_dags/example_python_operator.py
[2023-08-14T14:14:01.740+0300] {processor.py:826} INFO - Processing file /home/soamariaka/.local/lib/python3.9/site-packages/airflow/example_dags/example_python_operator.py for tasks to queue
[2023-08-14T14:14:01.742+0300] {logging_mixin.py:150} INFO - [2023-08-14T14:14:01.741+0300] {dagbag.py:541} INFO - Filling up the DagBag from /home/soamariaka/.local/lib/python3.9/site-packages/airflow/example_dags/example_python_operator.py
[2023-08-14T14:14:01.767+0300] {processor.py:836} INFO - DAG(s) dict_keys(['example_python_operator']) retrieved from /home/soamariaka/.local/lib/python3.9/site-packages/airflow/example_dags/example_python_operator.py
[2023-08-14T14:14:01.802+0300] {logging_mixin.py:150} INFO - [2023-08-14T14:14:01.801+0300] {dag.py:2742} INFO - Sync 1 DAGs
[2023-08-14T14:14:01.833+0300] {logging_mixin.py:150} INFO - [2023-08-14T14:14:01.832+0300] {dag.py:3504} INFO - Setting next_dagrun for example_python_operator to None, run_after=None
[2023-08-14T14:14:01.984+0300] {processor.py:179} INFO - Processing /home/soamariaka/.local/lib/python3.9/site-packages/airflow/example_dags/example_python_operator.py took 0.273 seconds
[2023-08-14T14:15:03.392+0300] {processor.py:157} INFO - Started process (PID=15414) to work on /home/soamariaka/.local/lib/python3.9/site-packages/airflow/example_dags/example_python_operator.py
[2023-08-14T14:15:03.435+0300] {processor.py:826} INFO - Processing file /home/soamariaka/.local/lib/python3.9/site-packages/airflow/example_dags/example_python_operator.py for tasks to queue
[2023-08-14T14:15:03.436+0300] {logging_mixin.py:150} INFO - [2023-08-14T14:15:03.436+0300] {dagbag.py:541} INFO - Filling up the DagBag from /home/soamariaka/.local/lib/python3.9/site-packages/airflow/example_dags/example_python_operator.py
[2023-08-14T14:15:03.455+0300] {processor.py:836} INFO - DAG(s) dict_keys(['example_python_operator']) retrieved from /home/soamariaka/.local/lib/python3.9/site-packages/airflow/example_dags/example_python_operator.py
[2023-08-14T14:15:03.492+0300] {logging_mixin.py:150} INFO - [2023-08-14T14:15:03.491+0300] {dag.py:2742} INFO - Sync 1 DAGs
[2023-08-14T14:15:03.526+0300] {logging_mixin.py:150} INFO - [2023-08-14T14:15:03.525+0300] {dag.py:3504} INFO - Setting next_dagrun for example_python_operator to None, run_after=None
[2023-08-14T14:15:03.696+0300] {processor.py:179} INFO - Processing /home/soamariaka/.local/lib/python3.9/site-packages/airflow/example_dags/example_python_operator.py took 0.309 seconds
[2023-08-14T14:16:03.500+0300] {processor.py:157} INFO - Started process (PID=15598) to work on /home/soamariaka/.local/lib/python3.9/site-packages/airflow/example_dags/example_python_operator.py
[2023-08-14T14:16:03.502+0300] {processor.py:826} INFO - Processing file /home/soamariaka/.local/lib/python3.9/site-packages/airflow/example_dags/example_python_operator.py for tasks to queue
[2023-08-14T14:16:03.503+0300] {logging_mixin.py:150} INFO - [2023-08-14T14:16:03.503+0300] {dagbag.py:541} INFO - Filling up the DagBag from /home/soamariaka/.local/lib/python3.9/site-packages/airflow/example_dags/example_python_operator.py
[2023-08-14T14:16:03.521+0300] {processor.py:836} INFO - DAG(s) dict_keys(['example_python_operator']) retrieved from /home/soamariaka/.local/lib/python3.9/site-packages/airflow/example_dags/example_python_operator.py
[2023-08-14T14:16:03.566+0300] {logging_mixin.py:150} INFO - [2023-08-14T14:16:03.566+0300] {dag.py:2742} INFO - Sync 1 DAGs
[2023-08-14T14:16:03.609+0300] {logging_mixin.py:150} INFO - [2023-08-14T14:16:03.608+0300] {dag.py:3504} INFO - Setting next_dagrun for example_python_operator to None, run_after=None
[2023-08-14T14:16:03.890+0300] {processor.py:179} INFO - Processing /home/soamariaka/.local/lib/python3.9/site-packages/airflow/example_dags/example_python_operator.py took 0.395 seconds
[2023-08-14T14:17:07.844+0300] {processor.py:157} INFO - Started process (PID=15676) to work on /home/soamariaka/.local/lib/python3.9/site-packages/airflow/example_dags/example_python_operator.py
[2023-08-14T14:17:07.847+0300] {processor.py:826} INFO - Processing file /home/soamariaka/.local/lib/python3.9/site-packages/airflow/example_dags/example_python_operator.py for tasks to queue
[2023-08-14T14:17:07.849+0300] {logging_mixin.py:150} INFO - [2023-08-14T14:17:07.848+0300] {dagbag.py:541} INFO - Filling up the DagBag from /home/soamariaka/.local/lib/python3.9/site-packages/airflow/example_dags/example_python_operator.py
[2023-08-14T14:17:07.868+0300] {processor.py:836} INFO - DAG(s) dict_keys(['example_python_operator']) retrieved from /home/soamariaka/.local/lib/python3.9/site-packages/airflow/example_dags/example_python_operator.py
[2023-08-14T14:17:07.899+0300] {logging_mixin.py:150} INFO - [2023-08-14T14:17:07.899+0300] {dag.py:2742} INFO - Sync 1 DAGs
[2023-08-14T14:17:07.931+0300] {logging_mixin.py:150} INFO - [2023-08-14T14:17:07.931+0300] {dag.py:3504} INFO - Setting next_dagrun for example_python_operator to None, run_after=None
[2023-08-14T14:17:08.258+0300] {processor.py:179} INFO - Processing /home/soamariaka/.local/lib/python3.9/site-packages/airflow/example_dags/example_python_operator.py took 0.420 seconds
[2023-08-14T14:18:36.492+0300] {processor.py:157} INFO - Started process (PID=15903) to work on /home/soamariaka/.local/lib/python3.9/site-packages/airflow/example_dags/example_python_operator.py
[2023-08-14T14:18:36.494+0300] {processor.py:826} INFO - Processing file /home/soamariaka/.local/lib/python3.9/site-packages/airflow/example_dags/example_python_operator.py for tasks to queue
[2023-08-14T14:18:36.496+0300] {logging_mixin.py:150} INFO - [2023-08-14T14:18:36.495+0300] {dagbag.py:541} INFO - Filling up the DagBag from /home/soamariaka/.local/lib/python3.9/site-packages/airflow/example_dags/example_python_operator.py
[2023-08-14T14:18:36.514+0300] {processor.py:836} INFO - DAG(s) dict_keys(['example_python_operator']) retrieved from /home/soamariaka/.local/lib/python3.9/site-packages/airflow/example_dags/example_python_operator.py
[2023-08-14T14:18:36.547+0300] {logging_mixin.py:150} INFO - [2023-08-14T14:18:36.547+0300] {dag.py:2742} INFO - Sync 1 DAGs
[2023-08-14T14:18:36.588+0300] {logging_mixin.py:150} INFO - [2023-08-14T14:18:36.588+0300] {dag.py:3504} INFO - Setting next_dagrun for example_python_operator to None, run_after=None
[2023-08-14T14:18:36.732+0300] {processor.py:179} INFO - Processing /home/soamariaka/.local/lib/python3.9/site-packages/airflow/example_dags/example_python_operator.py took 0.246 seconds
[2023-08-14T14:19:35.749+0300] {processor.py:157} INFO - Started process (PID=15959) to work on /home/soamariaka/.local/lib/python3.9/site-packages/airflow/example_dags/example_python_operator.py
[2023-08-14T14:19:35.752+0300] {processor.py:826} INFO - Processing file /home/soamariaka/.local/lib/python3.9/site-packages/airflow/example_dags/example_python_operator.py for tasks to queue
[2023-08-14T14:19:35.753+0300] {logging_mixin.py:150} INFO - [2023-08-14T14:19:35.753+0300] {dagbag.py:541} INFO - Filling up the DagBag from /home/soamariaka/.local/lib/python3.9/site-packages/airflow/example_dags/example_python_operator.py
[2023-08-14T14:19:35.772+0300] {processor.py:836} INFO - DAG(s) dict_keys(['example_python_operator']) retrieved from /home/soamariaka/.local/lib/python3.9/site-packages/airflow/example_dags/example_python_operator.py
[2023-08-14T14:19:35.803+0300] {logging_mixin.py:150} INFO - [2023-08-14T14:19:35.803+0300] {dag.py:2742} INFO - Sync 1 DAGs
[2023-08-14T14:19:35.833+0300] {logging_mixin.py:150} INFO - [2023-08-14T14:19:35.833+0300] {dag.py:3504} INFO - Setting next_dagrun for example_python_operator to None, run_after=None
[2023-08-14T14:19:36.143+0300] {processor.py:179} INFO - Processing /home/soamariaka/.local/lib/python3.9/site-packages/airflow/example_dags/example_python_operator.py took 0.399 seconds
[2023-08-14T14:21:08.858+0300] {processor.py:157} INFO - Started process (PID=16073) to work on /home/soamariaka/.local/lib/python3.9/site-packages/airflow/example_dags/example_python_operator.py
[2023-08-14T14:21:08.903+0300] {processor.py:826} INFO - Processing file /home/soamariaka/.local/lib/python3.9/site-packages/airflow/example_dags/example_python_operator.py for tasks to queue
[2023-08-14T14:21:08.929+0300] {logging_mixin.py:150} INFO - [2023-08-14T14:21:08.929+0300] {dagbag.py:541} INFO - Filling up the DagBag from /home/soamariaka/.local/lib/python3.9/site-packages/airflow/example_dags/example_python_operator.py
[2023-08-14T14:21:08.955+0300] {processor.py:836} INFO - DAG(s) dict_keys(['example_python_operator']) retrieved from /home/soamariaka/.local/lib/python3.9/site-packages/airflow/example_dags/example_python_operator.py
[2023-08-14T14:21:09.130+0300] {logging_mixin.py:150} INFO - [2023-08-14T14:21:09.129+0300] {dag.py:2742} INFO - Sync 1 DAGs
[2023-08-14T14:21:09.181+0300] {logging_mixin.py:150} INFO - [2023-08-14T14:21:09.180+0300] {dag.py:3504} INFO - Setting next_dagrun for example_python_operator to None, run_after=None
[2023-08-14T14:21:09.587+0300] {processor.py:179} INFO - Processing /home/soamariaka/.local/lib/python3.9/site-packages/airflow/example_dags/example_python_operator.py took 0.733 seconds
[2023-08-14T14:22:19.492+0300] {processor.py:157} INFO - Started process (PID=16142) to work on /home/soamariaka/.local/lib/python3.9/site-packages/airflow/example_dags/example_python_operator.py
[2023-08-14T14:22:19.494+0300] {processor.py:826} INFO - Processing file /home/soamariaka/.local/lib/python3.9/site-packages/airflow/example_dags/example_python_operator.py for tasks to queue
[2023-08-14T14:22:19.496+0300] {logging_mixin.py:150} INFO - [2023-08-14T14:22:19.495+0300] {dagbag.py:541} INFO - Filling up the DagBag from /home/soamariaka/.local/lib/python3.9/site-packages/airflow/example_dags/example_python_operator.py
[2023-08-14T14:22:19.514+0300] {processor.py:836} INFO - DAG(s) dict_keys(['example_python_operator']) retrieved from /home/soamariaka/.local/lib/python3.9/site-packages/airflow/example_dags/example_python_operator.py
[2023-08-14T14:22:19.545+0300] {logging_mixin.py:150} INFO - [2023-08-14T14:22:19.545+0300] {dag.py:2742} INFO - Sync 1 DAGs
[2023-08-14T14:22:19.576+0300] {logging_mixin.py:150} INFO - [2023-08-14T14:22:19.576+0300] {dag.py:3504} INFO - Setting next_dagrun for example_python_operator to None, run_after=None
[2023-08-14T14:22:19.730+0300] {processor.py:179} INFO - Processing /home/soamariaka/.local/lib/python3.9/site-packages/airflow/example_dags/example_python_operator.py took 0.244 seconds
[2023-08-14T14:23:18.444+0300] {processor.py:157} INFO - Started process (PID=16198) to work on /home/soamariaka/.local/lib/python3.9/site-packages/airflow/example_dags/example_python_operator.py
[2023-08-14T14:23:18.447+0300] {processor.py:826} INFO - Processing file /home/soamariaka/.local/lib/python3.9/site-packages/airflow/example_dags/example_python_operator.py for tasks to queue
[2023-08-14T14:23:18.448+0300] {logging_mixin.py:150} INFO - [2023-08-14T14:23:18.448+0300] {dagbag.py:541} INFO - Filling up the DagBag from /home/soamariaka/.local/lib/python3.9/site-packages/airflow/example_dags/example_python_operator.py
[2023-08-14T14:23:18.467+0300] {processor.py:836} INFO - DAG(s) dict_keys(['example_python_operator']) retrieved from /home/soamariaka/.local/lib/python3.9/site-packages/airflow/example_dags/example_python_operator.py
[2023-08-14T14:23:18.499+0300] {logging_mixin.py:150} INFO - [2023-08-14T14:23:18.498+0300] {dag.py:2742} INFO - Sync 1 DAGs
[2023-08-14T14:23:18.529+0300] {logging_mixin.py:150} INFO - [2023-08-14T14:23:18.529+0300] {dag.py:3504} INFO - Setting next_dagrun for example_python_operator to None, run_after=None
[2023-08-14T14:23:18.673+0300] {processor.py:179} INFO - Processing /home/soamariaka/.local/lib/python3.9/site-packages/airflow/example_dags/example_python_operator.py took 0.234 seconds
[2023-08-14T14:24:19.792+0300] {processor.py:157} INFO - Started process (PID=16391) to work on /home/soamariaka/.local/lib/python3.9/site-packages/airflow/example_dags/example_python_operator.py
[2023-08-14T14:24:19.795+0300] {processor.py:826} INFO - Processing file /home/soamariaka/.local/lib/python3.9/site-packages/airflow/example_dags/example_python_operator.py for tasks to queue
[2023-08-14T14:24:19.796+0300] {logging_mixin.py:150} INFO - [2023-08-14T14:24:19.796+0300] {dagbag.py:541} INFO - Filling up the DagBag from /home/soamariaka/.local/lib/python3.9/site-packages/airflow/example_dags/example_python_operator.py
[2023-08-14T14:24:19.815+0300] {processor.py:836} INFO - DAG(s) dict_keys(['example_python_operator']) retrieved from /home/soamariaka/.local/lib/python3.9/site-packages/airflow/example_dags/example_python_operator.py
[2023-08-14T14:24:19.846+0300] {logging_mixin.py:150} INFO - [2023-08-14T14:24:19.846+0300] {dag.py:2742} INFO - Sync 1 DAGs
[2023-08-14T14:24:19.877+0300] {logging_mixin.py:150} INFO - [2023-08-14T14:24:19.876+0300] {dag.py:3504} INFO - Setting next_dagrun for example_python_operator to None, run_after=None
[2023-08-14T14:24:20.014+0300] {processor.py:179} INFO - Processing /home/soamariaka/.local/lib/python3.9/site-packages/airflow/example_dags/example_python_operator.py took 0.228 seconds
[2023-08-14T14:25:15.433+0300] {processor.py:157} INFO - Started process (PID=16597) to work on /home/soamariaka/.local/lib/python3.9/site-packages/airflow/example_dags/example_python_operator.py
[2023-08-14T14:25:15.436+0300] {processor.py:826} INFO - Processing file /home/soamariaka/.local/lib/python3.9/site-packages/airflow/example_dags/example_python_operator.py for tasks to queue
[2023-08-14T14:25:15.437+0300] {logging_mixin.py:150} INFO - [2023-08-14T14:25:15.437+0300] {dagbag.py:541} INFO - Filling up the DagBag from /home/soamariaka/.local/lib/python3.9/site-packages/airflow/example_dags/example_python_operator.py
[2023-08-14T14:25:15.455+0300] {processor.py:836} INFO - DAG(s) dict_keys(['example_python_operator']) retrieved from /home/soamariaka/.local/lib/python3.9/site-packages/airflow/example_dags/example_python_operator.py
[2023-08-14T14:25:15.484+0300] {logging_mixin.py:150} INFO - [2023-08-14T14:25:15.484+0300] {dag.py:2742} INFO - Sync 1 DAGs
[2023-08-14T14:25:15.515+0300] {logging_mixin.py:150} INFO - [2023-08-14T14:25:15.515+0300] {dag.py:3504} INFO - Setting next_dagrun for example_python_operator to None, run_after=None
[2023-08-14T14:25:15.658+0300] {processor.py:179} INFO - Processing /home/soamariaka/.local/lib/python3.9/site-packages/airflow/example_dags/example_python_operator.py took 0.230 seconds
[2023-08-14T14:26:19.345+0300] {processor.py:157} INFO - Started process (PID=16720) to work on /home/soamariaka/.local/lib/python3.9/site-packages/airflow/example_dags/example_python_operator.py
[2023-08-14T14:26:19.348+0300] {processor.py:826} INFO - Processing file /home/soamariaka/.local/lib/python3.9/site-packages/airflow/example_dags/example_python_operator.py for tasks to queue
[2023-08-14T14:26:19.350+0300] {logging_mixin.py:150} INFO - [2023-08-14T14:26:19.349+0300] {dagbag.py:541} INFO - Filling up the DagBag from /home/soamariaka/.local/lib/python3.9/site-packages/airflow/example_dags/example_python_operator.py
[2023-08-14T14:26:19.368+0300] {processor.py:836} INFO - DAG(s) dict_keys(['example_python_operator']) retrieved from /home/soamariaka/.local/lib/python3.9/site-packages/airflow/example_dags/example_python_operator.py
[2023-08-14T14:26:19.399+0300] {logging_mixin.py:150} INFO - [2023-08-14T14:26:19.399+0300] {dag.py:2742} INFO - Sync 1 DAGs
[2023-08-14T14:26:19.431+0300] {logging_mixin.py:150} INFO - [2023-08-14T14:26:19.431+0300] {dag.py:3504} INFO - Setting next_dagrun for example_python_operator to None, run_after=None
[2023-08-14T14:26:19.662+0300] {processor.py:179} INFO - Processing /home/soamariaka/.local/lib/python3.9/site-packages/airflow/example_dags/example_python_operator.py took 0.323 seconds
[2023-08-14T14:27:16.993+0300] {processor.py:157} INFO - Started process (PID=16780) to work on /home/soamariaka/.local/lib/python3.9/site-packages/airflow/example_dags/example_python_operator.py
[2023-08-14T14:27:17.023+0300] {processor.py:826} INFO - Processing file /home/soamariaka/.local/lib/python3.9/site-packages/airflow/example_dags/example_python_operator.py for tasks to queue
[2023-08-14T14:27:17.025+0300] {logging_mixin.py:150} INFO - [2023-08-14T14:27:17.024+0300] {dagbag.py:541} INFO - Filling up the DagBag from /home/soamariaka/.local/lib/python3.9/site-packages/airflow/example_dags/example_python_operator.py
[2023-08-14T14:27:17.043+0300] {processor.py:836} INFO - DAG(s) dict_keys(['example_python_operator']) retrieved from /home/soamariaka/.local/lib/python3.9/site-packages/airflow/example_dags/example_python_operator.py
[2023-08-14T14:27:17.079+0300] {logging_mixin.py:150} INFO - [2023-08-14T14:27:17.078+0300] {dag.py:2742} INFO - Sync 1 DAGs
[2023-08-14T14:27:17.110+0300] {logging_mixin.py:150} INFO - [2023-08-14T14:27:17.110+0300] {dag.py:3504} INFO - Setting next_dagrun for example_python_operator to None, run_after=None
[2023-08-14T14:27:17.244+0300] {processor.py:179} INFO - Processing /home/soamariaka/.local/lib/python3.9/site-packages/airflow/example_dags/example_python_operator.py took 0.256 seconds
[2023-08-14T14:28:20.633+0300] {processor.py:157} INFO - Started process (PID=16933) to work on /home/soamariaka/.local/lib/python3.9/site-packages/airflow/example_dags/example_python_operator.py
[2023-08-14T14:28:20.636+0300] {processor.py:826} INFO - Processing file /home/soamariaka/.local/lib/python3.9/site-packages/airflow/example_dags/example_python_operator.py for tasks to queue
[2023-08-14T14:28:20.637+0300] {logging_mixin.py:150} INFO - [2023-08-14T14:28:20.637+0300] {dagbag.py:541} INFO - Filling up the DagBag from /home/soamariaka/.local/lib/python3.9/site-packages/airflow/example_dags/example_python_operator.py
[2023-08-14T14:28:20.656+0300] {processor.py:836} INFO - DAG(s) dict_keys(['example_python_operator']) retrieved from /home/soamariaka/.local/lib/python3.9/site-packages/airflow/example_dags/example_python_operator.py
[2023-08-14T14:28:20.687+0300] {logging_mixin.py:150} INFO - [2023-08-14T14:28:20.687+0300] {dag.py:2742} INFO - Sync 1 DAGs
[2023-08-14T14:28:20.718+0300] {logging_mixin.py:150} INFO - [2023-08-14T14:28:20.717+0300] {dag.py:3504} INFO - Setting next_dagrun for example_python_operator to None, run_after=None
[2023-08-14T14:28:20.861+0300] {processor.py:179} INFO - Processing /home/soamariaka/.local/lib/python3.9/site-packages/airflow/example_dags/example_python_operator.py took 0.234 seconds
[2023-08-14T14:29:20.524+0300] {processor.py:157} INFO - Started process (PID=17053) to work on /home/soamariaka/.local/lib/python3.9/site-packages/airflow/example_dags/example_python_operator.py
[2023-08-14T14:29:20.526+0300] {processor.py:826} INFO - Processing file /home/soamariaka/.local/lib/python3.9/site-packages/airflow/example_dags/example_python_operator.py for tasks to queue
[2023-08-14T14:29:20.527+0300] {logging_mixin.py:150} INFO - [2023-08-14T14:29:20.527+0300] {dagbag.py:541} INFO - Filling up the DagBag from /home/soamariaka/.local/lib/python3.9/site-packages/airflow/example_dags/example_python_operator.py
[2023-08-14T14:29:20.542+0300] {processor.py:836} INFO - DAG(s) dict_keys(['example_python_operator']) retrieved from /home/soamariaka/.local/lib/python3.9/site-packages/airflow/example_dags/example_python_operator.py
[2023-08-14T14:29:20.571+0300] {logging_mixin.py:150} INFO - [2023-08-14T14:29:20.570+0300] {dag.py:2742} INFO - Sync 1 DAGs
[2023-08-14T14:29:20.602+0300] {logging_mixin.py:150} INFO - [2023-08-14T14:29:20.602+0300] {dag.py:3504} INFO - Setting next_dagrun for example_python_operator to None, run_after=None
[2023-08-14T14:29:20.730+0300] {processor.py:179} INFO - Processing /home/soamariaka/.local/lib/python3.9/site-packages/airflow/example_dags/example_python_operator.py took 0.211 seconds
[2023-08-14T14:30:16.703+0300] {processor.py:157} INFO - Started process (PID=17222) to work on /home/soamariaka/.local/lib/python3.9/site-packages/airflow/example_dags/example_python_operator.py
[2023-08-14T14:30:16.706+0300] {processor.py:826} INFO - Processing file /home/soamariaka/.local/lib/python3.9/site-packages/airflow/example_dags/example_python_operator.py for tasks to queue
[2023-08-14T14:30:16.707+0300] {logging_mixin.py:150} INFO - [2023-08-14T14:30:16.707+0300] {dagbag.py:541} INFO - Filling up the DagBag from /home/soamariaka/.local/lib/python3.9/site-packages/airflow/example_dags/example_python_operator.py
[2023-08-14T14:30:16.726+0300] {processor.py:836} INFO - DAG(s) dict_keys(['example_python_operator']) retrieved from /home/soamariaka/.local/lib/python3.9/site-packages/airflow/example_dags/example_python_operator.py
[2023-08-14T14:30:16.757+0300] {logging_mixin.py:150} INFO - [2023-08-14T14:30:16.757+0300] {dag.py:2742} INFO - Sync 1 DAGs
[2023-08-14T14:30:16.789+0300] {logging_mixin.py:150} INFO - [2023-08-14T14:30:16.788+0300] {dag.py:3504} INFO - Setting next_dagrun for example_python_operator to None, run_after=None
[2023-08-14T14:30:16.960+0300] {processor.py:179} INFO - Processing /home/soamariaka/.local/lib/python3.9/site-packages/airflow/example_dags/example_python_operator.py took 0.262 seconds
[2023-08-14T14:31:11.196+0300] {processor.py:157} INFO - Started process (PID=17274) to work on /home/soamariaka/.local/lib/python3.9/site-packages/airflow/example_dags/example_python_operator.py
[2023-08-14T14:31:11.198+0300] {processor.py:826} INFO - Processing file /home/soamariaka/.local/lib/python3.9/site-packages/airflow/example_dags/example_python_operator.py for tasks to queue
[2023-08-14T14:31:11.200+0300] {logging_mixin.py:150} INFO - [2023-08-14T14:31:11.199+0300] {dagbag.py:541} INFO - Filling up the DagBag from /home/soamariaka/.local/lib/python3.9/site-packages/airflow/example_dags/example_python_operator.py
[2023-08-14T14:31:11.218+0300] {processor.py:836} INFO - DAG(s) dict_keys(['example_python_operator']) retrieved from /home/soamariaka/.local/lib/python3.9/site-packages/airflow/example_dags/example_python_operator.py
[2023-08-14T14:31:11.250+0300] {logging_mixin.py:150} INFO - [2023-08-14T14:31:11.250+0300] {dag.py:2742} INFO - Sync 1 DAGs
[2023-08-14T14:31:11.281+0300] {logging_mixin.py:150} INFO - [2023-08-14T14:31:11.281+0300] {dag.py:3504} INFO - Setting next_dagrun for example_python_operator to None, run_after=None
[2023-08-14T14:31:11.417+0300] {processor.py:179} INFO - Processing /home/soamariaka/.local/lib/python3.9/site-packages/airflow/example_dags/example_python_operator.py took 0.227 seconds
[2023-08-14T14:32:11.316+0300] {processor.py:157} INFO - Started process (PID=17394) to work on /home/soamariaka/.local/lib/python3.9/site-packages/airflow/example_dags/example_python_operator.py
[2023-08-14T14:32:11.318+0300] {processor.py:826} INFO - Processing file /home/soamariaka/.local/lib/python3.9/site-packages/airflow/example_dags/example_python_operator.py for tasks to queue
[2023-08-14T14:32:11.319+0300] {logging_mixin.py:150} INFO - [2023-08-14T14:32:11.318+0300] {dagbag.py:541} INFO - Filling up the DagBag from /home/soamariaka/.local/lib/python3.9/site-packages/airflow/example_dags/example_python_operator.py
[2023-08-14T14:32:11.333+0300] {processor.py:836} INFO - DAG(s) dict_keys(['example_python_operator']) retrieved from /home/soamariaka/.local/lib/python3.9/site-packages/airflow/example_dags/example_python_operator.py
[2023-08-14T14:32:11.362+0300] {logging_mixin.py:150} INFO - [2023-08-14T14:32:11.362+0300] {dag.py:2742} INFO - Sync 1 DAGs
[2023-08-14T14:32:11.393+0300] {logging_mixin.py:150} INFO - [2023-08-14T14:32:11.393+0300] {dag.py:3504} INFO - Setting next_dagrun for example_python_operator to None, run_after=None
[2023-08-14T14:32:11.526+0300] {processor.py:179} INFO - Processing /home/soamariaka/.local/lib/python3.9/site-packages/airflow/example_dags/example_python_operator.py took 0.215 seconds
[2023-08-14T14:33:10.596+0300] {processor.py:157} INFO - Started process (PID=17544) to work on /home/soamariaka/.local/lib/python3.9/site-packages/airflow/example_dags/example_python_operator.py
[2023-08-14T14:33:10.598+0300] {processor.py:826} INFO - Processing file /home/soamariaka/.local/lib/python3.9/site-packages/airflow/example_dags/example_python_operator.py for tasks to queue
[2023-08-14T14:33:10.600+0300] {logging_mixin.py:150} INFO - [2023-08-14T14:33:10.599+0300] {dagbag.py:541} INFO - Filling up the DagBag from /home/soamariaka/.local/lib/python3.9/site-packages/airflow/example_dags/example_python_operator.py
[2023-08-14T14:33:10.618+0300] {processor.py:836} INFO - DAG(s) dict_keys(['example_python_operator']) retrieved from /home/soamariaka/.local/lib/python3.9/site-packages/airflow/example_dags/example_python_operator.py
[2023-08-14T14:33:10.648+0300] {logging_mixin.py:150} INFO - [2023-08-14T14:33:10.648+0300] {dag.py:2742} INFO - Sync 1 DAGs
[2023-08-14T14:33:10.680+0300] {logging_mixin.py:150} INFO - [2023-08-14T14:33:10.680+0300] {dag.py:3504} INFO - Setting next_dagrun for example_python_operator to None, run_after=None
[2023-08-14T14:33:10.799+0300] {processor.py:179} INFO - Processing /home/soamariaka/.local/lib/python3.9/site-packages/airflow/example_dags/example_python_operator.py took 0.208 seconds
[2023-08-14T14:34:09.969+0300] {processor.py:157} INFO - Started process (PID=17599) to work on /home/soamariaka/.local/lib/python3.9/site-packages/airflow/example_dags/example_python_operator.py
[2023-08-14T14:34:09.971+0300] {processor.py:826} INFO - Processing file /home/soamariaka/.local/lib/python3.9/site-packages/airflow/example_dags/example_python_operator.py for tasks to queue
[2023-08-14T14:34:09.973+0300] {logging_mixin.py:150} INFO - [2023-08-14T14:34:09.972+0300] {dagbag.py:541} INFO - Filling up the DagBag from /home/soamariaka/.local/lib/python3.9/site-packages/airflow/example_dags/example_python_operator.py
[2023-08-14T14:34:09.992+0300] {processor.py:836} INFO - DAG(s) dict_keys(['example_python_operator']) retrieved from /home/soamariaka/.local/lib/python3.9/site-packages/airflow/example_dags/example_python_operator.py
[2023-08-14T14:34:10.022+0300] {logging_mixin.py:150} INFO - [2023-08-14T14:34:10.022+0300] {dag.py:2742} INFO - Sync 1 DAGs
[2023-08-14T14:34:10.053+0300] {logging_mixin.py:150} INFO - [2023-08-14T14:34:10.053+0300] {dag.py:3504} INFO - Setting next_dagrun for example_python_operator to None, run_after=None
[2023-08-14T14:34:10.199+0300] {processor.py:179} INFO - Processing /home/soamariaka/.local/lib/python3.9/site-packages/airflow/example_dags/example_python_operator.py took 0.236 seconds
[2023-08-14T14:35:35.749+0300] {processor.py:157} INFO - Started process (PID=17852) to work on /home/soamariaka/.local/lib/python3.9/site-packages/airflow/example_dags/example_python_operator.py
[2023-08-14T14:35:35.752+0300] {processor.py:826} INFO - Processing file /home/soamariaka/.local/lib/python3.9/site-packages/airflow/example_dags/example_python_operator.py for tasks to queue
[2023-08-14T14:35:35.753+0300] {logging_mixin.py:150} INFO - [2023-08-14T14:35:35.753+0300] {dagbag.py:541} INFO - Filling up the DagBag from /home/soamariaka/.local/lib/python3.9/site-packages/airflow/example_dags/example_python_operator.py
[2023-08-14T14:35:35.772+0300] {processor.py:836} INFO - DAG(s) dict_keys(['example_python_operator']) retrieved from /home/soamariaka/.local/lib/python3.9/site-packages/airflow/example_dags/example_python_operator.py
[2023-08-14T14:35:35.804+0300] {logging_mixin.py:150} INFO - [2023-08-14T14:35:35.803+0300] {dag.py:2742} INFO - Sync 1 DAGs
[2023-08-14T14:35:35.835+0300] {logging_mixin.py:150} INFO - [2023-08-14T14:35:35.834+0300] {dag.py:3504} INFO - Setting next_dagrun for example_python_operator to None, run_after=None
[2023-08-14T14:35:36.090+0300] {processor.py:179} INFO - Processing /home/soamariaka/.local/lib/python3.9/site-packages/airflow/example_dags/example_python_operator.py took 0.347 seconds
[2023-08-14T14:37:17.838+0300] {processor.py:157} INFO - Started process (PID=18051) to work on /home/soamariaka/.local/lib/python3.9/site-packages/airflow/example_dags/example_python_operator.py
[2023-08-14T14:37:17.841+0300] {processor.py:826} INFO - Processing file /home/soamariaka/.local/lib/python3.9/site-packages/airflow/example_dags/example_python_operator.py for tasks to queue
[2023-08-14T14:37:17.842+0300] {logging_mixin.py:150} INFO - [2023-08-14T14:37:17.842+0300] {dagbag.py:541} INFO - Filling up the DagBag from /home/soamariaka/.local/lib/python3.9/site-packages/airflow/example_dags/example_python_operator.py
[2023-08-14T14:37:17.861+0300] {processor.py:836} INFO - DAG(s) dict_keys(['example_python_operator']) retrieved from /home/soamariaka/.local/lib/python3.9/site-packages/airflow/example_dags/example_python_operator.py
[2023-08-14T14:37:17.892+0300] {logging_mixin.py:150} INFO - [2023-08-14T14:37:17.892+0300] {dag.py:2742} INFO - Sync 1 DAGs
[2023-08-14T14:37:17.925+0300] {logging_mixin.py:150} INFO - [2023-08-14T14:37:17.925+0300] {dag.py:3504} INFO - Setting next_dagrun for example_python_operator to None, run_after=None
[2023-08-14T14:37:18.224+0300] {processor.py:179} INFO - Processing /home/soamariaka/.local/lib/python3.9/site-packages/airflow/example_dags/example_python_operator.py took 0.392 seconds
[2023-08-14T14:38:18.266+0300] {processor.py:157} INFO - Started process (PID=18234) to work on /home/soamariaka/.local/lib/python3.9/site-packages/airflow/example_dags/example_python_operator.py
[2023-08-14T14:38:18.270+0300] {processor.py:826} INFO - Processing file /home/soamariaka/.local/lib/python3.9/site-packages/airflow/example_dags/example_python_operator.py for tasks to queue
[2023-08-14T14:38:18.272+0300] {logging_mixin.py:150} INFO - [2023-08-14T14:38:18.271+0300] {dagbag.py:541} INFO - Filling up the DagBag from /home/soamariaka/.local/lib/python3.9/site-packages/airflow/example_dags/example_python_operator.py
[2023-08-14T14:38:18.296+0300] {processor.py:836} INFO - DAG(s) dict_keys(['example_python_operator']) retrieved from /home/soamariaka/.local/lib/python3.9/site-packages/airflow/example_dags/example_python_operator.py
[2023-08-14T14:38:18.329+0300] {logging_mixin.py:150} INFO - [2023-08-14T14:38:18.329+0300] {dag.py:2742} INFO - Sync 1 DAGs
[2023-08-14T14:38:18.360+0300] {logging_mixin.py:150} INFO - [2023-08-14T14:38:18.360+0300] {dag.py:3504} INFO - Setting next_dagrun for example_python_operator to None, run_after=None
[2023-08-14T14:38:18.593+0300] {processor.py:179} INFO - Processing /home/soamariaka/.local/lib/python3.9/site-packages/airflow/example_dags/example_python_operator.py took 0.332 seconds
[2023-08-14T14:39:26.568+0300] {processor.py:157} INFO - Started process (PID=18389) to work on /home/soamariaka/.local/lib/python3.9/site-packages/airflow/example_dags/example_python_operator.py
[2023-08-14T14:39:26.570+0300] {processor.py:826} INFO - Processing file /home/soamariaka/.local/lib/python3.9/site-packages/airflow/example_dags/example_python_operator.py for tasks to queue
[2023-08-14T14:39:26.572+0300] {logging_mixin.py:150} INFO - [2023-08-14T14:39:26.571+0300] {dagbag.py:541} INFO - Filling up the DagBag from /home/soamariaka/.local/lib/python3.9/site-packages/airflow/example_dags/example_python_operator.py
[2023-08-14T14:39:26.590+0300] {processor.py:836} INFO - DAG(s) dict_keys(['example_python_operator']) retrieved from /home/soamariaka/.local/lib/python3.9/site-packages/airflow/example_dags/example_python_operator.py
[2023-08-14T14:39:26.622+0300] {logging_mixin.py:150} INFO - [2023-08-14T14:39:26.622+0300] {dag.py:2742} INFO - Sync 1 DAGs
[2023-08-14T14:39:26.653+0300] {logging_mixin.py:150} INFO - [2023-08-14T14:39:26.652+0300] {dag.py:3504} INFO - Setting next_dagrun for example_python_operator to None, run_after=None
[2023-08-14T14:39:26.785+0300] {processor.py:179} INFO - Processing /home/soamariaka/.local/lib/python3.9/site-packages/airflow/example_dags/example_python_operator.py took 0.222 seconds
[2023-08-14T14:40:53.204+0300] {processor.py:157} INFO - Started process (PID=18645) to work on /home/soamariaka/.local/lib/python3.9/site-packages/airflow/example_dags/example_python_operator.py
[2023-08-14T14:40:53.226+0300] {processor.py:826} INFO - Processing file /home/soamariaka/.local/lib/python3.9/site-packages/airflow/example_dags/example_python_operator.py for tasks to queue
[2023-08-14T14:40:53.228+0300] {logging_mixin.py:150} INFO - [2023-08-14T14:40:53.227+0300] {dagbag.py:541} INFO - Filling up the DagBag from /home/soamariaka/.local/lib/python3.9/site-packages/airflow/example_dags/example_python_operator.py
[2023-08-14T14:40:53.245+0300] {processor.py:836} INFO - DAG(s) dict_keys(['example_python_operator']) retrieved from /home/soamariaka/.local/lib/python3.9/site-packages/airflow/example_dags/example_python_operator.py
[2023-08-14T14:40:53.279+0300] {logging_mixin.py:150} INFO - [2023-08-14T14:40:53.279+0300] {dag.py:2742} INFO - Sync 1 DAGs
[2023-08-14T14:40:53.319+0300] {logging_mixin.py:150} INFO - [2023-08-14T14:40:53.318+0300] {dag.py:3504} INFO - Setting next_dagrun for example_python_operator to None, run_after=None
[2023-08-14T14:40:53.445+0300] {processor.py:179} INFO - Processing /home/soamariaka/.local/lib/python3.9/site-packages/airflow/example_dags/example_python_operator.py took 0.246 seconds
