[2023-08-14T13:33:40.504+0300] {processor.py:157} INFO - Started process (PID=10794) to work on /home/soamariaka/.local/lib/python3.9/site-packages/airflow/example_dags/example_bash_operator.py
[2023-08-14T13:33:40.505+0300] {processor.py:826} INFO - Processing file /home/soamariaka/.local/lib/python3.9/site-packages/airflow/example_dags/example_bash_operator.py for tasks to queue
[2023-08-14T13:33:40.507+0300] {logging_mixin.py:150} INFO - [2023-08-14T13:33:40.506+0300] {dagbag.py:541} INFO - Filling up the DagBag from /home/soamariaka/.local/lib/python3.9/site-packages/airflow/example_dags/example_bash_operator.py
[2023-08-14T13:33:40.526+0300] {processor.py:836} INFO - DAG(s) dict_keys(['example_bash_operator']) retrieved from /home/soamariaka/.local/lib/python3.9/site-packages/airflow/example_dags/example_bash_operator.py
[2023-08-14T13:33:40.565+0300] {logging_mixin.py:150} INFO - [2023-08-14T13:33:40.564+0300] {dag.py:2742} INFO - Sync 1 DAGs
[2023-08-14T13:33:40.599+0300] {logging_mixin.py:150} INFO - [2023-08-14T13:33:40.598+0300] {dag.py:3504} INFO - Setting next_dagrun for example_bash_operator to 2023-08-13T00:00:00+00:00, run_after=2023-08-14T00:00:00+00:00
[2023-08-14T13:33:40.729+0300] {processor.py:179} INFO - Processing /home/soamariaka/.local/lib/python3.9/site-packages/airflow/example_dags/example_bash_operator.py took 0.231 seconds
[2023-08-14T13:35:11.437+0300] {processor.py:157} INFO - Started process (PID=10993) to work on /home/soamariaka/.local/lib/python3.9/site-packages/airflow/example_dags/example_bash_operator.py
[2023-08-14T13:35:11.440+0300] {processor.py:826} INFO - Processing file /home/soamariaka/.local/lib/python3.9/site-packages/airflow/example_dags/example_bash_operator.py for tasks to queue
[2023-08-14T13:35:11.442+0300] {logging_mixin.py:150} INFO - [2023-08-14T13:35:11.441+0300] {dagbag.py:541} INFO - Filling up the DagBag from /home/soamariaka/.local/lib/python3.9/site-packages/airflow/example_dags/example_bash_operator.py
[2023-08-14T13:35:11.465+0300] {processor.py:836} INFO - DAG(s) dict_keys(['example_bash_operator']) retrieved from /home/soamariaka/.local/lib/python3.9/site-packages/airflow/example_dags/example_bash_operator.py
[2023-08-14T13:35:11.505+0300] {logging_mixin.py:150} INFO - [2023-08-14T13:35:11.504+0300] {dag.py:2742} INFO - Sync 1 DAGs
[2023-08-14T13:35:11.538+0300] {logging_mixin.py:150} INFO - [2023-08-14T13:35:11.538+0300] {dag.py:3504} INFO - Setting next_dagrun for example_bash_operator to 2023-08-13T00:00:00+00:00, run_after=2023-08-14T00:00:00+00:00
[2023-08-14T13:35:11.671+0300] {processor.py:179} INFO - Processing /home/soamariaka/.local/lib/python3.9/site-packages/airflow/example_dags/example_bash_operator.py took 0.239 seconds
[2023-08-14T13:36:17.319+0300] {processor.py:157} INFO - Started process (PID=11085) to work on /home/soamariaka/.local/lib/python3.9/site-packages/airflow/example_dags/example_bash_operator.py
[2023-08-14T13:36:17.322+0300] {processor.py:826} INFO - Processing file /home/soamariaka/.local/lib/python3.9/site-packages/airflow/example_dags/example_bash_operator.py for tasks to queue
[2023-08-14T13:36:17.323+0300] {logging_mixin.py:150} INFO - [2023-08-14T13:36:17.323+0300] {dagbag.py:541} INFO - Filling up the DagBag from /home/soamariaka/.local/lib/python3.9/site-packages/airflow/example_dags/example_bash_operator.py
[2023-08-14T13:36:17.340+0300] {processor.py:836} INFO - DAG(s) dict_keys(['example_bash_operator']) retrieved from /home/soamariaka/.local/lib/python3.9/site-packages/airflow/example_dags/example_bash_operator.py
[2023-08-14T13:36:17.377+0300] {logging_mixin.py:150} INFO - [2023-08-14T13:36:17.377+0300] {dag.py:2742} INFO - Sync 1 DAGs
[2023-08-14T13:36:17.411+0300] {logging_mixin.py:150} INFO - [2023-08-14T13:36:17.411+0300] {dag.py:3504} INFO - Setting next_dagrun for example_bash_operator to 2023-08-13T00:00:00+00:00, run_after=2023-08-14T00:00:00+00:00
[2023-08-14T13:36:17.550+0300] {processor.py:179} INFO - Processing /home/soamariaka/.local/lib/python3.9/site-packages/airflow/example_dags/example_bash_operator.py took 0.235 seconds
[2023-08-14T13:37:14.975+0300] {processor.py:157} INFO - Started process (PID=11152) to work on /home/soamariaka/.local/lib/python3.9/site-packages/airflow/example_dags/example_bash_operator.py
[2023-08-14T13:37:14.978+0300] {processor.py:826} INFO - Processing file /home/soamariaka/.local/lib/python3.9/site-packages/airflow/example_dags/example_bash_operator.py for tasks to queue
[2023-08-14T13:37:14.979+0300] {logging_mixin.py:150} INFO - [2023-08-14T13:37:14.979+0300] {dagbag.py:541} INFO - Filling up the DagBag from /home/soamariaka/.local/lib/python3.9/site-packages/airflow/example_dags/example_bash_operator.py
[2023-08-14T13:37:15.006+0300] {processor.py:836} INFO - DAG(s) dict_keys(['example_bash_operator']) retrieved from /home/soamariaka/.local/lib/python3.9/site-packages/airflow/example_dags/example_bash_operator.py
[2023-08-14T13:37:15.062+0300] {logging_mixin.py:150} INFO - [2023-08-14T13:37:15.062+0300] {dag.py:2742} INFO - Sync 1 DAGs
[2023-08-14T13:37:15.114+0300] {logging_mixin.py:150} INFO - [2023-08-14T13:37:15.113+0300] {dag.py:3504} INFO - Setting next_dagrun for example_bash_operator to 2023-08-13T00:00:00+00:00, run_after=2023-08-14T00:00:00+00:00
[2023-08-14T13:37:15.255+0300] {processor.py:179} INFO - Processing /home/soamariaka/.local/lib/python3.9/site-packages/airflow/example_dags/example_bash_operator.py took 0.287 seconds
[2023-08-14T13:38:14.481+0300] {processor.py:157} INFO - Started process (PID=11269) to work on /home/soamariaka/.local/lib/python3.9/site-packages/airflow/example_dags/example_bash_operator.py
[2023-08-14T13:38:14.484+0300] {processor.py:826} INFO - Processing file /home/soamariaka/.local/lib/python3.9/site-packages/airflow/example_dags/example_bash_operator.py for tasks to queue
[2023-08-14T13:38:14.485+0300] {logging_mixin.py:150} INFO - [2023-08-14T13:38:14.485+0300] {dagbag.py:541} INFO - Filling up the DagBag from /home/soamariaka/.local/lib/python3.9/site-packages/airflow/example_dags/example_bash_operator.py
[2023-08-14T13:38:14.507+0300] {processor.py:836} INFO - DAG(s) dict_keys(['example_bash_operator']) retrieved from /home/soamariaka/.local/lib/python3.9/site-packages/airflow/example_dags/example_bash_operator.py
[2023-08-14T13:38:14.569+0300] {logging_mixin.py:150} INFO - [2023-08-14T13:38:14.569+0300] {dag.py:2742} INFO - Sync 1 DAGs
[2023-08-14T13:38:14.603+0300] {logging_mixin.py:150} INFO - [2023-08-14T13:38:14.602+0300] {dag.py:3504} INFO - Setting next_dagrun for example_bash_operator to 2023-08-13T00:00:00+00:00, run_after=2023-08-14T00:00:00+00:00
[2023-08-14T13:38:14.723+0300] {processor.py:179} INFO - Processing /home/soamariaka/.local/lib/python3.9/site-packages/airflow/example_dags/example_bash_operator.py took 0.247 seconds
[2023-08-14T13:39:19.636+0300] {processor.py:157} INFO - Started process (PID=11422) to work on /home/soamariaka/.local/lib/python3.9/site-packages/airflow/example_dags/example_bash_operator.py
[2023-08-14T13:39:19.638+0300] {processor.py:826} INFO - Processing file /home/soamariaka/.local/lib/python3.9/site-packages/airflow/example_dags/example_bash_operator.py for tasks to queue
[2023-08-14T13:39:19.640+0300] {logging_mixin.py:150} INFO - [2023-08-14T13:39:19.639+0300] {dagbag.py:541} INFO - Filling up the DagBag from /home/soamariaka/.local/lib/python3.9/site-packages/airflow/example_dags/example_bash_operator.py
[2023-08-14T13:39:19.660+0300] {processor.py:836} INFO - DAG(s) dict_keys(['example_bash_operator']) retrieved from /home/soamariaka/.local/lib/python3.9/site-packages/airflow/example_dags/example_bash_operator.py
[2023-08-14T13:39:19.708+0300] {logging_mixin.py:150} INFO - [2023-08-14T13:39:19.707+0300] {dag.py:2742} INFO - Sync 1 DAGs
[2023-08-14T13:39:19.769+0300] {logging_mixin.py:150} INFO - [2023-08-14T13:39:19.769+0300] {dag.py:3504} INFO - Setting next_dagrun for example_bash_operator to 2023-08-13T00:00:00+00:00, run_after=2023-08-14T00:00:00+00:00
[2023-08-14T13:39:20.040+0300] {processor.py:179} INFO - Processing /home/soamariaka/.local/lib/python3.9/site-packages/airflow/example_dags/example_bash_operator.py took 0.410 seconds
[2023-08-14T13:40:20.732+0300] {processor.py:157} INFO - Started process (PID=11493) to work on /home/soamariaka/.local/lib/python3.9/site-packages/airflow/example_dags/example_bash_operator.py
[2023-08-14T13:40:20.735+0300] {processor.py:826} INFO - Processing file /home/soamariaka/.local/lib/python3.9/site-packages/airflow/example_dags/example_bash_operator.py for tasks to queue
[2023-08-14T13:40:20.737+0300] {logging_mixin.py:150} INFO - [2023-08-14T13:40:20.736+0300] {dagbag.py:541} INFO - Filling up the DagBag from /home/soamariaka/.local/lib/python3.9/site-packages/airflow/example_dags/example_bash_operator.py
[2023-08-14T13:40:20.766+0300] {processor.py:836} INFO - DAG(s) dict_keys(['example_bash_operator']) retrieved from /home/soamariaka/.local/lib/python3.9/site-packages/airflow/example_dags/example_bash_operator.py
[2023-08-14T13:40:20.818+0300] {logging_mixin.py:150} INFO - [2023-08-14T13:40:20.818+0300] {dag.py:2742} INFO - Sync 1 DAGs
[2023-08-14T13:40:20.854+0300] {logging_mixin.py:150} INFO - [2023-08-14T13:40:20.854+0300] {dag.py:3504} INFO - Setting next_dagrun for example_bash_operator to 2023-08-13T00:00:00+00:00, run_after=2023-08-14T00:00:00+00:00
[2023-08-14T13:40:20.994+0300] {processor.py:179} INFO - Processing /home/soamariaka/.local/lib/python3.9/site-packages/airflow/example_dags/example_bash_operator.py took 0.268 seconds
[2023-08-14T13:41:16.628+0300] {processor.py:157} INFO - Started process (PID=11576) to work on /home/soamariaka/.local/lib/python3.9/site-packages/airflow/example_dags/example_bash_operator.py
[2023-08-14T13:41:16.630+0300] {processor.py:826} INFO - Processing file /home/soamariaka/.local/lib/python3.9/site-packages/airflow/example_dags/example_bash_operator.py for tasks to queue
[2023-08-14T13:41:16.632+0300] {logging_mixin.py:150} INFO - [2023-08-14T13:41:16.631+0300] {dagbag.py:541} INFO - Filling up the DagBag from /home/soamariaka/.local/lib/python3.9/site-packages/airflow/example_dags/example_bash_operator.py
[2023-08-14T13:41:16.652+0300] {processor.py:836} INFO - DAG(s) dict_keys(['example_bash_operator']) retrieved from /home/soamariaka/.local/lib/python3.9/site-packages/airflow/example_dags/example_bash_operator.py
[2023-08-14T13:41:16.696+0300] {logging_mixin.py:150} INFO - [2023-08-14T13:41:16.696+0300] {dag.py:2742} INFO - Sync 1 DAGs
[2023-08-14T13:41:16.747+0300] {logging_mixin.py:150} INFO - [2023-08-14T13:41:16.747+0300] {dag.py:3504} INFO - Setting next_dagrun for example_bash_operator to 2023-08-13T00:00:00+00:00, run_after=2023-08-14T00:00:00+00:00
[2023-08-14T13:41:16.902+0300] {processor.py:179} INFO - Processing /home/soamariaka/.local/lib/python3.9/site-packages/airflow/example_dags/example_bash_operator.py took 0.280 seconds
[2023-08-14T13:42:15.885+0300] {processor.py:157} INFO - Started process (PID=11626) to work on /home/soamariaka/.local/lib/python3.9/site-packages/airflow/example_dags/example_bash_operator.py
[2023-08-14T13:42:15.887+0300] {processor.py:826} INFO - Processing file /home/soamariaka/.local/lib/python3.9/site-packages/airflow/example_dags/example_bash_operator.py for tasks to queue
[2023-08-14T13:42:15.889+0300] {logging_mixin.py:150} INFO - [2023-08-14T13:42:15.888+0300] {dagbag.py:541} INFO - Filling up the DagBag from /home/soamariaka/.local/lib/python3.9/site-packages/airflow/example_dags/example_bash_operator.py
[2023-08-14T13:42:15.908+0300] {processor.py:836} INFO - DAG(s) dict_keys(['example_bash_operator']) retrieved from /home/soamariaka/.local/lib/python3.9/site-packages/airflow/example_dags/example_bash_operator.py
[2023-08-14T13:42:15.948+0300] {logging_mixin.py:150} INFO - [2023-08-14T13:42:15.948+0300] {dag.py:2742} INFO - Sync 1 DAGs
[2023-08-14T13:42:15.991+0300] {logging_mixin.py:150} INFO - [2023-08-14T13:42:15.991+0300] {dag.py:3504} INFO - Setting next_dagrun for example_bash_operator to 2023-08-13T00:00:00+00:00, run_after=2023-08-14T00:00:00+00:00
[2023-08-14T13:42:16.138+0300] {processor.py:179} INFO - Processing /home/soamariaka/.local/lib/python3.9/site-packages/airflow/example_dags/example_bash_operator.py took 0.259 seconds
[2023-08-14T13:43:35.045+0300] {processor.py:157} INFO - Started process (PID=11732) to work on /home/soamariaka/.local/lib/python3.9/site-packages/airflow/example_dags/example_bash_operator.py
[2023-08-14T13:43:35.047+0300] {processor.py:826} INFO - Processing file /home/soamariaka/.local/lib/python3.9/site-packages/airflow/example_dags/example_bash_operator.py for tasks to queue
[2023-08-14T13:43:35.049+0300] {logging_mixin.py:150} INFO - [2023-08-14T13:43:35.048+0300] {dagbag.py:541} INFO - Filling up the DagBag from /home/soamariaka/.local/lib/python3.9/site-packages/airflow/example_dags/example_bash_operator.py
[2023-08-14T13:43:35.113+0300] {processor.py:836} INFO - DAG(s) dict_keys(['example_bash_operator']) retrieved from /home/soamariaka/.local/lib/python3.9/site-packages/airflow/example_dags/example_bash_operator.py
[2023-08-14T13:43:35.163+0300] {logging_mixin.py:150} INFO - [2023-08-14T13:43:35.163+0300] {dag.py:2742} INFO - Sync 1 DAGs
[2023-08-14T13:43:35.197+0300] {logging_mixin.py:150} INFO - [2023-08-14T13:43:35.197+0300] {dag.py:3504} INFO - Setting next_dagrun for example_bash_operator to 2023-08-13T00:00:00+00:00, run_after=2023-08-14T00:00:00+00:00
[2023-08-14T13:43:35.329+0300] {processor.py:179} INFO - Processing /home/soamariaka/.local/lib/python3.9/site-packages/airflow/example_dags/example_bash_operator.py took 0.290 seconds
[2023-08-14T13:44:37.601+0300] {processor.py:157} INFO - Started process (PID=11782) to work on /home/soamariaka/.local/lib/python3.9/site-packages/airflow/example_dags/example_bash_operator.py
[2023-08-14T13:44:37.634+0300] {processor.py:826} INFO - Processing file /home/soamariaka/.local/lib/python3.9/site-packages/airflow/example_dags/example_bash_operator.py for tasks to queue
[2023-08-14T13:44:37.635+0300] {logging_mixin.py:150} INFO - [2023-08-14T13:44:37.635+0300] {dagbag.py:541} INFO - Filling up the DagBag from /home/soamariaka/.local/lib/python3.9/site-packages/airflow/example_dags/example_bash_operator.py
[2023-08-14T13:44:37.656+0300] {processor.py:836} INFO - DAG(s) dict_keys(['example_bash_operator']) retrieved from /home/soamariaka/.local/lib/python3.9/site-packages/airflow/example_dags/example_bash_operator.py
[2023-08-14T13:44:37.701+0300] {logging_mixin.py:150} INFO - [2023-08-14T13:44:37.700+0300] {dag.py:2742} INFO - Sync 1 DAGs
[2023-08-14T13:44:37.735+0300] {logging_mixin.py:150} INFO - [2023-08-14T13:44:37.735+0300] {dag.py:3504} INFO - Setting next_dagrun for example_bash_operator to 2023-08-13T00:00:00+00:00, run_after=2023-08-14T00:00:00+00:00
[2023-08-14T13:44:37.869+0300] {processor.py:179} INFO - Processing /home/soamariaka/.local/lib/python3.9/site-packages/airflow/example_dags/example_bash_operator.py took 0.273 seconds
[2023-08-14T13:45:45.470+0300] {processor.py:157} INFO - Started process (PID=11894) to work on /home/soamariaka/.local/lib/python3.9/site-packages/airflow/example_dags/example_bash_operator.py
[2023-08-14T13:45:45.487+0300] {processor.py:826} INFO - Processing file /home/soamariaka/.local/lib/python3.9/site-packages/airflow/example_dags/example_bash_operator.py for tasks to queue
[2023-08-14T13:45:45.489+0300] {logging_mixin.py:150} INFO - [2023-08-14T13:45:45.488+0300] {dagbag.py:541} INFO - Filling up the DagBag from /home/soamariaka/.local/lib/python3.9/site-packages/airflow/example_dags/example_bash_operator.py
[2023-08-14T13:45:45.509+0300] {processor.py:836} INFO - DAG(s) dict_keys(['example_bash_operator']) retrieved from /home/soamariaka/.local/lib/python3.9/site-packages/airflow/example_dags/example_bash_operator.py
[2023-08-14T13:45:45.552+0300] {logging_mixin.py:150} INFO - [2023-08-14T13:45:45.552+0300] {dag.py:2742} INFO - Sync 1 DAGs
[2023-08-14T13:45:45.586+0300] {logging_mixin.py:150} INFO - [2023-08-14T13:45:45.586+0300] {dag.py:3504} INFO - Setting next_dagrun for example_bash_operator to 2023-08-13T00:00:00+00:00, run_after=2023-08-14T00:00:00+00:00
[2023-08-14T13:45:45.718+0300] {processor.py:179} INFO - Processing /home/soamariaka/.local/lib/python3.9/site-packages/airflow/example_dags/example_bash_operator.py took 0.254 seconds
[2023-08-14T13:46:48.713+0300] {processor.py:157} INFO - Started process (PID=11950) to work on /home/soamariaka/.local/lib/python3.9/site-packages/airflow/example_dags/example_bash_operator.py
[2023-08-14T13:46:48.745+0300] {processor.py:826} INFO - Processing file /home/soamariaka/.local/lib/python3.9/site-packages/airflow/example_dags/example_bash_operator.py for tasks to queue
[2023-08-14T13:46:48.746+0300] {logging_mixin.py:150} INFO - [2023-08-14T13:46:48.746+0300] {dagbag.py:541} INFO - Filling up the DagBag from /home/soamariaka/.local/lib/python3.9/site-packages/airflow/example_dags/example_bash_operator.py
[2023-08-14T13:46:48.768+0300] {processor.py:836} INFO - DAG(s) dict_keys(['example_bash_operator']) retrieved from /home/soamariaka/.local/lib/python3.9/site-packages/airflow/example_dags/example_bash_operator.py
[2023-08-14T13:46:48.814+0300] {logging_mixin.py:150} INFO - [2023-08-14T13:46:48.813+0300] {dag.py:2742} INFO - Sync 1 DAGs
[2023-08-14T13:46:48.847+0300] {logging_mixin.py:150} INFO - [2023-08-14T13:46:48.847+0300] {dag.py:3504} INFO - Setting next_dagrun for example_bash_operator to 2023-08-13T00:00:00+00:00, run_after=2023-08-14T00:00:00+00:00
[2023-08-14T13:46:49.067+0300] {processor.py:179} INFO - Processing /home/soamariaka/.local/lib/python3.9/site-packages/airflow/example_dags/example_bash_operator.py took 0.358 seconds
[2023-08-14T13:47:49.195+0300] {processor.py:157} INFO - Started process (PID=12007) to work on /home/soamariaka/.local/lib/python3.9/site-packages/airflow/example_dags/example_bash_operator.py
[2023-08-14T13:47:49.210+0300] {processor.py:826} INFO - Processing file /home/soamariaka/.local/lib/python3.9/site-packages/airflow/example_dags/example_bash_operator.py for tasks to queue
[2023-08-14T13:47:49.211+0300] {logging_mixin.py:150} INFO - [2023-08-14T13:47:49.211+0300] {dagbag.py:541} INFO - Filling up the DagBag from /home/soamariaka/.local/lib/python3.9/site-packages/airflow/example_dags/example_bash_operator.py
[2023-08-14T13:47:49.227+0300] {processor.py:836} INFO - DAG(s) dict_keys(['example_bash_operator']) retrieved from /home/soamariaka/.local/lib/python3.9/site-packages/airflow/example_dags/example_bash_operator.py
[2023-08-14T13:47:49.265+0300] {logging_mixin.py:150} INFO - [2023-08-14T13:47:49.265+0300] {dag.py:2742} INFO - Sync 1 DAGs
[2023-08-14T13:47:49.299+0300] {logging_mixin.py:150} INFO - [2023-08-14T13:47:49.299+0300] {dag.py:3504} INFO - Setting next_dagrun for example_bash_operator to 2023-08-13T00:00:00+00:00, run_after=2023-08-14T00:00:00+00:00
[2023-08-14T13:47:49.427+0300] {processor.py:179} INFO - Processing /home/soamariaka/.local/lib/python3.9/site-packages/airflow/example_dags/example_bash_operator.py took 0.236 seconds
[2023-08-14T13:48:51.361+0300] {processor.py:157} INFO - Started process (PID=12100) to work on /home/soamariaka/.local/lib/python3.9/site-packages/airflow/example_dags/example_bash_operator.py
[2023-08-14T13:48:51.364+0300] {processor.py:826} INFO - Processing file /home/soamariaka/.local/lib/python3.9/site-packages/airflow/example_dags/example_bash_operator.py for tasks to queue
[2023-08-14T13:48:51.365+0300] {logging_mixin.py:150} INFO - [2023-08-14T13:48:51.365+0300] {dagbag.py:541} INFO - Filling up the DagBag from /home/soamariaka/.local/lib/python3.9/site-packages/airflow/example_dags/example_bash_operator.py
[2023-08-14T13:48:51.385+0300] {processor.py:836} INFO - DAG(s) dict_keys(['example_bash_operator']) retrieved from /home/soamariaka/.local/lib/python3.9/site-packages/airflow/example_dags/example_bash_operator.py
[2023-08-14T13:48:51.425+0300] {logging_mixin.py:150} INFO - [2023-08-14T13:48:51.425+0300] {dag.py:2742} INFO - Sync 1 DAGs
[2023-08-14T13:48:51.459+0300] {logging_mixin.py:150} INFO - [2023-08-14T13:48:51.459+0300] {dag.py:3504} INFO - Setting next_dagrun for example_bash_operator to 2023-08-13T00:00:00+00:00, run_after=2023-08-14T00:00:00+00:00
[2023-08-14T13:48:51.632+0300] {processor.py:179} INFO - Processing /home/soamariaka/.local/lib/python3.9/site-packages/airflow/example_dags/example_bash_operator.py took 0.277 seconds
[2023-08-14T13:49:53.369+0300] {processor.py:157} INFO - Started process (PID=12176) to work on /home/soamariaka/.local/lib/python3.9/site-packages/airflow/example_dags/example_bash_operator.py
[2023-08-14T13:49:53.372+0300] {processor.py:826} INFO - Processing file /home/soamariaka/.local/lib/python3.9/site-packages/airflow/example_dags/example_bash_operator.py for tasks to queue
[2023-08-14T13:49:53.374+0300] {logging_mixin.py:150} INFO - [2023-08-14T13:49:53.373+0300] {dagbag.py:541} INFO - Filling up the DagBag from /home/soamariaka/.local/lib/python3.9/site-packages/airflow/example_dags/example_bash_operator.py
[2023-08-14T13:49:53.396+0300] {processor.py:836} INFO - DAG(s) dict_keys(['example_bash_operator']) retrieved from /home/soamariaka/.local/lib/python3.9/site-packages/airflow/example_dags/example_bash_operator.py
[2023-08-14T13:49:53.438+0300] {logging_mixin.py:150} INFO - [2023-08-14T13:49:53.438+0300] {dag.py:2742} INFO - Sync 1 DAGs
[2023-08-14T13:49:53.474+0300] {logging_mixin.py:150} INFO - [2023-08-14T13:49:53.474+0300] {dag.py:3504} INFO - Setting next_dagrun for example_bash_operator to 2023-08-13T00:00:00+00:00, run_after=2023-08-14T00:00:00+00:00
[2023-08-14T13:49:53.612+0300] {processor.py:179} INFO - Processing /home/soamariaka/.local/lib/python3.9/site-packages/airflow/example_dags/example_bash_operator.py took 0.248 seconds
[2023-08-14T13:50:58.918+0300] {processor.py:157} INFO - Started process (PID=12234) to work on /home/soamariaka/.local/lib/python3.9/site-packages/airflow/example_dags/example_bash_operator.py
[2023-08-14T13:50:58.919+0300] {processor.py:826} INFO - Processing file /home/soamariaka/.local/lib/python3.9/site-packages/airflow/example_dags/example_bash_operator.py for tasks to queue
[2023-08-14T13:50:58.921+0300] {logging_mixin.py:150} INFO - [2023-08-14T13:50:58.920+0300] {dagbag.py:541} INFO - Filling up the DagBag from /home/soamariaka/.local/lib/python3.9/site-packages/airflow/example_dags/example_bash_operator.py
[2023-08-14T13:50:58.941+0300] {processor.py:836} INFO - DAG(s) dict_keys(['example_bash_operator']) retrieved from /home/soamariaka/.local/lib/python3.9/site-packages/airflow/example_dags/example_bash_operator.py
[2023-08-14T13:50:58.996+0300] {logging_mixin.py:150} INFO - [2023-08-14T13:50:58.996+0300] {dag.py:2742} INFO - Sync 1 DAGs
[2023-08-14T13:50:59.031+0300] {logging_mixin.py:150} INFO - [2023-08-14T13:50:59.030+0300] {dag.py:3504} INFO - Setting next_dagrun for example_bash_operator to 2023-08-13T00:00:00+00:00, run_after=2023-08-14T00:00:00+00:00
[2023-08-14T13:50:59.253+0300] {processor.py:179} INFO - Processing /home/soamariaka/.local/lib/python3.9/site-packages/airflow/example_dags/example_bash_operator.py took 0.341 seconds
[2023-08-14T13:52:03.896+0300] {processor.py:157} INFO - Started process (PID=12333) to work on /home/soamariaka/.local/lib/python3.9/site-packages/airflow/example_dags/example_bash_operator.py
[2023-08-14T13:52:03.898+0300] {processor.py:826} INFO - Processing file /home/soamariaka/.local/lib/python3.9/site-packages/airflow/example_dags/example_bash_operator.py for tasks to queue
[2023-08-14T13:52:03.899+0300] {logging_mixin.py:150} INFO - [2023-08-14T13:52:03.899+0300] {dagbag.py:541} INFO - Filling up the DagBag from /home/soamariaka/.local/lib/python3.9/site-packages/airflow/example_dags/example_bash_operator.py
[2023-08-14T13:52:03.920+0300] {processor.py:836} INFO - DAG(s) dict_keys(['example_bash_operator']) retrieved from /home/soamariaka/.local/lib/python3.9/site-packages/airflow/example_dags/example_bash_operator.py
[2023-08-14T13:52:03.973+0300] {logging_mixin.py:150} INFO - [2023-08-14T13:52:03.972+0300] {dag.py:2742} INFO - Sync 1 DAGs
[2023-08-14T13:52:04.006+0300] {logging_mixin.py:150} INFO - [2023-08-14T13:52:04.006+0300] {dag.py:3504} INFO - Setting next_dagrun for example_bash_operator to 2023-08-13T00:00:00+00:00, run_after=2023-08-14T00:00:00+00:00
[2023-08-14T13:52:04.282+0300] {processor.py:179} INFO - Processing /home/soamariaka/.local/lib/python3.9/site-packages/airflow/example_dags/example_bash_operator.py took 0.391 seconds
[2023-08-14T13:53:05.954+0300] {processor.py:157} INFO - Started process (PID=12392) to work on /home/soamariaka/.local/lib/python3.9/site-packages/airflow/example_dags/example_bash_operator.py
[2023-08-14T13:53:05.955+0300] {processor.py:826} INFO - Processing file /home/soamariaka/.local/lib/python3.9/site-packages/airflow/example_dags/example_bash_operator.py for tasks to queue
[2023-08-14T13:53:05.956+0300] {logging_mixin.py:150} INFO - [2023-08-14T13:53:05.956+0300] {dagbag.py:541} INFO - Filling up the DagBag from /home/soamariaka/.local/lib/python3.9/site-packages/airflow/example_dags/example_bash_operator.py
[2023-08-14T13:53:05.973+0300] {processor.py:836} INFO - DAG(s) dict_keys(['example_bash_operator']) retrieved from /home/soamariaka/.local/lib/python3.9/site-packages/airflow/example_dags/example_bash_operator.py
[2023-08-14T13:53:06.010+0300] {logging_mixin.py:150} INFO - [2023-08-14T13:53:06.010+0300] {dag.py:2742} INFO - Sync 1 DAGs
[2023-08-14T13:53:06.044+0300] {logging_mixin.py:150} INFO - [2023-08-14T13:53:06.044+0300] {dag.py:3504} INFO - Setting next_dagrun for example_bash_operator to 2023-08-13T00:00:00+00:00, run_after=2023-08-14T00:00:00+00:00
[2023-08-14T13:53:06.302+0300] {processor.py:179} INFO - Processing /home/soamariaka/.local/lib/python3.9/site-packages/airflow/example_dags/example_bash_operator.py took 0.353 seconds
[2023-08-14T13:54:11.648+0300] {processor.py:157} INFO - Started process (PID=12449) to work on /home/soamariaka/.local/lib/python3.9/site-packages/airflow/example_dags/example_bash_operator.py
[2023-08-14T13:54:11.673+0300] {processor.py:826} INFO - Processing file /home/soamariaka/.local/lib/python3.9/site-packages/airflow/example_dags/example_bash_operator.py for tasks to queue
[2023-08-14T13:54:11.674+0300] {logging_mixin.py:150} INFO - [2023-08-14T13:54:11.674+0300] {dagbag.py:541} INFO - Filling up the DagBag from /home/soamariaka/.local/lib/python3.9/site-packages/airflow/example_dags/example_bash_operator.py
[2023-08-14T13:54:11.693+0300] {processor.py:836} INFO - DAG(s) dict_keys(['example_bash_operator']) retrieved from /home/soamariaka/.local/lib/python3.9/site-packages/airflow/example_dags/example_bash_operator.py
[2023-08-14T13:54:11.736+0300] {logging_mixin.py:150} INFO - [2023-08-14T13:54:11.736+0300] {dag.py:2742} INFO - Sync 1 DAGs
[2023-08-14T13:54:11.784+0300] {logging_mixin.py:150} INFO - [2023-08-14T13:54:11.784+0300] {dag.py:3504} INFO - Setting next_dagrun for example_bash_operator to 2023-08-13T00:00:00+00:00, run_after=2023-08-14T00:00:00+00:00
[2023-08-14T13:54:11.979+0300] {processor.py:179} INFO - Processing /home/soamariaka/.local/lib/python3.9/site-packages/airflow/example_dags/example_bash_operator.py took 0.336 seconds
[2023-08-14T13:55:17.022+0300] {processor.py:157} INFO - Started process (PID=12561) to work on /home/soamariaka/.local/lib/python3.9/site-packages/airflow/example_dags/example_bash_operator.py
[2023-08-14T13:55:17.038+0300] {processor.py:826} INFO - Processing file /home/soamariaka/.local/lib/python3.9/site-packages/airflow/example_dags/example_bash_operator.py for tasks to queue
[2023-08-14T13:55:17.040+0300] {logging_mixin.py:150} INFO - [2023-08-14T13:55:17.039+0300] {dagbag.py:541} INFO - Filling up the DagBag from /home/soamariaka/.local/lib/python3.9/site-packages/airflow/example_dags/example_bash_operator.py
[2023-08-14T13:55:17.060+0300] {processor.py:836} INFO - DAG(s) dict_keys(['example_bash_operator']) retrieved from /home/soamariaka/.local/lib/python3.9/site-packages/airflow/example_dags/example_bash_operator.py
[2023-08-14T13:55:17.103+0300] {logging_mixin.py:150} INFO - [2023-08-14T13:55:17.103+0300] {dag.py:2742} INFO - Sync 1 DAGs
[2023-08-14T13:55:17.137+0300] {logging_mixin.py:150} INFO - [2023-08-14T13:55:17.137+0300] {dag.py:3504} INFO - Setting next_dagrun for example_bash_operator to 2023-08-13T00:00:00+00:00, run_after=2023-08-14T00:00:00+00:00
[2023-08-14T13:55:17.378+0300] {processor.py:179} INFO - Processing /home/soamariaka/.local/lib/python3.9/site-packages/airflow/example_dags/example_bash_operator.py took 0.362 seconds
[2023-08-14T13:56:23.849+0300] {processor.py:157} INFO - Started process (PID=12646) to work on /home/soamariaka/.local/lib/python3.9/site-packages/airflow/example_dags/example_bash_operator.py
[2023-08-14T13:56:23.852+0300] {processor.py:826} INFO - Processing file /home/soamariaka/.local/lib/python3.9/site-packages/airflow/example_dags/example_bash_operator.py for tasks to queue
[2023-08-14T13:56:23.853+0300] {logging_mixin.py:150} INFO - [2023-08-14T13:56:23.853+0300] {dagbag.py:541} INFO - Filling up the DagBag from /home/soamariaka/.local/lib/python3.9/site-packages/airflow/example_dags/example_bash_operator.py
[2023-08-14T13:56:23.873+0300] {processor.py:836} INFO - DAG(s) dict_keys(['example_bash_operator']) retrieved from /home/soamariaka/.local/lib/python3.9/site-packages/airflow/example_dags/example_bash_operator.py
[2023-08-14T13:56:23.914+0300] {logging_mixin.py:150} INFO - [2023-08-14T13:56:23.913+0300] {dag.py:2742} INFO - Sync 1 DAGs
[2023-08-14T13:56:23.947+0300] {logging_mixin.py:150} INFO - [2023-08-14T13:56:23.947+0300] {dag.py:3504} INFO - Setting next_dagrun for example_bash_operator to 2023-08-13T00:00:00+00:00, run_after=2023-08-14T00:00:00+00:00
[2023-08-14T13:56:24.209+0300] {processor.py:179} INFO - Processing /home/soamariaka/.local/lib/python3.9/site-packages/airflow/example_dags/example_bash_operator.py took 0.365 seconds
[2023-08-14T13:57:33.182+0300] {processor.py:157} INFO - Started process (PID=12706) to work on /home/soamariaka/.local/lib/python3.9/site-packages/airflow/example_dags/example_bash_operator.py
[2023-08-14T13:57:33.195+0300] {processor.py:826} INFO - Processing file /home/soamariaka/.local/lib/python3.9/site-packages/airflow/example_dags/example_bash_operator.py for tasks to queue
[2023-08-14T13:57:33.196+0300] {logging_mixin.py:150} INFO - [2023-08-14T13:57:33.196+0300] {dagbag.py:541} INFO - Filling up the DagBag from /home/soamariaka/.local/lib/python3.9/site-packages/airflow/example_dags/example_bash_operator.py
[2023-08-14T13:57:33.219+0300] {processor.py:836} INFO - DAG(s) dict_keys(['example_bash_operator']) retrieved from /home/soamariaka/.local/lib/python3.9/site-packages/airflow/example_dags/example_bash_operator.py
[2023-08-14T13:57:33.262+0300] {logging_mixin.py:150} INFO - [2023-08-14T13:57:33.261+0300] {dag.py:2742} INFO - Sync 1 DAGs
[2023-08-14T13:57:33.296+0300] {logging_mixin.py:150} INFO - [2023-08-14T13:57:33.295+0300] {dag.py:3504} INFO - Setting next_dagrun for example_bash_operator to 2023-08-13T00:00:00+00:00, run_after=2023-08-14T00:00:00+00:00
[2023-08-14T13:57:33.435+0300] {processor.py:179} INFO - Processing /home/soamariaka/.local/lib/python3.9/site-packages/airflow/example_dags/example_bash_operator.py took 0.259 seconds
[2023-08-14T13:58:35.065+0300] {processor.py:157} INFO - Started process (PID=12796) to work on /home/soamariaka/.local/lib/python3.9/site-packages/airflow/example_dags/example_bash_operator.py
[2023-08-14T13:58:35.066+0300] {processor.py:826} INFO - Processing file /home/soamariaka/.local/lib/python3.9/site-packages/airflow/example_dags/example_bash_operator.py for tasks to queue
[2023-08-14T13:58:35.068+0300] {logging_mixin.py:150} INFO - [2023-08-14T13:58:35.067+0300] {dagbag.py:541} INFO - Filling up the DagBag from /home/soamariaka/.local/lib/python3.9/site-packages/airflow/example_dags/example_bash_operator.py
[2023-08-14T13:58:35.088+0300] {processor.py:836} INFO - DAG(s) dict_keys(['example_bash_operator']) retrieved from /home/soamariaka/.local/lib/python3.9/site-packages/airflow/example_dags/example_bash_operator.py
[2023-08-14T13:58:35.128+0300] {logging_mixin.py:150} INFO - [2023-08-14T13:58:35.128+0300] {dag.py:2742} INFO - Sync 1 DAGs
[2023-08-14T13:58:35.163+0300] {logging_mixin.py:150} INFO - [2023-08-14T13:58:35.162+0300] {dag.py:3504} INFO - Setting next_dagrun for example_bash_operator to 2023-08-13T00:00:00+00:00, run_after=2023-08-14T00:00:00+00:00
[2023-08-14T13:58:35.288+0300] {processor.py:179} INFO - Processing /home/soamariaka/.local/lib/python3.9/site-packages/airflow/example_dags/example_bash_operator.py took 0.229 seconds
[2023-08-14T13:59:40.457+0300] {processor.py:157} INFO - Started process (PID=12855) to work on /home/soamariaka/.local/lib/python3.9/site-packages/airflow/example_dags/example_bash_operator.py
[2023-08-14T13:59:40.459+0300] {processor.py:826} INFO - Processing file /home/soamariaka/.local/lib/python3.9/site-packages/airflow/example_dags/example_bash_operator.py for tasks to queue
[2023-08-14T13:59:40.460+0300] {logging_mixin.py:150} INFO - [2023-08-14T13:59:40.459+0300] {dagbag.py:541} INFO - Filling up the DagBag from /home/soamariaka/.local/lib/python3.9/site-packages/airflow/example_dags/example_bash_operator.py
[2023-08-14T13:59:40.480+0300] {processor.py:836} INFO - DAG(s) dict_keys(['example_bash_operator']) retrieved from /home/soamariaka/.local/lib/python3.9/site-packages/airflow/example_dags/example_bash_operator.py
[2023-08-14T13:59:40.523+0300] {logging_mixin.py:150} INFO - [2023-08-14T13:59:40.523+0300] {dag.py:2742} INFO - Sync 1 DAGs
[2023-08-14T13:59:40.557+0300] {logging_mixin.py:150} INFO - [2023-08-14T13:59:40.556+0300] {dag.py:3504} INFO - Setting next_dagrun for example_bash_operator to 2023-08-13T00:00:00+00:00, run_after=2023-08-14T00:00:00+00:00
[2023-08-14T13:59:40.689+0300] {processor.py:179} INFO - Processing /home/soamariaka/.local/lib/python3.9/site-packages/airflow/example_dags/example_bash_operator.py took 0.237 seconds
[2023-08-14T14:00:43.030+0300] {processor.py:157} INFO - Started process (PID=12937) to work on /home/soamariaka/.local/lib/python3.9/site-packages/airflow/example_dags/example_bash_operator.py
[2023-08-14T14:00:43.082+0300] {processor.py:826} INFO - Processing file /home/soamariaka/.local/lib/python3.9/site-packages/airflow/example_dags/example_bash_operator.py for tasks to queue
[2023-08-14T14:00:43.084+0300] {logging_mixin.py:150} INFO - [2023-08-14T14:00:43.083+0300] {dagbag.py:541} INFO - Filling up the DagBag from /home/soamariaka/.local/lib/python3.9/site-packages/airflow/example_dags/example_bash_operator.py
[2023-08-14T14:00:43.106+0300] {processor.py:836} INFO - DAG(s) dict_keys(['example_bash_operator']) retrieved from /home/soamariaka/.local/lib/python3.9/site-packages/airflow/example_dags/example_bash_operator.py
[2023-08-14T14:00:43.154+0300] {logging_mixin.py:150} INFO - [2023-08-14T14:00:43.154+0300] {dag.py:2742} INFO - Sync 1 DAGs
[2023-08-14T14:00:43.190+0300] {logging_mixin.py:150} INFO - [2023-08-14T14:00:43.189+0300] {dag.py:3504} INFO - Setting next_dagrun for example_bash_operator to 2023-08-13T00:00:00+00:00, run_after=2023-08-14T00:00:00+00:00
[2023-08-14T14:00:43.484+0300] {processor.py:179} INFO - Processing /home/soamariaka/.local/lib/python3.9/site-packages/airflow/example_dags/example_bash_operator.py took 0.460 seconds
[2023-08-14T14:01:46.552+0300] {processor.py:157} INFO - Started process (PID=12993) to work on /home/soamariaka/.local/lib/python3.9/site-packages/airflow/example_dags/example_bash_operator.py
[2023-08-14T14:01:46.570+0300] {processor.py:826} INFO - Processing file /home/soamariaka/.local/lib/python3.9/site-packages/airflow/example_dags/example_bash_operator.py for tasks to queue
[2023-08-14T14:01:46.572+0300] {logging_mixin.py:150} INFO - [2023-08-14T14:01:46.571+0300] {dagbag.py:541} INFO - Filling up the DagBag from /home/soamariaka/.local/lib/python3.9/site-packages/airflow/example_dags/example_bash_operator.py
[2023-08-14T14:01:46.592+0300] {processor.py:836} INFO - DAG(s) dict_keys(['example_bash_operator']) retrieved from /home/soamariaka/.local/lib/python3.9/site-packages/airflow/example_dags/example_bash_operator.py
[2023-08-14T14:01:46.634+0300] {logging_mixin.py:150} INFO - [2023-08-14T14:01:46.634+0300] {dag.py:2742} INFO - Sync 1 DAGs
[2023-08-14T14:01:46.671+0300] {logging_mixin.py:150} INFO - [2023-08-14T14:01:46.671+0300] {dag.py:3504} INFO - Setting next_dagrun for example_bash_operator to 2023-08-13T00:00:00+00:00, run_after=2023-08-14T00:00:00+00:00
[2023-08-14T14:01:46.813+0300] {processor.py:179} INFO - Processing /home/soamariaka/.local/lib/python3.9/site-packages/airflow/example_dags/example_bash_operator.py took 0.266 seconds
[2023-08-14T14:04:49.804+0300] {processor.py:157} INFO - Started process (PID=13732) to work on /home/soamariaka/.local/lib/python3.9/site-packages/airflow/example_dags/example_bash_operator.py
[2023-08-14T14:04:49.834+0300] {processor.py:826} INFO - Processing file /home/soamariaka/.local/lib/python3.9/site-packages/airflow/example_dags/example_bash_operator.py for tasks to queue
[2023-08-14T14:04:49.836+0300] {logging_mixin.py:150} INFO - [2023-08-14T14:04:49.836+0300] {dagbag.py:541} INFO - Filling up the DagBag from /home/soamariaka/.local/lib/python3.9/site-packages/airflow/example_dags/example_bash_operator.py
[2023-08-14T14:04:49.874+0300] {processor.py:836} INFO - DAG(s) dict_keys(['example_bash_operator']) retrieved from /home/soamariaka/.local/lib/python3.9/site-packages/airflow/example_dags/example_bash_operator.py
[2023-08-14T14:04:49.922+0300] {logging_mixin.py:150} INFO - [2023-08-14T14:04:49.921+0300] {dag.py:2742} INFO - Sync 1 DAGs
[2023-08-14T14:04:49.977+0300] {logging_mixin.py:150} INFO - [2023-08-14T14:04:49.976+0300] {dag.py:3504} INFO - Setting next_dagrun for example_bash_operator to 2023-08-13T00:00:00+00:00, run_after=2023-08-14T00:00:00+00:00
[2023-08-14T14:04:50.255+0300] {processor.py:179} INFO - Processing /home/soamariaka/.local/lib/python3.9/site-packages/airflow/example_dags/example_bash_operator.py took 0.457 seconds
[2023-08-14T14:06:20.081+0300] {processor.py:157} INFO - Started process (PID=13824) to work on /home/soamariaka/.local/lib/python3.9/site-packages/airflow/example_dags/example_bash_operator.py
[2023-08-14T14:06:20.082+0300] {processor.py:826} INFO - Processing file /home/soamariaka/.local/lib/python3.9/site-packages/airflow/example_dags/example_bash_operator.py for tasks to queue
[2023-08-14T14:06:20.083+0300] {logging_mixin.py:150} INFO - [2023-08-14T14:06:20.083+0300] {dagbag.py:541} INFO - Filling up the DagBag from /home/soamariaka/.local/lib/python3.9/site-packages/airflow/example_dags/example_bash_operator.py
[2023-08-14T14:06:20.112+0300] {processor.py:836} INFO - DAG(s) dict_keys(['example_bash_operator']) retrieved from /home/soamariaka/.local/lib/python3.9/site-packages/airflow/example_dags/example_bash_operator.py
[2023-08-14T14:06:20.187+0300] {logging_mixin.py:150} INFO - [2023-08-14T14:06:20.186+0300] {dag.py:2742} INFO - Sync 1 DAGs
[2023-08-14T14:06:20.233+0300] {logging_mixin.py:150} INFO - [2023-08-14T14:06:20.232+0300] {dag.py:3504} INFO - Setting next_dagrun for example_bash_operator to 2023-08-13T00:00:00+00:00, run_after=2023-08-14T00:00:00+00:00
[2023-08-14T14:06:20.560+0300] {processor.py:179} INFO - Processing /home/soamariaka/.local/lib/python3.9/site-packages/airflow/example_dags/example_bash_operator.py took 0.484 seconds
[2023-08-14T14:07:28.151+0300] {processor.py:157} INFO - Started process (PID=13923) to work on /home/soamariaka/.local/lib/python3.9/site-packages/airflow/example_dags/example_bash_operator.py
[2023-08-14T14:07:28.288+0300] {processor.py:826} INFO - Processing file /home/soamariaka/.local/lib/python3.9/site-packages/airflow/example_dags/example_bash_operator.py for tasks to queue
[2023-08-14T14:07:28.290+0300] {logging_mixin.py:150} INFO - [2023-08-14T14:07:28.289+0300] {dagbag.py:541} INFO - Filling up the DagBag from /home/soamariaka/.local/lib/python3.9/site-packages/airflow/example_dags/example_bash_operator.py
[2023-08-14T14:07:28.557+0300] {processor.py:836} INFO - DAG(s) dict_keys(['example_bash_operator']) retrieved from /home/soamariaka/.local/lib/python3.9/site-packages/airflow/example_dags/example_bash_operator.py
[2023-08-14T14:07:28.673+0300] {logging_mixin.py:150} INFO - [2023-08-14T14:07:28.673+0300] {dag.py:2742} INFO - Sync 1 DAGs
[2023-08-14T14:07:28.713+0300] {logging_mixin.py:150} INFO - [2023-08-14T14:07:28.712+0300] {dag.py:3504} INFO - Setting next_dagrun for example_bash_operator to 2023-08-13T00:00:00+00:00, run_after=2023-08-14T00:00:00+00:00
[2023-08-14T14:07:31.213+0300] {processor.py:179} INFO - Processing /home/soamariaka/.local/lib/python3.9/site-packages/airflow/example_dags/example_bash_operator.py took 3.066 seconds
[2023-08-14T14:09:37.834+0300] {processor.py:157} INFO - Started process (PID=14098) to work on /home/soamariaka/.local/lib/python3.9/site-packages/airflow/example_dags/example_bash_operator.py
[2023-08-14T14:09:37.835+0300] {processor.py:826} INFO - Processing file /home/soamariaka/.local/lib/python3.9/site-packages/airflow/example_dags/example_bash_operator.py for tasks to queue
[2023-08-14T14:09:37.837+0300] {logging_mixin.py:150} INFO - [2023-08-14T14:09:37.836+0300] {dagbag.py:541} INFO - Filling up the DagBag from /home/soamariaka/.local/lib/python3.9/site-packages/airflow/example_dags/example_bash_operator.py
[2023-08-14T14:09:37.857+0300] {processor.py:836} INFO - DAG(s) dict_keys(['example_bash_operator']) retrieved from /home/soamariaka/.local/lib/python3.9/site-packages/airflow/example_dags/example_bash_operator.py
[2023-08-14T14:09:37.896+0300] {logging_mixin.py:150} INFO - [2023-08-14T14:09:37.896+0300] {dag.py:2742} INFO - Sync 1 DAGs
[2023-08-14T14:09:37.932+0300] {logging_mixin.py:150} INFO - [2023-08-14T14:09:37.932+0300] {dag.py:3504} INFO - Setting next_dagrun for example_bash_operator to 2023-08-13T00:00:00+00:00, run_after=2023-08-14T00:00:00+00:00
[2023-08-14T14:09:38.177+0300] {processor.py:179} INFO - Processing /home/soamariaka/.local/lib/python3.9/site-packages/airflow/example_dags/example_bash_operator.py took 0.349 seconds
[2023-08-14T14:11:17.135+0300] {processor.py:157} INFO - Started process (PID=15002) to work on /home/soamariaka/.local/lib/python3.9/site-packages/airflow/example_dags/example_bash_operator.py
[2023-08-14T14:11:17.223+0300] {processor.py:826} INFO - Processing file /home/soamariaka/.local/lib/python3.9/site-packages/airflow/example_dags/example_bash_operator.py for tasks to queue
[2023-08-14T14:11:17.224+0300] {logging_mixin.py:150} INFO - [2023-08-14T14:11:17.224+0300] {dagbag.py:541} INFO - Filling up the DagBag from /home/soamariaka/.local/lib/python3.9/site-packages/airflow/example_dags/example_bash_operator.py
[2023-08-14T14:11:17.245+0300] {processor.py:836} INFO - DAG(s) dict_keys(['example_bash_operator']) retrieved from /home/soamariaka/.local/lib/python3.9/site-packages/airflow/example_dags/example_bash_operator.py
[2023-08-14T14:11:17.295+0300] {logging_mixin.py:150} INFO - [2023-08-14T14:11:17.295+0300] {dag.py:2742} INFO - Sync 1 DAGs
[2023-08-14T14:11:17.346+0300] {logging_mixin.py:150} INFO - [2023-08-14T14:11:17.346+0300] {dag.py:3504} INFO - Setting next_dagrun for example_bash_operator to 2023-08-13T00:00:00+00:00, run_after=2023-08-14T00:00:00+00:00
[2023-08-14T14:11:25.288+0300] {processor.py:179} INFO - Processing /home/soamariaka/.local/lib/python3.9/site-packages/airflow/example_dags/example_bash_operator.py took 8.161 seconds
[2023-08-14T14:12:42.433+0300] {processor.py:157} INFO - Started process (PID=15162) to work on /home/soamariaka/.local/lib/python3.9/site-packages/airflow/example_dags/example_bash_operator.py
[2023-08-14T14:12:42.436+0300] {processor.py:826} INFO - Processing file /home/soamariaka/.local/lib/python3.9/site-packages/airflow/example_dags/example_bash_operator.py for tasks to queue
[2023-08-14T14:12:42.437+0300] {logging_mixin.py:150} INFO - [2023-08-14T14:12:42.437+0300] {dagbag.py:541} INFO - Filling up the DagBag from /home/soamariaka/.local/lib/python3.9/site-packages/airflow/example_dags/example_bash_operator.py
[2023-08-14T14:12:42.458+0300] {processor.py:836} INFO - DAG(s) dict_keys(['example_bash_operator']) retrieved from /home/soamariaka/.local/lib/python3.9/site-packages/airflow/example_dags/example_bash_operator.py
[2023-08-14T14:12:42.498+0300] {logging_mixin.py:150} INFO - [2023-08-14T14:12:42.497+0300] {dag.py:2742} INFO - Sync 1 DAGs
[2023-08-14T14:12:42.531+0300] {logging_mixin.py:150} INFO - [2023-08-14T14:12:42.531+0300] {dag.py:3504} INFO - Setting next_dagrun for example_bash_operator to 2023-08-13T00:00:00+00:00, run_after=2023-08-14T00:00:00+00:00
[2023-08-14T14:12:42.667+0300] {processor.py:179} INFO - Processing /home/soamariaka/.local/lib/python3.9/site-packages/airflow/example_dags/example_bash_operator.py took 0.239 seconds
[2023-08-14T14:13:41.191+0300] {processor.py:157} INFO - Started process (PID=15289) to work on /home/soamariaka/.local/lib/python3.9/site-packages/airflow/example_dags/example_bash_operator.py
[2023-08-14T14:13:41.193+0300] {processor.py:826} INFO - Processing file /home/soamariaka/.local/lib/python3.9/site-packages/airflow/example_dags/example_bash_operator.py for tasks to queue
[2023-08-14T14:13:41.195+0300] {logging_mixin.py:150} INFO - [2023-08-14T14:13:41.194+0300] {dagbag.py:541} INFO - Filling up the DagBag from /home/soamariaka/.local/lib/python3.9/site-packages/airflow/example_dags/example_bash_operator.py
[2023-08-14T14:13:41.224+0300] {processor.py:836} INFO - DAG(s) dict_keys(['example_bash_operator']) retrieved from /home/soamariaka/.local/lib/python3.9/site-packages/airflow/example_dags/example_bash_operator.py
[2023-08-14T14:13:41.277+0300] {logging_mixin.py:150} INFO - [2023-08-14T14:13:41.276+0300] {dag.py:2742} INFO - Sync 1 DAGs
[2023-08-14T14:13:41.316+0300] {logging_mixin.py:150} INFO - [2023-08-14T14:13:41.315+0300] {dag.py:3504} INFO - Setting next_dagrun for example_bash_operator to 2023-08-13T00:00:00+00:00, run_after=2023-08-14T00:00:00+00:00
[2023-08-14T14:13:41.490+0300] {processor.py:179} INFO - Processing /home/soamariaka/.local/lib/python3.9/site-packages/airflow/example_dags/example_bash_operator.py took 0.306 seconds
[2023-08-14T14:14:48.301+0300] {processor.py:157} INFO - Started process (PID=15380) to work on /home/soamariaka/.local/lib/python3.9/site-packages/airflow/example_dags/example_bash_operator.py
[2023-08-14T14:14:48.304+0300] {processor.py:826} INFO - Processing file /home/soamariaka/.local/lib/python3.9/site-packages/airflow/example_dags/example_bash_operator.py for tasks to queue
[2023-08-14T14:14:48.305+0300] {logging_mixin.py:150} INFO - [2023-08-14T14:14:48.305+0300] {dagbag.py:541} INFO - Filling up the DagBag from /home/soamariaka/.local/lib/python3.9/site-packages/airflow/example_dags/example_bash_operator.py
[2023-08-14T14:14:48.349+0300] {processor.py:836} INFO - DAG(s) dict_keys(['example_bash_operator']) retrieved from /home/soamariaka/.local/lib/python3.9/site-packages/airflow/example_dags/example_bash_operator.py
[2023-08-14T14:14:48.395+0300] {logging_mixin.py:150} INFO - [2023-08-14T14:14:48.394+0300] {dag.py:2742} INFO - Sync 1 DAGs
[2023-08-14T14:14:48.429+0300] {logging_mixin.py:150} INFO - [2023-08-14T14:14:48.429+0300] {dag.py:3504} INFO - Setting next_dagrun for example_bash_operator to 2023-08-13T00:00:00+00:00, run_after=2023-08-14T00:00:00+00:00
[2023-08-14T14:14:48.565+0300] {processor.py:179} INFO - Processing /home/soamariaka/.local/lib/python3.9/site-packages/airflow/example_dags/example_bash_operator.py took 0.269 seconds
[2023-08-14T14:15:48.098+0300] {processor.py:157} INFO - Started process (PID=15574) to work on /home/soamariaka/.local/lib/python3.9/site-packages/airflow/example_dags/example_bash_operator.py
[2023-08-14T14:15:48.100+0300] {processor.py:826} INFO - Processing file /home/soamariaka/.local/lib/python3.9/site-packages/airflow/example_dags/example_bash_operator.py for tasks to queue
[2023-08-14T14:15:48.102+0300] {logging_mixin.py:150} INFO - [2023-08-14T14:15:48.102+0300] {dagbag.py:541} INFO - Filling up the DagBag from /home/soamariaka/.local/lib/python3.9/site-packages/airflow/example_dags/example_bash_operator.py
[2023-08-14T14:15:48.124+0300] {processor.py:836} INFO - DAG(s) dict_keys(['example_bash_operator']) retrieved from /home/soamariaka/.local/lib/python3.9/site-packages/airflow/example_dags/example_bash_operator.py
[2023-08-14T14:15:48.174+0300] {logging_mixin.py:150} INFO - [2023-08-14T14:15:48.174+0300] {dag.py:2742} INFO - Sync 1 DAGs
[2023-08-14T14:15:48.220+0300] {logging_mixin.py:150} INFO - [2023-08-14T14:15:48.220+0300] {dag.py:3504} INFO - Setting next_dagrun for example_bash_operator to 2023-08-13T00:00:00+00:00, run_after=2023-08-14T00:00:00+00:00
[2023-08-14T14:15:48.340+0300] {processor.py:179} INFO - Processing /home/soamariaka/.local/lib/python3.9/site-packages/airflow/example_dags/example_bash_operator.py took 0.249 seconds
[2023-08-14T14:16:52.857+0300] {processor.py:157} INFO - Started process (PID=15652) to work on /home/soamariaka/.local/lib/python3.9/site-packages/airflow/example_dags/example_bash_operator.py
[2023-08-14T14:16:52.860+0300] {processor.py:826} INFO - Processing file /home/soamariaka/.local/lib/python3.9/site-packages/airflow/example_dags/example_bash_operator.py for tasks to queue
[2023-08-14T14:16:52.862+0300] {logging_mixin.py:150} INFO - [2023-08-14T14:16:52.861+0300] {dagbag.py:541} INFO - Filling up the DagBag from /home/soamariaka/.local/lib/python3.9/site-packages/airflow/example_dags/example_bash_operator.py
[2023-08-14T14:16:52.882+0300] {processor.py:836} INFO - DAG(s) dict_keys(['example_bash_operator']) retrieved from /home/soamariaka/.local/lib/python3.9/site-packages/airflow/example_dags/example_bash_operator.py
[2023-08-14T14:16:52.926+0300] {logging_mixin.py:150} INFO - [2023-08-14T14:16:52.926+0300] {dag.py:2742} INFO - Sync 1 DAGs
[2023-08-14T14:16:52.962+0300] {logging_mixin.py:150} INFO - [2023-08-14T14:16:52.961+0300] {dag.py:3504} INFO - Setting next_dagrun for example_bash_operator to 2023-08-13T00:00:00+00:00, run_after=2023-08-14T00:00:00+00:00
[2023-08-14T14:16:53.266+0300] {processor.py:179} INFO - Processing /home/soamariaka/.local/lib/python3.9/site-packages/airflow/example_dags/example_bash_operator.py took 0.415 seconds
[2023-08-14T14:18:02.020+0300] {processor.py:157} INFO - Started process (PID=15776) to work on /home/soamariaka/.local/lib/python3.9/site-packages/airflow/example_dags/example_bash_operator.py
[2023-08-14T14:18:02.066+0300] {processor.py:826} INFO - Processing file /home/soamariaka/.local/lib/python3.9/site-packages/airflow/example_dags/example_bash_operator.py for tasks to queue
[2023-08-14T14:18:02.067+0300] {logging_mixin.py:150} INFO - [2023-08-14T14:18:02.067+0300] {dagbag.py:541} INFO - Filling up the DagBag from /home/soamariaka/.local/lib/python3.9/site-packages/airflow/example_dags/example_bash_operator.py
[2023-08-14T14:18:02.091+0300] {processor.py:836} INFO - DAG(s) dict_keys(['example_bash_operator']) retrieved from /home/soamariaka/.local/lib/python3.9/site-packages/airflow/example_dags/example_bash_operator.py
[2023-08-14T14:18:02.140+0300] {logging_mixin.py:150} INFO - [2023-08-14T14:18:02.140+0300] {dag.py:2742} INFO - Sync 1 DAGs
[2023-08-14T14:18:02.176+0300] {logging_mixin.py:150} INFO - [2023-08-14T14:18:02.176+0300] {dag.py:3504} INFO - Setting next_dagrun for example_bash_operator to 2023-08-13T00:00:00+00:00, run_after=2023-08-14T00:00:00+00:00
[2023-08-14T14:18:02.440+0300] {processor.py:179} INFO - Processing /home/soamariaka/.local/lib/python3.9/site-packages/airflow/example_dags/example_bash_operator.py took 0.426 seconds
[2023-08-14T14:19:19.273+0300] {processor.py:157} INFO - Started process (PID=15947) to work on /home/soamariaka/.local/lib/python3.9/site-packages/airflow/example_dags/example_bash_operator.py
[2023-08-14T14:19:19.275+0300] {processor.py:826} INFO - Processing file /home/soamariaka/.local/lib/python3.9/site-packages/airflow/example_dags/example_bash_operator.py for tasks to queue
[2023-08-14T14:19:19.276+0300] {logging_mixin.py:150} INFO - [2023-08-14T14:19:19.276+0300] {dagbag.py:541} INFO - Filling up the DagBag from /home/soamariaka/.local/lib/python3.9/site-packages/airflow/example_dags/example_bash_operator.py
[2023-08-14T14:19:19.296+0300] {processor.py:836} INFO - DAG(s) dict_keys(['example_bash_operator']) retrieved from /home/soamariaka/.local/lib/python3.9/site-packages/airflow/example_dags/example_bash_operator.py
[2023-08-14T14:19:19.335+0300] {logging_mixin.py:150} INFO - [2023-08-14T14:19:19.335+0300] {dag.py:2742} INFO - Sync 1 DAGs
[2023-08-14T14:19:19.369+0300] {logging_mixin.py:150} INFO - [2023-08-14T14:19:19.369+0300] {dag.py:3504} INFO - Setting next_dagrun for example_bash_operator to 2023-08-13T00:00:00+00:00, run_after=2023-08-14T00:00:00+00:00
[2023-08-14T14:19:19.929+0300] {processor.py:179} INFO - Processing /home/soamariaka/.local/lib/python3.9/site-packages/airflow/example_dags/example_bash_operator.py took 0.661 seconds
[2023-08-14T14:20:25.781+0300] {processor.py:157} INFO - Started process (PID=16041) to work on /home/soamariaka/.local/lib/python3.9/site-packages/airflow/example_dags/example_bash_operator.py
[2023-08-14T14:20:25.828+0300] {processor.py:826} INFO - Processing file /home/soamariaka/.local/lib/python3.9/site-packages/airflow/example_dags/example_bash_operator.py for tasks to queue
[2023-08-14T14:20:25.831+0300] {logging_mixin.py:150} INFO - [2023-08-14T14:20:25.830+0300] {dagbag.py:541} INFO - Filling up the DagBag from /home/soamariaka/.local/lib/python3.9/site-packages/airflow/example_dags/example_bash_operator.py
[2023-08-14T14:20:25.852+0300] {processor.py:836} INFO - DAG(s) dict_keys(['example_bash_operator']) retrieved from /home/soamariaka/.local/lib/python3.9/site-packages/airflow/example_dags/example_bash_operator.py
[2023-08-14T14:20:25.898+0300] {logging_mixin.py:150} INFO - [2023-08-14T14:20:25.898+0300] {dag.py:2742} INFO - Sync 1 DAGs
[2023-08-14T14:20:25.932+0300] {logging_mixin.py:150} INFO - [2023-08-14T14:20:25.932+0300] {dag.py:3504} INFO - Setting next_dagrun for example_bash_operator to 2023-08-13T00:00:00+00:00, run_after=2023-08-14T00:00:00+00:00
[2023-08-14T14:20:26.274+0300] {processor.py:179} INFO - Processing /home/soamariaka/.local/lib/python3.9/site-packages/airflow/example_dags/example_bash_operator.py took 0.499 seconds
[2023-08-14T14:22:03.170+0300] {processor.py:157} INFO - Started process (PID=16124) to work on /home/soamariaka/.local/lib/python3.9/site-packages/airflow/example_dags/example_bash_operator.py
[2023-08-14T14:22:03.204+0300] {processor.py:826} INFO - Processing file /home/soamariaka/.local/lib/python3.9/site-packages/airflow/example_dags/example_bash_operator.py for tasks to queue
[2023-08-14T14:22:03.206+0300] {logging_mixin.py:150} INFO - [2023-08-14T14:22:03.206+0300] {dagbag.py:541} INFO - Filling up the DagBag from /home/soamariaka/.local/lib/python3.9/site-packages/airflow/example_dags/example_bash_operator.py
[2023-08-14T14:22:03.235+0300] {processor.py:836} INFO - DAG(s) dict_keys(['example_bash_operator']) retrieved from /home/soamariaka/.local/lib/python3.9/site-packages/airflow/example_dags/example_bash_operator.py
[2023-08-14T14:22:03.284+0300] {logging_mixin.py:150} INFO - [2023-08-14T14:22:03.284+0300] {dag.py:2742} INFO - Sync 1 DAGs
[2023-08-14T14:22:03.321+0300] {logging_mixin.py:150} INFO - [2023-08-14T14:22:03.321+0300] {dag.py:3504} INFO - Setting next_dagrun for example_bash_operator to 2023-08-13T00:00:00+00:00, run_after=2023-08-14T00:00:00+00:00
[2023-08-14T14:22:03.529+0300] {processor.py:179} INFO - Processing /home/soamariaka/.local/lib/python3.9/site-packages/airflow/example_dags/example_bash_operator.py took 0.365 seconds
[2023-08-14T14:23:01.638+0300] {processor.py:157} INFO - Started process (PID=16179) to work on /home/soamariaka/.local/lib/python3.9/site-packages/airflow/example_dags/example_bash_operator.py
[2023-08-14T14:23:01.658+0300] {processor.py:826} INFO - Processing file /home/soamariaka/.local/lib/python3.9/site-packages/airflow/example_dags/example_bash_operator.py for tasks to queue
[2023-08-14T14:23:01.660+0300] {logging_mixin.py:150} INFO - [2023-08-14T14:23:01.659+0300] {dagbag.py:541} INFO - Filling up the DagBag from /home/soamariaka/.local/lib/python3.9/site-packages/airflow/example_dags/example_bash_operator.py
[2023-08-14T14:23:01.684+0300] {processor.py:836} INFO - DAG(s) dict_keys(['example_bash_operator']) retrieved from /home/soamariaka/.local/lib/python3.9/site-packages/airflow/example_dags/example_bash_operator.py
[2023-08-14T14:23:01.729+0300] {logging_mixin.py:150} INFO - [2023-08-14T14:23:01.729+0300] {dag.py:2742} INFO - Sync 1 DAGs
[2023-08-14T14:23:01.764+0300] {logging_mixin.py:150} INFO - [2023-08-14T14:23:01.764+0300] {dag.py:3504} INFO - Setting next_dagrun for example_bash_operator to 2023-08-13T00:00:00+00:00, run_after=2023-08-14T00:00:00+00:00
[2023-08-14T14:23:02.700+0300] {processor.py:179} INFO - Processing /home/soamariaka/.local/lib/python3.9/site-packages/airflow/example_dags/example_bash_operator.py took 1.067 seconds
[2023-08-14T14:24:04.801+0300] {processor.py:157} INFO - Started process (PID=16251) to work on /home/soamariaka/.local/lib/python3.9/site-packages/airflow/example_dags/example_bash_operator.py
[2023-08-14T14:24:04.815+0300] {processor.py:826} INFO - Processing file /home/soamariaka/.local/lib/python3.9/site-packages/airflow/example_dags/example_bash_operator.py for tasks to queue
[2023-08-14T14:24:04.816+0300] {logging_mixin.py:150} INFO - [2023-08-14T14:24:04.816+0300] {dagbag.py:541} INFO - Filling up the DagBag from /home/soamariaka/.local/lib/python3.9/site-packages/airflow/example_dags/example_bash_operator.py
[2023-08-14T14:24:04.837+0300] {processor.py:836} INFO - DAG(s) dict_keys(['example_bash_operator']) retrieved from /home/soamariaka/.local/lib/python3.9/site-packages/airflow/example_dags/example_bash_operator.py
[2023-08-14T14:24:04.879+0300] {logging_mixin.py:150} INFO - [2023-08-14T14:24:04.879+0300] {dag.py:2742} INFO - Sync 1 DAGs
[2023-08-14T14:24:04.927+0300] {logging_mixin.py:150} INFO - [2023-08-14T14:24:04.927+0300] {dag.py:3504} INFO - Setting next_dagrun for example_bash_operator to 2023-08-13T00:00:00+00:00, run_after=2023-08-14T00:00:00+00:00
[2023-08-14T14:24:05.217+0300] {processor.py:179} INFO - Processing /home/soamariaka/.local/lib/python3.9/site-packages/airflow/example_dags/example_bash_operator.py took 0.422 seconds
[2023-08-14T14:25:01.666+0300] {processor.py:157} INFO - Started process (PID=16549) to work on /home/soamariaka/.local/lib/python3.9/site-packages/airflow/example_dags/example_bash_operator.py
[2023-08-14T14:25:01.667+0300] {processor.py:826} INFO - Processing file /home/soamariaka/.local/lib/python3.9/site-packages/airflow/example_dags/example_bash_operator.py for tasks to queue
[2023-08-14T14:25:01.669+0300] {logging_mixin.py:150} INFO - [2023-08-14T14:25:01.668+0300] {dagbag.py:541} INFO - Filling up the DagBag from /home/soamariaka/.local/lib/python3.9/site-packages/airflow/example_dags/example_bash_operator.py
[2023-08-14T14:25:01.685+0300] {processor.py:836} INFO - DAG(s) dict_keys(['example_bash_operator']) retrieved from /home/soamariaka/.local/lib/python3.9/site-packages/airflow/example_dags/example_bash_operator.py
[2023-08-14T14:25:01.731+0300] {logging_mixin.py:150} INFO - [2023-08-14T14:25:01.731+0300] {dag.py:2742} INFO - Sync 1 DAGs
[2023-08-14T14:25:01.766+0300] {logging_mixin.py:150} INFO - [2023-08-14T14:25:01.766+0300] {dag.py:3504} INFO - Setting next_dagrun for example_bash_operator to 2023-08-13T00:00:00+00:00, run_after=2023-08-14T00:00:00+00:00
[2023-08-14T14:25:01.894+0300] {processor.py:179} INFO - Processing /home/soamariaka/.local/lib/python3.9/site-packages/airflow/example_dags/example_bash_operator.py took 0.232 seconds
[2023-08-14T14:26:05.430+0300] {processor.py:157} INFO - Started process (PID=16709) to work on /home/soamariaka/.local/lib/python3.9/site-packages/airflow/example_dags/example_bash_operator.py
[2023-08-14T14:26:05.468+0300] {processor.py:826} INFO - Processing file /home/soamariaka/.local/lib/python3.9/site-packages/airflow/example_dags/example_bash_operator.py for tasks to queue
[2023-08-14T14:26:05.469+0300] {logging_mixin.py:150} INFO - [2023-08-14T14:26:05.469+0300] {dagbag.py:541} INFO - Filling up the DagBag from /home/soamariaka/.local/lib/python3.9/site-packages/airflow/example_dags/example_bash_operator.py
[2023-08-14T14:26:05.490+0300] {processor.py:836} INFO - DAG(s) dict_keys(['example_bash_operator']) retrieved from /home/soamariaka/.local/lib/python3.9/site-packages/airflow/example_dags/example_bash_operator.py
[2023-08-14T14:26:05.535+0300] {logging_mixin.py:150} INFO - [2023-08-14T14:26:05.535+0300] {dag.py:2742} INFO - Sync 1 DAGs
[2023-08-14T14:26:05.569+0300] {logging_mixin.py:150} INFO - [2023-08-14T14:26:05.569+0300] {dag.py:3504} INFO - Setting next_dagrun for example_bash_operator to 2023-08-13T00:00:00+00:00, run_after=2023-08-14T00:00:00+00:00
[2023-08-14T14:26:05.697+0300] {processor.py:179} INFO - Processing /home/soamariaka/.local/lib/python3.9/site-packages/airflow/example_dags/example_bash_operator.py took 0.271 seconds
[2023-08-14T14:27:03.356+0300] {processor.py:157} INFO - Started process (PID=16763) to work on /home/soamariaka/.local/lib/python3.9/site-packages/airflow/example_dags/example_bash_operator.py
[2023-08-14T14:27:03.359+0300] {processor.py:826} INFO - Processing file /home/soamariaka/.local/lib/python3.9/site-packages/airflow/example_dags/example_bash_operator.py for tasks to queue
[2023-08-14T14:27:03.361+0300] {logging_mixin.py:150} INFO - [2023-08-14T14:27:03.360+0300] {dagbag.py:541} INFO - Filling up the DagBag from /home/soamariaka/.local/lib/python3.9/site-packages/airflow/example_dags/example_bash_operator.py
[2023-08-14T14:27:03.381+0300] {processor.py:836} INFO - DAG(s) dict_keys(['example_bash_operator']) retrieved from /home/soamariaka/.local/lib/python3.9/site-packages/airflow/example_dags/example_bash_operator.py
[2023-08-14T14:27:03.421+0300] {logging_mixin.py:150} INFO - [2023-08-14T14:27:03.420+0300] {dag.py:2742} INFO - Sync 1 DAGs
[2023-08-14T14:27:03.454+0300] {logging_mixin.py:150} INFO - [2023-08-14T14:27:03.454+0300] {dag.py:3504} INFO - Setting next_dagrun for example_bash_operator to 2023-08-13T00:00:00+00:00, run_after=2023-08-14T00:00:00+00:00
[2023-08-14T14:27:04.663+0300] {processor.py:179} INFO - Processing /home/soamariaka/.local/lib/python3.9/site-packages/airflow/example_dags/example_bash_operator.py took 1.312 seconds
[2023-08-14T14:28:04.997+0300] {processor.py:157} INFO - Started process (PID=16922) to work on /home/soamariaka/.local/lib/python3.9/site-packages/airflow/example_dags/example_bash_operator.py
[2023-08-14T14:28:05.028+0300] {processor.py:826} INFO - Processing file /home/soamariaka/.local/lib/python3.9/site-packages/airflow/example_dags/example_bash_operator.py for tasks to queue
[2023-08-14T14:28:05.030+0300] {logging_mixin.py:150} INFO - [2023-08-14T14:28:05.029+0300] {dagbag.py:541} INFO - Filling up the DagBag from /home/soamariaka/.local/lib/python3.9/site-packages/airflow/example_dags/example_bash_operator.py
[2023-08-14T14:28:05.051+0300] {processor.py:836} INFO - DAG(s) dict_keys(['example_bash_operator']) retrieved from /home/soamariaka/.local/lib/python3.9/site-packages/airflow/example_dags/example_bash_operator.py
[2023-08-14T14:28:05.095+0300] {logging_mixin.py:150} INFO - [2023-08-14T14:28:05.095+0300] {dag.py:2742} INFO - Sync 1 DAGs
[2023-08-14T14:28:05.129+0300] {logging_mixin.py:150} INFO - [2023-08-14T14:28:05.129+0300] {dag.py:3504} INFO - Setting next_dagrun for example_bash_operator to 2023-08-13T00:00:00+00:00, run_after=2023-08-14T00:00:00+00:00
[2023-08-14T14:28:05.274+0300] {processor.py:179} INFO - Processing /home/soamariaka/.local/lib/python3.9/site-packages/airflow/example_dags/example_bash_operator.py took 0.283 seconds
[2023-08-14T14:29:08.602+0300] {processor.py:157} INFO - Started process (PID=17044) to work on /home/soamariaka/.local/lib/python3.9/site-packages/airflow/example_dags/example_bash_operator.py
[2023-08-14T14:29:08.641+0300] {processor.py:826} INFO - Processing file /home/soamariaka/.local/lib/python3.9/site-packages/airflow/example_dags/example_bash_operator.py for tasks to queue
[2023-08-14T14:29:08.643+0300] {logging_mixin.py:150} INFO - [2023-08-14T14:29:08.642+0300] {dagbag.py:541} INFO - Filling up the DagBag from /home/soamariaka/.local/lib/python3.9/site-packages/airflow/example_dags/example_bash_operator.py
[2023-08-14T14:29:08.664+0300] {processor.py:836} INFO - DAG(s) dict_keys(['example_bash_operator']) retrieved from /home/soamariaka/.local/lib/python3.9/site-packages/airflow/example_dags/example_bash_operator.py
[2023-08-14T14:29:08.712+0300] {logging_mixin.py:150} INFO - [2023-08-14T14:29:08.711+0300] {dag.py:2742} INFO - Sync 1 DAGs
[2023-08-14T14:29:08.747+0300] {logging_mixin.py:150} INFO - [2023-08-14T14:29:08.747+0300] {dag.py:3504} INFO - Setting next_dagrun for example_bash_operator to 2023-08-13T00:00:00+00:00, run_after=2023-08-14T00:00:00+00:00
[2023-08-14T14:29:08.885+0300] {processor.py:179} INFO - Processing /home/soamariaka/.local/lib/python3.9/site-packages/airflow/example_dags/example_bash_operator.py took 0.289 seconds
[2023-08-14T14:30:06.059+0300] {processor.py:157} INFO - Started process (PID=17182) to work on /home/soamariaka/.local/lib/python3.9/site-packages/airflow/example_dags/example_bash_operator.py
[2023-08-14T14:30:06.091+0300] {processor.py:826} INFO - Processing file /home/soamariaka/.local/lib/python3.9/site-packages/airflow/example_dags/example_bash_operator.py for tasks to queue
[2023-08-14T14:30:06.092+0300] {logging_mixin.py:150} INFO - [2023-08-14T14:30:06.092+0300] {dagbag.py:541} INFO - Filling up the DagBag from /home/soamariaka/.local/lib/python3.9/site-packages/airflow/example_dags/example_bash_operator.py
[2023-08-14T14:30:06.109+0300] {processor.py:836} INFO - DAG(s) dict_keys(['example_bash_operator']) retrieved from /home/soamariaka/.local/lib/python3.9/site-packages/airflow/example_dags/example_bash_operator.py
[2023-08-14T14:30:06.146+0300] {logging_mixin.py:150} INFO - [2023-08-14T14:30:06.146+0300] {dag.py:2742} INFO - Sync 1 DAGs
[2023-08-14T14:30:06.180+0300] {logging_mixin.py:150} INFO - [2023-08-14T14:30:06.180+0300] {dag.py:3504} INFO - Setting next_dagrun for example_bash_operator to 2023-08-13T00:00:00+00:00, run_after=2023-08-14T00:00:00+00:00
[2023-08-14T14:30:06.298+0300] {processor.py:179} INFO - Processing /home/soamariaka/.local/lib/python3.9/site-packages/airflow/example_dags/example_bash_operator.py took 0.243 seconds
[2023-08-14T14:31:30.430+0300] {processor.py:157} INFO - Started process (PID=17321) to work on /home/soamariaka/.local/lib/python3.9/site-packages/airflow/example_dags/example_bash_operator.py
[2023-08-14T14:31:30.432+0300] {processor.py:826} INFO - Processing file /home/soamariaka/.local/lib/python3.9/site-packages/airflow/example_dags/example_bash_operator.py for tasks to queue
[2023-08-14T14:31:30.434+0300] {logging_mixin.py:150} INFO - [2023-08-14T14:31:30.433+0300] {dagbag.py:541} INFO - Filling up the DagBag from /home/soamariaka/.local/lib/python3.9/site-packages/airflow/example_dags/example_bash_operator.py
[2023-08-14T14:31:30.454+0300] {processor.py:836} INFO - DAG(s) dict_keys(['example_bash_operator']) retrieved from /home/soamariaka/.local/lib/python3.9/site-packages/airflow/example_dags/example_bash_operator.py
[2023-08-14T14:31:30.494+0300] {logging_mixin.py:150} INFO - [2023-08-14T14:31:30.494+0300] {dag.py:2742} INFO - Sync 1 DAGs
[2023-08-14T14:31:30.528+0300] {logging_mixin.py:150} INFO - [2023-08-14T14:31:30.527+0300] {dag.py:3504} INFO - Setting next_dagrun for example_bash_operator to 2023-08-13T00:00:00+00:00, run_after=2023-08-14T00:00:00+00:00
[2023-08-14T14:31:30.660+0300] {processor.py:179} INFO - Processing /home/soamariaka/.local/lib/python3.9/site-packages/airflow/example_dags/example_bash_operator.py took 0.236 seconds
[2023-08-14T14:32:30.613+0300] {processor.py:157} INFO - Started process (PID=17442) to work on /home/soamariaka/.local/lib/python3.9/site-packages/airflow/example_dags/example_bash_operator.py
[2023-08-14T14:32:30.652+0300] {processor.py:826} INFO - Processing file /home/soamariaka/.local/lib/python3.9/site-packages/airflow/example_dags/example_bash_operator.py for tasks to queue
[2023-08-14T14:32:30.655+0300] {logging_mixin.py:150} INFO - [2023-08-14T14:32:30.654+0300] {dagbag.py:541} INFO - Filling up the DagBag from /home/soamariaka/.local/lib/python3.9/site-packages/airflow/example_dags/example_bash_operator.py
[2023-08-14T14:32:30.676+0300] {processor.py:836} INFO - DAG(s) dict_keys(['example_bash_operator']) retrieved from /home/soamariaka/.local/lib/python3.9/site-packages/airflow/example_dags/example_bash_operator.py
[2023-08-14T14:32:30.722+0300] {logging_mixin.py:150} INFO - [2023-08-14T14:32:30.722+0300] {dag.py:2742} INFO - Sync 1 DAGs
[2023-08-14T14:32:30.756+0300] {logging_mixin.py:150} INFO - [2023-08-14T14:32:30.756+0300] {dag.py:3504} INFO - Setting next_dagrun for example_bash_operator to 2023-08-13T00:00:00+00:00, run_after=2023-08-14T00:00:00+00:00
[2023-08-14T14:32:30.890+0300] {processor.py:179} INFO - Processing /home/soamariaka/.local/lib/python3.9/site-packages/airflow/example_dags/example_bash_operator.py took 0.282 seconds
[2023-08-14T14:33:29.386+0300] {processor.py:157} INFO - Started process (PID=17560) to work on /home/soamariaka/.local/lib/python3.9/site-packages/airflow/example_dags/example_bash_operator.py
[2023-08-14T14:33:29.388+0300] {processor.py:826} INFO - Processing file /home/soamariaka/.local/lib/python3.9/site-packages/airflow/example_dags/example_bash_operator.py for tasks to queue
[2023-08-14T14:33:29.390+0300] {logging_mixin.py:150} INFO - [2023-08-14T14:33:29.390+0300] {dagbag.py:541} INFO - Filling up the DagBag from /home/soamariaka/.local/lib/python3.9/site-packages/airflow/example_dags/example_bash_operator.py
[2023-08-14T14:33:29.410+0300] {processor.py:836} INFO - DAG(s) dict_keys(['example_bash_operator']) retrieved from /home/soamariaka/.local/lib/python3.9/site-packages/airflow/example_dags/example_bash_operator.py
[2023-08-14T14:33:29.450+0300] {logging_mixin.py:150} INFO - [2023-08-14T14:33:29.450+0300] {dag.py:2742} INFO - Sync 1 DAGs
[2023-08-14T14:33:29.484+0300] {logging_mixin.py:150} INFO - [2023-08-14T14:33:29.484+0300] {dag.py:3504} INFO - Setting next_dagrun for example_bash_operator to 2023-08-13T00:00:00+00:00, run_after=2023-08-14T00:00:00+00:00
[2023-08-14T14:33:29.646+0300] {processor.py:179} INFO - Processing /home/soamariaka/.local/lib/python3.9/site-packages/airflow/example_dags/example_bash_operator.py took 0.266 seconds
[2023-08-14T14:34:28.844+0300] {processor.py:157} INFO - Started process (PID=17614) to work on /home/soamariaka/.local/lib/python3.9/site-packages/airflow/example_dags/example_bash_operator.py
[2023-08-14T14:34:28.845+0300] {processor.py:826} INFO - Processing file /home/soamariaka/.local/lib/python3.9/site-packages/airflow/example_dags/example_bash_operator.py for tasks to queue
[2023-08-14T14:34:28.846+0300] {logging_mixin.py:150} INFO - [2023-08-14T14:34:28.846+0300] {dagbag.py:541} INFO - Filling up the DagBag from /home/soamariaka/.local/lib/python3.9/site-packages/airflow/example_dags/example_bash_operator.py
[2023-08-14T14:34:28.866+0300] {processor.py:836} INFO - DAG(s) dict_keys(['example_bash_operator']) retrieved from /home/soamariaka/.local/lib/python3.9/site-packages/airflow/example_dags/example_bash_operator.py
[2023-08-14T14:34:28.907+0300] {logging_mixin.py:150} INFO - [2023-08-14T14:34:28.907+0300] {dag.py:2742} INFO - Sync 1 DAGs
[2023-08-14T14:34:28.942+0300] {logging_mixin.py:150} INFO - [2023-08-14T14:34:28.942+0300] {dag.py:3504} INFO - Setting next_dagrun for example_bash_operator to 2023-08-13T00:00:00+00:00, run_after=2023-08-14T00:00:00+00:00
[2023-08-14T14:34:29.069+0300] {processor.py:179} INFO - Processing /home/soamariaka/.local/lib/python3.9/site-packages/airflow/example_dags/example_bash_operator.py took 0.229 seconds
[2023-08-14T14:35:56.472+0300] {processor.py:157} INFO - Started process (PID=17900) to work on /home/soamariaka/.local/lib/python3.9/site-packages/airflow/example_dags/example_bash_operator.py
[2023-08-14T14:35:56.491+0300] {processor.py:826} INFO - Processing file /home/soamariaka/.local/lib/python3.9/site-packages/airflow/example_dags/example_bash_operator.py for tasks to queue
[2023-08-14T14:35:56.492+0300] {logging_mixin.py:150} INFO - [2023-08-14T14:35:56.492+0300] {dagbag.py:541} INFO - Filling up the DagBag from /home/soamariaka/.local/lib/python3.9/site-packages/airflow/example_dags/example_bash_operator.py
[2023-08-14T14:35:56.513+0300] {processor.py:836} INFO - DAG(s) dict_keys(['example_bash_operator']) retrieved from /home/soamariaka/.local/lib/python3.9/site-packages/airflow/example_dags/example_bash_operator.py
[2023-08-14T14:35:56.569+0300] {logging_mixin.py:150} INFO - [2023-08-14T14:35:56.568+0300] {dag.py:2742} INFO - Sync 1 DAGs
[2023-08-14T14:35:56.607+0300] {logging_mixin.py:150} INFO - [2023-08-14T14:35:56.607+0300] {dag.py:3504} INFO - Setting next_dagrun for example_bash_operator to 2023-08-13T00:00:00+00:00, run_after=2023-08-14T00:00:00+00:00
[2023-08-14T14:35:56.859+0300] {processor.py:179} INFO - Processing /home/soamariaka/.local/lib/python3.9/site-packages/airflow/example_dags/example_bash_operator.py took 0.392 seconds
[2023-08-14T14:37:37.488+0300] {processor.py:157} INFO - Started process (PID=18129) to work on /home/soamariaka/.local/lib/python3.9/site-packages/airflow/example_dags/example_bash_operator.py
[2023-08-14T14:37:37.491+0300] {processor.py:826} INFO - Processing file /home/soamariaka/.local/lib/python3.9/site-packages/airflow/example_dags/example_bash_operator.py for tasks to queue
[2023-08-14T14:37:37.492+0300] {logging_mixin.py:150} INFO - [2023-08-14T14:37:37.492+0300] {dagbag.py:541} INFO - Filling up the DagBag from /home/soamariaka/.local/lib/python3.9/site-packages/airflow/example_dags/example_bash_operator.py
[2023-08-14T14:37:37.513+0300] {processor.py:836} INFO - DAG(s) dict_keys(['example_bash_operator']) retrieved from /home/soamariaka/.local/lib/python3.9/site-packages/airflow/example_dags/example_bash_operator.py
[2023-08-14T14:37:37.553+0300] {logging_mixin.py:150} INFO - [2023-08-14T14:37:37.553+0300] {dag.py:2742} INFO - Sync 1 DAGs
[2023-08-14T14:37:37.587+0300] {logging_mixin.py:150} INFO - [2023-08-14T14:37:37.587+0300] {dag.py:3504} INFO - Setting next_dagrun for example_bash_operator to 2023-08-13T00:00:00+00:00, run_after=2023-08-14T00:00:00+00:00
[2023-08-14T14:37:37.732+0300] {processor.py:179} INFO - Processing /home/soamariaka/.local/lib/python3.9/site-packages/airflow/example_dags/example_bash_operator.py took 0.249 seconds
[2023-08-14T14:38:37.597+0300] {processor.py:157} INFO - Started process (PID=18249) to work on /home/soamariaka/.local/lib/python3.9/site-packages/airflow/example_dags/example_bash_operator.py
[2023-08-14T14:38:37.600+0300] {processor.py:826} INFO - Processing file /home/soamariaka/.local/lib/python3.9/site-packages/airflow/example_dags/example_bash_operator.py for tasks to queue
[2023-08-14T14:38:37.601+0300] {logging_mixin.py:150} INFO - [2023-08-14T14:38:37.601+0300] {dagbag.py:541} INFO - Filling up the DagBag from /home/soamariaka/.local/lib/python3.9/site-packages/airflow/example_dags/example_bash_operator.py
[2023-08-14T14:38:37.622+0300] {processor.py:836} INFO - DAG(s) dict_keys(['example_bash_operator']) retrieved from /home/soamariaka/.local/lib/python3.9/site-packages/airflow/example_dags/example_bash_operator.py
[2023-08-14T14:38:37.662+0300] {logging_mixin.py:150} INFO - [2023-08-14T14:38:37.662+0300] {dag.py:2742} INFO - Sync 1 DAGs
[2023-08-14T14:38:37.697+0300] {logging_mixin.py:150} INFO - [2023-08-14T14:38:37.697+0300] {dag.py:3504} INFO - Setting next_dagrun for example_bash_operator to 2023-08-13T00:00:00+00:00, run_after=2023-08-14T00:00:00+00:00
[2023-08-14T14:38:37.902+0300] {processor.py:179} INFO - Processing /home/soamariaka/.local/lib/python3.9/site-packages/airflow/example_dags/example_bash_operator.py took 0.311 seconds
[2023-08-14T14:39:44.218+0300] {processor.py:157} INFO - Started process (PID=18436) to work on /home/soamariaka/.local/lib/python3.9/site-packages/airflow/example_dags/example_bash_operator.py
[2023-08-14T14:39:44.220+0300] {processor.py:826} INFO - Processing file /home/soamariaka/.local/lib/python3.9/site-packages/airflow/example_dags/example_bash_operator.py for tasks to queue
[2023-08-14T14:39:44.221+0300] {logging_mixin.py:150} INFO - [2023-08-14T14:39:44.220+0300] {dagbag.py:541} INFO - Filling up the DagBag from /home/soamariaka/.local/lib/python3.9/site-packages/airflow/example_dags/example_bash_operator.py
[2023-08-14T14:39:44.241+0300] {processor.py:836} INFO - DAG(s) dict_keys(['example_bash_operator']) retrieved from /home/soamariaka/.local/lib/python3.9/site-packages/airflow/example_dags/example_bash_operator.py
[2023-08-14T14:39:44.281+0300] {logging_mixin.py:150} INFO - [2023-08-14T14:39:44.281+0300] {dag.py:2742} INFO - Sync 1 DAGs
[2023-08-14T14:39:44.315+0300] {logging_mixin.py:150} INFO - [2023-08-14T14:39:44.315+0300] {dag.py:3504} INFO - Setting next_dagrun for example_bash_operator to 2023-08-13T00:00:00+00:00, run_after=2023-08-14T00:00:00+00:00
[2023-08-14T14:39:44.463+0300] {processor.py:179} INFO - Processing /home/soamariaka/.local/lib/python3.9/site-packages/airflow/example_dags/example_bash_operator.py took 0.251 seconds
[2023-08-14T14:41:19.344+0300] {processor.py:157} INFO - Started process (PID=18692) to work on /home/soamariaka/.local/lib/python3.9/site-packages/airflow/example_dags/example_bash_operator.py
[2023-08-14T14:41:19.540+0300] {processor.py:826} INFO - Processing file /home/soamariaka/.local/lib/python3.9/site-packages/airflow/example_dags/example_bash_operator.py for tasks to queue
[2023-08-14T14:41:19.543+0300] {logging_mixin.py:150} INFO - [2023-08-14T14:41:19.543+0300] {dagbag.py:541} INFO - Filling up the DagBag from /home/soamariaka/.local/lib/python3.9/site-packages/airflow/example_dags/example_bash_operator.py
[2023-08-14T14:41:19.566+0300] {processor.py:836} INFO - DAG(s) dict_keys(['example_bash_operator']) retrieved from /home/soamariaka/.local/lib/python3.9/site-packages/airflow/example_dags/example_bash_operator.py
[2023-08-14T14:41:19.616+0300] {logging_mixin.py:150} INFO - [2023-08-14T14:41:19.616+0300] {dag.py:2742} INFO - Sync 1 DAGs
[2023-08-14T14:41:19.653+0300] {logging_mixin.py:150} INFO - [2023-08-14T14:41:19.653+0300] {dag.py:3504} INFO - Setting next_dagrun for example_bash_operator to 2023-08-13T00:00:00+00:00, run_after=2023-08-14T00:00:00+00:00
[2023-08-14T14:41:21.081+0300] {processor.py:179} INFO - Processing /home/soamariaka/.local/lib/python3.9/site-packages/airflow/example_dags/example_bash_operator.py took 1.746 seconds
