[2023-08-14T13:33:14.100+0300] {processor.py:157} INFO - Started process (PID=10774) to work on /home/soamariaka/.local/lib/python3.9/site-packages/airflow/example_dags/example_short_circuit_decorator.py
[2023-08-14T13:33:14.102+0300] {processor.py:826} INFO - Processing file /home/soamariaka/.local/lib/python3.9/site-packages/airflow/example_dags/example_short_circuit_decorator.py for tasks to queue
[2023-08-14T13:33:14.103+0300] {logging_mixin.py:150} INFO - [2023-08-14T13:33:14.103+0300] {dagbag.py:541} INFO - Filling up the DagBag from /home/soamariaka/.local/lib/python3.9/site-packages/airflow/example_dags/example_short_circuit_decorator.py
[2023-08-14T13:33:14.118+0300] {processor.py:836} INFO - DAG(s) dict_keys(['example_short_circuit_decorator']) retrieved from /home/soamariaka/.local/lib/python3.9/site-packages/airflow/example_dags/example_short_circuit_decorator.py
[2023-08-14T13:33:14.149+0300] {logging_mixin.py:150} INFO - [2023-08-14T13:33:14.148+0300] {dag.py:2742} INFO - Sync 1 DAGs
[2023-08-14T13:33:14.180+0300] {logging_mixin.py:150} INFO - [2023-08-14T13:33:14.180+0300] {dag.py:3504} INFO - Setting next_dagrun for example_short_circuit_decorator to 2023-08-13T10:33:14.180264+00:00, run_after=2023-08-14T10:33:14.180264+00:00
[2023-08-14T13:33:14.309+0300] {processor.py:179} INFO - Processing /home/soamariaka/.local/lib/python3.9/site-packages/airflow/example_dags/example_short_circuit_decorator.py took 0.214 seconds
[2023-08-14T13:34:29.662+0300] {processor.py:157} INFO - Started process (PID=10923) to work on /home/soamariaka/.local/lib/python3.9/site-packages/airflow/example_dags/example_short_circuit_decorator.py
[2023-08-14T13:34:29.690+0300] {processor.py:826} INFO - Processing file /home/soamariaka/.local/lib/python3.9/site-packages/airflow/example_dags/example_short_circuit_decorator.py for tasks to queue
[2023-08-14T13:34:29.692+0300] {logging_mixin.py:150} INFO - [2023-08-14T13:34:29.692+0300] {dagbag.py:541} INFO - Filling up the DagBag from /home/soamariaka/.local/lib/python3.9/site-packages/airflow/example_dags/example_short_circuit_decorator.py
[2023-08-14T13:34:29.711+0300] {processor.py:836} INFO - DAG(s) dict_keys(['example_short_circuit_decorator']) retrieved from /home/soamariaka/.local/lib/python3.9/site-packages/airflow/example_dags/example_short_circuit_decorator.py
[2023-08-14T13:34:29.789+0300] {logging_mixin.py:150} INFO - [2023-08-14T13:34:29.788+0300] {dag.py:2742} INFO - Sync 1 DAGs
[2023-08-14T13:34:29.879+0300] {logging_mixin.py:150} INFO - [2023-08-14T13:34:29.878+0300] {dag.py:3504} INFO - Setting next_dagrun for example_short_circuit_decorator to 2023-08-13T10:34:29.878245+00:00, run_after=2023-08-14T10:34:29.878245+00:00
[2023-08-14T13:34:30.381+0300] {processor.py:179} INFO - Processing /home/soamariaka/.local/lib/python3.9/site-packages/airflow/example_dags/example_short_circuit_decorator.py took 0.725 seconds
[2023-08-14T13:35:48.669+0300] {processor.py:157} INFO - Started process (PID=11058) to work on /home/soamariaka/.local/lib/python3.9/site-packages/airflow/example_dags/example_short_circuit_decorator.py
[2023-08-14T13:35:48.700+0300] {processor.py:826} INFO - Processing file /home/soamariaka/.local/lib/python3.9/site-packages/airflow/example_dags/example_short_circuit_decorator.py for tasks to queue
[2023-08-14T13:35:48.702+0300] {logging_mixin.py:150} INFO - [2023-08-14T13:35:48.701+0300] {dagbag.py:541} INFO - Filling up the DagBag from /home/soamariaka/.local/lib/python3.9/site-packages/airflow/example_dags/example_short_circuit_decorator.py
[2023-08-14T13:35:48.720+0300] {processor.py:836} INFO - DAG(s) dict_keys(['example_short_circuit_decorator']) retrieved from /home/soamariaka/.local/lib/python3.9/site-packages/airflow/example_dags/example_short_circuit_decorator.py
[2023-08-14T13:35:48.754+0300] {logging_mixin.py:150} INFO - [2023-08-14T13:35:48.754+0300] {dag.py:2742} INFO - Sync 1 DAGs
[2023-08-14T13:35:48.786+0300] {logging_mixin.py:150} INFO - [2023-08-14T13:35:48.785+0300] {dag.py:3504} INFO - Setting next_dagrun for example_short_circuit_decorator to 2023-08-13T10:35:48.785429+00:00, run_after=2023-08-14T10:35:48.785429+00:00
[2023-08-14T13:35:48.919+0300] {processor.py:179} INFO - Processing /home/soamariaka/.local/lib/python3.9/site-packages/airflow/example_dags/example_short_circuit_decorator.py took 0.256 seconds
[2023-08-14T13:36:49.670+0300] {processor.py:157} INFO - Started process (PID=11126) to work on /home/soamariaka/.local/lib/python3.9/site-packages/airflow/example_dags/example_short_circuit_decorator.py
[2023-08-14T13:36:49.672+0300] {processor.py:826} INFO - Processing file /home/soamariaka/.local/lib/python3.9/site-packages/airflow/example_dags/example_short_circuit_decorator.py for tasks to queue
[2023-08-14T13:36:49.674+0300] {logging_mixin.py:150} INFO - [2023-08-14T13:36:49.673+0300] {dagbag.py:541} INFO - Filling up the DagBag from /home/soamariaka/.local/lib/python3.9/site-packages/airflow/example_dags/example_short_circuit_decorator.py
[2023-08-14T13:36:49.691+0300] {processor.py:836} INFO - DAG(s) dict_keys(['example_short_circuit_decorator']) retrieved from /home/soamariaka/.local/lib/python3.9/site-packages/airflow/example_dags/example_short_circuit_decorator.py
[2023-08-14T13:36:49.724+0300] {logging_mixin.py:150} INFO - [2023-08-14T13:36:49.724+0300] {dag.py:2742} INFO - Sync 1 DAGs
[2023-08-14T13:36:49.759+0300] {logging_mixin.py:150} INFO - [2023-08-14T13:36:49.759+0300] {dag.py:3504} INFO - Setting next_dagrun for example_short_circuit_decorator to 2023-08-13T10:36:49.758693+00:00, run_after=2023-08-14T10:36:49.758693+00:00
[2023-08-14T13:36:49.900+0300] {processor.py:179} INFO - Processing /home/soamariaka/.local/lib/python3.9/site-packages/airflow/example_dags/example_short_circuit_decorator.py took 0.235 seconds
[2023-08-14T13:37:49.179+0300] {processor.py:157} INFO - Started process (PID=11243) to work on /home/soamariaka/.local/lib/python3.9/site-packages/airflow/example_dags/example_short_circuit_decorator.py
[2023-08-14T13:37:49.182+0300] {processor.py:826} INFO - Processing file /home/soamariaka/.local/lib/python3.9/site-packages/airflow/example_dags/example_short_circuit_decorator.py for tasks to queue
[2023-08-14T13:37:49.183+0300] {logging_mixin.py:150} INFO - [2023-08-14T13:37:49.183+0300] {dagbag.py:541} INFO - Filling up the DagBag from /home/soamariaka/.local/lib/python3.9/site-packages/airflow/example_dags/example_short_circuit_decorator.py
[2023-08-14T13:37:49.201+0300] {processor.py:836} INFO - DAG(s) dict_keys(['example_short_circuit_decorator']) retrieved from /home/soamariaka/.local/lib/python3.9/site-packages/airflow/example_dags/example_short_circuit_decorator.py
[2023-08-14T13:37:49.232+0300] {logging_mixin.py:150} INFO - [2023-08-14T13:37:49.231+0300] {dag.py:2742} INFO - Sync 1 DAGs
[2023-08-14T13:37:49.263+0300] {logging_mixin.py:150} INFO - [2023-08-14T13:37:49.263+0300] {dag.py:3504} INFO - Setting next_dagrun for example_short_circuit_decorator to 2023-08-13T10:37:49.263136+00:00, run_after=2023-08-14T10:37:49.263136+00:00
[2023-08-14T13:37:49.467+0300] {processor.py:179} INFO - Processing /home/soamariaka/.local/lib/python3.9/site-packages/airflow/example_dags/example_short_circuit_decorator.py took 0.293 seconds
[2023-08-14T13:38:49.541+0300] {processor.py:157} INFO - Started process (PID=11368) to work on /home/soamariaka/.local/lib/python3.9/site-packages/airflow/example_dags/example_short_circuit_decorator.py
[2023-08-14T13:38:49.544+0300] {processor.py:826} INFO - Processing file /home/soamariaka/.local/lib/python3.9/site-packages/airflow/example_dags/example_short_circuit_decorator.py for tasks to queue
[2023-08-14T13:38:49.545+0300] {logging_mixin.py:150} INFO - [2023-08-14T13:38:49.545+0300] {dagbag.py:541} INFO - Filling up the DagBag from /home/soamariaka/.local/lib/python3.9/site-packages/airflow/example_dags/example_short_circuit_decorator.py
[2023-08-14T13:38:49.564+0300] {processor.py:836} INFO - DAG(s) dict_keys(['example_short_circuit_decorator']) retrieved from /home/soamariaka/.local/lib/python3.9/site-packages/airflow/example_dags/example_short_circuit_decorator.py
[2023-08-14T13:38:49.594+0300] {logging_mixin.py:150} INFO - [2023-08-14T13:38:49.594+0300] {dag.py:2742} INFO - Sync 1 DAGs
[2023-08-14T13:38:49.626+0300] {logging_mixin.py:150} INFO - [2023-08-14T13:38:49.625+0300] {dag.py:3504} INFO - Setting next_dagrun for example_short_circuit_decorator to 2023-08-13T10:38:49.625526+00:00, run_after=2023-08-14T10:38:49.625526+00:00
[2023-08-14T13:38:49.853+0300] {processor.py:179} INFO - Processing /home/soamariaka/.local/lib/python3.9/site-packages/airflow/example_dags/example_short_circuit_decorator.py took 0.317 seconds
[2023-08-14T13:39:53.934+0300] {processor.py:157} INFO - Started process (PID=11471) to work on /home/soamariaka/.local/lib/python3.9/site-packages/airflow/example_dags/example_short_circuit_decorator.py
[2023-08-14T13:39:53.936+0300] {processor.py:826} INFO - Processing file /home/soamariaka/.local/lib/python3.9/site-packages/airflow/example_dags/example_short_circuit_decorator.py for tasks to queue
[2023-08-14T13:39:53.938+0300] {logging_mixin.py:150} INFO - [2023-08-14T13:39:53.937+0300] {dagbag.py:541} INFO - Filling up the DagBag from /home/soamariaka/.local/lib/python3.9/site-packages/airflow/example_dags/example_short_circuit_decorator.py
[2023-08-14T13:39:53.955+0300] {processor.py:836} INFO - DAG(s) dict_keys(['example_short_circuit_decorator']) retrieved from /home/soamariaka/.local/lib/python3.9/site-packages/airflow/example_dags/example_short_circuit_decorator.py
[2023-08-14T13:39:53.985+0300] {logging_mixin.py:150} INFO - [2023-08-14T13:39:53.985+0300] {dag.py:2742} INFO - Sync 1 DAGs
[2023-08-14T13:39:54.016+0300] {logging_mixin.py:150} INFO - [2023-08-14T13:39:54.015+0300] {dag.py:3504} INFO - Setting next_dagrun for example_short_circuit_decorator to 2023-08-13T10:39:54.015402+00:00, run_after=2023-08-14T10:39:54.015402+00:00
[2023-08-14T13:39:54.398+0300] {processor.py:179} INFO - Processing /home/soamariaka/.local/lib/python3.9/site-packages/airflow/example_dags/example_short_circuit_decorator.py took 0.469 seconds
[2023-08-14T13:40:50.436+0300] {processor.py:157} INFO - Started process (PID=11522) to work on /home/soamariaka/.local/lib/python3.9/site-packages/airflow/example_dags/example_short_circuit_decorator.py
[2023-08-14T13:40:50.439+0300] {processor.py:826} INFO - Processing file /home/soamariaka/.local/lib/python3.9/site-packages/airflow/example_dags/example_short_circuit_decorator.py for tasks to queue
[2023-08-14T13:40:50.440+0300] {logging_mixin.py:150} INFO - [2023-08-14T13:40:50.440+0300] {dagbag.py:541} INFO - Filling up the DagBag from /home/soamariaka/.local/lib/python3.9/site-packages/airflow/example_dags/example_short_circuit_decorator.py
[2023-08-14T13:40:50.458+0300] {processor.py:836} INFO - DAG(s) dict_keys(['example_short_circuit_decorator']) retrieved from /home/soamariaka/.local/lib/python3.9/site-packages/airflow/example_dags/example_short_circuit_decorator.py
[2023-08-14T13:40:50.489+0300] {logging_mixin.py:150} INFO - [2023-08-14T13:40:50.489+0300] {dag.py:2742} INFO - Sync 1 DAGs
[2023-08-14T13:40:50.520+0300] {logging_mixin.py:150} INFO - [2023-08-14T13:40:50.520+0300] {dag.py:3504} INFO - Setting next_dagrun for example_short_circuit_decorator to 2023-08-13T10:40:50.520331+00:00, run_after=2023-08-14T10:40:50.520331+00:00
[2023-08-14T13:40:50.675+0300] {processor.py:179} INFO - Processing /home/soamariaka/.local/lib/python3.9/site-packages/airflow/example_dags/example_short_circuit_decorator.py took 0.244 seconds
[2023-08-14T13:41:51.096+0300] {processor.py:157} INFO - Started process (PID=11606) to work on /home/soamariaka/.local/lib/python3.9/site-packages/airflow/example_dags/example_short_circuit_decorator.py
[2023-08-14T13:41:51.099+0300] {processor.py:826} INFO - Processing file /home/soamariaka/.local/lib/python3.9/site-packages/airflow/example_dags/example_short_circuit_decorator.py for tasks to queue
[2023-08-14T13:41:51.100+0300] {logging_mixin.py:150} INFO - [2023-08-14T13:41:51.100+0300] {dagbag.py:541} INFO - Filling up the DagBag from /home/soamariaka/.local/lib/python3.9/site-packages/airflow/example_dags/example_short_circuit_decorator.py
[2023-08-14T13:41:51.118+0300] {processor.py:836} INFO - DAG(s) dict_keys(['example_short_circuit_decorator']) retrieved from /home/soamariaka/.local/lib/python3.9/site-packages/airflow/example_dags/example_short_circuit_decorator.py
[2023-08-14T13:41:51.148+0300] {logging_mixin.py:150} INFO - [2023-08-14T13:41:51.148+0300] {dag.py:2742} INFO - Sync 1 DAGs
[2023-08-14T13:41:51.184+0300] {logging_mixin.py:150} INFO - [2023-08-14T13:41:51.183+0300] {dag.py:3504} INFO - Setting next_dagrun for example_short_circuit_decorator to 2023-08-13T10:41:51.183322+00:00, run_after=2023-08-14T10:41:51.183322+00:00
[2023-08-14T13:41:51.309+0300] {processor.py:179} INFO - Processing /home/soamariaka/.local/lib/python3.9/site-packages/airflow/example_dags/example_short_circuit_decorator.py took 0.218 seconds
[2023-08-14T13:42:46.245+0300] {processor.py:157} INFO - Started process (PID=11655) to work on /home/soamariaka/.local/lib/python3.9/site-packages/airflow/example_dags/example_short_circuit_decorator.py
[2023-08-14T13:42:46.246+0300] {processor.py:826} INFO - Processing file /home/soamariaka/.local/lib/python3.9/site-packages/airflow/example_dags/example_short_circuit_decorator.py for tasks to queue
[2023-08-14T13:42:46.248+0300] {logging_mixin.py:150} INFO - [2023-08-14T13:42:46.247+0300] {dagbag.py:541} INFO - Filling up the DagBag from /home/soamariaka/.local/lib/python3.9/site-packages/airflow/example_dags/example_short_circuit_decorator.py
[2023-08-14T13:42:46.265+0300] {processor.py:836} INFO - DAG(s) dict_keys(['example_short_circuit_decorator']) retrieved from /home/soamariaka/.local/lib/python3.9/site-packages/airflow/example_dags/example_short_circuit_decorator.py
[2023-08-14T13:42:46.294+0300] {logging_mixin.py:150} INFO - [2023-08-14T13:42:46.294+0300] {dag.py:2742} INFO - Sync 1 DAGs
[2023-08-14T13:42:46.325+0300] {logging_mixin.py:150} INFO - [2023-08-14T13:42:46.325+0300] {dag.py:3504} INFO - Setting next_dagrun for example_short_circuit_decorator to 2023-08-13T10:42:46.324697+00:00, run_after=2023-08-14T10:42:46.324697+00:00
[2023-08-14T13:42:46.448+0300] {processor.py:179} INFO - Processing /home/soamariaka/.local/lib/python3.9/site-packages/airflow/example_dags/example_short_circuit_decorator.py took 0.209 seconds
[2023-08-14T13:43:44.050+0300] {processor.py:157} INFO - Started process (PID=11738) to work on /home/soamariaka/.local/lib/python3.9/site-packages/airflow/example_dags/example_short_circuit_decorator.py
[2023-08-14T13:43:44.078+0300] {processor.py:826} INFO - Processing file /home/soamariaka/.local/lib/python3.9/site-packages/airflow/example_dags/example_short_circuit_decorator.py for tasks to queue
[2023-08-14T13:43:44.080+0300] {logging_mixin.py:150} INFO - [2023-08-14T13:43:44.079+0300] {dagbag.py:541} INFO - Filling up the DagBag from /home/soamariaka/.local/lib/python3.9/site-packages/airflow/example_dags/example_short_circuit_decorator.py
[2023-08-14T13:43:44.101+0300] {processor.py:836} INFO - DAG(s) dict_keys(['example_short_circuit_decorator']) retrieved from /home/soamariaka/.local/lib/python3.9/site-packages/airflow/example_dags/example_short_circuit_decorator.py
[2023-08-14T13:43:44.136+0300] {logging_mixin.py:150} INFO - [2023-08-14T13:43:44.136+0300] {dag.py:2742} INFO - Sync 1 DAGs
[2023-08-14T13:43:44.184+0300] {logging_mixin.py:150} INFO - [2023-08-14T13:43:44.184+0300] {dag.py:3504} INFO - Setting next_dagrun for example_short_circuit_decorator to 2023-08-13T10:43:44.183768+00:00, run_after=2023-08-14T10:43:44.183768+00:00
[2023-08-14T13:43:44.447+0300] {processor.py:179} INFO - Processing /home/soamariaka/.local/lib/python3.9/site-packages/airflow/example_dags/example_short_circuit_decorator.py took 0.403 seconds
[2023-08-14T13:44:47.989+0300] {processor.py:157} INFO - Started process (PID=11791) to work on /home/soamariaka/.local/lib/python3.9/site-packages/airflow/example_dags/example_short_circuit_decorator.py
[2023-08-14T13:44:47.990+0300] {processor.py:826} INFO - Processing file /home/soamariaka/.local/lib/python3.9/site-packages/airflow/example_dags/example_short_circuit_decorator.py for tasks to queue
[2023-08-14T13:44:47.992+0300] {logging_mixin.py:150} INFO - [2023-08-14T13:44:47.991+0300] {dagbag.py:541} INFO - Filling up the DagBag from /home/soamariaka/.local/lib/python3.9/site-packages/airflow/example_dags/example_short_circuit_decorator.py
[2023-08-14T13:44:48.010+0300] {processor.py:836} INFO - DAG(s) dict_keys(['example_short_circuit_decorator']) retrieved from /home/soamariaka/.local/lib/python3.9/site-packages/airflow/example_dags/example_short_circuit_decorator.py
[2023-08-14T13:44:48.041+0300] {logging_mixin.py:150} INFO - [2023-08-14T13:44:48.040+0300] {dag.py:2742} INFO - Sync 1 DAGs
[2023-08-14T13:44:48.079+0300] {logging_mixin.py:150} INFO - [2023-08-14T13:44:48.078+0300] {dag.py:3504} INFO - Setting next_dagrun for example_short_circuit_decorator to 2023-08-13T10:44:48.078528+00:00, run_after=2023-08-14T10:44:48.078528+00:00
[2023-08-14T13:44:48.392+0300] {processor.py:179} INFO - Processing /home/soamariaka/.local/lib/python3.9/site-packages/airflow/example_dags/example_short_circuit_decorator.py took 0.408 seconds
[2023-08-14T13:45:53.593+0300] {processor.py:157} INFO - Started process (PID=11901) to work on /home/soamariaka/.local/lib/python3.9/site-packages/airflow/example_dags/example_short_circuit_decorator.py
[2023-08-14T13:45:53.658+0300] {processor.py:826} INFO - Processing file /home/soamariaka/.local/lib/python3.9/site-packages/airflow/example_dags/example_short_circuit_decorator.py for tasks to queue
[2023-08-14T13:45:53.660+0300] {logging_mixin.py:150} INFO - [2023-08-14T13:45:53.660+0300] {dagbag.py:541} INFO - Filling up the DagBag from /home/soamariaka/.local/lib/python3.9/site-packages/airflow/example_dags/example_short_circuit_decorator.py
[2023-08-14T13:45:53.680+0300] {processor.py:836} INFO - DAG(s) dict_keys(['example_short_circuit_decorator']) retrieved from /home/soamariaka/.local/lib/python3.9/site-packages/airflow/example_dags/example_short_circuit_decorator.py
[2023-08-14T13:45:53.718+0300] {logging_mixin.py:150} INFO - [2023-08-14T13:45:53.717+0300] {dag.py:2742} INFO - Sync 1 DAGs
[2023-08-14T13:45:53.749+0300] {logging_mixin.py:150} INFO - [2023-08-14T13:45:53.749+0300] {dag.py:3504} INFO - Setting next_dagrun for example_short_circuit_decorator to 2023-08-13T10:45:53.748796+00:00, run_after=2023-08-14T10:45:53.748796+00:00
[2023-08-14T13:45:53.871+0300] {processor.py:179} INFO - Processing /home/soamariaka/.local/lib/python3.9/site-packages/airflow/example_dags/example_short_circuit_decorator.py took 0.282 seconds
[2023-08-14T13:46:57.526+0300] {processor.py:157} INFO - Started process (PID=11957) to work on /home/soamariaka/.local/lib/python3.9/site-packages/airflow/example_dags/example_short_circuit_decorator.py
[2023-08-14T13:46:57.528+0300] {processor.py:826} INFO - Processing file /home/soamariaka/.local/lib/python3.9/site-packages/airflow/example_dags/example_short_circuit_decorator.py for tasks to queue
[2023-08-14T13:46:57.529+0300] {logging_mixin.py:150} INFO - [2023-08-14T13:46:57.529+0300] {dagbag.py:541} INFO - Filling up the DagBag from /home/soamariaka/.local/lib/python3.9/site-packages/airflow/example_dags/example_short_circuit_decorator.py
[2023-08-14T13:46:57.544+0300] {processor.py:836} INFO - DAG(s) dict_keys(['example_short_circuit_decorator']) retrieved from /home/soamariaka/.local/lib/python3.9/site-packages/airflow/example_dags/example_short_circuit_decorator.py
[2023-08-14T13:46:57.571+0300] {logging_mixin.py:150} INFO - [2023-08-14T13:46:57.571+0300] {dag.py:2742} INFO - Sync 1 DAGs
[2023-08-14T13:46:57.602+0300] {logging_mixin.py:150} INFO - [2023-08-14T13:46:57.602+0300] {dag.py:3504} INFO - Setting next_dagrun for example_short_circuit_decorator to 2023-08-13T10:46:57.601870+00:00, run_after=2023-08-14T10:46:57.601870+00:00
[2023-08-14T13:46:57.750+0300] {processor.py:179} INFO - Processing /home/soamariaka/.local/lib/python3.9/site-packages/airflow/example_dags/example_short_circuit_decorator.py took 0.228 seconds
[2023-08-14T13:47:59.938+0300] {processor.py:157} INFO - Started process (PID=12020) to work on /home/soamariaka/.local/lib/python3.9/site-packages/airflow/example_dags/example_short_circuit_decorator.py
[2023-08-14T13:47:59.989+0300] {processor.py:826} INFO - Processing file /home/soamariaka/.local/lib/python3.9/site-packages/airflow/example_dags/example_short_circuit_decorator.py for tasks to queue
[2023-08-14T13:47:59.990+0300] {logging_mixin.py:150} INFO - [2023-08-14T13:47:59.990+0300] {dagbag.py:541} INFO - Filling up the DagBag from /home/soamariaka/.local/lib/python3.9/site-packages/airflow/example_dags/example_short_circuit_decorator.py
[2023-08-14T13:48:00.009+0300] {processor.py:836} INFO - DAG(s) dict_keys(['example_short_circuit_decorator']) retrieved from /home/soamariaka/.local/lib/python3.9/site-packages/airflow/example_dags/example_short_circuit_decorator.py
[2023-08-14T13:48:00.044+0300] {logging_mixin.py:150} INFO - [2023-08-14T13:48:00.044+0300] {dag.py:2742} INFO - Sync 1 DAGs
[2023-08-14T13:48:00.088+0300] {logging_mixin.py:150} INFO - [2023-08-14T13:48:00.088+0300] {dag.py:3504} INFO - Setting next_dagrun for example_short_circuit_decorator to 2023-08-13T10:48:00.088034+00:00, run_after=2023-08-14T10:48:00.088034+00:00
[2023-08-14T13:48:00.454+0300] {processor.py:179} INFO - Processing /home/soamariaka/.local/lib/python3.9/site-packages/airflow/example_dags/example_short_circuit_decorator.py took 0.522 seconds
[2023-08-14T13:49:02.733+0300] {processor.py:157} INFO - Started process (PID=12109) to work on /home/soamariaka/.local/lib/python3.9/site-packages/airflow/example_dags/example_short_circuit_decorator.py
[2023-08-14T13:49:02.735+0300] {processor.py:826} INFO - Processing file /home/soamariaka/.local/lib/python3.9/site-packages/airflow/example_dags/example_short_circuit_decorator.py for tasks to queue
[2023-08-14T13:49:02.736+0300] {logging_mixin.py:150} INFO - [2023-08-14T13:49:02.736+0300] {dagbag.py:541} INFO - Filling up the DagBag from /home/soamariaka/.local/lib/python3.9/site-packages/airflow/example_dags/example_short_circuit_decorator.py
[2023-08-14T13:49:02.751+0300] {processor.py:836} INFO - DAG(s) dict_keys(['example_short_circuit_decorator']) retrieved from /home/soamariaka/.local/lib/python3.9/site-packages/airflow/example_dags/example_short_circuit_decorator.py
[2023-08-14T13:49:02.779+0300] {logging_mixin.py:150} INFO - [2023-08-14T13:49:02.778+0300] {dag.py:2742} INFO - Sync 1 DAGs
[2023-08-14T13:49:02.810+0300] {logging_mixin.py:150} INFO - [2023-08-14T13:49:02.809+0300] {dag.py:3504} INFO - Setting next_dagrun for example_short_circuit_decorator to 2023-08-13T10:49:02.809436+00:00, run_after=2023-08-14T10:49:02.809436+00:00
[2023-08-14T13:49:02.959+0300] {processor.py:179} INFO - Processing /home/soamariaka/.local/lib/python3.9/site-packages/airflow/example_dags/example_short_circuit_decorator.py took 0.232 seconds
[2023-08-14T13:50:04.070+0300] {processor.py:157} INFO - Started process (PID=12189) to work on /home/soamariaka/.local/lib/python3.9/site-packages/airflow/example_dags/example_short_circuit_decorator.py
[2023-08-14T13:50:04.080+0300] {processor.py:826} INFO - Processing file /home/soamariaka/.local/lib/python3.9/site-packages/airflow/example_dags/example_short_circuit_decorator.py for tasks to queue
[2023-08-14T13:50:04.082+0300] {logging_mixin.py:150} INFO - [2023-08-14T13:50:04.081+0300] {dagbag.py:541} INFO - Filling up the DagBag from /home/soamariaka/.local/lib/python3.9/site-packages/airflow/example_dags/example_short_circuit_decorator.py
[2023-08-14T13:50:04.100+0300] {processor.py:836} INFO - DAG(s) dict_keys(['example_short_circuit_decorator']) retrieved from /home/soamariaka/.local/lib/python3.9/site-packages/airflow/example_dags/example_short_circuit_decorator.py
[2023-08-14T13:50:04.142+0300] {logging_mixin.py:150} INFO - [2023-08-14T13:50:04.142+0300] {dag.py:2742} INFO - Sync 1 DAGs
[2023-08-14T13:50:04.174+0300] {logging_mixin.py:150} INFO - [2023-08-14T13:50:04.173+0300] {dag.py:3504} INFO - Setting next_dagrun for example_short_circuit_decorator to 2023-08-13T10:50:04.173595+00:00, run_after=2023-08-14T10:50:04.173595+00:00
[2023-08-14T13:50:04.566+0300] {processor.py:179} INFO - Processing /home/soamariaka/.local/lib/python3.9/site-packages/airflow/example_dags/example_short_circuit_decorator.py took 0.502 seconds
[2023-08-14T13:51:11.622+0300] {processor.py:157} INFO - Started process (PID=12248) to work on /home/soamariaka/.local/lib/python3.9/site-packages/airflow/example_dags/example_short_circuit_decorator.py
[2023-08-14T13:51:11.625+0300] {processor.py:826} INFO - Processing file /home/soamariaka/.local/lib/python3.9/site-packages/airflow/example_dags/example_short_circuit_decorator.py for tasks to queue
[2023-08-14T13:51:11.626+0300] {logging_mixin.py:150} INFO - [2023-08-14T13:51:11.626+0300] {dagbag.py:541} INFO - Filling up the DagBag from /home/soamariaka/.local/lib/python3.9/site-packages/airflow/example_dags/example_short_circuit_decorator.py
[2023-08-14T13:51:11.640+0300] {processor.py:836} INFO - DAG(s) dict_keys(['example_short_circuit_decorator']) retrieved from /home/soamariaka/.local/lib/python3.9/site-packages/airflow/example_dags/example_short_circuit_decorator.py
[2023-08-14T13:51:11.668+0300] {logging_mixin.py:150} INFO - [2023-08-14T13:51:11.668+0300] {dag.py:2742} INFO - Sync 1 DAGs
[2023-08-14T13:51:11.700+0300] {logging_mixin.py:150} INFO - [2023-08-14T13:51:11.700+0300] {dag.py:3504} INFO - Setting next_dagrun for example_short_circuit_decorator to 2023-08-13T10:51:11.699851+00:00, run_after=2023-08-14T10:51:11.699851+00:00
[2023-08-14T13:51:12.033+0300] {processor.py:179} INFO - Processing /home/soamariaka/.local/lib/python3.9/site-packages/airflow/example_dags/example_short_circuit_decorator.py took 0.414 seconds
[2023-08-14T13:52:13.092+0300] {processor.py:157} INFO - Started process (PID=12340) to work on /home/soamariaka/.local/lib/python3.9/site-packages/airflow/example_dags/example_short_circuit_decorator.py
[2023-08-14T13:52:13.094+0300] {processor.py:826} INFO - Processing file /home/soamariaka/.local/lib/python3.9/site-packages/airflow/example_dags/example_short_circuit_decorator.py for tasks to queue
[2023-08-14T13:52:13.095+0300] {logging_mixin.py:150} INFO - [2023-08-14T13:52:13.095+0300] {dagbag.py:541} INFO - Filling up the DagBag from /home/soamariaka/.local/lib/python3.9/site-packages/airflow/example_dags/example_short_circuit_decorator.py
[2023-08-14T13:52:13.113+0300] {processor.py:836} INFO - DAG(s) dict_keys(['example_short_circuit_decorator']) retrieved from /home/soamariaka/.local/lib/python3.9/site-packages/airflow/example_dags/example_short_circuit_decorator.py
[2023-08-14T13:52:13.145+0300] {logging_mixin.py:150} INFO - [2023-08-14T13:52:13.145+0300] {dag.py:2742} INFO - Sync 1 DAGs
[2023-08-14T13:52:13.177+0300] {logging_mixin.py:150} INFO - [2023-08-14T13:52:13.177+0300] {dag.py:3504} INFO - Setting next_dagrun for example_short_circuit_decorator to 2023-08-13T10:52:13.176897+00:00, run_after=2023-08-14T10:52:13.176897+00:00
[2023-08-14T13:52:13.315+0300] {processor.py:179} INFO - Processing /home/soamariaka/.local/lib/python3.9/site-packages/airflow/example_dags/example_short_circuit_decorator.py took 0.229 seconds
[2023-08-14T13:53:18.035+0300] {processor.py:157} INFO - Started process (PID=12401) to work on /home/soamariaka/.local/lib/python3.9/site-packages/airflow/example_dags/example_short_circuit_decorator.py
[2023-08-14T13:53:18.037+0300] {processor.py:826} INFO - Processing file /home/soamariaka/.local/lib/python3.9/site-packages/airflow/example_dags/example_short_circuit_decorator.py for tasks to queue
[2023-08-14T13:53:18.038+0300] {logging_mixin.py:150} INFO - [2023-08-14T13:53:18.038+0300] {dagbag.py:541} INFO - Filling up the DagBag from /home/soamariaka/.local/lib/python3.9/site-packages/airflow/example_dags/example_short_circuit_decorator.py
[2023-08-14T13:53:18.053+0300] {processor.py:836} INFO - DAG(s) dict_keys(['example_short_circuit_decorator']) retrieved from /home/soamariaka/.local/lib/python3.9/site-packages/airflow/example_dags/example_short_circuit_decorator.py
[2023-08-14T13:53:18.089+0300] {logging_mixin.py:150} INFO - [2023-08-14T13:53:18.088+0300] {dag.py:2742} INFO - Sync 1 DAGs
[2023-08-14T13:53:18.119+0300] {logging_mixin.py:150} INFO - [2023-08-14T13:53:18.119+0300] {dag.py:3504} INFO - Setting next_dagrun for example_short_circuit_decorator to 2023-08-13T10:53:18.119103+00:00, run_after=2023-08-14T10:53:18.119103+00:00
[2023-08-14T13:53:18.266+0300] {processor.py:179} INFO - Processing /home/soamariaka/.local/lib/python3.9/site-packages/airflow/example_dags/example_short_circuit_decorator.py took 0.235 seconds
[2023-08-14T13:54:21.232+0300] {processor.py:157} INFO - Started process (PID=12457) to work on /home/soamariaka/.local/lib/python3.9/site-packages/airflow/example_dags/example_short_circuit_decorator.py
[2023-08-14T13:54:21.234+0300] {processor.py:826} INFO - Processing file /home/soamariaka/.local/lib/python3.9/site-packages/airflow/example_dags/example_short_circuit_decorator.py for tasks to queue
[2023-08-14T13:54:21.235+0300] {logging_mixin.py:150} INFO - [2023-08-14T13:54:21.235+0300] {dagbag.py:541} INFO - Filling up the DagBag from /home/soamariaka/.local/lib/python3.9/site-packages/airflow/example_dags/example_short_circuit_decorator.py
[2023-08-14T13:54:21.253+0300] {processor.py:836} INFO - DAG(s) dict_keys(['example_short_circuit_decorator']) retrieved from /home/soamariaka/.local/lib/python3.9/site-packages/airflow/example_dags/example_short_circuit_decorator.py
[2023-08-14T13:54:21.283+0300] {logging_mixin.py:150} INFO - [2023-08-14T13:54:21.283+0300] {dag.py:2742} INFO - Sync 1 DAGs
[2023-08-14T13:54:21.314+0300] {logging_mixin.py:150} INFO - [2023-08-14T13:54:21.314+0300] {dag.py:3504} INFO - Setting next_dagrun for example_short_circuit_decorator to 2023-08-13T10:54:21.314147+00:00, run_after=2023-08-14T10:54:21.314147+00:00
[2023-08-14T13:54:21.429+0300] {processor.py:179} INFO - Processing /home/soamariaka/.local/lib/python3.9/site-packages/airflow/example_dags/example_short_circuit_decorator.py took 0.203 seconds
[2023-08-14T13:55:29.448+0300] {processor.py:157} INFO - Started process (PID=12570) to work on /home/soamariaka/.local/lib/python3.9/site-packages/airflow/example_dags/example_short_circuit_decorator.py
[2023-08-14T13:55:29.474+0300] {processor.py:826} INFO - Processing file /home/soamariaka/.local/lib/python3.9/site-packages/airflow/example_dags/example_short_circuit_decorator.py for tasks to queue
[2023-08-14T13:55:29.475+0300] {logging_mixin.py:150} INFO - [2023-08-14T13:55:29.475+0300] {dagbag.py:541} INFO - Filling up the DagBag from /home/soamariaka/.local/lib/python3.9/site-packages/airflow/example_dags/example_short_circuit_decorator.py
[2023-08-14T13:55:29.493+0300] {processor.py:836} INFO - DAG(s) dict_keys(['example_short_circuit_decorator']) retrieved from /home/soamariaka/.local/lib/python3.9/site-packages/airflow/example_dags/example_short_circuit_decorator.py
[2023-08-14T13:55:29.524+0300] {logging_mixin.py:150} INFO - [2023-08-14T13:55:29.523+0300] {dag.py:2742} INFO - Sync 1 DAGs
[2023-08-14T13:55:29.558+0300] {logging_mixin.py:150} INFO - [2023-08-14T13:55:29.558+0300] {dag.py:3504} INFO - Setting next_dagrun for example_short_circuit_decorator to 2023-08-13T10:55:29.557666+00:00, run_after=2023-08-14T10:55:29.557666+00:00
[2023-08-14T13:55:29.695+0300] {processor.py:179} INFO - Processing /home/soamariaka/.local/lib/python3.9/site-packages/airflow/example_dags/example_short_circuit_decorator.py took 0.252 seconds
[2023-08-14T13:56:36.685+0300] {processor.py:157} INFO - Started process (PID=12655) to work on /home/soamariaka/.local/lib/python3.9/site-packages/airflow/example_dags/example_short_circuit_decorator.py
[2023-08-14T13:56:36.706+0300] {processor.py:826} INFO - Processing file /home/soamariaka/.local/lib/python3.9/site-packages/airflow/example_dags/example_short_circuit_decorator.py for tasks to queue
[2023-08-14T13:56:36.707+0300] {logging_mixin.py:150} INFO - [2023-08-14T13:56:36.706+0300] {dagbag.py:541} INFO - Filling up the DagBag from /home/soamariaka/.local/lib/python3.9/site-packages/airflow/example_dags/example_short_circuit_decorator.py
[2023-08-14T13:56:36.721+0300] {processor.py:836} INFO - DAG(s) dict_keys(['example_short_circuit_decorator']) retrieved from /home/soamariaka/.local/lib/python3.9/site-packages/airflow/example_dags/example_short_circuit_decorator.py
[2023-08-14T13:56:36.749+0300] {logging_mixin.py:150} INFO - [2023-08-14T13:56:36.749+0300] {dag.py:2742} INFO - Sync 1 DAGs
[2023-08-14T13:56:36.780+0300] {logging_mixin.py:150} INFO - [2023-08-14T13:56:36.780+0300] {dag.py:3504} INFO - Setting next_dagrun for example_short_circuit_decorator to 2023-08-13T10:56:36.779795+00:00, run_after=2023-08-14T10:56:36.779795+00:00
[2023-08-14T13:56:37.034+0300] {processor.py:179} INFO - Processing /home/soamariaka/.local/lib/python3.9/site-packages/airflow/example_dags/example_short_circuit_decorator.py took 0.353 seconds
[2023-08-14T13:57:44.662+0300] {processor.py:157} INFO - Started process (PID=12715) to work on /home/soamariaka/.local/lib/python3.9/site-packages/airflow/example_dags/example_short_circuit_decorator.py
[2023-08-14T13:57:44.684+0300] {processor.py:826} INFO - Processing file /home/soamariaka/.local/lib/python3.9/site-packages/airflow/example_dags/example_short_circuit_decorator.py for tasks to queue
[2023-08-14T13:57:44.686+0300] {logging_mixin.py:150} INFO - [2023-08-14T13:57:44.685+0300] {dagbag.py:541} INFO - Filling up the DagBag from /home/soamariaka/.local/lib/python3.9/site-packages/airflow/example_dags/example_short_circuit_decorator.py
[2023-08-14T13:57:44.705+0300] {processor.py:836} INFO - DAG(s) dict_keys(['example_short_circuit_decorator']) retrieved from /home/soamariaka/.local/lib/python3.9/site-packages/airflow/example_dags/example_short_circuit_decorator.py
[2023-08-14T13:57:44.739+0300] {logging_mixin.py:150} INFO - [2023-08-14T13:57:44.739+0300] {dag.py:2742} INFO - Sync 1 DAGs
[2023-08-14T13:57:44.770+0300] {logging_mixin.py:150} INFO - [2023-08-14T13:57:44.770+0300] {dag.py:3504} INFO - Setting next_dagrun for example_short_circuit_decorator to 2023-08-13T10:57:44.770025+00:00, run_after=2023-08-14T10:57:44.770025+00:00
[2023-08-14T13:57:44.890+0300] {processor.py:179} INFO - Processing /home/soamariaka/.local/lib/python3.9/site-packages/airflow/example_dags/example_short_circuit_decorator.py took 0.234 seconds
[2023-08-14T13:58:47.752+0300] {processor.py:157} INFO - Started process (PID=12806) to work on /home/soamariaka/.local/lib/python3.9/site-packages/airflow/example_dags/example_short_circuit_decorator.py
[2023-08-14T13:58:47.783+0300] {processor.py:826} INFO - Processing file /home/soamariaka/.local/lib/python3.9/site-packages/airflow/example_dags/example_short_circuit_decorator.py for tasks to queue
[2023-08-14T13:58:47.784+0300] {logging_mixin.py:150} INFO - [2023-08-14T13:58:47.784+0300] {dagbag.py:541} INFO - Filling up the DagBag from /home/soamariaka/.local/lib/python3.9/site-packages/airflow/example_dags/example_short_circuit_decorator.py
[2023-08-14T13:58:47.799+0300] {processor.py:836} INFO - DAG(s) dict_keys(['example_short_circuit_decorator']) retrieved from /home/soamariaka/.local/lib/python3.9/site-packages/airflow/example_dags/example_short_circuit_decorator.py
[2023-08-14T13:58:47.826+0300] {logging_mixin.py:150} INFO - [2023-08-14T13:58:47.826+0300] {dag.py:2742} INFO - Sync 1 DAGs
[2023-08-14T13:58:47.858+0300] {logging_mixin.py:150} INFO - [2023-08-14T13:58:47.858+0300] {dag.py:3504} INFO - Setting next_dagrun for example_short_circuit_decorator to 2023-08-13T10:58:47.858008+00:00, run_after=2023-08-14T10:58:47.858008+00:00
[2023-08-14T13:58:48.162+0300] {processor.py:179} INFO - Processing /home/soamariaka/.local/lib/python3.9/site-packages/airflow/example_dags/example_short_circuit_decorator.py took 0.414 seconds
[2023-08-14T13:59:49.968+0300] {processor.py:157} INFO - Started process (PID=12863) to work on /home/soamariaka/.local/lib/python3.9/site-packages/airflow/example_dags/example_short_circuit_decorator.py
[2023-08-14T13:59:49.993+0300] {processor.py:826} INFO - Processing file /home/soamariaka/.local/lib/python3.9/site-packages/airflow/example_dags/example_short_circuit_decorator.py for tasks to queue
[2023-08-14T13:59:49.994+0300] {logging_mixin.py:150} INFO - [2023-08-14T13:59:49.994+0300] {dagbag.py:541} INFO - Filling up the DagBag from /home/soamariaka/.local/lib/python3.9/site-packages/airflow/example_dags/example_short_circuit_decorator.py
[2023-08-14T13:59:50.009+0300] {processor.py:836} INFO - DAG(s) dict_keys(['example_short_circuit_decorator']) retrieved from /home/soamariaka/.local/lib/python3.9/site-packages/airflow/example_dags/example_short_circuit_decorator.py
[2023-08-14T13:59:50.042+0300] {logging_mixin.py:150} INFO - [2023-08-14T13:59:50.042+0300] {dag.py:2742} INFO - Sync 1 DAGs
[2023-08-14T13:59:50.079+0300] {logging_mixin.py:150} INFO - [2023-08-14T13:59:50.079+0300] {dag.py:3504} INFO - Setting next_dagrun for example_short_circuit_decorator to 2023-08-13T10:59:50.079061+00:00, run_after=2023-08-14T10:59:50.079061+00:00
[2023-08-14T13:59:50.311+0300] {processor.py:179} INFO - Processing /home/soamariaka/.local/lib/python3.9/site-packages/airflow/example_dags/example_short_circuit_decorator.py took 0.349 seconds
[2023-08-14T14:00:51.134+0300] {processor.py:157} INFO - Started process (PID=12944) to work on /home/soamariaka/.local/lib/python3.9/site-packages/airflow/example_dags/example_short_circuit_decorator.py
[2023-08-14T14:00:51.136+0300] {processor.py:826} INFO - Processing file /home/soamariaka/.local/lib/python3.9/site-packages/airflow/example_dags/example_short_circuit_decorator.py for tasks to queue
[2023-08-14T14:00:51.138+0300] {logging_mixin.py:150} INFO - [2023-08-14T14:00:51.137+0300] {dagbag.py:541} INFO - Filling up the DagBag from /home/soamariaka/.local/lib/python3.9/site-packages/airflow/example_dags/example_short_circuit_decorator.py
[2023-08-14T14:00:51.158+0300] {processor.py:836} INFO - DAG(s) dict_keys(['example_short_circuit_decorator']) retrieved from /home/soamariaka/.local/lib/python3.9/site-packages/airflow/example_dags/example_short_circuit_decorator.py
[2023-08-14T14:00:51.202+0300] {logging_mixin.py:150} INFO - [2023-08-14T14:00:51.201+0300] {dag.py:2742} INFO - Sync 1 DAGs
[2023-08-14T14:00:51.234+0300] {logging_mixin.py:150} INFO - [2023-08-14T14:00:51.233+0300] {dag.py:3504} INFO - Setting next_dagrun for example_short_circuit_decorator to 2023-08-13T11:00:51.233507+00:00, run_after=2023-08-14T11:00:51.233507+00:00
[2023-08-14T14:00:51.373+0300] {processor.py:179} INFO - Processing /home/soamariaka/.local/lib/python3.9/site-packages/airflow/example_dags/example_short_circuit_decorator.py took 0.244 seconds
[2023-08-14T14:01:59.381+0300] {processor.py:157} INFO - Started process (PID=13023) to work on /home/soamariaka/.local/lib/python3.9/site-packages/airflow/example_dags/example_short_circuit_decorator.py
[2023-08-14T14:01:59.404+0300] {processor.py:826} INFO - Processing file /home/soamariaka/.local/lib/python3.9/site-packages/airflow/example_dags/example_short_circuit_decorator.py for tasks to queue
[2023-08-14T14:01:59.406+0300] {logging_mixin.py:150} INFO - [2023-08-14T14:01:59.405+0300] {dagbag.py:541} INFO - Filling up the DagBag from /home/soamariaka/.local/lib/python3.9/site-packages/airflow/example_dags/example_short_circuit_decorator.py
[2023-08-14T14:01:59.424+0300] {processor.py:836} INFO - DAG(s) dict_keys(['example_short_circuit_decorator']) retrieved from /home/soamariaka/.local/lib/python3.9/site-packages/airflow/example_dags/example_short_circuit_decorator.py
[2023-08-14T14:01:59.458+0300] {logging_mixin.py:150} INFO - [2023-08-14T14:01:59.457+0300] {dag.py:2742} INFO - Sync 1 DAGs
[2023-08-14T14:01:59.490+0300] {logging_mixin.py:150} INFO - [2023-08-14T14:01:59.490+0300] {dag.py:3504} INFO - Setting next_dagrun for example_short_circuit_decorator to 2023-08-13T11:01:59.489825+00:00, run_after=2023-08-14T11:01:59.489825+00:00
[2023-08-14T14:02:00.288+0300] {processor.py:179} INFO - Processing /home/soamariaka/.local/lib/python3.9/site-packages/airflow/example_dags/example_short_circuit_decorator.py took 0.913 seconds
[2023-08-14T14:04:30.957+0300] {processor.py:157} INFO - Started process (PID=13719) to work on /home/soamariaka/.local/lib/python3.9/site-packages/airflow/example_dags/example_short_circuit_decorator.py
[2023-08-14T14:04:30.995+0300] {processor.py:826} INFO - Processing file /home/soamariaka/.local/lib/python3.9/site-packages/airflow/example_dags/example_short_circuit_decorator.py for tasks to queue
[2023-08-14T14:04:30.997+0300] {logging_mixin.py:150} INFO - [2023-08-14T14:04:30.996+0300] {dagbag.py:541} INFO - Filling up the DagBag from /home/soamariaka/.local/lib/python3.9/site-packages/airflow/example_dags/example_short_circuit_decorator.py
[2023-08-14T14:04:31.026+0300] {processor.py:836} INFO - DAG(s) dict_keys(['example_short_circuit_decorator']) retrieved from /home/soamariaka/.local/lib/python3.9/site-packages/airflow/example_dags/example_short_circuit_decorator.py
[2023-08-14T14:04:31.068+0300] {logging_mixin.py:150} INFO - [2023-08-14T14:04:31.068+0300] {dag.py:2742} INFO - Sync 1 DAGs
[2023-08-14T14:04:31.110+0300] {logging_mixin.py:150} INFO - [2023-08-14T14:04:31.110+0300] {dag.py:3504} INFO - Setting next_dagrun for example_short_circuit_decorator to 2023-08-13T11:04:31.110115+00:00, run_after=2023-08-14T11:04:31.110115+00:00
[2023-08-14T14:04:31.322+0300] {processor.py:179} INFO - Processing /home/soamariaka/.local/lib/python3.9/site-packages/airflow/example_dags/example_short_circuit_decorator.py took 0.370 seconds
[2023-08-14T14:06:02.020+0300] {processor.py:157} INFO - Started process (PID=13808) to work on /home/soamariaka/.local/lib/python3.9/site-packages/airflow/example_dags/example_short_circuit_decorator.py
[2023-08-14T14:06:02.054+0300] {processor.py:826} INFO - Processing file /home/soamariaka/.local/lib/python3.9/site-packages/airflow/example_dags/example_short_circuit_decorator.py for tasks to queue
[2023-08-14T14:06:02.056+0300] {logging_mixin.py:150} INFO - [2023-08-14T14:06:02.055+0300] {dagbag.py:541} INFO - Filling up the DagBag from /home/soamariaka/.local/lib/python3.9/site-packages/airflow/example_dags/example_short_circuit_decorator.py
[2023-08-14T14:06:02.074+0300] {processor.py:836} INFO - DAG(s) dict_keys(['example_short_circuit_decorator']) retrieved from /home/soamariaka/.local/lib/python3.9/site-packages/airflow/example_dags/example_short_circuit_decorator.py
[2023-08-14T14:06:02.108+0300] {logging_mixin.py:150} INFO - [2023-08-14T14:06:02.108+0300] {dag.py:2742} INFO - Sync 1 DAGs
[2023-08-14T14:06:02.140+0300] {logging_mixin.py:150} INFO - [2023-08-14T14:06:02.140+0300] {dag.py:3504} INFO - Setting next_dagrun for example_short_circuit_decorator to 2023-08-13T11:06:02.139901+00:00, run_after=2023-08-14T11:06:02.139901+00:00
[2023-08-14T14:06:03.111+0300] {processor.py:179} INFO - Processing /home/soamariaka/.local/lib/python3.9/site-packages/airflow/example_dags/example_short_circuit_decorator.py took 1.096 seconds
[2023-08-14T14:07:12.851+0300] {processor.py:157} INFO - Started process (PID=13891) to work on /home/soamariaka/.local/lib/python3.9/site-packages/airflow/example_dags/example_short_circuit_decorator.py
[2023-08-14T14:07:12.854+0300] {processor.py:826} INFO - Processing file /home/soamariaka/.local/lib/python3.9/site-packages/airflow/example_dags/example_short_circuit_decorator.py for tasks to queue
[2023-08-14T14:07:12.856+0300] {logging_mixin.py:150} INFO - [2023-08-14T14:07:12.855+0300] {dagbag.py:541} INFO - Filling up the DagBag from /home/soamariaka/.local/lib/python3.9/site-packages/airflow/example_dags/example_short_circuit_decorator.py
[2023-08-14T14:07:12.874+0300] {processor.py:836} INFO - DAG(s) dict_keys(['example_short_circuit_decorator']) retrieved from /home/soamariaka/.local/lib/python3.9/site-packages/airflow/example_dags/example_short_circuit_decorator.py
[2023-08-14T14:07:12.904+0300] {logging_mixin.py:150} INFO - [2023-08-14T14:07:12.903+0300] {dag.py:2742} INFO - Sync 1 DAGs
[2023-08-14T14:07:12.935+0300] {logging_mixin.py:150} INFO - [2023-08-14T14:07:12.935+0300] {dag.py:3504} INFO - Setting next_dagrun for example_short_circuit_decorator to 2023-08-13T11:07:12.935322+00:00, run_after=2023-08-14T11:07:12.935322+00:00
[2023-08-14T14:07:13.217+0300] {processor.py:179} INFO - Processing /home/soamariaka/.local/lib/python3.9/site-packages/airflow/example_dags/example_short_circuit_decorator.py took 0.372 seconds
[2023-08-14T14:09:22.312+0300] {processor.py:157} INFO - Started process (PID=14086) to work on /home/soamariaka/.local/lib/python3.9/site-packages/airflow/example_dags/example_short_circuit_decorator.py
[2023-08-14T14:09:22.325+0300] {processor.py:826} INFO - Processing file /home/soamariaka/.local/lib/python3.9/site-packages/airflow/example_dags/example_short_circuit_decorator.py for tasks to queue
[2023-08-14T14:09:22.326+0300] {logging_mixin.py:150} INFO - [2023-08-14T14:09:22.326+0300] {dagbag.py:541} INFO - Filling up the DagBag from /home/soamariaka/.local/lib/python3.9/site-packages/airflow/example_dags/example_short_circuit_decorator.py
[2023-08-14T14:09:22.345+0300] {processor.py:836} INFO - DAG(s) dict_keys(['example_short_circuit_decorator']) retrieved from /home/soamariaka/.local/lib/python3.9/site-packages/airflow/example_dags/example_short_circuit_decorator.py
[2023-08-14T14:09:22.377+0300] {logging_mixin.py:150} INFO - [2023-08-14T14:09:22.377+0300] {dag.py:2742} INFO - Sync 1 DAGs
[2023-08-14T14:09:22.408+0300] {logging_mixin.py:150} INFO - [2023-08-14T14:09:22.408+0300] {dag.py:3504} INFO - Setting next_dagrun for example_short_circuit_decorator to 2023-08-13T11:09:22.407656+00:00, run_after=2023-08-14T11:09:22.407656+00:00
[2023-08-14T14:09:22.542+0300] {processor.py:179} INFO - Processing /home/soamariaka/.local/lib/python3.9/site-packages/airflow/example_dags/example_short_circuit_decorator.py took 0.235 seconds
[2023-08-14T14:10:58.236+0300] {processor.py:157} INFO - Started process (PID=14972) to work on /home/soamariaka/.local/lib/python3.9/site-packages/airflow/example_dags/example_short_circuit_decorator.py
[2023-08-14T14:10:58.256+0300] {processor.py:826} INFO - Processing file /home/soamariaka/.local/lib/python3.9/site-packages/airflow/example_dags/example_short_circuit_decorator.py for tasks to queue
[2023-08-14T14:10:58.258+0300] {logging_mixin.py:150} INFO - [2023-08-14T14:10:58.257+0300] {dagbag.py:541} INFO - Filling up the DagBag from /home/soamariaka/.local/lib/python3.9/site-packages/airflow/example_dags/example_short_circuit_decorator.py
[2023-08-14T14:10:58.276+0300] {processor.py:836} INFO - DAG(s) dict_keys(['example_short_circuit_decorator']) retrieved from /home/soamariaka/.local/lib/python3.9/site-packages/airflow/example_dags/example_short_circuit_decorator.py
[2023-08-14T14:10:58.309+0300] {logging_mixin.py:150} INFO - [2023-08-14T14:10:58.309+0300] {dag.py:2742} INFO - Sync 1 DAGs
[2023-08-14T14:10:58.340+0300] {logging_mixin.py:150} INFO - [2023-08-14T14:10:58.340+0300] {dag.py:3504} INFO - Setting next_dagrun for example_short_circuit_decorator to 2023-08-13T11:10:58.340288+00:00, run_after=2023-08-14T11:10:58.340288+00:00
[2023-08-14T14:10:58.471+0300] {processor.py:179} INFO - Processing /home/soamariaka/.local/lib/python3.9/site-packages/airflow/example_dags/example_short_circuit_decorator.py took 0.240 seconds
[2023-08-14T14:12:02.020+0300] {processor.py:157} INFO - Started process (PID=15120) to work on /home/soamariaka/.local/lib/python3.9/site-packages/airflow/example_dags/example_short_circuit_decorator.py
[2023-08-14T14:12:02.044+0300] {processor.py:826} INFO - Processing file /home/soamariaka/.local/lib/python3.9/site-packages/airflow/example_dags/example_short_circuit_decorator.py for tasks to queue
[2023-08-14T14:12:02.046+0300] {logging_mixin.py:150} INFO - [2023-08-14T14:12:02.045+0300] {dagbag.py:541} INFO - Filling up the DagBag from /home/soamariaka/.local/lib/python3.9/site-packages/airflow/example_dags/example_short_circuit_decorator.py
[2023-08-14T14:12:02.065+0300] {processor.py:836} INFO - DAG(s) dict_keys(['example_short_circuit_decorator']) retrieved from /home/soamariaka/.local/lib/python3.9/site-packages/airflow/example_dags/example_short_circuit_decorator.py
[2023-08-14T14:12:02.093+0300] {logging_mixin.py:150} INFO - [2023-08-14T14:12:02.093+0300] {dag.py:2742} INFO - Sync 1 DAGs
[2023-08-14T14:12:02.142+0300] {logging_mixin.py:150} INFO - [2023-08-14T14:12:02.142+0300] {dag.py:3504} INFO - Setting next_dagrun for example_short_circuit_decorator to 2023-08-13T11:12:02.142155+00:00, run_after=2023-08-14T11:12:02.142155+00:00
[2023-08-14T14:12:02.325+0300] {processor.py:179} INFO - Processing /home/soamariaka/.local/lib/python3.9/site-packages/airflow/example_dags/example_short_circuit_decorator.py took 0.310 seconds
[2023-08-14T14:13:00.053+0300] {processor.py:157} INFO - Started process (PID=15227) to work on /home/soamariaka/.local/lib/python3.9/site-packages/airflow/example_dags/example_short_circuit_decorator.py
[2023-08-14T14:13:00.055+0300] {processor.py:826} INFO - Processing file /home/soamariaka/.local/lib/python3.9/site-packages/airflow/example_dags/example_short_circuit_decorator.py for tasks to queue
[2023-08-14T14:13:00.056+0300] {logging_mixin.py:150} INFO - [2023-08-14T14:13:00.055+0300] {dagbag.py:541} INFO - Filling up the DagBag from /home/soamariaka/.local/lib/python3.9/site-packages/airflow/example_dags/example_short_circuit_decorator.py
[2023-08-14T14:13:00.073+0300] {processor.py:836} INFO - DAG(s) dict_keys(['example_short_circuit_decorator']) retrieved from /home/soamariaka/.local/lib/python3.9/site-packages/airflow/example_dags/example_short_circuit_decorator.py
[2023-08-14T14:13:00.105+0300] {logging_mixin.py:150} INFO - [2023-08-14T14:13:00.105+0300] {dag.py:2742} INFO - Sync 1 DAGs
[2023-08-14T14:13:00.138+0300] {logging_mixin.py:150} INFO - [2023-08-14T14:13:00.138+0300] {dag.py:3504} INFO - Setting next_dagrun for example_short_circuit_decorator to 2023-08-13T11:13:00.137966+00:00, run_after=2023-08-14T11:13:00.137966+00:00
[2023-08-14T14:13:00.323+0300] {processor.py:179} INFO - Processing /home/soamariaka/.local/lib/python3.9/site-packages/airflow/example_dags/example_short_circuit_decorator.py took 0.276 seconds
[2023-08-14T14:14:04.467+0300] {processor.py:157} INFO - Started process (PID=15341) to work on /home/soamariaka/.local/lib/python3.9/site-packages/airflow/example_dags/example_short_circuit_decorator.py
[2023-08-14T14:14:04.469+0300] {processor.py:826} INFO - Processing file /home/soamariaka/.local/lib/python3.9/site-packages/airflow/example_dags/example_short_circuit_decorator.py for tasks to queue
[2023-08-14T14:14:04.470+0300] {logging_mixin.py:150} INFO - [2023-08-14T14:14:04.470+0300] {dagbag.py:541} INFO - Filling up the DagBag from /home/soamariaka/.local/lib/python3.9/site-packages/airflow/example_dags/example_short_circuit_decorator.py
[2023-08-14T14:14:04.484+0300] {processor.py:836} INFO - DAG(s) dict_keys(['example_short_circuit_decorator']) retrieved from /home/soamariaka/.local/lib/python3.9/site-packages/airflow/example_dags/example_short_circuit_decorator.py
[2023-08-14T14:14:04.513+0300] {logging_mixin.py:150} INFO - [2023-08-14T14:14:04.513+0300] {dag.py:2742} INFO - Sync 1 DAGs
[2023-08-14T14:14:04.552+0300] {logging_mixin.py:150} INFO - [2023-08-14T14:14:04.552+0300] {dag.py:3504} INFO - Setting next_dagrun for example_short_circuit_decorator to 2023-08-13T11:14:04.552104+00:00, run_after=2023-08-14T11:14:04.552104+00:00
[2023-08-14T14:14:04.839+0300] {processor.py:179} INFO - Processing /home/soamariaka/.local/lib/python3.9/site-packages/airflow/example_dags/example_short_circuit_decorator.py took 0.376 seconds
[2023-08-14T14:15:07.274+0300] {processor.py:157} INFO - Started process (PID=15421) to work on /home/soamariaka/.local/lib/python3.9/site-packages/airflow/example_dags/example_short_circuit_decorator.py
[2023-08-14T14:15:07.294+0300] {processor.py:826} INFO - Processing file /home/soamariaka/.local/lib/python3.9/site-packages/airflow/example_dags/example_short_circuit_decorator.py for tasks to queue
[2023-08-14T14:15:07.296+0300] {logging_mixin.py:150} INFO - [2023-08-14T14:15:07.295+0300] {dagbag.py:541} INFO - Filling up the DagBag from /home/soamariaka/.local/lib/python3.9/site-packages/airflow/example_dags/example_short_circuit_decorator.py
[2023-08-14T14:15:07.311+0300] {processor.py:836} INFO - DAG(s) dict_keys(['example_short_circuit_decorator']) retrieved from /home/soamariaka/.local/lib/python3.9/site-packages/airflow/example_dags/example_short_circuit_decorator.py
[2023-08-14T14:15:07.339+0300] {logging_mixin.py:150} INFO - [2023-08-14T14:15:07.339+0300] {dag.py:2742} INFO - Sync 1 DAGs
[2023-08-14T14:15:07.371+0300] {logging_mixin.py:150} INFO - [2023-08-14T14:15:07.371+0300] {dag.py:3504} INFO - Setting next_dagrun for example_short_circuit_decorator to 2023-08-13T11:15:07.370772+00:00, run_after=2023-08-14T11:15:07.370772+00:00
[2023-08-14T14:15:07.501+0300] {processor.py:179} INFO - Processing /home/soamariaka/.local/lib/python3.9/site-packages/airflow/example_dags/example_short_circuit_decorator.py took 0.233 seconds
[2023-08-14T14:16:08.700+0300] {processor.py:157} INFO - Started process (PID=15609) to work on /home/soamariaka/.local/lib/python3.9/site-packages/airflow/example_dags/example_short_circuit_decorator.py
[2023-08-14T14:16:08.734+0300] {processor.py:826} INFO - Processing file /home/soamariaka/.local/lib/python3.9/site-packages/airflow/example_dags/example_short_circuit_decorator.py for tasks to queue
[2023-08-14T14:16:08.736+0300] {logging_mixin.py:150} INFO - [2023-08-14T14:16:08.735+0300] {dagbag.py:541} INFO - Filling up the DagBag from /home/soamariaka/.local/lib/python3.9/site-packages/airflow/example_dags/example_short_circuit_decorator.py
[2023-08-14T14:16:08.755+0300] {processor.py:836} INFO - DAG(s) dict_keys(['example_short_circuit_decorator']) retrieved from /home/soamariaka/.local/lib/python3.9/site-packages/airflow/example_dags/example_short_circuit_decorator.py
[2023-08-14T14:16:08.791+0300] {logging_mixin.py:150} INFO - [2023-08-14T14:16:08.791+0300] {dag.py:2742} INFO - Sync 1 DAGs
[2023-08-14T14:16:08.823+0300] {logging_mixin.py:150} INFO - [2023-08-14T14:16:08.823+0300] {dag.py:3504} INFO - Setting next_dagrun for example_short_circuit_decorator to 2023-08-13T11:16:08.822980+00:00, run_after=2023-08-14T11:16:08.822980+00:00
[2023-08-14T14:16:08.996+0300] {processor.py:179} INFO - Processing /home/soamariaka/.local/lib/python3.9/site-packages/airflow/example_dags/example_short_circuit_decorator.py took 0.302 seconds
[2023-08-14T14:17:11.852+0300] {processor.py:157} INFO - Started process (PID=15698) to work on /home/soamariaka/.local/lib/python3.9/site-packages/airflow/example_dags/example_short_circuit_decorator.py
[2023-08-14T14:17:11.910+0300] {processor.py:826} INFO - Processing file /home/soamariaka/.local/lib/python3.9/site-packages/airflow/example_dags/example_short_circuit_decorator.py for tasks to queue
[2023-08-14T14:17:11.912+0300] {logging_mixin.py:150} INFO - [2023-08-14T14:17:11.911+0300] {dagbag.py:541} INFO - Filling up the DagBag from /home/soamariaka/.local/lib/python3.9/site-packages/airflow/example_dags/example_short_circuit_decorator.py
[2023-08-14T14:17:11.930+0300] {processor.py:836} INFO - DAG(s) dict_keys(['example_short_circuit_decorator']) retrieved from /home/soamariaka/.local/lib/python3.9/site-packages/airflow/example_dags/example_short_circuit_decorator.py
[2023-08-14T14:17:11.967+0300] {logging_mixin.py:150} INFO - [2023-08-14T14:17:11.966+0300] {dag.py:2742} INFO - Sync 1 DAGs
[2023-08-14T14:17:12.000+0300] {logging_mixin.py:150} INFO - [2023-08-14T14:17:11.999+0300] {dag.py:3504} INFO - Setting next_dagrun for example_short_circuit_decorator to 2023-08-13T11:17:11.999286+00:00, run_after=2023-08-14T11:17:11.999286+00:00
[2023-08-14T14:17:12.300+0300] {processor.py:179} INFO - Processing /home/soamariaka/.local/lib/python3.9/site-packages/airflow/example_dags/example_short_circuit_decorator.py took 0.453 seconds
[2023-08-14T14:18:40.411+0300] {processor.py:157} INFO - Started process (PID=15906) to work on /home/soamariaka/.local/lib/python3.9/site-packages/airflow/example_dags/example_short_circuit_decorator.py
[2023-08-14T14:18:40.414+0300] {processor.py:826} INFO - Processing file /home/soamariaka/.local/lib/python3.9/site-packages/airflow/example_dags/example_short_circuit_decorator.py for tasks to queue
[2023-08-14T14:18:40.415+0300] {logging_mixin.py:150} INFO - [2023-08-14T14:18:40.415+0300] {dagbag.py:541} INFO - Filling up the DagBag from /home/soamariaka/.local/lib/python3.9/site-packages/airflow/example_dags/example_short_circuit_decorator.py
[2023-08-14T14:18:40.433+0300] {processor.py:836} INFO - DAG(s) dict_keys(['example_short_circuit_decorator']) retrieved from /home/soamariaka/.local/lib/python3.9/site-packages/airflow/example_dags/example_short_circuit_decorator.py
[2023-08-14T14:18:40.463+0300] {logging_mixin.py:150} INFO - [2023-08-14T14:18:40.463+0300] {dag.py:2742} INFO - Sync 1 DAGs
[2023-08-14T14:18:40.494+0300] {logging_mixin.py:150} INFO - [2023-08-14T14:18:40.494+0300] {dag.py:3504} INFO - Setting next_dagrun for example_short_circuit_decorator to 2023-08-13T11:18:40.494167+00:00, run_after=2023-08-14T11:18:40.494167+00:00
[2023-08-14T14:18:40.628+0300] {processor.py:179} INFO - Processing /home/soamariaka/.local/lib/python3.9/site-packages/airflow/example_dags/example_short_circuit_decorator.py took 0.222 seconds
[2023-08-14T14:19:39.985+0300] {processor.py:157} INFO - Started process (PID=15962) to work on /home/soamariaka/.local/lib/python3.9/site-packages/airflow/example_dags/example_short_circuit_decorator.py
[2023-08-14T14:19:39.987+0300] {processor.py:826} INFO - Processing file /home/soamariaka/.local/lib/python3.9/site-packages/airflow/example_dags/example_short_circuit_decorator.py for tasks to queue
[2023-08-14T14:19:39.988+0300] {logging_mixin.py:150} INFO - [2023-08-14T14:19:39.988+0300] {dagbag.py:541} INFO - Filling up the DagBag from /home/soamariaka/.local/lib/python3.9/site-packages/airflow/example_dags/example_short_circuit_decorator.py
[2023-08-14T14:19:40.003+0300] {processor.py:836} INFO - DAG(s) dict_keys(['example_short_circuit_decorator']) retrieved from /home/soamariaka/.local/lib/python3.9/site-packages/airflow/example_dags/example_short_circuit_decorator.py
[2023-08-14T14:19:40.031+0300] {logging_mixin.py:150} INFO - [2023-08-14T14:19:40.031+0300] {dag.py:2742} INFO - Sync 1 DAGs
[2023-08-14T14:19:40.075+0300] {logging_mixin.py:150} INFO - [2023-08-14T14:19:40.074+0300] {dag.py:3504} INFO - Setting next_dagrun for example_short_circuit_decorator to 2023-08-13T11:19:40.074431+00:00, run_after=2023-08-14T11:19:40.074431+00:00
[2023-08-14T14:19:40.305+0300] {processor.py:179} INFO - Processing /home/soamariaka/.local/lib/python3.9/site-packages/airflow/example_dags/example_short_circuit_decorator.py took 0.326 seconds
[2023-08-14T14:21:14.256+0300] {processor.py:157} INFO - Started process (PID=16076) to work on /home/soamariaka/.local/lib/python3.9/site-packages/airflow/example_dags/example_short_circuit_decorator.py
[2023-08-14T14:21:14.257+0300] {processor.py:826} INFO - Processing file /home/soamariaka/.local/lib/python3.9/site-packages/airflow/example_dags/example_short_circuit_decorator.py for tasks to queue
[2023-08-14T14:21:14.260+0300] {logging_mixin.py:150} INFO - [2023-08-14T14:21:14.259+0300] {dagbag.py:541} INFO - Filling up the DagBag from /home/soamariaka/.local/lib/python3.9/site-packages/airflow/example_dags/example_short_circuit_decorator.py
[2023-08-14T14:21:14.284+0300] {processor.py:836} INFO - DAG(s) dict_keys(['example_short_circuit_decorator']) retrieved from /home/soamariaka/.local/lib/python3.9/site-packages/airflow/example_dags/example_short_circuit_decorator.py
[2023-08-14T14:21:14.320+0300] {logging_mixin.py:150} INFO - [2023-08-14T14:21:14.319+0300] {dag.py:2742} INFO - Sync 1 DAGs
[2023-08-14T14:21:14.359+0300] {logging_mixin.py:150} INFO - [2023-08-14T14:21:14.358+0300] {dag.py:3504} INFO - Setting next_dagrun for example_short_circuit_decorator to 2023-08-13T11:21:14.358435+00:00, run_after=2023-08-14T11:21:14.358435+00:00
[2023-08-14T14:21:14.635+0300] {processor.py:179} INFO - Processing /home/soamariaka/.local/lib/python3.9/site-packages/airflow/example_dags/example_short_circuit_decorator.py took 0.386 seconds
[2023-08-14T14:22:22.985+0300] {processor.py:157} INFO - Started process (PID=16145) to work on /home/soamariaka/.local/lib/python3.9/site-packages/airflow/example_dags/example_short_circuit_decorator.py
[2023-08-14T14:22:22.988+0300] {processor.py:826} INFO - Processing file /home/soamariaka/.local/lib/python3.9/site-packages/airflow/example_dags/example_short_circuit_decorator.py for tasks to queue
[2023-08-14T14:22:22.989+0300] {logging_mixin.py:150} INFO - [2023-08-14T14:22:22.989+0300] {dagbag.py:541} INFO - Filling up the DagBag from /home/soamariaka/.local/lib/python3.9/site-packages/airflow/example_dags/example_short_circuit_decorator.py
[2023-08-14T14:22:23.007+0300] {processor.py:836} INFO - DAG(s) dict_keys(['example_short_circuit_decorator']) retrieved from /home/soamariaka/.local/lib/python3.9/site-packages/airflow/example_dags/example_short_circuit_decorator.py
[2023-08-14T14:22:23.037+0300] {logging_mixin.py:150} INFO - [2023-08-14T14:22:23.037+0300] {dag.py:2742} INFO - Sync 1 DAGs
[2023-08-14T14:22:23.069+0300] {logging_mixin.py:150} INFO - [2023-08-14T14:22:23.068+0300] {dag.py:3504} INFO - Setting next_dagrun for example_short_circuit_decorator to 2023-08-13T11:22:23.068549+00:00, run_after=2023-08-14T11:22:23.068549+00:00
[2023-08-14T14:22:23.231+0300] {processor.py:179} INFO - Processing /home/soamariaka/.local/lib/python3.9/site-packages/airflow/example_dags/example_short_circuit_decorator.py took 0.251 seconds
[2023-08-14T14:23:23.983+0300] {processor.py:157} INFO - Started process (PID=16210) to work on /home/soamariaka/.local/lib/python3.9/site-packages/airflow/example_dags/example_short_circuit_decorator.py
[2023-08-14T14:23:24.104+0300] {processor.py:826} INFO - Processing file /home/soamariaka/.local/lib/python3.9/site-packages/airflow/example_dags/example_short_circuit_decorator.py for tasks to queue
[2023-08-14T14:23:24.105+0300] {logging_mixin.py:150} INFO - [2023-08-14T14:23:24.105+0300] {dagbag.py:541} INFO - Filling up the DagBag from /home/soamariaka/.local/lib/python3.9/site-packages/airflow/example_dags/example_short_circuit_decorator.py
[2023-08-14T14:23:24.121+0300] {processor.py:836} INFO - DAG(s) dict_keys(['example_short_circuit_decorator']) retrieved from /home/soamariaka/.local/lib/python3.9/site-packages/airflow/example_dags/example_short_circuit_decorator.py
[2023-08-14T14:23:24.159+0300] {logging_mixin.py:150} INFO - [2023-08-14T14:23:24.159+0300] {dag.py:2742} INFO - Sync 1 DAGs
[2023-08-14T14:23:24.196+0300] {logging_mixin.py:150} INFO - [2023-08-14T14:23:24.196+0300] {dag.py:3504} INFO - Setting next_dagrun for example_short_circuit_decorator to 2023-08-13T11:23:24.195360+00:00, run_after=2023-08-14T11:23:24.195360+00:00
[2023-08-14T14:23:24.590+0300] {processor.py:179} INFO - Processing /home/soamariaka/.local/lib/python3.9/site-packages/airflow/example_dags/example_short_circuit_decorator.py took 0.611 seconds
[2023-08-14T14:24:22.989+0300] {processor.py:157} INFO - Started process (PID=16457) to work on /home/soamariaka/.local/lib/python3.9/site-packages/airflow/example_dags/example_short_circuit_decorator.py
[2023-08-14T14:24:23.018+0300] {processor.py:826} INFO - Processing file /home/soamariaka/.local/lib/python3.9/site-packages/airflow/example_dags/example_short_circuit_decorator.py for tasks to queue
[2023-08-14T14:24:23.020+0300] {logging_mixin.py:150} INFO - [2023-08-14T14:24:23.019+0300] {dagbag.py:541} INFO - Filling up the DagBag from /home/soamariaka/.local/lib/python3.9/site-packages/airflow/example_dags/example_short_circuit_decorator.py
[2023-08-14T14:24:23.038+0300] {processor.py:836} INFO - DAG(s) dict_keys(['example_short_circuit_decorator']) retrieved from /home/soamariaka/.local/lib/python3.9/site-packages/airflow/example_dags/example_short_circuit_decorator.py
[2023-08-14T14:24:23.072+0300] {logging_mixin.py:150} INFO - [2023-08-14T14:24:23.072+0300] {dag.py:2742} INFO - Sync 1 DAGs
[2023-08-14T14:24:23.103+0300] {logging_mixin.py:150} INFO - [2023-08-14T14:24:23.103+0300] {dag.py:3504} INFO - Setting next_dagrun for example_short_circuit_decorator to 2023-08-13T11:24:23.103362+00:00, run_after=2023-08-14T11:24:23.103362+00:00
[2023-08-14T14:24:23.243+0300] {processor.py:179} INFO - Processing /home/soamariaka/.local/lib/python3.9/site-packages/airflow/example_dags/example_short_circuit_decorator.py took 0.259 seconds
[2023-08-14T14:25:19.533+0300] {processor.py:157} INFO - Started process (PID=16600) to work on /home/soamariaka/.local/lib/python3.9/site-packages/airflow/example_dags/example_short_circuit_decorator.py
[2023-08-14T14:25:19.536+0300] {processor.py:826} INFO - Processing file /home/soamariaka/.local/lib/python3.9/site-packages/airflow/example_dags/example_short_circuit_decorator.py for tasks to queue
[2023-08-14T14:25:19.537+0300] {logging_mixin.py:150} INFO - [2023-08-14T14:25:19.537+0300] {dagbag.py:541} INFO - Filling up the DagBag from /home/soamariaka/.local/lib/python3.9/site-packages/airflow/example_dags/example_short_circuit_decorator.py
[2023-08-14T14:25:19.555+0300] {processor.py:836} INFO - DAG(s) dict_keys(['example_short_circuit_decorator']) retrieved from /home/soamariaka/.local/lib/python3.9/site-packages/airflow/example_dags/example_short_circuit_decorator.py
[2023-08-14T14:25:19.585+0300] {logging_mixin.py:150} INFO - [2023-08-14T14:25:19.584+0300] {dag.py:2742} INFO - Sync 1 DAGs
[2023-08-14T14:25:19.616+0300] {logging_mixin.py:150} INFO - [2023-08-14T14:25:19.616+0300] {dag.py:3504} INFO - Setting next_dagrun for example_short_circuit_decorator to 2023-08-13T11:25:19.615952+00:00, run_after=2023-08-14T11:25:19.615952+00:00
[2023-08-14T14:25:19.752+0300] {processor.py:179} INFO - Processing /home/soamariaka/.local/lib/python3.9/site-packages/airflow/example_dags/example_short_circuit_decorator.py took 0.225 seconds
[2023-08-14T14:26:23.343+0300] {processor.py:157} INFO - Started process (PID=16723) to work on /home/soamariaka/.local/lib/python3.9/site-packages/airflow/example_dags/example_short_circuit_decorator.py
[2023-08-14T14:26:23.346+0300] {processor.py:826} INFO - Processing file /home/soamariaka/.local/lib/python3.9/site-packages/airflow/example_dags/example_short_circuit_decorator.py for tasks to queue
[2023-08-14T14:26:23.347+0300] {logging_mixin.py:150} INFO - [2023-08-14T14:26:23.347+0300] {dagbag.py:541} INFO - Filling up the DagBag from /home/soamariaka/.local/lib/python3.9/site-packages/airflow/example_dags/example_short_circuit_decorator.py
[2023-08-14T14:26:23.365+0300] {processor.py:836} INFO - DAG(s) dict_keys(['example_short_circuit_decorator']) retrieved from /home/soamariaka/.local/lib/python3.9/site-packages/airflow/example_dags/example_short_circuit_decorator.py
[2023-08-14T14:26:23.395+0300] {logging_mixin.py:150} INFO - [2023-08-14T14:26:23.395+0300] {dag.py:2742} INFO - Sync 1 DAGs
[2023-08-14T14:26:23.427+0300] {logging_mixin.py:150} INFO - [2023-08-14T14:26:23.427+0300] {dag.py:3504} INFO - Setting next_dagrun for example_short_circuit_decorator to 2023-08-13T11:26:23.426896+00:00, run_after=2023-08-14T11:26:23.426896+00:00
[2023-08-14T14:26:23.651+0300] {processor.py:179} INFO - Processing /home/soamariaka/.local/lib/python3.9/site-packages/airflow/example_dags/example_short_circuit_decorator.py took 0.313 seconds
[2023-08-14T14:27:20.505+0300] {processor.py:157} INFO - Started process (PID=16816) to work on /home/soamariaka/.local/lib/python3.9/site-packages/airflow/example_dags/example_short_circuit_decorator.py
[2023-08-14T14:27:20.508+0300] {processor.py:826} INFO - Processing file /home/soamariaka/.local/lib/python3.9/site-packages/airflow/example_dags/example_short_circuit_decorator.py for tasks to queue
[2023-08-14T14:27:20.510+0300] {logging_mixin.py:150} INFO - [2023-08-14T14:27:20.509+0300] {dagbag.py:541} INFO - Filling up the DagBag from /home/soamariaka/.local/lib/python3.9/site-packages/airflow/example_dags/example_short_circuit_decorator.py
[2023-08-14T14:27:20.527+0300] {processor.py:836} INFO - DAG(s) dict_keys(['example_short_circuit_decorator']) retrieved from /home/soamariaka/.local/lib/python3.9/site-packages/airflow/example_dags/example_short_circuit_decorator.py
[2023-08-14T14:27:20.557+0300] {logging_mixin.py:150} INFO - [2023-08-14T14:27:20.556+0300] {dag.py:2742} INFO - Sync 1 DAGs
[2023-08-14T14:27:20.588+0300] {logging_mixin.py:150} INFO - [2023-08-14T14:27:20.587+0300] {dag.py:3504} INFO - Setting next_dagrun for example_short_circuit_decorator to 2023-08-13T11:27:20.587425+00:00, run_after=2023-08-14T11:27:20.587425+00:00
[2023-08-14T14:27:20.729+0300] {processor.py:179} INFO - Processing /home/soamariaka/.local/lib/python3.9/site-packages/airflow/example_dags/example_short_circuit_decorator.py took 0.229 seconds
[2023-08-14T14:28:24.702+0300] {processor.py:157} INFO - Started process (PID=16936) to work on /home/soamariaka/.local/lib/python3.9/site-packages/airflow/example_dags/example_short_circuit_decorator.py
[2023-08-14T14:28:24.705+0300] {processor.py:826} INFO - Processing file /home/soamariaka/.local/lib/python3.9/site-packages/airflow/example_dags/example_short_circuit_decorator.py for tasks to queue
[2023-08-14T14:28:24.706+0300] {logging_mixin.py:150} INFO - [2023-08-14T14:28:24.705+0300] {dagbag.py:541} INFO - Filling up the DagBag from /home/soamariaka/.local/lib/python3.9/site-packages/airflow/example_dags/example_short_circuit_decorator.py
[2023-08-14T14:28:24.721+0300] {processor.py:836} INFO - DAG(s) dict_keys(['example_short_circuit_decorator']) retrieved from /home/soamariaka/.local/lib/python3.9/site-packages/airflow/example_dags/example_short_circuit_decorator.py
[2023-08-14T14:28:24.749+0300] {logging_mixin.py:150} INFO - [2023-08-14T14:28:24.749+0300] {dag.py:2742} INFO - Sync 1 DAGs
[2023-08-14T14:28:24.780+0300] {logging_mixin.py:150} INFO - [2023-08-14T14:28:24.779+0300] {dag.py:3504} INFO - Setting next_dagrun for example_short_circuit_decorator to 2023-08-13T11:28:24.779643+00:00, run_after=2023-08-14T11:28:24.779643+00:00
[2023-08-14T14:28:24.929+0300] {processor.py:179} INFO - Processing /home/soamariaka/.local/lib/python3.9/site-packages/airflow/example_dags/example_short_circuit_decorator.py took 0.232 seconds
[2023-08-14T14:29:24.840+0300] {processor.py:157} INFO - Started process (PID=17056) to work on /home/soamariaka/.local/lib/python3.9/site-packages/airflow/example_dags/example_short_circuit_decorator.py
[2023-08-14T14:29:24.842+0300] {processor.py:826} INFO - Processing file /home/soamariaka/.local/lib/python3.9/site-packages/airflow/example_dags/example_short_circuit_decorator.py for tasks to queue
[2023-08-14T14:29:24.844+0300] {logging_mixin.py:150} INFO - [2023-08-14T14:29:24.843+0300] {dagbag.py:541} INFO - Filling up the DagBag from /home/soamariaka/.local/lib/python3.9/site-packages/airflow/example_dags/example_short_circuit_decorator.py
[2023-08-14T14:29:24.861+0300] {processor.py:836} INFO - DAG(s) dict_keys(['example_short_circuit_decorator']) retrieved from /home/soamariaka/.local/lib/python3.9/site-packages/airflow/example_dags/example_short_circuit_decorator.py
[2023-08-14T14:29:24.891+0300] {logging_mixin.py:150} INFO - [2023-08-14T14:29:24.891+0300] {dag.py:2742} INFO - Sync 1 DAGs
[2023-08-14T14:29:24.923+0300] {logging_mixin.py:150} INFO - [2023-08-14T14:29:24.923+0300] {dag.py:3504} INFO - Setting next_dagrun for example_short_circuit_decorator to 2023-08-13T11:29:24.922816+00:00, run_after=2023-08-14T11:29:24.922816+00:00
[2023-08-14T14:29:25.069+0300] {processor.py:179} INFO - Processing /home/soamariaka/.local/lib/python3.9/site-packages/airflow/example_dags/example_short_circuit_decorator.py took 0.234 seconds
[2023-08-14T14:30:20.892+0300] {processor.py:157} INFO - Started process (PID=17225) to work on /home/soamariaka/.local/lib/python3.9/site-packages/airflow/example_dags/example_short_circuit_decorator.py
[2023-08-14T14:30:20.894+0300] {processor.py:826} INFO - Processing file /home/soamariaka/.local/lib/python3.9/site-packages/airflow/example_dags/example_short_circuit_decorator.py for tasks to queue
[2023-08-14T14:30:20.896+0300] {logging_mixin.py:150} INFO - [2023-08-14T14:30:20.895+0300] {dagbag.py:541} INFO - Filling up the DagBag from /home/soamariaka/.local/lib/python3.9/site-packages/airflow/example_dags/example_short_circuit_decorator.py
[2023-08-14T14:30:20.913+0300] {processor.py:836} INFO - DAG(s) dict_keys(['example_short_circuit_decorator']) retrieved from /home/soamariaka/.local/lib/python3.9/site-packages/airflow/example_dags/example_short_circuit_decorator.py
[2023-08-14T14:30:20.944+0300] {logging_mixin.py:150} INFO - [2023-08-14T14:30:20.943+0300] {dag.py:2742} INFO - Sync 1 DAGs
[2023-08-14T14:30:20.975+0300] {logging_mixin.py:150} INFO - [2023-08-14T14:30:20.975+0300] {dag.py:3504} INFO - Setting next_dagrun for example_short_circuit_decorator to 2023-08-13T11:30:20.974702+00:00, run_after=2023-08-14T11:30:20.974702+00:00
[2023-08-14T14:30:21.121+0300] {processor.py:179} INFO - Processing /home/soamariaka/.local/lib/python3.9/site-packages/airflow/example_dags/example_short_circuit_decorator.py took 0.235 seconds
[2023-08-14T14:31:14.698+0300] {processor.py:157} INFO - Started process (PID=17277) to work on /home/soamariaka/.local/lib/python3.9/site-packages/airflow/example_dags/example_short_circuit_decorator.py
[2023-08-14T14:31:14.700+0300] {processor.py:826} INFO - Processing file /home/soamariaka/.local/lib/python3.9/site-packages/airflow/example_dags/example_short_circuit_decorator.py for tasks to queue
[2023-08-14T14:31:14.702+0300] {logging_mixin.py:150} INFO - [2023-08-14T14:31:14.701+0300] {dagbag.py:541} INFO - Filling up the DagBag from /home/soamariaka/.local/lib/python3.9/site-packages/airflow/example_dags/example_short_circuit_decorator.py
[2023-08-14T14:31:14.720+0300] {processor.py:836} INFO - DAG(s) dict_keys(['example_short_circuit_decorator']) retrieved from /home/soamariaka/.local/lib/python3.9/site-packages/airflow/example_dags/example_short_circuit_decorator.py
[2023-08-14T14:31:14.749+0300] {logging_mixin.py:150} INFO - [2023-08-14T14:31:14.749+0300] {dag.py:2742} INFO - Sync 1 DAGs
[2023-08-14T14:31:14.781+0300] {logging_mixin.py:150} INFO - [2023-08-14T14:31:14.780+0300] {dag.py:3504} INFO - Setting next_dagrun for example_short_circuit_decorator to 2023-08-13T11:31:14.780377+00:00, run_after=2023-08-14T11:31:14.780377+00:00
[2023-08-14T14:31:14.939+0300] {processor.py:179} INFO - Processing /home/soamariaka/.local/lib/python3.9/site-packages/airflow/example_dags/example_short_circuit_decorator.py took 0.247 seconds
[2023-08-14T14:32:15.561+0300] {processor.py:157} INFO - Started process (PID=17397) to work on /home/soamariaka/.local/lib/python3.9/site-packages/airflow/example_dags/example_short_circuit_decorator.py
[2023-08-14T14:32:15.564+0300] {processor.py:826} INFO - Processing file /home/soamariaka/.local/lib/python3.9/site-packages/airflow/example_dags/example_short_circuit_decorator.py for tasks to queue
[2023-08-14T14:32:15.565+0300] {logging_mixin.py:150} INFO - [2023-08-14T14:32:15.565+0300] {dagbag.py:541} INFO - Filling up the DagBag from /home/soamariaka/.local/lib/python3.9/site-packages/airflow/example_dags/example_short_circuit_decorator.py
[2023-08-14T14:32:15.583+0300] {processor.py:836} INFO - DAG(s) dict_keys(['example_short_circuit_decorator']) retrieved from /home/soamariaka/.local/lib/python3.9/site-packages/airflow/example_dags/example_short_circuit_decorator.py
[2023-08-14T14:32:15.612+0300] {logging_mixin.py:150} INFO - [2023-08-14T14:32:15.612+0300] {dag.py:2742} INFO - Sync 1 DAGs
[2023-08-14T14:32:15.643+0300] {logging_mixin.py:150} INFO - [2023-08-14T14:32:15.643+0300] {dag.py:3504} INFO - Setting next_dagrun for example_short_circuit_decorator to 2023-08-13T11:32:15.642994+00:00, run_after=2023-08-14T11:32:15.642994+00:00
[2023-08-14T14:32:15.794+0300] {processor.py:179} INFO - Processing /home/soamariaka/.local/lib/python3.9/site-packages/airflow/example_dags/example_short_circuit_decorator.py took 0.237 seconds
[2023-08-14T14:33:14.370+0300] {processor.py:157} INFO - Started process (PID=17547) to work on /home/soamariaka/.local/lib/python3.9/site-packages/airflow/example_dags/example_short_circuit_decorator.py
[2023-08-14T14:33:14.389+0300] {processor.py:826} INFO - Processing file /home/soamariaka/.local/lib/python3.9/site-packages/airflow/example_dags/example_short_circuit_decorator.py for tasks to queue
[2023-08-14T14:33:14.391+0300] {logging_mixin.py:150} INFO - [2023-08-14T14:33:14.391+0300] {dagbag.py:541} INFO - Filling up the DagBag from /home/soamariaka/.local/lib/python3.9/site-packages/airflow/example_dags/example_short_circuit_decorator.py
[2023-08-14T14:33:14.412+0300] {processor.py:836} INFO - DAG(s) dict_keys(['example_short_circuit_decorator']) retrieved from /home/soamariaka/.local/lib/python3.9/site-packages/airflow/example_dags/example_short_circuit_decorator.py
[2023-08-14T14:33:14.447+0300] {logging_mixin.py:150} INFO - [2023-08-14T14:33:14.447+0300] {dag.py:2742} INFO - Sync 1 DAGs
[2023-08-14T14:33:14.479+0300] {logging_mixin.py:150} INFO - [2023-08-14T14:33:14.479+0300] {dag.py:3504} INFO - Setting next_dagrun for example_short_circuit_decorator to 2023-08-13T11:33:14.479248+00:00, run_after=2023-08-14T11:33:14.479248+00:00
[2023-08-14T14:33:14.658+0300] {processor.py:179} INFO - Processing /home/soamariaka/.local/lib/python3.9/site-packages/airflow/example_dags/example_short_circuit_decorator.py took 0.294 seconds
[2023-08-14T14:34:14.397+0300] {processor.py:157} INFO - Started process (PID=17602) to work on /home/soamariaka/.local/lib/python3.9/site-packages/airflow/example_dags/example_short_circuit_decorator.py
[2023-08-14T14:34:14.399+0300] {processor.py:826} INFO - Processing file /home/soamariaka/.local/lib/python3.9/site-packages/airflow/example_dags/example_short_circuit_decorator.py for tasks to queue
[2023-08-14T14:34:14.400+0300] {logging_mixin.py:150} INFO - [2023-08-14T14:34:14.400+0300] {dagbag.py:541} INFO - Filling up the DagBag from /home/soamariaka/.local/lib/python3.9/site-packages/airflow/example_dags/example_short_circuit_decorator.py
[2023-08-14T14:34:14.418+0300] {processor.py:836} INFO - DAG(s) dict_keys(['example_short_circuit_decorator']) retrieved from /home/soamariaka/.local/lib/python3.9/site-packages/airflow/example_dags/example_short_circuit_decorator.py
[2023-08-14T14:34:14.449+0300] {logging_mixin.py:150} INFO - [2023-08-14T14:34:14.449+0300] {dag.py:2742} INFO - Sync 1 DAGs
[2023-08-14T14:34:14.480+0300] {logging_mixin.py:150} INFO - [2023-08-14T14:34:14.480+0300] {dag.py:3504} INFO - Setting next_dagrun for example_short_circuit_decorator to 2023-08-13T11:34:14.480226+00:00, run_after=2023-08-14T11:34:14.480226+00:00
[2023-08-14T14:34:14.614+0300] {processor.py:179} INFO - Processing /home/soamariaka/.local/lib/python3.9/site-packages/airflow/example_dags/example_short_circuit_decorator.py took 0.222 seconds
[2023-08-14T14:35:40.554+0300] {processor.py:157} INFO - Started process (PID=17855) to work on /home/soamariaka/.local/lib/python3.9/site-packages/airflow/example_dags/example_short_circuit_decorator.py
[2023-08-14T14:35:40.556+0300] {processor.py:826} INFO - Processing file /home/soamariaka/.local/lib/python3.9/site-packages/airflow/example_dags/example_short_circuit_decorator.py for tasks to queue
[2023-08-14T14:35:40.558+0300] {logging_mixin.py:150} INFO - [2023-08-14T14:35:40.558+0300] {dagbag.py:541} INFO - Filling up the DagBag from /home/soamariaka/.local/lib/python3.9/site-packages/airflow/example_dags/example_short_circuit_decorator.py
[2023-08-14T14:35:40.576+0300] {processor.py:836} INFO - DAG(s) dict_keys(['example_short_circuit_decorator']) retrieved from /home/soamariaka/.local/lib/python3.9/site-packages/airflow/example_dags/example_short_circuit_decorator.py
[2023-08-14T14:35:40.606+0300] {logging_mixin.py:150} INFO - [2023-08-14T14:35:40.606+0300] {dag.py:2742} INFO - Sync 1 DAGs
[2023-08-14T14:35:40.637+0300] {logging_mixin.py:150} INFO - [2023-08-14T14:35:40.637+0300] {dag.py:3504} INFO - Setting next_dagrun for example_short_circuit_decorator to 2023-08-13T11:35:40.637171+00:00, run_after=2023-08-14T11:35:40.637171+00:00
[2023-08-14T14:35:40.788+0300] {processor.py:179} INFO - Processing /home/soamariaka/.local/lib/python3.9/site-packages/airflow/example_dags/example_short_circuit_decorator.py took 0.239 seconds
[2023-08-14T14:37:21.669+0300] {processor.py:157} INFO - Started process (PID=18054) to work on /home/soamariaka/.local/lib/python3.9/site-packages/airflow/example_dags/example_short_circuit_decorator.py
[2023-08-14T14:37:21.671+0300] {processor.py:826} INFO - Processing file /home/soamariaka/.local/lib/python3.9/site-packages/airflow/example_dags/example_short_circuit_decorator.py for tasks to queue
[2023-08-14T14:37:21.673+0300] {logging_mixin.py:150} INFO - [2023-08-14T14:37:21.672+0300] {dagbag.py:541} INFO - Filling up the DagBag from /home/soamariaka/.local/lib/python3.9/site-packages/airflow/example_dags/example_short_circuit_decorator.py
[2023-08-14T14:37:21.688+0300] {processor.py:836} INFO - DAG(s) dict_keys(['example_short_circuit_decorator']) retrieved from /home/soamariaka/.local/lib/python3.9/site-packages/airflow/example_dags/example_short_circuit_decorator.py
[2023-08-14T14:37:21.716+0300] {logging_mixin.py:150} INFO - [2023-08-14T14:37:21.716+0300] {dag.py:2742} INFO - Sync 1 DAGs
[2023-08-14T14:37:21.748+0300] {logging_mixin.py:150} INFO - [2023-08-14T14:37:21.748+0300] {dag.py:3504} INFO - Setting next_dagrun for example_short_circuit_decorator to 2023-08-13T11:37:21.748003+00:00, run_after=2023-08-14T11:37:21.748003+00:00
[2023-08-14T14:37:21.893+0300] {processor.py:179} INFO - Processing /home/soamariaka/.local/lib/python3.9/site-packages/airflow/example_dags/example_short_circuit_decorator.py took 0.228 seconds
[2023-08-14T14:38:22.165+0300] {processor.py:157} INFO - Started process (PID=18237) to work on /home/soamariaka/.local/lib/python3.9/site-packages/airflow/example_dags/example_short_circuit_decorator.py
[2023-08-14T14:38:22.166+0300] {processor.py:826} INFO - Processing file /home/soamariaka/.local/lib/python3.9/site-packages/airflow/example_dags/example_short_circuit_decorator.py for tasks to queue
[2023-08-14T14:38:22.168+0300] {logging_mixin.py:150} INFO - [2023-08-14T14:38:22.167+0300] {dagbag.py:541} INFO - Filling up the DagBag from /home/soamariaka/.local/lib/python3.9/site-packages/airflow/example_dags/example_short_circuit_decorator.py
[2023-08-14T14:38:22.186+0300] {processor.py:836} INFO - DAG(s) dict_keys(['example_short_circuit_decorator']) retrieved from /home/soamariaka/.local/lib/python3.9/site-packages/airflow/example_dags/example_short_circuit_decorator.py
[2023-08-14T14:38:22.224+0300] {logging_mixin.py:150} INFO - [2023-08-14T14:38:22.223+0300] {dag.py:2742} INFO - Sync 1 DAGs
[2023-08-14T14:38:22.255+0300] {logging_mixin.py:150} INFO - [2023-08-14T14:38:22.255+0300] {dag.py:3504} INFO - Setting next_dagrun for example_short_circuit_decorator to 2023-08-13T11:38:22.254956+00:00, run_after=2023-08-14T11:38:22.254956+00:00
[2023-08-14T14:38:22.536+0300] {processor.py:179} INFO - Processing /home/soamariaka/.local/lib/python3.9/site-packages/airflow/example_dags/example_short_circuit_decorator.py took 0.376 seconds
[2023-08-14T14:39:30.753+0300] {processor.py:157} INFO - Started process (PID=18392) to work on /home/soamariaka/.local/lib/python3.9/site-packages/airflow/example_dags/example_short_circuit_decorator.py
[2023-08-14T14:39:30.755+0300] {processor.py:826} INFO - Processing file /home/soamariaka/.local/lib/python3.9/site-packages/airflow/example_dags/example_short_circuit_decorator.py for tasks to queue
[2023-08-14T14:39:30.757+0300] {logging_mixin.py:150} INFO - [2023-08-14T14:39:30.756+0300] {dagbag.py:541} INFO - Filling up the DagBag from /home/soamariaka/.local/lib/python3.9/site-packages/airflow/example_dags/example_short_circuit_decorator.py
[2023-08-14T14:39:30.775+0300] {processor.py:836} INFO - DAG(s) dict_keys(['example_short_circuit_decorator']) retrieved from /home/soamariaka/.local/lib/python3.9/site-packages/airflow/example_dags/example_short_circuit_decorator.py
[2023-08-14T14:39:30.805+0300] {logging_mixin.py:150} INFO - [2023-08-14T14:39:30.805+0300] {dag.py:2742} INFO - Sync 1 DAGs
[2023-08-14T14:39:30.836+0300] {logging_mixin.py:150} INFO - [2023-08-14T14:39:30.836+0300] {dag.py:3504} INFO - Setting next_dagrun for example_short_circuit_decorator to 2023-08-13T11:39:30.836116+00:00, run_after=2023-08-14T11:39:30.836116+00:00
[2023-08-14T14:39:31.013+0300] {processor.py:179} INFO - Processing /home/soamariaka/.local/lib/python3.9/site-packages/airflow/example_dags/example_short_circuit_decorator.py took 0.266 seconds
[2023-08-14T14:40:56.569+0300] {processor.py:157} INFO - Started process (PID=18648) to work on /home/soamariaka/.local/lib/python3.9/site-packages/airflow/example_dags/example_short_circuit_decorator.py
[2023-08-14T14:40:56.572+0300] {processor.py:826} INFO - Processing file /home/soamariaka/.local/lib/python3.9/site-packages/airflow/example_dags/example_short_circuit_decorator.py for tasks to queue
[2023-08-14T14:40:56.574+0300] {logging_mixin.py:150} INFO - [2023-08-14T14:40:56.573+0300] {dagbag.py:541} INFO - Filling up the DagBag from /home/soamariaka/.local/lib/python3.9/site-packages/airflow/example_dags/example_short_circuit_decorator.py
[2023-08-14T14:40:56.592+0300] {processor.py:836} INFO - DAG(s) dict_keys(['example_short_circuit_decorator']) retrieved from /home/soamariaka/.local/lib/python3.9/site-packages/airflow/example_dags/example_short_circuit_decorator.py
[2023-08-14T14:40:56.621+0300] {logging_mixin.py:150} INFO - [2023-08-14T14:40:56.621+0300] {dag.py:2742} INFO - Sync 1 DAGs
[2023-08-14T14:40:56.653+0300] {logging_mixin.py:150} INFO - [2023-08-14T14:40:56.653+0300] {dag.py:3504} INFO - Setting next_dagrun for example_short_circuit_decorator to 2023-08-13T11:40:56.652812+00:00, run_after=2023-08-14T11:40:56.652812+00:00
[2023-08-14T14:40:56.796+0300] {processor.py:179} INFO - Processing /home/soamariaka/.local/lib/python3.9/site-packages/airflow/example_dags/example_short_circuit_decorator.py took 0.232 seconds
