[2023-08-14T13:33:22.293+0300] {processor.py:157} INFO - Started process (PID=10780) to work on /home/soamariaka/.local/lib/python3.9/site-packages/airflow/example_dags/example_dynamic_task_mapping.py
[2023-08-14T13:33:22.294+0300] {processor.py:826} INFO - Processing file /home/soamariaka/.local/lib/python3.9/site-packages/airflow/example_dags/example_dynamic_task_mapping.py for tasks to queue
[2023-08-14T13:33:22.296+0300] {logging_mixin.py:150} INFO - [2023-08-14T13:33:22.295+0300] {dagbag.py:541} INFO - Filling up the DagBag from /home/soamariaka/.local/lib/python3.9/site-packages/airflow/example_dags/example_dynamic_task_mapping.py
[2023-08-14T13:33:22.308+0300] {processor.py:836} INFO - DAG(s) dict_keys(['example_dynamic_task_mapping']) retrieved from /home/soamariaka/.local/lib/python3.9/site-packages/airflow/example_dags/example_dynamic_task_mapping.py
[2023-08-14T13:33:22.332+0300] {logging_mixin.py:150} INFO - [2023-08-14T13:33:22.331+0300] {dag.py:2742} INFO - Sync 1 DAGs
[2023-08-14T13:33:22.363+0300] {logging_mixin.py:150} INFO - [2023-08-14T13:33:22.363+0300] {dag.py:3504} INFO - Setting next_dagrun for example_dynamic_task_mapping to 2022-03-04T00:00:00+00:00, run_after=2022-03-05T00:00:00+00:00
[2023-08-14T13:33:22.470+0300] {processor.py:179} INFO - Processing /home/soamariaka/.local/lib/python3.9/site-packages/airflow/example_dags/example_dynamic_task_mapping.py took 0.182 seconds
[2023-08-14T13:34:54.096+0300] {processor.py:157} INFO - Started process (PID=10972) to work on /home/soamariaka/.local/lib/python3.9/site-packages/airflow/example_dags/example_dynamic_task_mapping.py
[2023-08-14T13:34:54.099+0300] {processor.py:826} INFO - Processing file /home/soamariaka/.local/lib/python3.9/site-packages/airflow/example_dags/example_dynamic_task_mapping.py for tasks to queue
[2023-08-14T13:34:54.100+0300] {logging_mixin.py:150} INFO - [2023-08-14T13:34:54.100+0300] {dagbag.py:541} INFO - Filling up the DagBag from /home/soamariaka/.local/lib/python3.9/site-packages/airflow/example_dags/example_dynamic_task_mapping.py
[2023-08-14T13:34:54.114+0300] {processor.py:836} INFO - DAG(s) dict_keys(['example_dynamic_task_mapping']) retrieved from /home/soamariaka/.local/lib/python3.9/site-packages/airflow/example_dags/example_dynamic_task_mapping.py
[2023-08-14T13:34:54.142+0300] {logging_mixin.py:150} INFO - [2023-08-14T13:34:54.141+0300] {dag.py:2742} INFO - Sync 1 DAGs
[2023-08-14T13:34:54.175+0300] {logging_mixin.py:150} INFO - [2023-08-14T13:34:54.175+0300] {dag.py:3504} INFO - Setting next_dagrun for example_dynamic_task_mapping to 2022-03-04T00:00:00+00:00, run_after=2022-03-05T00:00:00+00:00
[2023-08-14T13:34:54.291+0300] {processor.py:179} INFO - Processing /home/soamariaka/.local/lib/python3.9/site-packages/airflow/example_dags/example_dynamic_task_mapping.py took 0.200 seconds
[2023-08-14T13:35:59.060+0300] {processor.py:157} INFO - Started process (PID=11068) to work on /home/soamariaka/.local/lib/python3.9/site-packages/airflow/example_dags/example_dynamic_task_mapping.py
[2023-08-14T13:35:59.063+0300] {processor.py:826} INFO - Processing file /home/soamariaka/.local/lib/python3.9/site-packages/airflow/example_dags/example_dynamic_task_mapping.py for tasks to queue
[2023-08-14T13:35:59.065+0300] {logging_mixin.py:150} INFO - [2023-08-14T13:35:59.064+0300] {dagbag.py:541} INFO - Filling up the DagBag from /home/soamariaka/.local/lib/python3.9/site-packages/airflow/example_dags/example_dynamic_task_mapping.py
[2023-08-14T13:35:59.078+0300] {processor.py:836} INFO - DAG(s) dict_keys(['example_dynamic_task_mapping']) retrieved from /home/soamariaka/.local/lib/python3.9/site-packages/airflow/example_dags/example_dynamic_task_mapping.py
[2023-08-14T13:35:59.103+0300] {logging_mixin.py:150} INFO - [2023-08-14T13:35:59.103+0300] {dag.py:2742} INFO - Sync 1 DAGs
[2023-08-14T13:35:59.138+0300] {logging_mixin.py:150} INFO - [2023-08-14T13:35:59.137+0300] {dag.py:3504} INFO - Setting next_dagrun for example_dynamic_task_mapping to 2022-03-04T00:00:00+00:00, run_after=2022-03-05T00:00:00+00:00
[2023-08-14T13:35:59.291+0300] {processor.py:179} INFO - Processing /home/soamariaka/.local/lib/python3.9/site-packages/airflow/example_dags/example_dynamic_task_mapping.py took 0.236 seconds
[2023-08-14T13:36:57.895+0300] {processor.py:157} INFO - Started process (PID=11133) to work on /home/soamariaka/.local/lib/python3.9/site-packages/airflow/example_dags/example_dynamic_task_mapping.py
[2023-08-14T13:36:57.898+0300] {processor.py:826} INFO - Processing file /home/soamariaka/.local/lib/python3.9/site-packages/airflow/example_dags/example_dynamic_task_mapping.py for tasks to queue
[2023-08-14T13:36:57.900+0300] {logging_mixin.py:150} INFO - [2023-08-14T13:36:57.899+0300] {dagbag.py:541} INFO - Filling up the DagBag from /home/soamariaka/.local/lib/python3.9/site-packages/airflow/example_dags/example_dynamic_task_mapping.py
[2023-08-14T13:36:57.914+0300] {processor.py:836} INFO - DAG(s) dict_keys(['example_dynamic_task_mapping']) retrieved from /home/soamariaka/.local/lib/python3.9/site-packages/airflow/example_dags/example_dynamic_task_mapping.py
[2023-08-14T13:36:57.943+0300] {logging_mixin.py:150} INFO - [2023-08-14T13:36:57.943+0300] {dag.py:2742} INFO - Sync 1 DAGs
[2023-08-14T13:36:57.991+0300] {logging_mixin.py:150} INFO - [2023-08-14T13:36:57.991+0300] {dag.py:3504} INFO - Setting next_dagrun for example_dynamic_task_mapping to 2022-03-04T00:00:00+00:00, run_after=2022-03-05T00:00:00+00:00
[2023-08-14T13:36:58.141+0300] {processor.py:179} INFO - Processing /home/soamariaka/.local/lib/python3.9/site-packages/airflow/example_dags/example_dynamic_task_mapping.py took 0.251 seconds
[2023-08-14T13:37:58.149+0300] {processor.py:157} INFO - Started process (PID=11251) to work on /home/soamariaka/.local/lib/python3.9/site-packages/airflow/example_dags/example_dynamic_task_mapping.py
[2023-08-14T13:37:58.151+0300] {processor.py:826} INFO - Processing file /home/soamariaka/.local/lib/python3.9/site-packages/airflow/example_dags/example_dynamic_task_mapping.py for tasks to queue
[2023-08-14T13:37:58.153+0300] {logging_mixin.py:150} INFO - [2023-08-14T13:37:58.152+0300] {dagbag.py:541} INFO - Filling up the DagBag from /home/soamariaka/.local/lib/python3.9/site-packages/airflow/example_dags/example_dynamic_task_mapping.py
[2023-08-14T13:37:58.166+0300] {processor.py:836} INFO - DAG(s) dict_keys(['example_dynamic_task_mapping']) retrieved from /home/soamariaka/.local/lib/python3.9/site-packages/airflow/example_dags/example_dynamic_task_mapping.py
[2023-08-14T13:37:58.192+0300] {logging_mixin.py:150} INFO - [2023-08-14T13:37:58.192+0300] {dag.py:2742} INFO - Sync 1 DAGs
[2023-08-14T13:37:58.223+0300] {logging_mixin.py:150} INFO - [2023-08-14T13:37:58.222+0300] {dag.py:3504} INFO - Setting next_dagrun for example_dynamic_task_mapping to 2022-03-04T00:00:00+00:00, run_after=2022-03-05T00:00:00+00:00
[2023-08-14T13:37:58.375+0300] {processor.py:179} INFO - Processing /home/soamariaka/.local/lib/python3.9/site-packages/airflow/example_dags/example_dynamic_task_mapping.py took 0.232 seconds
[2023-08-14T13:39:00.612+0300] {processor.py:157} INFO - Started process (PID=11377) to work on /home/soamariaka/.local/lib/python3.9/site-packages/airflow/example_dags/example_dynamic_task_mapping.py
[2023-08-14T13:39:00.613+0300] {processor.py:826} INFO - Processing file /home/soamariaka/.local/lib/python3.9/site-packages/airflow/example_dags/example_dynamic_task_mapping.py for tasks to queue
[2023-08-14T13:39:00.615+0300] {logging_mixin.py:150} INFO - [2023-08-14T13:39:00.614+0300] {dagbag.py:541} INFO - Filling up the DagBag from /home/soamariaka/.local/lib/python3.9/site-packages/airflow/example_dags/example_dynamic_task_mapping.py
[2023-08-14T13:39:00.627+0300] {processor.py:836} INFO - DAG(s) dict_keys(['example_dynamic_task_mapping']) retrieved from /home/soamariaka/.local/lib/python3.9/site-packages/airflow/example_dags/example_dynamic_task_mapping.py
[2023-08-14T13:39:00.651+0300] {logging_mixin.py:150} INFO - [2023-08-14T13:39:00.650+0300] {dag.py:2742} INFO - Sync 1 DAGs
[2023-08-14T13:39:00.685+0300] {logging_mixin.py:150} INFO - [2023-08-14T13:39:00.685+0300] {dag.py:3504} INFO - Setting next_dagrun for example_dynamic_task_mapping to 2022-03-04T00:00:00+00:00, run_after=2022-03-05T00:00:00+00:00
[2023-08-14T13:39:01.041+0300] {processor.py:179} INFO - Processing /home/soamariaka/.local/lib/python3.9/site-packages/airflow/example_dags/example_dynamic_task_mapping.py took 0.434 seconds
[2023-08-14T13:40:03.313+0300] {processor.py:157} INFO - Started process (PID=11479) to work on /home/soamariaka/.local/lib/python3.9/site-packages/airflow/example_dags/example_dynamic_task_mapping.py
[2023-08-14T13:40:03.316+0300] {processor.py:826} INFO - Processing file /home/soamariaka/.local/lib/python3.9/site-packages/airflow/example_dags/example_dynamic_task_mapping.py for tasks to queue
[2023-08-14T13:40:03.318+0300] {logging_mixin.py:150} INFO - [2023-08-14T13:40:03.317+0300] {dagbag.py:541} INFO - Filling up the DagBag from /home/soamariaka/.local/lib/python3.9/site-packages/airflow/example_dags/example_dynamic_task_mapping.py
[2023-08-14T13:40:03.332+0300] {processor.py:836} INFO - DAG(s) dict_keys(['example_dynamic_task_mapping']) retrieved from /home/soamariaka/.local/lib/python3.9/site-packages/airflow/example_dags/example_dynamic_task_mapping.py
[2023-08-14T13:40:03.356+0300] {logging_mixin.py:150} INFO - [2023-08-14T13:40:03.356+0300] {dag.py:2742} INFO - Sync 1 DAGs
[2023-08-14T13:40:03.387+0300] {logging_mixin.py:150} INFO - [2023-08-14T13:40:03.387+0300] {dag.py:3504} INFO - Setting next_dagrun for example_dynamic_task_mapping to 2022-03-04T00:00:00+00:00, run_after=2022-03-05T00:00:00+00:00
[2023-08-14T13:40:03.545+0300] {processor.py:179} INFO - Processing /home/soamariaka/.local/lib/python3.9/site-packages/airflow/example_dags/example_dynamic_task_mapping.py took 0.239 seconds
[2023-08-14T13:40:59.449+0300] {processor.py:157} INFO - Started process (PID=11563) to work on /home/soamariaka/.local/lib/python3.9/site-packages/airflow/example_dags/example_dynamic_task_mapping.py
[2023-08-14T13:40:59.451+0300] {processor.py:826} INFO - Processing file /home/soamariaka/.local/lib/python3.9/site-packages/airflow/example_dags/example_dynamic_task_mapping.py for tasks to queue
[2023-08-14T13:40:59.453+0300] {logging_mixin.py:150} INFO - [2023-08-14T13:40:59.452+0300] {dagbag.py:541} INFO - Filling up the DagBag from /home/soamariaka/.local/lib/python3.9/site-packages/airflow/example_dags/example_dynamic_task_mapping.py
[2023-08-14T13:40:59.467+0300] {processor.py:836} INFO - DAG(s) dict_keys(['example_dynamic_task_mapping']) retrieved from /home/soamariaka/.local/lib/python3.9/site-packages/airflow/example_dags/example_dynamic_task_mapping.py
[2023-08-14T13:40:59.492+0300] {logging_mixin.py:150} INFO - [2023-08-14T13:40:59.492+0300] {dag.py:2742} INFO - Sync 1 DAGs
[2023-08-14T13:40:59.524+0300] {logging_mixin.py:150} INFO - [2023-08-14T13:40:59.524+0300] {dag.py:3504} INFO - Setting next_dagrun for example_dynamic_task_mapping to 2022-03-04T00:00:00+00:00, run_after=2022-03-05T00:00:00+00:00
[2023-08-14T13:40:59.660+0300] {processor.py:179} INFO - Processing /home/soamariaka/.local/lib/python3.9/site-packages/airflow/example_dags/example_dynamic_task_mapping.py took 0.216 seconds
[2023-08-14T13:41:58.843+0300] {processor.py:157} INFO - Started process (PID=11612) to work on /home/soamariaka/.local/lib/python3.9/site-packages/airflow/example_dags/example_dynamic_task_mapping.py
[2023-08-14T13:41:58.846+0300] {processor.py:826} INFO - Processing file /home/soamariaka/.local/lib/python3.9/site-packages/airflow/example_dags/example_dynamic_task_mapping.py for tasks to queue
[2023-08-14T13:41:58.848+0300] {logging_mixin.py:150} INFO - [2023-08-14T13:41:58.847+0300] {dagbag.py:541} INFO - Filling up the DagBag from /home/soamariaka/.local/lib/python3.9/site-packages/airflow/example_dags/example_dynamic_task_mapping.py
[2023-08-14T13:41:58.862+0300] {processor.py:836} INFO - DAG(s) dict_keys(['example_dynamic_task_mapping']) retrieved from /home/soamariaka/.local/lib/python3.9/site-packages/airflow/example_dags/example_dynamic_task_mapping.py
[2023-08-14T13:41:58.886+0300] {logging_mixin.py:150} INFO - [2023-08-14T13:41:58.886+0300] {dag.py:2742} INFO - Sync 1 DAGs
[2023-08-14T13:41:58.918+0300] {logging_mixin.py:150} INFO - [2023-08-14T13:41:58.918+0300] {dag.py:3504} INFO - Setting next_dagrun for example_dynamic_task_mapping to 2022-03-04T00:00:00+00:00, run_after=2022-03-05T00:00:00+00:00
[2023-08-14T13:41:59.178+0300] {processor.py:179} INFO - Processing /home/soamariaka/.local/lib/python3.9/site-packages/airflow/example_dags/example_dynamic_task_mapping.py took 0.339 seconds
[2023-08-14T13:42:53.369+0300] {processor.py:157} INFO - Started process (PID=11664) to work on /home/soamariaka/.local/lib/python3.9/site-packages/airflow/example_dags/example_dynamic_task_mapping.py
[2023-08-14T13:42:53.371+0300] {processor.py:826} INFO - Processing file /home/soamariaka/.local/lib/python3.9/site-packages/airflow/example_dags/example_dynamic_task_mapping.py for tasks to queue
[2023-08-14T13:42:53.373+0300] {logging_mixin.py:150} INFO - [2023-08-14T13:42:53.372+0300] {dagbag.py:541} INFO - Filling up the DagBag from /home/soamariaka/.local/lib/python3.9/site-packages/airflow/example_dags/example_dynamic_task_mapping.py
[2023-08-14T13:42:53.386+0300] {processor.py:836} INFO - DAG(s) dict_keys(['example_dynamic_task_mapping']) retrieved from /home/soamariaka/.local/lib/python3.9/site-packages/airflow/example_dags/example_dynamic_task_mapping.py
[2023-08-14T13:42:53.408+0300] {logging_mixin.py:150} INFO - [2023-08-14T13:42:53.408+0300] {dag.py:2742} INFO - Sync 1 DAGs
[2023-08-14T13:42:53.444+0300] {logging_mixin.py:150} INFO - [2023-08-14T13:42:53.444+0300] {dag.py:3504} INFO - Setting next_dagrun for example_dynamic_task_mapping to 2022-03-04T00:00:00+00:00, run_after=2022-03-05T00:00:00+00:00
[2023-08-14T13:42:53.596+0300] {processor.py:179} INFO - Processing /home/soamariaka/.local/lib/python3.9/site-packages/airflow/example_dags/example_dynamic_task_mapping.py took 0.232 seconds
[2023-08-14T13:43:51.493+0300] {processor.py:157} INFO - Started process (PID=11744) to work on /home/soamariaka/.local/lib/python3.9/site-packages/airflow/example_dags/example_dynamic_task_mapping.py
[2023-08-14T13:43:51.496+0300] {processor.py:826} INFO - Processing file /home/soamariaka/.local/lib/python3.9/site-packages/airflow/example_dags/example_dynamic_task_mapping.py for tasks to queue
[2023-08-14T13:43:51.498+0300] {logging_mixin.py:150} INFO - [2023-08-14T13:43:51.497+0300] {dagbag.py:541} INFO - Filling up the DagBag from /home/soamariaka/.local/lib/python3.9/site-packages/airflow/example_dags/example_dynamic_task_mapping.py
[2023-08-14T13:43:51.511+0300] {processor.py:836} INFO - DAG(s) dict_keys(['example_dynamic_task_mapping']) retrieved from /home/soamariaka/.local/lib/python3.9/site-packages/airflow/example_dags/example_dynamic_task_mapping.py
[2023-08-14T13:43:51.536+0300] {logging_mixin.py:150} INFO - [2023-08-14T13:43:51.536+0300] {dag.py:2742} INFO - Sync 1 DAGs
[2023-08-14T13:43:51.566+0300] {logging_mixin.py:150} INFO - [2023-08-14T13:43:51.566+0300] {dag.py:3504} INFO - Setting next_dagrun for example_dynamic_task_mapping to 2022-03-04T00:00:00+00:00, run_after=2022-03-05T00:00:00+00:00
[2023-08-14T13:43:51.715+0300] {processor.py:179} INFO - Processing /home/soamariaka/.local/lib/python3.9/site-packages/airflow/example_dags/example_dynamic_task_mapping.py took 0.227 seconds
[2023-08-14T13:44:56.914+0300] {processor.py:157} INFO - Started process (PID=11817) to work on /home/soamariaka/.local/lib/python3.9/site-packages/airflow/example_dags/example_dynamic_task_mapping.py
[2023-08-14T13:44:56.944+0300] {processor.py:826} INFO - Processing file /home/soamariaka/.local/lib/python3.9/site-packages/airflow/example_dags/example_dynamic_task_mapping.py for tasks to queue
[2023-08-14T13:44:56.966+0300] {logging_mixin.py:150} INFO - [2023-08-14T13:44:56.965+0300] {dagbag.py:541} INFO - Filling up the DagBag from /home/soamariaka/.local/lib/python3.9/site-packages/airflow/example_dags/example_dynamic_task_mapping.py
[2023-08-14T13:44:56.985+0300] {processor.py:836} INFO - DAG(s) dict_keys(['example_dynamic_task_mapping']) retrieved from /home/soamariaka/.local/lib/python3.9/site-packages/airflow/example_dags/example_dynamic_task_mapping.py
[2023-08-14T13:44:57.019+0300] {logging_mixin.py:150} INFO - [2023-08-14T13:44:57.018+0300] {dag.py:2742} INFO - Sync 1 DAGs
[2023-08-14T13:44:57.053+0300] {logging_mixin.py:150} INFO - [2023-08-14T13:44:57.053+0300] {dag.py:3504} INFO - Setting next_dagrun for example_dynamic_task_mapping to 2022-03-04T00:00:00+00:00, run_after=2022-03-05T00:00:00+00:00
[2023-08-14T13:44:57.292+0300] {processor.py:179} INFO - Processing /home/soamariaka/.local/lib/python3.9/site-packages/airflow/example_dags/example_dynamic_task_mapping.py took 0.382 seconds
[2023-08-14T13:46:00.805+0300] {processor.py:157} INFO - Started process (PID=11908) to work on /home/soamariaka/.local/lib/python3.9/site-packages/airflow/example_dags/example_dynamic_task_mapping.py
[2023-08-14T13:46:00.806+0300] {processor.py:826} INFO - Processing file /home/soamariaka/.local/lib/python3.9/site-packages/airflow/example_dags/example_dynamic_task_mapping.py for tasks to queue
[2023-08-14T13:46:00.808+0300] {logging_mixin.py:150} INFO - [2023-08-14T13:46:00.807+0300] {dagbag.py:541} INFO - Filling up the DagBag from /home/soamariaka/.local/lib/python3.9/site-packages/airflow/example_dags/example_dynamic_task_mapping.py
[2023-08-14T13:46:00.821+0300] {processor.py:836} INFO - DAG(s) dict_keys(['example_dynamic_task_mapping']) retrieved from /home/soamariaka/.local/lib/python3.9/site-packages/airflow/example_dags/example_dynamic_task_mapping.py
[2023-08-14T13:46:00.857+0300] {logging_mixin.py:150} INFO - [2023-08-14T13:46:00.856+0300] {dag.py:2742} INFO - Sync 1 DAGs
[2023-08-14T13:46:00.910+0300] {logging_mixin.py:150} INFO - [2023-08-14T13:46:00.910+0300] {dag.py:3504} INFO - Setting next_dagrun for example_dynamic_task_mapping to 2022-03-04T00:00:00+00:00, run_after=2022-03-05T00:00:00+00:00
[2023-08-14T13:46:01.196+0300] {processor.py:179} INFO - Processing /home/soamariaka/.local/lib/python3.9/site-packages/airflow/example_dags/example_dynamic_task_mapping.py took 0.395 seconds
[2023-08-14T13:47:05.004+0300] {processor.py:157} INFO - Started process (PID=11969) to work on /home/soamariaka/.local/lib/python3.9/site-packages/airflow/example_dags/example_dynamic_task_mapping.py
[2023-08-14T13:47:05.006+0300] {processor.py:826} INFO - Processing file /home/soamariaka/.local/lib/python3.9/site-packages/airflow/example_dags/example_dynamic_task_mapping.py for tasks to queue
[2023-08-14T13:47:05.009+0300] {logging_mixin.py:150} INFO - [2023-08-14T13:47:05.007+0300] {dagbag.py:541} INFO - Filling up the DagBag from /home/soamariaka/.local/lib/python3.9/site-packages/airflow/example_dags/example_dynamic_task_mapping.py
[2023-08-14T13:47:05.021+0300] {processor.py:836} INFO - DAG(s) dict_keys(['example_dynamic_task_mapping']) retrieved from /home/soamariaka/.local/lib/python3.9/site-packages/airflow/example_dags/example_dynamic_task_mapping.py
[2023-08-14T13:47:05.064+0300] {logging_mixin.py:150} INFO - [2023-08-14T13:47:05.064+0300] {dag.py:2742} INFO - Sync 1 DAGs
[2023-08-14T13:47:05.098+0300] {logging_mixin.py:150} INFO - [2023-08-14T13:47:05.097+0300] {dag.py:3504} INFO - Setting next_dagrun for example_dynamic_task_mapping to 2022-03-04T00:00:00+00:00, run_after=2022-03-05T00:00:00+00:00
[2023-08-14T13:47:05.322+0300] {processor.py:179} INFO - Processing /home/soamariaka/.local/lib/python3.9/site-packages/airflow/example_dags/example_dynamic_task_mapping.py took 0.323 seconds
[2023-08-14T13:48:08.498+0300] {processor.py:157} INFO - Started process (PID=12030) to work on /home/soamariaka/.local/lib/python3.9/site-packages/airflow/example_dags/example_dynamic_task_mapping.py
[2023-08-14T13:48:08.500+0300] {processor.py:826} INFO - Processing file /home/soamariaka/.local/lib/python3.9/site-packages/airflow/example_dags/example_dynamic_task_mapping.py for tasks to queue
[2023-08-14T13:48:08.502+0300] {logging_mixin.py:150} INFO - [2023-08-14T13:48:08.502+0300] {dagbag.py:541} INFO - Filling up the DagBag from /home/soamariaka/.local/lib/python3.9/site-packages/airflow/example_dags/example_dynamic_task_mapping.py
[2023-08-14T13:48:08.515+0300] {processor.py:836} INFO - DAG(s) dict_keys(['example_dynamic_task_mapping']) retrieved from /home/soamariaka/.local/lib/python3.9/site-packages/airflow/example_dags/example_dynamic_task_mapping.py
[2023-08-14T13:48:08.540+0300] {logging_mixin.py:150} INFO - [2023-08-14T13:48:08.540+0300] {dag.py:2742} INFO - Sync 1 DAGs
[2023-08-14T13:48:08.571+0300] {logging_mixin.py:150} INFO - [2023-08-14T13:48:08.571+0300] {dag.py:3504} INFO - Setting next_dagrun for example_dynamic_task_mapping to 2022-03-04T00:00:00+00:00, run_after=2022-03-05T00:00:00+00:00
[2023-08-14T13:48:08.717+0300] {processor.py:179} INFO - Processing /home/soamariaka/.local/lib/python3.9/site-packages/airflow/example_dags/example_dynamic_task_mapping.py took 0.225 seconds
[2023-08-14T13:49:10.776+0300] {processor.py:157} INFO - Started process (PID=12120) to work on /home/soamariaka/.local/lib/python3.9/site-packages/airflow/example_dags/example_dynamic_task_mapping.py
[2023-08-14T13:49:10.779+0300] {processor.py:826} INFO - Processing file /home/soamariaka/.local/lib/python3.9/site-packages/airflow/example_dags/example_dynamic_task_mapping.py for tasks to queue
[2023-08-14T13:49:10.780+0300] {logging_mixin.py:150} INFO - [2023-08-14T13:49:10.780+0300] {dagbag.py:541} INFO - Filling up the DagBag from /home/soamariaka/.local/lib/python3.9/site-packages/airflow/example_dags/example_dynamic_task_mapping.py
[2023-08-14T13:49:10.793+0300] {processor.py:836} INFO - DAG(s) dict_keys(['example_dynamic_task_mapping']) retrieved from /home/soamariaka/.local/lib/python3.9/site-packages/airflow/example_dags/example_dynamic_task_mapping.py
[2023-08-14T13:49:10.819+0300] {logging_mixin.py:150} INFO - [2023-08-14T13:49:10.818+0300] {dag.py:2742} INFO - Sync 1 DAGs
[2023-08-14T13:49:10.850+0300] {logging_mixin.py:150} INFO - [2023-08-14T13:49:10.849+0300] {dag.py:3504} INFO - Setting next_dagrun for example_dynamic_task_mapping to 2022-03-04T00:00:00+00:00, run_after=2022-03-05T00:00:00+00:00
[2023-08-14T13:49:11.111+0300] {processor.py:179} INFO - Processing /home/soamariaka/.local/lib/python3.9/site-packages/airflow/example_dags/example_dynamic_task_mapping.py took 0.340 seconds
[2023-08-14T13:50:13.029+0300] {processor.py:157} INFO - Started process (PID=12195) to work on /home/soamariaka/.local/lib/python3.9/site-packages/airflow/example_dags/example_dynamic_task_mapping.py
[2023-08-14T13:50:13.031+0300] {processor.py:826} INFO - Processing file /home/soamariaka/.local/lib/python3.9/site-packages/airflow/example_dags/example_dynamic_task_mapping.py for tasks to queue
[2023-08-14T13:50:13.033+0300] {logging_mixin.py:150} INFO - [2023-08-14T13:50:13.032+0300] {dagbag.py:541} INFO - Filling up the DagBag from /home/soamariaka/.local/lib/python3.9/site-packages/airflow/example_dags/example_dynamic_task_mapping.py
[2023-08-14T13:50:13.046+0300] {processor.py:836} INFO - DAG(s) dict_keys(['example_dynamic_task_mapping']) retrieved from /home/soamariaka/.local/lib/python3.9/site-packages/airflow/example_dags/example_dynamic_task_mapping.py
[2023-08-14T13:50:13.082+0300] {logging_mixin.py:150} INFO - [2023-08-14T13:50:13.082+0300] {dag.py:2742} INFO - Sync 1 DAGs
[2023-08-14T13:50:13.114+0300] {logging_mixin.py:150} INFO - [2023-08-14T13:50:13.114+0300] {dag.py:3504} INFO - Setting next_dagrun for example_dynamic_task_mapping to 2022-03-04T00:00:00+00:00, run_after=2022-03-05T00:00:00+00:00
[2023-08-14T13:50:13.306+0300] {processor.py:179} INFO - Processing /home/soamariaka/.local/lib/python3.9/site-packages/airflow/example_dags/example_dynamic_task_mapping.py took 0.282 seconds
[2023-08-14T13:51:19.150+0300] {processor.py:157} INFO - Started process (PID=12288) to work on /home/soamariaka/.local/lib/python3.9/site-packages/airflow/example_dags/example_dynamic_task_mapping.py
[2023-08-14T13:51:19.152+0300] {processor.py:826} INFO - Processing file /home/soamariaka/.local/lib/python3.9/site-packages/airflow/example_dags/example_dynamic_task_mapping.py for tasks to queue
[2023-08-14T13:51:19.153+0300] {logging_mixin.py:150} INFO - [2023-08-14T13:51:19.152+0300] {dagbag.py:541} INFO - Filling up the DagBag from /home/soamariaka/.local/lib/python3.9/site-packages/airflow/example_dags/example_dynamic_task_mapping.py
[2023-08-14T13:51:19.163+0300] {processor.py:836} INFO - DAG(s) dict_keys(['example_dynamic_task_mapping']) retrieved from /home/soamariaka/.local/lib/python3.9/site-packages/airflow/example_dags/example_dynamic_task_mapping.py
[2023-08-14T13:51:19.185+0300] {logging_mixin.py:150} INFO - [2023-08-14T13:51:19.185+0300] {dag.py:2742} INFO - Sync 1 DAGs
[2023-08-14T13:51:19.233+0300] {logging_mixin.py:150} INFO - [2023-08-14T13:51:19.233+0300] {dag.py:3504} INFO - Setting next_dagrun for example_dynamic_task_mapping to 2022-03-04T00:00:00+00:00, run_after=2022-03-05T00:00:00+00:00
[2023-08-14T13:51:19.471+0300] {processor.py:179} INFO - Processing /home/soamariaka/.local/lib/python3.9/site-packages/airflow/example_dags/example_dynamic_task_mapping.py took 0.325 seconds
[2023-08-14T13:52:21.140+0300] {processor.py:157} INFO - Started process (PID=12346) to work on /home/soamariaka/.local/lib/python3.9/site-packages/airflow/example_dags/example_dynamic_task_mapping.py
[2023-08-14T13:52:21.142+0300] {processor.py:826} INFO - Processing file /home/soamariaka/.local/lib/python3.9/site-packages/airflow/example_dags/example_dynamic_task_mapping.py for tasks to queue
[2023-08-14T13:52:21.143+0300] {logging_mixin.py:150} INFO - [2023-08-14T13:52:21.143+0300] {dagbag.py:541} INFO - Filling up the DagBag from /home/soamariaka/.local/lib/python3.9/site-packages/airflow/example_dags/example_dynamic_task_mapping.py
[2023-08-14T13:52:21.157+0300] {processor.py:836} INFO - DAG(s) dict_keys(['example_dynamic_task_mapping']) retrieved from /home/soamariaka/.local/lib/python3.9/site-packages/airflow/example_dags/example_dynamic_task_mapping.py
[2023-08-14T13:52:21.182+0300] {logging_mixin.py:150} INFO - [2023-08-14T13:52:21.182+0300] {dag.py:2742} INFO - Sync 1 DAGs
[2023-08-14T13:52:21.212+0300] {logging_mixin.py:150} INFO - [2023-08-14T13:52:21.212+0300] {dag.py:3504} INFO - Setting next_dagrun for example_dynamic_task_mapping to 2022-03-04T00:00:00+00:00, run_after=2022-03-05T00:00:00+00:00
[2023-08-14T13:52:21.344+0300] {processor.py:179} INFO - Processing /home/soamariaka/.local/lib/python3.9/site-packages/airflow/example_dags/example_dynamic_task_mapping.py took 0.209 seconds
[2023-08-14T13:53:25.338+0300] {processor.py:157} INFO - Started process (PID=12407) to work on /home/soamariaka/.local/lib/python3.9/site-packages/airflow/example_dags/example_dynamic_task_mapping.py
[2023-08-14T13:53:25.340+0300] {processor.py:826} INFO - Processing file /home/soamariaka/.local/lib/python3.9/site-packages/airflow/example_dags/example_dynamic_task_mapping.py for tasks to queue
[2023-08-14T13:53:25.342+0300] {logging_mixin.py:150} INFO - [2023-08-14T13:53:25.341+0300] {dagbag.py:541} INFO - Filling up the DagBag from /home/soamariaka/.local/lib/python3.9/site-packages/airflow/example_dags/example_dynamic_task_mapping.py
[2023-08-14T13:53:25.355+0300] {processor.py:836} INFO - DAG(s) dict_keys(['example_dynamic_task_mapping']) retrieved from /home/soamariaka/.local/lib/python3.9/site-packages/airflow/example_dags/example_dynamic_task_mapping.py
[2023-08-14T13:53:25.380+0300] {logging_mixin.py:150} INFO - [2023-08-14T13:53:25.380+0300] {dag.py:2742} INFO - Sync 1 DAGs
[2023-08-14T13:53:25.411+0300] {logging_mixin.py:150} INFO - [2023-08-14T13:53:25.411+0300] {dag.py:3504} INFO - Setting next_dagrun for example_dynamic_task_mapping to 2022-03-04T00:00:00+00:00, run_after=2022-03-05T00:00:00+00:00
[2023-08-14T13:53:25.539+0300] {processor.py:179} INFO - Processing /home/soamariaka/.local/lib/python3.9/site-packages/airflow/example_dags/example_dynamic_task_mapping.py took 0.207 seconds
[2023-08-14T13:54:29.898+0300] {processor.py:157} INFO - Started process (PID=12463) to work on /home/soamariaka/.local/lib/python3.9/site-packages/airflow/example_dags/example_dynamic_task_mapping.py
[2023-08-14T13:54:29.928+0300] {processor.py:826} INFO - Processing file /home/soamariaka/.local/lib/python3.9/site-packages/airflow/example_dags/example_dynamic_task_mapping.py for tasks to queue
[2023-08-14T13:54:29.930+0300] {logging_mixin.py:150} INFO - [2023-08-14T13:54:29.930+0300] {dagbag.py:541} INFO - Filling up the DagBag from /home/soamariaka/.local/lib/python3.9/site-packages/airflow/example_dags/example_dynamic_task_mapping.py
[2023-08-14T13:54:29.943+0300] {processor.py:836} INFO - DAG(s) dict_keys(['example_dynamic_task_mapping']) retrieved from /home/soamariaka/.local/lib/python3.9/site-packages/airflow/example_dags/example_dynamic_task_mapping.py
[2023-08-14T13:54:29.972+0300] {logging_mixin.py:150} INFO - [2023-08-14T13:54:29.971+0300] {dag.py:2742} INFO - Sync 1 DAGs
[2023-08-14T13:54:30.021+0300] {logging_mixin.py:150} INFO - [2023-08-14T13:54:30.021+0300] {dag.py:3504} INFO - Setting next_dagrun for example_dynamic_task_mapping to 2022-03-04T00:00:00+00:00, run_after=2022-03-05T00:00:00+00:00
[2023-08-14T13:54:30.305+0300] {processor.py:179} INFO - Processing /home/soamariaka/.local/lib/python3.9/site-packages/airflow/example_dags/example_dynamic_task_mapping.py took 0.413 seconds
[2023-08-14T13:55:37.724+0300] {processor.py:157} INFO - Started process (PID=12577) to work on /home/soamariaka/.local/lib/python3.9/site-packages/airflow/example_dags/example_dynamic_task_mapping.py
[2023-08-14T13:55:37.728+0300] {processor.py:826} INFO - Processing file /home/soamariaka/.local/lib/python3.9/site-packages/airflow/example_dags/example_dynamic_task_mapping.py for tasks to queue
[2023-08-14T13:55:37.729+0300] {logging_mixin.py:150} INFO - [2023-08-14T13:55:37.729+0300] {dagbag.py:541} INFO - Filling up the DagBag from /home/soamariaka/.local/lib/python3.9/site-packages/airflow/example_dags/example_dynamic_task_mapping.py
[2023-08-14T13:55:37.743+0300] {processor.py:836} INFO - DAG(s) dict_keys(['example_dynamic_task_mapping']) retrieved from /home/soamariaka/.local/lib/python3.9/site-packages/airflow/example_dags/example_dynamic_task_mapping.py
[2023-08-14T13:55:37.767+0300] {logging_mixin.py:150} INFO - [2023-08-14T13:55:37.767+0300] {dag.py:2742} INFO - Sync 1 DAGs
[2023-08-14T13:55:37.799+0300] {logging_mixin.py:150} INFO - [2023-08-14T13:55:37.799+0300] {dag.py:3504} INFO - Setting next_dagrun for example_dynamic_task_mapping to 2022-03-04T00:00:00+00:00, run_after=2022-03-05T00:00:00+00:00
[2023-08-14T13:55:38.034+0300] {processor.py:179} INFO - Processing /home/soamariaka/.local/lib/python3.9/site-packages/airflow/example_dags/example_dynamic_task_mapping.py took 0.315 seconds
[2023-08-14T13:56:44.324+0300] {processor.py:157} INFO - Started process (PID=12661) to work on /home/soamariaka/.local/lib/python3.9/site-packages/airflow/example_dags/example_dynamic_task_mapping.py
[2023-08-14T13:56:44.325+0300] {processor.py:826} INFO - Processing file /home/soamariaka/.local/lib/python3.9/site-packages/airflow/example_dags/example_dynamic_task_mapping.py for tasks to queue
[2023-08-14T13:56:44.327+0300] {logging_mixin.py:150} INFO - [2023-08-14T13:56:44.326+0300] {dagbag.py:541} INFO - Filling up the DagBag from /home/soamariaka/.local/lib/python3.9/site-packages/airflow/example_dags/example_dynamic_task_mapping.py
[2023-08-14T13:56:44.340+0300] {processor.py:836} INFO - DAG(s) dict_keys(['example_dynamic_task_mapping']) retrieved from /home/soamariaka/.local/lib/python3.9/site-packages/airflow/example_dags/example_dynamic_task_mapping.py
[2023-08-14T13:56:44.375+0300] {logging_mixin.py:150} INFO - [2023-08-14T13:56:44.375+0300] {dag.py:2742} INFO - Sync 1 DAGs
[2023-08-14T13:56:44.407+0300] {logging_mixin.py:150} INFO - [2023-08-14T13:56:44.407+0300] {dag.py:3504} INFO - Setting next_dagrun for example_dynamic_task_mapping to 2022-03-04T00:00:00+00:00, run_after=2022-03-05T00:00:00+00:00
[2023-08-14T13:56:44.671+0300] {processor.py:179} INFO - Processing /home/soamariaka/.local/lib/python3.9/site-packages/airflow/example_dags/example_dynamic_task_mapping.py took 0.352 seconds
[2023-08-14T13:57:51.560+0300] {processor.py:157} INFO - Started process (PID=12721) to work on /home/soamariaka/.local/lib/python3.9/site-packages/airflow/example_dags/example_dynamic_task_mapping.py
[2023-08-14T13:57:51.594+0300] {processor.py:826} INFO - Processing file /home/soamariaka/.local/lib/python3.9/site-packages/airflow/example_dags/example_dynamic_task_mapping.py for tasks to queue
[2023-08-14T13:57:51.595+0300] {logging_mixin.py:150} INFO - [2023-08-14T13:57:51.595+0300] {dagbag.py:541} INFO - Filling up the DagBag from /home/soamariaka/.local/lib/python3.9/site-packages/airflow/example_dags/example_dynamic_task_mapping.py
[2023-08-14T13:57:51.609+0300] {processor.py:836} INFO - DAG(s) dict_keys(['example_dynamic_task_mapping']) retrieved from /home/soamariaka/.local/lib/python3.9/site-packages/airflow/example_dags/example_dynamic_task_mapping.py
[2023-08-14T13:57:51.646+0300] {logging_mixin.py:150} INFO - [2023-08-14T13:57:51.645+0300] {dag.py:2742} INFO - Sync 1 DAGs
[2023-08-14T13:57:51.696+0300] {logging_mixin.py:150} INFO - [2023-08-14T13:57:51.695+0300] {dag.py:3504} INFO - Setting next_dagrun for example_dynamic_task_mapping to 2022-03-04T00:00:00+00:00, run_after=2022-03-05T00:00:00+00:00
[2023-08-14T13:57:51.836+0300] {processor.py:179} INFO - Processing /home/soamariaka/.local/lib/python3.9/site-packages/airflow/example_dags/example_dynamic_task_mapping.py took 0.282 seconds
[2023-08-14T13:58:54.858+0300] {processor.py:157} INFO - Started process (PID=12812) to work on /home/soamariaka/.local/lib/python3.9/site-packages/airflow/example_dags/example_dynamic_task_mapping.py
[2023-08-14T13:58:54.895+0300] {processor.py:826} INFO - Processing file /home/soamariaka/.local/lib/python3.9/site-packages/airflow/example_dags/example_dynamic_task_mapping.py for tasks to queue
[2023-08-14T13:58:54.896+0300] {logging_mixin.py:150} INFO - [2023-08-14T13:58:54.896+0300] {dagbag.py:541} INFO - Filling up the DagBag from /home/soamariaka/.local/lib/python3.9/site-packages/airflow/example_dags/example_dynamic_task_mapping.py
[2023-08-14T13:58:54.910+0300] {processor.py:836} INFO - DAG(s) dict_keys(['example_dynamic_task_mapping']) retrieved from /home/soamariaka/.local/lib/python3.9/site-packages/airflow/example_dags/example_dynamic_task_mapping.py
[2023-08-14T13:58:54.934+0300] {logging_mixin.py:150} INFO - [2023-08-14T13:58:54.934+0300] {dag.py:2742} INFO - Sync 1 DAGs
[2023-08-14T13:58:54.970+0300] {logging_mixin.py:150} INFO - [2023-08-14T13:58:54.970+0300] {dag.py:3504} INFO - Setting next_dagrun for example_dynamic_task_mapping to 2022-03-04T00:00:00+00:00, run_after=2022-03-05T00:00:00+00:00
[2023-08-14T13:58:55.174+0300] {processor.py:179} INFO - Processing /home/soamariaka/.local/lib/python3.9/site-packages/airflow/example_dags/example_dynamic_task_mapping.py took 0.322 seconds
[2023-08-14T13:59:57.279+0300] {processor.py:157} INFO - Started process (PID=12889) to work on /home/soamariaka/.local/lib/python3.9/site-packages/airflow/example_dags/example_dynamic_task_mapping.py
[2023-08-14T13:59:57.316+0300] {processor.py:826} INFO - Processing file /home/soamariaka/.local/lib/python3.9/site-packages/airflow/example_dags/example_dynamic_task_mapping.py for tasks to queue
[2023-08-14T13:59:57.319+0300] {logging_mixin.py:150} INFO - [2023-08-14T13:59:57.318+0300] {dagbag.py:541} INFO - Filling up the DagBag from /home/soamariaka/.local/lib/python3.9/site-packages/airflow/example_dags/example_dynamic_task_mapping.py
[2023-08-14T13:59:57.335+0300] {processor.py:836} INFO - DAG(s) dict_keys(['example_dynamic_task_mapping']) retrieved from /home/soamariaka/.local/lib/python3.9/site-packages/airflow/example_dags/example_dynamic_task_mapping.py
[2023-08-14T13:59:57.368+0300] {logging_mixin.py:150} INFO - [2023-08-14T13:59:57.368+0300] {dag.py:2742} INFO - Sync 1 DAGs
[2023-08-14T13:59:57.412+0300] {logging_mixin.py:150} INFO - [2023-08-14T13:59:57.412+0300] {dag.py:3504} INFO - Setting next_dagrun for example_dynamic_task_mapping to 2022-03-04T00:00:00+00:00, run_after=2022-03-05T00:00:00+00:00
[2023-08-14T13:59:57.743+0300] {processor.py:179} INFO - Processing /home/soamariaka/.local/lib/python3.9/site-packages/airflow/example_dags/example_dynamic_task_mapping.py took 0.470 seconds
[2023-08-14T14:00:59.472+0300] {processor.py:157} INFO - Started process (PID=12950) to work on /home/soamariaka/.local/lib/python3.9/site-packages/airflow/example_dags/example_dynamic_task_mapping.py
[2023-08-14T14:00:59.474+0300] {processor.py:826} INFO - Processing file /home/soamariaka/.local/lib/python3.9/site-packages/airflow/example_dags/example_dynamic_task_mapping.py for tasks to queue
[2023-08-14T14:00:59.476+0300] {logging_mixin.py:150} INFO - [2023-08-14T14:00:59.475+0300] {dagbag.py:541} INFO - Filling up the DagBag from /home/soamariaka/.local/lib/python3.9/site-packages/airflow/example_dags/example_dynamic_task_mapping.py
[2023-08-14T14:00:59.489+0300] {processor.py:836} INFO - DAG(s) dict_keys(['example_dynamic_task_mapping']) retrieved from /home/soamariaka/.local/lib/python3.9/site-packages/airflow/example_dags/example_dynamic_task_mapping.py
[2023-08-14T14:00:59.514+0300] {logging_mixin.py:150} INFO - [2023-08-14T14:00:59.514+0300] {dag.py:2742} INFO - Sync 1 DAGs
[2023-08-14T14:00:59.547+0300] {logging_mixin.py:150} INFO - [2023-08-14T14:00:59.547+0300] {dag.py:3504} INFO - Setting next_dagrun for example_dynamic_task_mapping to 2022-03-04T00:00:00+00:00, run_after=2022-03-05T00:00:00+00:00
[2023-08-14T14:00:59.678+0300] {processor.py:179} INFO - Processing /home/soamariaka/.local/lib/python3.9/site-packages/airflow/example_dags/example_dynamic_task_mapping.py took 0.212 seconds
[2023-08-14T14:02:09.771+0300] {processor.py:157} INFO - Started process (PID=13058) to work on /home/soamariaka/.local/lib/python3.9/site-packages/airflow/example_dags/example_dynamic_task_mapping.py
[2023-08-14T14:02:09.871+0300] {processor.py:826} INFO - Processing file /home/soamariaka/.local/lib/python3.9/site-packages/airflow/example_dags/example_dynamic_task_mapping.py for tasks to queue
[2023-08-14T14:02:09.935+0300] {logging_mixin.py:150} INFO - [2023-08-14T14:02:09.934+0300] {dagbag.py:541} INFO - Filling up the DagBag from /home/soamariaka/.local/lib/python3.9/site-packages/airflow/example_dags/example_dynamic_task_mapping.py
[2023-08-14T14:02:09.958+0300] {processor.py:836} INFO - DAG(s) dict_keys(['example_dynamic_task_mapping']) retrieved from /home/soamariaka/.local/lib/python3.9/site-packages/airflow/example_dags/example_dynamic_task_mapping.py
[2023-08-14T14:02:10.024+0300] {logging_mixin.py:150} INFO - [2023-08-14T14:02:10.023+0300] {dag.py:2742} INFO - Sync 1 DAGs
[2023-08-14T14:02:10.179+0300] {logging_mixin.py:150} INFO - [2023-08-14T14:02:10.179+0300] {dag.py:3504} INFO - Setting next_dagrun for example_dynamic_task_mapping to 2022-03-04T00:00:00+00:00, run_after=2022-03-05T00:00:00+00:00
[2023-08-14T14:02:11.869+0300] {processor.py:179} INFO - Processing /home/soamariaka/.local/lib/python3.9/site-packages/airflow/example_dags/example_dynamic_task_mapping.py took 2.105 seconds
[2023-08-14T14:04:38.421+0300] {processor.py:157} INFO - Started process (PID=13725) to work on /home/soamariaka/.local/lib/python3.9/site-packages/airflow/example_dags/example_dynamic_task_mapping.py
[2023-08-14T14:04:38.445+0300] {processor.py:826} INFO - Processing file /home/soamariaka/.local/lib/python3.9/site-packages/airflow/example_dags/example_dynamic_task_mapping.py for tasks to queue
[2023-08-14T14:04:38.447+0300] {logging_mixin.py:150} INFO - [2023-08-14T14:04:38.446+0300] {dagbag.py:541} INFO - Filling up the DagBag from /home/soamariaka/.local/lib/python3.9/site-packages/airflow/example_dags/example_dynamic_task_mapping.py
[2023-08-14T14:04:38.480+0300] {processor.py:836} INFO - DAG(s) dict_keys(['example_dynamic_task_mapping']) retrieved from /home/soamariaka/.local/lib/python3.9/site-packages/airflow/example_dags/example_dynamic_task_mapping.py
[2023-08-14T14:04:38.509+0300] {logging_mixin.py:150} INFO - [2023-08-14T14:04:38.509+0300] {dag.py:2742} INFO - Sync 1 DAGs
[2023-08-14T14:04:38.543+0300] {logging_mixin.py:150} INFO - [2023-08-14T14:04:38.543+0300] {dag.py:3504} INFO - Setting next_dagrun for example_dynamic_task_mapping to 2022-03-04T00:00:00+00:00, run_after=2022-03-05T00:00:00+00:00
[2023-08-14T14:04:38.903+0300] {processor.py:179} INFO - Processing /home/soamariaka/.local/lib/python3.9/site-packages/airflow/example_dags/example_dynamic_task_mapping.py took 0.487 seconds
[2023-08-14T14:06:11.784+0300] {processor.py:157} INFO - Started process (PID=13818) to work on /home/soamariaka/.local/lib/python3.9/site-packages/airflow/example_dags/example_dynamic_task_mapping.py
[2023-08-14T14:06:11.810+0300] {processor.py:826} INFO - Processing file /home/soamariaka/.local/lib/python3.9/site-packages/airflow/example_dags/example_dynamic_task_mapping.py for tasks to queue
[2023-08-14T14:06:11.811+0300] {logging_mixin.py:150} INFO - [2023-08-14T14:06:11.811+0300] {dagbag.py:541} INFO - Filling up the DagBag from /home/soamariaka/.local/lib/python3.9/site-packages/airflow/example_dags/example_dynamic_task_mapping.py
[2023-08-14T14:06:11.825+0300] {processor.py:836} INFO - DAG(s) dict_keys(['example_dynamic_task_mapping']) retrieved from /home/soamariaka/.local/lib/python3.9/site-packages/airflow/example_dags/example_dynamic_task_mapping.py
[2023-08-14T14:06:11.853+0300] {logging_mixin.py:150} INFO - [2023-08-14T14:06:11.852+0300] {dag.py:2742} INFO - Sync 1 DAGs
[2023-08-14T14:06:11.901+0300] {logging_mixin.py:150} INFO - [2023-08-14T14:06:11.900+0300] {dag.py:3504} INFO - Setting next_dagrun for example_dynamic_task_mapping to 2022-03-04T00:00:00+00:00, run_after=2022-03-05T00:00:00+00:00
[2023-08-14T14:06:12.136+0300] {processor.py:179} INFO - Processing /home/soamariaka/.local/lib/python3.9/site-packages/airflow/example_dags/example_dynamic_task_mapping.py took 0.357 seconds
[2023-08-14T14:07:20.562+0300] {processor.py:157} INFO - Started process (PID=13917) to work on /home/soamariaka/.local/lib/python3.9/site-packages/airflow/example_dags/example_dynamic_task_mapping.py
[2023-08-14T14:07:20.597+0300] {processor.py:826} INFO - Processing file /home/soamariaka/.local/lib/python3.9/site-packages/airflow/example_dags/example_dynamic_task_mapping.py for tasks to queue
[2023-08-14T14:07:20.599+0300] {logging_mixin.py:150} INFO - [2023-08-14T14:07:20.598+0300] {dagbag.py:541} INFO - Filling up the DagBag from /home/soamariaka/.local/lib/python3.9/site-packages/airflow/example_dags/example_dynamic_task_mapping.py
[2023-08-14T14:07:20.613+0300] {processor.py:836} INFO - DAG(s) dict_keys(['example_dynamic_task_mapping']) retrieved from /home/soamariaka/.local/lib/python3.9/site-packages/airflow/example_dags/example_dynamic_task_mapping.py
[2023-08-14T14:07:20.641+0300] {logging_mixin.py:150} INFO - [2023-08-14T14:07:20.641+0300] {dag.py:2742} INFO - Sync 1 DAGs
[2023-08-14T14:07:20.673+0300] {logging_mixin.py:150} INFO - [2023-08-14T14:07:20.673+0300] {dag.py:3504} INFO - Setting next_dagrun for example_dynamic_task_mapping to 2022-03-04T00:00:00+00:00, run_after=2022-03-05T00:00:00+00:00
[2023-08-14T14:07:20.875+0300] {processor.py:179} INFO - Processing /home/soamariaka/.local/lib/python3.9/site-packages/airflow/example_dags/example_dynamic_task_mapping.py took 0.319 seconds
[2023-08-14T14:09:29.833+0300] {processor.py:157} INFO - Started process (PID=14092) to work on /home/soamariaka/.local/lib/python3.9/site-packages/airflow/example_dags/example_dynamic_task_mapping.py
[2023-08-14T14:09:29.884+0300] {processor.py:826} INFO - Processing file /home/soamariaka/.local/lib/python3.9/site-packages/airflow/example_dags/example_dynamic_task_mapping.py for tasks to queue
[2023-08-14T14:09:29.886+0300] {logging_mixin.py:150} INFO - [2023-08-14T14:09:29.885+0300] {dagbag.py:541} INFO - Filling up the DagBag from /home/soamariaka/.local/lib/python3.9/site-packages/airflow/example_dags/example_dynamic_task_mapping.py
[2023-08-14T14:09:29.903+0300] {processor.py:836} INFO - DAG(s) dict_keys(['example_dynamic_task_mapping']) retrieved from /home/soamariaka/.local/lib/python3.9/site-packages/airflow/example_dags/example_dynamic_task_mapping.py
[2023-08-14T14:09:29.934+0300] {logging_mixin.py:150} INFO - [2023-08-14T14:09:29.933+0300] {dag.py:2742} INFO - Sync 1 DAGs
[2023-08-14T14:09:29.976+0300] {logging_mixin.py:150} INFO - [2023-08-14T14:09:29.975+0300] {dag.py:3504} INFO - Setting next_dagrun for example_dynamic_task_mapping to 2022-03-04T00:00:00+00:00, run_after=2022-03-05T00:00:00+00:00
[2023-08-14T14:09:30.180+0300] {processor.py:179} INFO - Processing /home/soamariaka/.local/lib/python3.9/site-packages/airflow/example_dags/example_dynamic_task_mapping.py took 0.352 seconds
[2023-08-14T14:11:05.839+0300] {processor.py:157} INFO - Started process (PID=14984) to work on /home/soamariaka/.local/lib/python3.9/site-packages/airflow/example_dags/example_dynamic_task_mapping.py
[2023-08-14T14:11:05.876+0300] {processor.py:826} INFO - Processing file /home/soamariaka/.local/lib/python3.9/site-packages/airflow/example_dags/example_dynamic_task_mapping.py for tasks to queue
[2023-08-14T14:11:05.878+0300] {logging_mixin.py:150} INFO - [2023-08-14T14:11:05.877+0300] {dagbag.py:541} INFO - Filling up the DagBag from /home/soamariaka/.local/lib/python3.9/site-packages/airflow/example_dags/example_dynamic_task_mapping.py
[2023-08-14T14:11:05.892+0300] {processor.py:836} INFO - DAG(s) dict_keys(['example_dynamic_task_mapping']) retrieved from /home/soamariaka/.local/lib/python3.9/site-packages/airflow/example_dags/example_dynamic_task_mapping.py
[2023-08-14T14:11:05.925+0300] {logging_mixin.py:150} INFO - [2023-08-14T14:11:05.925+0300] {dag.py:2742} INFO - Sync 1 DAGs
[2023-08-14T14:11:05.971+0300] {logging_mixin.py:150} INFO - [2023-08-14T14:11:05.971+0300] {dag.py:3504} INFO - Setting next_dagrun for example_dynamic_task_mapping to 2022-03-04T00:00:00+00:00, run_after=2022-03-05T00:00:00+00:00
[2023-08-14T14:11:06.256+0300] {processor.py:179} INFO - Processing /home/soamariaka/.local/lib/python3.9/site-packages/airflow/example_dags/example_dynamic_task_mapping.py took 0.422 seconds
[2023-08-14T14:12:34.846+0300] {processor.py:157} INFO - Started process (PID=15156) to work on /home/soamariaka/.local/lib/python3.9/site-packages/airflow/example_dags/example_dynamic_task_mapping.py
[2023-08-14T14:12:34.896+0300] {processor.py:826} INFO - Processing file /home/soamariaka/.local/lib/python3.9/site-packages/airflow/example_dags/example_dynamic_task_mapping.py for tasks to queue
[2023-08-14T14:12:34.897+0300] {logging_mixin.py:150} INFO - [2023-08-14T14:12:34.897+0300] {dagbag.py:541} INFO - Filling up the DagBag from /home/soamariaka/.local/lib/python3.9/site-packages/airflow/example_dags/example_dynamic_task_mapping.py
[2023-08-14T14:12:34.912+0300] {processor.py:836} INFO - DAG(s) dict_keys(['example_dynamic_task_mapping']) retrieved from /home/soamariaka/.local/lib/python3.9/site-packages/airflow/example_dags/example_dynamic_task_mapping.py
[2023-08-14T14:12:34.940+0300] {logging_mixin.py:150} INFO - [2023-08-14T14:12:34.940+0300] {dag.py:2742} INFO - Sync 1 DAGs
[2023-08-14T14:12:34.981+0300] {logging_mixin.py:150} INFO - [2023-08-14T14:12:34.981+0300] {dag.py:3504} INFO - Setting next_dagrun for example_dynamic_task_mapping to 2022-03-04T00:00:00+00:00, run_after=2022-03-05T00:00:00+00:00
[2023-08-14T14:12:35.192+0300] {processor.py:179} INFO - Processing /home/soamariaka/.local/lib/python3.9/site-packages/airflow/example_dags/example_dynamic_task_mapping.py took 0.349 seconds
[2023-08-14T14:13:33.098+0300] {processor.py:157} INFO - Started process (PID=15283) to work on /home/soamariaka/.local/lib/python3.9/site-packages/airflow/example_dags/example_dynamic_task_mapping.py
[2023-08-14T14:13:33.128+0300] {processor.py:826} INFO - Processing file /home/soamariaka/.local/lib/python3.9/site-packages/airflow/example_dags/example_dynamic_task_mapping.py for tasks to queue
[2023-08-14T14:13:33.129+0300] {logging_mixin.py:150} INFO - [2023-08-14T14:13:33.129+0300] {dagbag.py:541} INFO - Filling up the DagBag from /home/soamariaka/.local/lib/python3.9/site-packages/airflow/example_dags/example_dynamic_task_mapping.py
[2023-08-14T14:13:33.141+0300] {processor.py:836} INFO - DAG(s) dict_keys(['example_dynamic_task_mapping']) retrieved from /home/soamariaka/.local/lib/python3.9/site-packages/airflow/example_dags/example_dynamic_task_mapping.py
[2023-08-14T14:13:33.174+0300] {logging_mixin.py:150} INFO - [2023-08-14T14:13:33.173+0300] {dag.py:2742} INFO - Sync 1 DAGs
[2023-08-14T14:13:33.226+0300] {logging_mixin.py:150} INFO - [2023-08-14T14:13:33.226+0300] {dag.py:3504} INFO - Setting next_dagrun for example_dynamic_task_mapping to 2022-03-04T00:00:00+00:00, run_after=2022-03-05T00:00:00+00:00
[2023-08-14T14:13:33.381+0300] {processor.py:179} INFO - Processing /home/soamariaka/.local/lib/python3.9/site-packages/airflow/example_dags/example_dynamic_task_mapping.py took 0.288 seconds
[2023-08-14T14:14:41.409+0300] {processor.py:157} INFO - Started process (PID=15374) to work on /home/soamariaka/.local/lib/python3.9/site-packages/airflow/example_dags/example_dynamic_task_mapping.py
[2023-08-14T14:14:41.412+0300] {processor.py:826} INFO - Processing file /home/soamariaka/.local/lib/python3.9/site-packages/airflow/example_dags/example_dynamic_task_mapping.py for tasks to queue
[2023-08-14T14:14:41.414+0300] {logging_mixin.py:150} INFO - [2023-08-14T14:14:41.413+0300] {dagbag.py:541} INFO - Filling up the DagBag from /home/soamariaka/.local/lib/python3.9/site-packages/airflow/example_dags/example_dynamic_task_mapping.py
[2023-08-14T14:14:41.427+0300] {processor.py:836} INFO - DAG(s) dict_keys(['example_dynamic_task_mapping']) retrieved from /home/soamariaka/.local/lib/python3.9/site-packages/airflow/example_dags/example_dynamic_task_mapping.py
[2023-08-14T14:14:41.455+0300] {logging_mixin.py:150} INFO - [2023-08-14T14:14:41.454+0300] {dag.py:2742} INFO - Sync 1 DAGs
[2023-08-14T14:14:41.488+0300] {logging_mixin.py:150} INFO - [2023-08-14T14:14:41.488+0300] {dag.py:3504} INFO - Setting next_dagrun for example_dynamic_task_mapping to 2022-03-04T00:00:00+00:00, run_after=2022-03-05T00:00:00+00:00
[2023-08-14T14:14:41.618+0300] {processor.py:179} INFO - Processing /home/soamariaka/.local/lib/python3.9/site-packages/airflow/example_dags/example_dynamic_task_mapping.py took 0.214 seconds
[2023-08-14T14:15:39.740+0300] {processor.py:157} INFO - Started process (PID=15548) to work on /home/soamariaka/.local/lib/python3.9/site-packages/airflow/example_dags/example_dynamic_task_mapping.py
[2023-08-14T14:15:39.742+0300] {processor.py:826} INFO - Processing file /home/soamariaka/.local/lib/python3.9/site-packages/airflow/example_dags/example_dynamic_task_mapping.py for tasks to queue
[2023-08-14T14:15:39.743+0300] {logging_mixin.py:150} INFO - [2023-08-14T14:15:39.743+0300] {dagbag.py:541} INFO - Filling up the DagBag from /home/soamariaka/.local/lib/python3.9/site-packages/airflow/example_dags/example_dynamic_task_mapping.py
[2023-08-14T14:15:39.757+0300] {processor.py:836} INFO - DAG(s) dict_keys(['example_dynamic_task_mapping']) retrieved from /home/soamariaka/.local/lib/python3.9/site-packages/airflow/example_dags/example_dynamic_task_mapping.py
[2023-08-14T14:15:39.782+0300] {logging_mixin.py:150} INFO - [2023-08-14T14:15:39.782+0300] {dag.py:2742} INFO - Sync 1 DAGs
[2023-08-14T14:15:39.813+0300] {logging_mixin.py:150} INFO - [2023-08-14T14:15:39.813+0300] {dag.py:3504} INFO - Setting next_dagrun for example_dynamic_task_mapping to 2022-03-04T00:00:00+00:00, run_after=2022-03-05T00:00:00+00:00
[2023-08-14T14:15:40.000+0300] {processor.py:179} INFO - Processing /home/soamariaka/.local/lib/python3.9/site-packages/airflow/example_dags/example_dynamic_task_mapping.py took 0.265 seconds
[2023-08-14T14:16:44.890+0300] {processor.py:157} INFO - Started process (PID=15646) to work on /home/soamariaka/.local/lib/python3.9/site-packages/airflow/example_dags/example_dynamic_task_mapping.py
[2023-08-14T14:16:44.892+0300] {processor.py:826} INFO - Processing file /home/soamariaka/.local/lib/python3.9/site-packages/airflow/example_dags/example_dynamic_task_mapping.py for tasks to queue
[2023-08-14T14:16:44.893+0300] {logging_mixin.py:150} INFO - [2023-08-14T14:16:44.893+0300] {dagbag.py:541} INFO - Filling up the DagBag from /home/soamariaka/.local/lib/python3.9/site-packages/airflow/example_dags/example_dynamic_task_mapping.py
[2023-08-14T14:16:44.909+0300] {processor.py:836} INFO - DAG(s) dict_keys(['example_dynamic_task_mapping']) retrieved from /home/soamariaka/.local/lib/python3.9/site-packages/airflow/example_dags/example_dynamic_task_mapping.py
[2023-08-14T14:16:44.936+0300] {logging_mixin.py:150} INFO - [2023-08-14T14:16:44.936+0300] {dag.py:2742} INFO - Sync 1 DAGs
[2023-08-14T14:16:44.968+0300] {logging_mixin.py:150} INFO - [2023-08-14T14:16:44.968+0300] {dag.py:3504} INFO - Setting next_dagrun for example_dynamic_task_mapping to 2022-03-04T00:00:00+00:00, run_after=2022-03-05T00:00:00+00:00
[2023-08-14T14:16:45.261+0300] {processor.py:179} INFO - Processing /home/soamariaka/.local/lib/python3.9/site-packages/airflow/example_dags/example_dynamic_task_mapping.py took 0.377 seconds
[2023-08-14T14:17:52.423+0300] {processor.py:157} INFO - Started process (PID=15759) to work on /home/soamariaka/.local/lib/python3.9/site-packages/airflow/example_dags/example_dynamic_task_mapping.py
[2023-08-14T14:17:52.425+0300] {processor.py:826} INFO - Processing file /home/soamariaka/.local/lib/python3.9/site-packages/airflow/example_dags/example_dynamic_task_mapping.py for tasks to queue
[2023-08-14T14:17:52.426+0300] {logging_mixin.py:150} INFO - [2023-08-14T14:17:52.426+0300] {dagbag.py:541} INFO - Filling up the DagBag from /home/soamariaka/.local/lib/python3.9/site-packages/airflow/example_dags/example_dynamic_task_mapping.py
[2023-08-14T14:17:52.439+0300] {processor.py:836} INFO - DAG(s) dict_keys(['example_dynamic_task_mapping']) retrieved from /home/soamariaka/.local/lib/python3.9/site-packages/airflow/example_dags/example_dynamic_task_mapping.py
[2023-08-14T14:17:52.470+0300] {logging_mixin.py:150} INFO - [2023-08-14T14:17:52.470+0300] {dag.py:2742} INFO - Sync 1 DAGs
[2023-08-14T14:17:52.502+0300] {logging_mixin.py:150} INFO - [2023-08-14T14:17:52.501+0300] {dag.py:3504} INFO - Setting next_dagrun for example_dynamic_task_mapping to 2022-03-04T00:00:00+00:00, run_after=2022-03-05T00:00:00+00:00
[2023-08-14T14:17:52.680+0300] {processor.py:179} INFO - Processing /home/soamariaka/.local/lib/python3.9/site-packages/airflow/example_dags/example_dynamic_task_mapping.py took 0.261 seconds
[2023-08-14T14:19:12.490+0300] {processor.py:157} INFO - Started process (PID=15941) to work on /home/soamariaka/.local/lib/python3.9/site-packages/airflow/example_dags/example_dynamic_task_mapping.py
[2023-08-14T14:19:12.492+0300] {processor.py:826} INFO - Processing file /home/soamariaka/.local/lib/python3.9/site-packages/airflow/example_dags/example_dynamic_task_mapping.py for tasks to queue
[2023-08-14T14:19:12.494+0300] {logging_mixin.py:150} INFO - [2023-08-14T14:19:12.493+0300] {dagbag.py:541} INFO - Filling up the DagBag from /home/soamariaka/.local/lib/python3.9/site-packages/airflow/example_dags/example_dynamic_task_mapping.py
[2023-08-14T14:19:12.508+0300] {processor.py:836} INFO - DAG(s) dict_keys(['example_dynamic_task_mapping']) retrieved from /home/soamariaka/.local/lib/python3.9/site-packages/airflow/example_dags/example_dynamic_task_mapping.py
[2023-08-14T14:19:12.538+0300] {logging_mixin.py:150} INFO - [2023-08-14T14:19:12.538+0300] {dag.py:2742} INFO - Sync 1 DAGs
[2023-08-14T14:19:12.580+0300] {logging_mixin.py:150} INFO - [2023-08-14T14:19:12.580+0300] {dag.py:3504} INFO - Setting next_dagrun for example_dynamic_task_mapping to 2022-03-04T00:00:00+00:00, run_after=2022-03-05T00:00:00+00:00
[2023-08-14T14:19:12.716+0300] {processor.py:179} INFO - Processing /home/soamariaka/.local/lib/python3.9/site-packages/airflow/example_dags/example_dynamic_task_mapping.py took 0.232 seconds
[2023-08-14T14:20:14.438+0300] {processor.py:157} INFO - Started process (PID=16018) to work on /home/soamariaka/.local/lib/python3.9/site-packages/airflow/example_dags/example_dynamic_task_mapping.py
[2023-08-14T14:20:14.458+0300] {processor.py:826} INFO - Processing file /home/soamariaka/.local/lib/python3.9/site-packages/airflow/example_dags/example_dynamic_task_mapping.py for tasks to queue
[2023-08-14T14:20:14.460+0300] {logging_mixin.py:150} INFO - [2023-08-14T14:20:14.459+0300] {dagbag.py:541} INFO - Filling up the DagBag from /home/soamariaka/.local/lib/python3.9/site-packages/airflow/example_dags/example_dynamic_task_mapping.py
[2023-08-14T14:20:14.473+0300] {processor.py:836} INFO - DAG(s) dict_keys(['example_dynamic_task_mapping']) retrieved from /home/soamariaka/.local/lib/python3.9/site-packages/airflow/example_dags/example_dynamic_task_mapping.py
[2023-08-14T14:20:14.501+0300] {logging_mixin.py:150} INFO - [2023-08-14T14:20:14.501+0300] {dag.py:2742} INFO - Sync 1 DAGs
[2023-08-14T14:20:14.534+0300] {logging_mixin.py:150} INFO - [2023-08-14T14:20:14.534+0300] {dag.py:3504} INFO - Setting next_dagrun for example_dynamic_task_mapping to 2022-03-04T00:00:00+00:00, run_after=2022-03-05T00:00:00+00:00
[2023-08-14T14:20:14.653+0300] {processor.py:179} INFO - Processing /home/soamariaka/.local/lib/python3.9/site-packages/airflow/example_dags/example_dynamic_task_mapping.py took 0.220 seconds
[2023-08-14T14:21:55.126+0300] {processor.py:157} INFO - Started process (PID=16116) to work on /home/soamariaka/.local/lib/python3.9/site-packages/airflow/example_dags/example_dynamic_task_mapping.py
[2023-08-14T14:21:55.128+0300] {processor.py:826} INFO - Processing file /home/soamariaka/.local/lib/python3.9/site-packages/airflow/example_dags/example_dynamic_task_mapping.py for tasks to queue
[2023-08-14T14:21:55.130+0300] {logging_mixin.py:150} INFO - [2023-08-14T14:21:55.129+0300] {dagbag.py:541} INFO - Filling up the DagBag from /home/soamariaka/.local/lib/python3.9/site-packages/airflow/example_dags/example_dynamic_task_mapping.py
[2023-08-14T14:21:55.143+0300] {processor.py:836} INFO - DAG(s) dict_keys(['example_dynamic_task_mapping']) retrieved from /home/soamariaka/.local/lib/python3.9/site-packages/airflow/example_dags/example_dynamic_task_mapping.py
[2023-08-14T14:21:55.168+0300] {logging_mixin.py:150} INFO - [2023-08-14T14:21:55.168+0300] {dag.py:2742} INFO - Sync 1 DAGs
[2023-08-14T14:21:55.200+0300] {logging_mixin.py:150} INFO - [2023-08-14T14:21:55.200+0300] {dag.py:3504} INFO - Setting next_dagrun for example_dynamic_task_mapping to 2022-03-04T00:00:00+00:00, run_after=2022-03-05T00:00:00+00:00
[2023-08-14T14:21:55.366+0300] {processor.py:179} INFO - Processing /home/soamariaka/.local/lib/python3.9/site-packages/airflow/example_dags/example_dynamic_task_mapping.py took 0.246 seconds
[2023-08-14T14:22:53.612+0300] {processor.py:157} INFO - Started process (PID=16173) to work on /home/soamariaka/.local/lib/python3.9/site-packages/airflow/example_dags/example_dynamic_task_mapping.py
[2023-08-14T14:22:53.648+0300] {processor.py:826} INFO - Processing file /home/soamariaka/.local/lib/python3.9/site-packages/airflow/example_dags/example_dynamic_task_mapping.py for tasks to queue
[2023-08-14T14:22:53.649+0300] {logging_mixin.py:150} INFO - [2023-08-14T14:22:53.649+0300] {dagbag.py:541} INFO - Filling up the DagBag from /home/soamariaka/.local/lib/python3.9/site-packages/airflow/example_dags/example_dynamic_task_mapping.py
[2023-08-14T14:22:53.663+0300] {processor.py:836} INFO - DAG(s) dict_keys(['example_dynamic_task_mapping']) retrieved from /home/soamariaka/.local/lib/python3.9/site-packages/airflow/example_dags/example_dynamic_task_mapping.py
[2023-08-14T14:22:53.691+0300] {logging_mixin.py:150} INFO - [2023-08-14T14:22:53.691+0300] {dag.py:2742} INFO - Sync 1 DAGs
[2023-08-14T14:22:53.725+0300] {logging_mixin.py:150} INFO - [2023-08-14T14:22:53.725+0300] {dag.py:3504} INFO - Setting next_dagrun for example_dynamic_task_mapping to 2022-03-04T00:00:00+00:00, run_after=2022-03-05T00:00:00+00:00
[2023-08-14T14:22:53.852+0300] {processor.py:179} INFO - Processing /home/soamariaka/.local/lib/python3.9/site-packages/airflow/example_dags/example_dynamic_task_mapping.py took 0.246 seconds
[2023-08-14T14:23:56.579+0300] {processor.py:157} INFO - Started process (PID=16240) to work on /home/soamariaka/.local/lib/python3.9/site-packages/airflow/example_dags/example_dynamic_task_mapping.py
[2023-08-14T14:23:56.613+0300] {processor.py:826} INFO - Processing file /home/soamariaka/.local/lib/python3.9/site-packages/airflow/example_dags/example_dynamic_task_mapping.py for tasks to queue
[2023-08-14T14:23:56.615+0300] {logging_mixin.py:150} INFO - [2023-08-14T14:23:56.614+0300] {dagbag.py:541} INFO - Filling up the DagBag from /home/soamariaka/.local/lib/python3.9/site-packages/airflow/example_dags/example_dynamic_task_mapping.py
[2023-08-14T14:23:56.631+0300] {processor.py:836} INFO - DAG(s) dict_keys(['example_dynamic_task_mapping']) retrieved from /home/soamariaka/.local/lib/python3.9/site-packages/airflow/example_dags/example_dynamic_task_mapping.py
[2023-08-14T14:23:56.653+0300] {logging_mixin.py:150} INFO - [2023-08-14T14:23:56.653+0300] {dag.py:2742} INFO - Sync 1 DAGs
[2023-08-14T14:23:56.684+0300] {logging_mixin.py:150} INFO - [2023-08-14T14:23:56.684+0300] {dag.py:3504} INFO - Setting next_dagrun for example_dynamic_task_mapping to 2022-03-04T00:00:00+00:00, run_after=2022-03-05T00:00:00+00:00
[2023-08-14T14:23:56.818+0300] {processor.py:179} INFO - Processing /home/soamariaka/.local/lib/python3.9/site-packages/airflow/example_dags/example_dynamic_task_mapping.py took 0.245 seconds
[2023-08-14T14:24:54.912+0300] {processor.py:157} INFO - Started process (PID=16538) to work on /home/soamariaka/.local/lib/python3.9/site-packages/airflow/example_dags/example_dynamic_task_mapping.py
[2023-08-14T14:24:54.948+0300] {processor.py:826} INFO - Processing file /home/soamariaka/.local/lib/python3.9/site-packages/airflow/example_dags/example_dynamic_task_mapping.py for tasks to queue
[2023-08-14T14:24:54.949+0300] {logging_mixin.py:150} INFO - [2023-08-14T14:24:54.949+0300] {dagbag.py:541} INFO - Filling up the DagBag from /home/soamariaka/.local/lib/python3.9/site-packages/airflow/example_dags/example_dynamic_task_mapping.py
[2023-08-14T14:24:54.963+0300] {processor.py:836} INFO - DAG(s) dict_keys(['example_dynamic_task_mapping']) retrieved from /home/soamariaka/.local/lib/python3.9/site-packages/airflow/example_dags/example_dynamic_task_mapping.py
[2023-08-14T14:24:54.987+0300] {logging_mixin.py:150} INFO - [2023-08-14T14:24:54.987+0300] {dag.py:2742} INFO - Sync 1 DAGs
[2023-08-14T14:24:55.019+0300] {logging_mixin.py:150} INFO - [2023-08-14T14:24:55.019+0300] {dag.py:3504} INFO - Setting next_dagrun for example_dynamic_task_mapping to 2022-03-04T00:00:00+00:00, run_after=2022-03-05T00:00:00+00:00
[2023-08-14T14:24:55.147+0300] {processor.py:179} INFO - Processing /home/soamariaka/.local/lib/python3.9/site-packages/airflow/example_dags/example_dynamic_task_mapping.py took 0.240 seconds
[2023-08-14T14:25:56.420+0300] {processor.py:157} INFO - Started process (PID=16697) to work on /home/soamariaka/.local/lib/python3.9/site-packages/airflow/example_dags/example_dynamic_task_mapping.py
[2023-08-14T14:25:56.457+0300] {processor.py:826} INFO - Processing file /home/soamariaka/.local/lib/python3.9/site-packages/airflow/example_dags/example_dynamic_task_mapping.py for tasks to queue
[2023-08-14T14:25:56.459+0300] {logging_mixin.py:150} INFO - [2023-08-14T14:25:56.458+0300] {dagbag.py:541} INFO - Filling up the DagBag from /home/soamariaka/.local/lib/python3.9/site-packages/airflow/example_dags/example_dynamic_task_mapping.py
[2023-08-14T14:25:56.472+0300] {processor.py:836} INFO - DAG(s) dict_keys(['example_dynamic_task_mapping']) retrieved from /home/soamariaka/.local/lib/python3.9/site-packages/airflow/example_dags/example_dynamic_task_mapping.py
[2023-08-14T14:25:56.502+0300] {logging_mixin.py:150} INFO - [2023-08-14T14:25:56.501+0300] {dag.py:2742} INFO - Sync 1 DAGs
[2023-08-14T14:25:56.536+0300] {logging_mixin.py:150} INFO - [2023-08-14T14:25:56.535+0300] {dag.py:3504} INFO - Setting next_dagrun for example_dynamic_task_mapping to 2022-03-04T00:00:00+00:00, run_after=2022-03-05T00:00:00+00:00
[2023-08-14T14:25:56.693+0300] {processor.py:179} INFO - Processing /home/soamariaka/.local/lib/python3.9/site-packages/airflow/example_dags/example_dynamic_task_mapping.py took 0.278 seconds
[2023-08-14T14:26:54.553+0300] {processor.py:157} INFO - Started process (PID=16751) to work on /home/soamariaka/.local/lib/python3.9/site-packages/airflow/example_dags/example_dynamic_task_mapping.py
[2023-08-14T14:26:54.556+0300] {processor.py:826} INFO - Processing file /home/soamariaka/.local/lib/python3.9/site-packages/airflow/example_dags/example_dynamic_task_mapping.py for tasks to queue
[2023-08-14T14:26:54.557+0300] {logging_mixin.py:150} INFO - [2023-08-14T14:26:54.557+0300] {dagbag.py:541} INFO - Filling up the DagBag from /home/soamariaka/.local/lib/python3.9/site-packages/airflow/example_dags/example_dynamic_task_mapping.py
[2023-08-14T14:26:54.570+0300] {processor.py:836} INFO - DAG(s) dict_keys(['example_dynamic_task_mapping']) retrieved from /home/soamariaka/.local/lib/python3.9/site-packages/airflow/example_dags/example_dynamic_task_mapping.py
[2023-08-14T14:26:54.596+0300] {logging_mixin.py:150} INFO - [2023-08-14T14:26:54.596+0300] {dag.py:2742} INFO - Sync 1 DAGs
[2023-08-14T14:26:54.628+0300] {logging_mixin.py:150} INFO - [2023-08-14T14:26:54.628+0300] {dag.py:3504} INFO - Setting next_dagrun for example_dynamic_task_mapping to 2022-03-04T00:00:00+00:00, run_after=2022-03-05T00:00:00+00:00
[2023-08-14T14:26:54.770+0300] {processor.py:179} INFO - Processing /home/soamariaka/.local/lib/python3.9/site-packages/airflow/example_dags/example_dynamic_task_mapping.py took 0.223 seconds
[2023-08-14T14:27:55.948+0300] {processor.py:157} INFO - Started process (PID=16878) to work on /home/soamariaka/.local/lib/python3.9/site-packages/airflow/example_dags/example_dynamic_task_mapping.py
[2023-08-14T14:27:55.966+0300] {processor.py:826} INFO - Processing file /home/soamariaka/.local/lib/python3.9/site-packages/airflow/example_dags/example_dynamic_task_mapping.py for tasks to queue
[2023-08-14T14:27:55.967+0300] {logging_mixin.py:150} INFO - [2023-08-14T14:27:55.967+0300] {dagbag.py:541} INFO - Filling up the DagBag from /home/soamariaka/.local/lib/python3.9/site-packages/airflow/example_dags/example_dynamic_task_mapping.py
[2023-08-14T14:27:55.981+0300] {processor.py:836} INFO - DAG(s) dict_keys(['example_dynamic_task_mapping']) retrieved from /home/soamariaka/.local/lib/python3.9/site-packages/airflow/example_dags/example_dynamic_task_mapping.py
[2023-08-14T14:27:56.008+0300] {logging_mixin.py:150} INFO - [2023-08-14T14:27:56.008+0300] {dag.py:2742} INFO - Sync 1 DAGs
[2023-08-14T14:27:56.041+0300] {logging_mixin.py:150} INFO - [2023-08-14T14:27:56.041+0300] {dag.py:3504} INFO - Setting next_dagrun for example_dynamic_task_mapping to 2022-03-04T00:00:00+00:00, run_after=2022-03-05T00:00:00+00:00
[2023-08-14T14:27:56.168+0300] {processor.py:179} INFO - Processing /home/soamariaka/.local/lib/python3.9/site-packages/airflow/example_dags/example_dynamic_task_mapping.py took 0.225 seconds
[2023-08-14T14:28:59.627+0300] {processor.py:157} INFO - Started process (PID=17032) to work on /home/soamariaka/.local/lib/python3.9/site-packages/airflow/example_dags/example_dynamic_task_mapping.py
[2023-08-14T14:28:59.629+0300] {processor.py:826} INFO - Processing file /home/soamariaka/.local/lib/python3.9/site-packages/airflow/example_dags/example_dynamic_task_mapping.py for tasks to queue
[2023-08-14T14:28:59.631+0300] {logging_mixin.py:150} INFO - [2023-08-14T14:28:59.630+0300] {dagbag.py:541} INFO - Filling up the DagBag from /home/soamariaka/.local/lib/python3.9/site-packages/airflow/example_dags/example_dynamic_task_mapping.py
[2023-08-14T14:28:59.641+0300] {processor.py:836} INFO - DAG(s) dict_keys(['example_dynamic_task_mapping']) retrieved from /home/soamariaka/.local/lib/python3.9/site-packages/airflow/example_dags/example_dynamic_task_mapping.py
[2023-08-14T14:28:59.664+0300] {logging_mixin.py:150} INFO - [2023-08-14T14:28:59.663+0300] {dag.py:2742} INFO - Sync 1 DAGs
[2023-08-14T14:28:59.695+0300] {logging_mixin.py:150} INFO - [2023-08-14T14:28:59.694+0300] {dag.py:3504} INFO - Setting next_dagrun for example_dynamic_task_mapping to 2022-03-04T00:00:00+00:00, run_after=2022-03-05T00:00:00+00:00
[2023-08-14T14:28:59.880+0300] {processor.py:179} INFO - Processing /home/soamariaka/.local/lib/python3.9/site-packages/airflow/example_dags/example_dynamic_task_mapping.py took 0.257 seconds
[2023-08-14T14:29:57.242+0300] {processor.py:157} INFO - Started process (PID=17168) to work on /home/soamariaka/.local/lib/python3.9/site-packages/airflow/example_dags/example_dynamic_task_mapping.py
[2023-08-14T14:29:57.279+0300] {processor.py:826} INFO - Processing file /home/soamariaka/.local/lib/python3.9/site-packages/airflow/example_dags/example_dynamic_task_mapping.py for tasks to queue
[2023-08-14T14:29:57.280+0300] {logging_mixin.py:150} INFO - [2023-08-14T14:29:57.280+0300] {dagbag.py:541} INFO - Filling up the DagBag from /home/soamariaka/.local/lib/python3.9/site-packages/airflow/example_dags/example_dynamic_task_mapping.py
[2023-08-14T14:29:57.292+0300] {processor.py:836} INFO - DAG(s) dict_keys(['example_dynamic_task_mapping']) retrieved from /home/soamariaka/.local/lib/python3.9/site-packages/airflow/example_dags/example_dynamic_task_mapping.py
[2023-08-14T14:29:57.314+0300] {logging_mixin.py:150} INFO - [2023-08-14T14:29:57.314+0300] {dag.py:2742} INFO - Sync 1 DAGs
[2023-08-14T14:29:57.345+0300] {logging_mixin.py:150} INFO - [2023-08-14T14:29:57.345+0300] {dag.py:3504} INFO - Setting next_dagrun for example_dynamic_task_mapping to 2022-03-04T00:00:00+00:00, run_after=2022-03-05T00:00:00+00:00
[2023-08-14T14:29:57.466+0300] {processor.py:179} INFO - Processing /home/soamariaka/.local/lib/python3.9/site-packages/airflow/example_dags/example_dynamic_task_mapping.py took 0.229 seconds
[2023-08-14T14:30:51.761+0300] {processor.py:157} INFO - Started process (PID=17254) to work on /home/soamariaka/.local/lib/python3.9/site-packages/airflow/example_dags/example_dynamic_task_mapping.py
[2023-08-14T14:30:51.763+0300] {processor.py:826} INFO - Processing file /home/soamariaka/.local/lib/python3.9/site-packages/airflow/example_dags/example_dynamic_task_mapping.py for tasks to queue
[2023-08-14T14:30:51.765+0300] {logging_mixin.py:150} INFO - [2023-08-14T14:30:51.764+0300] {dagbag.py:541} INFO - Filling up the DagBag from /home/soamariaka/.local/lib/python3.9/site-packages/airflow/example_dags/example_dynamic_task_mapping.py
[2023-08-14T14:30:51.776+0300] {processor.py:836} INFO - DAG(s) dict_keys(['example_dynamic_task_mapping']) retrieved from /home/soamariaka/.local/lib/python3.9/site-packages/airflow/example_dags/example_dynamic_task_mapping.py
[2023-08-14T14:30:51.798+0300] {logging_mixin.py:150} INFO - [2023-08-14T14:30:51.798+0300] {dag.py:2742} INFO - Sync 1 DAGs
[2023-08-14T14:30:51.829+0300] {logging_mixin.py:150} INFO - [2023-08-14T14:30:51.829+0300] {dag.py:3504} INFO - Setting next_dagrun for example_dynamic_task_mapping to 2022-03-04T00:00:00+00:00, run_after=2022-03-05T00:00:00+00:00
[2023-08-14T14:30:51.976+0300] {processor.py:179} INFO - Processing /home/soamariaka/.local/lib/python3.9/site-packages/airflow/example_dags/example_dynamic_task_mapping.py took 0.220 seconds
[2023-08-14T14:31:51.010+0300] {processor.py:157} INFO - Started process (PID=17340) to work on /home/soamariaka/.local/lib/python3.9/site-packages/airflow/example_dags/example_dynamic_task_mapping.py
[2023-08-14T14:31:51.048+0300] {processor.py:826} INFO - Processing file /home/soamariaka/.local/lib/python3.9/site-packages/airflow/example_dags/example_dynamic_task_mapping.py for tasks to queue
[2023-08-14T14:31:51.049+0300] {logging_mixin.py:150} INFO - [2023-08-14T14:31:51.049+0300] {dagbag.py:541} INFO - Filling up the DagBag from /home/soamariaka/.local/lib/python3.9/site-packages/airflow/example_dags/example_dynamic_task_mapping.py
[2023-08-14T14:31:51.063+0300] {processor.py:836} INFO - DAG(s) dict_keys(['example_dynamic_task_mapping']) retrieved from /home/soamariaka/.local/lib/python3.9/site-packages/airflow/example_dags/example_dynamic_task_mapping.py
[2023-08-14T14:31:51.092+0300] {logging_mixin.py:150} INFO - [2023-08-14T14:31:51.092+0300] {dag.py:2742} INFO - Sync 1 DAGs
[2023-08-14T14:31:51.127+0300] {logging_mixin.py:150} INFO - [2023-08-14T14:31:51.126+0300] {dag.py:3504} INFO - Setting next_dagrun for example_dynamic_task_mapping to 2022-03-04T00:00:00+00:00, run_after=2022-03-05T00:00:00+00:00
[2023-08-14T14:31:51.247+0300] {processor.py:179} INFO - Processing /home/soamariaka/.local/lib/python3.9/site-packages/airflow/example_dags/example_dynamic_task_mapping.py took 0.243 seconds
[2023-08-14T14:32:50.066+0300] {processor.py:157} INFO - Started process (PID=17460) to work on /home/soamariaka/.local/lib/python3.9/site-packages/airflow/example_dags/example_dynamic_task_mapping.py
[2023-08-14T14:32:50.079+0300] {processor.py:826} INFO - Processing file /home/soamariaka/.local/lib/python3.9/site-packages/airflow/example_dags/example_dynamic_task_mapping.py for tasks to queue
[2023-08-14T14:32:50.081+0300] {logging_mixin.py:150} INFO - [2023-08-14T14:32:50.080+0300] {dagbag.py:541} INFO - Filling up the DagBag from /home/soamariaka/.local/lib/python3.9/site-packages/airflow/example_dags/example_dynamic_task_mapping.py
[2023-08-14T14:32:50.094+0300] {processor.py:836} INFO - DAG(s) dict_keys(['example_dynamic_task_mapping']) retrieved from /home/soamariaka/.local/lib/python3.9/site-packages/airflow/example_dags/example_dynamic_task_mapping.py
[2023-08-14T14:32:50.122+0300] {logging_mixin.py:150} INFO - [2023-08-14T14:32:50.121+0300] {dag.py:2742} INFO - Sync 1 DAGs
[2023-08-14T14:32:50.153+0300] {logging_mixin.py:150} INFO - [2023-08-14T14:32:50.153+0300] {dag.py:3504} INFO - Setting next_dagrun for example_dynamic_task_mapping to 2022-03-04T00:00:00+00:00, run_after=2022-03-05T00:00:00+00:00
[2023-08-14T14:32:50.279+0300] {processor.py:179} INFO - Processing /home/soamariaka/.local/lib/python3.9/site-packages/airflow/example_dags/example_dynamic_task_mapping.py took 0.219 seconds
[2023-08-14T14:33:49.222+0300] {processor.py:157} INFO - Started process (PID=17579) to work on /home/soamariaka/.local/lib/python3.9/site-packages/airflow/example_dags/example_dynamic_task_mapping.py
[2023-08-14T14:33:49.228+0300] {processor.py:826} INFO - Processing file /home/soamariaka/.local/lib/python3.9/site-packages/airflow/example_dags/example_dynamic_task_mapping.py for tasks to queue
[2023-08-14T14:33:49.229+0300] {logging_mixin.py:150} INFO - [2023-08-14T14:33:49.229+0300] {dagbag.py:541} INFO - Filling up the DagBag from /home/soamariaka/.local/lib/python3.9/site-packages/airflow/example_dags/example_dynamic_task_mapping.py
[2023-08-14T14:33:49.240+0300] {processor.py:836} INFO - DAG(s) dict_keys(['example_dynamic_task_mapping']) retrieved from /home/soamariaka/.local/lib/python3.9/site-packages/airflow/example_dags/example_dynamic_task_mapping.py
[2023-08-14T14:33:49.263+0300] {logging_mixin.py:150} INFO - [2023-08-14T14:33:49.262+0300] {dag.py:2742} INFO - Sync 1 DAGs
[2023-08-14T14:33:49.295+0300] {logging_mixin.py:150} INFO - [2023-08-14T14:33:49.294+0300] {dag.py:3504} INFO - Setting next_dagrun for example_dynamic_task_mapping to 2022-03-04T00:00:00+00:00, run_after=2022-03-05T00:00:00+00:00
[2023-08-14T14:33:49.463+0300] {processor.py:179} INFO - Processing /home/soamariaka/.local/lib/python3.9/site-packages/airflow/example_dags/example_dynamic_task_mapping.py took 0.245 seconds
[2023-08-14T14:34:58.689+0300] {processor.py:157} INFO - Started process (PID=17781) to work on /home/soamariaka/.local/lib/python3.9/site-packages/airflow/example_dags/example_dynamic_task_mapping.py
[2023-08-14T14:34:58.699+0300] {processor.py:826} INFO - Processing file /home/soamariaka/.local/lib/python3.9/site-packages/airflow/example_dags/example_dynamic_task_mapping.py for tasks to queue
[2023-08-14T14:34:58.715+0300] {logging_mixin.py:150} INFO - [2023-08-14T14:34:58.714+0300] {dagbag.py:541} INFO - Filling up the DagBag from /home/soamariaka/.local/lib/python3.9/site-packages/airflow/example_dags/example_dynamic_task_mapping.py
[2023-08-14T14:34:58.738+0300] {processor.py:836} INFO - DAG(s) dict_keys(['example_dynamic_task_mapping']) retrieved from /home/soamariaka/.local/lib/python3.9/site-packages/airflow/example_dags/example_dynamic_task_mapping.py
[2023-08-14T14:34:58.777+0300] {logging_mixin.py:150} INFO - [2023-08-14T14:34:58.776+0300] {dag.py:2742} INFO - Sync 1 DAGs
[2023-08-14T14:34:58.871+0300] {logging_mixin.py:150} INFO - [2023-08-14T14:34:58.870+0300] {dag.py:3504} INFO - Setting next_dagrun for example_dynamic_task_mapping to 2022-03-04T00:00:00+00:00, run_after=2022-03-05T00:00:00+00:00
[2023-08-14T14:34:59.085+0300] {processor.py:179} INFO - Processing /home/soamariaka/.local/lib/python3.9/site-packages/airflow/example_dags/example_dynamic_task_mapping.py took 0.402 seconds
[2023-08-14T14:36:48.509+0300] {processor.py:157} INFO - Started process (PID=17991) to work on /home/soamariaka/.local/lib/python3.9/site-packages/airflow/example_dags/example_dynamic_task_mapping.py
[2023-08-14T14:36:48.510+0300] {processor.py:826} INFO - Processing file /home/soamariaka/.local/lib/python3.9/site-packages/airflow/example_dags/example_dynamic_task_mapping.py for tasks to queue
[2023-08-14T14:36:48.512+0300] {logging_mixin.py:150} INFO - [2023-08-14T14:36:48.511+0300] {dagbag.py:541} INFO - Filling up the DagBag from /home/soamariaka/.local/lib/python3.9/site-packages/airflow/example_dags/example_dynamic_task_mapping.py
[2023-08-14T14:36:48.526+0300] {processor.py:836} INFO - DAG(s) dict_keys(['example_dynamic_task_mapping']) retrieved from /home/soamariaka/.local/lib/python3.9/site-packages/airflow/example_dags/example_dynamic_task_mapping.py
[2023-08-14T14:36:48.572+0300] {logging_mixin.py:150} INFO - [2023-08-14T14:36:48.572+0300] {dag.py:2742} INFO - Sync 1 DAGs
[2023-08-14T14:36:48.608+0300] {logging_mixin.py:150} INFO - [2023-08-14T14:36:48.608+0300] {dag.py:3504} INFO - Setting next_dagrun for example_dynamic_task_mapping to 2022-03-04T00:00:00+00:00, run_after=2022-03-05T00:00:00+00:00
[2023-08-14T14:36:48.873+0300] {processor.py:179} INFO - Processing /home/soamariaka/.local/lib/python3.9/site-packages/airflow/example_dags/example_dynamic_task_mapping.py took 0.370 seconds
[2023-08-14T14:37:56.542+0300] {processor.py:157} INFO - Started process (PID=18181) to work on /home/soamariaka/.local/lib/python3.9/site-packages/airflow/example_dags/example_dynamic_task_mapping.py
[2023-08-14T14:37:56.544+0300] {processor.py:826} INFO - Processing file /home/soamariaka/.local/lib/python3.9/site-packages/airflow/example_dags/example_dynamic_task_mapping.py for tasks to queue
[2023-08-14T14:37:56.546+0300] {logging_mixin.py:150} INFO - [2023-08-14T14:37:56.545+0300] {dagbag.py:541} INFO - Filling up the DagBag from /home/soamariaka/.local/lib/python3.9/site-packages/airflow/example_dags/example_dynamic_task_mapping.py
[2023-08-14T14:37:56.559+0300] {processor.py:836} INFO - DAG(s) dict_keys(['example_dynamic_task_mapping']) retrieved from /home/soamariaka/.local/lib/python3.9/site-packages/airflow/example_dags/example_dynamic_task_mapping.py
[2023-08-14T14:37:56.582+0300] {logging_mixin.py:150} INFO - [2023-08-14T14:37:56.581+0300] {dag.py:2742} INFO - Sync 1 DAGs
[2023-08-14T14:37:56.612+0300] {logging_mixin.py:150} INFO - [2023-08-14T14:37:56.612+0300] {dag.py:3504} INFO - Setting next_dagrun for example_dynamic_task_mapping to 2022-03-04T00:00:00+00:00, run_after=2022-03-05T00:00:00+00:00
[2023-08-14T14:37:56.773+0300] {processor.py:179} INFO - Processing /home/soamariaka/.local/lib/python3.9/site-packages/airflow/example_dags/example_dynamic_task_mapping.py took 0.236 seconds
[2023-08-14T14:39:02.412+0300] {processor.py:157} INFO - Started process (PID=18302) to work on /home/soamariaka/.local/lib/python3.9/site-packages/airflow/example_dags/example_dynamic_task_mapping.py
[2023-08-14T14:39:02.413+0300] {processor.py:826} INFO - Processing file /home/soamariaka/.local/lib/python3.9/site-packages/airflow/example_dags/example_dynamic_task_mapping.py for tasks to queue
[2023-08-14T14:39:02.415+0300] {logging_mixin.py:150} INFO - [2023-08-14T14:39:02.414+0300] {dagbag.py:541} INFO - Filling up the DagBag from /home/soamariaka/.local/lib/python3.9/site-packages/airflow/example_dags/example_dynamic_task_mapping.py
[2023-08-14T14:39:02.428+0300] {processor.py:836} INFO - DAG(s) dict_keys(['example_dynamic_task_mapping']) retrieved from /home/soamariaka/.local/lib/python3.9/site-packages/airflow/example_dags/example_dynamic_task_mapping.py
[2023-08-14T14:39:02.456+0300] {logging_mixin.py:150} INFO - [2023-08-14T14:39:02.455+0300] {dag.py:2742} INFO - Sync 1 DAGs
[2023-08-14T14:39:02.493+0300] {logging_mixin.py:150} INFO - [2023-08-14T14:39:02.493+0300] {dag.py:3504} INFO - Setting next_dagrun for example_dynamic_task_mapping to 2022-03-04T00:00:00+00:00, run_after=2022-03-05T00:00:00+00:00
[2023-08-14T14:39:02.686+0300] {processor.py:179} INFO - Processing /home/soamariaka/.local/lib/python3.9/site-packages/airflow/example_dags/example_dynamic_task_mapping.py took 0.279 seconds
[2023-08-14T14:40:14.789+0300] {processor.py:157} INFO - Started process (PID=18520) to work on /home/soamariaka/.local/lib/python3.9/site-packages/airflow/example_dags/example_dynamic_task_mapping.py
[2023-08-14T14:40:14.815+0300] {processor.py:826} INFO - Processing file /home/soamariaka/.local/lib/python3.9/site-packages/airflow/example_dags/example_dynamic_task_mapping.py for tasks to queue
[2023-08-14T14:40:14.816+0300] {logging_mixin.py:150} INFO - [2023-08-14T14:40:14.816+0300] {dagbag.py:541} INFO - Filling up the DagBag from /home/soamariaka/.local/lib/python3.9/site-packages/airflow/example_dags/example_dynamic_task_mapping.py
[2023-08-14T14:40:14.830+0300] {processor.py:836} INFO - DAG(s) dict_keys(['example_dynamic_task_mapping']) retrieved from /home/soamariaka/.local/lib/python3.9/site-packages/airflow/example_dags/example_dynamic_task_mapping.py
[2023-08-14T14:40:14.874+0300] {logging_mixin.py:150} INFO - [2023-08-14T14:40:14.873+0300] {dag.py:2742} INFO - Sync 1 DAGs
[2023-08-14T14:40:14.911+0300] {logging_mixin.py:150} INFO - [2023-08-14T14:40:14.911+0300] {dag.py:3504} INFO - Setting next_dagrun for example_dynamic_task_mapping to 2022-03-04T00:00:00+00:00, run_after=2022-03-05T00:00:00+00:00
[2023-08-14T14:40:15.131+0300] {processor.py:179} INFO - Processing /home/soamariaka/.local/lib/python3.9/site-packages/airflow/example_dags/example_dynamic_task_mapping.py took 0.348 seconds
