[2023-08-14T13:32:47.006+0300] {processor.py:157} INFO - Started process (PID=10750) to work on /home/soamariaka/.local/lib/python3.9/site-packages/airflow/example_dags/example_trigger_target_dag.py
[2023-08-14T13:32:47.007+0300] {processor.py:826} INFO - Processing file /home/soamariaka/.local/lib/python3.9/site-packages/airflow/example_dags/example_trigger_target_dag.py for tasks to queue
[2023-08-14T13:32:47.009+0300] {logging_mixin.py:150} INFO - [2023-08-14T13:32:47.008+0300] {dagbag.py:541} INFO - Filling up the DagBag from /home/soamariaka/.local/lib/python3.9/site-packages/airflow/example_dags/example_trigger_target_dag.py
[2023-08-14T13:32:47.022+0300] {processor.py:836} INFO - DAG(s) dict_keys(['example_trigger_target_dag']) retrieved from /home/soamariaka/.local/lib/python3.9/site-packages/airflow/example_dags/example_trigger_target_dag.py
[2023-08-14T13:32:47.049+0300] {logging_mixin.py:150} INFO - [2023-08-14T13:32:47.048+0300] {dag.py:2742} INFO - Sync 1 DAGs
[2023-08-14T13:32:47.078+0300] {logging_mixin.py:150} INFO - [2023-08-14T13:32:47.078+0300] {dag.py:3504} INFO - Setting next_dagrun for example_trigger_target_dag to None, run_after=None
[2023-08-14T13:32:47.284+0300] {processor.py:179} INFO - Processing /home/soamariaka/.local/lib/python3.9/site-packages/airflow/example_dags/example_trigger_target_dag.py took 0.284 seconds
[2023-08-14T13:33:54.004+0300] {processor.py:157} INFO - Started process (PID=10806) to work on /home/soamariaka/.local/lib/python3.9/site-packages/airflow/example_dags/example_trigger_target_dag.py
[2023-08-14T13:33:54.006+0300] {processor.py:826} INFO - Processing file /home/soamariaka/.local/lib/python3.9/site-packages/airflow/example_dags/example_trigger_target_dag.py for tasks to queue
[2023-08-14T13:33:54.007+0300] {logging_mixin.py:150} INFO - [2023-08-14T13:33:54.006+0300] {dagbag.py:541} INFO - Filling up the DagBag from /home/soamariaka/.local/lib/python3.9/site-packages/airflow/example_dags/example_trigger_target_dag.py
[2023-08-14T13:33:54.017+0300] {processor.py:836} INFO - DAG(s) dict_keys(['example_trigger_target_dag']) retrieved from /home/soamariaka/.local/lib/python3.9/site-packages/airflow/example_dags/example_trigger_target_dag.py
[2023-08-14T13:33:54.046+0300] {logging_mixin.py:150} INFO - [2023-08-14T13:33:54.046+0300] {dag.py:2742} INFO - Sync 1 DAGs
[2023-08-14T13:33:54.076+0300] {logging_mixin.py:150} INFO - [2023-08-14T13:33:54.076+0300] {dag.py:3504} INFO - Setting next_dagrun for example_trigger_target_dag to None, run_after=None
[2023-08-14T13:33:54.255+0300] {processor.py:179} INFO - Processing /home/soamariaka/.local/lib/python3.9/site-packages/airflow/example_dags/example_trigger_target_dag.py took 0.256 seconds
[2023-08-14T13:34:39.210+0300] {processor.py:157} INFO - Started process (PID=10932) to work on /home/soamariaka/.local/lib/python3.9/site-packages/airflow/example_dags/example_trigger_target_dag.py
[2023-08-14T13:34:39.212+0300] {processor.py:826} INFO - Processing file /home/soamariaka/.local/lib/python3.9/site-packages/airflow/example_dags/example_trigger_target_dag.py for tasks to queue
[2023-08-14T13:34:39.214+0300] {logging_mixin.py:150} INFO - [2023-08-14T13:34:39.214+0300] {dagbag.py:541} INFO - Filling up the DagBag from /home/soamariaka/.local/lib/python3.9/site-packages/airflow/example_dags/example_trigger_target_dag.py
[2023-08-14T13:34:39.227+0300] {processor.py:836} INFO - DAG(s) dict_keys(['example_trigger_target_dag']) retrieved from /home/soamariaka/.local/lib/python3.9/site-packages/airflow/example_dags/example_trigger_target_dag.py
[2023-08-14T13:34:39.259+0300] {logging_mixin.py:150} INFO - [2023-08-14T13:34:39.258+0300] {dag.py:2742} INFO - Sync 1 DAGs
[2023-08-14T13:34:39.302+0300] {logging_mixin.py:150} INFO - [2023-08-14T13:34:39.302+0300] {dag.py:3504} INFO - Setting next_dagrun for example_trigger_target_dag to None, run_after=None
[2023-08-14T13:34:39.435+0300] {processor.py:179} INFO - Processing /home/soamariaka/.local/lib/python3.9/site-packages/airflow/example_dags/example_trigger_target_dag.py took 0.231 seconds
[2023-08-14T13:35:27.979+0300] {processor.py:157} INFO - Started process (PID=11038) to work on /home/soamariaka/.local/lib/python3.9/site-packages/airflow/example_dags/example_trigger_target_dag.py
[2023-08-14T13:35:27.980+0300] {processor.py:826} INFO - Processing file /home/soamariaka/.local/lib/python3.9/site-packages/airflow/example_dags/example_trigger_target_dag.py for tasks to queue
[2023-08-14T13:35:27.982+0300] {logging_mixin.py:150} INFO - [2023-08-14T13:35:27.981+0300] {dagbag.py:541} INFO - Filling up the DagBag from /home/soamariaka/.local/lib/python3.9/site-packages/airflow/example_dags/example_trigger_target_dag.py
[2023-08-14T13:35:27.990+0300] {processor.py:836} INFO - DAG(s) dict_keys(['example_trigger_target_dag']) retrieved from /home/soamariaka/.local/lib/python3.9/site-packages/airflow/example_dags/example_trigger_target_dag.py
[2023-08-14T13:35:28.014+0300] {logging_mixin.py:150} INFO - [2023-08-14T13:35:28.013+0300] {dag.py:2742} INFO - Sync 1 DAGs
[2023-08-14T13:35:28.044+0300] {logging_mixin.py:150} INFO - [2023-08-14T13:35:28.044+0300] {dag.py:3504} INFO - Setting next_dagrun for example_trigger_target_dag to None, run_after=None
[2023-08-14T13:35:28.156+0300] {processor.py:179} INFO - Processing /home/soamariaka/.local/lib/python3.9/site-packages/airflow/example_dags/example_trigger_target_dag.py took 0.181 seconds
[2023-08-14T13:36:29.938+0300] {processor.py:157} INFO - Started process (PID=11095) to work on /home/soamariaka/.local/lib/python3.9/site-packages/airflow/example_dags/example_trigger_target_dag.py
[2023-08-14T13:36:29.941+0300] {processor.py:826} INFO - Processing file /home/soamariaka/.local/lib/python3.9/site-packages/airflow/example_dags/example_trigger_target_dag.py for tasks to queue
[2023-08-14T13:36:29.942+0300] {logging_mixin.py:150} INFO - [2023-08-14T13:36:29.942+0300] {dagbag.py:541} INFO - Filling up the DagBag from /home/soamariaka/.local/lib/python3.9/site-packages/airflow/example_dags/example_trigger_target_dag.py
[2023-08-14T13:36:29.953+0300] {processor.py:836} INFO - DAG(s) dict_keys(['example_trigger_target_dag']) retrieved from /home/soamariaka/.local/lib/python3.9/site-packages/airflow/example_dags/example_trigger_target_dag.py
[2023-08-14T13:36:29.980+0300] {logging_mixin.py:150} INFO - [2023-08-14T13:36:29.979+0300] {dag.py:2742} INFO - Sync 1 DAGs
[2023-08-14T13:36:30.010+0300] {logging_mixin.py:150} INFO - [2023-08-14T13:36:30.010+0300] {dag.py:3504} INFO - Setting next_dagrun for example_trigger_target_dag to None, run_after=None
[2023-08-14T13:36:30.157+0300] {processor.py:179} INFO - Processing /home/soamariaka/.local/lib/python3.9/site-packages/airflow/example_dags/example_trigger_target_dag.py took 0.224 seconds
[2023-08-14T13:37:26.497+0300] {processor.py:157} INFO - Started process (PID=11194) to work on /home/soamariaka/.local/lib/python3.9/site-packages/airflow/example_dags/example_trigger_target_dag.py
[2023-08-14T13:37:26.500+0300] {processor.py:826} INFO - Processing file /home/soamariaka/.local/lib/python3.9/site-packages/airflow/example_dags/example_trigger_target_dag.py for tasks to queue
[2023-08-14T13:37:26.501+0300] {logging_mixin.py:150} INFO - [2023-08-14T13:37:26.501+0300] {dagbag.py:541} INFO - Filling up the DagBag from /home/soamariaka/.local/lib/python3.9/site-packages/airflow/example_dags/example_trigger_target_dag.py
[2023-08-14T13:37:26.513+0300] {processor.py:836} INFO - DAG(s) dict_keys(['example_trigger_target_dag']) retrieved from /home/soamariaka/.local/lib/python3.9/site-packages/airflow/example_dags/example_trigger_target_dag.py
[2023-08-14T13:37:26.545+0300] {logging_mixin.py:150} INFO - [2023-08-14T13:37:26.544+0300] {dag.py:2742} INFO - Sync 1 DAGs
[2023-08-14T13:37:26.595+0300] {logging_mixin.py:150} INFO - [2023-08-14T13:37:26.595+0300] {dag.py:3504} INFO - Setting next_dagrun for example_trigger_target_dag to None, run_after=None
[2023-08-14T13:37:26.728+0300] {processor.py:179} INFO - Processing /home/soamariaka/.local/lib/python3.9/site-packages/airflow/example_dags/example_trigger_target_dag.py took 0.236 seconds
[2023-08-14T13:38:27.296+0300] {processor.py:157} INFO - Started process (PID=11331) to work on /home/soamariaka/.local/lib/python3.9/site-packages/airflow/example_dags/example_trigger_target_dag.py
[2023-08-14T13:38:27.310+0300] {processor.py:826} INFO - Processing file /home/soamariaka/.local/lib/python3.9/site-packages/airflow/example_dags/example_trigger_target_dag.py for tasks to queue
[2023-08-14T13:38:27.311+0300] {logging_mixin.py:150} INFO - [2023-08-14T13:38:27.311+0300] {dagbag.py:541} INFO - Filling up the DagBag from /home/soamariaka/.local/lib/python3.9/site-packages/airflow/example_dags/example_trigger_target_dag.py
[2023-08-14T13:38:27.319+0300] {processor.py:836} INFO - DAG(s) dict_keys(['example_trigger_target_dag']) retrieved from /home/soamariaka/.local/lib/python3.9/site-packages/airflow/example_dags/example_trigger_target_dag.py
[2023-08-14T13:38:27.343+0300] {logging_mixin.py:150} INFO - [2023-08-14T13:38:27.343+0300] {dag.py:2742} INFO - Sync 1 DAGs
[2023-08-14T13:38:27.374+0300] {logging_mixin.py:150} INFO - [2023-08-14T13:38:27.374+0300] {dag.py:3504} INFO - Setting next_dagrun for example_trigger_target_dag to None, run_after=None
[2023-08-14T13:38:27.588+0300] {processor.py:179} INFO - Processing /home/soamariaka/.local/lib/python3.9/site-packages/airflow/example_dags/example_trigger_target_dag.py took 0.296 seconds
[2023-08-14T13:39:33.665+0300] {processor.py:157} INFO - Started process (PID=11433) to work on /home/soamariaka/.local/lib/python3.9/site-packages/airflow/example_dags/example_trigger_target_dag.py
[2023-08-14T13:39:33.710+0300] {processor.py:826} INFO - Processing file /home/soamariaka/.local/lib/python3.9/site-packages/airflow/example_dags/example_trigger_target_dag.py for tasks to queue
[2023-08-14T13:39:33.726+0300] {logging_mixin.py:150} INFO - [2023-08-14T13:39:33.725+0300] {dagbag.py:541} INFO - Filling up the DagBag from /home/soamariaka/.local/lib/python3.9/site-packages/airflow/example_dags/example_trigger_target_dag.py
[2023-08-14T13:39:33.740+0300] {processor.py:836} INFO - DAG(s) dict_keys(['example_trigger_target_dag']) retrieved from /home/soamariaka/.local/lib/python3.9/site-packages/airflow/example_dags/example_trigger_target_dag.py
[2023-08-14T13:39:33.779+0300] {logging_mixin.py:150} INFO - [2023-08-14T13:39:33.778+0300] {dag.py:2742} INFO - Sync 1 DAGs
[2023-08-14T13:39:33.824+0300] {logging_mixin.py:150} INFO - [2023-08-14T13:39:33.824+0300] {dag.py:3504} INFO - Setting next_dagrun for example_trigger_target_dag to None, run_after=None
[2023-08-14T13:39:34.132+0300] {processor.py:179} INFO - Processing /home/soamariaka/.local/lib/python3.9/site-packages/airflow/example_dags/example_trigger_target_dag.py took 0.474 seconds
[2023-08-14T13:40:31.141+0300] {processor.py:157} INFO - Started process (PID=11503) to work on /home/soamariaka/.local/lib/python3.9/site-packages/airflow/example_dags/example_trigger_target_dag.py
[2023-08-14T13:40:31.144+0300] {processor.py:826} INFO - Processing file /home/soamariaka/.local/lib/python3.9/site-packages/airflow/example_dags/example_trigger_target_dag.py for tasks to queue
[2023-08-14T13:40:31.146+0300] {logging_mixin.py:150} INFO - [2023-08-14T13:40:31.145+0300] {dagbag.py:541} INFO - Filling up the DagBag from /home/soamariaka/.local/lib/python3.9/site-packages/airflow/example_dags/example_trigger_target_dag.py
[2023-08-14T13:40:31.157+0300] {processor.py:836} INFO - DAG(s) dict_keys(['example_trigger_target_dag']) retrieved from /home/soamariaka/.local/lib/python3.9/site-packages/airflow/example_dags/example_trigger_target_dag.py
[2023-08-14T13:40:31.184+0300] {logging_mixin.py:150} INFO - [2023-08-14T13:40:31.184+0300] {dag.py:2742} INFO - Sync 1 DAGs
[2023-08-14T13:40:31.226+0300] {logging_mixin.py:150} INFO - [2023-08-14T13:40:31.225+0300] {dag.py:3504} INFO - Setting next_dagrun for example_trigger_target_dag to None, run_after=None
[2023-08-14T13:40:31.397+0300] {processor.py:179} INFO - Processing /home/soamariaka/.local/lib/python3.9/site-packages/airflow/example_dags/example_trigger_target_dag.py took 0.261 seconds
[2023-08-14T13:41:24.509+0300] {processor.py:157} INFO - Started process (PID=11582) to work on /home/soamariaka/.local/lib/python3.9/site-packages/airflow/example_dags/example_trigger_target_dag.py
[2023-08-14T13:41:24.512+0300] {processor.py:826} INFO - Processing file /home/soamariaka/.local/lib/python3.9/site-packages/airflow/example_dags/example_trigger_target_dag.py for tasks to queue
[2023-08-14T13:41:24.514+0300] {logging_mixin.py:150} INFO - [2023-08-14T13:41:24.513+0300] {dagbag.py:541} INFO - Filling up the DagBag from /home/soamariaka/.local/lib/python3.9/site-packages/airflow/example_dags/example_trigger_target_dag.py
[2023-08-14T13:41:24.524+0300] {processor.py:836} INFO - DAG(s) dict_keys(['example_trigger_target_dag']) retrieved from /home/soamariaka/.local/lib/python3.9/site-packages/airflow/example_dags/example_trigger_target_dag.py
[2023-08-14T13:41:24.551+0300] {logging_mixin.py:150} INFO - [2023-08-14T13:41:24.550+0300] {dag.py:2742} INFO - Sync 1 DAGs
[2023-08-14T13:41:24.581+0300] {logging_mixin.py:150} INFO - [2023-08-14T13:41:24.581+0300] {dag.py:3504} INFO - Setting next_dagrun for example_trigger_target_dag to None, run_after=None
[2023-08-14T13:41:24.715+0300] {processor.py:179} INFO - Processing /home/soamariaka/.local/lib/python3.9/site-packages/airflow/example_dags/example_trigger_target_dag.py took 0.210 seconds
[2023-08-14T13:42:22.196+0300] {processor.py:157} INFO - Started process (PID=11632) to work on /home/soamariaka/.local/lib/python3.9/site-packages/airflow/example_dags/example_trigger_target_dag.py
[2023-08-14T13:42:22.198+0300] {processor.py:826} INFO - Processing file /home/soamariaka/.local/lib/python3.9/site-packages/airflow/example_dags/example_trigger_target_dag.py for tasks to queue
[2023-08-14T13:42:22.199+0300] {logging_mixin.py:150} INFO - [2023-08-14T13:42:22.199+0300] {dagbag.py:541} INFO - Filling up the DagBag from /home/soamariaka/.local/lib/python3.9/site-packages/airflow/example_dags/example_trigger_target_dag.py
[2023-08-14T13:42:22.213+0300] {processor.py:836} INFO - DAG(s) dict_keys(['example_trigger_target_dag']) retrieved from /home/soamariaka/.local/lib/python3.9/site-packages/airflow/example_dags/example_trigger_target_dag.py
[2023-08-14T13:42:22.248+0300] {logging_mixin.py:150} INFO - [2023-08-14T13:42:22.248+0300] {dag.py:2742} INFO - Sync 1 DAGs
[2023-08-14T13:42:22.299+0300] {logging_mixin.py:150} INFO - [2023-08-14T13:42:22.298+0300] {dag.py:3504} INFO - Setting next_dagrun for example_trigger_target_dag to None, run_after=None
[2023-08-14T13:42:22.459+0300] {processor.py:179} INFO - Processing /home/soamariaka/.local/lib/python3.9/site-packages/airflow/example_dags/example_trigger_target_dag.py took 0.270 seconds
[2023-08-14T13:43:14.240+0300] {processor.py:157} INFO - Started process (PID=11680) to work on /home/soamariaka/.local/lib/python3.9/site-packages/airflow/example_dags/example_trigger_target_dag.py
[2023-08-14T13:43:14.243+0300] {processor.py:826} INFO - Processing file /home/soamariaka/.local/lib/python3.9/site-packages/airflow/example_dags/example_trigger_target_dag.py for tasks to queue
[2023-08-14T13:43:14.245+0300] {logging_mixin.py:150} INFO - [2023-08-14T13:43:14.245+0300] {dagbag.py:541} INFO - Filling up the DagBag from /home/soamariaka/.local/lib/python3.9/site-packages/airflow/example_dags/example_trigger_target_dag.py
[2023-08-14T13:43:14.256+0300] {processor.py:836} INFO - DAG(s) dict_keys(['example_trigger_target_dag']) retrieved from /home/soamariaka/.local/lib/python3.9/site-packages/airflow/example_dags/example_trigger_target_dag.py
[2023-08-14T13:43:14.283+0300] {logging_mixin.py:150} INFO - [2023-08-14T13:43:14.283+0300] {dag.py:2742} INFO - Sync 1 DAGs
[2023-08-14T13:43:14.317+0300] {logging_mixin.py:150} INFO - [2023-08-14T13:43:14.316+0300] {dag.py:3504} INFO - Setting next_dagrun for example_trigger_target_dag to None, run_after=None
[2023-08-14T13:43:14.483+0300] {processor.py:179} INFO - Processing /home/soamariaka/.local/lib/python3.9/site-packages/airflow/example_dags/example_trigger_target_dag.py took 0.249 seconds
[2023-08-14T13:44:15.427+0300] {processor.py:157} INFO - Started process (PID=11763) to work on /home/soamariaka/.local/lib/python3.9/site-packages/airflow/example_dags/example_trigger_target_dag.py
[2023-08-14T13:44:15.429+0300] {processor.py:826} INFO - Processing file /home/soamariaka/.local/lib/python3.9/site-packages/airflow/example_dags/example_trigger_target_dag.py for tasks to queue
[2023-08-14T13:44:15.431+0300] {logging_mixin.py:150} INFO - [2023-08-14T13:44:15.430+0300] {dagbag.py:541} INFO - Filling up the DagBag from /home/soamariaka/.local/lib/python3.9/site-packages/airflow/example_dags/example_trigger_target_dag.py
[2023-08-14T13:44:15.441+0300] {processor.py:836} INFO - DAG(s) dict_keys(['example_trigger_target_dag']) retrieved from /home/soamariaka/.local/lib/python3.9/site-packages/airflow/example_dags/example_trigger_target_dag.py
[2023-08-14T13:44:15.467+0300] {logging_mixin.py:150} INFO - [2023-08-14T13:44:15.467+0300] {dag.py:2742} INFO - Sync 1 DAGs
[2023-08-14T13:44:15.498+0300] {logging_mixin.py:150} INFO - [2023-08-14T13:44:15.497+0300] {dag.py:3504} INFO - Setting next_dagrun for example_trigger_target_dag to None, run_after=None
[2023-08-14T13:44:15.637+0300] {processor.py:179} INFO - Processing /home/soamariaka/.local/lib/python3.9/site-packages/airflow/example_dags/example_trigger_target_dag.py took 0.216 seconds
[2023-08-14T13:45:23.770+0300] {processor.py:157} INFO - Started process (PID=11839) to work on /home/soamariaka/.local/lib/python3.9/site-packages/airflow/example_dags/example_trigger_target_dag.py
[2023-08-14T13:45:23.772+0300] {processor.py:826} INFO - Processing file /home/soamariaka/.local/lib/python3.9/site-packages/airflow/example_dags/example_trigger_target_dag.py for tasks to queue
[2023-08-14T13:45:23.774+0300] {logging_mixin.py:150} INFO - [2023-08-14T13:45:23.773+0300] {dagbag.py:541} INFO - Filling up the DagBag from /home/soamariaka/.local/lib/python3.9/site-packages/airflow/example_dags/example_trigger_target_dag.py
[2023-08-14T13:45:23.784+0300] {processor.py:836} INFO - DAG(s) dict_keys(['example_trigger_target_dag']) retrieved from /home/soamariaka/.local/lib/python3.9/site-packages/airflow/example_dags/example_trigger_target_dag.py
[2023-08-14T13:45:23.811+0300] {logging_mixin.py:150} INFO - [2023-08-14T13:45:23.811+0300] {dag.py:2742} INFO - Sync 1 DAGs
[2023-08-14T13:45:23.842+0300] {logging_mixin.py:150} INFO - [2023-08-14T13:45:23.841+0300] {dag.py:3504} INFO - Setting next_dagrun for example_trigger_target_dag to None, run_after=None
[2023-08-14T13:45:23.992+0300] {processor.py:179} INFO - Processing /home/soamariaka/.local/lib/python3.9/site-packages/airflow/example_dags/example_trigger_target_dag.py took 0.229 seconds
[2023-08-14T13:46:26.333+0300] {processor.py:157} INFO - Started process (PID=11930) to work on /home/soamariaka/.local/lib/python3.9/site-packages/airflow/example_dags/example_trigger_target_dag.py
[2023-08-14T13:46:26.336+0300] {processor.py:826} INFO - Processing file /home/soamariaka/.local/lib/python3.9/site-packages/airflow/example_dags/example_trigger_target_dag.py for tasks to queue
[2023-08-14T13:46:26.337+0300] {logging_mixin.py:150} INFO - [2023-08-14T13:46:26.337+0300] {dagbag.py:541} INFO - Filling up the DagBag from /home/soamariaka/.local/lib/python3.9/site-packages/airflow/example_dags/example_trigger_target_dag.py
[2023-08-14T13:46:26.347+0300] {processor.py:836} INFO - DAG(s) dict_keys(['example_trigger_target_dag']) retrieved from /home/soamariaka/.local/lib/python3.9/site-packages/airflow/example_dags/example_trigger_target_dag.py
[2023-08-14T13:46:26.374+0300] {logging_mixin.py:150} INFO - [2023-08-14T13:46:26.373+0300] {dag.py:2742} INFO - Sync 1 DAGs
[2023-08-14T13:46:26.405+0300] {logging_mixin.py:150} INFO - [2023-08-14T13:46:26.405+0300] {dag.py:3504} INFO - Setting next_dagrun for example_trigger_target_dag to None, run_after=None
[2023-08-14T13:46:26.531+0300] {processor.py:179} INFO - Processing /home/soamariaka/.local/lib/python3.9/site-packages/airflow/example_dags/example_trigger_target_dag.py took 0.203 seconds
[2023-08-14T13:47:26.901+0300] {processor.py:157} INFO - Started process (PID=11986) to work on /home/soamariaka/.local/lib/python3.9/site-packages/airflow/example_dags/example_trigger_target_dag.py
[2023-08-14T13:47:26.904+0300] {processor.py:826} INFO - Processing file /home/soamariaka/.local/lib/python3.9/site-packages/airflow/example_dags/example_trigger_target_dag.py for tasks to queue
[2023-08-14T13:47:26.905+0300] {logging_mixin.py:150} INFO - [2023-08-14T13:47:26.905+0300] {dagbag.py:541} INFO - Filling up the DagBag from /home/soamariaka/.local/lib/python3.9/site-packages/airflow/example_dags/example_trigger_target_dag.py
[2023-08-14T13:47:26.916+0300] {processor.py:836} INFO - DAG(s) dict_keys(['example_trigger_target_dag']) retrieved from /home/soamariaka/.local/lib/python3.9/site-packages/airflow/example_dags/example_trigger_target_dag.py
[2023-08-14T13:47:26.943+0300] {logging_mixin.py:150} INFO - [2023-08-14T13:47:26.943+0300] {dag.py:2742} INFO - Sync 1 DAGs
[2023-08-14T13:47:26.978+0300] {logging_mixin.py:150} INFO - [2023-08-14T13:47:26.978+0300] {dag.py:3504} INFO - Setting next_dagrun for example_trigger_target_dag to None, run_after=None
[2023-08-14T13:47:27.174+0300] {processor.py:179} INFO - Processing /home/soamariaka/.local/lib/python3.9/site-packages/airflow/example_dags/example_trigger_target_dag.py took 0.278 seconds
[2023-08-14T13:48:27.907+0300] {processor.py:157} INFO - Started process (PID=12079) to work on /home/soamariaka/.local/lib/python3.9/site-packages/airflow/example_dags/example_trigger_target_dag.py
[2023-08-14T13:48:27.910+0300] {processor.py:826} INFO - Processing file /home/soamariaka/.local/lib/python3.9/site-packages/airflow/example_dags/example_trigger_target_dag.py for tasks to queue
[2023-08-14T13:48:27.911+0300] {logging_mixin.py:150} INFO - [2023-08-14T13:48:27.911+0300] {dagbag.py:541} INFO - Filling up the DagBag from /home/soamariaka/.local/lib/python3.9/site-packages/airflow/example_dags/example_trigger_target_dag.py
[2023-08-14T13:48:27.922+0300] {processor.py:836} INFO - DAG(s) dict_keys(['example_trigger_target_dag']) retrieved from /home/soamariaka/.local/lib/python3.9/site-packages/airflow/example_dags/example_trigger_target_dag.py
[2023-08-14T13:48:27.948+0300] {logging_mixin.py:150} INFO - [2023-08-14T13:48:27.948+0300] {dag.py:2742} INFO - Sync 1 DAGs
[2023-08-14T13:48:27.989+0300] {logging_mixin.py:150} INFO - [2023-08-14T13:48:27.988+0300] {dag.py:3504} INFO - Setting next_dagrun for example_trigger_target_dag to None, run_after=None
[2023-08-14T13:48:28.196+0300] {processor.py:179} INFO - Processing /home/soamariaka/.local/lib/python3.9/site-packages/airflow/example_dags/example_trigger_target_dag.py took 0.295 seconds
[2023-08-14T13:49:29.993+0300] {processor.py:157} INFO - Started process (PID=12137) to work on /home/soamariaka/.local/lib/python3.9/site-packages/airflow/example_dags/example_trigger_target_dag.py
[2023-08-14T13:49:29.995+0300] {processor.py:826} INFO - Processing file /home/soamariaka/.local/lib/python3.9/site-packages/airflow/example_dags/example_trigger_target_dag.py for tasks to queue
[2023-08-14T13:49:29.996+0300] {logging_mixin.py:150} INFO - [2023-08-14T13:49:29.996+0300] {dagbag.py:541} INFO - Filling up the DagBag from /home/soamariaka/.local/lib/python3.9/site-packages/airflow/example_dags/example_trigger_target_dag.py
[2023-08-14T13:49:30.007+0300] {processor.py:836} INFO - DAG(s) dict_keys(['example_trigger_target_dag']) retrieved from /home/soamariaka/.local/lib/python3.9/site-packages/airflow/example_dags/example_trigger_target_dag.py
[2023-08-14T13:49:30.034+0300] {logging_mixin.py:150} INFO - [2023-08-14T13:49:30.034+0300] {dag.py:2742} INFO - Sync 1 DAGs
[2023-08-14T13:49:30.065+0300] {logging_mixin.py:150} INFO - [2023-08-14T13:49:30.065+0300] {dag.py:3504} INFO - Setting next_dagrun for example_trigger_target_dag to None, run_after=None
[2023-08-14T13:49:30.285+0300] {processor.py:179} INFO - Processing /home/soamariaka/.local/lib/python3.9/site-packages/airflow/example_dags/example_trigger_target_dag.py took 0.297 seconds
[2023-08-14T13:50:35.832+0300] {processor.py:157} INFO - Started process (PID=12213) to work on /home/soamariaka/.local/lib/python3.9/site-packages/airflow/example_dags/example_trigger_target_dag.py
[2023-08-14T13:50:35.864+0300] {processor.py:826} INFO - Processing file /home/soamariaka/.local/lib/python3.9/site-packages/airflow/example_dags/example_trigger_target_dag.py for tasks to queue
[2023-08-14T13:50:35.865+0300] {logging_mixin.py:150} INFO - [2023-08-14T13:50:35.865+0300] {dagbag.py:541} INFO - Filling up the DagBag from /home/soamariaka/.local/lib/python3.9/site-packages/airflow/example_dags/example_trigger_target_dag.py
[2023-08-14T13:50:35.876+0300] {processor.py:836} INFO - DAG(s) dict_keys(['example_trigger_target_dag']) retrieved from /home/soamariaka/.local/lib/python3.9/site-packages/airflow/example_dags/example_trigger_target_dag.py
[2023-08-14T13:50:35.906+0300] {logging_mixin.py:150} INFO - [2023-08-14T13:50:35.906+0300] {dag.py:2742} INFO - Sync 1 DAGs
[2023-08-14T13:50:35.941+0300] {logging_mixin.py:150} INFO - [2023-08-14T13:50:35.940+0300] {dag.py:3504} INFO - Setting next_dagrun for example_trigger_target_dag to None, run_after=None
[2023-08-14T13:50:36.164+0300] {processor.py:179} INFO - Processing /home/soamariaka/.local/lib/python3.9/site-packages/airflow/example_dags/example_trigger_target_dag.py took 0.337 seconds
[2023-08-14T13:51:42.452+0300] {processor.py:157} INFO - Started process (PID=12306) to work on /home/soamariaka/.local/lib/python3.9/site-packages/airflow/example_dags/example_trigger_target_dag.py
[2023-08-14T13:51:42.495+0300] {processor.py:826} INFO - Processing file /home/soamariaka/.local/lib/python3.9/site-packages/airflow/example_dags/example_trigger_target_dag.py for tasks to queue
[2023-08-14T13:51:42.497+0300] {logging_mixin.py:150} INFO - [2023-08-14T13:51:42.496+0300] {dagbag.py:541} INFO - Filling up the DagBag from /home/soamariaka/.local/lib/python3.9/site-packages/airflow/example_dags/example_trigger_target_dag.py
[2023-08-14T13:51:42.505+0300] {processor.py:836} INFO - DAG(s) dict_keys(['example_trigger_target_dag']) retrieved from /home/soamariaka/.local/lib/python3.9/site-packages/airflow/example_dags/example_trigger_target_dag.py
[2023-08-14T13:51:42.534+0300] {logging_mixin.py:150} INFO - [2023-08-14T13:51:42.534+0300] {dag.py:2742} INFO - Sync 1 DAGs
[2023-08-14T13:51:42.589+0300] {logging_mixin.py:150} INFO - [2023-08-14T13:51:42.588+0300] {dag.py:3504} INFO - Setting next_dagrun for example_trigger_target_dag to None, run_after=None
[2023-08-14T13:51:42.716+0300] {processor.py:179} INFO - Processing /home/soamariaka/.local/lib/python3.9/site-packages/airflow/example_dags/example_trigger_target_dag.py took 0.269 seconds
[2023-08-14T13:52:42.722+0300] {processor.py:157} INFO - Started process (PID=12364) to work on /home/soamariaka/.local/lib/python3.9/site-packages/airflow/example_dags/example_trigger_target_dag.py
[2023-08-14T13:52:42.725+0300] {processor.py:826} INFO - Processing file /home/soamariaka/.local/lib/python3.9/site-packages/airflow/example_dags/example_trigger_target_dag.py for tasks to queue
[2023-08-14T13:52:42.726+0300] {logging_mixin.py:150} INFO - [2023-08-14T13:52:42.726+0300] {dagbag.py:541} INFO - Filling up the DagBag from /home/soamariaka/.local/lib/python3.9/site-packages/airflow/example_dags/example_trigger_target_dag.py
[2023-08-14T13:52:42.737+0300] {processor.py:836} INFO - DAG(s) dict_keys(['example_trigger_target_dag']) retrieved from /home/soamariaka/.local/lib/python3.9/site-packages/airflow/example_dags/example_trigger_target_dag.py
[2023-08-14T13:52:42.763+0300] {logging_mixin.py:150} INFO - [2023-08-14T13:52:42.763+0300] {dag.py:2742} INFO - Sync 1 DAGs
[2023-08-14T13:52:42.794+0300] {logging_mixin.py:150} INFO - [2023-08-14T13:52:42.794+0300] {dag.py:3504} INFO - Setting next_dagrun for example_trigger_target_dag to None, run_after=None
[2023-08-14T13:52:42.926+0300] {processor.py:179} INFO - Processing /home/soamariaka/.local/lib/python3.9/site-packages/airflow/example_dags/example_trigger_target_dag.py took 0.210 seconds
[2023-08-14T13:53:47.660+0300] {processor.py:157} INFO - Started process (PID=12425) to work on /home/soamariaka/.local/lib/python3.9/site-packages/airflow/example_dags/example_trigger_target_dag.py
[2023-08-14T13:53:47.662+0300] {processor.py:826} INFO - Processing file /home/soamariaka/.local/lib/python3.9/site-packages/airflow/example_dags/example_trigger_target_dag.py for tasks to queue
[2023-08-14T13:53:47.664+0300] {logging_mixin.py:150} INFO - [2023-08-14T13:53:47.663+0300] {dagbag.py:541} INFO - Filling up the DagBag from /home/soamariaka/.local/lib/python3.9/site-packages/airflow/example_dags/example_trigger_target_dag.py
[2023-08-14T13:53:47.674+0300] {processor.py:836} INFO - DAG(s) dict_keys(['example_trigger_target_dag']) retrieved from /home/soamariaka/.local/lib/python3.9/site-packages/airflow/example_dags/example_trigger_target_dag.py
[2023-08-14T13:53:47.701+0300] {logging_mixin.py:150} INFO - [2023-08-14T13:53:47.701+0300] {dag.py:2742} INFO - Sync 1 DAGs
[2023-08-14T13:53:47.732+0300] {logging_mixin.py:150} INFO - [2023-08-14T13:53:47.732+0300] {dag.py:3504} INFO - Setting next_dagrun for example_trigger_target_dag to None, run_after=None
[2023-08-14T13:53:47.866+0300] {processor.py:179} INFO - Processing /home/soamariaka/.local/lib/python3.9/site-packages/airflow/example_dags/example_trigger_target_dag.py took 0.211 seconds
[2023-08-14T13:54:52.826+0300] {processor.py:157} INFO - Started process (PID=12505) to work on /home/soamariaka/.local/lib/python3.9/site-packages/airflow/example_dags/example_trigger_target_dag.py
[2023-08-14T13:54:52.862+0300] {processor.py:826} INFO - Processing file /home/soamariaka/.local/lib/python3.9/site-packages/airflow/example_dags/example_trigger_target_dag.py for tasks to queue
[2023-08-14T13:54:52.865+0300] {logging_mixin.py:150} INFO - [2023-08-14T13:54:52.865+0300] {dagbag.py:541} INFO - Filling up the DagBag from /home/soamariaka/.local/lib/python3.9/site-packages/airflow/example_dags/example_trigger_target_dag.py
[2023-08-14T13:54:52.891+0300] {processor.py:836} INFO - DAG(s) dict_keys(['example_trigger_target_dag']) retrieved from /home/soamariaka/.local/lib/python3.9/site-packages/airflow/example_dags/example_trigger_target_dag.py
[2023-08-14T13:54:52.935+0300] {logging_mixin.py:150} INFO - [2023-08-14T13:54:52.933+0300] {dag.py:2742} INFO - Sync 1 DAGs
[2023-08-14T13:54:53.000+0300] {logging_mixin.py:150} INFO - [2023-08-14T13:54:53.000+0300] {dag.py:3504} INFO - Setting next_dagrun for example_trigger_target_dag to None, run_after=None
[2023-08-14T13:54:53.304+0300] {processor.py:179} INFO - Processing /home/soamariaka/.local/lib/python3.9/site-packages/airflow/example_dags/example_trigger_target_dag.py took 0.492 seconds
[2023-08-14T13:55:59.477+0300] {processor.py:157} INFO - Started process (PID=12594) to work on /home/soamariaka/.local/lib/python3.9/site-packages/airflow/example_dags/example_trigger_target_dag.py
[2023-08-14T13:55:59.479+0300] {processor.py:826} INFO - Processing file /home/soamariaka/.local/lib/python3.9/site-packages/airflow/example_dags/example_trigger_target_dag.py for tasks to queue
[2023-08-14T13:55:59.480+0300] {logging_mixin.py:150} INFO - [2023-08-14T13:55:59.480+0300] {dagbag.py:541} INFO - Filling up the DagBag from /home/soamariaka/.local/lib/python3.9/site-packages/airflow/example_dags/example_trigger_target_dag.py
[2023-08-14T13:55:59.491+0300] {processor.py:836} INFO - DAG(s) dict_keys(['example_trigger_target_dag']) retrieved from /home/soamariaka/.local/lib/python3.9/site-packages/airflow/example_dags/example_trigger_target_dag.py
[2023-08-14T13:55:59.534+0300] {logging_mixin.py:150} INFO - [2023-08-14T13:55:59.533+0300] {dag.py:2742} INFO - Sync 1 DAGs
[2023-08-14T13:55:59.570+0300] {logging_mixin.py:150} INFO - [2023-08-14T13:55:59.570+0300] {dag.py:3504} INFO - Setting next_dagrun for example_trigger_target_dag to None, run_after=None
[2023-08-14T13:55:59.827+0300] {processor.py:179} INFO - Processing /home/soamariaka/.local/lib/python3.9/site-packages/airflow/example_dags/example_trigger_target_dag.py took 0.355 seconds
[2023-08-14T13:57:09.640+0300] {processor.py:157} INFO - Started process (PID=12686) to work on /home/soamariaka/.local/lib/python3.9/site-packages/airflow/example_dags/example_trigger_target_dag.py
[2023-08-14T13:57:09.642+0300] {processor.py:826} INFO - Processing file /home/soamariaka/.local/lib/python3.9/site-packages/airflow/example_dags/example_trigger_target_dag.py for tasks to queue
[2023-08-14T13:57:09.643+0300] {logging_mixin.py:150} INFO - [2023-08-14T13:57:09.642+0300] {dagbag.py:541} INFO - Filling up the DagBag from /home/soamariaka/.local/lib/python3.9/site-packages/airflow/example_dags/example_trigger_target_dag.py
[2023-08-14T13:57:09.654+0300] {processor.py:836} INFO - DAG(s) dict_keys(['example_trigger_target_dag']) retrieved from /home/soamariaka/.local/lib/python3.9/site-packages/airflow/example_dags/example_trigger_target_dag.py
[2023-08-14T13:57:09.680+0300] {logging_mixin.py:150} INFO - [2023-08-14T13:57:09.680+0300] {dag.py:2742} INFO - Sync 1 DAGs
[2023-08-14T13:57:09.718+0300] {logging_mixin.py:150} INFO - [2023-08-14T13:57:09.717+0300] {dag.py:3504} INFO - Setting next_dagrun for example_trigger_target_dag to None, run_after=None
[2023-08-14T13:57:09.897+0300] {processor.py:179} INFO - Processing /home/soamariaka/.local/lib/python3.9/site-packages/airflow/example_dags/example_trigger_target_dag.py took 0.263 seconds
[2023-08-14T13:58:11.409+0300] {processor.py:157} INFO - Started process (PID=12744) to work on /home/soamariaka/.local/lib/python3.9/site-packages/airflow/example_dags/example_trigger_target_dag.py
[2023-08-14T13:58:11.418+0300] {processor.py:826} INFO - Processing file /home/soamariaka/.local/lib/python3.9/site-packages/airflow/example_dags/example_trigger_target_dag.py for tasks to queue
[2023-08-14T13:58:11.419+0300] {logging_mixin.py:150} INFO - [2023-08-14T13:58:11.419+0300] {dagbag.py:541} INFO - Filling up the DagBag from /home/soamariaka/.local/lib/python3.9/site-packages/airflow/example_dags/example_trigger_target_dag.py
[2023-08-14T13:58:11.430+0300] {processor.py:836} INFO - DAG(s) dict_keys(['example_trigger_target_dag']) retrieved from /home/soamariaka/.local/lib/python3.9/site-packages/airflow/example_dags/example_trigger_target_dag.py
[2023-08-14T13:58:11.458+0300] {logging_mixin.py:150} INFO - [2023-08-14T13:58:11.457+0300] {dag.py:2742} INFO - Sync 1 DAGs
[2023-08-14T13:58:11.489+0300] {logging_mixin.py:150} INFO - [2023-08-14T13:58:11.488+0300] {dag.py:3504} INFO - Setting next_dagrun for example_trigger_target_dag to None, run_after=None
[2023-08-14T13:58:11.627+0300] {processor.py:179} INFO - Processing /home/soamariaka/.local/lib/python3.9/site-packages/airflow/example_dags/example_trigger_target_dag.py took 0.223 seconds
[2023-08-14T13:59:15.817+0300] {processor.py:157} INFO - Started process (PID=12833) to work on /home/soamariaka/.local/lib/python3.9/site-packages/airflow/example_dags/example_trigger_target_dag.py
[2023-08-14T13:59:15.819+0300] {processor.py:826} INFO - Processing file /home/soamariaka/.local/lib/python3.9/site-packages/airflow/example_dags/example_trigger_target_dag.py for tasks to queue
[2023-08-14T13:59:15.820+0300] {logging_mixin.py:150} INFO - [2023-08-14T13:59:15.820+0300] {dagbag.py:541} INFO - Filling up the DagBag from /home/soamariaka/.local/lib/python3.9/site-packages/airflow/example_dags/example_trigger_target_dag.py
[2023-08-14T13:59:15.828+0300] {processor.py:836} INFO - DAG(s) dict_keys(['example_trigger_target_dag']) retrieved from /home/soamariaka/.local/lib/python3.9/site-packages/airflow/example_dags/example_trigger_target_dag.py
[2023-08-14T13:59:15.852+0300] {logging_mixin.py:150} INFO - [2023-08-14T13:59:15.852+0300] {dag.py:2742} INFO - Sync 1 DAGs
[2023-08-14T13:59:15.884+0300] {logging_mixin.py:150} INFO - [2023-08-14T13:59:15.884+0300] {dag.py:3504} INFO - Setting next_dagrun for example_trigger_target_dag to None, run_after=None
[2023-08-14T13:59:16.226+0300] {processor.py:179} INFO - Processing /home/soamariaka/.local/lib/python3.9/site-packages/airflow/example_dags/example_trigger_target_dag.py took 0.413 seconds
[2023-08-14T14:00:21.501+0300] {processor.py:157} INFO - Started process (PID=12916) to work on /home/soamariaka/.local/lib/python3.9/site-packages/airflow/example_dags/example_trigger_target_dag.py
[2023-08-14T14:00:21.528+0300] {processor.py:826} INFO - Processing file /home/soamariaka/.local/lib/python3.9/site-packages/airflow/example_dags/example_trigger_target_dag.py for tasks to queue
[2023-08-14T14:00:21.530+0300] {logging_mixin.py:150} INFO - [2023-08-14T14:00:21.529+0300] {dagbag.py:541} INFO - Filling up the DagBag from /home/soamariaka/.local/lib/python3.9/site-packages/airflow/example_dags/example_trigger_target_dag.py
[2023-08-14T14:00:21.540+0300] {processor.py:836} INFO - DAG(s) dict_keys(['example_trigger_target_dag']) retrieved from /home/soamariaka/.local/lib/python3.9/site-packages/airflow/example_dags/example_trigger_target_dag.py
[2023-08-14T14:00:21.572+0300] {logging_mixin.py:150} INFO - [2023-08-14T14:00:21.571+0300] {dag.py:2742} INFO - Sync 1 DAGs
[2023-08-14T14:00:21.606+0300] {logging_mixin.py:150} INFO - [2023-08-14T14:00:21.605+0300] {dag.py:3504} INFO - Setting next_dagrun for example_trigger_target_dag to None, run_after=None
[2023-08-14T14:00:21.753+0300] {processor.py:179} INFO - Processing /home/soamariaka/.local/lib/python3.9/site-packages/airflow/example_dags/example_trigger_target_dag.py took 0.258 seconds
[2023-08-14T14:01:22.961+0300] {processor.py:157} INFO - Started process (PID=12973) to work on /home/soamariaka/.local/lib/python3.9/site-packages/airflow/example_dags/example_trigger_target_dag.py
[2023-08-14T14:01:23.002+0300] {processor.py:826} INFO - Processing file /home/soamariaka/.local/lib/python3.9/site-packages/airflow/example_dags/example_trigger_target_dag.py for tasks to queue
[2023-08-14T14:01:23.004+0300] {logging_mixin.py:150} INFO - [2023-08-14T14:01:23.003+0300] {dagbag.py:541} INFO - Filling up the DagBag from /home/soamariaka/.local/lib/python3.9/site-packages/airflow/example_dags/example_trigger_target_dag.py
[2023-08-14T14:01:23.015+0300] {processor.py:836} INFO - DAG(s) dict_keys(['example_trigger_target_dag']) retrieved from /home/soamariaka/.local/lib/python3.9/site-packages/airflow/example_dags/example_trigger_target_dag.py
[2023-08-14T14:01:23.048+0300] {logging_mixin.py:150} INFO - [2023-08-14T14:01:23.047+0300] {dag.py:2742} INFO - Sync 1 DAGs
[2023-08-14T14:01:23.082+0300] {logging_mixin.py:150} INFO - [2023-08-14T14:01:23.081+0300] {dag.py:3504} INFO - Setting next_dagrun for example_trigger_target_dag to None, run_after=None
[2023-08-14T14:01:23.335+0300] {processor.py:179} INFO - Processing /home/soamariaka/.local/lib/python3.9/site-packages/airflow/example_dags/example_trigger_target_dag.py took 0.380 seconds
[2023-08-14T14:03:56.538+0300] {processor.py:157} INFO - Started process (PID=13696) to work on /home/soamariaka/.local/lib/python3.9/site-packages/airflow/example_dags/example_trigger_target_dag.py
[2023-08-14T14:03:56.540+0300] {processor.py:826} INFO - Processing file /home/soamariaka/.local/lib/python3.9/site-packages/airflow/example_dags/example_trigger_target_dag.py for tasks to queue
[2023-08-14T14:03:56.542+0300] {logging_mixin.py:150} INFO - [2023-08-14T14:03:56.541+0300] {dagbag.py:541} INFO - Filling up the DagBag from /home/soamariaka/.local/lib/python3.9/site-packages/airflow/example_dags/example_trigger_target_dag.py
[2023-08-14T14:03:56.555+0300] {processor.py:836} INFO - DAG(s) dict_keys(['example_trigger_target_dag']) retrieved from /home/soamariaka/.local/lib/python3.9/site-packages/airflow/example_dags/example_trigger_target_dag.py
[2023-08-14T14:03:56.589+0300] {logging_mixin.py:150} INFO - [2023-08-14T14:03:56.588+0300] {dag.py:2742} INFO - Sync 1 DAGs
[2023-08-14T14:03:56.636+0300] {logging_mixin.py:150} INFO - [2023-08-14T14:03:56.636+0300] {dag.py:3504} INFO - Setting next_dagrun for example_trigger_target_dag to None, run_after=None
[2023-08-14T14:03:56.831+0300] {processor.py:179} INFO - Processing /home/soamariaka/.local/lib/python3.9/site-packages/airflow/example_dags/example_trigger_target_dag.py took 0.298 seconds
[2023-08-14T14:05:05.376+0300] {processor.py:157} INFO - Started process (PID=13768) to work on /home/soamariaka/.local/lib/python3.9/site-packages/airflow/example_dags/example_trigger_target_dag.py
[2023-08-14T14:05:05.432+0300] {processor.py:826} INFO - Processing file /home/soamariaka/.local/lib/python3.9/site-packages/airflow/example_dags/example_trigger_target_dag.py for tasks to queue
[2023-08-14T14:05:05.434+0300] {logging_mixin.py:150} INFO - [2023-08-14T14:05:05.433+0300] {dagbag.py:541} INFO - Filling up the DagBag from /home/soamariaka/.local/lib/python3.9/site-packages/airflow/example_dags/example_trigger_target_dag.py
[2023-08-14T14:05:05.479+0300] {processor.py:836} INFO - DAG(s) dict_keys(['example_trigger_target_dag']) retrieved from /home/soamariaka/.local/lib/python3.9/site-packages/airflow/example_dags/example_trigger_target_dag.py
[2023-08-14T14:05:05.515+0300] {logging_mixin.py:150} INFO - [2023-08-14T14:05:05.515+0300] {dag.py:2742} INFO - Sync 1 DAGs
[2023-08-14T14:05:05.552+0300] {logging_mixin.py:150} INFO - [2023-08-14T14:05:05.552+0300] {dag.py:3504} INFO - Setting next_dagrun for example_trigger_target_dag to None, run_after=None
[2023-08-14T14:05:05.825+0300] {processor.py:179} INFO - Processing /home/soamariaka/.local/lib/python3.9/site-packages/airflow/example_dags/example_trigger_target_dag.py took 0.454 seconds
[2023-08-14T14:05:49.429+0300] {processor.py:157} INFO - Started process (PID=13801) to work on /home/soamariaka/.local/lib/python3.9/site-packages/airflow/example_dags/example_trigger_target_dag.py
[2023-08-14T14:05:49.498+0300] {processor.py:826} INFO - Processing file /home/soamariaka/.local/lib/python3.9/site-packages/airflow/example_dags/example_trigger_target_dag.py for tasks to queue
[2023-08-14T14:05:49.500+0300] {logging_mixin.py:150} INFO - [2023-08-14T14:05:49.499+0300] {dagbag.py:541} INFO - Filling up the DagBag from /home/soamariaka/.local/lib/python3.9/site-packages/airflow/example_dags/example_trigger_target_dag.py
[2023-08-14T14:05:49.512+0300] {processor.py:836} INFO - DAG(s) dict_keys(['example_trigger_target_dag']) retrieved from /home/soamariaka/.local/lib/python3.9/site-packages/airflow/example_dags/example_trigger_target_dag.py
[2023-08-14T14:05:49.621+0300] {logging_mixin.py:150} INFO - [2023-08-14T14:05:49.620+0300] {dag.py:2742} INFO - Sync 1 DAGs
[2023-08-14T14:05:49.683+0300] {logging_mixin.py:150} INFO - [2023-08-14T14:05:49.683+0300] {dag.py:3504} INFO - Setting next_dagrun for example_trigger_target_dag to None, run_after=None
[2023-08-14T14:05:51.639+0300] {processor.py:179} INFO - Processing /home/soamariaka/.local/lib/python3.9/site-packages/airflow/example_dags/example_trigger_target_dag.py took 2.221 seconds
[2023-08-14T14:06:33.462+0300] {processor.py:157} INFO - Started process (PID=13845) to work on /home/soamariaka/.local/lib/python3.9/site-packages/airflow/example_dags/example_trigger_target_dag.py
[2023-08-14T14:06:33.475+0300] {processor.py:826} INFO - Processing file /home/soamariaka/.local/lib/python3.9/site-packages/airflow/example_dags/example_trigger_target_dag.py for tasks to queue
[2023-08-14T14:06:33.477+0300] {logging_mixin.py:150} INFO - [2023-08-14T14:06:33.476+0300] {dagbag.py:541} INFO - Filling up the DagBag from /home/soamariaka/.local/lib/python3.9/site-packages/airflow/example_dags/example_trigger_target_dag.py
[2023-08-14T14:06:33.490+0300] {processor.py:836} INFO - DAG(s) dict_keys(['example_trigger_target_dag']) retrieved from /home/soamariaka/.local/lib/python3.9/site-packages/airflow/example_dags/example_trigger_target_dag.py
[2023-08-14T14:06:33.520+0300] {logging_mixin.py:150} INFO - [2023-08-14T14:06:33.520+0300] {dag.py:2742} INFO - Sync 1 DAGs
[2023-08-14T14:06:33.552+0300] {logging_mixin.py:150} INFO - [2023-08-14T14:06:33.551+0300] {dag.py:3504} INFO - Setting next_dagrun for example_trigger_target_dag to None, run_after=None
[2023-08-14T14:06:33.715+0300] {processor.py:179} INFO - Processing /home/soamariaka/.local/lib/python3.9/site-packages/airflow/example_dags/example_trigger_target_dag.py took 0.258 seconds
[2023-08-14T14:08:16.249+0300] {processor.py:157} INFO - Started process (PID=13985) to work on /home/soamariaka/.local/lib/python3.9/site-packages/airflow/example_dags/example_trigger_target_dag.py
[2023-08-14T14:08:16.431+0300] {processor.py:826} INFO - Processing file /home/soamariaka/.local/lib/python3.9/site-packages/airflow/example_dags/example_trigger_target_dag.py for tasks to queue
[2023-08-14T14:08:16.434+0300] {logging_mixin.py:150} INFO - [2023-08-14T14:08:16.433+0300] {dagbag.py:541} INFO - Filling up the DagBag from /home/soamariaka/.local/lib/python3.9/site-packages/airflow/example_dags/example_trigger_target_dag.py
[2023-08-14T14:08:16.451+0300] {processor.py:836} INFO - DAG(s) dict_keys(['example_trigger_target_dag']) retrieved from /home/soamariaka/.local/lib/python3.9/site-packages/airflow/example_dags/example_trigger_target_dag.py
[2023-08-14T14:08:16.488+0300] {logging_mixin.py:150} INFO - [2023-08-14T14:08:16.487+0300] {dag.py:2742} INFO - Sync 1 DAGs
[2023-08-14T14:08:16.530+0300] {logging_mixin.py:150} INFO - [2023-08-14T14:08:16.529+0300] {dag.py:3504} INFO - Setting next_dagrun for example_trigger_target_dag to None, run_after=None
[2023-08-14T14:08:19.799+0300] {processor.py:179} INFO - Processing /home/soamariaka/.local/lib/python3.9/site-packages/airflow/example_dags/example_trigger_target_dag.py took 3.556 seconds
[2023-08-14T14:09:12.297+0300] {processor.py:157} INFO - Started process (PID=14065) to work on /home/soamariaka/.local/lib/python3.9/site-packages/airflow/example_dags/example_trigger_target_dag.py
[2023-08-14T14:09:12.318+0300] {processor.py:826} INFO - Processing file /home/soamariaka/.local/lib/python3.9/site-packages/airflow/example_dags/example_trigger_target_dag.py for tasks to queue
[2023-08-14T14:09:12.320+0300] {logging_mixin.py:150} INFO - [2023-08-14T14:09:12.319+0300] {dagbag.py:541} INFO - Filling up the DagBag from /home/soamariaka/.local/lib/python3.9/site-packages/airflow/example_dags/example_trigger_target_dag.py
[2023-08-14T14:09:12.332+0300] {processor.py:836} INFO - DAG(s) dict_keys(['example_trigger_target_dag']) retrieved from /home/soamariaka/.local/lib/python3.9/site-packages/airflow/example_dags/example_trigger_target_dag.py
[2023-08-14T14:09:12.366+0300] {logging_mixin.py:150} INFO - [2023-08-14T14:09:12.366+0300] {dag.py:2742} INFO - Sync 1 DAGs
[2023-08-14T14:09:12.405+0300] {logging_mixin.py:150} INFO - [2023-08-14T14:09:12.405+0300] {dag.py:3504} INFO - Setting next_dagrun for example_trigger_target_dag to None, run_after=None
[2023-08-14T14:09:12.525+0300] {processor.py:179} INFO - Processing /home/soamariaka/.local/lib/python3.9/site-packages/airflow/example_dags/example_trigger_target_dag.py took 0.235 seconds
[2023-08-14T14:09:49.627+0300] {processor.py:157} INFO - Started process (PID=14108) to work on /home/soamariaka/.local/lib/python3.9/site-packages/airflow/example_dags/example_trigger_target_dag.py
[2023-08-14T14:09:49.662+0300] {processor.py:826} INFO - Processing file /home/soamariaka/.local/lib/python3.9/site-packages/airflow/example_dags/example_trigger_target_dag.py for tasks to queue
[2023-08-14T14:09:49.663+0300] {logging_mixin.py:150} INFO - [2023-08-14T14:09:49.663+0300] {dagbag.py:541} INFO - Filling up the DagBag from /home/soamariaka/.local/lib/python3.9/site-packages/airflow/example_dags/example_trigger_target_dag.py
[2023-08-14T14:09:49.674+0300] {processor.py:836} INFO - DAG(s) dict_keys(['example_trigger_target_dag']) retrieved from /home/soamariaka/.local/lib/python3.9/site-packages/airflow/example_dags/example_trigger_target_dag.py
[2023-08-14T14:09:49.704+0300] {logging_mixin.py:150} INFO - [2023-08-14T14:09:49.704+0300] {dag.py:2742} INFO - Sync 1 DAGs
[2023-08-14T14:09:49.738+0300] {logging_mixin.py:150} INFO - [2023-08-14T14:09:49.738+0300] {dag.py:3504} INFO - Setting next_dagrun for example_trigger_target_dag to None, run_after=None
[2023-08-14T14:09:49.848+0300] {processor.py:179} INFO - Processing /home/soamariaka/.local/lib/python3.9/site-packages/airflow/example_dags/example_trigger_target_dag.py took 0.226 seconds
[2023-08-14T14:10:36.569+0300] {processor.py:157} INFO - Started process (PID=14906) to work on /home/soamariaka/.local/lib/python3.9/site-packages/airflow/example_dags/example_trigger_target_dag.py
[2023-08-14T14:10:36.571+0300] {processor.py:826} INFO - Processing file /home/soamariaka/.local/lib/python3.9/site-packages/airflow/example_dags/example_trigger_target_dag.py for tasks to queue
[2023-08-14T14:10:36.573+0300] {logging_mixin.py:150} INFO - [2023-08-14T14:10:36.572+0300] {dagbag.py:541} INFO - Filling up the DagBag from /home/soamariaka/.local/lib/python3.9/site-packages/airflow/example_dags/example_trigger_target_dag.py
[2023-08-14T14:10:36.583+0300] {processor.py:836} INFO - DAG(s) dict_keys(['example_trigger_target_dag']) retrieved from /home/soamariaka/.local/lib/python3.9/site-packages/airflow/example_dags/example_trigger_target_dag.py
[2023-08-14T14:10:36.610+0300] {logging_mixin.py:150} INFO - [2023-08-14T14:10:36.609+0300] {dag.py:2742} INFO - Sync 1 DAGs
[2023-08-14T14:10:36.641+0300] {logging_mixin.py:150} INFO - [2023-08-14T14:10:36.640+0300] {dag.py:3504} INFO - Setting next_dagrun for example_trigger_target_dag to None, run_after=None
[2023-08-14T14:10:36.778+0300] {processor.py:179} INFO - Processing /home/soamariaka/.local/lib/python3.9/site-packages/airflow/example_dags/example_trigger_target_dag.py took 0.215 seconds
[2023-08-14T14:11:41.900+0300] {processor.py:157} INFO - Started process (PID=15083) to work on /home/soamariaka/.local/lib/python3.9/site-packages/airflow/example_dags/example_trigger_target_dag.py
[2023-08-14T14:11:41.923+0300] {processor.py:826} INFO - Processing file /home/soamariaka/.local/lib/python3.9/site-packages/airflow/example_dags/example_trigger_target_dag.py for tasks to queue
[2023-08-14T14:11:41.927+0300] {logging_mixin.py:150} INFO - [2023-08-14T14:11:41.925+0300] {dagbag.py:541} INFO - Filling up the DagBag from /home/soamariaka/.local/lib/python3.9/site-packages/airflow/example_dags/example_trigger_target_dag.py
[2023-08-14T14:11:41.946+0300] {processor.py:836} INFO - DAG(s) dict_keys(['example_trigger_target_dag']) retrieved from /home/soamariaka/.local/lib/python3.9/site-packages/airflow/example_dags/example_trigger_target_dag.py
[2023-08-14T14:11:41.994+0300] {logging_mixin.py:150} INFO - [2023-08-14T14:11:41.993+0300] {dag.py:2742} INFO - Sync 1 DAGs
[2023-08-14T14:11:42.038+0300] {logging_mixin.py:150} INFO - [2023-08-14T14:11:42.038+0300] {dag.py:3504} INFO - Setting next_dagrun for example_trigger_target_dag to None, run_after=None
[2023-08-14T14:11:42.335+0300] {processor.py:179} INFO - Processing /home/soamariaka/.local/lib/python3.9/site-packages/airflow/example_dags/example_trigger_target_dag.py took 0.441 seconds
[2023-08-14T14:12:25.128+0300] {processor.py:157} INFO - Started process (PID=15145) to work on /home/soamariaka/.local/lib/python3.9/site-packages/airflow/example_dags/example_trigger_target_dag.py
[2023-08-14T14:12:25.152+0300] {processor.py:826} INFO - Processing file /home/soamariaka/.local/lib/python3.9/site-packages/airflow/example_dags/example_trigger_target_dag.py for tasks to queue
[2023-08-14T14:12:25.153+0300] {logging_mixin.py:150} INFO - [2023-08-14T14:12:25.153+0300] {dagbag.py:541} INFO - Filling up the DagBag from /home/soamariaka/.local/lib/python3.9/site-packages/airflow/example_dags/example_trigger_target_dag.py
[2023-08-14T14:12:25.165+0300] {processor.py:836} INFO - DAG(s) dict_keys(['example_trigger_target_dag']) retrieved from /home/soamariaka/.local/lib/python3.9/site-packages/airflow/example_dags/example_trigger_target_dag.py
[2023-08-14T14:12:25.195+0300] {logging_mixin.py:150} INFO - [2023-08-14T14:12:25.194+0300] {dag.py:2742} INFO - Sync 1 DAGs
[2023-08-14T14:12:25.227+0300] {logging_mixin.py:150} INFO - [2023-08-14T14:12:25.227+0300] {dag.py:3504} INFO - Setting next_dagrun for example_trigger_target_dag to None, run_after=None
[2023-08-14T14:12:25.367+0300] {processor.py:179} INFO - Processing /home/soamariaka/.local/lib/python3.9/site-packages/airflow/example_dags/example_trigger_target_dag.py took 0.245 seconds
[2023-08-14T14:13:23.426+0300] {processor.py:157} INFO - Started process (PID=15272) to work on /home/soamariaka/.local/lib/python3.9/site-packages/airflow/example_dags/example_trigger_target_dag.py
[2023-08-14T14:13:23.429+0300] {processor.py:826} INFO - Processing file /home/soamariaka/.local/lib/python3.9/site-packages/airflow/example_dags/example_trigger_target_dag.py for tasks to queue
[2023-08-14T14:13:23.431+0300] {logging_mixin.py:150} INFO - [2023-08-14T14:13:23.430+0300] {dagbag.py:541} INFO - Filling up the DagBag from /home/soamariaka/.local/lib/python3.9/site-packages/airflow/example_dags/example_trigger_target_dag.py
[2023-08-14T14:13:23.443+0300] {processor.py:836} INFO - DAG(s) dict_keys(['example_trigger_target_dag']) retrieved from /home/soamariaka/.local/lib/python3.9/site-packages/airflow/example_dags/example_trigger_target_dag.py
[2023-08-14T14:13:23.478+0300] {logging_mixin.py:150} INFO - [2023-08-14T14:13:23.477+0300] {dag.py:2742} INFO - Sync 1 DAGs
[2023-08-14T14:13:23.522+0300] {logging_mixin.py:150} INFO - [2023-08-14T14:13:23.521+0300] {dag.py:3504} INFO - Setting next_dagrun for example_trigger_target_dag to None, run_after=None
[2023-08-14T14:13:23.685+0300] {processor.py:179} INFO - Processing /home/soamariaka/.local/lib/python3.9/site-packages/airflow/example_dags/example_trigger_target_dag.py took 0.265 seconds
[2023-08-14T14:14:27.322+0300] {processor.py:157} INFO - Started process (PID=15362) to work on /home/soamariaka/.local/lib/python3.9/site-packages/airflow/example_dags/example_trigger_target_dag.py
[2023-08-14T14:14:27.339+0300] {processor.py:826} INFO - Processing file /home/soamariaka/.local/lib/python3.9/site-packages/airflow/example_dags/example_trigger_target_dag.py for tasks to queue
[2023-08-14T14:14:27.341+0300] {logging_mixin.py:150} INFO - [2023-08-14T14:14:27.340+0300] {dagbag.py:541} INFO - Filling up the DagBag from /home/soamariaka/.local/lib/python3.9/site-packages/airflow/example_dags/example_trigger_target_dag.py
[2023-08-14T14:14:27.352+0300] {processor.py:836} INFO - DAG(s) dict_keys(['example_trigger_target_dag']) retrieved from /home/soamariaka/.local/lib/python3.9/site-packages/airflow/example_dags/example_trigger_target_dag.py
[2023-08-14T14:14:27.393+0300] {logging_mixin.py:150} INFO - [2023-08-14T14:14:27.392+0300] {dag.py:2742} INFO - Sync 1 DAGs
[2023-08-14T14:14:27.443+0300] {logging_mixin.py:150} INFO - [2023-08-14T14:14:27.443+0300] {dag.py:3504} INFO - Setting next_dagrun for example_trigger_target_dag to None, run_after=None
[2023-08-14T14:14:27.622+0300] {processor.py:179} INFO - Processing /home/soamariaka/.local/lib/python3.9/site-packages/airflow/example_dags/example_trigger_target_dag.py took 0.306 seconds
[2023-08-14T14:15:27.833+0300] {processor.py:157} INFO - Started process (PID=15535) to work on /home/soamariaka/.local/lib/python3.9/site-packages/airflow/example_dags/example_trigger_target_dag.py
[2023-08-14T14:15:27.860+0300] {processor.py:826} INFO - Processing file /home/soamariaka/.local/lib/python3.9/site-packages/airflow/example_dags/example_trigger_target_dag.py for tasks to queue
[2023-08-14T14:15:27.862+0300] {logging_mixin.py:150} INFO - [2023-08-14T14:15:27.862+0300] {dagbag.py:541} INFO - Filling up the DagBag from /home/soamariaka/.local/lib/python3.9/site-packages/airflow/example_dags/example_trigger_target_dag.py
[2023-08-14T14:15:27.873+0300] {processor.py:836} INFO - DAG(s) dict_keys(['example_trigger_target_dag']) retrieved from /home/soamariaka/.local/lib/python3.9/site-packages/airflow/example_dags/example_trigger_target_dag.py
[2023-08-14T14:15:27.904+0300] {logging_mixin.py:150} INFO - [2023-08-14T14:15:27.903+0300] {dag.py:2742} INFO - Sync 1 DAGs
[2023-08-14T14:15:27.938+0300] {logging_mixin.py:150} INFO - [2023-08-14T14:15:27.937+0300] {dag.py:3504} INFO - Setting next_dagrun for example_trigger_target_dag to None, run_after=None
[2023-08-14T14:15:28.163+0300] {processor.py:179} INFO - Processing /home/soamariaka/.local/lib/python3.9/site-packages/airflow/example_dags/example_trigger_target_dag.py took 0.336 seconds
[2023-08-14T14:16:32.263+0300] {processor.py:157} INFO - Started process (PID=15633) to work on /home/soamariaka/.local/lib/python3.9/site-packages/airflow/example_dags/example_trigger_target_dag.py
[2023-08-14T14:16:32.278+0300] {processor.py:826} INFO - Processing file /home/soamariaka/.local/lib/python3.9/site-packages/airflow/example_dags/example_trigger_target_dag.py for tasks to queue
[2023-08-14T14:16:32.281+0300] {logging_mixin.py:150} INFO - [2023-08-14T14:16:32.280+0300] {dagbag.py:541} INFO - Filling up the DagBag from /home/soamariaka/.local/lib/python3.9/site-packages/airflow/example_dags/example_trigger_target_dag.py
[2023-08-14T14:16:32.297+0300] {processor.py:836} INFO - DAG(s) dict_keys(['example_trigger_target_dag']) retrieved from /home/soamariaka/.local/lib/python3.9/site-packages/airflow/example_dags/example_trigger_target_dag.py
[2023-08-14T14:16:32.334+0300] {logging_mixin.py:150} INFO - [2023-08-14T14:16:32.334+0300] {dag.py:2742} INFO - Sync 1 DAGs
[2023-08-14T14:16:32.391+0300] {logging_mixin.py:150} INFO - [2023-08-14T14:16:32.390+0300] {dag.py:3504} INFO - Setting next_dagrun for example_trigger_target_dag to None, run_after=None
[2023-08-14T14:16:32.567+0300] {processor.py:179} INFO - Processing /home/soamariaka/.local/lib/python3.9/site-packages/airflow/example_dags/example_trigger_target_dag.py took 0.312 seconds
[2023-08-14T14:17:31.955+0300] {processor.py:157} INFO - Started process (PID=15717) to work on /home/soamariaka/.local/lib/python3.9/site-packages/airflow/example_dags/example_trigger_target_dag.py
[2023-08-14T14:17:31.977+0300] {processor.py:826} INFO - Processing file /home/soamariaka/.local/lib/python3.9/site-packages/airflow/example_dags/example_trigger_target_dag.py for tasks to queue
[2023-08-14T14:17:31.979+0300] {logging_mixin.py:150} INFO - [2023-08-14T14:17:31.978+0300] {dagbag.py:541} INFO - Filling up the DagBag from /home/soamariaka/.local/lib/python3.9/site-packages/airflow/example_dags/example_trigger_target_dag.py
[2023-08-14T14:17:31.989+0300] {processor.py:836} INFO - DAG(s) dict_keys(['example_trigger_target_dag']) retrieved from /home/soamariaka/.local/lib/python3.9/site-packages/airflow/example_dags/example_trigger_target_dag.py
[2023-08-14T14:17:32.017+0300] {logging_mixin.py:150} INFO - [2023-08-14T14:17:32.017+0300] {dag.py:2742} INFO - Sync 1 DAGs
[2023-08-14T14:17:32.050+0300] {logging_mixin.py:150} INFO - [2023-08-14T14:17:32.050+0300] {dag.py:3504} INFO - Setting next_dagrun for example_trigger_target_dag to None, run_after=None
[2023-08-14T14:17:32.286+0300] {processor.py:179} INFO - Processing /home/soamariaka/.local/lib/python3.9/site-packages/airflow/example_dags/example_trigger_target_dag.py took 0.336 seconds
[2023-08-14T14:18:23.391+0300] {processor.py:157} INFO - Started process (PID=15881) to work on /home/soamariaka/.local/lib/python3.9/site-packages/airflow/example_dags/example_trigger_target_dag.py
[2023-08-14T14:18:23.543+0300] {processor.py:826} INFO - Processing file /home/soamariaka/.local/lib/python3.9/site-packages/airflow/example_dags/example_trigger_target_dag.py for tasks to queue
[2023-08-14T14:18:23.545+0300] {logging_mixin.py:150} INFO - [2023-08-14T14:18:23.544+0300] {dagbag.py:541} INFO - Filling up the DagBag from /home/soamariaka/.local/lib/python3.9/site-packages/airflow/example_dags/example_trigger_target_dag.py
[2023-08-14T14:18:23.555+0300] {processor.py:836} INFO - DAG(s) dict_keys(['example_trigger_target_dag']) retrieved from /home/soamariaka/.local/lib/python3.9/site-packages/airflow/example_dags/example_trigger_target_dag.py
[2023-08-14T14:18:23.593+0300] {logging_mixin.py:150} INFO - [2023-08-14T14:18:23.592+0300] {dag.py:2742} INFO - Sync 1 DAGs
[2023-08-14T14:18:23.747+0300] {logging_mixin.py:150} INFO - [2023-08-14T14:18:23.747+0300] {dag.py:3504} INFO - Setting next_dagrun for example_trigger_target_dag to None, run_after=None
[2023-08-14T14:18:24.231+0300] {processor.py:179} INFO - Processing /home/soamariaka/.local/lib/python3.9/site-packages/airflow/example_dags/example_trigger_target_dag.py took 0.846 seconds
[2023-08-14T14:19:01.896+0300] {processor.py:157} INFO - Started process (PID=15925) to work on /home/soamariaka/.local/lib/python3.9/site-packages/airflow/example_dags/example_trigger_target_dag.py
[2023-08-14T14:19:01.927+0300] {processor.py:826} INFO - Processing file /home/soamariaka/.local/lib/python3.9/site-packages/airflow/example_dags/example_trigger_target_dag.py for tasks to queue
[2023-08-14T14:19:01.929+0300] {logging_mixin.py:150} INFO - [2023-08-14T14:19:01.928+0300] {dagbag.py:541} INFO - Filling up the DagBag from /home/soamariaka/.local/lib/python3.9/site-packages/airflow/example_dags/example_trigger_target_dag.py
[2023-08-14T14:19:01.939+0300] {processor.py:836} INFO - DAG(s) dict_keys(['example_trigger_target_dag']) retrieved from /home/soamariaka/.local/lib/python3.9/site-packages/airflow/example_dags/example_trigger_target_dag.py
[2023-08-14T14:19:01.969+0300] {logging_mixin.py:150} INFO - [2023-08-14T14:19:01.969+0300] {dag.py:2742} INFO - Sync 1 DAGs
[2023-08-14T14:19:02.007+0300] {logging_mixin.py:150} INFO - [2023-08-14T14:19:02.007+0300] {dag.py:3504} INFO - Setting next_dagrun for example_trigger_target_dag to None, run_after=None
[2023-08-14T14:19:02.196+0300] {processor.py:179} INFO - Processing /home/soamariaka/.local/lib/python3.9/site-packages/airflow/example_dags/example_trigger_target_dag.py took 0.306 seconds
[2023-08-14T14:20:03.848+0300] {processor.py:157} INFO - Started process (PID=16007) to work on /home/soamariaka/.local/lib/python3.9/site-packages/airflow/example_dags/example_trigger_target_dag.py
[2023-08-14T14:20:03.870+0300] {processor.py:826} INFO - Processing file /home/soamariaka/.local/lib/python3.9/site-packages/airflow/example_dags/example_trigger_target_dag.py for tasks to queue
[2023-08-14T14:20:03.872+0300] {logging_mixin.py:150} INFO - [2023-08-14T14:20:03.871+0300] {dagbag.py:541} INFO - Filling up the DagBag from /home/soamariaka/.local/lib/python3.9/site-packages/airflow/example_dags/example_trigger_target_dag.py
[2023-08-14T14:20:03.882+0300] {processor.py:836} INFO - DAG(s) dict_keys(['example_trigger_target_dag']) retrieved from /home/soamariaka/.local/lib/python3.9/site-packages/airflow/example_dags/example_trigger_target_dag.py
[2023-08-14T14:20:03.911+0300] {logging_mixin.py:150} INFO - [2023-08-14T14:20:03.911+0300] {dag.py:2742} INFO - Sync 1 DAGs
[2023-08-14T14:20:03.943+0300] {logging_mixin.py:150} INFO - [2023-08-14T14:20:03.943+0300] {dag.py:3504} INFO - Setting next_dagrun for example_trigger_target_dag to None, run_after=None
[2023-08-14T14:20:04.202+0300] {processor.py:179} INFO - Processing /home/soamariaka/.local/lib/python3.9/site-packages/airflow/example_dags/example_trigger_target_dag.py took 0.359 seconds
[2023-08-14T14:21:39.865+0300] {processor.py:157} INFO - Started process (PID=16102) to work on /home/soamariaka/.local/lib/python3.9/site-packages/airflow/example_dags/example_trigger_target_dag.py
[2023-08-14T14:21:39.902+0300] {processor.py:826} INFO - Processing file /home/soamariaka/.local/lib/python3.9/site-packages/airflow/example_dags/example_trigger_target_dag.py for tasks to queue
[2023-08-14T14:21:39.903+0300] {logging_mixin.py:150} INFO - [2023-08-14T14:21:39.903+0300] {dagbag.py:541} INFO - Filling up the DagBag from /home/soamariaka/.local/lib/python3.9/site-packages/airflow/example_dags/example_trigger_target_dag.py
[2023-08-14T14:21:39.914+0300] {processor.py:836} INFO - DAG(s) dict_keys(['example_trigger_target_dag']) retrieved from /home/soamariaka/.local/lib/python3.9/site-packages/airflow/example_dags/example_trigger_target_dag.py
[2023-08-14T14:21:39.944+0300] {logging_mixin.py:150} INFO - [2023-08-14T14:21:39.944+0300] {dag.py:2742} INFO - Sync 1 DAGs
[2023-08-14T14:21:39.978+0300] {logging_mixin.py:150} INFO - [2023-08-14T14:21:39.978+0300] {dag.py:3504} INFO - Setting next_dagrun for example_trigger_target_dag to None, run_after=None
[2023-08-14T14:21:40.102+0300] {processor.py:179} INFO - Processing /home/soamariaka/.local/lib/python3.9/site-packages/airflow/example_dags/example_trigger_target_dag.py took 0.242 seconds
[2023-08-14T14:22:39.188+0300] {processor.py:157} INFO - Started process (PID=16159) to work on /home/soamariaka/.local/lib/python3.9/site-packages/airflow/example_dags/example_trigger_target_dag.py
[2023-08-14T14:22:39.226+0300] {processor.py:826} INFO - Processing file /home/soamariaka/.local/lib/python3.9/site-packages/airflow/example_dags/example_trigger_target_dag.py for tasks to queue
[2023-08-14T14:22:39.228+0300] {logging_mixin.py:150} INFO - [2023-08-14T14:22:39.227+0300] {dagbag.py:541} INFO - Filling up the DagBag from /home/soamariaka/.local/lib/python3.9/site-packages/airflow/example_dags/example_trigger_target_dag.py
[2023-08-14T14:22:39.238+0300] {processor.py:836} INFO - DAG(s) dict_keys(['example_trigger_target_dag']) retrieved from /home/soamariaka/.local/lib/python3.9/site-packages/airflow/example_dags/example_trigger_target_dag.py
[2023-08-14T14:22:39.269+0300] {logging_mixin.py:150} INFO - [2023-08-14T14:22:39.268+0300] {dag.py:2742} INFO - Sync 1 DAGs
[2023-08-14T14:22:39.303+0300] {logging_mixin.py:150} INFO - [2023-08-14T14:22:39.303+0300] {dag.py:3504} INFO - Setting next_dagrun for example_trigger_target_dag to None, run_after=None
[2023-08-14T14:22:39.443+0300] {processor.py:179} INFO - Processing /home/soamariaka/.local/lib/python3.9/site-packages/airflow/example_dags/example_trigger_target_dag.py took 0.260 seconds
[2023-08-14T14:23:43.428+0300] {processor.py:157} INFO - Started process (PID=16226) to work on /home/soamariaka/.local/lib/python3.9/site-packages/airflow/example_dags/example_trigger_target_dag.py
[2023-08-14T14:23:43.431+0300] {processor.py:826} INFO - Processing file /home/soamariaka/.local/lib/python3.9/site-packages/airflow/example_dags/example_trigger_target_dag.py for tasks to queue
[2023-08-14T14:23:43.433+0300] {logging_mixin.py:150} INFO - [2023-08-14T14:23:43.432+0300] {dagbag.py:541} INFO - Filling up the DagBag from /home/soamariaka/.local/lib/python3.9/site-packages/airflow/example_dags/example_trigger_target_dag.py
[2023-08-14T14:23:43.449+0300] {processor.py:836} INFO - DAG(s) dict_keys(['example_trigger_target_dag']) retrieved from /home/soamariaka/.local/lib/python3.9/site-packages/airflow/example_dags/example_trigger_target_dag.py
[2023-08-14T14:23:43.480+0300] {logging_mixin.py:150} INFO - [2023-08-14T14:23:43.479+0300] {dag.py:2742} INFO - Sync 1 DAGs
[2023-08-14T14:23:43.527+0300] {logging_mixin.py:150} INFO - [2023-08-14T14:23:43.526+0300] {dag.py:3504} INFO - Setting next_dagrun for example_trigger_target_dag to None, run_after=None
[2023-08-14T14:23:43.766+0300] {processor.py:179} INFO - Processing /home/soamariaka/.local/lib/python3.9/site-packages/airflow/example_dags/example_trigger_target_dag.py took 0.348 seconds
[2023-08-14T14:24:39.752+0300] {processor.py:157} INFO - Started process (PID=16502) to work on /home/soamariaka/.local/lib/python3.9/site-packages/airflow/example_dags/example_trigger_target_dag.py
[2023-08-14T14:24:39.755+0300] {processor.py:826} INFO - Processing file /home/soamariaka/.local/lib/python3.9/site-packages/airflow/example_dags/example_trigger_target_dag.py for tasks to queue
[2023-08-14T14:24:39.756+0300] {logging_mixin.py:150} INFO - [2023-08-14T14:24:39.756+0300] {dagbag.py:541} INFO - Filling up the DagBag from /home/soamariaka/.local/lib/python3.9/site-packages/airflow/example_dags/example_trigger_target_dag.py
[2023-08-14T14:24:39.767+0300] {processor.py:836} INFO - DAG(s) dict_keys(['example_trigger_target_dag']) retrieved from /home/soamariaka/.local/lib/python3.9/site-packages/airflow/example_dags/example_trigger_target_dag.py
[2023-08-14T14:24:39.793+0300] {logging_mixin.py:150} INFO - [2023-08-14T14:24:39.793+0300] {dag.py:2742} INFO - Sync 1 DAGs
[2023-08-14T14:24:39.832+0300] {logging_mixin.py:150} INFO - [2023-08-14T14:24:39.831+0300] {dag.py:3504} INFO - Setting next_dagrun for example_trigger_target_dag to None, run_after=None
[2023-08-14T14:24:39.975+0300] {processor.py:179} INFO - Processing /home/soamariaka/.local/lib/python3.9/site-packages/airflow/example_dags/example_trigger_target_dag.py took 0.228 seconds
[2023-08-14T14:25:42.009+0300] {processor.py:157} INFO - Started process (PID=16651) to work on /home/soamariaka/.local/lib/python3.9/site-packages/airflow/example_dags/example_trigger_target_dag.py
[2023-08-14T14:25:42.036+0300] {processor.py:826} INFO - Processing file /home/soamariaka/.local/lib/python3.9/site-packages/airflow/example_dags/example_trigger_target_dag.py for tasks to queue
[2023-08-14T14:25:42.037+0300] {logging_mixin.py:150} INFO - [2023-08-14T14:25:42.037+0300] {dagbag.py:541} INFO - Filling up the DagBag from /home/soamariaka/.local/lib/python3.9/site-packages/airflow/example_dags/example_trigger_target_dag.py
[2023-08-14T14:25:42.048+0300] {processor.py:836} INFO - DAG(s) dict_keys(['example_trigger_target_dag']) retrieved from /home/soamariaka/.local/lib/python3.9/site-packages/airflow/example_dags/example_trigger_target_dag.py
[2023-08-14T14:25:42.077+0300] {logging_mixin.py:150} INFO - [2023-08-14T14:25:42.077+0300] {dag.py:2742} INFO - Sync 1 DAGs
[2023-08-14T14:25:42.109+0300] {logging_mixin.py:150} INFO - [2023-08-14T14:25:42.109+0300] {dag.py:3504} INFO - Setting next_dagrun for example_trigger_target_dag to None, run_after=None
[2023-08-14T14:25:42.235+0300] {processor.py:179} INFO - Processing /home/soamariaka/.local/lib/python3.9/site-packages/airflow/example_dags/example_trigger_target_dag.py took 0.231 seconds
[2023-08-14T14:26:39.985+0300] {processor.py:157} INFO - Started process (PID=16737) to work on /home/soamariaka/.local/lib/python3.9/site-packages/airflow/example_dags/example_trigger_target_dag.py
[2023-08-14T14:26:39.987+0300] {processor.py:826} INFO - Processing file /home/soamariaka/.local/lib/python3.9/site-packages/airflow/example_dags/example_trigger_target_dag.py for tasks to queue
[2023-08-14T14:26:39.989+0300] {logging_mixin.py:150} INFO - [2023-08-14T14:26:39.988+0300] {dagbag.py:541} INFO - Filling up the DagBag from /home/soamariaka/.local/lib/python3.9/site-packages/airflow/example_dags/example_trigger_target_dag.py
[2023-08-14T14:26:39.999+0300] {processor.py:836} INFO - DAG(s) dict_keys(['example_trigger_target_dag']) retrieved from /home/soamariaka/.local/lib/python3.9/site-packages/airflow/example_dags/example_trigger_target_dag.py
[2023-08-14T14:26:40.026+0300] {logging_mixin.py:150} INFO - [2023-08-14T14:26:40.026+0300] {dag.py:2742} INFO - Sync 1 DAGs
[2023-08-14T14:26:40.058+0300] {logging_mixin.py:150} INFO - [2023-08-14T14:26:40.057+0300] {dag.py:3504} INFO - Setting next_dagrun for example_trigger_target_dag to None, run_after=None
[2023-08-14T14:26:40.178+0300] {processor.py:179} INFO - Processing /home/soamariaka/.local/lib/python3.9/site-packages/airflow/example_dags/example_trigger_target_dag.py took 0.198 seconds
[2023-08-14T14:27:40.904+0300] {processor.py:157} INFO - Started process (PID=16863) to work on /home/soamariaka/.local/lib/python3.9/site-packages/airflow/example_dags/example_trigger_target_dag.py
[2023-08-14T14:27:40.907+0300] {processor.py:826} INFO - Processing file /home/soamariaka/.local/lib/python3.9/site-packages/airflow/example_dags/example_trigger_target_dag.py for tasks to queue
[2023-08-14T14:27:40.908+0300] {logging_mixin.py:150} INFO - [2023-08-14T14:27:40.908+0300] {dagbag.py:541} INFO - Filling up the DagBag from /home/soamariaka/.local/lib/python3.9/site-packages/airflow/example_dags/example_trigger_target_dag.py
[2023-08-14T14:27:40.919+0300] {processor.py:836} INFO - DAG(s) dict_keys(['example_trigger_target_dag']) retrieved from /home/soamariaka/.local/lib/python3.9/site-packages/airflow/example_dags/example_trigger_target_dag.py
[2023-08-14T14:27:40.946+0300] {logging_mixin.py:150} INFO - [2023-08-14T14:27:40.945+0300] {dag.py:2742} INFO - Sync 1 DAGs
[2023-08-14T14:27:40.977+0300] {logging_mixin.py:150} INFO - [2023-08-14T14:27:40.976+0300] {dag.py:3504} INFO - Setting next_dagrun for example_trigger_target_dag to None, run_after=None
[2023-08-14T14:27:41.126+0300] {processor.py:179} INFO - Processing /home/soamariaka/.local/lib/python3.9/site-packages/airflow/example_dags/example_trigger_target_dag.py took 0.227 seconds
[2023-08-14T14:28:45.440+0300] {processor.py:157} INFO - Started process (PID=16986) to work on /home/soamariaka/.local/lib/python3.9/site-packages/airflow/example_dags/example_trigger_target_dag.py
[2023-08-14T14:28:45.442+0300] {processor.py:826} INFO - Processing file /home/soamariaka/.local/lib/python3.9/site-packages/airflow/example_dags/example_trigger_target_dag.py for tasks to queue
[2023-08-14T14:28:45.444+0300] {logging_mixin.py:150} INFO - [2023-08-14T14:28:45.443+0300] {dagbag.py:541} INFO - Filling up the DagBag from /home/soamariaka/.local/lib/python3.9/site-packages/airflow/example_dags/example_trigger_target_dag.py
[2023-08-14T14:28:45.454+0300] {processor.py:836} INFO - DAG(s) dict_keys(['example_trigger_target_dag']) retrieved from /home/soamariaka/.local/lib/python3.9/site-packages/airflow/example_dags/example_trigger_target_dag.py
[2023-08-14T14:28:45.481+0300] {logging_mixin.py:150} INFO - [2023-08-14T14:28:45.481+0300] {dag.py:2742} INFO - Sync 1 DAGs
[2023-08-14T14:28:45.512+0300] {logging_mixin.py:150} INFO - [2023-08-14T14:28:45.512+0300] {dag.py:3504} INFO - Setting next_dagrun for example_trigger_target_dag to None, run_after=None
[2023-08-14T14:28:45.659+0300] {processor.py:179} INFO - Processing /home/soamariaka/.local/lib/python3.9/site-packages/airflow/example_dags/example_trigger_target_dag.py took 0.224 seconds
[2023-08-14T14:29:43.921+0300] {processor.py:157} INFO - Started process (PID=17135) to work on /home/soamariaka/.local/lib/python3.9/site-packages/airflow/example_dags/example_trigger_target_dag.py
[2023-08-14T14:29:43.953+0300] {processor.py:826} INFO - Processing file /home/soamariaka/.local/lib/python3.9/site-packages/airflow/example_dags/example_trigger_target_dag.py for tasks to queue
[2023-08-14T14:29:43.955+0300] {logging_mixin.py:150} INFO - [2023-08-14T14:29:43.954+0300] {dagbag.py:541} INFO - Filling up the DagBag from /home/soamariaka/.local/lib/python3.9/site-packages/airflow/example_dags/example_trigger_target_dag.py
[2023-08-14T14:29:43.965+0300] {processor.py:836} INFO - DAG(s) dict_keys(['example_trigger_target_dag']) retrieved from /home/soamariaka/.local/lib/python3.9/site-packages/airflow/example_dags/example_trigger_target_dag.py
[2023-08-14T14:29:43.996+0300] {logging_mixin.py:150} INFO - [2023-08-14T14:29:43.995+0300] {dag.py:2742} INFO - Sync 1 DAGs
[2023-08-14T14:29:44.029+0300] {logging_mixin.py:150} INFO - [2023-08-14T14:29:44.029+0300] {dag.py:3504} INFO - Setting next_dagrun for example_trigger_target_dag to None, run_after=None
[2023-08-14T14:29:44.172+0300] {processor.py:179} INFO - Processing /home/soamariaka/.local/lib/python3.9/site-packages/airflow/example_dags/example_trigger_target_dag.py took 0.257 seconds
[2023-08-14T14:30:36.627+0300] {processor.py:157} INFO - Started process (PID=17240) to work on /home/soamariaka/.local/lib/python3.9/site-packages/airflow/example_dags/example_trigger_target_dag.py
[2023-08-14T14:30:36.649+0300] {processor.py:826} INFO - Processing file /home/soamariaka/.local/lib/python3.9/site-packages/airflow/example_dags/example_trigger_target_dag.py for tasks to queue
[2023-08-14T14:30:36.651+0300] {logging_mixin.py:150} INFO - [2023-08-14T14:30:36.650+0300] {dagbag.py:541} INFO - Filling up the DagBag from /home/soamariaka/.local/lib/python3.9/site-packages/airflow/example_dags/example_trigger_target_dag.py
[2023-08-14T14:30:36.661+0300] {processor.py:836} INFO - DAG(s) dict_keys(['example_trigger_target_dag']) retrieved from /home/soamariaka/.local/lib/python3.9/site-packages/airflow/example_dags/example_trigger_target_dag.py
[2023-08-14T14:30:36.692+0300] {logging_mixin.py:150} INFO - [2023-08-14T14:30:36.691+0300] {dag.py:2742} INFO - Sync 1 DAGs
[2023-08-14T14:30:36.726+0300] {logging_mixin.py:150} INFO - [2023-08-14T14:30:36.725+0300] {dag.py:3504} INFO - Setting next_dagrun for example_trigger_target_dag to None, run_after=None
[2023-08-14T14:30:36.869+0300] {processor.py:179} INFO - Processing /home/soamariaka/.local/lib/python3.9/site-packages/airflow/example_dags/example_trigger_target_dag.py took 0.246 seconds
[2023-08-14T14:31:36.909+0300] {processor.py:157} INFO - Started process (PID=17326) to work on /home/soamariaka/.local/lib/python3.9/site-packages/airflow/example_dags/example_trigger_target_dag.py
[2023-08-14T14:31:36.948+0300] {processor.py:826} INFO - Processing file /home/soamariaka/.local/lib/python3.9/site-packages/airflow/example_dags/example_trigger_target_dag.py for tasks to queue
[2023-08-14T14:31:36.949+0300] {logging_mixin.py:150} INFO - [2023-08-14T14:31:36.949+0300] {dagbag.py:541} INFO - Filling up the DagBag from /home/soamariaka/.local/lib/python3.9/site-packages/airflow/example_dags/example_trigger_target_dag.py
[2023-08-14T14:31:36.960+0300] {processor.py:836} INFO - DAG(s) dict_keys(['example_trigger_target_dag']) retrieved from /home/soamariaka/.local/lib/python3.9/site-packages/airflow/example_dags/example_trigger_target_dag.py
[2023-08-14T14:31:36.990+0300] {logging_mixin.py:150} INFO - [2023-08-14T14:31:36.989+0300] {dag.py:2742} INFO - Sync 1 DAGs
[2023-08-14T14:31:37.023+0300] {logging_mixin.py:150} INFO - [2023-08-14T14:31:37.023+0300] {dag.py:3504} INFO - Setting next_dagrun for example_trigger_target_dag to None, run_after=None
[2023-08-14T14:31:37.143+0300] {processor.py:179} INFO - Processing /home/soamariaka/.local/lib/python3.9/site-packages/airflow/example_dags/example_trigger_target_dag.py took 0.239 seconds
[2023-08-14T14:32:36.084+0300] {processor.py:157} INFO - Started process (PID=17446) to work on /home/soamariaka/.local/lib/python3.9/site-packages/airflow/example_dags/example_trigger_target_dag.py
[2023-08-14T14:32:36.087+0300] {processor.py:826} INFO - Processing file /home/soamariaka/.local/lib/python3.9/site-packages/airflow/example_dags/example_trigger_target_dag.py for tasks to queue
[2023-08-14T14:32:36.089+0300] {logging_mixin.py:150} INFO - [2023-08-14T14:32:36.089+0300] {dagbag.py:541} INFO - Filling up the DagBag from /home/soamariaka/.local/lib/python3.9/site-packages/airflow/example_dags/example_trigger_target_dag.py
[2023-08-14T14:32:36.100+0300] {processor.py:836} INFO - DAG(s) dict_keys(['example_trigger_target_dag']) retrieved from /home/soamariaka/.local/lib/python3.9/site-packages/airflow/example_dags/example_trigger_target_dag.py
[2023-08-14T14:32:36.127+0300] {logging_mixin.py:150} INFO - [2023-08-14T14:32:36.127+0300] {dag.py:2742} INFO - Sync 1 DAGs
[2023-08-14T14:32:36.158+0300] {logging_mixin.py:150} INFO - [2023-08-14T14:32:36.157+0300] {dag.py:3504} INFO - Setting next_dagrun for example_trigger_target_dag to None, run_after=None
[2023-08-14T14:32:36.294+0300] {processor.py:179} INFO - Processing /home/soamariaka/.local/lib/python3.9/site-packages/airflow/example_dags/example_trigger_target_dag.py took 0.215 seconds
[2023-08-14T14:33:34.868+0300] {processor.py:157} INFO - Started process (PID=17564) to work on /home/soamariaka/.local/lib/python3.9/site-packages/airflow/example_dags/example_trigger_target_dag.py
[2023-08-14T14:33:34.880+0300] {processor.py:826} INFO - Processing file /home/soamariaka/.local/lib/python3.9/site-packages/airflow/example_dags/example_trigger_target_dag.py for tasks to queue
[2023-08-14T14:33:34.881+0300] {logging_mixin.py:150} INFO - [2023-08-14T14:33:34.881+0300] {dagbag.py:541} INFO - Filling up the DagBag from /home/soamariaka/.local/lib/python3.9/site-packages/airflow/example_dags/example_trigger_target_dag.py
[2023-08-14T14:33:34.890+0300] {processor.py:836} INFO - DAG(s) dict_keys(['example_trigger_target_dag']) retrieved from /home/soamariaka/.local/lib/python3.9/site-packages/airflow/example_dags/example_trigger_target_dag.py
[2023-08-14T14:33:34.913+0300] {logging_mixin.py:150} INFO - [2023-08-14T14:33:34.913+0300] {dag.py:2742} INFO - Sync 1 DAGs
[2023-08-14T14:33:34.944+0300] {logging_mixin.py:150} INFO - [2023-08-14T14:33:34.944+0300] {dag.py:3504} INFO - Setting next_dagrun for example_trigger_target_dag to None, run_after=None
[2023-08-14T14:33:35.082+0300] {processor.py:179} INFO - Processing /home/soamariaka/.local/lib/python3.9/site-packages/airflow/example_dags/example_trigger_target_dag.py took 0.218 seconds
[2023-08-14T14:34:34.354+0300] {processor.py:157} INFO - Started process (PID=17618) to work on /home/soamariaka/.local/lib/python3.9/site-packages/airflow/example_dags/example_trigger_target_dag.py
[2023-08-14T14:34:34.357+0300] {processor.py:826} INFO - Processing file /home/soamariaka/.local/lib/python3.9/site-packages/airflow/example_dags/example_trigger_target_dag.py for tasks to queue
[2023-08-14T14:34:34.358+0300] {logging_mixin.py:150} INFO - [2023-08-14T14:34:34.358+0300] {dagbag.py:541} INFO - Filling up the DagBag from /home/soamariaka/.local/lib/python3.9/site-packages/airflow/example_dags/example_trigger_target_dag.py
[2023-08-14T14:34:34.367+0300] {processor.py:836} INFO - DAG(s) dict_keys(['example_trigger_target_dag']) retrieved from /home/soamariaka/.local/lib/python3.9/site-packages/airflow/example_dags/example_trigger_target_dag.py
[2023-08-14T14:34:34.390+0300] {logging_mixin.py:150} INFO - [2023-08-14T14:34:34.390+0300] {dag.py:2742} INFO - Sync 1 DAGs
[2023-08-14T14:34:34.421+0300] {logging_mixin.py:150} INFO - [2023-08-14T14:34:34.420+0300] {dag.py:3504} INFO - Setting next_dagrun for example_trigger_target_dag to None, run_after=None
[2023-08-14T14:34:34.524+0300] {processor.py:179} INFO - Processing /home/soamariaka/.local/lib/python3.9/site-packages/airflow/example_dags/example_trigger_target_dag.py took 0.174 seconds
[2023-08-14T14:35:22.680+0300] {processor.py:157} INFO - Started process (PID=17838) to work on /home/soamariaka/.local/lib/python3.9/site-packages/airflow/example_dags/example_trigger_target_dag.py
[2023-08-14T14:35:22.712+0300] {processor.py:826} INFO - Processing file /home/soamariaka/.local/lib/python3.9/site-packages/airflow/example_dags/example_trigger_target_dag.py for tasks to queue
[2023-08-14T14:35:22.715+0300] {logging_mixin.py:150} INFO - [2023-08-14T14:35:22.714+0300] {dagbag.py:541} INFO - Filling up the DagBag from /home/soamariaka/.local/lib/python3.9/site-packages/airflow/example_dags/example_trigger_target_dag.py
[2023-08-14T14:35:22.726+0300] {processor.py:836} INFO - DAG(s) dict_keys(['example_trigger_target_dag']) retrieved from /home/soamariaka/.local/lib/python3.9/site-packages/airflow/example_dags/example_trigger_target_dag.py
[2023-08-14T14:35:22.754+0300] {logging_mixin.py:150} INFO - [2023-08-14T14:35:22.754+0300] {dag.py:2742} INFO - Sync 1 DAGs
[2023-08-14T14:35:22.785+0300] {logging_mixin.py:150} INFO - [2023-08-14T14:35:22.785+0300] {dag.py:3504} INFO - Setting next_dagrun for example_trigger_target_dag to None, run_after=None
[2023-08-14T14:35:22.925+0300] {processor.py:179} INFO - Processing /home/soamariaka/.local/lib/python3.9/site-packages/airflow/example_dags/example_trigger_target_dag.py took 0.250 seconds
[2023-08-14T14:36:06.662+0300] {processor.py:157} INFO - Started process (PID=17944) to work on /home/soamariaka/.local/lib/python3.9/site-packages/airflow/example_dags/example_trigger_target_dag.py
[2023-08-14T14:36:06.681+0300] {processor.py:826} INFO - Processing file /home/soamariaka/.local/lib/python3.9/site-packages/airflow/example_dags/example_trigger_target_dag.py for tasks to queue
[2023-08-14T14:36:06.683+0300] {logging_mixin.py:150} INFO - [2023-08-14T14:36:06.682+0300] {dagbag.py:541} INFO - Filling up the DagBag from /home/soamariaka/.local/lib/python3.9/site-packages/airflow/example_dags/example_trigger_target_dag.py
[2023-08-14T14:36:06.693+0300] {processor.py:836} INFO - DAG(s) dict_keys(['example_trigger_target_dag']) retrieved from /home/soamariaka/.local/lib/python3.9/site-packages/airflow/example_dags/example_trigger_target_dag.py
[2023-08-14T14:36:06.723+0300] {logging_mixin.py:150} INFO - [2023-08-14T14:36:06.722+0300] {dag.py:2742} INFO - Sync 1 DAGs
[2023-08-14T14:36:06.757+0300] {logging_mixin.py:150} INFO - [2023-08-14T14:36:06.757+0300] {dag.py:3504} INFO - Setting next_dagrun for example_trigger_target_dag to None, run_after=None
[2023-08-14T14:36:07.065+0300] {processor.py:179} INFO - Processing /home/soamariaka/.local/lib/python3.9/site-packages/airflow/example_dags/example_trigger_target_dag.py took 0.408 seconds
[2023-08-14T14:37:07.863+0300] {processor.py:157} INFO - Started process (PID=18044) to work on /home/soamariaka/.local/lib/python3.9/site-packages/airflow/example_dags/example_trigger_target_dag.py
[2023-08-14T14:37:07.864+0300] {processor.py:826} INFO - Processing file /home/soamariaka/.local/lib/python3.9/site-packages/airflow/example_dags/example_trigger_target_dag.py for tasks to queue
[2023-08-14T14:37:07.866+0300] {logging_mixin.py:150} INFO - [2023-08-14T14:37:07.865+0300] {dagbag.py:541} INFO - Filling up the DagBag from /home/soamariaka/.local/lib/python3.9/site-packages/airflow/example_dags/example_trigger_target_dag.py
[2023-08-14T14:37:07.876+0300] {processor.py:836} INFO - DAG(s) dict_keys(['example_trigger_target_dag']) retrieved from /home/soamariaka/.local/lib/python3.9/site-packages/airflow/example_dags/example_trigger_target_dag.py
[2023-08-14T14:37:07.903+0300] {logging_mixin.py:150} INFO - [2023-08-14T14:37:07.903+0300] {dag.py:2742} INFO - Sync 1 DAGs
[2023-08-14T14:37:07.934+0300] {logging_mixin.py:150} INFO - [2023-08-14T14:37:07.933+0300] {dag.py:3504} INFO - Setting next_dagrun for example_trigger_target_dag to None, run_after=None
[2023-08-14T14:37:08.234+0300] {processor.py:179} INFO - Processing /home/soamariaka/.local/lib/python3.9/site-packages/airflow/example_dags/example_trigger_target_dag.py took 0.377 seconds
[2023-08-14T14:37:46.839+0300] {processor.py:157} INFO - Started process (PID=18136) to work on /home/soamariaka/.local/lib/python3.9/site-packages/airflow/example_dags/example_trigger_target_dag.py
[2023-08-14T14:37:46.842+0300] {processor.py:826} INFO - Processing file /home/soamariaka/.local/lib/python3.9/site-packages/airflow/example_dags/example_trigger_target_dag.py for tasks to queue
[2023-08-14T14:37:46.844+0300] {logging_mixin.py:150} INFO - [2023-08-14T14:37:46.843+0300] {dagbag.py:541} INFO - Filling up the DagBag from /home/soamariaka/.local/lib/python3.9/site-packages/airflow/example_dags/example_trigger_target_dag.py
[2023-08-14T14:37:46.855+0300] {processor.py:836} INFO - DAG(s) dict_keys(['example_trigger_target_dag']) retrieved from /home/soamariaka/.local/lib/python3.9/site-packages/airflow/example_dags/example_trigger_target_dag.py
[2023-08-14T14:37:46.881+0300] {logging_mixin.py:150} INFO - [2023-08-14T14:37:46.881+0300] {dag.py:2742} INFO - Sync 1 DAGs
[2023-08-14T14:37:46.913+0300] {logging_mixin.py:150} INFO - [2023-08-14T14:37:46.912+0300] {dag.py:3504} INFO - Setting next_dagrun for example_trigger_target_dag to None, run_after=None
[2023-08-14T14:37:47.249+0300] {processor.py:179} INFO - Processing /home/soamariaka/.local/lib/python3.9/site-packages/airflow/example_dags/example_trigger_target_dag.py took 0.417 seconds
[2023-08-14T14:38:48.363+0300] {processor.py:157} INFO - Started process (PID=18258) to work on /home/soamariaka/.local/lib/python3.9/site-packages/airflow/example_dags/example_trigger_target_dag.py
[2023-08-14T14:38:48.388+0300] {processor.py:826} INFO - Processing file /home/soamariaka/.local/lib/python3.9/site-packages/airflow/example_dags/example_trigger_target_dag.py for tasks to queue
[2023-08-14T14:38:48.390+0300] {logging_mixin.py:150} INFO - [2023-08-14T14:38:48.389+0300] {dagbag.py:541} INFO - Filling up the DagBag from /home/soamariaka/.local/lib/python3.9/site-packages/airflow/example_dags/example_trigger_target_dag.py
[2023-08-14T14:38:48.401+0300] {processor.py:836} INFO - DAG(s) dict_keys(['example_trigger_target_dag']) retrieved from /home/soamariaka/.local/lib/python3.9/site-packages/airflow/example_dags/example_trigger_target_dag.py
[2023-08-14T14:38:48.431+0300] {logging_mixin.py:150} INFO - [2023-08-14T14:38:48.430+0300] {dag.py:2742} INFO - Sync 1 DAGs
[2023-08-14T14:38:48.464+0300] {logging_mixin.py:150} INFO - [2023-08-14T14:38:48.464+0300] {dag.py:3504} INFO - Setting next_dagrun for example_trigger_target_dag to None, run_after=None
[2023-08-14T14:38:48.856+0300] {processor.py:179} INFO - Processing /home/soamariaka/.local/lib/python3.9/site-packages/airflow/example_dags/example_trigger_target_dag.py took 0.499 seconds
[2023-08-14T14:39:49.681+0300] {processor.py:157} INFO - Started process (PID=18440) to work on /home/soamariaka/.local/lib/python3.9/site-packages/airflow/example_dags/example_trigger_target_dag.py
[2023-08-14T14:39:49.683+0300] {processor.py:826} INFO - Processing file /home/soamariaka/.local/lib/python3.9/site-packages/airflow/example_dags/example_trigger_target_dag.py for tasks to queue
[2023-08-14T14:39:49.685+0300] {logging_mixin.py:150} INFO - [2023-08-14T14:39:49.684+0300] {dagbag.py:541} INFO - Filling up the DagBag from /home/soamariaka/.local/lib/python3.9/site-packages/airflow/example_dags/example_trigger_target_dag.py
[2023-08-14T14:39:49.696+0300] {processor.py:836} INFO - DAG(s) dict_keys(['example_trigger_target_dag']) retrieved from /home/soamariaka/.local/lib/python3.9/site-packages/airflow/example_dags/example_trigger_target_dag.py
[2023-08-14T14:39:49.722+0300] {logging_mixin.py:150} INFO - [2023-08-14T14:39:49.722+0300] {dag.py:2742} INFO - Sync 1 DAGs
[2023-08-14T14:39:49.757+0300] {logging_mixin.py:150} INFO - [2023-08-14T14:39:49.757+0300] {dag.py:3504} INFO - Setting next_dagrun for example_trigger_target_dag to None, run_after=None
[2023-08-14T14:39:49.909+0300] {processor.py:179} INFO - Processing /home/soamariaka/.local/lib/python3.9/site-packages/airflow/example_dags/example_trigger_target_dag.py took 0.234 seconds
[2023-08-14T14:40:38.274+0300] {processor.py:157} INFO - Started process (PID=18599) to work on /home/soamariaka/.local/lib/python3.9/site-packages/airflow/example_dags/example_trigger_target_dag.py
[2023-08-14T14:40:38.276+0300] {processor.py:826} INFO - Processing file /home/soamariaka/.local/lib/python3.9/site-packages/airflow/example_dags/example_trigger_target_dag.py for tasks to queue
[2023-08-14T14:40:38.277+0300] {logging_mixin.py:150} INFO - [2023-08-14T14:40:38.276+0300] {dagbag.py:541} INFO - Filling up the DagBag from /home/soamariaka/.local/lib/python3.9/site-packages/airflow/example_dags/example_trigger_target_dag.py
[2023-08-14T14:40:38.287+0300] {processor.py:836} INFO - DAG(s) dict_keys(['example_trigger_target_dag']) retrieved from /home/soamariaka/.local/lib/python3.9/site-packages/airflow/example_dags/example_trigger_target_dag.py
[2023-08-14T14:40:38.313+0300] {logging_mixin.py:150} INFO - [2023-08-14T14:40:38.312+0300] {dag.py:2742} INFO - Sync 1 DAGs
[2023-08-14T14:40:38.343+0300] {logging_mixin.py:150} INFO - [2023-08-14T14:40:38.343+0300] {dag.py:3504} INFO - Setting next_dagrun for example_trigger_target_dag to None, run_after=None
[2023-08-14T14:40:38.472+0300] {processor.py:179} INFO - Processing /home/soamariaka/.local/lib/python3.9/site-packages/airflow/example_dags/example_trigger_target_dag.py took 0.202 seconds
[2023-08-14T14:41:55.733+0300] {processor.py:157} INFO - Started process (PID=18816) to work on /home/soamariaka/.local/lib/python3.9/site-packages/airflow/example_dags/example_trigger_target_dag.py
[2023-08-14T14:41:57.450+0300] {processor.py:826} INFO - Processing file /home/soamariaka/.local/lib/python3.9/site-packages/airflow/example_dags/example_trigger_target_dag.py for tasks to queue
[2023-08-14T14:41:57.452+0300] {logging_mixin.py:150} INFO - [2023-08-14T14:41:57.452+0300] {dagbag.py:541} INFO - Filling up the DagBag from /home/soamariaka/.local/lib/python3.9/site-packages/airflow/example_dags/example_trigger_target_dag.py
[2023-08-14T14:41:57.467+0300] {processor.py:836} INFO - DAG(s) dict_keys(['example_trigger_target_dag']) retrieved from /home/soamariaka/.local/lib/python3.9/site-packages/airflow/example_dags/example_trigger_target_dag.py
[2023-08-14T14:41:57.508+0300] {logging_mixin.py:150} INFO - [2023-08-14T14:41:57.507+0300] {dag.py:2742} INFO - Sync 1 DAGs
[2023-08-14T14:41:57.550+0300] {logging_mixin.py:150} INFO - [2023-08-14T14:41:57.550+0300] {dag.py:3504} INFO - Setting next_dagrun for example_trigger_target_dag to None, run_after=None
