[2023-08-14T13:33:18.028+0300] {processor.py:157} INFO - Started process (PID=10777) to work on /home/soamariaka/.local/lib/python3.9/site-packages/airflow/example_dags/example_sla_dag.py
[2023-08-14T13:33:18.037+0300] {processor.py:826} INFO - Processing file /home/soamariaka/.local/lib/python3.9/site-packages/airflow/example_dags/example_sla_dag.py for tasks to queue
[2023-08-14T13:33:18.039+0300] {logging_mixin.py:150} INFO - [2023-08-14T13:33:18.038+0300] {dagbag.py:541} INFO - Filling up the DagBag from /home/soamariaka/.local/lib/python3.9/site-packages/airflow/example_dags/example_sla_dag.py
[2023-08-14T13:33:18.055+0300] {processor.py:836} INFO - DAG(s) dict_keys(['example_sla_dag']) retrieved from /home/soamariaka/.local/lib/python3.9/site-packages/airflow/example_dags/example_sla_dag.py
[2023-08-14T13:33:18.084+0300] {logging_mixin.py:150} INFO - [2023-08-14T13:33:18.084+0300] {dag.py:2742} INFO - Sync 1 DAGs
[2023-08-14T13:33:18.123+0300] {logging_mixin.py:150} INFO - [2023-08-14T13:33:18.122+0300] {dag.py:3504} INFO - Setting next_dagrun for example_sla_dag to 2023-08-14T10:30:00+00:00, run_after=2023-08-14T10:32:00+00:00
[2023-08-14T13:33:18.295+0300] {processor.py:179} INFO - Processing /home/soamariaka/.local/lib/python3.9/site-packages/airflow/example_dags/example_sla_dag.py took 0.272 seconds
[2023-08-14T13:34:49.544+0300] {processor.py:157} INFO - Started process (PID=10948) to work on /home/soamariaka/.local/lib/python3.9/site-packages/airflow/example_dags/example_sla_dag.py
[2023-08-14T13:34:49.576+0300] {processor.py:826} INFO - Processing file /home/soamariaka/.local/lib/python3.9/site-packages/airflow/example_dags/example_sla_dag.py for tasks to queue
[2023-08-14T13:34:49.578+0300] {logging_mixin.py:150} INFO - [2023-08-14T13:34:49.577+0300] {dagbag.py:541} INFO - Filling up the DagBag from /home/soamariaka/.local/lib/python3.9/site-packages/airflow/example_dags/example_sla_dag.py
[2023-08-14T13:34:49.595+0300] {processor.py:836} INFO - DAG(s) dict_keys(['example_sla_dag']) retrieved from /home/soamariaka/.local/lib/python3.9/site-packages/airflow/example_dags/example_sla_dag.py
[2023-08-14T13:34:49.624+0300] {logging_mixin.py:150} INFO - [2023-08-14T13:34:49.624+0300] {dag.py:2742} INFO - Sync 1 DAGs
[2023-08-14T13:34:49.665+0300] {logging_mixin.py:150} INFO - [2023-08-14T13:34:49.664+0300] {dag.py:3504} INFO - Setting next_dagrun for example_sla_dag to 2023-08-14T10:32:00+00:00, run_after=2023-08-14T10:34:00+00:00
[2023-08-14T13:34:49.986+0300] {processor.py:179} INFO - Processing /home/soamariaka/.local/lib/python3.9/site-packages/airflow/example_dags/example_sla_dag.py took 0.448 seconds
[2023-08-14T13:35:52.066+0300] {processor.py:157} INFO - Started process (PID=11062) to work on /home/soamariaka/.local/lib/python3.9/site-packages/airflow/example_dags/example_sla_dag.py
[2023-08-14T13:35:52.098+0300] {processor.py:826} INFO - Processing file /home/soamariaka/.local/lib/python3.9/site-packages/airflow/example_dags/example_sla_dag.py for tasks to queue
[2023-08-14T13:35:52.099+0300] {logging_mixin.py:150} INFO - [2023-08-14T13:35:52.099+0300] {dagbag.py:541} INFO - Filling up the DagBag from /home/soamariaka/.local/lib/python3.9/site-packages/airflow/example_dags/example_sla_dag.py
[2023-08-14T13:35:52.117+0300] {processor.py:836} INFO - DAG(s) dict_keys(['example_sla_dag']) retrieved from /home/soamariaka/.local/lib/python3.9/site-packages/airflow/example_dags/example_sla_dag.py
[2023-08-14T13:35:52.151+0300] {logging_mixin.py:150} INFO - [2023-08-14T13:35:52.151+0300] {dag.py:2742} INFO - Sync 1 DAGs
[2023-08-14T13:35:52.189+0300] {logging_mixin.py:150} INFO - [2023-08-14T13:35:52.188+0300] {dag.py:3504} INFO - Setting next_dagrun for example_sla_dag to 2023-08-14T10:32:00+00:00, run_after=2023-08-14T10:34:00+00:00
[2023-08-14T13:35:52.336+0300] {processor.py:179} INFO - Processing /home/soamariaka/.local/lib/python3.9/site-packages/airflow/example_dags/example_sla_dag.py took 0.276 seconds
[2023-08-14T13:36:52.747+0300] {processor.py:157} INFO - Started process (PID=11129) to work on /home/soamariaka/.local/lib/python3.9/site-packages/airflow/example_dags/example_sla_dag.py
[2023-08-14T13:36:52.774+0300] {processor.py:826} INFO - Processing file /home/soamariaka/.local/lib/python3.9/site-packages/airflow/example_dags/example_sla_dag.py for tasks to queue
[2023-08-14T13:36:52.776+0300] {logging_mixin.py:150} INFO - [2023-08-14T13:36:52.775+0300] {dagbag.py:541} INFO - Filling up the DagBag from /home/soamariaka/.local/lib/python3.9/site-packages/airflow/example_dags/example_sla_dag.py
[2023-08-14T13:36:52.792+0300] {processor.py:836} INFO - DAG(s) dict_keys(['example_sla_dag']) retrieved from /home/soamariaka/.local/lib/python3.9/site-packages/airflow/example_dags/example_sla_dag.py
[2023-08-14T13:36:52.822+0300] {logging_mixin.py:150} INFO - [2023-08-14T13:36:52.822+0300] {dag.py:2742} INFO - Sync 1 DAGs
[2023-08-14T13:36:52.868+0300] {logging_mixin.py:150} INFO - [2023-08-14T13:36:52.868+0300] {dag.py:3504} INFO - Setting next_dagrun for example_sla_dag to 2023-08-14T10:34:00+00:00, run_after=2023-08-14T10:36:00+00:00
[2023-08-14T13:36:52.990+0300] {processor.py:179} INFO - Processing /home/soamariaka/.local/lib/python3.9/site-packages/airflow/example_dags/example_sla_dag.py took 0.248 seconds
[2023-08-14T13:37:54.833+0300] {processor.py:157} INFO - Started process (PID=11248) to work on /home/soamariaka/.local/lib/python3.9/site-packages/airflow/example_dags/example_sla_dag.py
[2023-08-14T13:37:54.835+0300] {processor.py:826} INFO - Processing file /home/soamariaka/.local/lib/python3.9/site-packages/airflow/example_dags/example_sla_dag.py for tasks to queue
[2023-08-14T13:37:54.837+0300] {logging_mixin.py:150} INFO - [2023-08-14T13:37:54.836+0300] {dagbag.py:541} INFO - Filling up the DagBag from /home/soamariaka/.local/lib/python3.9/site-packages/airflow/example_dags/example_sla_dag.py
[2023-08-14T13:37:54.853+0300] {processor.py:836} INFO - DAG(s) dict_keys(['example_sla_dag']) retrieved from /home/soamariaka/.local/lib/python3.9/site-packages/airflow/example_dags/example_sla_dag.py
[2023-08-14T13:37:54.883+0300] {logging_mixin.py:150} INFO - [2023-08-14T13:37:54.883+0300] {dag.py:2742} INFO - Sync 1 DAGs
[2023-08-14T13:37:54.921+0300] {logging_mixin.py:150} INFO - [2023-08-14T13:37:54.920+0300] {dag.py:3504} INFO - Setting next_dagrun for example_sla_dag to 2023-08-14T10:34:00+00:00, run_after=2023-08-14T10:36:00+00:00
[2023-08-14T13:37:55.056+0300] {processor.py:179} INFO - Processing /home/soamariaka/.local/lib/python3.9/site-packages/airflow/example_dags/example_sla_dag.py took 0.228 seconds
[2023-08-14T13:38:57.065+0300] {processor.py:157} INFO - Started process (PID=11374) to work on /home/soamariaka/.local/lib/python3.9/site-packages/airflow/example_dags/example_sla_dag.py
[2023-08-14T13:38:57.068+0300] {processor.py:826} INFO - Processing file /home/soamariaka/.local/lib/python3.9/site-packages/airflow/example_dags/example_sla_dag.py for tasks to queue
[2023-08-14T13:38:57.069+0300] {logging_mixin.py:150} INFO - [2023-08-14T13:38:57.069+0300] {dagbag.py:541} INFO - Filling up the DagBag from /home/soamariaka/.local/lib/python3.9/site-packages/airflow/example_dags/example_sla_dag.py
[2023-08-14T13:38:57.085+0300] {processor.py:836} INFO - DAG(s) dict_keys(['example_sla_dag']) retrieved from /home/soamariaka/.local/lib/python3.9/site-packages/airflow/example_dags/example_sla_dag.py
[2023-08-14T13:38:57.111+0300] {logging_mixin.py:150} INFO - [2023-08-14T13:38:57.111+0300] {dag.py:2742} INFO - Sync 1 DAGs
[2023-08-14T13:38:57.150+0300] {logging_mixin.py:150} INFO - [2023-08-14T13:38:57.150+0300] {dag.py:3504} INFO - Setting next_dagrun for example_sla_dag to 2023-08-14T10:36:00+00:00, run_after=2023-08-14T10:38:00+00:00
[2023-08-14T13:38:57.293+0300] {processor.py:179} INFO - Processing /home/soamariaka/.local/lib/python3.9/site-packages/airflow/example_dags/example_sla_dag.py took 0.234 seconds
[2023-08-14T13:39:57.287+0300] {processor.py:157} INFO - Started process (PID=11474) to work on /home/soamariaka/.local/lib/python3.9/site-packages/airflow/example_dags/example_sla_dag.py
[2023-08-14T13:39:57.289+0300] {processor.py:826} INFO - Processing file /home/soamariaka/.local/lib/python3.9/site-packages/airflow/example_dags/example_sla_dag.py for tasks to queue
[2023-08-14T13:39:57.291+0300] {logging_mixin.py:150} INFO - [2023-08-14T13:39:57.290+0300] {dagbag.py:541} INFO - Filling up the DagBag from /home/soamariaka/.local/lib/python3.9/site-packages/airflow/example_dags/example_sla_dag.py
[2023-08-14T13:39:57.310+0300] {processor.py:836} INFO - DAG(s) dict_keys(['example_sla_dag']) retrieved from /home/soamariaka/.local/lib/python3.9/site-packages/airflow/example_dags/example_sla_dag.py
[2023-08-14T13:39:57.339+0300] {logging_mixin.py:150} INFO - [2023-08-14T13:39:57.339+0300] {dag.py:2742} INFO - Sync 1 DAGs
[2023-08-14T13:39:57.378+0300] {logging_mixin.py:150} INFO - [2023-08-14T13:39:57.378+0300] {dag.py:3504} INFO - Setting next_dagrun for example_sla_dag to 2023-08-14T10:36:00+00:00, run_after=2023-08-14T10:38:00+00:00
[2023-08-14T13:39:57.508+0300] {processor.py:179} INFO - Processing /home/soamariaka/.local/lib/python3.9/site-packages/airflow/example_dags/example_sla_dag.py took 0.228 seconds
[2023-08-14T13:40:53.460+0300] {processor.py:157} INFO - Started process (PID=11525) to work on /home/soamariaka/.local/lib/python3.9/site-packages/airflow/example_dags/example_sla_dag.py
[2023-08-14T13:40:53.490+0300] {processor.py:826} INFO - Processing file /home/soamariaka/.local/lib/python3.9/site-packages/airflow/example_dags/example_sla_dag.py for tasks to queue
[2023-08-14T13:40:53.491+0300] {logging_mixin.py:150} INFO - [2023-08-14T13:40:53.491+0300] {dagbag.py:541} INFO - Filling up the DagBag from /home/soamariaka/.local/lib/python3.9/site-packages/airflow/example_dags/example_sla_dag.py
[2023-08-14T13:40:53.508+0300] {processor.py:836} INFO - DAG(s) dict_keys(['example_sla_dag']) retrieved from /home/soamariaka/.local/lib/python3.9/site-packages/airflow/example_dags/example_sla_dag.py
[2023-08-14T13:40:53.537+0300] {logging_mixin.py:150} INFO - [2023-08-14T13:40:53.537+0300] {dag.py:2742} INFO - Sync 1 DAGs
[2023-08-14T13:40:53.576+0300] {logging_mixin.py:150} INFO - [2023-08-14T13:40:53.576+0300] {dag.py:3504} INFO - Setting next_dagrun for example_sla_dag to 2023-08-14T10:38:00+00:00, run_after=2023-08-14T10:40:00+00:00
[2023-08-14T13:40:53.706+0300] {processor.py:179} INFO - Processing /home/soamariaka/.local/lib/python3.9/site-packages/airflow/example_dags/example_sla_dag.py took 0.252 seconds
[2023-08-14T13:41:54.885+0300] {processor.py:157} INFO - Started process (PID=11609) to work on /home/soamariaka/.local/lib/python3.9/site-packages/airflow/example_dags/example_sla_dag.py
[2023-08-14T13:41:54.887+0300] {processor.py:826} INFO - Processing file /home/soamariaka/.local/lib/python3.9/site-packages/airflow/example_dags/example_sla_dag.py for tasks to queue
[2023-08-14T13:41:54.889+0300] {logging_mixin.py:150} INFO - [2023-08-14T13:41:54.888+0300] {dagbag.py:541} INFO - Filling up the DagBag from /home/soamariaka/.local/lib/python3.9/site-packages/airflow/example_dags/example_sla_dag.py
[2023-08-14T13:41:54.904+0300] {processor.py:836} INFO - DAG(s) dict_keys(['example_sla_dag']) retrieved from /home/soamariaka/.local/lib/python3.9/site-packages/airflow/example_dags/example_sla_dag.py
[2023-08-14T13:41:54.929+0300] {logging_mixin.py:150} INFO - [2023-08-14T13:41:54.929+0300] {dag.py:2742} INFO - Sync 1 DAGs
[2023-08-14T13:41:54.972+0300] {logging_mixin.py:150} INFO - [2023-08-14T13:41:54.972+0300] {dag.py:3504} INFO - Setting next_dagrun for example_sla_dag to 2023-08-14T10:38:00+00:00, run_after=2023-08-14T10:40:00+00:00
[2023-08-14T13:41:55.129+0300] {processor.py:179} INFO - Processing /home/soamariaka/.local/lib/python3.9/site-packages/airflow/example_dags/example_sla_dag.py took 0.250 seconds
[2023-08-14T13:42:49.777+0300] {processor.py:157} INFO - Started process (PID=11661) to work on /home/soamariaka/.local/lib/python3.9/site-packages/airflow/example_dags/example_sla_dag.py
[2023-08-14T13:42:49.779+0300] {processor.py:826} INFO - Processing file /home/soamariaka/.local/lib/python3.9/site-packages/airflow/example_dags/example_sla_dag.py for tasks to queue
[2023-08-14T13:42:49.781+0300] {logging_mixin.py:150} INFO - [2023-08-14T13:42:49.780+0300] {dagbag.py:541} INFO - Filling up the DagBag from /home/soamariaka/.local/lib/python3.9/site-packages/airflow/example_dags/example_sla_dag.py
[2023-08-14T13:42:49.797+0300] {processor.py:836} INFO - DAG(s) dict_keys(['example_sla_dag']) retrieved from /home/soamariaka/.local/lib/python3.9/site-packages/airflow/example_dags/example_sla_dag.py
[2023-08-14T13:42:49.822+0300] {logging_mixin.py:150} INFO - [2023-08-14T13:42:49.822+0300] {dag.py:2742} INFO - Sync 1 DAGs
[2023-08-14T13:42:49.861+0300] {logging_mixin.py:150} INFO - [2023-08-14T13:42:49.860+0300] {dag.py:3504} INFO - Setting next_dagrun for example_sla_dag to 2023-08-14T10:40:00+00:00, run_after=2023-08-14T10:42:00+00:00
[2023-08-14T13:42:50.014+0300] {processor.py:179} INFO - Processing /home/soamariaka/.local/lib/python3.9/site-packages/airflow/example_dags/example_sla_dag.py took 0.242 seconds
[2023-08-14T13:43:47.880+0300] {processor.py:157} INFO - Started process (PID=11741) to work on /home/soamariaka/.local/lib/python3.9/site-packages/airflow/example_dags/example_sla_dag.py
[2023-08-14T13:43:47.881+0300] {processor.py:826} INFO - Processing file /home/soamariaka/.local/lib/python3.9/site-packages/airflow/example_dags/example_sla_dag.py for tasks to queue
[2023-08-14T13:43:47.882+0300] {logging_mixin.py:150} INFO - [2023-08-14T13:43:47.882+0300] {dagbag.py:541} INFO - Filling up the DagBag from /home/soamariaka/.local/lib/python3.9/site-packages/airflow/example_dags/example_sla_dag.py
[2023-08-14T13:43:47.897+0300] {processor.py:836} INFO - DAG(s) dict_keys(['example_sla_dag']) retrieved from /home/soamariaka/.local/lib/python3.9/site-packages/airflow/example_dags/example_sla_dag.py
[2023-08-14T13:43:47.928+0300] {logging_mixin.py:150} INFO - [2023-08-14T13:43:47.928+0300] {dag.py:2742} INFO - Sync 1 DAGs
[2023-08-14T13:43:47.966+0300] {logging_mixin.py:150} INFO - [2023-08-14T13:43:47.966+0300] {dag.py:3504} INFO - Setting next_dagrun for example_sla_dag to 2023-08-14T10:40:00+00:00, run_after=2023-08-14T10:42:00+00:00
[2023-08-14T13:43:48.214+0300] {processor.py:179} INFO - Processing /home/soamariaka/.local/lib/python3.9/site-packages/airflow/example_dags/example_sla_dag.py took 0.338 seconds
[2023-08-14T13:44:51.873+0300] {processor.py:157} INFO - Started process (PID=11812) to work on /home/soamariaka/.local/lib/python3.9/site-packages/airflow/example_dags/example_sla_dag.py
[2023-08-14T13:44:51.889+0300] {processor.py:826} INFO - Processing file /home/soamariaka/.local/lib/python3.9/site-packages/airflow/example_dags/example_sla_dag.py for tasks to queue
[2023-08-14T13:44:51.890+0300] {logging_mixin.py:150} INFO - [2023-08-14T13:44:51.890+0300] {dagbag.py:541} INFO - Filling up the DagBag from /home/soamariaka/.local/lib/python3.9/site-packages/airflow/example_dags/example_sla_dag.py
[2023-08-14T13:44:51.904+0300] {processor.py:836} INFO - DAG(s) dict_keys(['example_sla_dag']) retrieved from /home/soamariaka/.local/lib/python3.9/site-packages/airflow/example_dags/example_sla_dag.py
[2023-08-14T13:44:51.932+0300] {logging_mixin.py:150} INFO - [2023-08-14T13:44:51.932+0300] {dag.py:2742} INFO - Sync 1 DAGs
[2023-08-14T13:44:52.003+0300] {logging_mixin.py:150} INFO - [2023-08-14T13:44:52.002+0300] {dag.py:3504} INFO - Setting next_dagrun for example_sla_dag to 2023-08-14T10:42:00+00:00, run_after=2023-08-14T10:44:00+00:00
[2023-08-14T13:44:52.481+0300] {processor.py:179} INFO - Processing /home/soamariaka/.local/lib/python3.9/site-packages/airflow/example_dags/example_sla_dag.py took 0.613 seconds
[2023-08-14T13:45:56.901+0300] {processor.py:157} INFO - Started process (PID=11905) to work on /home/soamariaka/.local/lib/python3.9/site-packages/airflow/example_dags/example_sla_dag.py
[2023-08-14T13:45:56.903+0300] {processor.py:826} INFO - Processing file /home/soamariaka/.local/lib/python3.9/site-packages/airflow/example_dags/example_sla_dag.py for tasks to queue
[2023-08-14T13:45:56.904+0300] {logging_mixin.py:150} INFO - [2023-08-14T13:45:56.903+0300] {dagbag.py:541} INFO - Filling up the DagBag from /home/soamariaka/.local/lib/python3.9/site-packages/airflow/example_dags/example_sla_dag.py
[2023-08-14T13:45:56.917+0300] {processor.py:836} INFO - DAG(s) dict_keys(['example_sla_dag']) retrieved from /home/soamariaka/.local/lib/python3.9/site-packages/airflow/example_dags/example_sla_dag.py
[2023-08-14T13:45:56.941+0300] {logging_mixin.py:150} INFO - [2023-08-14T13:45:56.940+0300] {dag.py:2742} INFO - Sync 1 DAGs
[2023-08-14T13:45:56.986+0300] {logging_mixin.py:150} INFO - [2023-08-14T13:45:56.986+0300] {dag.py:3504} INFO - Setting next_dagrun for example_sla_dag to 2023-08-14T10:42:00+00:00, run_after=2023-08-14T10:44:00+00:00
[2023-08-14T13:45:57.222+0300] {processor.py:179} INFO - Processing /home/soamariaka/.local/lib/python3.9/site-packages/airflow/example_dags/example_sla_dag.py took 0.325 seconds
[2023-08-14T13:47:00.854+0300] {processor.py:157} INFO - Started process (PID=11962) to work on /home/soamariaka/.local/lib/python3.9/site-packages/airflow/example_dags/example_sla_dag.py
[2023-08-14T13:47:00.856+0300] {processor.py:826} INFO - Processing file /home/soamariaka/.local/lib/python3.9/site-packages/airflow/example_dags/example_sla_dag.py for tasks to queue
[2023-08-14T13:47:00.858+0300] {logging_mixin.py:150} INFO - [2023-08-14T13:47:00.857+0300] {dagbag.py:541} INFO - Filling up the DagBag from /home/soamariaka/.local/lib/python3.9/site-packages/airflow/example_dags/example_sla_dag.py
[2023-08-14T13:47:00.874+0300] {processor.py:836} INFO - DAG(s) dict_keys(['example_sla_dag']) retrieved from /home/soamariaka/.local/lib/python3.9/site-packages/airflow/example_dags/example_sla_dag.py
[2023-08-14T13:47:00.899+0300] {logging_mixin.py:150} INFO - [2023-08-14T13:47:00.899+0300] {dag.py:2742} INFO - Sync 1 DAGs
[2023-08-14T13:47:00.937+0300] {logging_mixin.py:150} INFO - [2023-08-14T13:47:00.937+0300] {dag.py:3504} INFO - Setting next_dagrun for example_sla_dag to 2023-08-14T10:44:00+00:00, run_after=2023-08-14T10:46:00+00:00
[2023-08-14T13:47:01.203+0300] {processor.py:179} INFO - Processing /home/soamariaka/.local/lib/python3.9/site-packages/airflow/example_dags/example_sla_dag.py took 0.355 seconds
[2023-08-14T13:48:03.929+0300] {processor.py:157} INFO - Started process (PID=12027) to work on /home/soamariaka/.local/lib/python3.9/site-packages/airflow/example_dags/example_sla_dag.py
[2023-08-14T13:48:03.931+0300] {processor.py:826} INFO - Processing file /home/soamariaka/.local/lib/python3.9/site-packages/airflow/example_dags/example_sla_dag.py for tasks to queue
[2023-08-14T13:48:03.932+0300] {logging_mixin.py:150} INFO - [2023-08-14T13:48:03.931+0300] {dagbag.py:541} INFO - Filling up the DagBag from /home/soamariaka/.local/lib/python3.9/site-packages/airflow/example_dags/example_sla_dag.py
[2023-08-14T13:48:03.945+0300] {processor.py:836} INFO - DAG(s) dict_keys(['example_sla_dag']) retrieved from /home/soamariaka/.local/lib/python3.9/site-packages/airflow/example_dags/example_sla_dag.py
[2023-08-14T13:48:03.974+0300] {logging_mixin.py:150} INFO - [2023-08-14T13:48:03.974+0300] {dag.py:2742} INFO - Sync 1 DAGs
[2023-08-14T13:48:04.015+0300] {logging_mixin.py:150} INFO - [2023-08-14T13:48:04.014+0300] {dag.py:3504} INFO - Setting next_dagrun for example_sla_dag to 2023-08-14T10:46:00+00:00, run_after=2023-08-14T10:48:00+00:00
[2023-08-14T13:48:04.197+0300] {processor.py:179} INFO - Processing /home/soamariaka/.local/lib/python3.9/site-packages/airflow/example_dags/example_sla_dag.py took 0.272 seconds
[2023-08-14T13:49:06.447+0300] {processor.py:157} INFO - Started process (PID=12117) to work on /home/soamariaka/.local/lib/python3.9/site-packages/airflow/example_dags/example_sla_dag.py
[2023-08-14T13:49:06.449+0300] {processor.py:826} INFO - Processing file /home/soamariaka/.local/lib/python3.9/site-packages/airflow/example_dags/example_sla_dag.py for tasks to queue
[2023-08-14T13:49:06.451+0300] {logging_mixin.py:150} INFO - [2023-08-14T13:49:06.450+0300] {dagbag.py:541} INFO - Filling up the DagBag from /home/soamariaka/.local/lib/python3.9/site-packages/airflow/example_dags/example_sla_dag.py
[2023-08-14T13:49:06.467+0300] {processor.py:836} INFO - DAG(s) dict_keys(['example_sla_dag']) retrieved from /home/soamariaka/.local/lib/python3.9/site-packages/airflow/example_dags/example_sla_dag.py
[2023-08-14T13:49:06.493+0300] {logging_mixin.py:150} INFO - [2023-08-14T13:49:06.492+0300] {dag.py:2742} INFO - Sync 1 DAGs
[2023-08-14T13:49:06.530+0300] {logging_mixin.py:150} INFO - [2023-08-14T13:49:06.529+0300] {dag.py:3504} INFO - Setting next_dagrun for example_sla_dag to 2023-08-14T10:46:00+00:00, run_after=2023-08-14T10:48:00+00:00
[2023-08-14T13:49:06.689+0300] {processor.py:179} INFO - Processing /home/soamariaka/.local/lib/python3.9/site-packages/airflow/example_dags/example_sla_dag.py took 0.248 seconds
[2023-08-14T13:50:08.790+0300] {processor.py:157} INFO - Started process (PID=12192) to work on /home/soamariaka/.local/lib/python3.9/site-packages/airflow/example_dags/example_sla_dag.py
[2023-08-14T13:50:08.793+0300] {processor.py:826} INFO - Processing file /home/soamariaka/.local/lib/python3.9/site-packages/airflow/example_dags/example_sla_dag.py for tasks to queue
[2023-08-14T13:50:08.794+0300] {logging_mixin.py:150} INFO - [2023-08-14T13:50:08.793+0300] {dagbag.py:541} INFO - Filling up the DagBag from /home/soamariaka/.local/lib/python3.9/site-packages/airflow/example_dags/example_sla_dag.py
[2023-08-14T13:50:08.810+0300] {processor.py:836} INFO - DAG(s) dict_keys(['example_sla_dag']) retrieved from /home/soamariaka/.local/lib/python3.9/site-packages/airflow/example_dags/example_sla_dag.py
[2023-08-14T13:50:08.836+0300] {logging_mixin.py:150} INFO - [2023-08-14T13:50:08.836+0300] {dag.py:2742} INFO - Sync 1 DAGs
[2023-08-14T13:50:08.876+0300] {logging_mixin.py:150} INFO - [2023-08-14T13:50:08.876+0300] {dag.py:3504} INFO - Setting next_dagrun for example_sla_dag to 2023-08-14T10:48:00+00:00, run_after=2023-08-14T10:50:00+00:00
[2023-08-14T13:50:09.134+0300] {processor.py:179} INFO - Processing /home/soamariaka/.local/lib/python3.9/site-packages/airflow/example_dags/example_sla_dag.py took 0.349 seconds
[2023-08-14T13:51:14.420+0300] {processor.py:157} INFO - Started process (PID=12285) to work on /home/soamariaka/.local/lib/python3.9/site-packages/airflow/example_dags/example_sla_dag.py
[2023-08-14T13:51:14.423+0300] {processor.py:826} INFO - Processing file /home/soamariaka/.local/lib/python3.9/site-packages/airflow/example_dags/example_sla_dag.py for tasks to queue
[2023-08-14T13:51:14.425+0300] {logging_mixin.py:150} INFO - [2023-08-14T13:51:14.424+0300] {dagbag.py:541} INFO - Filling up the DagBag from /home/soamariaka/.local/lib/python3.9/site-packages/airflow/example_dags/example_sla_dag.py
[2023-08-14T13:51:14.441+0300] {processor.py:836} INFO - DAG(s) dict_keys(['example_sla_dag']) retrieved from /home/soamariaka/.local/lib/python3.9/site-packages/airflow/example_dags/example_sla_dag.py
[2023-08-14T13:51:14.467+0300] {logging_mixin.py:150} INFO - [2023-08-14T13:51:14.467+0300] {dag.py:2742} INFO - Sync 1 DAGs
[2023-08-14T13:51:14.505+0300] {logging_mixin.py:150} INFO - [2023-08-14T13:51:14.504+0300] {dag.py:3504} INFO - Setting next_dagrun for example_sla_dag to 2023-08-14T10:48:00+00:00, run_after=2023-08-14T10:50:00+00:00
[2023-08-14T13:51:14.841+0300] {processor.py:179} INFO - Processing /home/soamariaka/.local/lib/python3.9/site-packages/airflow/example_dags/example_sla_dag.py took 0.426 seconds
[2023-08-14T13:52:16.501+0300] {processor.py:157} INFO - Started process (PID=12343) to work on /home/soamariaka/.local/lib/python3.9/site-packages/airflow/example_dags/example_sla_dag.py
[2023-08-14T13:52:16.503+0300] {processor.py:826} INFO - Processing file /home/soamariaka/.local/lib/python3.9/site-packages/airflow/example_dags/example_sla_dag.py for tasks to queue
[2023-08-14T13:52:16.505+0300] {logging_mixin.py:150} INFO - [2023-08-14T13:52:16.504+0300] {dagbag.py:541} INFO - Filling up the DagBag from /home/soamariaka/.local/lib/python3.9/site-packages/airflow/example_dags/example_sla_dag.py
[2023-08-14T13:52:16.521+0300] {processor.py:836} INFO - DAG(s) dict_keys(['example_sla_dag']) retrieved from /home/soamariaka/.local/lib/python3.9/site-packages/airflow/example_dags/example_sla_dag.py
[2023-08-14T13:52:16.547+0300] {logging_mixin.py:150} INFO - [2023-08-14T13:52:16.547+0300] {dag.py:2742} INFO - Sync 1 DAGs
[2023-08-14T13:52:16.590+0300] {logging_mixin.py:150} INFO - [2023-08-14T13:52:16.589+0300] {dag.py:3504} INFO - Setting next_dagrun for example_sla_dag to 2023-08-14T10:50:00+00:00, run_after=2023-08-14T10:52:00+00:00
[2023-08-14T13:52:16.767+0300] {processor.py:179} INFO - Processing /home/soamariaka/.local/lib/python3.9/site-packages/airflow/example_dags/example_sla_dag.py took 0.272 seconds
[2023-08-14T13:53:21.338+0300] {processor.py:157} INFO - Started process (PID=12404) to work on /home/soamariaka/.local/lib/python3.9/site-packages/airflow/example_dags/example_sla_dag.py
[2023-08-14T13:53:21.341+0300] {processor.py:826} INFO - Processing file /home/soamariaka/.local/lib/python3.9/site-packages/airflow/example_dags/example_sla_dag.py for tasks to queue
[2023-08-14T13:53:21.342+0300] {logging_mixin.py:150} INFO - [2023-08-14T13:53:21.342+0300] {dagbag.py:541} INFO - Filling up the DagBag from /home/soamariaka/.local/lib/python3.9/site-packages/airflow/example_dags/example_sla_dag.py
[2023-08-14T13:53:21.359+0300] {processor.py:836} INFO - DAG(s) dict_keys(['example_sla_dag']) retrieved from /home/soamariaka/.local/lib/python3.9/site-packages/airflow/example_dags/example_sla_dag.py
[2023-08-14T13:53:21.384+0300] {logging_mixin.py:150} INFO - [2023-08-14T13:53:21.384+0300] {dag.py:2742} INFO - Sync 1 DAGs
[2023-08-14T13:53:21.421+0300] {logging_mixin.py:150} INFO - [2023-08-14T13:53:21.421+0300] {dag.py:3504} INFO - Setting next_dagrun for example_sla_dag to 2023-08-14T10:50:00+00:00, run_after=2023-08-14T10:52:00+00:00
[2023-08-14T13:53:21.564+0300] {processor.py:179} INFO - Processing /home/soamariaka/.local/lib/python3.9/site-packages/airflow/example_dags/example_sla_dag.py took 0.231 seconds
[2023-08-14T13:54:25.114+0300] {processor.py:157} INFO - Started process (PID=12460) to work on /home/soamariaka/.local/lib/python3.9/site-packages/airflow/example_dags/example_sla_dag.py
[2023-08-14T13:54:25.140+0300] {processor.py:826} INFO - Processing file /home/soamariaka/.local/lib/python3.9/site-packages/airflow/example_dags/example_sla_dag.py for tasks to queue
[2023-08-14T13:54:25.141+0300] {logging_mixin.py:150} INFO - [2023-08-14T13:54:25.141+0300] {dagbag.py:541} INFO - Filling up the DagBag from /home/soamariaka/.local/lib/python3.9/site-packages/airflow/example_dags/example_sla_dag.py
[2023-08-14T13:54:25.158+0300] {processor.py:836} INFO - DAG(s) dict_keys(['example_sla_dag']) retrieved from /home/soamariaka/.local/lib/python3.9/site-packages/airflow/example_dags/example_sla_dag.py
[2023-08-14T13:54:25.186+0300] {logging_mixin.py:150} INFO - [2023-08-14T13:54:25.186+0300] {dag.py:2742} INFO - Sync 1 DAGs
[2023-08-14T13:54:25.231+0300] {logging_mixin.py:150} INFO - [2023-08-14T13:54:25.230+0300] {dag.py:3504} INFO - Setting next_dagrun for example_sla_dag to 2023-08-14T10:52:00+00:00, run_after=2023-08-14T10:54:00+00:00
[2023-08-14T13:54:25.497+0300] {processor.py:179} INFO - Processing /home/soamariaka/.local/lib/python3.9/site-packages/airflow/example_dags/example_sla_dag.py took 0.388 seconds
[2023-08-14T13:55:32.813+0300] {processor.py:157} INFO - Started process (PID=12574) to work on /home/soamariaka/.local/lib/python3.9/site-packages/airflow/example_dags/example_sla_dag.py
[2023-08-14T13:55:32.838+0300] {processor.py:826} INFO - Processing file /home/soamariaka/.local/lib/python3.9/site-packages/airflow/example_dags/example_sla_dag.py for tasks to queue
[2023-08-14T13:55:32.840+0300] {logging_mixin.py:150} INFO - [2023-08-14T13:55:32.839+0300] {dagbag.py:541} INFO - Filling up the DagBag from /home/soamariaka/.local/lib/python3.9/site-packages/airflow/example_dags/example_sla_dag.py
[2023-08-14T13:55:32.858+0300] {processor.py:836} INFO - DAG(s) dict_keys(['example_sla_dag']) retrieved from /home/soamariaka/.local/lib/python3.9/site-packages/airflow/example_dags/example_sla_dag.py
[2023-08-14T13:55:32.889+0300] {logging_mixin.py:150} INFO - [2023-08-14T13:55:32.889+0300] {dag.py:2742} INFO - Sync 1 DAGs
[2023-08-14T13:55:32.928+0300] {logging_mixin.py:150} INFO - [2023-08-14T13:55:32.927+0300] {dag.py:3504} INFO - Setting next_dagrun for example_sla_dag to 2023-08-14T10:52:00+00:00, run_after=2023-08-14T10:54:00+00:00
[2023-08-14T13:55:33.194+0300] {processor.py:179} INFO - Processing /home/soamariaka/.local/lib/python3.9/site-packages/airflow/example_dags/example_sla_dag.py took 0.387 seconds
[2023-08-14T13:56:40.564+0300] {processor.py:157} INFO - Started process (PID=12658) to work on /home/soamariaka/.local/lib/python3.9/site-packages/airflow/example_dags/example_sla_dag.py
[2023-08-14T13:56:40.596+0300] {processor.py:826} INFO - Processing file /home/soamariaka/.local/lib/python3.9/site-packages/airflow/example_dags/example_sla_dag.py for tasks to queue
[2023-08-14T13:56:40.626+0300] {logging_mixin.py:150} INFO - [2023-08-14T13:56:40.625+0300] {dagbag.py:541} INFO - Filling up the DagBag from /home/soamariaka/.local/lib/python3.9/site-packages/airflow/example_dags/example_sla_dag.py
[2023-08-14T13:56:40.656+0300] {processor.py:836} INFO - DAG(s) dict_keys(['example_sla_dag']) retrieved from /home/soamariaka/.local/lib/python3.9/site-packages/airflow/example_dags/example_sla_dag.py
[2023-08-14T13:56:40.695+0300] {logging_mixin.py:150} INFO - [2023-08-14T13:56:40.695+0300] {dag.py:2742} INFO - Sync 1 DAGs
[2023-08-14T13:56:40.732+0300] {logging_mixin.py:150} INFO - [2023-08-14T13:56:40.732+0300] {dag.py:3504} INFO - Setting next_dagrun for example_sla_dag to 2023-08-14T10:54:00+00:00, run_after=2023-08-14T10:56:00+00:00
[2023-08-14T13:56:41.093+0300] {processor.py:179} INFO - Processing /home/soamariaka/.local/lib/python3.9/site-packages/airflow/example_dags/example_sla_dag.py took 0.535 seconds
[2023-08-14T13:57:47.277+0300] {processor.py:157} INFO - Started process (PID=12718) to work on /home/soamariaka/.local/lib/python3.9/site-packages/airflow/example_dags/example_sla_dag.py
[2023-08-14T13:57:47.280+0300] {processor.py:826} INFO - Processing file /home/soamariaka/.local/lib/python3.9/site-packages/airflow/example_dags/example_sla_dag.py for tasks to queue
[2023-08-14T13:57:47.282+0300] {logging_mixin.py:150} INFO - [2023-08-14T13:57:47.281+0300] {dagbag.py:541} INFO - Filling up the DagBag from /home/soamariaka/.local/lib/python3.9/site-packages/airflow/example_dags/example_sla_dag.py
[2023-08-14T13:57:47.298+0300] {processor.py:836} INFO - DAG(s) dict_keys(['example_sla_dag']) retrieved from /home/soamariaka/.local/lib/python3.9/site-packages/airflow/example_dags/example_sla_dag.py
[2023-08-14T13:57:47.323+0300] {logging_mixin.py:150} INFO - [2023-08-14T13:57:47.323+0300] {dag.py:2742} INFO - Sync 1 DAGs
[2023-08-14T13:57:47.362+0300] {logging_mixin.py:150} INFO - [2023-08-14T13:57:47.362+0300] {dag.py:3504} INFO - Setting next_dagrun for example_sla_dag to 2023-08-14T10:54:00+00:00, run_after=2023-08-14T10:56:00+00:00
[2023-08-14T13:57:47.675+0300] {processor.py:179} INFO - Processing /home/soamariaka/.local/lib/python3.9/site-packages/airflow/example_dags/example_sla_dag.py took 0.403 seconds
[2023-08-14T13:58:50.565+0300] {processor.py:157} INFO - Started process (PID=12809) to work on /home/soamariaka/.local/lib/python3.9/site-packages/airflow/example_dags/example_sla_dag.py
[2023-08-14T13:58:50.594+0300] {processor.py:826} INFO - Processing file /home/soamariaka/.local/lib/python3.9/site-packages/airflow/example_dags/example_sla_dag.py for tasks to queue
[2023-08-14T13:58:50.595+0300] {logging_mixin.py:150} INFO - [2023-08-14T13:58:50.595+0300] {dagbag.py:541} INFO - Filling up the DagBag from /home/soamariaka/.local/lib/python3.9/site-packages/airflow/example_dags/example_sla_dag.py
[2023-08-14T13:58:50.615+0300] {processor.py:836} INFO - DAG(s) dict_keys(['example_sla_dag']) retrieved from /home/soamariaka/.local/lib/python3.9/site-packages/airflow/example_dags/example_sla_dag.py
[2023-08-14T13:58:50.639+0300] {logging_mixin.py:150} INFO - [2023-08-14T13:58:50.639+0300] {dag.py:2742} INFO - Sync 1 DAGs
[2023-08-14T13:58:50.677+0300] {logging_mixin.py:150} INFO - [2023-08-14T13:58:50.677+0300] {dag.py:3504} INFO - Setting next_dagrun for example_sla_dag to 2023-08-14T10:56:00+00:00, run_after=2023-08-14T10:58:00+00:00
[2023-08-14T13:58:50.799+0300] {processor.py:179} INFO - Processing /home/soamariaka/.local/lib/python3.9/site-packages/airflow/example_dags/example_sla_dag.py took 0.239 seconds
[2023-08-14T13:59:52.621+0300] {processor.py:157} INFO - Started process (PID=12885) to work on /home/soamariaka/.local/lib/python3.9/site-packages/airflow/example_dags/example_sla_dag.py
[2023-08-14T13:59:52.651+0300] {processor.py:826} INFO - Processing file /home/soamariaka/.local/lib/python3.9/site-packages/airflow/example_dags/example_sla_dag.py for tasks to queue
[2023-08-14T13:59:52.653+0300] {logging_mixin.py:150} INFO - [2023-08-14T13:59:52.652+0300] {dagbag.py:541} INFO - Filling up the DagBag from /home/soamariaka/.local/lib/python3.9/site-packages/airflow/example_dags/example_sla_dag.py
[2023-08-14T13:59:52.668+0300] {processor.py:836} INFO - DAG(s) dict_keys(['example_sla_dag']) retrieved from /home/soamariaka/.local/lib/python3.9/site-packages/airflow/example_dags/example_sla_dag.py
[2023-08-14T13:59:52.697+0300] {logging_mixin.py:150} INFO - [2023-08-14T13:59:52.697+0300] {dag.py:2742} INFO - Sync 1 DAGs
[2023-08-14T13:59:52.740+0300] {logging_mixin.py:150} INFO - [2023-08-14T13:59:52.740+0300] {dag.py:3504} INFO - Setting next_dagrun for example_sla_dag to 2023-08-14T10:56:00+00:00, run_after=2023-08-14T10:58:00+00:00
[2023-08-14T13:59:52.890+0300] {processor.py:179} INFO - Processing /home/soamariaka/.local/lib/python3.9/site-packages/airflow/example_dags/example_sla_dag.py took 0.272 seconds
[2023-08-14T14:00:54.841+0300] {processor.py:157} INFO - Started process (PID=12947) to work on /home/soamariaka/.local/lib/python3.9/site-packages/airflow/example_dags/example_sla_dag.py
[2023-08-14T14:00:54.843+0300] {processor.py:826} INFO - Processing file /home/soamariaka/.local/lib/python3.9/site-packages/airflow/example_dags/example_sla_dag.py for tasks to queue
[2023-08-14T14:00:54.845+0300] {logging_mixin.py:150} INFO - [2023-08-14T14:00:54.844+0300] {dagbag.py:541} INFO - Filling up the DagBag from /home/soamariaka/.local/lib/python3.9/site-packages/airflow/example_dags/example_sla_dag.py
[2023-08-14T14:00:54.861+0300] {processor.py:836} INFO - DAG(s) dict_keys(['example_sla_dag']) retrieved from /home/soamariaka/.local/lib/python3.9/site-packages/airflow/example_dags/example_sla_dag.py
[2023-08-14T14:00:54.887+0300] {logging_mixin.py:150} INFO - [2023-08-14T14:00:54.887+0300] {dag.py:2742} INFO - Sync 1 DAGs
[2023-08-14T14:00:54.925+0300] {logging_mixin.py:150} INFO - [2023-08-14T14:00:54.925+0300] {dag.py:3504} INFO - Setting next_dagrun for example_sla_dag to 2023-08-14T10:58:00+00:00, run_after=2023-08-14T11:00:00+00:00
[2023-08-14T14:00:55.234+0300] {processor.py:179} INFO - Processing /home/soamariaka/.local/lib/python3.9/site-packages/airflow/example_dags/example_sla_dag.py took 0.399 seconds
[2023-08-14T14:02:03.251+0300] {processor.py:157} INFO - Started process (PID=13040) to work on /home/soamariaka/.local/lib/python3.9/site-packages/airflow/example_dags/example_sla_dag.py
[2023-08-14T14:02:03.304+0300] {processor.py:826} INFO - Processing file /home/soamariaka/.local/lib/python3.9/site-packages/airflow/example_dags/example_sla_dag.py for tasks to queue
[2023-08-14T14:02:03.306+0300] {logging_mixin.py:150} INFO - [2023-08-14T14:02:03.306+0300] {dagbag.py:541} INFO - Filling up the DagBag from /home/soamariaka/.local/lib/python3.9/site-packages/airflow/example_dags/example_sla_dag.py
[2023-08-14T14:02:03.325+0300] {processor.py:836} INFO - DAG(s) dict_keys(['example_sla_dag']) retrieved from /home/soamariaka/.local/lib/python3.9/site-packages/airflow/example_dags/example_sla_dag.py
[2023-08-14T14:02:03.364+0300] {logging_mixin.py:150} INFO - [2023-08-14T14:02:03.364+0300] {dag.py:2742} INFO - Sync 1 DAGs
[2023-08-14T14:02:03.406+0300] {logging_mixin.py:150} INFO - [2023-08-14T14:02:03.406+0300] {dag.py:3504} INFO - Setting next_dagrun for example_sla_dag to 2023-08-14T11:00:00+00:00, run_after=2023-08-14T11:02:00+00:00
[2023-08-14T14:02:04.070+0300] {processor.py:179} INFO - Processing /home/soamariaka/.local/lib/python3.9/site-packages/airflow/example_dags/example_sla_dag.py took 0.825 seconds
[2023-08-14T14:04:33.381+0300] {processor.py:157} INFO - Started process (PID=13722) to work on /home/soamariaka/.local/lib/python3.9/site-packages/airflow/example_dags/example_sla_dag.py
[2023-08-14T14:04:33.383+0300] {processor.py:826} INFO - Processing file /home/soamariaka/.local/lib/python3.9/site-packages/airflow/example_dags/example_sla_dag.py for tasks to queue
[2023-08-14T14:04:33.384+0300] {logging_mixin.py:150} INFO - [2023-08-14T14:04:33.384+0300] {dagbag.py:541} INFO - Filling up the DagBag from /home/soamariaka/.local/lib/python3.9/site-packages/airflow/example_dags/example_sla_dag.py
[2023-08-14T14:04:33.401+0300] {processor.py:836} INFO - DAG(s) dict_keys(['example_sla_dag']) retrieved from /home/soamariaka/.local/lib/python3.9/site-packages/airflow/example_dags/example_sla_dag.py
[2023-08-14T14:04:33.426+0300] {logging_mixin.py:150} INFO - [2023-08-14T14:04:33.426+0300] {dag.py:2742} INFO - Sync 1 DAGs
[2023-08-14T14:04:33.472+0300] {logging_mixin.py:150} INFO - [2023-08-14T14:04:33.472+0300] {dag.py:3504} INFO - Setting next_dagrun for example_sla_dag to 2023-08-14T11:02:00+00:00, run_after=2023-08-14T11:04:00+00:00
[2023-08-14T14:04:33.726+0300] {processor.py:179} INFO - Processing /home/soamariaka/.local/lib/python3.9/site-packages/airflow/example_dags/example_sla_dag.py took 0.351 seconds
[2023-08-14T14:06:06.795+0300] {processor.py:157} INFO - Started process (PID=13815) to work on /home/soamariaka/.local/lib/python3.9/site-packages/airflow/example_dags/example_sla_dag.py
[2023-08-14T14:06:06.797+0300] {processor.py:826} INFO - Processing file /home/soamariaka/.local/lib/python3.9/site-packages/airflow/example_dags/example_sla_dag.py for tasks to queue
[2023-08-14T14:06:06.799+0300] {logging_mixin.py:150} INFO - [2023-08-14T14:06:06.798+0300] {dagbag.py:541} INFO - Filling up the DagBag from /home/soamariaka/.local/lib/python3.9/site-packages/airflow/example_dags/example_sla_dag.py
[2023-08-14T14:06:06.814+0300] {processor.py:836} INFO - DAG(s) dict_keys(['example_sla_dag']) retrieved from /home/soamariaka/.local/lib/python3.9/site-packages/airflow/example_dags/example_sla_dag.py
[2023-08-14T14:06:06.840+0300] {logging_mixin.py:150} INFO - [2023-08-14T14:06:06.840+0300] {dag.py:2742} INFO - Sync 1 DAGs
[2023-08-14T14:06:06.878+0300] {logging_mixin.py:150} INFO - [2023-08-14T14:06:06.877+0300] {dag.py:3504} INFO - Setting next_dagrun for example_sla_dag to 2023-08-14T11:04:00+00:00, run_after=2023-08-14T11:06:00+00:00
[2023-08-14T14:06:07.105+0300] {processor.py:179} INFO - Processing /home/soamariaka/.local/lib/python3.9/site-packages/airflow/example_dags/example_sla_dag.py took 0.315 seconds
[2023-08-14T14:07:16.084+0300] {processor.py:157} INFO - Started process (PID=13894) to work on /home/soamariaka/.local/lib/python3.9/site-packages/airflow/example_dags/example_sla_dag.py
[2023-08-14T14:07:16.086+0300] {processor.py:826} INFO - Processing file /home/soamariaka/.local/lib/python3.9/site-packages/airflow/example_dags/example_sla_dag.py for tasks to queue
[2023-08-14T14:07:16.087+0300] {logging_mixin.py:150} INFO - [2023-08-14T14:07:16.086+0300] {dagbag.py:541} INFO - Filling up the DagBag from /home/soamariaka/.local/lib/python3.9/site-packages/airflow/example_dags/example_sla_dag.py
[2023-08-14T14:07:16.106+0300] {processor.py:836} INFO - DAG(s) dict_keys(['example_sla_dag']) retrieved from /home/soamariaka/.local/lib/python3.9/site-packages/airflow/example_dags/example_sla_dag.py
[2023-08-14T14:07:16.141+0300] {logging_mixin.py:150} INFO - [2023-08-14T14:07:16.141+0300] {dag.py:2742} INFO - Sync 1 DAGs
[2023-08-14T14:07:16.182+0300] {logging_mixin.py:150} INFO - [2023-08-14T14:07:16.182+0300] {dag.py:3504} INFO - Setting next_dagrun for example_sla_dag to 2023-08-14T11:04:00+00:00, run_after=2023-08-14T11:06:00+00:00
[2023-08-14T14:07:16.308+0300] {processor.py:179} INFO - Processing /home/soamariaka/.local/lib/python3.9/site-packages/airflow/example_dags/example_sla_dag.py took 0.230 seconds
[2023-08-14T14:09:25.576+0300] {processor.py:157} INFO - Started process (PID=14089) to work on /home/soamariaka/.local/lib/python3.9/site-packages/airflow/example_dags/example_sla_dag.py
[2023-08-14T14:09:25.579+0300] {processor.py:826} INFO - Processing file /home/soamariaka/.local/lib/python3.9/site-packages/airflow/example_dags/example_sla_dag.py for tasks to queue
[2023-08-14T14:09:25.582+0300] {logging_mixin.py:150} INFO - [2023-08-14T14:09:25.581+0300] {dagbag.py:541} INFO - Filling up the DagBag from /home/soamariaka/.local/lib/python3.9/site-packages/airflow/example_dags/example_sla_dag.py
[2023-08-14T14:09:25.598+0300] {processor.py:836} INFO - DAG(s) dict_keys(['example_sla_dag']) retrieved from /home/soamariaka/.local/lib/python3.9/site-packages/airflow/example_dags/example_sla_dag.py
[2023-08-14T14:09:25.623+0300] {logging_mixin.py:150} INFO - [2023-08-14T14:09:25.623+0300] {dag.py:2742} INFO - Sync 1 DAGs
[2023-08-14T14:09:25.660+0300] {logging_mixin.py:150} INFO - [2023-08-14T14:09:25.660+0300] {dag.py:3504} INFO - Setting next_dagrun for example_sla_dag to 2023-08-14T11:06:00+00:00, run_after=2023-08-14T11:08:00+00:00
[2023-08-14T14:09:25.811+0300] {processor.py:179} INFO - Processing /home/soamariaka/.local/lib/python3.9/site-packages/airflow/example_dags/example_sla_dag.py took 0.241 seconds
[2023-08-14T14:11:01.970+0300] {processor.py:157} INFO - Started process (PID=14976) to work on /home/soamariaka/.local/lib/python3.9/site-packages/airflow/example_dags/example_sla_dag.py
[2023-08-14T14:11:02.001+0300] {processor.py:826} INFO - Processing file /home/soamariaka/.local/lib/python3.9/site-packages/airflow/example_dags/example_sla_dag.py for tasks to queue
[2023-08-14T14:11:02.003+0300] {logging_mixin.py:150} INFO - [2023-08-14T14:11:02.002+0300] {dagbag.py:541} INFO - Filling up the DagBag from /home/soamariaka/.local/lib/python3.9/site-packages/airflow/example_dags/example_sla_dag.py
[2023-08-14T14:11:02.019+0300] {processor.py:836} INFO - DAG(s) dict_keys(['example_sla_dag']) retrieved from /home/soamariaka/.local/lib/python3.9/site-packages/airflow/example_dags/example_sla_dag.py
[2023-08-14T14:11:02.050+0300] {logging_mixin.py:150} INFO - [2023-08-14T14:11:02.050+0300] {dag.py:2742} INFO - Sync 1 DAGs
[2023-08-14T14:11:02.096+0300] {logging_mixin.py:150} INFO - [2023-08-14T14:11:02.096+0300] {dag.py:3504} INFO - Setting next_dagrun for example_sla_dag to 2023-08-14T11:08:00+00:00, run_after=2023-08-14T11:10:00+00:00
[2023-08-14T14:11:02.364+0300] {processor.py:179} INFO - Processing /home/soamariaka/.local/lib/python3.9/site-packages/airflow/example_dags/example_sla_dag.py took 0.401 seconds
[2023-08-14T14:12:05.024+0300] {processor.py:157} INFO - Started process (PID=15128) to work on /home/soamariaka/.local/lib/python3.9/site-packages/airflow/example_dags/example_sla_dag.py
[2023-08-14T14:12:05.055+0300] {processor.py:826} INFO - Processing file /home/soamariaka/.local/lib/python3.9/site-packages/airflow/example_dags/example_sla_dag.py for tasks to queue
[2023-08-14T14:12:05.057+0300] {logging_mixin.py:150} INFO - [2023-08-14T14:12:05.056+0300] {dagbag.py:541} INFO - Filling up the DagBag from /home/soamariaka/.local/lib/python3.9/site-packages/airflow/example_dags/example_sla_dag.py
[2023-08-14T14:12:05.073+0300] {processor.py:836} INFO - DAG(s) dict_keys(['example_sla_dag']) retrieved from /home/soamariaka/.local/lib/python3.9/site-packages/airflow/example_dags/example_sla_dag.py
[2023-08-14T14:12:05.102+0300] {logging_mixin.py:150} INFO - [2023-08-14T14:12:05.102+0300] {dag.py:2742} INFO - Sync 1 DAGs
[2023-08-14T14:12:05.143+0300] {logging_mixin.py:150} INFO - [2023-08-14T14:12:05.142+0300] {dag.py:3504} INFO - Setting next_dagrun for example_sla_dag to 2023-08-14T11:10:00+00:00, run_after=2023-08-14T11:12:00+00:00
[2023-08-14T14:12:05.549+0300] {processor.py:179} INFO - Processing /home/soamariaka/.local/lib/python3.9/site-packages/airflow/example_dags/example_sla_dag.py took 0.530 seconds
[2023-08-14T14:13:03.065+0300] {processor.py:157} INFO - Started process (PID=15230) to work on /home/soamariaka/.local/lib/python3.9/site-packages/airflow/example_dags/example_sla_dag.py
[2023-08-14T14:13:03.068+0300] {processor.py:826} INFO - Processing file /home/soamariaka/.local/lib/python3.9/site-packages/airflow/example_dags/example_sla_dag.py for tasks to queue
[2023-08-14T14:13:03.070+0300] {logging_mixin.py:150} INFO - [2023-08-14T14:13:03.069+0300] {dagbag.py:541} INFO - Filling up the DagBag from /home/soamariaka/.local/lib/python3.9/site-packages/airflow/example_dags/example_sla_dag.py
[2023-08-14T14:13:03.083+0300] {processor.py:836} INFO - DAG(s) dict_keys(['example_sla_dag']) retrieved from /home/soamariaka/.local/lib/python3.9/site-packages/airflow/example_dags/example_sla_dag.py
[2023-08-14T14:13:03.107+0300] {logging_mixin.py:150} INFO - [2023-08-14T14:13:03.107+0300] {dag.py:2742} INFO - Sync 1 DAGs
[2023-08-14T14:13:03.146+0300] {logging_mixin.py:150} INFO - [2023-08-14T14:13:03.146+0300] {dag.py:3504} INFO - Setting next_dagrun for example_sla_dag to 2023-08-14T11:10:00+00:00, run_after=2023-08-14T11:12:00+00:00
[2023-08-14T14:13:03.284+0300] {processor.py:179} INFO - Processing /home/soamariaka/.local/lib/python3.9/site-packages/airflow/example_dags/example_sla_dag.py took 0.224 seconds
[2023-08-14T14:14:08.362+0300] {processor.py:157} INFO - Started process (PID=15344) to work on /home/soamariaka/.local/lib/python3.9/site-packages/airflow/example_dags/example_sla_dag.py
[2023-08-14T14:14:08.364+0300] {processor.py:826} INFO - Processing file /home/soamariaka/.local/lib/python3.9/site-packages/airflow/example_dags/example_sla_dag.py for tasks to queue
[2023-08-14T14:14:08.366+0300] {logging_mixin.py:150} INFO - [2023-08-14T14:14:08.365+0300] {dagbag.py:541} INFO - Filling up the DagBag from /home/soamariaka/.local/lib/python3.9/site-packages/airflow/example_dags/example_sla_dag.py
[2023-08-14T14:14:08.382+0300] {processor.py:836} INFO - DAG(s) dict_keys(['example_sla_dag']) retrieved from /home/soamariaka/.local/lib/python3.9/site-packages/airflow/example_dags/example_sla_dag.py
[2023-08-14T14:14:08.408+0300] {logging_mixin.py:150} INFO - [2023-08-14T14:14:08.408+0300] {dag.py:2742} INFO - Sync 1 DAGs
[2023-08-14T14:14:08.446+0300] {logging_mixin.py:150} INFO - [2023-08-14T14:14:08.446+0300] {dag.py:3504} INFO - Setting next_dagrun for example_sla_dag to 2023-08-14T11:12:00+00:00, run_after=2023-08-14T11:14:00+00:00
[2023-08-14T14:14:08.606+0300] {processor.py:179} INFO - Processing /home/soamariaka/.local/lib/python3.9/site-packages/airflow/example_dags/example_sla_dag.py took 0.252 seconds
[2023-08-14T14:15:10.531+0300] {processor.py:157} INFO - Started process (PID=15424) to work on /home/soamariaka/.local/lib/python3.9/site-packages/airflow/example_dags/example_sla_dag.py
[2023-08-14T14:15:10.533+0300] {processor.py:826} INFO - Processing file /home/soamariaka/.local/lib/python3.9/site-packages/airflow/example_dags/example_sla_dag.py for tasks to queue
[2023-08-14T14:15:10.535+0300] {logging_mixin.py:150} INFO - [2023-08-14T14:15:10.535+0300] {dagbag.py:541} INFO - Filling up the DagBag from /home/soamariaka/.local/lib/python3.9/site-packages/airflow/example_dags/example_sla_dag.py
[2023-08-14T14:15:10.552+0300] {processor.py:836} INFO - DAG(s) dict_keys(['example_sla_dag']) retrieved from /home/soamariaka/.local/lib/python3.9/site-packages/airflow/example_dags/example_sla_dag.py
[2023-08-14T14:15:10.584+0300] {logging_mixin.py:150} INFO - [2023-08-14T14:15:10.583+0300] {dag.py:2742} INFO - Sync 1 DAGs
[2023-08-14T14:15:10.632+0300] {logging_mixin.py:150} INFO - [2023-08-14T14:15:10.632+0300] {dag.py:3504} INFO - Setting next_dagrun for example_sla_dag to 2023-08-14T11:12:00+00:00, run_after=2023-08-14T11:14:00+00:00
[2023-08-14T14:15:10.773+0300] {processor.py:179} INFO - Processing /home/soamariaka/.local/lib/python3.9/site-packages/airflow/example_dags/example_sla_dag.py took 0.248 seconds
[2023-08-14T14:16:11.788+0300] {processor.py:157} INFO - Started process (PID=15612) to work on /home/soamariaka/.local/lib/python3.9/site-packages/airflow/example_dags/example_sla_dag.py
[2023-08-14T14:16:11.790+0300] {processor.py:826} INFO - Processing file /home/soamariaka/.local/lib/python3.9/site-packages/airflow/example_dags/example_sla_dag.py for tasks to queue
[2023-08-14T14:16:11.792+0300] {logging_mixin.py:150} INFO - [2023-08-14T14:16:11.791+0300] {dagbag.py:541} INFO - Filling up the DagBag from /home/soamariaka/.local/lib/python3.9/site-packages/airflow/example_dags/example_sla_dag.py
[2023-08-14T14:16:11.807+0300] {processor.py:836} INFO - DAG(s) dict_keys(['example_sla_dag']) retrieved from /home/soamariaka/.local/lib/python3.9/site-packages/airflow/example_dags/example_sla_dag.py
[2023-08-14T14:16:11.832+0300] {logging_mixin.py:150} INFO - [2023-08-14T14:16:11.832+0300] {dag.py:2742} INFO - Sync 1 DAGs
[2023-08-14T14:16:11.869+0300] {logging_mixin.py:150} INFO - [2023-08-14T14:16:11.869+0300] {dag.py:3504} INFO - Setting next_dagrun for example_sla_dag to 2023-08-14T11:14:00+00:00, run_after=2023-08-14T11:16:00+00:00
[2023-08-14T14:16:12.117+0300] {processor.py:179} INFO - Processing /home/soamariaka/.local/lib/python3.9/site-packages/airflow/example_dags/example_sla_dag.py took 0.334 seconds
[2023-08-14T14:17:15.954+0300] {processor.py:157} INFO - Started process (PID=15701) to work on /home/soamariaka/.local/lib/python3.9/site-packages/airflow/example_dags/example_sla_dag.py
[2023-08-14T14:17:15.956+0300] {processor.py:826} INFO - Processing file /home/soamariaka/.local/lib/python3.9/site-packages/airflow/example_dags/example_sla_dag.py for tasks to queue
[2023-08-14T14:17:15.957+0300] {logging_mixin.py:150} INFO - [2023-08-14T14:17:15.957+0300] {dagbag.py:541} INFO - Filling up the DagBag from /home/soamariaka/.local/lib/python3.9/site-packages/airflow/example_dags/example_sla_dag.py
[2023-08-14T14:17:15.970+0300] {processor.py:836} INFO - DAG(s) dict_keys(['example_sla_dag']) retrieved from /home/soamariaka/.local/lib/python3.9/site-packages/airflow/example_dags/example_sla_dag.py
[2023-08-14T14:17:15.993+0300] {logging_mixin.py:150} INFO - [2023-08-14T14:17:15.993+0300] {dag.py:2742} INFO - Sync 1 DAGs
[2023-08-14T14:17:16.031+0300] {logging_mixin.py:150} INFO - [2023-08-14T14:17:16.030+0300] {dag.py:3504} INFO - Setting next_dagrun for example_sla_dag to 2023-08-14T11:14:00+00:00, run_after=2023-08-14T11:16:00+00:00
[2023-08-14T14:17:16.201+0300] {processor.py:179} INFO - Processing /home/soamariaka/.local/lib/python3.9/site-packages/airflow/example_dags/example_sla_dag.py took 0.250 seconds
[2023-08-14T14:18:44.390+0300] {processor.py:157} INFO - Started process (PID=15910) to work on /home/soamariaka/.local/lib/python3.9/site-packages/airflow/example_dags/example_sla_dag.py
[2023-08-14T14:18:44.392+0300] {processor.py:826} INFO - Processing file /home/soamariaka/.local/lib/python3.9/site-packages/airflow/example_dags/example_sla_dag.py for tasks to queue
[2023-08-14T14:18:44.393+0300] {logging_mixin.py:150} INFO - [2023-08-14T14:18:44.393+0300] {dagbag.py:541} INFO - Filling up the DagBag from /home/soamariaka/.local/lib/python3.9/site-packages/airflow/example_dags/example_sla_dag.py
[2023-08-14T14:18:44.406+0300] {processor.py:836} INFO - DAG(s) dict_keys(['example_sla_dag']) retrieved from /home/soamariaka/.local/lib/python3.9/site-packages/airflow/example_dags/example_sla_dag.py
[2023-08-14T14:18:44.429+0300] {logging_mixin.py:150} INFO - [2023-08-14T14:18:44.429+0300] {dag.py:2742} INFO - Sync 1 DAGs
[2023-08-14T14:18:44.467+0300] {logging_mixin.py:150} INFO - [2023-08-14T14:18:44.467+0300] {dag.py:3504} INFO - Setting next_dagrun for example_sla_dag to 2023-08-14T11:16:00+00:00, run_after=2023-08-14T11:18:00+00:00
[2023-08-14T14:18:44.602+0300] {processor.py:179} INFO - Processing /home/soamariaka/.local/lib/python3.9/site-packages/airflow/example_dags/example_sla_dag.py took 0.218 seconds
[2023-08-14T14:19:42.592+0300] {processor.py:157} INFO - Started process (PID=15965) to work on /home/soamariaka/.local/lib/python3.9/site-packages/airflow/example_dags/example_sla_dag.py
[2023-08-14T14:19:42.630+0300] {processor.py:826} INFO - Processing file /home/soamariaka/.local/lib/python3.9/site-packages/airflow/example_dags/example_sla_dag.py for tasks to queue
[2023-08-14T14:19:42.632+0300] {logging_mixin.py:150} INFO - [2023-08-14T14:19:42.631+0300] {dagbag.py:541} INFO - Filling up the DagBag from /home/soamariaka/.local/lib/python3.9/site-packages/airflow/example_dags/example_sla_dag.py
[2023-08-14T14:19:42.648+0300] {processor.py:836} INFO - DAG(s) dict_keys(['example_sla_dag']) retrieved from /home/soamariaka/.local/lib/python3.9/site-packages/airflow/example_dags/example_sla_dag.py
[2023-08-14T14:19:42.673+0300] {logging_mixin.py:150} INFO - [2023-08-14T14:19:42.672+0300] {dag.py:2742} INFO - Sync 1 DAGs
[2023-08-14T14:19:42.710+0300] {logging_mixin.py:150} INFO - [2023-08-14T14:19:42.710+0300] {dag.py:3504} INFO - Setting next_dagrun for example_sla_dag to 2023-08-14T11:16:00+00:00, run_after=2023-08-14T11:18:00+00:00
[2023-08-14T14:19:42.842+0300] {processor.py:179} INFO - Processing /home/soamariaka/.local/lib/python3.9/site-packages/airflow/example_dags/example_sla_dag.py took 0.256 seconds
[2023-08-14T14:21:18.144+0300] {processor.py:157} INFO - Started process (PID=16087) to work on /home/soamariaka/.local/lib/python3.9/site-packages/airflow/example_dags/example_sla_dag.py
[2023-08-14T14:21:18.160+0300] {processor.py:826} INFO - Processing file /home/soamariaka/.local/lib/python3.9/site-packages/airflow/example_dags/example_sla_dag.py for tasks to queue
[2023-08-14T14:21:18.163+0300] {logging_mixin.py:150} INFO - [2023-08-14T14:21:18.162+0300] {dagbag.py:541} INFO - Filling up the DagBag from /home/soamariaka/.local/lib/python3.9/site-packages/airflow/example_dags/example_sla_dag.py
[2023-08-14T14:21:18.183+0300] {processor.py:836} INFO - DAG(s) dict_keys(['example_sla_dag']) retrieved from /home/soamariaka/.local/lib/python3.9/site-packages/airflow/example_dags/example_sla_dag.py
[2023-08-14T14:21:18.215+0300] {logging_mixin.py:150} INFO - [2023-08-14T14:21:18.215+0300] {dag.py:2742} INFO - Sync 1 DAGs
[2023-08-14T14:21:18.257+0300] {logging_mixin.py:150} INFO - [2023-08-14T14:21:18.257+0300] {dag.py:3504} INFO - Setting next_dagrun for example_sla_dag to 2023-08-14T11:18:00+00:00, run_after=2023-08-14T11:20:00+00:00
[2023-08-14T14:21:18.389+0300] {processor.py:179} INFO - Processing /home/soamariaka/.local/lib/python3.9/site-packages/airflow/example_dags/example_sla_dag.py took 0.251 seconds
[2023-08-14T14:22:26.685+0300] {processor.py:157} INFO - Started process (PID=16149) to work on /home/soamariaka/.local/lib/python3.9/site-packages/airflow/example_dags/example_sla_dag.py
[2023-08-14T14:22:26.688+0300] {processor.py:826} INFO - Processing file /home/soamariaka/.local/lib/python3.9/site-packages/airflow/example_dags/example_sla_dag.py for tasks to queue
[2023-08-14T14:22:26.689+0300] {logging_mixin.py:150} INFO - [2023-08-14T14:22:26.689+0300] {dagbag.py:541} INFO - Filling up the DagBag from /home/soamariaka/.local/lib/python3.9/site-packages/airflow/example_dags/example_sla_dag.py
[2023-08-14T14:22:26.705+0300] {processor.py:836} INFO - DAG(s) dict_keys(['example_sla_dag']) retrieved from /home/soamariaka/.local/lib/python3.9/site-packages/airflow/example_dags/example_sla_dag.py
[2023-08-14T14:22:26.729+0300] {logging_mixin.py:150} INFO - [2023-08-14T14:22:26.729+0300] {dag.py:2742} INFO - Sync 1 DAGs
[2023-08-14T14:22:26.767+0300] {logging_mixin.py:150} INFO - [2023-08-14T14:22:26.767+0300] {dag.py:3504} INFO - Setting next_dagrun for example_sla_dag to 2023-08-14T11:20:00+00:00, run_after=2023-08-14T11:22:00+00:00
[2023-08-14T14:22:26.920+0300] {processor.py:179} INFO - Processing /home/soamariaka/.local/lib/python3.9/site-packages/airflow/example_dags/example_sla_dag.py took 0.241 seconds
[2023-08-14T14:23:27.446+0300] {processor.py:157} INFO - Started process (PID=16213) to work on /home/soamariaka/.local/lib/python3.9/site-packages/airflow/example_dags/example_sla_dag.py
[2023-08-14T14:23:27.449+0300] {processor.py:826} INFO - Processing file /home/soamariaka/.local/lib/python3.9/site-packages/airflow/example_dags/example_sla_dag.py for tasks to queue
[2023-08-14T14:23:27.450+0300] {logging_mixin.py:150} INFO - [2023-08-14T14:23:27.450+0300] {dagbag.py:541} INFO - Filling up the DagBag from /home/soamariaka/.local/lib/python3.9/site-packages/airflow/example_dags/example_sla_dag.py
[2023-08-14T14:23:27.468+0300] {processor.py:836} INFO - DAG(s) dict_keys(['example_sla_dag']) retrieved from /home/soamariaka/.local/lib/python3.9/site-packages/airflow/example_dags/example_sla_dag.py
[2023-08-14T14:23:27.494+0300] {logging_mixin.py:150} INFO - [2023-08-14T14:23:27.493+0300] {dag.py:2742} INFO - Sync 1 DAGs
[2023-08-14T14:23:27.531+0300] {logging_mixin.py:150} INFO - [2023-08-14T14:23:27.531+0300] {dag.py:3504} INFO - Setting next_dagrun for example_sla_dag to 2023-08-14T11:20:00+00:00, run_after=2023-08-14T11:22:00+00:00
[2023-08-14T14:23:27.683+0300] {processor.py:179} INFO - Processing /home/soamariaka/.local/lib/python3.9/site-packages/airflow/example_dags/example_sla_dag.py took 0.244 seconds
[2023-08-14T14:24:26.304+0300] {processor.py:157} INFO - Started process (PID=16491) to work on /home/soamariaka/.local/lib/python3.9/site-packages/airflow/example_dags/example_sla_dag.py
[2023-08-14T14:24:26.307+0300] {processor.py:826} INFO - Processing file /home/soamariaka/.local/lib/python3.9/site-packages/airflow/example_dags/example_sla_dag.py for tasks to queue
[2023-08-14T14:24:26.308+0300] {logging_mixin.py:150} INFO - [2023-08-14T14:24:26.308+0300] {dagbag.py:541} INFO - Filling up the DagBag from /home/soamariaka/.local/lib/python3.9/site-packages/airflow/example_dags/example_sla_dag.py
[2023-08-14T14:24:26.325+0300] {processor.py:836} INFO - DAG(s) dict_keys(['example_sla_dag']) retrieved from /home/soamariaka/.local/lib/python3.9/site-packages/airflow/example_dags/example_sla_dag.py
[2023-08-14T14:24:26.350+0300] {logging_mixin.py:150} INFO - [2023-08-14T14:24:26.350+0300] {dag.py:2742} INFO - Sync 1 DAGs
[2023-08-14T14:24:26.387+0300] {logging_mixin.py:150} INFO - [2023-08-14T14:24:26.387+0300] {dag.py:3504} INFO - Setting next_dagrun for example_sla_dag to 2023-08-14T11:22:00+00:00, run_after=2023-08-14T11:24:00+00:00
[2023-08-14T14:24:26.549+0300] {processor.py:179} INFO - Processing /home/soamariaka/.local/lib/python3.9/site-packages/airflow/example_dags/example_sla_dag.py took 0.250 seconds
[2023-08-14T14:25:22.810+0300] {processor.py:157} INFO - Started process (PID=16603) to work on /home/soamariaka/.local/lib/python3.9/site-packages/airflow/example_dags/example_sla_dag.py
[2023-08-14T14:25:22.813+0300] {processor.py:826} INFO - Processing file /home/soamariaka/.local/lib/python3.9/site-packages/airflow/example_dags/example_sla_dag.py for tasks to queue
[2023-08-14T14:25:22.814+0300] {logging_mixin.py:150} INFO - [2023-08-14T14:25:22.814+0300] {dagbag.py:541} INFO - Filling up the DagBag from /home/soamariaka/.local/lib/python3.9/site-packages/airflow/example_dags/example_sla_dag.py
[2023-08-14T14:25:22.831+0300] {processor.py:836} INFO - DAG(s) dict_keys(['example_sla_dag']) retrieved from /home/soamariaka/.local/lib/python3.9/site-packages/airflow/example_dags/example_sla_dag.py
[2023-08-14T14:25:22.856+0300] {logging_mixin.py:150} INFO - [2023-08-14T14:25:22.856+0300] {dag.py:2742} INFO - Sync 1 DAGs
[2023-08-14T14:25:22.894+0300] {logging_mixin.py:150} INFO - [2023-08-14T14:25:22.894+0300] {dag.py:3504} INFO - Setting next_dagrun for example_sla_dag to 2023-08-14T11:22:00+00:00, run_after=2023-08-14T11:24:00+00:00
[2023-08-14T14:25:23.719+0300] {processor.py:179} INFO - Processing /home/soamariaka/.local/lib/python3.9/site-packages/airflow/example_dags/example_sla_dag.py took 0.915 seconds
[2023-08-14T14:26:26.498+0300] {processor.py:157} INFO - Started process (PID=16726) to work on /home/soamariaka/.local/lib/python3.9/site-packages/airflow/example_dags/example_sla_dag.py
[2023-08-14T14:26:26.501+0300] {processor.py:826} INFO - Processing file /home/soamariaka/.local/lib/python3.9/site-packages/airflow/example_dags/example_sla_dag.py for tasks to queue
[2023-08-14T14:26:26.503+0300] {logging_mixin.py:150} INFO - [2023-08-14T14:26:26.502+0300] {dagbag.py:541} INFO - Filling up the DagBag from /home/soamariaka/.local/lib/python3.9/site-packages/airflow/example_dags/example_sla_dag.py
[2023-08-14T14:26:26.519+0300] {processor.py:836} INFO - DAG(s) dict_keys(['example_sla_dag']) retrieved from /home/soamariaka/.local/lib/python3.9/site-packages/airflow/example_dags/example_sla_dag.py
[2023-08-14T14:26:26.545+0300] {logging_mixin.py:150} INFO - [2023-08-14T14:26:26.545+0300] {dag.py:2742} INFO - Sync 1 DAGs
[2023-08-14T14:26:26.583+0300] {logging_mixin.py:150} INFO - [2023-08-14T14:26:26.583+0300] {dag.py:3504} INFO - Setting next_dagrun for example_sla_dag to 2023-08-14T11:24:00+00:00, run_after=2023-08-14T11:26:00+00:00
[2023-08-14T14:26:26.718+0300] {processor.py:179} INFO - Processing /home/soamariaka/.local/lib/python3.9/site-packages/airflow/example_dags/example_sla_dag.py took 0.226 seconds
[2023-08-14T14:27:24.291+0300] {processor.py:157} INFO - Started process (PID=16850) to work on /home/soamariaka/.local/lib/python3.9/site-packages/airflow/example_dags/example_sla_dag.py
[2023-08-14T14:27:24.319+0300] {processor.py:826} INFO - Processing file /home/soamariaka/.local/lib/python3.9/site-packages/airflow/example_dags/example_sla_dag.py for tasks to queue
[2023-08-14T14:27:24.320+0300] {logging_mixin.py:150} INFO - [2023-08-14T14:27:24.320+0300] {dagbag.py:541} INFO - Filling up the DagBag from /home/soamariaka/.local/lib/python3.9/site-packages/airflow/example_dags/example_sla_dag.py
[2023-08-14T14:27:24.336+0300] {processor.py:836} INFO - DAG(s) dict_keys(['example_sla_dag']) retrieved from /home/soamariaka/.local/lib/python3.9/site-packages/airflow/example_dags/example_sla_dag.py
[2023-08-14T14:27:24.365+0300] {logging_mixin.py:150} INFO - [2023-08-14T14:27:24.364+0300] {dag.py:2742} INFO - Sync 1 DAGs
[2023-08-14T14:27:24.403+0300] {logging_mixin.py:150} INFO - [2023-08-14T14:27:24.403+0300] {dag.py:3504} INFO - Setting next_dagrun for example_sla_dag to 2023-08-14T11:24:00+00:00, run_after=2023-08-14T11:26:00+00:00
[2023-08-14T14:27:24.549+0300] {processor.py:179} INFO - Processing /home/soamariaka/.local/lib/python3.9/site-packages/airflow/example_dags/example_sla_dag.py took 0.262 seconds
[2023-08-14T14:28:28.237+0300] {processor.py:157} INFO - Started process (PID=16971) to work on /home/soamariaka/.local/lib/python3.9/site-packages/airflow/example_dags/example_sla_dag.py
[2023-08-14T14:28:28.273+0300] {processor.py:826} INFO - Processing file /home/soamariaka/.local/lib/python3.9/site-packages/airflow/example_dags/example_sla_dag.py for tasks to queue
[2023-08-14T14:28:28.275+0300] {logging_mixin.py:150} INFO - [2023-08-14T14:28:28.274+0300] {dagbag.py:541} INFO - Filling up the DagBag from /home/soamariaka/.local/lib/python3.9/site-packages/airflow/example_dags/example_sla_dag.py
[2023-08-14T14:28:28.297+0300] {processor.py:836} INFO - DAG(s) dict_keys(['example_sla_dag']) retrieved from /home/soamariaka/.local/lib/python3.9/site-packages/airflow/example_dags/example_sla_dag.py
[2023-08-14T14:28:28.326+0300] {logging_mixin.py:150} INFO - [2023-08-14T14:28:28.326+0300] {dag.py:2742} INFO - Sync 1 DAGs
[2023-08-14T14:28:28.364+0300] {logging_mixin.py:150} INFO - [2023-08-14T14:28:28.363+0300] {dag.py:3504} INFO - Setting next_dagrun for example_sla_dag to 2023-08-14T11:26:00+00:00, run_after=2023-08-14T11:28:00+00:00
[2023-08-14T14:28:28.486+0300] {processor.py:179} INFO - Processing /home/soamariaka/.local/lib/python3.9/site-packages/airflow/example_dags/example_sla_dag.py took 0.254 seconds
[2023-08-14T14:29:28.636+0300] {processor.py:157} INFO - Started process (PID=17059) to work on /home/soamariaka/.local/lib/python3.9/site-packages/airflow/example_dags/example_sla_dag.py
[2023-08-14T14:29:28.672+0300] {processor.py:826} INFO - Processing file /home/soamariaka/.local/lib/python3.9/site-packages/airflow/example_dags/example_sla_dag.py for tasks to queue
[2023-08-14T14:29:28.673+0300] {logging_mixin.py:150} INFO - [2023-08-14T14:29:28.673+0300] {dagbag.py:541} INFO - Filling up the DagBag from /home/soamariaka/.local/lib/python3.9/site-packages/airflow/example_dags/example_sla_dag.py
[2023-08-14T14:29:28.686+0300] {processor.py:836} INFO - DAG(s) dict_keys(['example_sla_dag']) retrieved from /home/soamariaka/.local/lib/python3.9/site-packages/airflow/example_dags/example_sla_dag.py
[2023-08-14T14:29:28.709+0300] {logging_mixin.py:150} INFO - [2023-08-14T14:29:28.709+0300] {dag.py:2742} INFO - Sync 1 DAGs
[2023-08-14T14:29:28.747+0300] {logging_mixin.py:150} INFO - [2023-08-14T14:29:28.747+0300] {dag.py:3504} INFO - Setting next_dagrun for example_sla_dag to 2023-08-14T11:26:00+00:00, run_after=2023-08-14T11:28:00+00:00
[2023-08-14T14:29:28.886+0300] {processor.py:179} INFO - Processing /home/soamariaka/.local/lib/python3.9/site-packages/airflow/example_dags/example_sla_dag.py took 0.254 seconds
[2023-08-14T14:30:22.902+0300] {processor.py:157} INFO - Started process (PID=17228) to work on /home/soamariaka/.local/lib/python3.9/site-packages/airflow/example_dags/example_sla_dag.py
[2023-08-14T14:30:22.904+0300] {processor.py:826} INFO - Processing file /home/soamariaka/.local/lib/python3.9/site-packages/airflow/example_dags/example_sla_dag.py for tasks to queue
[2023-08-14T14:30:22.906+0300] {logging_mixin.py:150} INFO - [2023-08-14T14:30:22.905+0300] {dagbag.py:541} INFO - Filling up the DagBag from /home/soamariaka/.local/lib/python3.9/site-packages/airflow/example_dags/example_sla_dag.py
[2023-08-14T14:30:22.922+0300] {processor.py:836} INFO - DAG(s) dict_keys(['example_sla_dag']) retrieved from /home/soamariaka/.local/lib/python3.9/site-packages/airflow/example_dags/example_sla_dag.py
[2023-08-14T14:30:22.948+0300] {logging_mixin.py:150} INFO - [2023-08-14T14:30:22.947+0300] {dag.py:2742} INFO - Sync 1 DAGs
[2023-08-14T14:30:22.989+0300] {logging_mixin.py:150} INFO - [2023-08-14T14:30:22.988+0300] {dag.py:3504} INFO - Setting next_dagrun for example_sla_dag to 2023-08-14T11:28:00+00:00, run_after=2023-08-14T11:30:00+00:00
[2023-08-14T14:30:23.166+0300] {processor.py:179} INFO - Processing /home/soamariaka/.local/lib/python3.9/site-packages/airflow/example_dags/example_sla_dag.py took 0.270 seconds
[2023-08-14T14:31:17.905+0300] {processor.py:157} INFO - Started process (PID=17280) to work on /home/soamariaka/.local/lib/python3.9/site-packages/airflow/example_dags/example_sla_dag.py
[2023-08-14T14:31:17.934+0300] {processor.py:826} INFO - Processing file /home/soamariaka/.local/lib/python3.9/site-packages/airflow/example_dags/example_sla_dag.py for tasks to queue
[2023-08-14T14:31:17.935+0300] {logging_mixin.py:150} INFO - [2023-08-14T14:31:17.935+0300] {dagbag.py:541} INFO - Filling up the DagBag from /home/soamariaka/.local/lib/python3.9/site-packages/airflow/example_dags/example_sla_dag.py
[2023-08-14T14:31:17.952+0300] {processor.py:836} INFO - DAG(s) dict_keys(['example_sla_dag']) retrieved from /home/soamariaka/.local/lib/python3.9/site-packages/airflow/example_dags/example_sla_dag.py
[2023-08-14T14:31:17.982+0300] {logging_mixin.py:150} INFO - [2023-08-14T14:31:17.982+0300] {dag.py:2742} INFO - Sync 1 DAGs
[2023-08-14T14:31:18.021+0300] {logging_mixin.py:150} INFO - [2023-08-14T14:31:18.021+0300] {dag.py:3504} INFO - Setting next_dagrun for example_sla_dag to 2023-08-14T11:28:00+00:00, run_after=2023-08-14T11:30:00+00:00
[2023-08-14T14:31:18.205+0300] {processor.py:179} INFO - Processing /home/soamariaka/.local/lib/python3.9/site-packages/airflow/example_dags/example_sla_dag.py took 0.305 seconds
[2023-08-14T14:32:18.192+0300] {processor.py:157} INFO - Started process (PID=17400) to work on /home/soamariaka/.local/lib/python3.9/site-packages/airflow/example_dags/example_sla_dag.py
[2023-08-14T14:32:18.194+0300] {processor.py:826} INFO - Processing file /home/soamariaka/.local/lib/python3.9/site-packages/airflow/example_dags/example_sla_dag.py for tasks to queue
[2023-08-14T14:32:18.196+0300] {logging_mixin.py:150} INFO - [2023-08-14T14:32:18.195+0300] {dagbag.py:541} INFO - Filling up the DagBag from /home/soamariaka/.local/lib/python3.9/site-packages/airflow/example_dags/example_sla_dag.py
[2023-08-14T14:32:18.212+0300] {processor.py:836} INFO - DAG(s) dict_keys(['example_sla_dag']) retrieved from /home/soamariaka/.local/lib/python3.9/site-packages/airflow/example_dags/example_sla_dag.py
[2023-08-14T14:32:18.237+0300] {logging_mixin.py:150} INFO - [2023-08-14T14:32:18.237+0300] {dag.py:2742} INFO - Sync 1 DAGs
[2023-08-14T14:32:18.275+0300] {logging_mixin.py:150} INFO - [2023-08-14T14:32:18.275+0300] {dag.py:3504} INFO - Setting next_dagrun for example_sla_dag to 2023-08-14T11:30:00+00:00, run_after=2023-08-14T11:32:00+00:00
[2023-08-14T14:32:18.418+0300] {processor.py:179} INFO - Processing /home/soamariaka/.local/lib/python3.9/site-packages/airflow/example_dags/example_sla_dag.py took 0.231 seconds
[2023-08-14T14:33:18.140+0300] {processor.py:157} INFO - Started process (PID=17551) to work on /home/soamariaka/.local/lib/python3.9/site-packages/airflow/example_dags/example_sla_dag.py
[2023-08-14T14:33:18.143+0300] {processor.py:826} INFO - Processing file /home/soamariaka/.local/lib/python3.9/site-packages/airflow/example_dags/example_sla_dag.py for tasks to queue
[2023-08-14T14:33:18.144+0300] {logging_mixin.py:150} INFO - [2023-08-14T14:33:18.144+0300] {dagbag.py:541} INFO - Filling up the DagBag from /home/soamariaka/.local/lib/python3.9/site-packages/airflow/example_dags/example_sla_dag.py
[2023-08-14T14:33:18.160+0300] {processor.py:836} INFO - DAG(s) dict_keys(['example_sla_dag']) retrieved from /home/soamariaka/.local/lib/python3.9/site-packages/airflow/example_dags/example_sla_dag.py
[2023-08-14T14:33:18.186+0300] {logging_mixin.py:150} INFO - [2023-08-14T14:33:18.186+0300] {dag.py:2742} INFO - Sync 1 DAGs
[2023-08-14T14:33:18.224+0300] {logging_mixin.py:150} INFO - [2023-08-14T14:33:18.224+0300] {dag.py:3504} INFO - Setting next_dagrun for example_sla_dag to 2023-08-14T11:30:00+00:00, run_after=2023-08-14T11:32:00+00:00
[2023-08-14T14:33:18.372+0300] {processor.py:179} INFO - Processing /home/soamariaka/.local/lib/python3.9/site-packages/airflow/example_dags/example_sla_dag.py took 0.237 seconds
[2023-08-14T14:34:18.188+0300] {processor.py:157} INFO - Started process (PID=17605) to work on /home/soamariaka/.local/lib/python3.9/site-packages/airflow/example_dags/example_sla_dag.py
[2023-08-14T14:34:18.191+0300] {processor.py:826} INFO - Processing file /home/soamariaka/.local/lib/python3.9/site-packages/airflow/example_dags/example_sla_dag.py for tasks to queue
[2023-08-14T14:34:18.192+0300] {logging_mixin.py:150} INFO - [2023-08-14T14:34:18.192+0300] {dagbag.py:541} INFO - Filling up the DagBag from /home/soamariaka/.local/lib/python3.9/site-packages/airflow/example_dags/example_sla_dag.py
[2023-08-14T14:34:18.209+0300] {processor.py:836} INFO - DAG(s) dict_keys(['example_sla_dag']) retrieved from /home/soamariaka/.local/lib/python3.9/site-packages/airflow/example_dags/example_sla_dag.py
[2023-08-14T14:34:18.234+0300] {logging_mixin.py:150} INFO - [2023-08-14T14:34:18.234+0300] {dag.py:2742} INFO - Sync 1 DAGs
[2023-08-14T14:34:18.272+0300] {logging_mixin.py:150} INFO - [2023-08-14T14:34:18.272+0300] {dag.py:3504} INFO - Setting next_dagrun for example_sla_dag to 2023-08-14T11:32:00+00:00, run_after=2023-08-14T11:34:00+00:00
[2023-08-14T14:34:18.433+0300] {processor.py:179} INFO - Processing /home/soamariaka/.local/lib/python3.9/site-packages/airflow/example_dags/example_sla_dag.py took 0.250 seconds
[2023-08-14T14:35:43.751+0300] {processor.py:157} INFO - Started process (PID=17890) to work on /home/soamariaka/.local/lib/python3.9/site-packages/airflow/example_dags/example_sla_dag.py
[2023-08-14T14:35:43.812+0300] {processor.py:826} INFO - Processing file /home/soamariaka/.local/lib/python3.9/site-packages/airflow/example_dags/example_sla_dag.py for tasks to queue
[2023-08-14T14:35:43.813+0300] {logging_mixin.py:150} INFO - [2023-08-14T14:35:43.813+0300] {dagbag.py:541} INFO - Filling up the DagBag from /home/soamariaka/.local/lib/python3.9/site-packages/airflow/example_dags/example_sla_dag.py
[2023-08-14T14:35:43.826+0300] {processor.py:836} INFO - DAG(s) dict_keys(['example_sla_dag']) retrieved from /home/soamariaka/.local/lib/python3.9/site-packages/airflow/example_dags/example_sla_dag.py
[2023-08-14T14:35:43.850+0300] {logging_mixin.py:150} INFO - [2023-08-14T14:35:43.850+0300] {dag.py:2742} INFO - Sync 1 DAGs
[2023-08-14T14:35:43.888+0300] {logging_mixin.py:150} INFO - [2023-08-14T14:35:43.888+0300] {dag.py:3504} INFO - Setting next_dagrun for example_sla_dag to 2023-08-14T11:32:00+00:00, run_after=2023-08-14T11:34:00+00:00
[2023-08-14T14:35:44.943+0300] {processor.py:179} INFO - Processing /home/soamariaka/.local/lib/python3.9/site-packages/airflow/example_dags/example_sla_dag.py took 1.196 seconds
[2023-08-14T14:37:25.280+0300] {processor.py:157} INFO - Started process (PID=18057) to work on /home/soamariaka/.local/lib/python3.9/site-packages/airflow/example_dags/example_sla_dag.py
[2023-08-14T14:37:25.297+0300] {processor.py:826} INFO - Processing file /home/soamariaka/.local/lib/python3.9/site-packages/airflow/example_dags/example_sla_dag.py for tasks to queue
[2023-08-14T14:37:25.298+0300] {logging_mixin.py:150} INFO - [2023-08-14T14:37:25.298+0300] {dagbag.py:541} INFO - Filling up the DagBag from /home/soamariaka/.local/lib/python3.9/site-packages/airflow/example_dags/example_sla_dag.py
[2023-08-14T14:37:25.315+0300] {processor.py:836} INFO - DAG(s) dict_keys(['example_sla_dag']) retrieved from /home/soamariaka/.local/lib/python3.9/site-packages/airflow/example_dags/example_sla_dag.py
[2023-08-14T14:37:25.343+0300] {logging_mixin.py:150} INFO - [2023-08-14T14:37:25.342+0300] {dag.py:2742} INFO - Sync 1 DAGs
[2023-08-14T14:37:25.381+0300] {logging_mixin.py:150} INFO - [2023-08-14T14:37:25.381+0300] {dag.py:3504} INFO - Setting next_dagrun for example_sla_dag to 2023-08-14T11:34:00+00:00, run_after=2023-08-14T11:36:00+00:00
[2023-08-14T14:37:25.515+0300] {processor.py:179} INFO - Processing /home/soamariaka/.local/lib/python3.9/site-packages/airflow/example_dags/example_sla_dag.py took 0.240 seconds
[2023-08-14T14:38:26.072+0300] {processor.py:157} INFO - Started process (PID=18240) to work on /home/soamariaka/.local/lib/python3.9/site-packages/airflow/example_dags/example_sla_dag.py
[2023-08-14T14:38:26.076+0300] {processor.py:826} INFO - Processing file /home/soamariaka/.local/lib/python3.9/site-packages/airflow/example_dags/example_sla_dag.py for tasks to queue
[2023-08-14T14:38:26.078+0300] {logging_mixin.py:150} INFO - [2023-08-14T14:38:26.077+0300] {dagbag.py:541} INFO - Filling up the DagBag from /home/soamariaka/.local/lib/python3.9/site-packages/airflow/example_dags/example_sla_dag.py
[2023-08-14T14:38:26.093+0300] {processor.py:836} INFO - DAG(s) dict_keys(['example_sla_dag']) retrieved from /home/soamariaka/.local/lib/python3.9/site-packages/airflow/example_dags/example_sla_dag.py
[2023-08-14T14:38:26.170+0300] {logging_mixin.py:150} INFO - [2023-08-14T14:38:26.169+0300] {dag.py:2742} INFO - Sync 1 DAGs
[2023-08-14T14:38:26.214+0300] {logging_mixin.py:150} INFO - [2023-08-14T14:38:26.214+0300] {dag.py:3504} INFO - Setting next_dagrun for example_sla_dag to 2023-08-14T11:36:00+00:00, run_after=2023-08-14T11:38:00+00:00
[2023-08-14T14:38:26.466+0300] {processor.py:179} INFO - Processing /home/soamariaka/.local/lib/python3.9/site-packages/airflow/example_dags/example_sla_dag.py took 0.400 seconds
[2023-08-14T14:39:34.510+0300] {processor.py:157} INFO - Started process (PID=18395) to work on /home/soamariaka/.local/lib/python3.9/site-packages/airflow/example_dags/example_sla_dag.py
[2023-08-14T14:39:34.513+0300] {processor.py:826} INFO - Processing file /home/soamariaka/.local/lib/python3.9/site-packages/airflow/example_dags/example_sla_dag.py for tasks to queue
[2023-08-14T14:39:34.514+0300] {logging_mixin.py:150} INFO - [2023-08-14T14:39:34.514+0300] {dagbag.py:541} INFO - Filling up the DagBag from /home/soamariaka/.local/lib/python3.9/site-packages/airflow/example_dags/example_sla_dag.py
[2023-08-14T14:39:34.531+0300] {processor.py:836} INFO - DAG(s) dict_keys(['example_sla_dag']) retrieved from /home/soamariaka/.local/lib/python3.9/site-packages/airflow/example_dags/example_sla_dag.py
[2023-08-14T14:39:34.557+0300] {logging_mixin.py:150} INFO - [2023-08-14T14:39:34.556+0300] {dag.py:2742} INFO - Sync 1 DAGs
[2023-08-14T14:39:34.594+0300] {logging_mixin.py:150} INFO - [2023-08-14T14:39:34.594+0300] {dag.py:3504} INFO - Setting next_dagrun for example_sla_dag to 2023-08-14T11:36:00+00:00, run_after=2023-08-14T11:38:00+00:00
[2023-08-14T14:39:34.745+0300] {processor.py:179} INFO - Processing /home/soamariaka/.local/lib/python3.9/site-packages/airflow/example_dags/example_sla_dag.py took 0.240 seconds
[2023-08-14T14:40:59.584+0300] {processor.py:157} INFO - Started process (PID=18651) to work on /home/soamariaka/.local/lib/python3.9/site-packages/airflow/example_dags/example_sla_dag.py
[2023-08-14T14:40:59.586+0300] {processor.py:826} INFO - Processing file /home/soamariaka/.local/lib/python3.9/site-packages/airflow/example_dags/example_sla_dag.py for tasks to queue
[2023-08-14T14:40:59.588+0300] {logging_mixin.py:150} INFO - [2023-08-14T14:40:59.587+0300] {dagbag.py:541} INFO - Filling up the DagBag from /home/soamariaka/.local/lib/python3.9/site-packages/airflow/example_dags/example_sla_dag.py
[2023-08-14T14:40:59.604+0300] {processor.py:836} INFO - DAG(s) dict_keys(['example_sla_dag']) retrieved from /home/soamariaka/.local/lib/python3.9/site-packages/airflow/example_dags/example_sla_dag.py
[2023-08-14T14:40:59.629+0300] {logging_mixin.py:150} INFO - [2023-08-14T14:40:59.629+0300] {dag.py:2742} INFO - Sync 1 DAGs
[2023-08-14T14:40:59.667+0300] {logging_mixin.py:150} INFO - [2023-08-14T14:40:59.667+0300] {dag.py:3504} INFO - Setting next_dagrun for example_sla_dag to 2023-08-14T11:38:00+00:00, run_after=2023-08-14T11:40:00+00:00
[2023-08-14T14:40:59.800+0300] {processor.py:179} INFO - Processing /home/soamariaka/.local/lib/python3.9/site-packages/airflow/example_dags/example_sla_dag.py took 0.221 seconds
