[2023-08-14T13:33:05.973+0300] {processor.py:157} INFO - Started process (PID=10768) to work on /home/soamariaka/.local/lib/python3.9/site-packages/airflow/example_dags/example_sensors.py
[2023-08-14T13:33:05.974+0300] {processor.py:826} INFO - Processing file /home/soamariaka/.local/lib/python3.9/site-packages/airflow/example_dags/example_sensors.py for tasks to queue
[2023-08-14T13:33:05.976+0300] {logging_mixin.py:150} INFO - [2023-08-14T13:33:05.975+0300] {dagbag.py:541} INFO - Filling up the DagBag from /home/soamariaka/.local/lib/python3.9/site-packages/airflow/example_dags/example_sensors.py
[2023-08-14T13:33:05.993+0300] {processor.py:836} INFO - DAG(s) dict_keys(['example_sensors']) retrieved from /home/soamariaka/.local/lib/python3.9/site-packages/airflow/example_dags/example_sensors.py
[2023-08-14T13:33:06.027+0300] {logging_mixin.py:150} INFO - [2023-08-14T13:33:06.027+0300] {dag.py:2742} INFO - Sync 1 DAGs
[2023-08-14T13:33:06.058+0300] {logging_mixin.py:150} INFO - [2023-08-14T13:33:06.058+0300] {dag.py:3504} INFO - Setting next_dagrun for example_sensors to None, run_after=None
[2023-08-14T13:33:06.321+0300] {processor.py:179} INFO - Processing /home/soamariaka/.local/lib/python3.9/site-packages/airflow/example_dags/example_sensors.py took 0.353 seconds
[2023-08-14T13:34:10.513+0300] {processor.py:157} INFO - Started process (PID=10916) to work on /home/soamariaka/.local/lib/python3.9/site-packages/airflow/example_dags/example_sensors.py
[2023-08-14T13:34:10.606+0300] {processor.py:826} INFO - Processing file /home/soamariaka/.local/lib/python3.9/site-packages/airflow/example_dags/example_sensors.py for tasks to queue
[2023-08-14T13:34:10.608+0300] {logging_mixin.py:150} INFO - [2023-08-14T13:34:10.608+0300] {dagbag.py:541} INFO - Filling up the DagBag from /home/soamariaka/.local/lib/python3.9/site-packages/airflow/example_dags/example_sensors.py
[2023-08-14T13:34:10.630+0300] {processor.py:836} INFO - DAG(s) dict_keys(['example_sensors']) retrieved from /home/soamariaka/.local/lib/python3.9/site-packages/airflow/example_dags/example_sensors.py
[2023-08-14T13:34:10.673+0300] {logging_mixin.py:150} INFO - [2023-08-14T13:34:10.672+0300] {dag.py:2742} INFO - Sync 1 DAGs
[2023-08-14T13:34:11.704+0300] {logging_mixin.py:150} INFO - [2023-08-14T13:34:11.704+0300] {dag.py:3504} INFO - Setting next_dagrun for example_sensors to None, run_after=None
[2023-08-14T13:34:12.020+0300] {processor.py:179} INFO - Processing /home/soamariaka/.local/lib/python3.9/site-packages/airflow/example_dags/example_sensors.py took 1.513 seconds
[2023-08-14T13:35:41.017+0300] {processor.py:157} INFO - Started process (PID=11052) to work on /home/soamariaka/.local/lib/python3.9/site-packages/airflow/example_dags/example_sensors.py
[2023-08-14T13:35:41.020+0300] {processor.py:826} INFO - Processing file /home/soamariaka/.local/lib/python3.9/site-packages/airflow/example_dags/example_sensors.py for tasks to queue
[2023-08-14T13:35:41.021+0300] {logging_mixin.py:150} INFO - [2023-08-14T13:35:41.021+0300] {dagbag.py:541} INFO - Filling up the DagBag from /home/soamariaka/.local/lib/python3.9/site-packages/airflow/example_dags/example_sensors.py
[2023-08-14T13:35:41.040+0300] {processor.py:836} INFO - DAG(s) dict_keys(['example_sensors']) retrieved from /home/soamariaka/.local/lib/python3.9/site-packages/airflow/example_dags/example_sensors.py
[2023-08-14T13:35:41.073+0300] {logging_mixin.py:150} INFO - [2023-08-14T13:35:41.072+0300] {dag.py:2742} INFO - Sync 1 DAGs
[2023-08-14T13:35:41.103+0300] {logging_mixin.py:150} INFO - [2023-08-14T13:35:41.103+0300] {dag.py:3504} INFO - Setting next_dagrun for example_sensors to None, run_after=None
[2023-08-14T13:35:41.253+0300] {processor.py:179} INFO - Processing /home/soamariaka/.local/lib/python3.9/site-packages/airflow/example_dags/example_sensors.py took 0.241 seconds
[2023-08-14T13:36:41.412+0300] {processor.py:157} INFO - Started process (PID=11109) to work on /home/soamariaka/.local/lib/python3.9/site-packages/airflow/example_dags/example_sensors.py
[2023-08-14T13:36:41.446+0300] {processor.py:826} INFO - Processing file /home/soamariaka/.local/lib/python3.9/site-packages/airflow/example_dags/example_sensors.py for tasks to queue
[2023-08-14T13:36:41.449+0300] {logging_mixin.py:150} INFO - [2023-08-14T13:36:41.448+0300] {dagbag.py:541} INFO - Filling up the DagBag from /home/soamariaka/.local/lib/python3.9/site-packages/airflow/example_dags/example_sensors.py
[2023-08-14T13:36:41.475+0300] {processor.py:836} INFO - DAG(s) dict_keys(['example_sensors']) retrieved from /home/soamariaka/.local/lib/python3.9/site-packages/airflow/example_dags/example_sensors.py
[2023-08-14T13:36:41.541+0300] {logging_mixin.py:150} INFO - [2023-08-14T13:36:41.540+0300] {dag.py:2742} INFO - Sync 1 DAGs
[2023-08-14T13:36:41.580+0300] {logging_mixin.py:150} INFO - [2023-08-14T13:36:41.580+0300] {dag.py:3504} INFO - Setting next_dagrun for example_sensors to None, run_after=None
[2023-08-14T13:36:41.710+0300] {processor.py:179} INFO - Processing /home/soamariaka/.local/lib/python3.9/site-packages/airflow/example_dags/example_sensors.py took 0.305 seconds
[2023-08-14T13:37:40.008+0300] {processor.py:157} INFO - Started process (PID=11235) to work on /home/soamariaka/.local/lib/python3.9/site-packages/airflow/example_dags/example_sensors.py
[2023-08-14T13:37:40.032+0300] {processor.py:826} INFO - Processing file /home/soamariaka/.local/lib/python3.9/site-packages/airflow/example_dags/example_sensors.py for tasks to queue
[2023-08-14T13:37:40.035+0300] {logging_mixin.py:150} INFO - [2023-08-14T13:37:40.034+0300] {dagbag.py:541} INFO - Filling up the DagBag from /home/soamariaka/.local/lib/python3.9/site-packages/airflow/example_dags/example_sensors.py
[2023-08-14T13:37:40.058+0300] {processor.py:836} INFO - DAG(s) dict_keys(['example_sensors']) retrieved from /home/soamariaka/.local/lib/python3.9/site-packages/airflow/example_dags/example_sensors.py
[2023-08-14T13:37:40.103+0300] {logging_mixin.py:150} INFO - [2023-08-14T13:37:40.103+0300] {dag.py:2742} INFO - Sync 1 DAGs
[2023-08-14T13:37:40.140+0300] {logging_mixin.py:150} INFO - [2023-08-14T13:37:40.139+0300] {dag.py:3504} INFO - Setting next_dagrun for example_sensors to None, run_after=None
[2023-08-14T13:37:40.253+0300] {processor.py:179} INFO - Processing /home/soamariaka/.local/lib/python3.9/site-packages/airflow/example_dags/example_sensors.py took 0.252 seconds
[2023-08-14T13:38:41.387+0300] {processor.py:157} INFO - Started process (PID=11357) to work on /home/soamariaka/.local/lib/python3.9/site-packages/airflow/example_dags/example_sensors.py
[2023-08-14T13:38:41.565+0300] {processor.py:826} INFO - Processing file /home/soamariaka/.local/lib/python3.9/site-packages/airflow/example_dags/example_sensors.py for tasks to queue
[2023-08-14T13:38:41.568+0300] {logging_mixin.py:150} INFO - [2023-08-14T13:38:41.567+0300] {dagbag.py:541} INFO - Filling up the DagBag from /home/soamariaka/.local/lib/python3.9/site-packages/airflow/example_dags/example_sensors.py
[2023-08-14T13:38:41.594+0300] {processor.py:836} INFO - DAG(s) dict_keys(['example_sensors']) retrieved from /home/soamariaka/.local/lib/python3.9/site-packages/airflow/example_dags/example_sensors.py
[2023-08-14T13:38:41.643+0300] {logging_mixin.py:150} INFO - [2023-08-14T13:38:41.643+0300] {dag.py:2742} INFO - Sync 1 DAGs
[2023-08-14T13:38:41.691+0300] {logging_mixin.py:150} INFO - [2023-08-14T13:38:41.690+0300] {dag.py:3504} INFO - Setting next_dagrun for example_sensors to None, run_after=None
[2023-08-14T13:38:41.954+0300] {processor.py:179} INFO - Processing /home/soamariaka/.local/lib/python3.9/site-packages/airflow/example_dags/example_sensors.py took 0.571 seconds
[2023-08-14T13:39:45.848+0300] {processor.py:157} INFO - Started process (PID=11446) to work on /home/soamariaka/.local/lib/python3.9/site-packages/airflow/example_dags/example_sensors.py
[2023-08-14T13:39:45.863+0300] {processor.py:826} INFO - Processing file /home/soamariaka/.local/lib/python3.9/site-packages/airflow/example_dags/example_sensors.py for tasks to queue
[2023-08-14T13:39:45.864+0300] {logging_mixin.py:150} INFO - [2023-08-14T13:39:45.864+0300] {dagbag.py:541} INFO - Filling up the DagBag from /home/soamariaka/.local/lib/python3.9/site-packages/airflow/example_dags/example_sensors.py
[2023-08-14T13:39:45.882+0300] {processor.py:836} INFO - DAG(s) dict_keys(['example_sensors']) retrieved from /home/soamariaka/.local/lib/python3.9/site-packages/airflow/example_dags/example_sensors.py
[2023-08-14T13:39:45.914+0300] {logging_mixin.py:150} INFO - [2023-08-14T13:39:45.914+0300] {dag.py:2742} INFO - Sync 1 DAGs
[2023-08-14T13:39:45.945+0300] {logging_mixin.py:150} INFO - [2023-08-14T13:39:45.945+0300] {dag.py:3504} INFO - Setting next_dagrun for example_sensors to None, run_after=None
[2023-08-14T13:39:46.092+0300] {processor.py:179} INFO - Processing /home/soamariaka/.local/lib/python3.9/site-packages/airflow/example_dags/example_sensors.py took 0.249 seconds
[2023-08-14T13:40:43.430+0300] {processor.py:157} INFO - Started process (PID=11516) to work on /home/soamariaka/.local/lib/python3.9/site-packages/airflow/example_dags/example_sensors.py
[2023-08-14T13:40:43.432+0300] {processor.py:826} INFO - Processing file /home/soamariaka/.local/lib/python3.9/site-packages/airflow/example_dags/example_sensors.py for tasks to queue
[2023-08-14T13:40:43.434+0300] {logging_mixin.py:150} INFO - [2023-08-14T13:40:43.433+0300] {dagbag.py:541} INFO - Filling up the DagBag from /home/soamariaka/.local/lib/python3.9/site-packages/airflow/example_dags/example_sensors.py
[2023-08-14T13:40:43.452+0300] {processor.py:836} INFO - DAG(s) dict_keys(['example_sensors']) retrieved from /home/soamariaka/.local/lib/python3.9/site-packages/airflow/example_dags/example_sensors.py
[2023-08-14T13:40:43.485+0300] {logging_mixin.py:150} INFO - [2023-08-14T13:40:43.484+0300] {dag.py:2742} INFO - Sync 1 DAGs
[2023-08-14T13:40:43.515+0300] {logging_mixin.py:150} INFO - [2023-08-14T13:40:43.515+0300] {dag.py:3504} INFO - Setting next_dagrun for example_sensors to None, run_after=None
[2023-08-14T13:40:43.656+0300] {processor.py:179} INFO - Processing /home/soamariaka/.local/lib/python3.9/site-packages/airflow/example_dags/example_sensors.py took 0.232 seconds
[2023-08-14T13:41:38.264+0300] {processor.py:157} INFO - Started process (PID=11595) to work on /home/soamariaka/.local/lib/python3.9/site-packages/airflow/example_dags/example_sensors.py
[2023-08-14T13:41:38.267+0300] {processor.py:826} INFO - Processing file /home/soamariaka/.local/lib/python3.9/site-packages/airflow/example_dags/example_sensors.py for tasks to queue
[2023-08-14T13:41:38.269+0300] {logging_mixin.py:150} INFO - [2023-08-14T13:41:38.268+0300] {dagbag.py:541} INFO - Filling up the DagBag from /home/soamariaka/.local/lib/python3.9/site-packages/airflow/example_dags/example_sensors.py
[2023-08-14T13:41:38.290+0300] {processor.py:836} INFO - DAG(s) dict_keys(['example_sensors']) retrieved from /home/soamariaka/.local/lib/python3.9/site-packages/airflow/example_dags/example_sensors.py
[2023-08-14T13:41:38.333+0300] {logging_mixin.py:150} INFO - [2023-08-14T13:41:38.332+0300] {dag.py:2742} INFO - Sync 1 DAGs
[2023-08-14T13:41:38.363+0300] {logging_mixin.py:150} INFO - [2023-08-14T13:41:38.363+0300] {dag.py:3504} INFO - Setting next_dagrun for example_sensors to None, run_after=None
[2023-08-14T13:41:38.488+0300] {processor.py:179} INFO - Processing /home/soamariaka/.local/lib/python3.9/site-packages/airflow/example_dags/example_sensors.py took 0.231 seconds
[2023-08-14T13:42:33.521+0300] {processor.py:157} INFO - Started process (PID=11645) to work on /home/soamariaka/.local/lib/python3.9/site-packages/airflow/example_dags/example_sensors.py
[2023-08-14T13:42:33.554+0300] {processor.py:826} INFO - Processing file /home/soamariaka/.local/lib/python3.9/site-packages/airflow/example_dags/example_sensors.py for tasks to queue
[2023-08-14T13:42:33.557+0300] {logging_mixin.py:150} INFO - [2023-08-14T13:42:33.556+0300] {dagbag.py:541} INFO - Filling up the DagBag from /home/soamariaka/.local/lib/python3.9/site-packages/airflow/example_dags/example_sensors.py
[2023-08-14T13:42:33.584+0300] {processor.py:836} INFO - DAG(s) dict_keys(['example_sensors']) retrieved from /home/soamariaka/.local/lib/python3.9/site-packages/airflow/example_dags/example_sensors.py
[2023-08-14T13:42:33.619+0300] {logging_mixin.py:150} INFO - [2023-08-14T13:42:33.619+0300] {dag.py:2742} INFO - Sync 1 DAGs
[2023-08-14T13:42:33.650+0300] {logging_mixin.py:150} INFO - [2023-08-14T13:42:33.649+0300] {dag.py:3504} INFO - Setting next_dagrun for example_sensors to None, run_after=None
[2023-08-14T13:42:33.879+0300] {processor.py:179} INFO - Processing /home/soamariaka/.local/lib/python3.9/site-packages/airflow/example_dags/example_sensors.py took 0.364 seconds
[2023-08-14T13:43:27.656+0300] {processor.py:157} INFO - Started process (PID=11694) to work on /home/soamariaka/.local/lib/python3.9/site-packages/airflow/example_dags/example_sensors.py
[2023-08-14T13:43:27.713+0300] {processor.py:826} INFO - Processing file /home/soamariaka/.local/lib/python3.9/site-packages/airflow/example_dags/example_sensors.py for tasks to queue
[2023-08-14T13:43:27.714+0300] {logging_mixin.py:150} INFO - [2023-08-14T13:43:27.714+0300] {dagbag.py:541} INFO - Filling up the DagBag from /home/soamariaka/.local/lib/python3.9/site-packages/airflow/example_dags/example_sensors.py
[2023-08-14T13:43:27.737+0300] {processor.py:836} INFO - DAG(s) dict_keys(['example_sensors']) retrieved from /home/soamariaka/.local/lib/python3.9/site-packages/airflow/example_dags/example_sensors.py
[2023-08-14T13:43:27.780+0300] {logging_mixin.py:150} INFO - [2023-08-14T13:43:27.779+0300] {dag.py:2742} INFO - Sync 1 DAGs
[2023-08-14T13:43:27.820+0300] {logging_mixin.py:150} INFO - [2023-08-14T13:43:27.819+0300] {dag.py:3504} INFO - Setting next_dagrun for example_sensors to None, run_after=None
[2023-08-14T13:43:28.396+0300] {processor.py:179} INFO - Processing /home/soamariaka/.local/lib/python3.9/site-packages/airflow/example_dags/example_sensors.py took 0.745 seconds
[2023-08-14T13:44:28.727+0300] {processor.py:157} INFO - Started process (PID=11776) to work on /home/soamariaka/.local/lib/python3.9/site-packages/airflow/example_dags/example_sensors.py
[2023-08-14T13:44:28.729+0300] {processor.py:826} INFO - Processing file /home/soamariaka/.local/lib/python3.9/site-packages/airflow/example_dags/example_sensors.py for tasks to queue
[2023-08-14T13:44:28.730+0300] {logging_mixin.py:150} INFO - [2023-08-14T13:44:28.730+0300] {dagbag.py:541} INFO - Filling up the DagBag from /home/soamariaka/.local/lib/python3.9/site-packages/airflow/example_dags/example_sensors.py
[2023-08-14T13:44:28.745+0300] {processor.py:836} INFO - DAG(s) dict_keys(['example_sensors']) retrieved from /home/soamariaka/.local/lib/python3.9/site-packages/airflow/example_dags/example_sensors.py
[2023-08-14T13:44:28.775+0300] {logging_mixin.py:150} INFO - [2023-08-14T13:44:28.775+0300] {dag.py:2742} INFO - Sync 1 DAGs
[2023-08-14T13:44:28.805+0300] {logging_mixin.py:150} INFO - [2023-08-14T13:44:28.805+0300] {dag.py:3504} INFO - Setting next_dagrun for example_sensors to None, run_after=None
[2023-08-14T13:44:28.978+0300] {processor.py:179} INFO - Processing /home/soamariaka/.local/lib/python3.9/site-packages/airflow/example_dags/example_sensors.py took 0.255 seconds
[2023-08-14T13:45:36.417+0300] {processor.py:157} INFO - Started process (PID=11854) to work on /home/soamariaka/.local/lib/python3.9/site-packages/airflow/example_dags/example_sensors.py
[2023-08-14T13:45:36.443+0300] {processor.py:826} INFO - Processing file /home/soamariaka/.local/lib/python3.9/site-packages/airflow/example_dags/example_sensors.py for tasks to queue
[2023-08-14T13:45:36.445+0300] {logging_mixin.py:150} INFO - [2023-08-14T13:45:36.444+0300] {dagbag.py:541} INFO - Filling up the DagBag from /home/soamariaka/.local/lib/python3.9/site-packages/airflow/example_dags/example_sensors.py
[2023-08-14T13:45:36.463+0300] {processor.py:836} INFO - DAG(s) dict_keys(['example_sensors']) retrieved from /home/soamariaka/.local/lib/python3.9/site-packages/airflow/example_dags/example_sensors.py
[2023-08-14T13:45:36.505+0300] {logging_mixin.py:150} INFO - [2023-08-14T13:45:36.505+0300] {dag.py:2742} INFO - Sync 1 DAGs
[2023-08-14T13:45:36.542+0300] {logging_mixin.py:150} INFO - [2023-08-14T13:45:36.542+0300] {dag.py:3504} INFO - Setting next_dagrun for example_sensors to None, run_after=None
[2023-08-14T13:45:36.939+0300] {processor.py:179} INFO - Processing /home/soamariaka/.local/lib/python3.9/site-packages/airflow/example_dags/example_sensors.py took 0.527 seconds
[2023-08-14T13:46:40.920+0300] {processor.py:157} INFO - Started process (PID=11943) to work on /home/soamariaka/.local/lib/python3.9/site-packages/airflow/example_dags/example_sensors.py
[2023-08-14T13:46:40.956+0300] {processor.py:826} INFO - Processing file /home/soamariaka/.local/lib/python3.9/site-packages/airflow/example_dags/example_sensors.py for tasks to queue
[2023-08-14T13:46:40.977+0300] {logging_mixin.py:150} INFO - [2023-08-14T13:46:40.976+0300] {dagbag.py:541} INFO - Filling up the DagBag from /home/soamariaka/.local/lib/python3.9/site-packages/airflow/example_dags/example_sensors.py
[2023-08-14T13:46:41.000+0300] {processor.py:836} INFO - DAG(s) dict_keys(['example_sensors']) retrieved from /home/soamariaka/.local/lib/python3.9/site-packages/airflow/example_dags/example_sensors.py
[2023-08-14T13:46:41.042+0300] {logging_mixin.py:150} INFO - [2023-08-14T13:46:41.042+0300] {dag.py:2742} INFO - Sync 1 DAGs
[2023-08-14T13:46:41.089+0300] {logging_mixin.py:150} INFO - [2023-08-14T13:46:41.089+0300] {dag.py:3504} INFO - Setting next_dagrun for example_sensors to None, run_after=None
[2023-08-14T13:46:41.301+0300] {processor.py:179} INFO - Processing /home/soamariaka/.local/lib/python3.9/site-packages/airflow/example_dags/example_sensors.py took 0.386 seconds
[2023-08-14T13:47:39.611+0300] {processor.py:157} INFO - Started process (PID=11999) to work on /home/soamariaka/.local/lib/python3.9/site-packages/airflow/example_dags/example_sensors.py
[2023-08-14T13:47:39.643+0300] {processor.py:826} INFO - Processing file /home/soamariaka/.local/lib/python3.9/site-packages/airflow/example_dags/example_sensors.py for tasks to queue
[2023-08-14T13:47:39.645+0300] {logging_mixin.py:150} INFO - [2023-08-14T13:47:39.644+0300] {dagbag.py:541} INFO - Filling up the DagBag from /home/soamariaka/.local/lib/python3.9/site-packages/airflow/example_dags/example_sensors.py
[2023-08-14T13:47:39.663+0300] {processor.py:836} INFO - DAG(s) dict_keys(['example_sensors']) retrieved from /home/soamariaka/.local/lib/python3.9/site-packages/airflow/example_dags/example_sensors.py
[2023-08-14T13:47:39.700+0300] {logging_mixin.py:150} INFO - [2023-08-14T13:47:39.700+0300] {dag.py:2742} INFO - Sync 1 DAGs
[2023-08-14T13:47:39.731+0300] {logging_mixin.py:150} INFO - [2023-08-14T13:47:39.731+0300] {dag.py:3504} INFO - Setting next_dagrun for example_sensors to None, run_after=None
[2023-08-14T13:47:39.870+0300] {processor.py:179} INFO - Processing /home/soamariaka/.local/lib/python3.9/site-packages/airflow/example_dags/example_sensors.py took 0.264 seconds
[2023-08-14T13:48:42.018+0300] {processor.py:157} INFO - Started process (PID=12093) to work on /home/soamariaka/.local/lib/python3.9/site-packages/airflow/example_dags/example_sensors.py
[2023-08-14T13:48:42.042+0300] {processor.py:826} INFO - Processing file /home/soamariaka/.local/lib/python3.9/site-packages/airflow/example_dags/example_sensors.py for tasks to queue
[2023-08-14T13:48:42.044+0300] {logging_mixin.py:150} INFO - [2023-08-14T13:48:42.043+0300] {dagbag.py:541} INFO - Filling up the DagBag from /home/soamariaka/.local/lib/python3.9/site-packages/airflow/example_dags/example_sensors.py
[2023-08-14T13:48:42.060+0300] {processor.py:836} INFO - DAG(s) dict_keys(['example_sensors']) retrieved from /home/soamariaka/.local/lib/python3.9/site-packages/airflow/example_dags/example_sensors.py
[2023-08-14T13:48:42.117+0300] {logging_mixin.py:150} INFO - [2023-08-14T13:48:42.116+0300] {dag.py:2742} INFO - Sync 1 DAGs
[2023-08-14T13:48:42.150+0300] {logging_mixin.py:150} INFO - [2023-08-14T13:48:42.149+0300] {dag.py:3504} INFO - Setting next_dagrun for example_sensors to None, run_after=None
[2023-08-14T13:48:42.270+0300] {processor.py:179} INFO - Processing /home/soamariaka/.local/lib/python3.9/site-packages/airflow/example_dags/example_sensors.py took 0.258 seconds
[2023-08-14T13:49:43.632+0300] {processor.py:157} INFO - Started process (PID=12150) to work on /home/soamariaka/.local/lib/python3.9/site-packages/airflow/example_dags/example_sensors.py
[2023-08-14T13:49:43.635+0300] {processor.py:826} INFO - Processing file /home/soamariaka/.local/lib/python3.9/site-packages/airflow/example_dags/example_sensors.py for tasks to queue
[2023-08-14T13:49:43.636+0300] {logging_mixin.py:150} INFO - [2023-08-14T13:49:43.636+0300] {dagbag.py:541} INFO - Filling up the DagBag from /home/soamariaka/.local/lib/python3.9/site-packages/airflow/example_dags/example_sensors.py
[2023-08-14T13:49:43.654+0300] {processor.py:836} INFO - DAG(s) dict_keys(['example_sensors']) retrieved from /home/soamariaka/.local/lib/python3.9/site-packages/airflow/example_dags/example_sensors.py
[2023-08-14T13:49:43.688+0300] {logging_mixin.py:150} INFO - [2023-08-14T13:49:43.688+0300] {dag.py:2742} INFO - Sync 1 DAGs
[2023-08-14T13:49:43.718+0300] {logging_mixin.py:150} INFO - [2023-08-14T13:49:43.718+0300] {dag.py:3504} INFO - Setting next_dagrun for example_sensors to None, run_after=None
[2023-08-14T13:49:43.872+0300] {processor.py:179} INFO - Processing /home/soamariaka/.local/lib/python3.9/site-packages/airflow/example_dags/example_sensors.py took 0.245 seconds
[2023-08-14T13:50:49.141+0300] {processor.py:157} INFO - Started process (PID=12227) to work on /home/soamariaka/.local/lib/python3.9/site-packages/airflow/example_dags/example_sensors.py
[2023-08-14T13:50:49.162+0300] {processor.py:826} INFO - Processing file /home/soamariaka/.local/lib/python3.9/site-packages/airflow/example_dags/example_sensors.py for tasks to queue
[2023-08-14T13:50:49.164+0300] {logging_mixin.py:150} INFO - [2023-08-14T13:50:49.163+0300] {dagbag.py:541} INFO - Filling up the DagBag from /home/soamariaka/.local/lib/python3.9/site-packages/airflow/example_dags/example_sensors.py
[2023-08-14T13:50:49.183+0300] {processor.py:836} INFO - DAG(s) dict_keys(['example_sensors']) retrieved from /home/soamariaka/.local/lib/python3.9/site-packages/airflow/example_dags/example_sensors.py
[2023-08-14T13:50:49.222+0300] {logging_mixin.py:150} INFO - [2023-08-14T13:50:49.221+0300] {dag.py:2742} INFO - Sync 1 DAGs
[2023-08-14T13:50:49.254+0300] {logging_mixin.py:150} INFO - [2023-08-14T13:50:49.253+0300] {dag.py:3504} INFO - Setting next_dagrun for example_sensors to None, run_after=None
[2023-08-14T13:50:49.409+0300] {processor.py:179} INFO - Processing /home/soamariaka/.local/lib/python3.9/site-packages/airflow/example_dags/example_sensors.py took 0.274 seconds
[2023-08-14T13:51:54.885+0300] {processor.py:157} INFO - Started process (PID=12321) to work on /home/soamariaka/.local/lib/python3.9/site-packages/airflow/example_dags/example_sensors.py
[2023-08-14T13:51:54.905+0300] {processor.py:826} INFO - Processing file /home/soamariaka/.local/lib/python3.9/site-packages/airflow/example_dags/example_sensors.py for tasks to queue
[2023-08-14T13:51:54.907+0300] {logging_mixin.py:150} INFO - [2023-08-14T13:51:54.906+0300] {dagbag.py:541} INFO - Filling up the DagBag from /home/soamariaka/.local/lib/python3.9/site-packages/airflow/example_dags/example_sensors.py
[2023-08-14T13:51:54.924+0300] {processor.py:836} INFO - DAG(s) dict_keys(['example_sensors']) retrieved from /home/soamariaka/.local/lib/python3.9/site-packages/airflow/example_dags/example_sensors.py
[2023-08-14T13:51:54.959+0300] {logging_mixin.py:150} INFO - [2023-08-14T13:51:54.958+0300] {dag.py:2742} INFO - Sync 1 DAGs
[2023-08-14T13:51:54.995+0300] {logging_mixin.py:150} INFO - [2023-08-14T13:51:54.995+0300] {dag.py:3504} INFO - Setting next_dagrun for example_sensors to None, run_after=None
[2023-08-14T13:51:55.449+0300] {processor.py:179} INFO - Processing /home/soamariaka/.local/lib/python3.9/site-packages/airflow/example_dags/example_sensors.py took 0.570 seconds
[2023-08-14T13:52:56.958+0300] {processor.py:157} INFO - Started process (PID=12377) to work on /home/soamariaka/.local/lib/python3.9/site-packages/airflow/example_dags/example_sensors.py
[2023-08-14T13:52:56.982+0300] {processor.py:826} INFO - Processing file /home/soamariaka/.local/lib/python3.9/site-packages/airflow/example_dags/example_sensors.py for tasks to queue
[2023-08-14T13:52:56.983+0300] {logging_mixin.py:150} INFO - [2023-08-14T13:52:56.983+0300] {dagbag.py:541} INFO - Filling up the DagBag from /home/soamariaka/.local/lib/python3.9/site-packages/airflow/example_dags/example_sensors.py
[2023-08-14T13:52:57.001+0300] {processor.py:836} INFO - DAG(s) dict_keys(['example_sensors']) retrieved from /home/soamariaka/.local/lib/python3.9/site-packages/airflow/example_dags/example_sensors.py
[2023-08-14T13:52:57.039+0300] {logging_mixin.py:150} INFO - [2023-08-14T13:52:57.039+0300] {dag.py:2742} INFO - Sync 1 DAGs
[2023-08-14T13:52:57.069+0300] {logging_mixin.py:150} INFO - [2023-08-14T13:52:57.069+0300] {dag.py:3504} INFO - Setting next_dagrun for example_sensors to None, run_after=None
[2023-08-14T13:52:57.349+0300] {processor.py:179} INFO - Processing /home/soamariaka/.local/lib/python3.9/site-packages/airflow/example_dags/example_sensors.py took 0.396 seconds
[2023-08-14T13:54:01.940+0300] {processor.py:157} INFO - Started process (PID=12438) to work on /home/soamariaka/.local/lib/python3.9/site-packages/airflow/example_dags/example_sensors.py
[2023-08-14T13:54:01.944+0300] {processor.py:826} INFO - Processing file /home/soamariaka/.local/lib/python3.9/site-packages/airflow/example_dags/example_sensors.py for tasks to queue
[2023-08-14T13:54:01.946+0300] {logging_mixin.py:150} INFO - [2023-08-14T13:54:01.946+0300] {dagbag.py:541} INFO - Filling up the DagBag from /home/soamariaka/.local/lib/python3.9/site-packages/airflow/example_dags/example_sensors.py
[2023-08-14T13:54:01.964+0300] {processor.py:836} INFO - DAG(s) dict_keys(['example_sensors']) retrieved from /home/soamariaka/.local/lib/python3.9/site-packages/airflow/example_dags/example_sensors.py
[2023-08-14T13:54:01.998+0300] {logging_mixin.py:150} INFO - [2023-08-14T13:54:01.998+0300] {dag.py:2742} INFO - Sync 1 DAGs
[2023-08-14T13:54:02.029+0300] {logging_mixin.py:150} INFO - [2023-08-14T13:54:02.029+0300] {dag.py:3504} INFO - Setting next_dagrun for example_sensors to None, run_after=None
[2023-08-14T13:54:02.357+0300] {processor.py:179} INFO - Processing /home/soamariaka/.local/lib/python3.9/site-packages/airflow/example_dags/example_sensors.py took 0.422 seconds
[2023-08-14T13:55:06.801+0300] {processor.py:157} INFO - Started process (PID=12554) to work on /home/soamariaka/.local/lib/python3.9/site-packages/airflow/example_dags/example_sensors.py
[2023-08-14T13:55:06.829+0300] {processor.py:826} INFO - Processing file /home/soamariaka/.local/lib/python3.9/site-packages/airflow/example_dags/example_sensors.py for tasks to queue
[2023-08-14T13:55:06.831+0300] {logging_mixin.py:150} INFO - [2023-08-14T13:55:06.830+0300] {dagbag.py:541} INFO - Filling up the DagBag from /home/soamariaka/.local/lib/python3.9/site-packages/airflow/example_dags/example_sensors.py
[2023-08-14T13:55:06.850+0300] {processor.py:836} INFO - DAG(s) dict_keys(['example_sensors']) retrieved from /home/soamariaka/.local/lib/python3.9/site-packages/airflow/example_dags/example_sensors.py
[2023-08-14T13:55:06.888+0300] {logging_mixin.py:150} INFO - [2023-08-14T13:55:06.887+0300] {dag.py:2742} INFO - Sync 1 DAGs
[2023-08-14T13:55:06.919+0300] {logging_mixin.py:150} INFO - [2023-08-14T13:55:06.918+0300] {dag.py:3504} INFO - Setting next_dagrun for example_sensors to None, run_after=None
[2023-08-14T13:55:07.182+0300] {processor.py:179} INFO - Processing /home/soamariaka/.local/lib/python3.9/site-packages/airflow/example_dags/example_sensors.py took 0.387 seconds
[2023-08-14T13:56:16.128+0300] {processor.py:157} INFO - Started process (PID=12628) to work on /home/soamariaka/.local/lib/python3.9/site-packages/airflow/example_dags/example_sensors.py
[2023-08-14T13:56:16.150+0300] {processor.py:826} INFO - Processing file /home/soamariaka/.local/lib/python3.9/site-packages/airflow/example_dags/example_sensors.py for tasks to queue
[2023-08-14T13:56:16.152+0300] {logging_mixin.py:150} INFO - [2023-08-14T13:56:16.151+0300] {dagbag.py:541} INFO - Filling up the DagBag from /home/soamariaka/.local/lib/python3.9/site-packages/airflow/example_dags/example_sensors.py
[2023-08-14T13:56:16.170+0300] {processor.py:836} INFO - DAG(s) dict_keys(['example_sensors']) retrieved from /home/soamariaka/.local/lib/python3.9/site-packages/airflow/example_dags/example_sensors.py
[2023-08-14T13:56:16.207+0300] {logging_mixin.py:150} INFO - [2023-08-14T13:56:16.206+0300] {dag.py:2742} INFO - Sync 1 DAGs
[2023-08-14T13:56:16.238+0300] {logging_mixin.py:150} INFO - [2023-08-14T13:56:16.238+0300] {dag.py:3504} INFO - Setting next_dagrun for example_sensors to None, run_after=None
[2023-08-14T13:56:16.386+0300] {processor.py:179} INFO - Processing /home/soamariaka/.local/lib/python3.9/site-packages/airflow/example_dags/example_sensors.py took 0.263 seconds
[2023-08-14T13:57:23.887+0300] {processor.py:157} INFO - Started process (PID=12699) to work on /home/soamariaka/.local/lib/python3.9/site-packages/airflow/example_dags/example_sensors.py
[2023-08-14T13:57:23.889+0300] {processor.py:826} INFO - Processing file /home/soamariaka/.local/lib/python3.9/site-packages/airflow/example_dags/example_sensors.py for tasks to queue
[2023-08-14T13:57:23.891+0300] {logging_mixin.py:150} INFO - [2023-08-14T13:57:23.890+0300] {dagbag.py:541} INFO - Filling up the DagBag from /home/soamariaka/.local/lib/python3.9/site-packages/airflow/example_dags/example_sensors.py
[2023-08-14T13:57:23.906+0300] {processor.py:836} INFO - DAG(s) dict_keys(['example_sensors']) retrieved from /home/soamariaka/.local/lib/python3.9/site-packages/airflow/example_dags/example_sensors.py
[2023-08-14T13:57:23.937+0300] {logging_mixin.py:150} INFO - [2023-08-14T13:57:23.937+0300] {dag.py:2742} INFO - Sync 1 DAGs
[2023-08-14T13:57:23.968+0300] {logging_mixin.py:150} INFO - [2023-08-14T13:57:23.968+0300] {dag.py:3504} INFO - Setting next_dagrun for example_sensors to None, run_after=None
[2023-08-14T13:57:24.194+0300] {processor.py:179} INFO - Processing /home/soamariaka/.local/lib/python3.9/site-packages/airflow/example_dags/example_sensors.py took 0.311 seconds
[2023-08-14T13:58:25.362+0300] {processor.py:157} INFO - Started process (PID=12757) to work on /home/soamariaka/.local/lib/python3.9/site-packages/airflow/example_dags/example_sensors.py
[2023-08-14T13:58:25.383+0300] {processor.py:826} INFO - Processing file /home/soamariaka/.local/lib/python3.9/site-packages/airflow/example_dags/example_sensors.py for tasks to queue
[2023-08-14T13:58:25.385+0300] {logging_mixin.py:150} INFO - [2023-08-14T13:58:25.384+0300] {dagbag.py:541} INFO - Filling up the DagBag from /home/soamariaka/.local/lib/python3.9/site-packages/airflow/example_dags/example_sensors.py
[2023-08-14T13:58:25.405+0300] {processor.py:836} INFO - DAG(s) dict_keys(['example_sensors']) retrieved from /home/soamariaka/.local/lib/python3.9/site-packages/airflow/example_dags/example_sensors.py
[2023-08-14T13:58:25.444+0300] {logging_mixin.py:150} INFO - [2023-08-14T13:58:25.444+0300] {dag.py:2742} INFO - Sync 1 DAGs
[2023-08-14T13:58:25.474+0300] {logging_mixin.py:150} INFO - [2023-08-14T13:58:25.474+0300] {dag.py:3504} INFO - Setting next_dagrun for example_sensors to None, run_after=None
[2023-08-14T13:58:25.606+0300] {processor.py:179} INFO - Processing /home/soamariaka/.local/lib/python3.9/site-packages/airflow/example_dags/example_sensors.py took 0.249 seconds
[2023-08-14T13:59:30.573+0300] {processor.py:157} INFO - Started process (PID=12846) to work on /home/soamariaka/.local/lib/python3.9/site-packages/airflow/example_dags/example_sensors.py
[2023-08-14T13:59:30.576+0300] {processor.py:826} INFO - Processing file /home/soamariaka/.local/lib/python3.9/site-packages/airflow/example_dags/example_sensors.py for tasks to queue
[2023-08-14T13:59:30.577+0300] {logging_mixin.py:150} INFO - [2023-08-14T13:59:30.577+0300] {dagbag.py:541} INFO - Filling up the DagBag from /home/soamariaka/.local/lib/python3.9/site-packages/airflow/example_dags/example_sensors.py
[2023-08-14T13:59:30.595+0300] {processor.py:836} INFO - DAG(s) dict_keys(['example_sensors']) retrieved from /home/soamariaka/.local/lib/python3.9/site-packages/airflow/example_dags/example_sensors.py
[2023-08-14T13:59:30.628+0300] {logging_mixin.py:150} INFO - [2023-08-14T13:59:30.628+0300] {dag.py:2742} INFO - Sync 1 DAGs
[2023-08-14T13:59:30.658+0300] {logging_mixin.py:150} INFO - [2023-08-14T13:59:30.658+0300] {dag.py:3504} INFO - Setting next_dagrun for example_sensors to None, run_after=None
[2023-08-14T13:59:30.790+0300] {processor.py:179} INFO - Processing /home/soamariaka/.local/lib/python3.9/site-packages/airflow/example_dags/example_sensors.py took 0.223 seconds
[2023-08-14T14:00:33.349+0300] {processor.py:157} INFO - Started process (PID=12930) to work on /home/soamariaka/.local/lib/python3.9/site-packages/airflow/example_dags/example_sensors.py
[2023-08-14T14:00:33.361+0300] {processor.py:826} INFO - Processing file /home/soamariaka/.local/lib/python3.9/site-packages/airflow/example_dags/example_sensors.py for tasks to queue
[2023-08-14T14:00:33.363+0300] {logging_mixin.py:150} INFO - [2023-08-14T14:00:33.362+0300] {dagbag.py:541} INFO - Filling up the DagBag from /home/soamariaka/.local/lib/python3.9/site-packages/airflow/example_dags/example_sensors.py
[2023-08-14T14:00:33.381+0300] {processor.py:836} INFO - DAG(s) dict_keys(['example_sensors']) retrieved from /home/soamariaka/.local/lib/python3.9/site-packages/airflow/example_dags/example_sensors.py
[2023-08-14T14:00:33.419+0300] {logging_mixin.py:150} INFO - [2023-08-14T14:00:33.418+0300] {dag.py:2742} INFO - Sync 1 DAGs
[2023-08-14T14:00:33.450+0300] {logging_mixin.py:150} INFO - [2023-08-14T14:00:33.450+0300] {dag.py:3504} INFO - Setting next_dagrun for example_sensors to None, run_after=None
[2023-08-14T14:00:33.577+0300] {processor.py:179} INFO - Processing /home/soamariaka/.local/lib/python3.9/site-packages/airflow/example_dags/example_sensors.py took 0.234 seconds
[2023-08-14T14:01:36.686+0300] {processor.py:157} INFO - Started process (PID=12986) to work on /home/soamariaka/.local/lib/python3.9/site-packages/airflow/example_dags/example_sensors.py
[2023-08-14T14:01:36.689+0300] {processor.py:826} INFO - Processing file /home/soamariaka/.local/lib/python3.9/site-packages/airflow/example_dags/example_sensors.py for tasks to queue
[2023-08-14T14:01:36.691+0300] {logging_mixin.py:150} INFO - [2023-08-14T14:01:36.691+0300] {dagbag.py:541} INFO - Filling up the DagBag from /home/soamariaka/.local/lib/python3.9/site-packages/airflow/example_dags/example_sensors.py
[2023-08-14T14:01:36.718+0300] {processor.py:836} INFO - DAG(s) dict_keys(['example_sensors']) retrieved from /home/soamariaka/.local/lib/python3.9/site-packages/airflow/example_dags/example_sensors.py
[2023-08-14T14:01:36.768+0300] {logging_mixin.py:150} INFO - [2023-08-14T14:01:36.767+0300] {dag.py:2742} INFO - Sync 1 DAGs
[2023-08-14T14:01:36.843+0300] {logging_mixin.py:150} INFO - [2023-08-14T14:01:36.842+0300] {dag.py:3504} INFO - Setting next_dagrun for example_sensors to None, run_after=None
[2023-08-14T14:01:37.071+0300] {processor.py:179} INFO - Processing /home/soamariaka/.local/lib/python3.9/site-packages/airflow/example_dags/example_sensors.py took 0.392 seconds
[2023-08-14T14:04:20.404+0300] {processor.py:157} INFO - Started process (PID=13713) to work on /home/soamariaka/.local/lib/python3.9/site-packages/airflow/example_dags/example_sensors.py
[2023-08-14T14:04:20.446+0300] {processor.py:826} INFO - Processing file /home/soamariaka/.local/lib/python3.9/site-packages/airflow/example_dags/example_sensors.py for tasks to queue
[2023-08-14T14:04:20.448+0300] {logging_mixin.py:150} INFO - [2023-08-14T14:04:20.447+0300] {dagbag.py:541} INFO - Filling up the DagBag from /home/soamariaka/.local/lib/python3.9/site-packages/airflow/example_dags/example_sensors.py
[2023-08-14T14:04:20.489+0300] {processor.py:836} INFO - DAG(s) dict_keys(['example_sensors']) retrieved from /home/soamariaka/.local/lib/python3.9/site-packages/airflow/example_dags/example_sensors.py
[2023-08-14T14:04:20.533+0300] {logging_mixin.py:150} INFO - [2023-08-14T14:04:20.532+0300] {dag.py:2742} INFO - Sync 1 DAGs
[2023-08-14T14:04:20.652+0300] {logging_mixin.py:150} INFO - [2023-08-14T14:04:20.651+0300] {dag.py:3504} INFO - Setting next_dagrun for example_sensors to None, run_after=None
[2023-08-14T14:04:20.922+0300] {processor.py:179} INFO - Processing /home/soamariaka/.local/lib/python3.9/site-packages/airflow/example_dags/example_sensors.py took 0.523 seconds
[2023-08-14T14:05:21.548+0300] {processor.py:157} INFO - Started process (PID=13783) to work on /home/soamariaka/.local/lib/python3.9/site-packages/airflow/example_dags/example_sensors.py
[2023-08-14T14:05:21.599+0300] {processor.py:826} INFO - Processing file /home/soamariaka/.local/lib/python3.9/site-packages/airflow/example_dags/example_sensors.py for tasks to queue
[2023-08-14T14:05:21.602+0300] {logging_mixin.py:150} INFO - [2023-08-14T14:05:21.601+0300] {dagbag.py:541} INFO - Filling up the DagBag from /home/soamariaka/.local/lib/python3.9/site-packages/airflow/example_dags/example_sensors.py
[2023-08-14T14:05:21.621+0300] {processor.py:836} INFO - DAG(s) dict_keys(['example_sensors']) retrieved from /home/soamariaka/.local/lib/python3.9/site-packages/airflow/example_dags/example_sensors.py
[2023-08-14T14:05:21.693+0300] {logging_mixin.py:150} INFO - [2023-08-14T14:05:21.693+0300] {dag.py:2742} INFO - Sync 1 DAGs
[2023-08-14T14:05:21.760+0300] {logging_mixin.py:150} INFO - [2023-08-14T14:05:21.760+0300] {dag.py:3504} INFO - Setting next_dagrun for example_sensors to None, run_after=None
[2023-08-14T14:05:21.981+0300] {processor.py:179} INFO - Processing /home/soamariaka/.local/lib/python3.9/site-packages/airflow/example_dags/example_sensors.py took 0.438 seconds
[2023-08-14T14:06:45.827+0300] {processor.py:157} INFO - Started process (PID=13857) to work on /home/soamariaka/.local/lib/python3.9/site-packages/airflow/example_dags/example_sensors.py
[2023-08-14T14:06:45.864+0300] {processor.py:826} INFO - Processing file /home/soamariaka/.local/lib/python3.9/site-packages/airflow/example_dags/example_sensors.py for tasks to queue
[2023-08-14T14:06:45.866+0300] {logging_mixin.py:150} INFO - [2023-08-14T14:06:45.865+0300] {dagbag.py:541} INFO - Filling up the DagBag from /home/soamariaka/.local/lib/python3.9/site-packages/airflow/example_dags/example_sensors.py
[2023-08-14T14:06:45.889+0300] {processor.py:836} INFO - DAG(s) dict_keys(['example_sensors']) retrieved from /home/soamariaka/.local/lib/python3.9/site-packages/airflow/example_dags/example_sensors.py
[2023-08-14T14:06:45.934+0300] {logging_mixin.py:150} INFO - [2023-08-14T14:06:45.933+0300] {dag.py:2742} INFO - Sync 1 DAGs
[2023-08-14T14:06:45.978+0300] {logging_mixin.py:150} INFO - [2023-08-14T14:06:45.978+0300] {dag.py:3504} INFO - Setting next_dagrun for example_sensors to None, run_after=None
[2023-08-14T14:06:46.186+0300] {processor.py:179} INFO - Processing /home/soamariaka/.local/lib/python3.9/site-packages/airflow/example_dags/example_sensors.py took 0.367 seconds
[2023-08-14T14:08:45.700+0300] {processor.py:157} INFO - Started process (PID=14008) to work on /home/soamariaka/.local/lib/python3.9/site-packages/airflow/example_dags/example_sensors.py
[2023-08-14T14:08:45.702+0300] {processor.py:826} INFO - Processing file /home/soamariaka/.local/lib/python3.9/site-packages/airflow/example_dags/example_sensors.py for tasks to queue
[2023-08-14T14:08:45.703+0300] {logging_mixin.py:150} INFO - [2023-08-14T14:08:45.703+0300] {dagbag.py:541} INFO - Filling up the DagBag from /home/soamariaka/.local/lib/python3.9/site-packages/airflow/example_dags/example_sensors.py
[2023-08-14T14:08:45.731+0300] {processor.py:836} INFO - DAG(s) dict_keys(['example_sensors']) retrieved from /home/soamariaka/.local/lib/python3.9/site-packages/airflow/example_dags/example_sensors.py
[2023-08-14T14:08:45.775+0300] {logging_mixin.py:150} INFO - [2023-08-14T14:08:45.775+0300] {dag.py:2742} INFO - Sync 1 DAGs
[2023-08-14T14:08:45.809+0300] {logging_mixin.py:150} INFO - [2023-08-14T14:08:45.809+0300] {dag.py:3504} INFO - Setting next_dagrun for example_sensors to None, run_after=None
[2023-08-14T14:08:45.995+0300] {processor.py:179} INFO - Processing /home/soamariaka/.local/lib/python3.9/site-packages/airflow/example_dags/example_sensors.py took 0.301 seconds
[2023-08-14T14:10:00.823+0300] {processor.py:157} INFO - Started process (PID=14138) to work on /home/soamariaka/.local/lib/python3.9/site-packages/airflow/example_dags/example_sensors.py
[2023-08-14T14:10:00.854+0300] {processor.py:826} INFO - Processing file /home/soamariaka/.local/lib/python3.9/site-packages/airflow/example_dags/example_sensors.py for tasks to queue
[2023-08-14T14:10:00.856+0300] {logging_mixin.py:150} INFO - [2023-08-14T14:10:00.855+0300] {dagbag.py:541} INFO - Filling up the DagBag from /home/soamariaka/.local/lib/python3.9/site-packages/airflow/example_dags/example_sensors.py
[2023-08-14T14:10:00.874+0300] {processor.py:836} INFO - DAG(s) dict_keys(['example_sensors']) retrieved from /home/soamariaka/.local/lib/python3.9/site-packages/airflow/example_dags/example_sensors.py
[2023-08-14T14:10:00.912+0300] {logging_mixin.py:150} INFO - [2023-08-14T14:10:00.912+0300] {dag.py:2742} INFO - Sync 1 DAGs
[2023-08-14T14:10:00.943+0300] {logging_mixin.py:150} INFO - [2023-08-14T14:10:00.943+0300] {dag.py:3504} INFO - Setting next_dagrun for example_sensors to None, run_after=None
[2023-08-14T14:10:01.170+0300] {processor.py:179} INFO - Processing /home/soamariaka/.local/lib/python3.9/site-packages/airflow/example_dags/example_sensors.py took 0.351 seconds
[2023-08-14T14:11:53.929+0300] {processor.py:157} INFO - Started process (PID=15096) to work on /home/soamariaka/.local/lib/python3.9/site-packages/airflow/example_dags/example_sensors.py
[2023-08-14T14:11:53.952+0300] {processor.py:826} INFO - Processing file /home/soamariaka/.local/lib/python3.9/site-packages/airflow/example_dags/example_sensors.py for tasks to queue
[2023-08-14T14:11:53.971+0300] {logging_mixin.py:150} INFO - [2023-08-14T14:11:53.970+0300] {dagbag.py:541} INFO - Filling up the DagBag from /home/soamariaka/.local/lib/python3.9/site-packages/airflow/example_dags/example_sensors.py
[2023-08-14T14:11:53.986+0300] {processor.py:836} INFO - DAG(s) dict_keys(['example_sensors']) retrieved from /home/soamariaka/.local/lib/python3.9/site-packages/airflow/example_dags/example_sensors.py
[2023-08-14T14:11:54.016+0300] {logging_mixin.py:150} INFO - [2023-08-14T14:11:54.016+0300] {dag.py:2742} INFO - Sync 1 DAGs
[2023-08-14T14:11:54.047+0300] {logging_mixin.py:150} INFO - [2023-08-14T14:11:54.047+0300] {dag.py:3504} INFO - Setting next_dagrun for example_sensors to None, run_after=None
[2023-08-14T14:11:54.284+0300] {processor.py:179} INFO - Processing /home/soamariaka/.local/lib/python3.9/site-packages/airflow/example_dags/example_sensors.py took 0.360 seconds
[2023-08-14T14:12:51.436+0300] {processor.py:157} INFO - Started process (PID=15193) to work on /home/soamariaka/.local/lib/python3.9/site-packages/airflow/example_dags/example_sensors.py
[2023-08-14T14:12:51.462+0300] {processor.py:826} INFO - Processing file /home/soamariaka/.local/lib/python3.9/site-packages/airflow/example_dags/example_sensors.py for tasks to queue
[2023-08-14T14:12:51.464+0300] {logging_mixin.py:150} INFO - [2023-08-14T14:12:51.463+0300] {dagbag.py:541} INFO - Filling up the DagBag from /home/soamariaka/.local/lib/python3.9/site-packages/airflow/example_dags/example_sensors.py
[2023-08-14T14:12:51.483+0300] {processor.py:836} INFO - DAG(s) dict_keys(['example_sensors']) retrieved from /home/soamariaka/.local/lib/python3.9/site-packages/airflow/example_dags/example_sensors.py
[2023-08-14T14:12:51.522+0300] {logging_mixin.py:150} INFO - [2023-08-14T14:12:51.522+0300] {dag.py:2742} INFO - Sync 1 DAGs
[2023-08-14T14:12:51.564+0300] {logging_mixin.py:150} INFO - [2023-08-14T14:12:51.563+0300] {dag.py:3504} INFO - Setting next_dagrun for example_sensors to None, run_after=None
[2023-08-14T14:12:51.757+0300] {processor.py:179} INFO - Processing /home/soamariaka/.local/lib/python3.9/site-packages/airflow/example_dags/example_sensors.py took 0.328 seconds
[2023-08-14T14:13:55.486+0300] {processor.py:157} INFO - Started process (PID=15330) to work on /home/soamariaka/.local/lib/python3.9/site-packages/airflow/example_dags/example_sensors.py
[2023-08-14T14:13:55.552+0300] {processor.py:826} INFO - Processing file /home/soamariaka/.local/lib/python3.9/site-packages/airflow/example_dags/example_sensors.py for tasks to queue
[2023-08-14T14:13:55.554+0300] {logging_mixin.py:150} INFO - [2023-08-14T14:13:55.553+0300] {dagbag.py:541} INFO - Filling up the DagBag from /home/soamariaka/.local/lib/python3.9/site-packages/airflow/example_dags/example_sensors.py
[2023-08-14T14:13:55.604+0300] {processor.py:836} INFO - DAG(s) dict_keys(['example_sensors']) retrieved from /home/soamariaka/.local/lib/python3.9/site-packages/airflow/example_dags/example_sensors.py
[2023-08-14T14:13:55.652+0300] {logging_mixin.py:150} INFO - [2023-08-14T14:13:55.652+0300] {dag.py:2742} INFO - Sync 1 DAGs
[2023-08-14T14:13:55.698+0300] {logging_mixin.py:150} INFO - [2023-08-14T14:13:55.698+0300] {dag.py:3504} INFO - Setting next_dagrun for example_sensors to None, run_after=None
[2023-08-14T14:13:55.914+0300] {processor.py:179} INFO - Processing /home/soamariaka/.local/lib/python3.9/site-packages/airflow/example_dags/example_sensors.py took 0.434 seconds
[2023-08-14T14:14:59.393+0300] {processor.py:157} INFO - Started process (PID=15407) to work on /home/soamariaka/.local/lib/python3.9/site-packages/airflow/example_dags/example_sensors.py
[2023-08-14T14:14:59.396+0300] {processor.py:826} INFO - Processing file /home/soamariaka/.local/lib/python3.9/site-packages/airflow/example_dags/example_sensors.py for tasks to queue
[2023-08-14T14:14:59.397+0300] {logging_mixin.py:150} INFO - [2023-08-14T14:14:59.397+0300] {dagbag.py:541} INFO - Filling up the DagBag from /home/soamariaka/.local/lib/python3.9/site-packages/airflow/example_dags/example_sensors.py
[2023-08-14T14:14:59.415+0300] {processor.py:836} INFO - DAG(s) dict_keys(['example_sensors']) retrieved from /home/soamariaka/.local/lib/python3.9/site-packages/airflow/example_dags/example_sensors.py
[2023-08-14T14:14:59.452+0300] {logging_mixin.py:150} INFO - [2023-08-14T14:14:59.451+0300] {dag.py:2742} INFO - Sync 1 DAGs
[2023-08-14T14:14:59.484+0300] {logging_mixin.py:150} INFO - [2023-08-14T14:14:59.483+0300] {dag.py:3504} INFO - Setting next_dagrun for example_sensors to None, run_after=None
[2023-08-14T14:14:59.662+0300] {processor.py:179} INFO - Processing /home/soamariaka/.local/lib/python3.9/site-packages/airflow/example_dags/example_sensors.py took 0.275 seconds
[2023-08-14T14:15:58.908+0300] {processor.py:157} INFO - Started process (PID=15583) to work on /home/soamariaka/.local/lib/python3.9/site-packages/airflow/example_dags/example_sensors.py
[2023-08-14T14:15:58.910+0300] {processor.py:826} INFO - Processing file /home/soamariaka/.local/lib/python3.9/site-packages/airflow/example_dags/example_sensors.py for tasks to queue
[2023-08-14T14:15:58.913+0300] {logging_mixin.py:150} INFO - [2023-08-14T14:15:58.912+0300] {dagbag.py:541} INFO - Filling up the DagBag from /home/soamariaka/.local/lib/python3.9/site-packages/airflow/example_dags/example_sensors.py
[2023-08-14T14:15:58.932+0300] {processor.py:836} INFO - DAG(s) dict_keys(['example_sensors']) retrieved from /home/soamariaka/.local/lib/python3.9/site-packages/airflow/example_dags/example_sensors.py
[2023-08-14T14:15:58.974+0300] {logging_mixin.py:150} INFO - [2023-08-14T14:15:58.973+0300] {dag.py:2742} INFO - Sync 1 DAGs
[2023-08-14T14:15:59.016+0300] {logging_mixin.py:150} INFO - [2023-08-14T14:15:59.016+0300] {dag.py:3504} INFO - Setting next_dagrun for example_sensors to None, run_after=None
[2023-08-14T14:15:59.310+0300] {processor.py:179} INFO - Processing /home/soamariaka/.local/lib/python3.9/site-packages/airflow/example_dags/example_sensors.py took 0.410 seconds
[2023-08-14T14:17:03.730+0300] {processor.py:157} INFO - Started process (PID=15667) to work on /home/soamariaka/.local/lib/python3.9/site-packages/airflow/example_dags/example_sensors.py
[2023-08-14T14:17:03.748+0300] {processor.py:826} INFO - Processing file /home/soamariaka/.local/lib/python3.9/site-packages/airflow/example_dags/example_sensors.py for tasks to queue
[2023-08-14T14:17:03.750+0300] {logging_mixin.py:150} INFO - [2023-08-14T14:17:03.749+0300] {dagbag.py:541} INFO - Filling up the DagBag from /home/soamariaka/.local/lib/python3.9/site-packages/airflow/example_dags/example_sensors.py
[2023-08-14T14:17:03.772+0300] {processor.py:836} INFO - DAG(s) dict_keys(['example_sensors']) retrieved from /home/soamariaka/.local/lib/python3.9/site-packages/airflow/example_dags/example_sensors.py
[2023-08-14T14:17:03.821+0300] {logging_mixin.py:150} INFO - [2023-08-14T14:17:03.821+0300] {dag.py:2742} INFO - Sync 1 DAGs
[2023-08-14T14:17:03.852+0300] {logging_mixin.py:150} INFO - [2023-08-14T14:17:03.851+0300] {dag.py:3504} INFO - Setting next_dagrun for example_sensors to None, run_after=None
[2023-08-14T14:17:04.079+0300] {processor.py:179} INFO - Processing /home/soamariaka/.local/lib/python3.9/site-packages/airflow/example_dags/example_sensors.py took 0.355 seconds
[2023-08-14T14:18:32.498+0300] {processor.py:157} INFO - Started process (PID=15900) to work on /home/soamariaka/.local/lib/python3.9/site-packages/airflow/example_dags/example_sensors.py
[2023-08-14T14:18:32.527+0300] {processor.py:826} INFO - Processing file /home/soamariaka/.local/lib/python3.9/site-packages/airflow/example_dags/example_sensors.py for tasks to queue
[2023-08-14T14:18:32.540+0300] {logging_mixin.py:150} INFO - [2023-08-14T14:18:32.539+0300] {dagbag.py:541} INFO - Filling up the DagBag from /home/soamariaka/.local/lib/python3.9/site-packages/airflow/example_dags/example_sensors.py
[2023-08-14T14:18:32.561+0300] {processor.py:836} INFO - DAG(s) dict_keys(['example_sensors']) retrieved from /home/soamariaka/.local/lib/python3.9/site-packages/airflow/example_dags/example_sensors.py
[2023-08-14T14:18:32.600+0300] {logging_mixin.py:150} INFO - [2023-08-14T14:18:32.600+0300] {dag.py:2742} INFO - Sync 1 DAGs
[2023-08-14T14:18:32.633+0300] {logging_mixin.py:150} INFO - [2023-08-14T14:18:32.633+0300] {dag.py:3504} INFO - Setting next_dagrun for example_sensors to None, run_after=None
[2023-08-14T14:18:32.894+0300] {processor.py:179} INFO - Processing /home/soamariaka/.local/lib/python3.9/site-packages/airflow/example_dags/example_sensors.py took 0.402 seconds
[2023-08-14T14:19:31.499+0300] {processor.py:157} INFO - Started process (PID=15956) to work on /home/soamariaka/.local/lib/python3.9/site-packages/airflow/example_dags/example_sensors.py
[2023-08-14T14:19:31.526+0300] {processor.py:826} INFO - Processing file /home/soamariaka/.local/lib/python3.9/site-packages/airflow/example_dags/example_sensors.py for tasks to queue
[2023-08-14T14:19:31.527+0300] {logging_mixin.py:150} INFO - [2023-08-14T14:19:31.527+0300] {dagbag.py:541} INFO - Filling up the DagBag from /home/soamariaka/.local/lib/python3.9/site-packages/airflow/example_dags/example_sensors.py
[2023-08-14T14:19:31.542+0300] {processor.py:836} INFO - DAG(s) dict_keys(['example_sensors']) retrieved from /home/soamariaka/.local/lib/python3.9/site-packages/airflow/example_dags/example_sensors.py
[2023-08-14T14:19:31.573+0300] {logging_mixin.py:150} INFO - [2023-08-14T14:19:31.572+0300] {dag.py:2742} INFO - Sync 1 DAGs
[2023-08-14T14:19:31.603+0300] {logging_mixin.py:150} INFO - [2023-08-14T14:19:31.603+0300] {dag.py:3504} INFO - Setting next_dagrun for example_sensors to None, run_after=None
[2023-08-14T14:19:31.721+0300] {processor.py:179} INFO - Processing /home/soamariaka/.local/lib/python3.9/site-packages/airflow/example_dags/example_sensors.py took 0.226 seconds
[2023-08-14T14:21:03.390+0300] {processor.py:157} INFO - Started process (PID=16065) to work on /home/soamariaka/.local/lib/python3.9/site-packages/airflow/example_dags/example_sensors.py
[2023-08-14T14:21:03.413+0300] {processor.py:826} INFO - Processing file /home/soamariaka/.local/lib/python3.9/site-packages/airflow/example_dags/example_sensors.py for tasks to queue
[2023-08-14T14:21:03.415+0300] {logging_mixin.py:150} INFO - [2023-08-14T14:21:03.414+0300] {dagbag.py:541} INFO - Filling up the DagBag from /home/soamariaka/.local/lib/python3.9/site-packages/airflow/example_dags/example_sensors.py
[2023-08-14T14:21:03.440+0300] {processor.py:836} INFO - DAG(s) dict_keys(['example_sensors']) retrieved from /home/soamariaka/.local/lib/python3.9/site-packages/airflow/example_dags/example_sensors.py
[2023-08-14T14:21:03.497+0300] {logging_mixin.py:150} INFO - [2023-08-14T14:21:03.496+0300] {dag.py:2742} INFO - Sync 1 DAGs
[2023-08-14T14:21:03.546+0300] {logging_mixin.py:150} INFO - [2023-08-14T14:21:03.545+0300] {dag.py:3504} INFO - Setting next_dagrun for example_sensors to None, run_after=None
[2023-08-14T14:21:03.907+0300] {processor.py:179} INFO - Processing /home/soamariaka/.local/lib/python3.9/site-packages/airflow/example_dags/example_sensors.py took 0.520 seconds
[2023-08-14T14:22:15.153+0300] {processor.py:157} INFO - Started process (PID=16139) to work on /home/soamariaka/.local/lib/python3.9/site-packages/airflow/example_dags/example_sensors.py
[2023-08-14T14:22:15.182+0300] {processor.py:826} INFO - Processing file /home/soamariaka/.local/lib/python3.9/site-packages/airflow/example_dags/example_sensors.py for tasks to queue
[2023-08-14T14:22:15.184+0300] {logging_mixin.py:150} INFO - [2023-08-14T14:22:15.183+0300] {dagbag.py:541} INFO - Filling up the DagBag from /home/soamariaka/.local/lib/python3.9/site-packages/airflow/example_dags/example_sensors.py
[2023-08-14T14:22:15.202+0300] {processor.py:836} INFO - DAG(s) dict_keys(['example_sensors']) retrieved from /home/soamariaka/.local/lib/python3.9/site-packages/airflow/example_dags/example_sensors.py
[2023-08-14T14:22:15.238+0300] {logging_mixin.py:150} INFO - [2023-08-14T14:22:15.238+0300] {dag.py:2742} INFO - Sync 1 DAGs
[2023-08-14T14:22:15.269+0300] {logging_mixin.py:150} INFO - [2023-08-14T14:22:15.269+0300] {dag.py:3504} INFO - Setting next_dagrun for example_sensors to None, run_after=None
[2023-08-14T14:22:15.398+0300] {processor.py:179} INFO - Processing /home/soamariaka/.local/lib/python3.9/site-packages/airflow/example_dags/example_sensors.py took 0.251 seconds
[2023-08-14T14:23:14.946+0300] {processor.py:157} INFO - Started process (PID=16195) to work on /home/soamariaka/.local/lib/python3.9/site-packages/airflow/example_dags/example_sensors.py
[2023-08-14T14:23:14.948+0300] {processor.py:826} INFO - Processing file /home/soamariaka/.local/lib/python3.9/site-packages/airflow/example_dags/example_sensors.py for tasks to queue
[2023-08-14T14:23:14.949+0300] {logging_mixin.py:150} INFO - [2023-08-14T14:23:14.949+0300] {dagbag.py:541} INFO - Filling up the DagBag from /home/soamariaka/.local/lib/python3.9/site-packages/airflow/example_dags/example_sensors.py
[2023-08-14T14:23:14.963+0300] {processor.py:836} INFO - DAG(s) dict_keys(['example_sensors']) retrieved from /home/soamariaka/.local/lib/python3.9/site-packages/airflow/example_dags/example_sensors.py
[2023-08-14T14:23:14.995+0300] {logging_mixin.py:150} INFO - [2023-08-14T14:23:14.994+0300] {dag.py:2742} INFO - Sync 1 DAGs
[2023-08-14T14:23:15.026+0300] {logging_mixin.py:150} INFO - [2023-08-14T14:23:15.026+0300] {dag.py:3504} INFO - Setting next_dagrun for example_sensors to None, run_after=None
[2023-08-14T14:23:15.183+0300] {processor.py:179} INFO - Processing /home/soamariaka/.local/lib/python3.9/site-packages/airflow/example_dags/example_sensors.py took 0.241 seconds
[2023-08-14T14:24:15.790+0300] {processor.py:157} INFO - Started process (PID=16356) to work on /home/soamariaka/.local/lib/python3.9/site-packages/airflow/example_dags/example_sensors.py
[2023-08-14T14:24:15.825+0300] {processor.py:826} INFO - Processing file /home/soamariaka/.local/lib/python3.9/site-packages/airflow/example_dags/example_sensors.py for tasks to queue
[2023-08-14T14:24:15.830+0300] {logging_mixin.py:150} INFO - [2023-08-14T14:24:15.828+0300] {dagbag.py:541} INFO - Filling up the DagBag from /home/soamariaka/.local/lib/python3.9/site-packages/airflow/example_dags/example_sensors.py
[2023-08-14T14:24:15.867+0300] {processor.py:836} INFO - DAG(s) dict_keys(['example_sensors']) retrieved from /home/soamariaka/.local/lib/python3.9/site-packages/airflow/example_dags/example_sensors.py
[2023-08-14T14:24:15.948+0300] {logging_mixin.py:150} INFO - [2023-08-14T14:24:15.947+0300] {dag.py:2742} INFO - Sync 1 DAGs
[2023-08-14T14:24:16.033+0300] {logging_mixin.py:150} INFO - [2023-08-14T14:24:16.032+0300] {dag.py:3504} INFO - Setting next_dagrun for example_sensors to None, run_after=None
[2023-08-14T14:24:16.297+0300] {processor.py:179} INFO - Processing /home/soamariaka/.local/lib/python3.9/site-packages/airflow/example_dags/example_sensors.py took 0.516 seconds
[2023-08-14T14:25:11.229+0300] {processor.py:157} INFO - Started process (PID=16594) to work on /home/soamariaka/.local/lib/python3.9/site-packages/airflow/example_dags/example_sensors.py
[2023-08-14T14:25:11.247+0300] {processor.py:826} INFO - Processing file /home/soamariaka/.local/lib/python3.9/site-packages/airflow/example_dags/example_sensors.py for tasks to queue
[2023-08-14T14:25:11.249+0300] {logging_mixin.py:150} INFO - [2023-08-14T14:25:11.248+0300] {dagbag.py:541} INFO - Filling up the DagBag from /home/soamariaka/.local/lib/python3.9/site-packages/airflow/example_dags/example_sensors.py
[2023-08-14T14:25:11.267+0300] {processor.py:836} INFO - DAG(s) dict_keys(['example_sensors']) retrieved from /home/soamariaka/.local/lib/python3.9/site-packages/airflow/example_dags/example_sensors.py
[2023-08-14T14:25:11.304+0300] {logging_mixin.py:150} INFO - [2023-08-14T14:25:11.303+0300] {dag.py:2742} INFO - Sync 1 DAGs
[2023-08-14T14:25:11.334+0300] {logging_mixin.py:150} INFO - [2023-08-14T14:25:11.334+0300] {dag.py:3504} INFO - Setting next_dagrun for example_sensors to None, run_after=None
[2023-08-14T14:25:11.469+0300] {processor.py:179} INFO - Processing /home/soamariaka/.local/lib/python3.9/site-packages/airflow/example_dags/example_sensors.py took 0.246 seconds
[2023-08-14T14:26:15.468+0300] {processor.py:157} INFO - Started process (PID=16717) to work on /home/soamariaka/.local/lib/python3.9/site-packages/airflow/example_dags/example_sensors.py
[2023-08-14T14:26:15.502+0300] {processor.py:826} INFO - Processing file /home/soamariaka/.local/lib/python3.9/site-packages/airflow/example_dags/example_sensors.py for tasks to queue
[2023-08-14T14:26:15.504+0300] {logging_mixin.py:150} INFO - [2023-08-14T14:26:15.503+0300] {dagbag.py:541} INFO - Filling up the DagBag from /home/soamariaka/.local/lib/python3.9/site-packages/airflow/example_dags/example_sensors.py
[2023-08-14T14:26:15.522+0300] {processor.py:836} INFO - DAG(s) dict_keys(['example_sensors']) retrieved from /home/soamariaka/.local/lib/python3.9/site-packages/airflow/example_dags/example_sensors.py
[2023-08-14T14:26:15.559+0300] {logging_mixin.py:150} INFO - [2023-08-14T14:26:15.559+0300] {dag.py:2742} INFO - Sync 1 DAGs
[2023-08-14T14:26:15.591+0300] {logging_mixin.py:150} INFO - [2023-08-14T14:26:15.591+0300] {dag.py:3504} INFO - Setting next_dagrun for example_sensors to None, run_after=None
[2023-08-14T14:26:15.724+0300] {processor.py:179} INFO - Processing /home/soamariaka/.local/lib/python3.9/site-packages/airflow/example_dags/example_sensors.py took 0.261 seconds
[2023-08-14T14:27:13.610+0300] {processor.py:157} INFO - Started process (PID=16777) to work on /home/soamariaka/.local/lib/python3.9/site-packages/airflow/example_dags/example_sensors.py
[2023-08-14T14:27:13.622+0300] {processor.py:826} INFO - Processing file /home/soamariaka/.local/lib/python3.9/site-packages/airflow/example_dags/example_sensors.py for tasks to queue
[2023-08-14T14:27:13.624+0300] {logging_mixin.py:150} INFO - [2023-08-14T14:27:13.623+0300] {dagbag.py:541} INFO - Filling up the DagBag from /home/soamariaka/.local/lib/python3.9/site-packages/airflow/example_dags/example_sensors.py
[2023-08-14T14:27:13.642+0300] {processor.py:836} INFO - DAG(s) dict_keys(['example_sensors']) retrieved from /home/soamariaka/.local/lib/python3.9/site-packages/airflow/example_dags/example_sensors.py
[2023-08-14T14:27:13.677+0300] {logging_mixin.py:150} INFO - [2023-08-14T14:27:13.677+0300] {dag.py:2742} INFO - Sync 1 DAGs
[2023-08-14T14:27:13.707+0300] {logging_mixin.py:150} INFO - [2023-08-14T14:27:13.707+0300] {dag.py:3504} INFO - Setting next_dagrun for example_sensors to None, run_after=None
[2023-08-14T14:27:13.832+0300] {processor.py:179} INFO - Processing /home/soamariaka/.local/lib/python3.9/site-packages/airflow/example_dags/example_sensors.py took 0.228 seconds
[2023-08-14T14:28:16.941+0300] {processor.py:157} INFO - Started process (PID=16930) to work on /home/soamariaka/.local/lib/python3.9/site-packages/airflow/example_dags/example_sensors.py
[2023-08-14T14:28:16.970+0300] {processor.py:826} INFO - Processing file /home/soamariaka/.local/lib/python3.9/site-packages/airflow/example_dags/example_sensors.py for tasks to queue
[2023-08-14T14:28:16.972+0300] {logging_mixin.py:150} INFO - [2023-08-14T14:28:16.971+0300] {dagbag.py:541} INFO - Filling up the DagBag from /home/soamariaka/.local/lib/python3.9/site-packages/airflow/example_dags/example_sensors.py
[2023-08-14T14:28:16.990+0300] {processor.py:836} INFO - DAG(s) dict_keys(['example_sensors']) retrieved from /home/soamariaka/.local/lib/python3.9/site-packages/airflow/example_dags/example_sensors.py
[2023-08-14T14:28:17.027+0300] {logging_mixin.py:150} INFO - [2023-08-14T14:28:17.027+0300] {dag.py:2742} INFO - Sync 1 DAGs
[2023-08-14T14:28:17.058+0300] {logging_mixin.py:150} INFO - [2023-08-14T14:28:17.057+0300] {dag.py:3504} INFO - Setting next_dagrun for example_sensors to None, run_after=None
[2023-08-14T14:28:17.184+0300] {processor.py:179} INFO - Processing /home/soamariaka/.local/lib/python3.9/site-packages/airflow/example_dags/example_sensors.py took 0.249 seconds
[2023-08-14T14:29:17.276+0300] {processor.py:157} INFO - Started process (PID=17050) to work on /home/soamariaka/.local/lib/python3.9/site-packages/airflow/example_dags/example_sensors.py
[2023-08-14T14:29:17.315+0300] {processor.py:826} INFO - Processing file /home/soamariaka/.local/lib/python3.9/site-packages/airflow/example_dags/example_sensors.py for tasks to queue
[2023-08-14T14:29:17.317+0300] {logging_mixin.py:150} INFO - [2023-08-14T14:29:17.316+0300] {dagbag.py:541} INFO - Filling up the DagBag from /home/soamariaka/.local/lib/python3.9/site-packages/airflow/example_dags/example_sensors.py
[2023-08-14T14:29:17.335+0300] {processor.py:836} INFO - DAG(s) dict_keys(['example_sensors']) retrieved from /home/soamariaka/.local/lib/python3.9/site-packages/airflow/example_dags/example_sensors.py
[2023-08-14T14:29:17.367+0300] {logging_mixin.py:150} INFO - [2023-08-14T14:29:17.367+0300] {dag.py:2742} INFO - Sync 1 DAGs
[2023-08-14T14:29:17.398+0300] {logging_mixin.py:150} INFO - [2023-08-14T14:29:17.398+0300] {dag.py:3504} INFO - Setting next_dagrun for example_sensors to None, run_after=None
[2023-08-14T14:29:17.546+0300] {processor.py:179} INFO - Processing /home/soamariaka/.local/lib/python3.9/site-packages/airflow/example_dags/example_sensors.py took 0.275 seconds
[2023-08-14T14:30:12.389+0300] {processor.py:157} INFO - Started process (PID=17187) to work on /home/soamariaka/.local/lib/python3.9/site-packages/airflow/example_dags/example_sensors.py
[2023-08-14T14:30:12.424+0300] {processor.py:826} INFO - Processing file /home/soamariaka/.local/lib/python3.9/site-packages/airflow/example_dags/example_sensors.py for tasks to queue
[2023-08-14T14:30:12.425+0300] {logging_mixin.py:150} INFO - [2023-08-14T14:30:12.425+0300] {dagbag.py:541} INFO - Filling up the DagBag from /home/soamariaka/.local/lib/python3.9/site-packages/airflow/example_dags/example_sensors.py
[2023-08-14T14:30:12.443+0300] {processor.py:836} INFO - DAG(s) dict_keys(['example_sensors']) retrieved from /home/soamariaka/.local/lib/python3.9/site-packages/airflow/example_dags/example_sensors.py
[2023-08-14T14:30:12.474+0300] {logging_mixin.py:150} INFO - [2023-08-14T14:30:12.473+0300] {dag.py:2742} INFO - Sync 1 DAGs
[2023-08-14T14:30:12.504+0300] {logging_mixin.py:150} INFO - [2023-08-14T14:30:12.504+0300] {dag.py:3504} INFO - Setting next_dagrun for example_sensors to None, run_after=None
[2023-08-14T14:30:12.640+0300] {processor.py:179} INFO - Processing /home/soamariaka/.local/lib/python3.9/site-packages/airflow/example_dags/example_sensors.py took 0.257 seconds
[2023-08-14T14:31:06.876+0300] {processor.py:157} INFO - Started process (PID=17271) to work on /home/soamariaka/.local/lib/python3.9/site-packages/airflow/example_dags/example_sensors.py
[2023-08-14T14:31:06.900+0300] {processor.py:826} INFO - Processing file /home/soamariaka/.local/lib/python3.9/site-packages/airflow/example_dags/example_sensors.py for tasks to queue
[2023-08-14T14:31:06.901+0300] {logging_mixin.py:150} INFO - [2023-08-14T14:31:06.901+0300] {dagbag.py:541} INFO - Filling up the DagBag from /home/soamariaka/.local/lib/python3.9/site-packages/airflow/example_dags/example_sensors.py
[2023-08-14T14:31:06.920+0300] {processor.py:836} INFO - DAG(s) dict_keys(['example_sensors']) retrieved from /home/soamariaka/.local/lib/python3.9/site-packages/airflow/example_dags/example_sensors.py
[2023-08-14T14:31:06.952+0300] {logging_mixin.py:150} INFO - [2023-08-14T14:31:06.952+0300] {dag.py:2742} INFO - Sync 1 DAGs
[2023-08-14T14:31:06.982+0300] {logging_mixin.py:150} INFO - [2023-08-14T14:31:06.982+0300] {dag.py:3504} INFO - Setting next_dagrun for example_sensors to None, run_after=None
[2023-08-14T14:31:07.128+0300] {processor.py:179} INFO - Processing /home/soamariaka/.local/lib/python3.9/site-packages/airflow/example_dags/example_sensors.py took 0.257 seconds
[2023-08-14T14:32:07.500+0300] {processor.py:157} INFO - Started process (PID=17391) to work on /home/soamariaka/.local/lib/python3.9/site-packages/airflow/example_dags/example_sensors.py
[2023-08-14T14:32:07.528+0300] {processor.py:826} INFO - Processing file /home/soamariaka/.local/lib/python3.9/site-packages/airflow/example_dags/example_sensors.py for tasks to queue
[2023-08-14T14:32:07.530+0300] {logging_mixin.py:150} INFO - [2023-08-14T14:32:07.529+0300] {dagbag.py:541} INFO - Filling up the DagBag from /home/soamariaka/.local/lib/python3.9/site-packages/airflow/example_dags/example_sensors.py
[2023-08-14T14:32:07.548+0300] {processor.py:836} INFO - DAG(s) dict_keys(['example_sensors']) retrieved from /home/soamariaka/.local/lib/python3.9/site-packages/airflow/example_dags/example_sensors.py
[2023-08-14T14:32:07.585+0300] {logging_mixin.py:150} INFO - [2023-08-14T14:32:07.585+0300] {dag.py:2742} INFO - Sync 1 DAGs
[2023-08-14T14:32:07.616+0300] {logging_mixin.py:150} INFO - [2023-08-14T14:32:07.616+0300] {dag.py:3504} INFO - Setting next_dagrun for example_sensors to None, run_after=None
[2023-08-14T14:32:07.736+0300] {processor.py:179} INFO - Processing /home/soamariaka/.local/lib/python3.9/site-packages/airflow/example_dags/example_sensors.py took 0.242 seconds
[2023-08-14T14:33:07.340+0300] {processor.py:157} INFO - Started process (PID=17478) to work on /home/soamariaka/.local/lib/python3.9/site-packages/airflow/example_dags/example_sensors.py
[2023-08-14T14:33:07.342+0300] {processor.py:826} INFO - Processing file /home/soamariaka/.local/lib/python3.9/site-packages/airflow/example_dags/example_sensors.py for tasks to queue
[2023-08-14T14:33:07.343+0300] {logging_mixin.py:150} INFO - [2023-08-14T14:33:07.343+0300] {dagbag.py:541} INFO - Filling up the DagBag from /home/soamariaka/.local/lib/python3.9/site-packages/airflow/example_dags/example_sensors.py
[2023-08-14T14:33:07.361+0300] {processor.py:836} INFO - DAG(s) dict_keys(['example_sensors']) retrieved from /home/soamariaka/.local/lib/python3.9/site-packages/airflow/example_dags/example_sensors.py
[2023-08-14T14:33:07.394+0300] {logging_mixin.py:150} INFO - [2023-08-14T14:33:07.394+0300] {dag.py:2742} INFO - Sync 1 DAGs
[2023-08-14T14:33:07.426+0300] {logging_mixin.py:150} INFO - [2023-08-14T14:33:07.425+0300] {dag.py:3504} INFO - Setting next_dagrun for example_sensors to None, run_after=None
[2023-08-14T14:33:07.553+0300] {processor.py:179} INFO - Processing /home/soamariaka/.local/lib/python3.9/site-packages/airflow/example_dags/example_sensors.py took 0.219 seconds
[2023-08-14T14:34:06.721+0300] {processor.py:157} INFO - Started process (PID=17596) to work on /home/soamariaka/.local/lib/python3.9/site-packages/airflow/example_dags/example_sensors.py
[2023-08-14T14:34:06.760+0300] {processor.py:826} INFO - Processing file /home/soamariaka/.local/lib/python3.9/site-packages/airflow/example_dags/example_sensors.py for tasks to queue
[2023-08-14T14:34:06.762+0300] {logging_mixin.py:150} INFO - [2023-08-14T14:34:06.761+0300] {dagbag.py:541} INFO - Filling up the DagBag from /home/soamariaka/.local/lib/python3.9/site-packages/airflow/example_dags/example_sensors.py
[2023-08-14T14:34:06.782+0300] {processor.py:836} INFO - DAG(s) dict_keys(['example_sensors']) retrieved from /home/soamariaka/.local/lib/python3.9/site-packages/airflow/example_dags/example_sensors.py
[2023-08-14T14:34:06.822+0300] {logging_mixin.py:150} INFO - [2023-08-14T14:34:06.822+0300] {dag.py:2742} INFO - Sync 1 DAGs
[2023-08-14T14:34:06.853+0300] {logging_mixin.py:150} INFO - [2023-08-14T14:34:06.853+0300] {dag.py:3504} INFO - Setting next_dagrun for example_sensors to None, run_after=None
[2023-08-14T14:34:06.999+0300] {processor.py:179} INFO - Processing /home/soamariaka/.local/lib/python3.9/site-packages/airflow/example_dags/example_sensors.py took 0.284 seconds
[2023-08-14T14:35:31.349+0300] {processor.py:157} INFO - Started process (PID=17849) to work on /home/soamariaka/.local/lib/python3.9/site-packages/airflow/example_dags/example_sensors.py
[2023-08-14T14:35:31.369+0300] {processor.py:826} INFO - Processing file /home/soamariaka/.local/lib/python3.9/site-packages/airflow/example_dags/example_sensors.py for tasks to queue
[2023-08-14T14:35:31.371+0300] {logging_mixin.py:150} INFO - [2023-08-14T14:35:31.370+0300] {dagbag.py:541} INFO - Filling up the DagBag from /home/soamariaka/.local/lib/python3.9/site-packages/airflow/example_dags/example_sensors.py
[2023-08-14T14:35:31.390+0300] {processor.py:836} INFO - DAG(s) dict_keys(['example_sensors']) retrieved from /home/soamariaka/.local/lib/python3.9/site-packages/airflow/example_dags/example_sensors.py
[2023-08-14T14:35:31.426+0300] {logging_mixin.py:150} INFO - [2023-08-14T14:35:31.426+0300] {dag.py:2742} INFO - Sync 1 DAGs
[2023-08-14T14:35:31.461+0300] {logging_mixin.py:150} INFO - [2023-08-14T14:35:31.461+0300] {dag.py:3504} INFO - Setting next_dagrun for example_sensors to None, run_after=None
[2023-08-14T14:35:31.587+0300] {processor.py:179} INFO - Processing /home/soamariaka/.local/lib/python3.9/site-packages/airflow/example_dags/example_sensors.py took 0.244 seconds
[2023-08-14T14:37:13.767+0300] {processor.py:157} INFO - Started process (PID=18048) to work on /home/soamariaka/.local/lib/python3.9/site-packages/airflow/example_dags/example_sensors.py
[2023-08-14T14:37:13.795+0300] {processor.py:826} INFO - Processing file /home/soamariaka/.local/lib/python3.9/site-packages/airflow/example_dags/example_sensors.py for tasks to queue
[2023-08-14T14:37:13.796+0300] {logging_mixin.py:150} INFO - [2023-08-14T14:37:13.796+0300] {dagbag.py:541} INFO - Filling up the DagBag from /home/soamariaka/.local/lib/python3.9/site-packages/airflow/example_dags/example_sensors.py
[2023-08-14T14:37:13.815+0300] {processor.py:836} INFO - DAG(s) dict_keys(['example_sensors']) retrieved from /home/soamariaka/.local/lib/python3.9/site-packages/airflow/example_dags/example_sensors.py
[2023-08-14T14:37:13.854+0300] {logging_mixin.py:150} INFO - [2023-08-14T14:37:13.854+0300] {dag.py:2742} INFO - Sync 1 DAGs
[2023-08-14T14:37:13.886+0300] {logging_mixin.py:150} INFO - [2023-08-14T14:37:13.885+0300] {dag.py:3504} INFO - Setting next_dagrun for example_sensors to None, run_after=None
[2023-08-14T14:37:14.112+0300] {processor.py:179} INFO - Processing /home/soamariaka/.local/lib/python3.9/site-packages/airflow/example_dags/example_sensors.py took 0.349 seconds
[2023-08-14T14:38:13.163+0300] {processor.py:157} INFO - Started process (PID=18199) to work on /home/soamariaka/.local/lib/python3.9/site-packages/airflow/example_dags/example_sensors.py
[2023-08-14T14:38:13.186+0300] {processor.py:826} INFO - Processing file /home/soamariaka/.local/lib/python3.9/site-packages/airflow/example_dags/example_sensors.py for tasks to queue
[2023-08-14T14:38:13.189+0300] {logging_mixin.py:150} INFO - [2023-08-14T14:38:13.188+0300] {dagbag.py:541} INFO - Filling up the DagBag from /home/soamariaka/.local/lib/python3.9/site-packages/airflow/example_dags/example_sensors.py
[2023-08-14T14:38:13.213+0300] {processor.py:836} INFO - DAG(s) dict_keys(['example_sensors']) retrieved from /home/soamariaka/.local/lib/python3.9/site-packages/airflow/example_dags/example_sensors.py
[2023-08-14T14:38:13.266+0300] {logging_mixin.py:150} INFO - [2023-08-14T14:38:13.265+0300] {dag.py:2742} INFO - Sync 1 DAGs
[2023-08-14T14:38:13.296+0300] {logging_mixin.py:150} INFO - [2023-08-14T14:38:13.296+0300] {dag.py:3504} INFO - Setting next_dagrun for example_sensors to None, run_after=None
[2023-08-14T14:38:13.558+0300] {processor.py:179} INFO - Processing /home/soamariaka/.local/lib/python3.9/site-packages/airflow/example_dags/example_sensors.py took 0.400 seconds
[2023-08-14T14:39:23.769+0300] {processor.py:157} INFO - Started process (PID=18386) to work on /home/soamariaka/.local/lib/python3.9/site-packages/airflow/example_dags/example_sensors.py
[2023-08-14T14:39:23.771+0300] {processor.py:826} INFO - Processing file /home/soamariaka/.local/lib/python3.9/site-packages/airflow/example_dags/example_sensors.py for tasks to queue
[2023-08-14T14:39:23.772+0300] {logging_mixin.py:150} INFO - [2023-08-14T14:39:23.772+0300] {dagbag.py:541} INFO - Filling up the DagBag from /home/soamariaka/.local/lib/python3.9/site-packages/airflow/example_dags/example_sensors.py
[2023-08-14T14:39:23.790+0300] {processor.py:836} INFO - DAG(s) dict_keys(['example_sensors']) retrieved from /home/soamariaka/.local/lib/python3.9/site-packages/airflow/example_dags/example_sensors.py
[2023-08-14T14:39:23.823+0300] {logging_mixin.py:150} INFO - [2023-08-14T14:39:23.823+0300] {dag.py:2742} INFO - Sync 1 DAGs
[2023-08-14T14:39:23.855+0300] {logging_mixin.py:150} INFO - [2023-08-14T14:39:23.854+0300] {dag.py:3504} INFO - Setting next_dagrun for example_sensors to None, run_after=None
[2023-08-14T14:39:24.068+0300] {processor.py:179} INFO - Processing /home/soamariaka/.local/lib/python3.9/site-packages/airflow/example_dags/example_sensors.py took 0.305 seconds
[2023-08-14T14:40:49.156+0300] {processor.py:157} INFO - Started process (PID=18610) to work on /home/soamariaka/.local/lib/python3.9/site-packages/airflow/example_dags/example_sensors.py
[2023-08-14T14:40:49.183+0300] {processor.py:826} INFO - Processing file /home/soamariaka/.local/lib/python3.9/site-packages/airflow/example_dags/example_sensors.py for tasks to queue
[2023-08-14T14:40:49.184+0300] {logging_mixin.py:150} INFO - [2023-08-14T14:40:49.184+0300] {dagbag.py:541} INFO - Filling up the DagBag from /home/soamariaka/.local/lib/python3.9/site-packages/airflow/example_dags/example_sensors.py
[2023-08-14T14:40:49.203+0300] {processor.py:836} INFO - DAG(s) dict_keys(['example_sensors']) retrieved from /home/soamariaka/.local/lib/python3.9/site-packages/airflow/example_dags/example_sensors.py
[2023-08-14T14:40:49.240+0300] {logging_mixin.py:150} INFO - [2023-08-14T14:40:49.240+0300] {dag.py:2742} INFO - Sync 1 DAGs
[2023-08-14T14:40:49.273+0300] {logging_mixin.py:150} INFO - [2023-08-14T14:40:49.272+0300] {dag.py:3504} INFO - Setting next_dagrun for example_sensors to None, run_after=None
[2023-08-14T14:40:49.451+0300] {processor.py:179} INFO - Processing /home/soamariaka/.local/lib/python3.9/site-packages/airflow/example_dags/example_sensors.py took 0.301 seconds
