[2023-08-14T13:33:46.577+0300] {processor.py:157} INFO - Started process (PID=10799) to work on /home/soamariaka/.local/lib/python3.9/site-packages/airflow/example_dags/example_branch_day_of_week_operator.py
[2023-08-14T13:33:46.578+0300] {processor.py:826} INFO - Processing file /home/soamariaka/.local/lib/python3.9/site-packages/airflow/example_dags/example_branch_day_of_week_operator.py for tasks to queue
[2023-08-14T13:33:46.580+0300] {logging_mixin.py:150} INFO - [2023-08-14T13:33:46.579+0300] {dagbag.py:541} INFO - Filling up the DagBag from /home/soamariaka/.local/lib/python3.9/site-packages/airflow/example_dags/example_branch_day_of_week_operator.py
[2023-08-14T13:33:46.593+0300] {processor.py:836} INFO - DAG(s) dict_keys(['example_weekday_branch_operator']) retrieved from /home/soamariaka/.local/lib/python3.9/site-packages/airflow/example_dags/example_branch_day_of_week_operator.py
[2023-08-14T13:33:46.621+0300] {logging_mixin.py:150} INFO - [2023-08-14T13:33:46.620+0300] {dag.py:2742} INFO - Sync 1 DAGs
[2023-08-14T13:33:46.654+0300] {logging_mixin.py:150} INFO - [2023-08-14T13:33:46.654+0300] {dag.py:3504} INFO - Setting next_dagrun for example_weekday_branch_operator to 2023-08-13T00:00:00+00:00, run_after=2023-08-14T00:00:00+00:00
[2023-08-14T13:33:46.781+0300] {processor.py:179} INFO - Processing /home/soamariaka/.local/lib/python3.9/site-packages/airflow/example_dags/example_branch_day_of_week_operator.py took 0.210 seconds
[2023-08-14T13:35:18.764+0300] {processor.py:157} INFO - Started process (PID=10998) to work on /home/soamariaka/.local/lib/python3.9/site-packages/airflow/example_dags/example_branch_day_of_week_operator.py
[2023-08-14T13:35:18.767+0300] {processor.py:826} INFO - Processing file /home/soamariaka/.local/lib/python3.9/site-packages/airflow/example_dags/example_branch_day_of_week_operator.py for tasks to queue
[2023-08-14T13:35:18.768+0300] {logging_mixin.py:150} INFO - [2023-08-14T13:35:18.768+0300] {dagbag.py:541} INFO - Filling up the DagBag from /home/soamariaka/.local/lib/python3.9/site-packages/airflow/example_dags/example_branch_day_of_week_operator.py
[2023-08-14T13:35:18.783+0300] {processor.py:836} INFO - DAG(s) dict_keys(['example_weekday_branch_operator']) retrieved from /home/soamariaka/.local/lib/python3.9/site-packages/airflow/example_dags/example_branch_day_of_week_operator.py
[2023-08-14T13:35:18.811+0300] {logging_mixin.py:150} INFO - [2023-08-14T13:35:18.811+0300] {dag.py:2742} INFO - Sync 1 DAGs
[2023-08-14T13:35:18.844+0300] {logging_mixin.py:150} INFO - [2023-08-14T13:35:18.844+0300] {dag.py:3504} INFO - Setting next_dagrun for example_weekday_branch_operator to 2023-08-13T00:00:00+00:00, run_after=2023-08-14T00:00:00+00:00
[2023-08-14T13:35:18.945+0300] {processor.py:179} INFO - Processing /home/soamariaka/.local/lib/python3.9/site-packages/airflow/example_dags/example_branch_day_of_week_operator.py took 0.186 seconds
[2023-08-14T13:36:23.028+0300] {processor.py:157} INFO - Started process (PID=11090) to work on /home/soamariaka/.local/lib/python3.9/site-packages/airflow/example_dags/example_branch_day_of_week_operator.py
[2023-08-14T13:36:23.031+0300] {processor.py:826} INFO - Processing file /home/soamariaka/.local/lib/python3.9/site-packages/airflow/example_dags/example_branch_day_of_week_operator.py for tasks to queue
[2023-08-14T13:36:23.032+0300] {logging_mixin.py:150} INFO - [2023-08-14T13:36:23.032+0300] {dagbag.py:541} INFO - Filling up the DagBag from /home/soamariaka/.local/lib/python3.9/site-packages/airflow/example_dags/example_branch_day_of_week_operator.py
[2023-08-14T13:36:23.045+0300] {processor.py:836} INFO - DAG(s) dict_keys(['example_weekday_branch_operator']) retrieved from /home/soamariaka/.local/lib/python3.9/site-packages/airflow/example_dags/example_branch_day_of_week_operator.py
[2023-08-14T13:36:23.071+0300] {logging_mixin.py:150} INFO - [2023-08-14T13:36:23.071+0300] {dag.py:2742} INFO - Sync 1 DAGs
[2023-08-14T13:36:23.105+0300] {logging_mixin.py:150} INFO - [2023-08-14T13:36:23.104+0300] {dag.py:3504} INFO - Setting next_dagrun for example_weekday_branch_operator to 2023-08-13T00:00:00+00:00, run_after=2023-08-14T00:00:00+00:00
[2023-08-14T13:36:23.262+0300] {processor.py:179} INFO - Processing /home/soamariaka/.local/lib/python3.9/site-packages/airflow/example_dags/example_branch_day_of_week_operator.py took 0.239 seconds
[2023-08-14T13:37:20.975+0300] {processor.py:157} INFO - Started process (PID=11189) to work on /home/soamariaka/.local/lib/python3.9/site-packages/airflow/example_dags/example_branch_day_of_week_operator.py
[2023-08-14T13:37:20.977+0300] {processor.py:826} INFO - Processing file /home/soamariaka/.local/lib/python3.9/site-packages/airflow/example_dags/example_branch_day_of_week_operator.py for tasks to queue
[2023-08-14T13:37:20.979+0300] {logging_mixin.py:150} INFO - [2023-08-14T13:37:20.978+0300] {dagbag.py:541} INFO - Filling up the DagBag from /home/soamariaka/.local/lib/python3.9/site-packages/airflow/example_dags/example_branch_day_of_week_operator.py
[2023-08-14T13:37:20.996+0300] {processor.py:836} INFO - DAG(s) dict_keys(['example_weekday_branch_operator']) retrieved from /home/soamariaka/.local/lib/python3.9/site-packages/airflow/example_dags/example_branch_day_of_week_operator.py
[2023-08-14T13:37:21.030+0300] {logging_mixin.py:150} INFO - [2023-08-14T13:37:21.030+0300] {dag.py:2742} INFO - Sync 1 DAGs
[2023-08-14T13:37:21.078+0300] {logging_mixin.py:150} INFO - [2023-08-14T13:37:21.078+0300] {dag.py:3504} INFO - Setting next_dagrun for example_weekday_branch_operator to 2023-08-13T00:00:00+00:00, run_after=2023-08-14T00:00:00+00:00
[2023-08-14T13:37:21.245+0300] {processor.py:179} INFO - Processing /home/soamariaka/.local/lib/python3.9/site-packages/airflow/example_dags/example_branch_day_of_week_operator.py took 0.276 seconds
[2023-08-14T13:38:20.557+0300] {processor.py:157} INFO - Started process (PID=11274) to work on /home/soamariaka/.local/lib/python3.9/site-packages/airflow/example_dags/example_branch_day_of_week_operator.py
[2023-08-14T13:38:20.559+0300] {processor.py:826} INFO - Processing file /home/soamariaka/.local/lib/python3.9/site-packages/airflow/example_dags/example_branch_day_of_week_operator.py for tasks to queue
[2023-08-14T13:38:20.561+0300] {logging_mixin.py:150} INFO - [2023-08-14T13:38:20.560+0300] {dagbag.py:541} INFO - Filling up the DagBag from /home/soamariaka/.local/lib/python3.9/site-packages/airflow/example_dags/example_branch_day_of_week_operator.py
[2023-08-14T13:38:20.576+0300] {processor.py:836} INFO - DAG(s) dict_keys(['example_weekday_branch_operator']) retrieved from /home/soamariaka/.local/lib/python3.9/site-packages/airflow/example_dags/example_branch_day_of_week_operator.py
[2023-08-14T13:38:20.604+0300] {logging_mixin.py:150} INFO - [2023-08-14T13:38:20.603+0300] {dag.py:2742} INFO - Sync 1 DAGs
[2023-08-14T13:38:20.637+0300] {logging_mixin.py:150} INFO - [2023-08-14T13:38:20.637+0300] {dag.py:3504} INFO - Setting next_dagrun for example_weekday_branch_operator to 2023-08-13T00:00:00+00:00, run_after=2023-08-14T00:00:00+00:00
[2023-08-14T13:38:20.818+0300] {processor.py:179} INFO - Processing /home/soamariaka/.local/lib/python3.9/site-packages/airflow/example_dags/example_branch_day_of_week_operator.py took 0.266 seconds
[2023-08-14T13:39:26.114+0300] {processor.py:157} INFO - Started process (PID=11427) to work on /home/soamariaka/.local/lib/python3.9/site-packages/airflow/example_dags/example_branch_day_of_week_operator.py
[2023-08-14T13:39:26.156+0300] {processor.py:826} INFO - Processing file /home/soamariaka/.local/lib/python3.9/site-packages/airflow/example_dags/example_branch_day_of_week_operator.py for tasks to queue
[2023-08-14T13:39:26.158+0300] {logging_mixin.py:150} INFO - [2023-08-14T13:39:26.158+0300] {dagbag.py:541} INFO - Filling up the DagBag from /home/soamariaka/.local/lib/python3.9/site-packages/airflow/example_dags/example_branch_day_of_week_operator.py
[2023-08-14T13:39:26.174+0300] {processor.py:836} INFO - DAG(s) dict_keys(['example_weekday_branch_operator']) retrieved from /home/soamariaka/.local/lib/python3.9/site-packages/airflow/example_dags/example_branch_day_of_week_operator.py
[2023-08-14T13:39:26.214+0300] {logging_mixin.py:150} INFO - [2023-08-14T13:39:26.214+0300] {dag.py:2742} INFO - Sync 1 DAGs
[2023-08-14T13:39:26.261+0300] {logging_mixin.py:150} INFO - [2023-08-14T13:39:26.261+0300] {dag.py:3504} INFO - Setting next_dagrun for example_weekday_branch_operator to 2023-08-13T00:00:00+00:00, run_after=2023-08-14T00:00:00+00:00
[2023-08-14T13:39:26.398+0300] {processor.py:179} INFO - Processing /home/soamariaka/.local/lib/python3.9/site-packages/airflow/example_dags/example_branch_day_of_week_operator.py took 0.290 seconds
[2023-08-14T13:40:27.745+0300] {processor.py:157} INFO - Started process (PID=11498) to work on /home/soamariaka/.local/lib/python3.9/site-packages/airflow/example_dags/example_branch_day_of_week_operator.py
[2023-08-14T13:40:27.779+0300] {processor.py:826} INFO - Processing file /home/soamariaka/.local/lib/python3.9/site-packages/airflow/example_dags/example_branch_day_of_week_operator.py for tasks to queue
[2023-08-14T13:40:27.781+0300] {logging_mixin.py:150} INFO - [2023-08-14T13:40:27.780+0300] {dagbag.py:541} INFO - Filling up the DagBag from /home/soamariaka/.local/lib/python3.9/site-packages/airflow/example_dags/example_branch_day_of_week_operator.py
[2023-08-14T13:40:27.801+0300] {processor.py:836} INFO - DAG(s) dict_keys(['example_weekday_branch_operator']) retrieved from /home/soamariaka/.local/lib/python3.9/site-packages/airflow/example_dags/example_branch_day_of_week_operator.py
[2023-08-14T13:40:27.840+0300] {logging_mixin.py:150} INFO - [2023-08-14T13:40:27.840+0300] {dag.py:2742} INFO - Sync 1 DAGs
[2023-08-14T13:40:27.875+0300] {logging_mixin.py:150} INFO - [2023-08-14T13:40:27.875+0300] {dag.py:3504} INFO - Setting next_dagrun for example_weekday_branch_operator to 2023-08-13T00:00:00+00:00, run_after=2023-08-14T00:00:00+00:00
[2023-08-14T13:40:28.007+0300] {processor.py:179} INFO - Processing /home/soamariaka/.local/lib/python3.9/site-packages/airflow/example_dags/example_branch_day_of_week_operator.py took 0.270 seconds
[2023-08-14T13:41:48.460+0300] {processor.py:157} INFO - Started process (PID=11603) to work on /home/soamariaka/.local/lib/python3.9/site-packages/airflow/example_dags/example_branch_day_of_week_operator.py
[2023-08-14T13:41:48.462+0300] {processor.py:826} INFO - Processing file /home/soamariaka/.local/lib/python3.9/site-packages/airflow/example_dags/example_branch_day_of_week_operator.py for tasks to queue
[2023-08-14T13:41:48.463+0300] {logging_mixin.py:150} INFO - [2023-08-14T13:41:48.463+0300] {dagbag.py:541} INFO - Filling up the DagBag from /home/soamariaka/.local/lib/python3.9/site-packages/airflow/example_dags/example_branch_day_of_week_operator.py
[2023-08-14T13:41:48.477+0300] {processor.py:836} INFO - DAG(s) dict_keys(['example_weekday_branch_operator']) retrieved from /home/soamariaka/.local/lib/python3.9/site-packages/airflow/example_dags/example_branch_day_of_week_operator.py
[2023-08-14T13:41:48.506+0300] {logging_mixin.py:150} INFO - [2023-08-14T13:41:48.506+0300] {dag.py:2742} INFO - Sync 1 DAGs
[2023-08-14T13:41:48.539+0300] {logging_mixin.py:150} INFO - [2023-08-14T13:41:48.539+0300] {dag.py:3504} INFO - Setting next_dagrun for example_weekday_branch_operator to 2023-08-13T00:00:00+00:00, run_after=2023-08-14T00:00:00+00:00
[2023-08-14T13:41:48.668+0300] {processor.py:179} INFO - Processing /home/soamariaka/.local/lib/python3.9/site-packages/airflow/example_dags/example_branch_day_of_week_operator.py took 0.213 seconds
[2023-08-14T13:43:09.531+0300] {processor.py:157} INFO - Started process (PID=11676) to work on /home/soamariaka/.local/lib/python3.9/site-packages/airflow/example_dags/example_branch_day_of_week_operator.py
[2023-08-14T13:43:09.565+0300] {processor.py:826} INFO - Processing file /home/soamariaka/.local/lib/python3.9/site-packages/airflow/example_dags/example_branch_day_of_week_operator.py for tasks to queue
[2023-08-14T13:43:09.567+0300] {logging_mixin.py:150} INFO - [2023-08-14T13:43:09.566+0300] {dagbag.py:541} INFO - Filling up the DagBag from /home/soamariaka/.local/lib/python3.9/site-packages/airflow/example_dags/example_branch_day_of_week_operator.py
[2023-08-14T13:43:09.581+0300] {processor.py:836} INFO - DAG(s) dict_keys(['example_weekday_branch_operator']) retrieved from /home/soamariaka/.local/lib/python3.9/site-packages/airflow/example_dags/example_branch_day_of_week_operator.py
[2023-08-14T13:43:09.614+0300] {logging_mixin.py:150} INFO - [2023-08-14T13:43:09.614+0300] {dag.py:2742} INFO - Sync 1 DAGs
[2023-08-14T13:43:09.650+0300] {logging_mixin.py:150} INFO - [2023-08-14T13:43:09.649+0300] {dag.py:3504} INFO - Setting next_dagrun for example_weekday_branch_operator to 2023-08-13T00:00:00+00:00, run_after=2023-08-14T00:00:00+00:00
[2023-08-14T13:43:09.778+0300] {processor.py:179} INFO - Processing /home/soamariaka/.local/lib/python3.9/site-packages/airflow/example_dags/example_branch_day_of_week_operator.py took 0.252 seconds
[2023-08-14T13:44:41.030+0300] {processor.py:157} INFO - Started process (PID=11785) to work on /home/soamariaka/.local/lib/python3.9/site-packages/airflow/example_dags/example_branch_day_of_week_operator.py
[2023-08-14T13:44:41.046+0300] {processor.py:826} INFO - Processing file /home/soamariaka/.local/lib/python3.9/site-packages/airflow/example_dags/example_branch_day_of_week_operator.py for tasks to queue
[2023-08-14T13:44:41.048+0300] {logging_mixin.py:150} INFO - [2023-08-14T13:44:41.047+0300] {dagbag.py:541} INFO - Filling up the DagBag from /home/soamariaka/.local/lib/python3.9/site-packages/airflow/example_dags/example_branch_day_of_week_operator.py
[2023-08-14T13:44:41.066+0300] {processor.py:836} INFO - DAG(s) dict_keys(['example_weekday_branch_operator']) retrieved from /home/soamariaka/.local/lib/python3.9/site-packages/airflow/example_dags/example_branch_day_of_week_operator.py
[2023-08-14T13:44:41.104+0300] {logging_mixin.py:150} INFO - [2023-08-14T13:44:41.103+0300] {dag.py:2742} INFO - Sync 1 DAGs
[2023-08-14T13:44:41.144+0300] {logging_mixin.py:150} INFO - [2023-08-14T13:44:41.144+0300] {dag.py:3504} INFO - Setting next_dagrun for example_weekday_branch_operator to 2023-08-13T00:00:00+00:00, run_after=2023-08-14T00:00:00+00:00
[2023-08-14T13:44:41.429+0300] {processor.py:179} INFO - Processing /home/soamariaka/.local/lib/python3.9/site-packages/airflow/example_dags/example_branch_day_of_week_operator.py took 0.407 seconds
[2023-08-14T13:45:48.918+0300] {processor.py:157} INFO - Started process (PID=11897) to work on /home/soamariaka/.local/lib/python3.9/site-packages/airflow/example_dags/example_branch_day_of_week_operator.py
[2023-08-14T13:45:48.944+0300] {processor.py:826} INFO - Processing file /home/soamariaka/.local/lib/python3.9/site-packages/airflow/example_dags/example_branch_day_of_week_operator.py for tasks to queue
[2023-08-14T13:45:48.962+0300] {logging_mixin.py:150} INFO - [2023-08-14T13:45:48.960+0300] {dagbag.py:541} INFO - Filling up the DagBag from /home/soamariaka/.local/lib/python3.9/site-packages/airflow/example_dags/example_branch_day_of_week_operator.py
[2023-08-14T13:45:48.981+0300] {processor.py:836} INFO - DAG(s) dict_keys(['example_weekday_branch_operator']) retrieved from /home/soamariaka/.local/lib/python3.9/site-packages/airflow/example_dags/example_branch_day_of_week_operator.py
[2023-08-14T13:45:49.013+0300] {logging_mixin.py:150} INFO - [2023-08-14T13:45:49.013+0300] {dag.py:2742} INFO - Sync 1 DAGs
[2023-08-14T13:45:49.051+0300] {logging_mixin.py:150} INFO - [2023-08-14T13:45:49.051+0300] {dag.py:3504} INFO - Setting next_dagrun for example_weekday_branch_operator to 2023-08-13T00:00:00+00:00, run_after=2023-08-14T00:00:00+00:00
[2023-08-14T13:45:49.422+0300] {processor.py:179} INFO - Processing /home/soamariaka/.local/lib/python3.9/site-packages/airflow/example_dags/example_branch_day_of_week_operator.py took 0.508 seconds
[2023-08-14T13:46:52.681+0300] {processor.py:157} INFO - Started process (PID=11953) to work on /home/soamariaka/.local/lib/python3.9/site-packages/airflow/example_dags/example_branch_day_of_week_operator.py
[2023-08-14T13:46:52.710+0300] {processor.py:826} INFO - Processing file /home/soamariaka/.local/lib/python3.9/site-packages/airflow/example_dags/example_branch_day_of_week_operator.py for tasks to queue
[2023-08-14T13:46:52.711+0300] {logging_mixin.py:150} INFO - [2023-08-14T13:46:52.711+0300] {dagbag.py:541} INFO - Filling up the DagBag from /home/soamariaka/.local/lib/python3.9/site-packages/airflow/example_dags/example_branch_day_of_week_operator.py
[2023-08-14T13:46:52.725+0300] {processor.py:836} INFO - DAG(s) dict_keys(['example_weekday_branch_operator']) retrieved from /home/soamariaka/.local/lib/python3.9/site-packages/airflow/example_dags/example_branch_day_of_week_operator.py
[2023-08-14T13:46:52.759+0300] {logging_mixin.py:150} INFO - [2023-08-14T13:46:52.758+0300] {dag.py:2742} INFO - Sync 1 DAGs
[2023-08-14T13:46:52.793+0300] {logging_mixin.py:150} INFO - [2023-08-14T13:46:52.792+0300] {dag.py:3504} INFO - Setting next_dagrun for example_weekday_branch_operator to 2023-08-13T00:00:00+00:00, run_after=2023-08-14T00:00:00+00:00
[2023-08-14T13:46:52.915+0300] {processor.py:179} INFO - Processing /home/soamariaka/.local/lib/python3.9/site-packages/airflow/example_dags/example_branch_day_of_week_operator.py took 0.239 seconds
[2023-08-14T13:47:53.195+0300] {processor.py:157} INFO - Started process (PID=12015) to work on /home/soamariaka/.local/lib/python3.9/site-packages/airflow/example_dags/example_branch_day_of_week_operator.py
[2023-08-14T13:47:53.234+0300] {processor.py:826} INFO - Processing file /home/soamariaka/.local/lib/python3.9/site-packages/airflow/example_dags/example_branch_day_of_week_operator.py for tasks to queue
[2023-08-14T13:47:53.236+0300] {logging_mixin.py:150} INFO - [2023-08-14T13:47:53.235+0300] {dagbag.py:541} INFO - Filling up the DagBag from /home/soamariaka/.local/lib/python3.9/site-packages/airflow/example_dags/example_branch_day_of_week_operator.py
[2023-08-14T13:47:53.251+0300] {processor.py:836} INFO - DAG(s) dict_keys(['example_weekday_branch_operator']) retrieved from /home/soamariaka/.local/lib/python3.9/site-packages/airflow/example_dags/example_branch_day_of_week_operator.py
[2023-08-14T13:47:53.285+0300] {logging_mixin.py:150} INFO - [2023-08-14T13:47:53.284+0300] {dag.py:2742} INFO - Sync 1 DAGs
[2023-08-14T13:47:53.321+0300] {logging_mixin.py:150} INFO - [2023-08-14T13:47:53.321+0300] {dag.py:3504} INFO - Setting next_dagrun for example_weekday_branch_operator to 2023-08-13T00:00:00+00:00, run_after=2023-08-14T00:00:00+00:00
[2023-08-14T13:47:53.515+0300] {processor.py:179} INFO - Processing /home/soamariaka/.local/lib/python3.9/site-packages/airflow/example_dags/example_branch_day_of_week_operator.py took 0.326 seconds
[2023-08-14T13:48:55.872+0300] {processor.py:157} INFO - Started process (PID=12103) to work on /home/soamariaka/.local/lib/python3.9/site-packages/airflow/example_dags/example_branch_day_of_week_operator.py
[2023-08-14T13:48:55.875+0300] {processor.py:826} INFO - Processing file /home/soamariaka/.local/lib/python3.9/site-packages/airflow/example_dags/example_branch_day_of_week_operator.py for tasks to queue
[2023-08-14T13:48:55.877+0300] {logging_mixin.py:150} INFO - [2023-08-14T13:48:55.876+0300] {dagbag.py:541} INFO - Filling up the DagBag from /home/soamariaka/.local/lib/python3.9/site-packages/airflow/example_dags/example_branch_day_of_week_operator.py
[2023-08-14T13:48:55.889+0300] {processor.py:836} INFO - DAG(s) dict_keys(['example_weekday_branch_operator']) retrieved from /home/soamariaka/.local/lib/python3.9/site-packages/airflow/example_dags/example_branch_day_of_week_operator.py
[2023-08-14T13:48:55.916+0300] {logging_mixin.py:150} INFO - [2023-08-14T13:48:55.916+0300] {dag.py:2742} INFO - Sync 1 DAGs
[2023-08-14T13:48:55.950+0300] {logging_mixin.py:150} INFO - [2023-08-14T13:48:55.950+0300] {dag.py:3504} INFO - Setting next_dagrun for example_weekday_branch_operator to 2023-08-13T00:00:00+00:00, run_after=2023-08-14T00:00:00+00:00
[2023-08-14T13:48:56.193+0300] {processor.py:179} INFO - Processing /home/soamariaka/.local/lib/python3.9/site-packages/airflow/example_dags/example_branch_day_of_week_operator.py took 0.327 seconds
[2023-08-14T13:49:57.625+0300] {processor.py:157} INFO - Started process (PID=12179) to work on /home/soamariaka/.local/lib/python3.9/site-packages/airflow/example_dags/example_branch_day_of_week_operator.py
[2023-08-14T13:49:57.627+0300] {processor.py:826} INFO - Processing file /home/soamariaka/.local/lib/python3.9/site-packages/airflow/example_dags/example_branch_day_of_week_operator.py for tasks to queue
[2023-08-14T13:49:57.629+0300] {logging_mixin.py:150} INFO - [2023-08-14T13:49:57.628+0300] {dagbag.py:541} INFO - Filling up the DagBag from /home/soamariaka/.local/lib/python3.9/site-packages/airflow/example_dags/example_branch_day_of_week_operator.py
[2023-08-14T13:49:57.644+0300] {processor.py:836} INFO - DAG(s) dict_keys(['example_weekday_branch_operator']) retrieved from /home/soamariaka/.local/lib/python3.9/site-packages/airflow/example_dags/example_branch_day_of_week_operator.py
[2023-08-14T13:49:57.674+0300] {logging_mixin.py:150} INFO - [2023-08-14T13:49:57.673+0300] {dag.py:2742} INFO - Sync 1 DAGs
[2023-08-14T13:49:57.708+0300] {logging_mixin.py:150} INFO - [2023-08-14T13:49:57.708+0300] {dag.py:3504} INFO - Setting next_dagrun for example_weekday_branch_operator to 2023-08-13T00:00:00+00:00, run_after=2023-08-14T00:00:00+00:00
[2023-08-14T13:49:57.849+0300] {processor.py:179} INFO - Processing /home/soamariaka/.local/lib/python3.9/site-packages/airflow/example_dags/example_branch_day_of_week_operator.py took 0.230 seconds
[2023-08-14T13:51:03.451+0300] {processor.py:157} INFO - Started process (PID=12237) to work on /home/soamariaka/.local/lib/python3.9/site-packages/airflow/example_dags/example_branch_day_of_week_operator.py
[2023-08-14T13:51:03.453+0300] {processor.py:826} INFO - Processing file /home/soamariaka/.local/lib/python3.9/site-packages/airflow/example_dags/example_branch_day_of_week_operator.py for tasks to queue
[2023-08-14T13:51:03.454+0300] {logging_mixin.py:150} INFO - [2023-08-14T13:51:03.454+0300] {dagbag.py:541} INFO - Filling up the DagBag from /home/soamariaka/.local/lib/python3.9/site-packages/airflow/example_dags/example_branch_day_of_week_operator.py
[2023-08-14T13:51:03.470+0300] {processor.py:836} INFO - DAG(s) dict_keys(['example_weekday_branch_operator']) retrieved from /home/soamariaka/.local/lib/python3.9/site-packages/airflow/example_dags/example_branch_day_of_week_operator.py
[2023-08-14T13:51:03.510+0300] {logging_mixin.py:150} INFO - [2023-08-14T13:51:03.510+0300] {dag.py:2742} INFO - Sync 1 DAGs
[2023-08-14T13:51:03.546+0300] {logging_mixin.py:150} INFO - [2023-08-14T13:51:03.545+0300] {dag.py:3504} INFO - Setting next_dagrun for example_weekday_branch_operator to 2023-08-13T00:00:00+00:00, run_after=2023-08-14T00:00:00+00:00
[2023-08-14T13:51:03.783+0300] {processor.py:179} INFO - Processing /home/soamariaka/.local/lib/python3.9/site-packages/airflow/example_dags/example_branch_day_of_week_operator.py took 0.339 seconds
[2023-08-14T13:52:08.392+0300] {processor.py:157} INFO - Started process (PID=12336) to work on /home/soamariaka/.local/lib/python3.9/site-packages/airflow/example_dags/example_branch_day_of_week_operator.py
[2023-08-14T13:52:08.419+0300] {processor.py:826} INFO - Processing file /home/soamariaka/.local/lib/python3.9/site-packages/airflow/example_dags/example_branch_day_of_week_operator.py for tasks to queue
[2023-08-14T13:52:08.420+0300] {logging_mixin.py:150} INFO - [2023-08-14T13:52:08.420+0300] {dagbag.py:541} INFO - Filling up the DagBag from /home/soamariaka/.local/lib/python3.9/site-packages/airflow/example_dags/example_branch_day_of_week_operator.py
[2023-08-14T13:52:08.435+0300] {processor.py:836} INFO - DAG(s) dict_keys(['example_weekday_branch_operator']) retrieved from /home/soamariaka/.local/lib/python3.9/site-packages/airflow/example_dags/example_branch_day_of_week_operator.py
[2023-08-14T13:52:08.469+0300] {logging_mixin.py:150} INFO - [2023-08-14T13:52:08.468+0300] {dag.py:2742} INFO - Sync 1 DAGs
[2023-08-14T13:52:08.503+0300] {logging_mixin.py:150} INFO - [2023-08-14T13:52:08.503+0300] {dag.py:3504} INFO - Setting next_dagrun for example_weekday_branch_operator to 2023-08-13T00:00:00+00:00, run_after=2023-08-14T00:00:00+00:00
[2023-08-14T13:52:08.673+0300] {processor.py:179} INFO - Processing /home/soamariaka/.local/lib/python3.9/site-packages/airflow/example_dags/example_branch_day_of_week_operator.py took 0.287 seconds
[2023-08-14T13:53:10.494+0300] {processor.py:157} INFO - Started process (PID=12395) to work on /home/soamariaka/.local/lib/python3.9/site-packages/airflow/example_dags/example_branch_day_of_week_operator.py
[2023-08-14T13:53:10.496+0300] {processor.py:826} INFO - Processing file /home/soamariaka/.local/lib/python3.9/site-packages/airflow/example_dags/example_branch_day_of_week_operator.py for tasks to queue
[2023-08-14T13:53:10.498+0300] {logging_mixin.py:150} INFO - [2023-08-14T13:53:10.498+0300] {dagbag.py:541} INFO - Filling up the DagBag from /home/soamariaka/.local/lib/python3.9/site-packages/airflow/example_dags/example_branch_day_of_week_operator.py
[2023-08-14T13:53:10.512+0300] {processor.py:836} INFO - DAG(s) dict_keys(['example_weekday_branch_operator']) retrieved from /home/soamariaka/.local/lib/python3.9/site-packages/airflow/example_dags/example_branch_day_of_week_operator.py
[2023-08-14T13:53:10.541+0300] {logging_mixin.py:150} INFO - [2023-08-14T13:53:10.541+0300] {dag.py:2742} INFO - Sync 1 DAGs
[2023-08-14T13:53:10.574+0300] {logging_mixin.py:150} INFO - [2023-08-14T13:53:10.574+0300] {dag.py:3504} INFO - Setting next_dagrun for example_weekday_branch_operator to 2023-08-13T00:00:00+00:00, run_after=2023-08-14T00:00:00+00:00
[2023-08-14T13:53:10.720+0300] {processor.py:179} INFO - Processing /home/soamariaka/.local/lib/python3.9/site-packages/airflow/example_dags/example_branch_day_of_week_operator.py took 0.232 seconds
[2023-08-14T13:54:15.660+0300] {processor.py:157} INFO - Started process (PID=12452) to work on /home/soamariaka/.local/lib/python3.9/site-packages/airflow/example_dags/example_branch_day_of_week_operator.py
[2023-08-14T13:54:15.662+0300] {processor.py:826} INFO - Processing file /home/soamariaka/.local/lib/python3.9/site-packages/airflow/example_dags/example_branch_day_of_week_operator.py for tasks to queue
[2023-08-14T13:54:15.664+0300] {logging_mixin.py:150} INFO - [2023-08-14T13:54:15.663+0300] {dagbag.py:541} INFO - Filling up the DagBag from /home/soamariaka/.local/lib/python3.9/site-packages/airflow/example_dags/example_branch_day_of_week_operator.py
[2023-08-14T13:54:15.678+0300] {processor.py:836} INFO - DAG(s) dict_keys(['example_weekday_branch_operator']) retrieved from /home/soamariaka/.local/lib/python3.9/site-packages/airflow/example_dags/example_branch_day_of_week_operator.py
[2023-08-14T13:54:15.707+0300] {logging_mixin.py:150} INFO - [2023-08-14T13:54:15.707+0300] {dag.py:2742} INFO - Sync 1 DAGs
[2023-08-14T13:54:15.741+0300] {logging_mixin.py:150} INFO - [2023-08-14T13:54:15.740+0300] {dag.py:3504} INFO - Setting next_dagrun for example_weekday_branch_operator to 2023-08-13T00:00:00+00:00, run_after=2023-08-14T00:00:00+00:00
[2023-08-14T13:54:15.881+0300] {processor.py:179} INFO - Processing /home/soamariaka/.local/lib/python3.9/site-packages/airflow/example_dags/example_branch_day_of_week_operator.py took 0.226 seconds
[2023-08-14T13:55:21.424+0300] {processor.py:157} INFO - Started process (PID=12564) to work on /home/soamariaka/.local/lib/python3.9/site-packages/airflow/example_dags/example_branch_day_of_week_operator.py
[2023-08-14T13:55:21.427+0300] {processor.py:826} INFO - Processing file /home/soamariaka/.local/lib/python3.9/site-packages/airflow/example_dags/example_branch_day_of_week_operator.py for tasks to queue
[2023-08-14T13:55:21.428+0300] {logging_mixin.py:150} INFO - [2023-08-14T13:55:21.428+0300] {dagbag.py:541} INFO - Filling up the DagBag from /home/soamariaka/.local/lib/python3.9/site-packages/airflow/example_dags/example_branch_day_of_week_operator.py
[2023-08-14T13:55:21.442+0300] {processor.py:836} INFO - DAG(s) dict_keys(['example_weekday_branch_operator']) retrieved from /home/soamariaka/.local/lib/python3.9/site-packages/airflow/example_dags/example_branch_day_of_week_operator.py
[2023-08-14T13:55:21.471+0300] {logging_mixin.py:150} INFO - [2023-08-14T13:55:21.471+0300] {dag.py:2742} INFO - Sync 1 DAGs
[2023-08-14T13:55:21.504+0300] {logging_mixin.py:150} INFO - [2023-08-14T13:55:21.504+0300] {dag.py:3504} INFO - Setting next_dagrun for example_weekday_branch_operator to 2023-08-13T00:00:00+00:00, run_after=2023-08-14T00:00:00+00:00
[2023-08-14T13:55:21.628+0300] {processor.py:179} INFO - Processing /home/soamariaka/.local/lib/python3.9/site-packages/airflow/example_dags/example_branch_day_of_week_operator.py took 0.209 seconds
[2023-08-14T13:56:28.793+0300] {processor.py:157} INFO - Started process (PID=12649) to work on /home/soamariaka/.local/lib/python3.9/site-packages/airflow/example_dags/example_branch_day_of_week_operator.py
[2023-08-14T13:56:28.795+0300] {processor.py:826} INFO - Processing file /home/soamariaka/.local/lib/python3.9/site-packages/airflow/example_dags/example_branch_day_of_week_operator.py for tasks to queue
[2023-08-14T13:56:28.796+0300] {logging_mixin.py:150} INFO - [2023-08-14T13:56:28.796+0300] {dagbag.py:541} INFO - Filling up the DagBag from /home/soamariaka/.local/lib/python3.9/site-packages/airflow/example_dags/example_branch_day_of_week_operator.py
[2023-08-14T13:56:28.811+0300] {processor.py:836} INFO - DAG(s) dict_keys(['example_weekday_branch_operator']) retrieved from /home/soamariaka/.local/lib/python3.9/site-packages/airflow/example_dags/example_branch_day_of_week_operator.py
[2023-08-14T13:56:28.839+0300] {logging_mixin.py:150} INFO - [2023-08-14T13:56:28.839+0300] {dag.py:2742} INFO - Sync 1 DAGs
[2023-08-14T13:56:28.875+0300] {logging_mixin.py:150} INFO - [2023-08-14T13:56:28.874+0300] {dag.py:3504} INFO - Setting next_dagrun for example_weekday_branch_operator to 2023-08-13T00:00:00+00:00, run_after=2023-08-14T00:00:00+00:00
[2023-08-14T13:56:29.117+0300] {processor.py:179} INFO - Processing /home/soamariaka/.local/lib/python3.9/site-packages/airflow/example_dags/example_branch_day_of_week_operator.py took 0.329 seconds
[2023-08-14T13:57:37.588+0300] {processor.py:157} INFO - Started process (PID=12709) to work on /home/soamariaka/.local/lib/python3.9/site-packages/airflow/example_dags/example_branch_day_of_week_operator.py
[2023-08-14T13:57:37.617+0300] {processor.py:826} INFO - Processing file /home/soamariaka/.local/lib/python3.9/site-packages/airflow/example_dags/example_branch_day_of_week_operator.py for tasks to queue
[2023-08-14T13:57:37.619+0300] {logging_mixin.py:150} INFO - [2023-08-14T13:57:37.618+0300] {dagbag.py:541} INFO - Filling up the DagBag from /home/soamariaka/.local/lib/python3.9/site-packages/airflow/example_dags/example_branch_day_of_week_operator.py
[2023-08-14T13:57:37.633+0300] {processor.py:836} INFO - DAG(s) dict_keys(['example_weekday_branch_operator']) retrieved from /home/soamariaka/.local/lib/python3.9/site-packages/airflow/example_dags/example_branch_day_of_week_operator.py
[2023-08-14T13:57:37.665+0300] {logging_mixin.py:150} INFO - [2023-08-14T13:57:37.665+0300] {dag.py:2742} INFO - Sync 1 DAGs
[2023-08-14T13:57:37.700+0300] {logging_mixin.py:150} INFO - [2023-08-14T13:57:37.700+0300] {dag.py:3504} INFO - Setting next_dagrun for example_weekday_branch_operator to 2023-08-13T00:00:00+00:00, run_after=2023-08-14T00:00:00+00:00
[2023-08-14T13:57:37.820+0300] {processor.py:179} INFO - Processing /home/soamariaka/.local/lib/python3.9/site-packages/airflow/example_dags/example_branch_day_of_week_operator.py took 0.237 seconds
[2023-08-14T13:58:39.734+0300] {processor.py:157} INFO - Started process (PID=12799) to work on /home/soamariaka/.local/lib/python3.9/site-packages/airflow/example_dags/example_branch_day_of_week_operator.py
[2023-08-14T13:58:39.736+0300] {processor.py:826} INFO - Processing file /home/soamariaka/.local/lib/python3.9/site-packages/airflow/example_dags/example_branch_day_of_week_operator.py for tasks to queue
[2023-08-14T13:58:39.737+0300] {logging_mixin.py:150} INFO - [2023-08-14T13:58:39.737+0300] {dagbag.py:541} INFO - Filling up the DagBag from /home/soamariaka/.local/lib/python3.9/site-packages/airflow/example_dags/example_branch_day_of_week_operator.py
[2023-08-14T13:58:39.752+0300] {processor.py:836} INFO - DAG(s) dict_keys(['example_weekday_branch_operator']) retrieved from /home/soamariaka/.local/lib/python3.9/site-packages/airflow/example_dags/example_branch_day_of_week_operator.py
[2023-08-14T13:58:39.780+0300] {logging_mixin.py:150} INFO - [2023-08-14T13:58:39.780+0300] {dag.py:2742} INFO - Sync 1 DAGs
[2023-08-14T13:58:39.817+0300] {logging_mixin.py:150} INFO - [2023-08-14T13:58:39.817+0300] {dag.py:3504} INFO - Setting next_dagrun for example_weekday_branch_operator to 2023-08-13T00:00:00+00:00, run_after=2023-08-14T00:00:00+00:00
[2023-08-14T13:58:40.099+0300] {processor.py:179} INFO - Processing /home/soamariaka/.local/lib/python3.9/site-packages/airflow/example_dags/example_branch_day_of_week_operator.py took 0.370 seconds
[2023-08-14T13:59:43.478+0300] {processor.py:157} INFO - Started process (PID=12858) to work on /home/soamariaka/.local/lib/python3.9/site-packages/airflow/example_dags/example_branch_day_of_week_operator.py
[2023-08-14T13:59:43.480+0300] {processor.py:826} INFO - Processing file /home/soamariaka/.local/lib/python3.9/site-packages/airflow/example_dags/example_branch_day_of_week_operator.py for tasks to queue
[2023-08-14T13:59:43.481+0300] {logging_mixin.py:150} INFO - [2023-08-14T13:59:43.481+0300] {dagbag.py:541} INFO - Filling up the DagBag from /home/soamariaka/.local/lib/python3.9/site-packages/airflow/example_dags/example_branch_day_of_week_operator.py
[2023-08-14T13:59:43.496+0300] {processor.py:836} INFO - DAG(s) dict_keys(['example_weekday_branch_operator']) retrieved from /home/soamariaka/.local/lib/python3.9/site-packages/airflow/example_dags/example_branch_day_of_week_operator.py
[2023-08-14T13:59:43.524+0300] {logging_mixin.py:150} INFO - [2023-08-14T13:59:43.524+0300] {dag.py:2742} INFO - Sync 1 DAGs
[2023-08-14T13:59:43.557+0300] {logging_mixin.py:150} INFO - [2023-08-14T13:59:43.557+0300] {dag.py:3504} INFO - Setting next_dagrun for example_weekday_branch_operator to 2023-08-13T00:00:00+00:00, run_after=2023-08-14T00:00:00+00:00
[2023-08-14T13:59:43.726+0300] {processor.py:179} INFO - Processing /home/soamariaka/.local/lib/python3.9/site-packages/airflow/example_dags/example_branch_day_of_week_operator.py took 0.253 seconds
[2023-08-14T14:00:46.633+0300] {processor.py:157} INFO - Started process (PID=12940) to work on /home/soamariaka/.local/lib/python3.9/site-packages/airflow/example_dags/example_branch_day_of_week_operator.py
[2023-08-14T14:00:46.635+0300] {processor.py:826} INFO - Processing file /home/soamariaka/.local/lib/python3.9/site-packages/airflow/example_dags/example_branch_day_of_week_operator.py for tasks to queue
[2023-08-14T14:00:46.637+0300] {logging_mixin.py:150} INFO - [2023-08-14T14:00:46.636+0300] {dagbag.py:541} INFO - Filling up the DagBag from /home/soamariaka/.local/lib/python3.9/site-packages/airflow/example_dags/example_branch_day_of_week_operator.py
[2023-08-14T14:00:46.651+0300] {processor.py:836} INFO - DAG(s) dict_keys(['example_weekday_branch_operator']) retrieved from /home/soamariaka/.local/lib/python3.9/site-packages/airflow/example_dags/example_branch_day_of_week_operator.py
[2023-08-14T14:00:46.681+0300] {logging_mixin.py:150} INFO - [2023-08-14T14:00:46.681+0300] {dag.py:2742} INFO - Sync 1 DAGs
[2023-08-14T14:00:46.715+0300] {logging_mixin.py:150} INFO - [2023-08-14T14:00:46.715+0300] {dag.py:3504} INFO - Setting next_dagrun for example_weekday_branch_operator to 2023-08-13T00:00:00+00:00, run_after=2023-08-14T00:00:00+00:00
[2023-08-14T14:00:46.844+0300] {processor.py:179} INFO - Processing /home/soamariaka/.local/lib/python3.9/site-packages/airflow/example_dags/example_branch_day_of_week_operator.py took 0.217 seconds
[2023-08-14T14:01:51.420+0300] {processor.py:157} INFO - Started process (PID=13010) to work on /home/soamariaka/.local/lib/python3.9/site-packages/airflow/example_dags/example_branch_day_of_week_operator.py
[2023-08-14T14:01:51.435+0300] {processor.py:826} INFO - Processing file /home/soamariaka/.local/lib/python3.9/site-packages/airflow/example_dags/example_branch_day_of_week_operator.py for tasks to queue
[2023-08-14T14:01:51.437+0300] {logging_mixin.py:150} INFO - [2023-08-14T14:01:51.436+0300] {dagbag.py:541} INFO - Filling up the DagBag from /home/soamariaka/.local/lib/python3.9/site-packages/airflow/example_dags/example_branch_day_of_week_operator.py
[2023-08-14T14:01:51.451+0300] {processor.py:836} INFO - DAG(s) dict_keys(['example_weekday_branch_operator']) retrieved from /home/soamariaka/.local/lib/python3.9/site-packages/airflow/example_dags/example_branch_day_of_week_operator.py
[2023-08-14T14:01:51.483+0300] {logging_mixin.py:150} INFO - [2023-08-14T14:01:51.482+0300] {dag.py:2742} INFO - Sync 1 DAGs
[2023-08-14T14:01:51.516+0300] {logging_mixin.py:150} INFO - [2023-08-14T14:01:51.516+0300] {dag.py:3504} INFO - Setting next_dagrun for example_weekday_branch_operator to 2023-08-13T00:00:00+00:00, run_after=2023-08-14T00:00:00+00:00
[2023-08-14T14:01:51.649+0300] {processor.py:179} INFO - Processing /home/soamariaka/.local/lib/python3.9/site-packages/airflow/example_dags/example_branch_day_of_week_operator.py took 0.234 seconds
[2023-08-14T14:04:53.772+0300] {processor.py:157} INFO - Started process (PID=13740) to work on /home/soamariaka/.local/lib/python3.9/site-packages/airflow/example_dags/example_branch_day_of_week_operator.py
[2023-08-14T14:04:53.813+0300] {processor.py:826} INFO - Processing file /home/soamariaka/.local/lib/python3.9/site-packages/airflow/example_dags/example_branch_day_of_week_operator.py for tasks to queue
[2023-08-14T14:04:53.816+0300] {logging_mixin.py:150} INFO - [2023-08-14T14:04:53.815+0300] {dagbag.py:541} INFO - Filling up the DagBag from /home/soamariaka/.local/lib/python3.9/site-packages/airflow/example_dags/example_branch_day_of_week_operator.py
[2023-08-14T14:04:53.937+0300] {processor.py:836} INFO - DAG(s) dict_keys(['example_weekday_branch_operator']) retrieved from /home/soamariaka/.local/lib/python3.9/site-packages/airflow/example_dags/example_branch_day_of_week_operator.py
[2023-08-14T14:04:54.026+0300] {logging_mixin.py:150} INFO - [2023-08-14T14:04:54.025+0300] {dag.py:2742} INFO - Sync 1 DAGs
[2023-08-14T14:04:54.072+0300] {logging_mixin.py:150} INFO - [2023-08-14T14:04:54.071+0300] {dag.py:3504} INFO - Setting next_dagrun for example_weekday_branch_operator to 2023-08-13T00:00:00+00:00, run_after=2023-08-14T00:00:00+00:00
[2023-08-14T14:04:55.169+0300] {processor.py:179} INFO - Processing /home/soamariaka/.local/lib/python3.9/site-packages/airflow/example_dags/example_branch_day_of_week_operator.py took 1.402 seconds
[2023-08-14T14:06:25.343+0300] {processor.py:157} INFO - Started process (PID=13831) to work on /home/soamariaka/.local/lib/python3.9/site-packages/airflow/example_dags/example_branch_day_of_week_operator.py
[2023-08-14T14:06:25.378+0300] {processor.py:826} INFO - Processing file /home/soamariaka/.local/lib/python3.9/site-packages/airflow/example_dags/example_branch_day_of_week_operator.py for tasks to queue
[2023-08-14T14:06:25.381+0300] {logging_mixin.py:150} INFO - [2023-08-14T14:06:25.380+0300] {dagbag.py:541} INFO - Filling up the DagBag from /home/soamariaka/.local/lib/python3.9/site-packages/airflow/example_dags/example_branch_day_of_week_operator.py
[2023-08-14T14:06:25.396+0300] {processor.py:836} INFO - DAG(s) dict_keys(['example_weekday_branch_operator']) retrieved from /home/soamariaka/.local/lib/python3.9/site-packages/airflow/example_dags/example_branch_day_of_week_operator.py
[2023-08-14T14:06:25.436+0300] {logging_mixin.py:150} INFO - [2023-08-14T14:06:25.435+0300] {dag.py:2742} INFO - Sync 1 DAGs
[2023-08-14T14:06:25.488+0300] {logging_mixin.py:150} INFO - [2023-08-14T14:06:25.488+0300] {dag.py:3504} INFO - Setting next_dagrun for example_weekday_branch_operator to 2023-08-13T00:00:00+00:00, run_after=2023-08-14T00:00:00+00:00
[2023-08-14T14:06:25.727+0300] {processor.py:179} INFO - Processing /home/soamariaka/.local/lib/python3.9/site-packages/airflow/example_dags/example_branch_day_of_week_operator.py took 0.391 seconds
[2023-08-14T14:07:35.937+0300] {processor.py:157} INFO - Started process (PID=13928) to work on /home/soamariaka/.local/lib/python3.9/site-packages/airflow/example_dags/example_branch_day_of_week_operator.py
[2023-08-14T14:07:36.142+0300] {processor.py:826} INFO - Processing file /home/soamariaka/.local/lib/python3.9/site-packages/airflow/example_dags/example_branch_day_of_week_operator.py for tasks to queue
[2023-08-14T14:07:36.143+0300] {logging_mixin.py:150} INFO - [2023-08-14T14:07:36.143+0300] {dagbag.py:541} INFO - Filling up the DagBag from /home/soamariaka/.local/lib/python3.9/site-packages/airflow/example_dags/example_branch_day_of_week_operator.py
[2023-08-14T14:07:36.264+0300] {processor.py:836} INFO - DAG(s) dict_keys(['example_weekday_branch_operator']) retrieved from /home/soamariaka/.local/lib/python3.9/site-packages/airflow/example_dags/example_branch_day_of_week_operator.py
[2023-08-14T14:07:36.318+0300] {logging_mixin.py:150} INFO - [2023-08-14T14:07:36.318+0300] {dag.py:2742} INFO - Sync 1 DAGs
[2023-08-14T14:07:36.384+0300] {logging_mixin.py:150} INFO - [2023-08-14T14:07:36.383+0300] {dag.py:3504} INFO - Setting next_dagrun for example_weekday_branch_operator to 2023-08-13T00:00:00+00:00, run_after=2023-08-14T00:00:00+00:00
[2023-08-14T14:07:38.353+0300] {processor.py:179} INFO - Processing /home/soamariaka/.local/lib/python3.9/site-packages/airflow/example_dags/example_branch_day_of_week_operator.py took 2.422 seconds
[2023-08-14T14:09:41.723+0300] {processor.py:157} INFO - Started process (PID=14101) to work on /home/soamariaka/.local/lib/python3.9/site-packages/airflow/example_dags/example_branch_day_of_week_operator.py
[2023-08-14T14:09:41.750+0300] {processor.py:826} INFO - Processing file /home/soamariaka/.local/lib/python3.9/site-packages/airflow/example_dags/example_branch_day_of_week_operator.py for tasks to queue
[2023-08-14T14:09:41.752+0300] {logging_mixin.py:150} INFO - [2023-08-14T14:09:41.752+0300] {dagbag.py:541} INFO - Filling up the DagBag from /home/soamariaka/.local/lib/python3.9/site-packages/airflow/example_dags/example_branch_day_of_week_operator.py
[2023-08-14T14:09:41.770+0300] {processor.py:836} INFO - DAG(s) dict_keys(['example_weekday_branch_operator']) retrieved from /home/soamariaka/.local/lib/python3.9/site-packages/airflow/example_dags/example_branch_day_of_week_operator.py
[2023-08-14T14:09:41.800+0300] {logging_mixin.py:150} INFO - [2023-08-14T14:09:41.800+0300] {dag.py:2742} INFO - Sync 1 DAGs
[2023-08-14T14:09:41.835+0300] {logging_mixin.py:150} INFO - [2023-08-14T14:09:41.834+0300] {dag.py:3504} INFO - Setting next_dagrun for example_weekday_branch_operator to 2023-08-13T00:00:00+00:00, run_after=2023-08-14T00:00:00+00:00
[2023-08-14T14:09:42.041+0300] {processor.py:179} INFO - Processing /home/soamariaka/.local/lib/python3.9/site-packages/airflow/example_dags/example_branch_day_of_week_operator.py took 0.323 seconds
[2023-08-14T14:11:31.242+0300] {processor.py:157} INFO - Started process (PID=15065) to work on /home/soamariaka/.local/lib/python3.9/site-packages/airflow/example_dags/example_branch_day_of_week_operator.py
[2023-08-14T14:11:31.281+0300] {processor.py:826} INFO - Processing file /home/soamariaka/.local/lib/python3.9/site-packages/airflow/example_dags/example_branch_day_of_week_operator.py for tasks to queue
[2023-08-14T14:11:31.283+0300] {logging_mixin.py:150} INFO - [2023-08-14T14:11:31.282+0300] {dagbag.py:541} INFO - Filling up the DagBag from /home/soamariaka/.local/lib/python3.9/site-packages/airflow/example_dags/example_branch_day_of_week_operator.py
[2023-08-14T14:11:31.299+0300] {processor.py:836} INFO - DAG(s) dict_keys(['example_weekday_branch_operator']) retrieved from /home/soamariaka/.local/lib/python3.9/site-packages/airflow/example_dags/example_branch_day_of_week_operator.py
[2023-08-14T14:11:31.331+0300] {logging_mixin.py:150} INFO - [2023-08-14T14:11:31.330+0300] {dag.py:2742} INFO - Sync 1 DAGs
[2023-08-14T14:11:31.393+0300] {logging_mixin.py:150} INFO - [2023-08-14T14:11:31.393+0300] {dag.py:3504} INFO - Setting next_dagrun for example_weekday_branch_operator to 2023-08-13T00:00:00+00:00, run_after=2023-08-14T00:00:00+00:00
[2023-08-14T14:11:31.861+0300] {processor.py:179} INFO - Processing /home/soamariaka/.local/lib/python3.9/site-packages/airflow/example_dags/example_branch_day_of_week_operator.py took 0.626 seconds
[2023-08-14T14:12:46.349+0300] {processor.py:157} INFO - Started process (PID=15167) to work on /home/soamariaka/.local/lib/python3.9/site-packages/airflow/example_dags/example_branch_day_of_week_operator.py
[2023-08-14T14:12:46.396+0300] {processor.py:826} INFO - Processing file /home/soamariaka/.local/lib/python3.9/site-packages/airflow/example_dags/example_branch_day_of_week_operator.py for tasks to queue
[2023-08-14T14:12:46.398+0300] {logging_mixin.py:150} INFO - [2023-08-14T14:12:46.397+0300] {dagbag.py:541} INFO - Filling up the DagBag from /home/soamariaka/.local/lib/python3.9/site-packages/airflow/example_dags/example_branch_day_of_week_operator.py
[2023-08-14T14:12:46.412+0300] {processor.py:836} INFO - DAG(s) dict_keys(['example_weekday_branch_operator']) retrieved from /home/soamariaka/.local/lib/python3.9/site-packages/airflow/example_dags/example_branch_day_of_week_operator.py
[2023-08-14T14:12:46.447+0300] {logging_mixin.py:150} INFO - [2023-08-14T14:12:46.447+0300] {dag.py:2742} INFO - Sync 1 DAGs
[2023-08-14T14:12:46.483+0300] {logging_mixin.py:150} INFO - [2023-08-14T14:12:46.483+0300] {dag.py:3504} INFO - Setting next_dagrun for example_weekday_branch_operator to 2023-08-13T00:00:00+00:00, run_after=2023-08-14T00:00:00+00:00
[2023-08-14T14:12:46.700+0300] {processor.py:179} INFO - Processing /home/soamariaka/.local/lib/python3.9/site-packages/airflow/example_dags/example_branch_day_of_week_operator.py took 0.356 seconds
[2023-08-14T14:13:47.369+0300] {processor.py:157} INFO - Started process (PID=15305) to work on /home/soamariaka/.local/lib/python3.9/site-packages/airflow/example_dags/example_branch_day_of_week_operator.py
[2023-08-14T14:13:47.384+0300] {processor.py:826} INFO - Processing file /home/soamariaka/.local/lib/python3.9/site-packages/airflow/example_dags/example_branch_day_of_week_operator.py for tasks to queue
[2023-08-14T14:13:47.386+0300] {logging_mixin.py:150} INFO - [2023-08-14T14:13:47.385+0300] {dagbag.py:541} INFO - Filling up the DagBag from /home/soamariaka/.local/lib/python3.9/site-packages/airflow/example_dags/example_branch_day_of_week_operator.py
[2023-08-14T14:13:47.399+0300] {processor.py:836} INFO - DAG(s) dict_keys(['example_weekday_branch_operator']) retrieved from /home/soamariaka/.local/lib/python3.9/site-packages/airflow/example_dags/example_branch_day_of_week_operator.py
[2023-08-14T14:13:47.428+0300] {logging_mixin.py:150} INFO - [2023-08-14T14:13:47.427+0300] {dag.py:2742} INFO - Sync 1 DAGs
[2023-08-14T14:13:47.462+0300] {logging_mixin.py:150} INFO - [2023-08-14T14:13:47.462+0300] {dag.py:3504} INFO - Setting next_dagrun for example_weekday_branch_operator to 2023-08-13T00:00:00+00:00, run_after=2023-08-14T00:00:00+00:00
[2023-08-14T14:13:47.602+0300] {processor.py:179} INFO - Processing /home/soamariaka/.local/lib/python3.9/site-packages/airflow/example_dags/example_branch_day_of_week_operator.py took 0.239 seconds
[2023-08-14T14:14:53.302+0300] {processor.py:157} INFO - Started process (PID=15402) to work on /home/soamariaka/.local/lib/python3.9/site-packages/airflow/example_dags/example_branch_day_of_week_operator.py
[2023-08-14T14:14:53.316+0300] {processor.py:826} INFO - Processing file /home/soamariaka/.local/lib/python3.9/site-packages/airflow/example_dags/example_branch_day_of_week_operator.py for tasks to queue
[2023-08-14T14:14:53.318+0300] {logging_mixin.py:150} INFO - [2023-08-14T14:14:53.317+0300] {dagbag.py:541} INFO - Filling up the DagBag from /home/soamariaka/.local/lib/python3.9/site-packages/airflow/example_dags/example_branch_day_of_week_operator.py
[2023-08-14T14:14:53.332+0300] {processor.py:836} INFO - DAG(s) dict_keys(['example_weekday_branch_operator']) retrieved from /home/soamariaka/.local/lib/python3.9/site-packages/airflow/example_dags/example_branch_day_of_week_operator.py
[2023-08-14T14:14:53.365+0300] {logging_mixin.py:150} INFO - [2023-08-14T14:14:53.365+0300] {dag.py:2742} INFO - Sync 1 DAGs
[2023-08-14T14:14:53.404+0300] {logging_mixin.py:150} INFO - [2023-08-14T14:14:53.404+0300] {dag.py:3504} INFO - Setting next_dagrun for example_weekday_branch_operator to 2023-08-13T00:00:00+00:00, run_after=2023-08-14T00:00:00+00:00
[2023-08-14T14:14:53.530+0300] {processor.py:179} INFO - Processing /home/soamariaka/.local/lib/python3.9/site-packages/airflow/example_dags/example_branch_day_of_week_operator.py took 0.233 seconds
[2023-08-14T14:15:52.116+0300] {processor.py:157} INFO - Started process (PID=15578) to work on /home/soamariaka/.local/lib/python3.9/site-packages/airflow/example_dags/example_branch_day_of_week_operator.py
[2023-08-14T14:15:52.145+0300] {processor.py:826} INFO - Processing file /home/soamariaka/.local/lib/python3.9/site-packages/airflow/example_dags/example_branch_day_of_week_operator.py for tasks to queue
[2023-08-14T14:15:52.148+0300] {logging_mixin.py:150} INFO - [2023-08-14T14:15:52.147+0300] {dagbag.py:541} INFO - Filling up the DagBag from /home/soamariaka/.local/lib/python3.9/site-packages/airflow/example_dags/example_branch_day_of_week_operator.py
[2023-08-14T14:15:52.169+0300] {processor.py:836} INFO - DAG(s) dict_keys(['example_weekday_branch_operator']) retrieved from /home/soamariaka/.local/lib/python3.9/site-packages/airflow/example_dags/example_branch_day_of_week_operator.py
[2023-08-14T14:15:52.235+0300] {logging_mixin.py:150} INFO - [2023-08-14T14:15:52.235+0300] {dag.py:2742} INFO - Sync 1 DAGs
[2023-08-14T14:15:52.282+0300] {logging_mixin.py:150} INFO - [2023-08-14T14:15:52.281+0300] {dag.py:3504} INFO - Setting next_dagrun for example_weekday_branch_operator to 2023-08-13T00:00:00+00:00, run_after=2023-08-14T00:00:00+00:00
[2023-08-14T14:15:52.419+0300] {processor.py:179} INFO - Processing /home/soamariaka/.local/lib/python3.9/site-packages/airflow/example_dags/example_branch_day_of_week_operator.py took 0.309 seconds
[2023-08-14T14:16:57.076+0300] {processor.py:157} INFO - Started process (PID=15656) to work on /home/soamariaka/.local/lib/python3.9/site-packages/airflow/example_dags/example_branch_day_of_week_operator.py
[2023-08-14T14:16:57.099+0300] {processor.py:826} INFO - Processing file /home/soamariaka/.local/lib/python3.9/site-packages/airflow/example_dags/example_branch_day_of_week_operator.py for tasks to queue
[2023-08-14T14:16:57.101+0300] {logging_mixin.py:150} INFO - [2023-08-14T14:16:57.100+0300] {dagbag.py:541} INFO - Filling up the DagBag from /home/soamariaka/.local/lib/python3.9/site-packages/airflow/example_dags/example_branch_day_of_week_operator.py
[2023-08-14T14:16:57.115+0300] {processor.py:836} INFO - DAG(s) dict_keys(['example_weekday_branch_operator']) retrieved from /home/soamariaka/.local/lib/python3.9/site-packages/airflow/example_dags/example_branch_day_of_week_operator.py
[2023-08-14T14:16:57.148+0300] {logging_mixin.py:150} INFO - [2023-08-14T14:16:57.148+0300] {dag.py:2742} INFO - Sync 1 DAGs
[2023-08-14T14:16:57.183+0300] {logging_mixin.py:150} INFO - [2023-08-14T14:16:57.182+0300] {dag.py:3504} INFO - Setting next_dagrun for example_weekday_branch_operator to 2023-08-13T00:00:00+00:00, run_after=2023-08-14T00:00:00+00:00
[2023-08-14T14:16:57.320+0300] {processor.py:179} INFO - Processing /home/soamariaka/.local/lib/python3.9/site-packages/airflow/example_dags/example_branch_day_of_week_operator.py took 0.249 seconds
[2023-08-14T14:18:13.024+0300] {processor.py:157} INFO - Started process (PID=15857) to work on /home/soamariaka/.local/lib/python3.9/site-packages/airflow/example_dags/example_branch_day_of_week_operator.py
[2023-08-14T14:18:13.053+0300] {processor.py:826} INFO - Processing file /home/soamariaka/.local/lib/python3.9/site-packages/airflow/example_dags/example_branch_day_of_week_operator.py for tasks to queue
[2023-08-14T14:18:13.055+0300] {logging_mixin.py:150} INFO - [2023-08-14T14:18:13.055+0300] {dagbag.py:541} INFO - Filling up the DagBag from /home/soamariaka/.local/lib/python3.9/site-packages/airflow/example_dags/example_branch_day_of_week_operator.py
[2023-08-14T14:18:13.070+0300] {processor.py:836} INFO - DAG(s) dict_keys(['example_weekday_branch_operator']) retrieved from /home/soamariaka/.local/lib/python3.9/site-packages/airflow/example_dags/example_branch_day_of_week_operator.py
[2023-08-14T14:18:13.101+0300] {logging_mixin.py:150} INFO - [2023-08-14T14:18:13.101+0300] {dag.py:2742} INFO - Sync 1 DAGs
[2023-08-14T14:18:13.138+0300] {logging_mixin.py:150} INFO - [2023-08-14T14:18:13.137+0300] {dag.py:3504} INFO - Setting next_dagrun for example_weekday_branch_operator to 2023-08-13T00:00:00+00:00, run_after=2023-08-14T00:00:00+00:00
[2023-08-14T14:18:14.374+0300] {processor.py:179} INFO - Processing /home/soamariaka/.local/lib/python3.9/site-packages/airflow/example_dags/example_branch_day_of_week_operator.py took 1.357 seconds
[2023-08-14T14:19:25.038+0300] {processor.py:157} INFO - Started process (PID=15951) to work on /home/soamariaka/.local/lib/python3.9/site-packages/airflow/example_dags/example_branch_day_of_week_operator.py
[2023-08-14T14:19:25.040+0300] {processor.py:826} INFO - Processing file /home/soamariaka/.local/lib/python3.9/site-packages/airflow/example_dags/example_branch_day_of_week_operator.py for tasks to queue
[2023-08-14T14:19:25.041+0300] {logging_mixin.py:150} INFO - [2023-08-14T14:19:25.041+0300] {dagbag.py:541} INFO - Filling up the DagBag from /home/soamariaka/.local/lib/python3.9/site-packages/airflow/example_dags/example_branch_day_of_week_operator.py
[2023-08-14T14:19:25.056+0300] {processor.py:836} INFO - DAG(s) dict_keys(['example_weekday_branch_operator']) retrieved from /home/soamariaka/.local/lib/python3.9/site-packages/airflow/example_dags/example_branch_day_of_week_operator.py
[2023-08-14T14:19:25.084+0300] {logging_mixin.py:150} INFO - [2023-08-14T14:19:25.084+0300] {dag.py:2742} INFO - Sync 1 DAGs
[2023-08-14T14:19:25.118+0300] {logging_mixin.py:150} INFO - [2023-08-14T14:19:25.117+0300] {dag.py:3504} INFO - Setting next_dagrun for example_weekday_branch_operator to 2023-08-13T00:00:00+00:00, run_after=2023-08-14T00:00:00+00:00
[2023-08-14T14:19:25.347+0300] {processor.py:179} INFO - Processing /home/soamariaka/.local/lib/python3.9/site-packages/airflow/example_dags/example_branch_day_of_week_operator.py took 0.314 seconds
[2023-08-14T14:20:31.904+0300] {processor.py:157} INFO - Started process (PID=16046) to work on /home/soamariaka/.local/lib/python3.9/site-packages/airflow/example_dags/example_branch_day_of_week_operator.py
[2023-08-14T14:20:31.906+0300] {processor.py:826} INFO - Processing file /home/soamariaka/.local/lib/python3.9/site-packages/airflow/example_dags/example_branch_day_of_week_operator.py for tasks to queue
[2023-08-14T14:20:31.908+0300] {logging_mixin.py:150} INFO - [2023-08-14T14:20:31.907+0300] {dagbag.py:541} INFO - Filling up the DagBag from /home/soamariaka/.local/lib/python3.9/site-packages/airflow/example_dags/example_branch_day_of_week_operator.py
[2023-08-14T14:20:31.922+0300] {processor.py:836} INFO - DAG(s) dict_keys(['example_weekday_branch_operator']) retrieved from /home/soamariaka/.local/lib/python3.9/site-packages/airflow/example_dags/example_branch_day_of_week_operator.py
[2023-08-14T14:20:31.951+0300] {logging_mixin.py:150} INFO - [2023-08-14T14:20:31.951+0300] {dag.py:2742} INFO - Sync 1 DAGs
[2023-08-14T14:20:31.985+0300] {logging_mixin.py:150} INFO - [2023-08-14T14:20:31.984+0300] {dag.py:3504} INFO - Setting next_dagrun for example_weekday_branch_operator to 2023-08-13T00:00:00+00:00, run_after=2023-08-14T00:00:00+00:00
[2023-08-14T14:20:32.124+0300] {processor.py:179} INFO - Processing /home/soamariaka/.local/lib/python3.9/site-packages/airflow/example_dags/example_branch_day_of_week_operator.py took 0.225 seconds
[2023-08-14T14:22:08.682+0300] {processor.py:157} INFO - Started process (PID=16133) to work on /home/soamariaka/.local/lib/python3.9/site-packages/airflow/example_dags/example_branch_day_of_week_operator.py
[2023-08-14T14:22:08.712+0300] {processor.py:826} INFO - Processing file /home/soamariaka/.local/lib/python3.9/site-packages/airflow/example_dags/example_branch_day_of_week_operator.py for tasks to queue
[2023-08-14T14:22:08.714+0300] {logging_mixin.py:150} INFO - [2023-08-14T14:22:08.713+0300] {dagbag.py:541} INFO - Filling up the DagBag from /home/soamariaka/.local/lib/python3.9/site-packages/airflow/example_dags/example_branch_day_of_week_operator.py
[2023-08-14T14:22:08.728+0300] {processor.py:836} INFO - DAG(s) dict_keys(['example_weekday_branch_operator']) retrieved from /home/soamariaka/.local/lib/python3.9/site-packages/airflow/example_dags/example_branch_day_of_week_operator.py
[2023-08-14T14:22:08.761+0300] {logging_mixin.py:150} INFO - [2023-08-14T14:22:08.760+0300] {dag.py:2742} INFO - Sync 1 DAGs
[2023-08-14T14:22:08.797+0300] {logging_mixin.py:150} INFO - [2023-08-14T14:22:08.796+0300] {dag.py:3504} INFO - Setting next_dagrun for example_weekday_branch_operator to 2023-08-13T00:00:00+00:00, run_after=2023-08-14T00:00:00+00:00
[2023-08-14T14:22:08.923+0300] {processor.py:179} INFO - Processing /home/soamariaka/.local/lib/python3.9/site-packages/airflow/example_dags/example_branch_day_of_week_operator.py took 0.246 seconds
[2023-08-14T14:23:07.946+0300] {processor.py:157} INFO - Started process (PID=16188) to work on /home/soamariaka/.local/lib/python3.9/site-packages/airflow/example_dags/example_branch_day_of_week_operator.py
[2023-08-14T14:23:07.982+0300] {processor.py:826} INFO - Processing file /home/soamariaka/.local/lib/python3.9/site-packages/airflow/example_dags/example_branch_day_of_week_operator.py for tasks to queue
[2023-08-14T14:23:07.983+0300] {logging_mixin.py:150} INFO - [2023-08-14T14:23:07.983+0300] {dagbag.py:541} INFO - Filling up the DagBag from /home/soamariaka/.local/lib/python3.9/site-packages/airflow/example_dags/example_branch_day_of_week_operator.py
[2023-08-14T14:23:07.998+0300] {processor.py:836} INFO - DAG(s) dict_keys(['example_weekday_branch_operator']) retrieved from /home/soamariaka/.local/lib/python3.9/site-packages/airflow/example_dags/example_branch_day_of_week_operator.py
[2023-08-14T14:23:08.031+0300] {logging_mixin.py:150} INFO - [2023-08-14T14:23:08.030+0300] {dag.py:2742} INFO - Sync 1 DAGs
[2023-08-14T14:23:08.066+0300] {logging_mixin.py:150} INFO - [2023-08-14T14:23:08.066+0300] {dag.py:3504} INFO - Setting next_dagrun for example_weekday_branch_operator to 2023-08-13T00:00:00+00:00, run_after=2023-08-14T00:00:00+00:00
[2023-08-14T14:23:08.184+0300] {processor.py:179} INFO - Processing /home/soamariaka/.local/lib/python3.9/site-packages/airflow/example_dags/example_branch_day_of_week_operator.py took 0.244 seconds
[2023-08-14T14:24:09.703+0300] {processor.py:157} INFO - Started process (PID=16255) to work on /home/soamariaka/.local/lib/python3.9/site-packages/airflow/example_dags/example_branch_day_of_week_operator.py
[2023-08-14T14:24:09.736+0300] {processor.py:826} INFO - Processing file /home/soamariaka/.local/lib/python3.9/site-packages/airflow/example_dags/example_branch_day_of_week_operator.py for tasks to queue
[2023-08-14T14:24:09.737+0300] {logging_mixin.py:150} INFO - [2023-08-14T14:24:09.737+0300] {dagbag.py:541} INFO - Filling up the DagBag from /home/soamariaka/.local/lib/python3.9/site-packages/airflow/example_dags/example_branch_day_of_week_operator.py
[2023-08-14T14:24:09.748+0300] {processor.py:836} INFO - DAG(s) dict_keys(['example_weekday_branch_operator']) retrieved from /home/soamariaka/.local/lib/python3.9/site-packages/airflow/example_dags/example_branch_day_of_week_operator.py
[2023-08-14T14:24:09.775+0300] {logging_mixin.py:150} INFO - [2023-08-14T14:24:09.774+0300] {dag.py:2742} INFO - Sync 1 DAGs
[2023-08-14T14:24:09.808+0300] {logging_mixin.py:150} INFO - [2023-08-14T14:24:09.808+0300] {dag.py:3504} INFO - Setting next_dagrun for example_weekday_branch_operator to 2023-08-13T00:00:00+00:00, run_after=2023-08-14T00:00:00+00:00
[2023-08-14T14:24:09.938+0300] {processor.py:179} INFO - Processing /home/soamariaka/.local/lib/python3.9/site-packages/airflow/example_dags/example_branch_day_of_week_operator.py took 0.238 seconds
[2023-08-14T14:25:35.921+0300] {processor.py:157} INFO - Started process (PID=16647) to work on /home/soamariaka/.local/lib/python3.9/site-packages/airflow/example_dags/example_branch_day_of_week_operator.py
[2023-08-14T14:25:36.370+0300] {processor.py:826} INFO - Processing file /home/soamariaka/.local/lib/python3.9/site-packages/airflow/example_dags/example_branch_day_of_week_operator.py for tasks to queue
[2023-08-14T14:25:36.371+0300] {logging_mixin.py:150} INFO - [2023-08-14T14:25:36.371+0300] {dagbag.py:541} INFO - Filling up the DagBag from /home/soamariaka/.local/lib/python3.9/site-packages/airflow/example_dags/example_branch_day_of_week_operator.py
[2023-08-14T14:25:36.387+0300] {processor.py:836} INFO - DAG(s) dict_keys(['example_weekday_branch_operator']) retrieved from /home/soamariaka/.local/lib/python3.9/site-packages/airflow/example_dags/example_branch_day_of_week_operator.py
[2023-08-14T14:25:36.424+0300] {logging_mixin.py:150} INFO - [2023-08-14T14:25:36.423+0300] {dag.py:2742} INFO - Sync 1 DAGs
[2023-08-14T14:25:36.464+0300] {logging_mixin.py:150} INFO - [2023-08-14T14:25:36.464+0300] {dag.py:3504} INFO - Setting next_dagrun for example_weekday_branch_operator to 2023-08-13T00:00:00+00:00, run_after=2023-08-14T00:00:00+00:00
[2023-08-14T14:25:37.399+0300] {processor.py:179} INFO - Processing /home/soamariaka/.local/lib/python3.9/site-packages/airflow/example_dags/example_branch_day_of_week_operator.py took 1.483 seconds
[2023-08-14T14:26:37.394+0300] {processor.py:157} INFO - Started process (PID=16735) to work on /home/soamariaka/.local/lib/python3.9/site-packages/airflow/example_dags/example_branch_day_of_week_operator.py
[2023-08-14T14:26:37.423+0300] {processor.py:826} INFO - Processing file /home/soamariaka/.local/lib/python3.9/site-packages/airflow/example_dags/example_branch_day_of_week_operator.py for tasks to queue
[2023-08-14T14:26:37.425+0300] {logging_mixin.py:150} INFO - [2023-08-14T14:26:37.424+0300] {dagbag.py:541} INFO - Filling up the DagBag from /home/soamariaka/.local/lib/python3.9/site-packages/airflow/example_dags/example_branch_day_of_week_operator.py
[2023-08-14T14:26:37.439+0300] {processor.py:836} INFO - DAG(s) dict_keys(['example_weekday_branch_operator']) retrieved from /home/soamariaka/.local/lib/python3.9/site-packages/airflow/example_dags/example_branch_day_of_week_operator.py
[2023-08-14T14:26:37.472+0300] {logging_mixin.py:150} INFO - [2023-08-14T14:26:37.472+0300] {dag.py:2742} INFO - Sync 1 DAGs
[2023-08-14T14:26:37.507+0300] {logging_mixin.py:150} INFO - [2023-08-14T14:26:37.507+0300] {dag.py:3504} INFO - Setting next_dagrun for example_weekday_branch_operator to 2023-08-13T00:00:00+00:00, run_after=2023-08-14T00:00:00+00:00
[2023-08-14T14:26:37.635+0300] {processor.py:179} INFO - Processing /home/soamariaka/.local/lib/python3.9/site-packages/airflow/example_dags/example_branch_day_of_week_operator.py took 0.247 seconds
[2023-08-14T14:27:37.524+0300] {processor.py:157} INFO - Started process (PID=16860) to work on /home/soamariaka/.local/lib/python3.9/site-packages/airflow/example_dags/example_branch_day_of_week_operator.py
[2023-08-14T14:27:37.555+0300] {processor.py:826} INFO - Processing file /home/soamariaka/.local/lib/python3.9/site-packages/airflow/example_dags/example_branch_day_of_week_operator.py for tasks to queue
[2023-08-14T14:27:37.557+0300] {logging_mixin.py:150} INFO - [2023-08-14T14:27:37.556+0300] {dagbag.py:541} INFO - Filling up the DagBag from /home/soamariaka/.local/lib/python3.9/site-packages/airflow/example_dags/example_branch_day_of_week_operator.py
[2023-08-14T14:27:37.571+0300] {processor.py:836} INFO - DAG(s) dict_keys(['example_weekday_branch_operator']) retrieved from /home/soamariaka/.local/lib/python3.9/site-packages/airflow/example_dags/example_branch_day_of_week_operator.py
[2023-08-14T14:27:37.604+0300] {logging_mixin.py:150} INFO - [2023-08-14T14:27:37.604+0300] {dag.py:2742} INFO - Sync 1 DAGs
[2023-08-14T14:27:37.639+0300] {logging_mixin.py:150} INFO - [2023-08-14T14:27:37.639+0300] {dag.py:3504} INFO - Setting next_dagrun for example_weekday_branch_operator to 2023-08-13T00:00:00+00:00, run_after=2023-08-14T00:00:00+00:00
[2023-08-14T14:27:37.749+0300] {processor.py:179} INFO - Processing /home/soamariaka/.local/lib/python3.9/site-packages/airflow/example_dags/example_branch_day_of_week_operator.py took 0.230 seconds
[2023-08-14T14:28:41.453+0300] {processor.py:157} INFO - Started process (PID=16983) to work on /home/soamariaka/.local/lib/python3.9/site-packages/airflow/example_dags/example_branch_day_of_week_operator.py
[2023-08-14T14:28:41.455+0300] {processor.py:826} INFO - Processing file /home/soamariaka/.local/lib/python3.9/site-packages/airflow/example_dags/example_branch_day_of_week_operator.py for tasks to queue
[2023-08-14T14:28:41.457+0300] {logging_mixin.py:150} INFO - [2023-08-14T14:28:41.456+0300] {dagbag.py:541} INFO - Filling up the DagBag from /home/soamariaka/.local/lib/python3.9/site-packages/airflow/example_dags/example_branch_day_of_week_operator.py
[2023-08-14T14:28:41.471+0300] {processor.py:836} INFO - DAG(s) dict_keys(['example_weekday_branch_operator']) retrieved from /home/soamariaka/.local/lib/python3.9/site-packages/airflow/example_dags/example_branch_day_of_week_operator.py
[2023-08-14T14:28:41.500+0300] {logging_mixin.py:150} INFO - [2023-08-14T14:28:41.500+0300] {dag.py:2742} INFO - Sync 1 DAGs
[2023-08-14T14:28:41.534+0300] {logging_mixin.py:150} INFO - [2023-08-14T14:28:41.533+0300] {dag.py:3504} INFO - Setting next_dagrun for example_weekday_branch_operator to 2023-08-13T00:00:00+00:00, run_after=2023-08-14T00:00:00+00:00
[2023-08-14T14:28:41.666+0300] {processor.py:179} INFO - Processing /home/soamariaka/.local/lib/python3.9/site-packages/airflow/example_dags/example_branch_day_of_week_operator.py took 0.219 seconds
[2023-08-14T14:29:40.873+0300] {processor.py:157} INFO - Started process (PID=17132) to work on /home/soamariaka/.local/lib/python3.9/site-packages/airflow/example_dags/example_branch_day_of_week_operator.py
[2023-08-14T14:29:40.875+0300] {processor.py:826} INFO - Processing file /home/soamariaka/.local/lib/python3.9/site-packages/airflow/example_dags/example_branch_day_of_week_operator.py for tasks to queue
[2023-08-14T14:29:40.877+0300] {logging_mixin.py:150} INFO - [2023-08-14T14:29:40.877+0300] {dagbag.py:541} INFO - Filling up the DagBag from /home/soamariaka/.local/lib/python3.9/site-packages/airflow/example_dags/example_branch_day_of_week_operator.py
[2023-08-14T14:29:40.892+0300] {processor.py:836} INFO - DAG(s) dict_keys(['example_weekday_branch_operator']) retrieved from /home/soamariaka/.local/lib/python3.9/site-packages/airflow/example_dags/example_branch_day_of_week_operator.py
[2023-08-14T14:29:40.921+0300] {logging_mixin.py:150} INFO - [2023-08-14T14:29:40.921+0300] {dag.py:2742} INFO - Sync 1 DAGs
[2023-08-14T14:29:40.954+0300] {logging_mixin.py:150} INFO - [2023-08-14T14:29:40.954+0300] {dag.py:3504} INFO - Setting next_dagrun for example_weekday_branch_operator to 2023-08-13T00:00:00+00:00, run_after=2023-08-14T00:00:00+00:00
[2023-08-14T14:29:41.103+0300] {processor.py:179} INFO - Processing /home/soamariaka/.local/lib/python3.9/site-packages/airflow/example_dags/example_branch_day_of_week_operator.py took 0.236 seconds
[2023-08-14T14:31:01.365+0300] {processor.py:157} INFO - Started process (PID=17262) to work on /home/soamariaka/.local/lib/python3.9/site-packages/airflow/example_dags/example_branch_day_of_week_operator.py
[2023-08-14T14:31:01.366+0300] {processor.py:826} INFO - Processing file /home/soamariaka/.local/lib/python3.9/site-packages/airflow/example_dags/example_branch_day_of_week_operator.py for tasks to queue
[2023-08-14T14:31:01.368+0300] {logging_mixin.py:150} INFO - [2023-08-14T14:31:01.367+0300] {dagbag.py:541} INFO - Filling up the DagBag from /home/soamariaka/.local/lib/python3.9/site-packages/airflow/example_dags/example_branch_day_of_week_operator.py
[2023-08-14T14:31:01.382+0300] {processor.py:836} INFO - DAG(s) dict_keys(['example_weekday_branch_operator']) retrieved from /home/soamariaka/.local/lib/python3.9/site-packages/airflow/example_dags/example_branch_day_of_week_operator.py
[2023-08-14T14:31:01.411+0300] {logging_mixin.py:150} INFO - [2023-08-14T14:31:01.410+0300] {dag.py:2742} INFO - Sync 1 DAGs
[2023-08-14T14:31:01.444+0300] {logging_mixin.py:150} INFO - [2023-08-14T14:31:01.444+0300] {dag.py:3504} INFO - Setting next_dagrun for example_weekday_branch_operator to 2023-08-13T00:00:00+00:00, run_after=2023-08-14T00:00:00+00:00
[2023-08-14T14:31:01.559+0300] {processor.py:179} INFO - Processing /home/soamariaka/.local/lib/python3.9/site-packages/airflow/example_dags/example_branch_day_of_week_operator.py took 0.199 seconds
[2023-08-14T14:32:02.046+0300] {processor.py:157} INFO - Started process (PID=17350) to work on /home/soamariaka/.local/lib/python3.9/site-packages/airflow/example_dags/example_branch_day_of_week_operator.py
[2023-08-14T14:32:02.048+0300] {processor.py:826} INFO - Processing file /home/soamariaka/.local/lib/python3.9/site-packages/airflow/example_dags/example_branch_day_of_week_operator.py for tasks to queue
[2023-08-14T14:32:02.050+0300] {logging_mixin.py:150} INFO - [2023-08-14T14:32:02.049+0300] {dagbag.py:541} INFO - Filling up the DagBag from /home/soamariaka/.local/lib/python3.9/site-packages/airflow/example_dags/example_branch_day_of_week_operator.py
[2023-08-14T14:32:02.064+0300] {processor.py:836} INFO - DAG(s) dict_keys(['example_weekday_branch_operator']) retrieved from /home/soamariaka/.local/lib/python3.9/site-packages/airflow/example_dags/example_branch_day_of_week_operator.py
[2023-08-14T14:32:02.092+0300] {logging_mixin.py:150} INFO - [2023-08-14T14:32:02.092+0300] {dag.py:2742} INFO - Sync 1 DAGs
[2023-08-14T14:32:02.126+0300] {logging_mixin.py:150} INFO - [2023-08-14T14:32:02.126+0300] {dag.py:3504} INFO - Setting next_dagrun for example_weekday_branch_operator to 2023-08-13T00:00:00+00:00, run_after=2023-08-14T00:00:00+00:00
[2023-08-14T14:32:02.273+0300] {processor.py:179} INFO - Processing /home/soamariaka/.local/lib/python3.9/site-packages/airflow/example_dags/example_branch_day_of_week_operator.py took 0.233 seconds
[2023-08-14T14:33:01.940+0300] {processor.py:157} INFO - Started process (PID=17469) to work on /home/soamariaka/.local/lib/python3.9/site-packages/airflow/example_dags/example_branch_day_of_week_operator.py
[2023-08-14T14:33:01.943+0300] {processor.py:826} INFO - Processing file /home/soamariaka/.local/lib/python3.9/site-packages/airflow/example_dags/example_branch_day_of_week_operator.py for tasks to queue
[2023-08-14T14:33:01.944+0300] {logging_mixin.py:150} INFO - [2023-08-14T14:33:01.944+0300] {dagbag.py:541} INFO - Filling up the DagBag from /home/soamariaka/.local/lib/python3.9/site-packages/airflow/example_dags/example_branch_day_of_week_operator.py
[2023-08-14T14:33:01.958+0300] {processor.py:836} INFO - DAG(s) dict_keys(['example_weekday_branch_operator']) retrieved from /home/soamariaka/.local/lib/python3.9/site-packages/airflow/example_dags/example_branch_day_of_week_operator.py
[2023-08-14T14:33:01.987+0300] {logging_mixin.py:150} INFO - [2023-08-14T14:33:01.987+0300] {dag.py:2742} INFO - Sync 1 DAGs
[2023-08-14T14:33:02.021+0300] {logging_mixin.py:150} INFO - [2023-08-14T14:33:02.020+0300] {dag.py:3504} INFO - Setting next_dagrun for example_weekday_branch_operator to 2023-08-13T00:00:00+00:00, run_after=2023-08-14T00:00:00+00:00
[2023-08-14T14:33:02.159+0300] {processor.py:179} INFO - Processing /home/soamariaka/.local/lib/python3.9/site-packages/airflow/example_dags/example_branch_day_of_week_operator.py took 0.224 seconds
[2023-08-14T14:34:00.959+0300] {processor.py:157} INFO - Started process (PID=17588) to work on /home/soamariaka/.local/lib/python3.9/site-packages/airflow/example_dags/example_branch_day_of_week_operator.py
[2023-08-14T14:34:00.962+0300] {processor.py:826} INFO - Processing file /home/soamariaka/.local/lib/python3.9/site-packages/airflow/example_dags/example_branch_day_of_week_operator.py for tasks to queue
[2023-08-14T14:34:00.964+0300] {logging_mixin.py:150} INFO - [2023-08-14T14:34:00.963+0300] {dagbag.py:541} INFO - Filling up the DagBag from /home/soamariaka/.local/lib/python3.9/site-packages/airflow/example_dags/example_branch_day_of_week_operator.py
[2023-08-14T14:34:00.980+0300] {processor.py:836} INFO - DAG(s) dict_keys(['example_weekday_branch_operator']) retrieved from /home/soamariaka/.local/lib/python3.9/site-packages/airflow/example_dags/example_branch_day_of_week_operator.py
[2023-08-14T14:34:01.012+0300] {logging_mixin.py:150} INFO - [2023-08-14T14:34:01.012+0300] {dag.py:2742} INFO - Sync 1 DAGs
[2023-08-14T14:34:01.056+0300] {logging_mixin.py:150} INFO - [2023-08-14T14:34:01.056+0300] {dag.py:3504} INFO - Setting next_dagrun for example_weekday_branch_operator to 2023-08-13T00:00:00+00:00, run_after=2023-08-14T00:00:00+00:00
[2023-08-14T14:34:01.197+0300] {processor.py:179} INFO - Processing /home/soamariaka/.local/lib/python3.9/site-packages/airflow/example_dags/example_branch_day_of_week_operator.py took 0.245 seconds
[2023-08-14T14:35:14.841+0300] {processor.py:157} INFO - Started process (PID=17800) to work on /home/soamariaka/.local/lib/python3.9/site-packages/airflow/example_dags/example_branch_day_of_week_operator.py
[2023-08-14T14:35:14.868+0300] {processor.py:826} INFO - Processing file /home/soamariaka/.local/lib/python3.9/site-packages/airflow/example_dags/example_branch_day_of_week_operator.py for tasks to queue
[2023-08-14T14:35:14.870+0300] {logging_mixin.py:150} INFO - [2023-08-14T14:35:14.869+0300] {dagbag.py:541} INFO - Filling up the DagBag from /home/soamariaka/.local/lib/python3.9/site-packages/airflow/example_dags/example_branch_day_of_week_operator.py
[2023-08-14T14:35:14.884+0300] {processor.py:836} INFO - DAG(s) dict_keys(['example_weekday_branch_operator']) retrieved from /home/soamariaka/.local/lib/python3.9/site-packages/airflow/example_dags/example_branch_day_of_week_operator.py
[2023-08-14T14:35:14.918+0300] {logging_mixin.py:150} INFO - [2023-08-14T14:35:14.918+0300] {dag.py:2742} INFO - Sync 1 DAGs
[2023-08-14T14:35:14.954+0300] {logging_mixin.py:150} INFO - [2023-08-14T14:35:14.954+0300] {dag.py:3504} INFO - Setting next_dagrun for example_weekday_branch_operator to 2023-08-13T00:00:00+00:00, run_after=2023-08-14T00:00:00+00:00
[2023-08-14T14:35:15.144+0300] {processor.py:179} INFO - Processing /home/soamariaka/.local/lib/python3.9/site-packages/airflow/example_dags/example_branch_day_of_week_operator.py took 0.309 seconds
[2023-08-14T14:37:00.045+0300] {processor.py:157} INFO - Started process (PID=18033) to work on /home/soamariaka/.local/lib/python3.9/site-packages/airflow/example_dags/example_branch_day_of_week_operator.py
[2023-08-14T14:37:00.047+0300] {processor.py:826} INFO - Processing file /home/soamariaka/.local/lib/python3.9/site-packages/airflow/example_dags/example_branch_day_of_week_operator.py for tasks to queue
[2023-08-14T14:37:00.048+0300] {logging_mixin.py:150} INFO - [2023-08-14T14:37:00.047+0300] {dagbag.py:541} INFO - Filling up the DagBag from /home/soamariaka/.local/lib/python3.9/site-packages/airflow/example_dags/example_branch_day_of_week_operator.py
[2023-08-14T14:37:00.070+0300] {processor.py:836} INFO - DAG(s) dict_keys(['example_weekday_branch_operator']) retrieved from /home/soamariaka/.local/lib/python3.9/site-packages/airflow/example_dags/example_branch_day_of_week_operator.py
[2023-08-14T14:37:00.096+0300] {logging_mixin.py:150} INFO - [2023-08-14T14:37:00.096+0300] {dag.py:2742} INFO - Sync 1 DAGs
[2023-08-14T14:37:00.138+0300] {logging_mixin.py:150} INFO - [2023-08-14T14:37:00.137+0300] {dag.py:3504} INFO - Setting next_dagrun for example_weekday_branch_operator to 2023-08-13T00:00:00+00:00, run_after=2023-08-14T00:00:00+00:00
[2023-08-14T14:37:00.385+0300] {processor.py:179} INFO - Processing /home/soamariaka/.local/lib/python3.9/site-packages/airflow/example_dags/example_branch_day_of_week_operator.py took 0.344 seconds
[2023-08-14T14:38:08.493+0300] {processor.py:157} INFO - Started process (PID=18195) to work on /home/soamariaka/.local/lib/python3.9/site-packages/airflow/example_dags/example_branch_day_of_week_operator.py
[2023-08-14T14:38:08.519+0300] {processor.py:826} INFO - Processing file /home/soamariaka/.local/lib/python3.9/site-packages/airflow/example_dags/example_branch_day_of_week_operator.py for tasks to queue
[2023-08-14T14:38:08.521+0300] {logging_mixin.py:150} INFO - [2023-08-14T14:38:08.520+0300] {dagbag.py:541} INFO - Filling up the DagBag from /home/soamariaka/.local/lib/python3.9/site-packages/airflow/example_dags/example_branch_day_of_week_operator.py
[2023-08-14T14:38:08.551+0300] {processor.py:836} INFO - DAG(s) dict_keys(['example_weekday_branch_operator']) retrieved from /home/soamariaka/.local/lib/python3.9/site-packages/airflow/example_dags/example_branch_day_of_week_operator.py
[2023-08-14T14:38:08.587+0300] {logging_mixin.py:150} INFO - [2023-08-14T14:38:08.587+0300] {dag.py:2742} INFO - Sync 1 DAGs
[2023-08-14T14:38:08.636+0300] {logging_mixin.py:150} INFO - [2023-08-14T14:38:08.635+0300] {dag.py:3504} INFO - Setting next_dagrun for example_weekday_branch_operator to 2023-08-13T00:00:00+00:00, run_after=2023-08-14T00:00:00+00:00
[2023-08-14T14:38:08.838+0300] {processor.py:179} INFO - Processing /home/soamariaka/.local/lib/python3.9/site-packages/airflow/example_dags/example_branch_day_of_week_operator.py took 0.351 seconds
[2023-08-14T14:39:14.969+0300] {processor.py:157} INFO - Started process (PID=18316) to work on /home/soamariaka/.local/lib/python3.9/site-packages/airflow/example_dags/example_branch_day_of_week_operator.py
[2023-08-14T14:39:14.990+0300] {processor.py:826} INFO - Processing file /home/soamariaka/.local/lib/python3.9/site-packages/airflow/example_dags/example_branch_day_of_week_operator.py for tasks to queue
[2023-08-14T14:39:14.992+0300] {logging_mixin.py:150} INFO - [2023-08-14T14:39:14.991+0300] {dagbag.py:541} INFO - Filling up the DagBag from /home/soamariaka/.local/lib/python3.9/site-packages/airflow/example_dags/example_branch_day_of_week_operator.py
[2023-08-14T14:39:15.009+0300] {processor.py:836} INFO - DAG(s) dict_keys(['example_weekday_branch_operator']) retrieved from /home/soamariaka/.local/lib/python3.9/site-packages/airflow/example_dags/example_branch_day_of_week_operator.py
[2023-08-14T14:39:15.047+0300] {logging_mixin.py:150} INFO - [2023-08-14T14:39:15.046+0300] {dag.py:2742} INFO - Sync 1 DAGs
[2023-08-14T14:39:15.093+0300] {logging_mixin.py:150} INFO - [2023-08-14T14:39:15.093+0300] {dag.py:3504} INFO - Setting next_dagrun for example_weekday_branch_operator to 2023-08-13T00:00:00+00:00, run_after=2023-08-14T00:00:00+00:00
[2023-08-14T14:39:15.401+0300] {processor.py:179} INFO - Processing /home/soamariaka/.local/lib/python3.9/site-packages/airflow/example_dags/example_branch_day_of_week_operator.py took 0.439 seconds
[2023-08-14T14:40:29.790+0300] {processor.py:157} INFO - Started process (PID=18592) to work on /home/soamariaka/.local/lib/python3.9/site-packages/airflow/example_dags/example_branch_day_of_week_operator.py
[2023-08-14T14:40:29.826+0300] {processor.py:826} INFO - Processing file /home/soamariaka/.local/lib/python3.9/site-packages/airflow/example_dags/example_branch_day_of_week_operator.py for tasks to queue
[2023-08-14T14:40:29.827+0300] {logging_mixin.py:150} INFO - [2023-08-14T14:40:29.827+0300] {dagbag.py:541} INFO - Filling up the DagBag from /home/soamariaka/.local/lib/python3.9/site-packages/airflow/example_dags/example_branch_day_of_week_operator.py
[2023-08-14T14:40:29.842+0300] {processor.py:836} INFO - DAG(s) dict_keys(['example_weekday_branch_operator']) retrieved from /home/soamariaka/.local/lib/python3.9/site-packages/airflow/example_dags/example_branch_day_of_week_operator.py
[2023-08-14T14:40:29.884+0300] {logging_mixin.py:150} INFO - [2023-08-14T14:40:29.884+0300] {dag.py:2742} INFO - Sync 1 DAGs
[2023-08-14T14:40:29.936+0300] {logging_mixin.py:150} INFO - [2023-08-14T14:40:29.935+0300] {dag.py:3504} INFO - Setting next_dagrun for example_weekday_branch_operator to 2023-08-13T00:00:00+00:00, run_after=2023-08-14T00:00:00+00:00
[2023-08-14T14:40:30.133+0300] {processor.py:179} INFO - Processing /home/soamariaka/.local/lib/python3.9/site-packages/airflow/example_dags/example_branch_day_of_week_operator.py took 0.348 seconds
