[2023-08-14T13:33:37.512+0300] {processor.py:157} INFO - Started process (PID=10792) to work on /home/soamariaka/.local/lib/python3.9/site-packages/airflow/example_dags/example_params_trigger_ui.py
[2023-08-14T13:33:37.513+0300] {processor.py:826} INFO - Processing file /home/soamariaka/.local/lib/python3.9/site-packages/airflow/example_dags/example_params_trigger_ui.py for tasks to queue
[2023-08-14T13:33:37.515+0300] {logging_mixin.py:150} INFO - [2023-08-14T13:33:37.514+0300] {dagbag.py:541} INFO - Filling up the DagBag from /home/soamariaka/.local/lib/python3.9/site-packages/airflow/example_dags/example_params_trigger_ui.py
[2023-08-14T13:33:37.543+0300] {processor.py:836} INFO - DAG(s) dict_keys(['example_params_trigger_ui']) retrieved from /home/soamariaka/.local/lib/python3.9/site-packages/airflow/example_dags/example_params_trigger_ui.py
[2023-08-14T13:33:37.614+0300] {logging_mixin.py:150} INFO - [2023-08-14T13:33:37.614+0300] {dag.py:2742} INFO - Sync 1 DAGs
[2023-08-14T13:33:37.644+0300] {logging_mixin.py:150} INFO - [2023-08-14T13:33:37.644+0300] {dag.py:3504} INFO - Setting next_dagrun for example_params_trigger_ui to None, run_after=None
[2023-08-14T13:33:37.780+0300] {processor.py:179} INFO - Processing /home/soamariaka/.local/lib/python3.9/site-packages/airflow/example_dags/example_params_trigger_ui.py took 0.273 seconds
[2023-08-14T13:35:08.665+0300] {processor.py:157} INFO - Started process (PID=10991) to work on /home/soamariaka/.local/lib/python3.9/site-packages/airflow/example_dags/example_params_trigger_ui.py
[2023-08-14T13:35:08.698+0300] {processor.py:826} INFO - Processing file /home/soamariaka/.local/lib/python3.9/site-packages/airflow/example_dags/example_params_trigger_ui.py for tasks to queue
[2023-08-14T13:35:08.701+0300] {logging_mixin.py:150} INFO - [2023-08-14T13:35:08.699+0300] {dagbag.py:541} INFO - Filling up the DagBag from /home/soamariaka/.local/lib/python3.9/site-packages/airflow/example_dags/example_params_trigger_ui.py
[2023-08-14T13:35:08.735+0300] {processor.py:836} INFO - DAG(s) dict_keys(['example_params_trigger_ui']) retrieved from /home/soamariaka/.local/lib/python3.9/site-packages/airflow/example_dags/example_params_trigger_ui.py
[2023-08-14T13:35:08.832+0300] {logging_mixin.py:150} INFO - [2023-08-14T13:35:08.831+0300] {dag.py:2742} INFO - Sync 1 DAGs
[2023-08-14T13:35:08.869+0300] {logging_mixin.py:150} INFO - [2023-08-14T13:35:08.869+0300] {dag.py:3504} INFO - Setting next_dagrun for example_params_trigger_ui to None, run_after=None
[2023-08-14T13:35:09.077+0300] {processor.py:179} INFO - Processing /home/soamariaka/.local/lib/python3.9/site-packages/airflow/example_dags/example_params_trigger_ui.py took 0.418 seconds
[2023-08-14T13:36:14.503+0300] {processor.py:157} INFO - Started process (PID=11083) to work on /home/soamariaka/.local/lib/python3.9/site-packages/airflow/example_dags/example_params_trigger_ui.py
[2023-08-14T13:36:14.541+0300] {processor.py:826} INFO - Processing file /home/soamariaka/.local/lib/python3.9/site-packages/airflow/example_dags/example_params_trigger_ui.py for tasks to queue
[2023-08-14T13:36:14.543+0300] {logging_mixin.py:150} INFO - [2023-08-14T13:36:14.542+0300] {dagbag.py:541} INFO - Filling up the DagBag from /home/soamariaka/.local/lib/python3.9/site-packages/airflow/example_dags/example_params_trigger_ui.py
[2023-08-14T13:36:14.581+0300] {processor.py:836} INFO - DAG(s) dict_keys(['example_params_trigger_ui']) retrieved from /home/soamariaka/.local/lib/python3.9/site-packages/airflow/example_dags/example_params_trigger_ui.py
[2023-08-14T13:36:14.668+0300] {logging_mixin.py:150} INFO - [2023-08-14T13:36:14.668+0300] {dag.py:2742} INFO - Sync 1 DAGs
[2023-08-14T13:36:14.706+0300] {logging_mixin.py:150} INFO - [2023-08-14T13:36:14.706+0300] {dag.py:3504} INFO - Setting next_dagrun for example_params_trigger_ui to None, run_after=None
[2023-08-14T13:36:14.838+0300] {processor.py:179} INFO - Processing /home/soamariaka/.local/lib/python3.9/site-packages/airflow/example_dags/example_params_trigger_ui.py took 0.340 seconds
[2023-08-14T13:37:12.319+0300] {processor.py:157} INFO - Started process (PID=11150) to work on /home/soamariaka/.local/lib/python3.9/site-packages/airflow/example_dags/example_params_trigger_ui.py
[2023-08-14T13:37:12.351+0300] {processor.py:826} INFO - Processing file /home/soamariaka/.local/lib/python3.9/site-packages/airflow/example_dags/example_params_trigger_ui.py for tasks to queue
[2023-08-14T13:37:12.352+0300] {logging_mixin.py:150} INFO - [2023-08-14T13:37:12.352+0300] {dagbag.py:541} INFO - Filling up the DagBag from /home/soamariaka/.local/lib/python3.9/site-packages/airflow/example_dags/example_params_trigger_ui.py
[2023-08-14T13:37:12.385+0300] {processor.py:836} INFO - DAG(s) dict_keys(['example_params_trigger_ui']) retrieved from /home/soamariaka/.local/lib/python3.9/site-packages/airflow/example_dags/example_params_trigger_ui.py
[2023-08-14T13:37:12.463+0300] {logging_mixin.py:150} INFO - [2023-08-14T13:37:12.463+0300] {dag.py:2742} INFO - Sync 1 DAGs
[2023-08-14T13:37:12.495+0300] {logging_mixin.py:150} INFO - [2023-08-14T13:37:12.494+0300] {dag.py:3504} INFO - Setting next_dagrun for example_params_trigger_ui to None, run_after=None
[2023-08-14T13:37:12.618+0300] {processor.py:179} INFO - Processing /home/soamariaka/.local/lib/python3.9/site-packages/airflow/example_dags/example_params_trigger_ui.py took 0.304 seconds
[2023-08-14T13:38:12.400+0300] {processor.py:157} INFO - Started process (PID=11267) to work on /home/soamariaka/.local/lib/python3.9/site-packages/airflow/example_dags/example_params_trigger_ui.py
[2023-08-14T13:38:12.403+0300] {processor.py:826} INFO - Processing file /home/soamariaka/.local/lib/python3.9/site-packages/airflow/example_dags/example_params_trigger_ui.py for tasks to queue
[2023-08-14T13:38:12.404+0300] {logging_mixin.py:150} INFO - [2023-08-14T13:38:12.404+0300] {dagbag.py:541} INFO - Filling up the DagBag from /home/soamariaka/.local/lib/python3.9/site-packages/airflow/example_dags/example_params_trigger_ui.py
[2023-08-14T13:38:12.434+0300] {processor.py:836} INFO - DAG(s) dict_keys(['example_params_trigger_ui']) retrieved from /home/soamariaka/.local/lib/python3.9/site-packages/airflow/example_dags/example_params_trigger_ui.py
[2023-08-14T13:38:12.506+0300] {logging_mixin.py:150} INFO - [2023-08-14T13:38:12.506+0300] {dag.py:2742} INFO - Sync 1 DAGs
[2023-08-14T13:38:12.536+0300] {logging_mixin.py:150} INFO - [2023-08-14T13:38:12.536+0300] {dag.py:3504} INFO - Setting next_dagrun for example_params_trigger_ui to None, run_after=None
[2023-08-14T13:38:12.683+0300] {processor.py:179} INFO - Processing /home/soamariaka/.local/lib/python3.9/site-packages/airflow/example_dags/example_params_trigger_ui.py took 0.288 seconds
[2023-08-14T13:39:17.120+0300] {processor.py:157} INFO - Started process (PID=11420) to work on /home/soamariaka/.local/lib/python3.9/site-packages/airflow/example_dags/example_params_trigger_ui.py
[2023-08-14T13:39:17.131+0300] {processor.py:826} INFO - Processing file /home/soamariaka/.local/lib/python3.9/site-packages/airflow/example_dags/example_params_trigger_ui.py for tasks to queue
[2023-08-14T13:39:17.132+0300] {logging_mixin.py:150} INFO - [2023-08-14T13:39:17.132+0300] {dagbag.py:541} INFO - Filling up the DagBag from /home/soamariaka/.local/lib/python3.9/site-packages/airflow/example_dags/example_params_trigger_ui.py
[2023-08-14T13:39:17.173+0300] {processor.py:836} INFO - DAG(s) dict_keys(['example_params_trigger_ui']) retrieved from /home/soamariaka/.local/lib/python3.9/site-packages/airflow/example_dags/example_params_trigger_ui.py
[2023-08-14T13:39:17.261+0300] {logging_mixin.py:150} INFO - [2023-08-14T13:39:17.261+0300] {dag.py:2742} INFO - Sync 1 DAGs
[2023-08-14T13:39:17.305+0300] {logging_mixin.py:150} INFO - [2023-08-14T13:39:17.304+0300] {dag.py:3504} INFO - Setting next_dagrun for example_params_trigger_ui to None, run_after=None
[2023-08-14T13:39:17.491+0300] {processor.py:179} INFO - Processing /home/soamariaka/.local/lib/python3.9/site-packages/airflow/example_dags/example_params_trigger_ui.py took 0.376 seconds
[2023-08-14T13:40:17.929+0300] {processor.py:157} INFO - Started process (PID=11491) to work on /home/soamariaka/.local/lib/python3.9/site-packages/airflow/example_dags/example_params_trigger_ui.py
[2023-08-14T13:40:17.932+0300] {processor.py:826} INFO - Processing file /home/soamariaka/.local/lib/python3.9/site-packages/airflow/example_dags/example_params_trigger_ui.py for tasks to queue
[2023-08-14T13:40:17.934+0300] {logging_mixin.py:150} INFO - [2023-08-14T13:40:17.933+0300] {dagbag.py:541} INFO - Filling up the DagBag from /home/soamariaka/.local/lib/python3.9/site-packages/airflow/example_dags/example_params_trigger_ui.py
[2023-08-14T13:40:17.973+0300] {processor.py:836} INFO - DAG(s) dict_keys(['example_params_trigger_ui']) retrieved from /home/soamariaka/.local/lib/python3.9/site-packages/airflow/example_dags/example_params_trigger_ui.py
[2023-08-14T13:40:18.044+0300] {logging_mixin.py:150} INFO - [2023-08-14T13:40:18.044+0300] {dag.py:2742} INFO - Sync 1 DAGs
[2023-08-14T13:40:18.077+0300] {logging_mixin.py:150} INFO - [2023-08-14T13:40:18.076+0300] {dag.py:3504} INFO - Setting next_dagrun for example_params_trigger_ui to None, run_after=None
[2023-08-14T13:40:18.228+0300] {processor.py:179} INFO - Processing /home/soamariaka/.local/lib/python3.9/site-packages/airflow/example_dags/example_params_trigger_ui.py took 0.304 seconds
[2023-08-14T13:41:13.935+0300] {processor.py:157} INFO - Started process (PID=11574) to work on /home/soamariaka/.local/lib/python3.9/site-packages/airflow/example_dags/example_params_trigger_ui.py
[2023-08-14T13:41:13.938+0300] {processor.py:826} INFO - Processing file /home/soamariaka/.local/lib/python3.9/site-packages/airflow/example_dags/example_params_trigger_ui.py for tasks to queue
[2023-08-14T13:41:13.939+0300] {logging_mixin.py:150} INFO - [2023-08-14T13:41:13.939+0300] {dagbag.py:541} INFO - Filling up the DagBag from /home/soamariaka/.local/lib/python3.9/site-packages/airflow/example_dags/example_params_trigger_ui.py
[2023-08-14T13:41:13.967+0300] {processor.py:836} INFO - DAG(s) dict_keys(['example_params_trigger_ui']) retrieved from /home/soamariaka/.local/lib/python3.9/site-packages/airflow/example_dags/example_params_trigger_ui.py
[2023-08-14T13:41:14.038+0300] {logging_mixin.py:150} INFO - [2023-08-14T13:41:14.037+0300] {dag.py:2742} INFO - Sync 1 DAGs
[2023-08-14T13:41:14.068+0300] {logging_mixin.py:150} INFO - [2023-08-14T13:41:14.068+0300] {dag.py:3504} INFO - Setting next_dagrun for example_params_trigger_ui to None, run_after=None
[2023-08-14T13:41:14.242+0300] {processor.py:179} INFO - Processing /home/soamariaka/.local/lib/python3.9/site-packages/airflow/example_dags/example_params_trigger_ui.py took 0.312 seconds
[2023-08-14T13:42:13.216+0300] {processor.py:157} INFO - Started process (PID=11624) to work on /home/soamariaka/.local/lib/python3.9/site-packages/airflow/example_dags/example_params_trigger_ui.py
[2023-08-14T13:42:13.218+0300] {processor.py:826} INFO - Processing file /home/soamariaka/.local/lib/python3.9/site-packages/airflow/example_dags/example_params_trigger_ui.py for tasks to queue
[2023-08-14T13:42:13.220+0300] {logging_mixin.py:150} INFO - [2023-08-14T13:42:13.220+0300] {dagbag.py:541} INFO - Filling up the DagBag from /home/soamariaka/.local/lib/python3.9/site-packages/airflow/example_dags/example_params_trigger_ui.py
[2023-08-14T13:42:13.257+0300] {processor.py:836} INFO - DAG(s) dict_keys(['example_params_trigger_ui']) retrieved from /home/soamariaka/.local/lib/python3.9/site-packages/airflow/example_dags/example_params_trigger_ui.py
[2023-08-14T13:42:13.344+0300] {logging_mixin.py:150} INFO - [2023-08-14T13:42:13.344+0300] {dag.py:2742} INFO - Sync 1 DAGs
[2023-08-14T13:42:13.375+0300] {logging_mixin.py:150} INFO - [2023-08-14T13:42:13.374+0300] {dag.py:3504} INFO - Setting next_dagrun for example_params_trigger_ui to None, run_after=None
[2023-08-14T13:42:13.505+0300] {processor.py:179} INFO - Processing /home/soamariaka/.local/lib/python3.9/site-packages/airflow/example_dags/example_params_trigger_ui.py took 0.296 seconds
[2023-08-14T13:43:08.032+0300] {processor.py:157} INFO - Started process (PID=11675) to work on /home/soamariaka/.local/lib/python3.9/site-packages/airflow/example_dags/example_params_trigger_ui.py
[2023-08-14T13:43:08.035+0300] {processor.py:826} INFO - Processing file /home/soamariaka/.local/lib/python3.9/site-packages/airflow/example_dags/example_params_trigger_ui.py for tasks to queue
[2023-08-14T13:43:08.036+0300] {logging_mixin.py:150} INFO - [2023-08-14T13:43:08.035+0300] {dagbag.py:541} INFO - Filling up the DagBag from /home/soamariaka/.local/lib/python3.9/site-packages/airflow/example_dags/example_params_trigger_ui.py
[2023-08-14T13:43:08.065+0300] {processor.py:836} INFO - DAG(s) dict_keys(['example_params_trigger_ui']) retrieved from /home/soamariaka/.local/lib/python3.9/site-packages/airflow/example_dags/example_params_trigger_ui.py
[2023-08-14T13:43:08.159+0300] {logging_mixin.py:150} INFO - [2023-08-14T13:43:08.158+0300] {dag.py:2742} INFO - Sync 1 DAGs
[2023-08-14T13:43:08.214+0300] {logging_mixin.py:150} INFO - [2023-08-14T13:43:08.214+0300] {dag.py:3504} INFO - Setting next_dagrun for example_params_trigger_ui to None, run_after=None
[2023-08-14T13:43:08.375+0300] {processor.py:179} INFO - Processing /home/soamariaka/.local/lib/python3.9/site-packages/airflow/example_dags/example_params_trigger_ui.py took 0.348 seconds
[2023-08-14T13:44:06.217+0300] {processor.py:157} INFO - Started process (PID=11756) to work on /home/soamariaka/.local/lib/python3.9/site-packages/airflow/example_dags/example_params_trigger_ui.py
[2023-08-14T13:44:06.219+0300] {processor.py:826} INFO - Processing file /home/soamariaka/.local/lib/python3.9/site-packages/airflow/example_dags/example_params_trigger_ui.py for tasks to queue
[2023-08-14T13:44:06.220+0300] {logging_mixin.py:150} INFO - [2023-08-14T13:44:06.220+0300] {dagbag.py:541} INFO - Filling up the DagBag from /home/soamariaka/.local/lib/python3.9/site-packages/airflow/example_dags/example_params_trigger_ui.py
[2023-08-14T13:44:06.250+0300] {processor.py:836} INFO - DAG(s) dict_keys(['example_params_trigger_ui']) retrieved from /home/soamariaka/.local/lib/python3.9/site-packages/airflow/example_dags/example_params_trigger_ui.py
[2023-08-14T13:44:06.321+0300] {logging_mixin.py:150} INFO - [2023-08-14T13:44:06.321+0300] {dag.py:2742} INFO - Sync 1 DAGs
[2023-08-14T13:44:06.351+0300] {logging_mixin.py:150} INFO - [2023-08-14T13:44:06.351+0300] {dag.py:3504} INFO - Setting next_dagrun for example_params_trigger_ui to None, run_after=None
[2023-08-14T13:44:06.465+0300] {processor.py:179} INFO - Processing /home/soamariaka/.local/lib/python3.9/site-packages/airflow/example_dags/example_params_trigger_ui.py took 0.254 seconds
[2023-08-14T13:45:13.210+0300] {processor.py:157} INFO - Started process (PID=11831) to work on /home/soamariaka/.local/lib/python3.9/site-packages/airflow/example_dags/example_params_trigger_ui.py
[2023-08-14T13:45:13.222+0300] {processor.py:826} INFO - Processing file /home/soamariaka/.local/lib/python3.9/site-packages/airflow/example_dags/example_params_trigger_ui.py for tasks to queue
[2023-08-14T13:45:13.224+0300] {logging_mixin.py:150} INFO - [2023-08-14T13:45:13.223+0300] {dagbag.py:541} INFO - Filling up the DagBag from /home/soamariaka/.local/lib/python3.9/site-packages/airflow/example_dags/example_params_trigger_ui.py
[2023-08-14T13:45:13.255+0300] {processor.py:836} INFO - DAG(s) dict_keys(['example_params_trigger_ui']) retrieved from /home/soamariaka/.local/lib/python3.9/site-packages/airflow/example_dags/example_params_trigger_ui.py
[2023-08-14T13:45:13.330+0300] {logging_mixin.py:150} INFO - [2023-08-14T13:45:13.330+0300] {dag.py:2742} INFO - Sync 1 DAGs
[2023-08-14T13:45:13.360+0300] {logging_mixin.py:150} INFO - [2023-08-14T13:45:13.359+0300] {dag.py:3504} INFO - Setting next_dagrun for example_params_trigger_ui to None, run_after=None
[2023-08-14T13:45:13.483+0300] {processor.py:179} INFO - Processing /home/soamariaka/.local/lib/python3.9/site-packages/airflow/example_dags/example_params_trigger_ui.py took 0.279 seconds
[2023-08-14T13:46:17.625+0300] {processor.py:157} INFO - Started process (PID=11923) to work on /home/soamariaka/.local/lib/python3.9/site-packages/airflow/example_dags/example_params_trigger_ui.py
[2023-08-14T13:46:17.654+0300] {processor.py:826} INFO - Processing file /home/soamariaka/.local/lib/python3.9/site-packages/airflow/example_dags/example_params_trigger_ui.py for tasks to queue
[2023-08-14T13:46:17.656+0300] {logging_mixin.py:150} INFO - [2023-08-14T13:46:17.655+0300] {dagbag.py:541} INFO - Filling up the DagBag from /home/soamariaka/.local/lib/python3.9/site-packages/airflow/example_dags/example_params_trigger_ui.py
[2023-08-14T13:46:17.684+0300] {processor.py:836} INFO - DAG(s) dict_keys(['example_params_trigger_ui']) retrieved from /home/soamariaka/.local/lib/python3.9/site-packages/airflow/example_dags/example_params_trigger_ui.py
[2023-08-14T13:46:17.754+0300] {logging_mixin.py:150} INFO - [2023-08-14T13:46:17.754+0300] {dag.py:2742} INFO - Sync 1 DAGs
[2023-08-14T13:46:17.785+0300] {logging_mixin.py:150} INFO - [2023-08-14T13:46:17.785+0300] {dag.py:3504} INFO - Setting next_dagrun for example_params_trigger_ui to None, run_after=None
[2023-08-14T13:46:17.900+0300] {processor.py:179} INFO - Processing /home/soamariaka/.local/lib/python3.9/site-packages/airflow/example_dags/example_params_trigger_ui.py took 0.280 seconds
[2023-08-14T13:47:19.688+0300] {processor.py:157} INFO - Started process (PID=11980) to work on /home/soamariaka/.local/lib/python3.9/site-packages/airflow/example_dags/example_params_trigger_ui.py
[2023-08-14T13:47:19.689+0300] {processor.py:826} INFO - Processing file /home/soamariaka/.local/lib/python3.9/site-packages/airflow/example_dags/example_params_trigger_ui.py for tasks to queue
[2023-08-14T13:47:19.691+0300] {logging_mixin.py:150} INFO - [2023-08-14T13:47:19.690+0300] {dagbag.py:541} INFO - Filling up the DagBag from /home/soamariaka/.local/lib/python3.9/site-packages/airflow/example_dags/example_params_trigger_ui.py
[2023-08-14T13:47:19.720+0300] {processor.py:836} INFO - DAG(s) dict_keys(['example_params_trigger_ui']) retrieved from /home/soamariaka/.local/lib/python3.9/site-packages/airflow/example_dags/example_params_trigger_ui.py
[2023-08-14T13:47:19.792+0300] {logging_mixin.py:150} INFO - [2023-08-14T13:47:19.792+0300] {dag.py:2742} INFO - Sync 1 DAGs
[2023-08-14T13:47:19.822+0300] {logging_mixin.py:150} INFO - [2023-08-14T13:47:19.822+0300] {dag.py:3504} INFO - Setting next_dagrun for example_params_trigger_ui to None, run_after=None
[2023-08-14T13:47:19.993+0300] {processor.py:179} INFO - Processing /home/soamariaka/.local/lib/python3.9/site-packages/airflow/example_dags/example_params_trigger_ui.py took 0.310 seconds
[2023-08-14T13:48:23.270+0300] {processor.py:157} INFO - Started process (PID=12074) to work on /home/soamariaka/.local/lib/python3.9/site-packages/airflow/example_dags/example_params_trigger_ui.py
[2023-08-14T13:48:23.272+0300] {processor.py:826} INFO - Processing file /home/soamariaka/.local/lib/python3.9/site-packages/airflow/example_dags/example_params_trigger_ui.py for tasks to queue
[2023-08-14T13:48:23.274+0300] {logging_mixin.py:150} INFO - [2023-08-14T13:48:23.273+0300] {dagbag.py:541} INFO - Filling up the DagBag from /home/soamariaka/.local/lib/python3.9/site-packages/airflow/example_dags/example_params_trigger_ui.py
[2023-08-14T13:48:23.304+0300] {processor.py:836} INFO - DAG(s) dict_keys(['example_params_trigger_ui']) retrieved from /home/soamariaka/.local/lib/python3.9/site-packages/airflow/example_dags/example_params_trigger_ui.py
[2023-08-14T13:48:23.376+0300] {logging_mixin.py:150} INFO - [2023-08-14T13:48:23.375+0300] {dag.py:2742} INFO - Sync 1 DAGs
[2023-08-14T13:48:23.405+0300] {logging_mixin.py:150} INFO - [2023-08-14T13:48:23.405+0300] {dag.py:3504} INFO - Setting next_dagrun for example_params_trigger_ui to None, run_after=None
[2023-08-14T13:48:23.536+0300] {processor.py:179} INFO - Processing /home/soamariaka/.local/lib/python3.9/site-packages/airflow/example_dags/example_params_trigger_ui.py took 0.271 seconds
[2023-08-14T13:49:24.814+0300] {processor.py:157} INFO - Started process (PID=12132) to work on /home/soamariaka/.local/lib/python3.9/site-packages/airflow/example_dags/example_params_trigger_ui.py
[2023-08-14T13:49:24.816+0300] {processor.py:826} INFO - Processing file /home/soamariaka/.local/lib/python3.9/site-packages/airflow/example_dags/example_params_trigger_ui.py for tasks to queue
[2023-08-14T13:49:24.819+0300] {logging_mixin.py:150} INFO - [2023-08-14T13:49:24.818+0300] {dagbag.py:541} INFO - Filling up the DagBag from /home/soamariaka/.local/lib/python3.9/site-packages/airflow/example_dags/example_params_trigger_ui.py
[2023-08-14T13:49:24.846+0300] {processor.py:836} INFO - DAG(s) dict_keys(['example_params_trigger_ui']) retrieved from /home/soamariaka/.local/lib/python3.9/site-packages/airflow/example_dags/example_params_trigger_ui.py
[2023-08-14T13:49:24.921+0300] {logging_mixin.py:150} INFO - [2023-08-14T13:49:24.920+0300] {dag.py:2742} INFO - Sync 1 DAGs
[2023-08-14T13:49:24.952+0300] {logging_mixin.py:150} INFO - [2023-08-14T13:49:24.952+0300] {dag.py:3504} INFO - Setting next_dagrun for example_params_trigger_ui to None, run_after=None
[2023-08-14T13:49:25.171+0300] {processor.py:179} INFO - Processing /home/soamariaka/.local/lib/python3.9/site-packages/airflow/example_dags/example_params_trigger_ui.py took 0.362 seconds
[2023-08-14T13:50:27.510+0300] {processor.py:157} INFO - Started process (PID=12206) to work on /home/soamariaka/.local/lib/python3.9/site-packages/airflow/example_dags/example_params_trigger_ui.py
[2023-08-14T13:50:27.542+0300] {processor.py:826} INFO - Processing file /home/soamariaka/.local/lib/python3.9/site-packages/airflow/example_dags/example_params_trigger_ui.py for tasks to queue
[2023-08-14T13:50:27.543+0300] {logging_mixin.py:150} INFO - [2023-08-14T13:50:27.543+0300] {dagbag.py:541} INFO - Filling up the DagBag from /home/soamariaka/.local/lib/python3.9/site-packages/airflow/example_dags/example_params_trigger_ui.py
[2023-08-14T13:50:27.575+0300] {processor.py:836} INFO - DAG(s) dict_keys(['example_params_trigger_ui']) retrieved from /home/soamariaka/.local/lib/python3.9/site-packages/airflow/example_dags/example_params_trigger_ui.py
[2023-08-14T13:50:27.650+0300] {logging_mixin.py:150} INFO - [2023-08-14T13:50:27.649+0300] {dag.py:2742} INFO - Sync 1 DAGs
[2023-08-14T13:50:27.679+0300] {logging_mixin.py:150} INFO - [2023-08-14T13:50:27.679+0300] {dag.py:3504} INFO - Setting next_dagrun for example_params_trigger_ui to None, run_after=None
[2023-08-14T13:50:27.823+0300] {processor.py:179} INFO - Processing /home/soamariaka/.local/lib/python3.9/site-packages/airflow/example_dags/example_params_trigger_ui.py took 0.319 seconds
[2023-08-14T13:51:34.146+0300] {processor.py:157} INFO - Started process (PID=12300) to work on /home/soamariaka/.local/lib/python3.9/site-packages/airflow/example_dags/example_params_trigger_ui.py
[2023-08-14T13:51:34.162+0300] {processor.py:826} INFO - Processing file /home/soamariaka/.local/lib/python3.9/site-packages/airflow/example_dags/example_params_trigger_ui.py for tasks to queue
[2023-08-14T13:51:34.183+0300] {logging_mixin.py:150} INFO - [2023-08-14T13:51:34.182+0300] {dagbag.py:541} INFO - Filling up the DagBag from /home/soamariaka/.local/lib/python3.9/site-packages/airflow/example_dags/example_params_trigger_ui.py
[2023-08-14T13:51:34.222+0300] {processor.py:836} INFO - DAG(s) dict_keys(['example_params_trigger_ui']) retrieved from /home/soamariaka/.local/lib/python3.9/site-packages/airflow/example_dags/example_params_trigger_ui.py
[2023-08-14T13:51:34.297+0300] {logging_mixin.py:150} INFO - [2023-08-14T13:51:34.297+0300] {dag.py:2742} INFO - Sync 1 DAGs
[2023-08-14T13:51:34.341+0300] {logging_mixin.py:150} INFO - [2023-08-14T13:51:34.341+0300] {dag.py:3504} INFO - Setting next_dagrun for example_params_trigger_ui to None, run_after=None
[2023-08-14T13:51:34.622+0300] {processor.py:179} INFO - Processing /home/soamariaka/.local/lib/python3.9/site-packages/airflow/example_dags/example_params_trigger_ui.py took 0.481 seconds
[2023-08-14T13:52:35.235+0300] {processor.py:157} INFO - Started process (PID=12357) to work on /home/soamariaka/.local/lib/python3.9/site-packages/airflow/example_dags/example_params_trigger_ui.py
[2023-08-14T13:52:35.236+0300] {processor.py:826} INFO - Processing file /home/soamariaka/.local/lib/python3.9/site-packages/airflow/example_dags/example_params_trigger_ui.py for tasks to queue
[2023-08-14T13:52:35.237+0300] {logging_mixin.py:150} INFO - [2023-08-14T13:52:35.237+0300] {dagbag.py:541} INFO - Filling up the DagBag from /home/soamariaka/.local/lib/python3.9/site-packages/airflow/example_dags/example_params_trigger_ui.py
[2023-08-14T13:52:35.262+0300] {processor.py:836} INFO - DAG(s) dict_keys(['example_params_trigger_ui']) retrieved from /home/soamariaka/.local/lib/python3.9/site-packages/airflow/example_dags/example_params_trigger_ui.py
[2023-08-14T13:52:35.335+0300] {logging_mixin.py:150} INFO - [2023-08-14T13:52:35.335+0300] {dag.py:2742} INFO - Sync 1 DAGs
[2023-08-14T13:52:35.368+0300] {logging_mixin.py:150} INFO - [2023-08-14T13:52:35.368+0300] {dag.py:3504} INFO - Setting next_dagrun for example_params_trigger_ui to None, run_after=None
[2023-08-14T13:52:35.492+0300] {processor.py:179} INFO - Processing /home/soamariaka/.local/lib/python3.9/site-packages/airflow/example_dags/example_params_trigger_ui.py took 0.261 seconds
[2023-08-14T13:53:41.241+0300] {processor.py:157} INFO - Started process (PID=12419) to work on /home/soamariaka/.local/lib/python3.9/site-packages/airflow/example_dags/example_params_trigger_ui.py
[2023-08-14T13:53:41.242+0300] {processor.py:826} INFO - Processing file /home/soamariaka/.local/lib/python3.9/site-packages/airflow/example_dags/example_params_trigger_ui.py for tasks to queue
[2023-08-14T13:53:41.244+0300] {logging_mixin.py:150} INFO - [2023-08-14T13:53:41.243+0300] {dagbag.py:541} INFO - Filling up the DagBag from /home/soamariaka/.local/lib/python3.9/site-packages/airflow/example_dags/example_params_trigger_ui.py
[2023-08-14T13:53:41.273+0300] {processor.py:836} INFO - DAG(s) dict_keys(['example_params_trigger_ui']) retrieved from /home/soamariaka/.local/lib/python3.9/site-packages/airflow/example_dags/example_params_trigger_ui.py
[2023-08-14T13:53:41.346+0300] {logging_mixin.py:150} INFO - [2023-08-14T13:53:41.345+0300] {dag.py:2742} INFO - Sync 1 DAGs
[2023-08-14T13:53:41.378+0300] {logging_mixin.py:150} INFO - [2023-08-14T13:53:41.377+0300] {dag.py:3504} INFO - Setting next_dagrun for example_params_trigger_ui to None, run_after=None
[2023-08-14T13:53:41.496+0300] {processor.py:179} INFO - Processing /home/soamariaka/.local/lib/python3.9/site-packages/airflow/example_dags/example_params_trigger_ui.py took 0.261 seconds
[2023-08-14T13:54:45.829+0300] {processor.py:157} INFO - Started process (PID=12474) to work on /home/soamariaka/.local/lib/python3.9/site-packages/airflow/example_dags/example_params_trigger_ui.py
[2023-08-14T13:54:45.830+0300] {processor.py:826} INFO - Processing file /home/soamariaka/.local/lib/python3.9/site-packages/airflow/example_dags/example_params_trigger_ui.py for tasks to queue
[2023-08-14T13:54:45.832+0300] {logging_mixin.py:150} INFO - [2023-08-14T13:54:45.831+0300] {dagbag.py:541} INFO - Filling up the DagBag from /home/soamariaka/.local/lib/python3.9/site-packages/airflow/example_dags/example_params_trigger_ui.py
[2023-08-14T13:54:45.861+0300] {processor.py:836} INFO - DAG(s) dict_keys(['example_params_trigger_ui']) retrieved from /home/soamariaka/.local/lib/python3.9/site-packages/airflow/example_dags/example_params_trigger_ui.py
[2023-08-14T13:54:45.938+0300] {logging_mixin.py:150} INFO - [2023-08-14T13:54:45.938+0300] {dag.py:2742} INFO - Sync 1 DAGs
[2023-08-14T13:54:45.971+0300] {logging_mixin.py:150} INFO - [2023-08-14T13:54:45.970+0300] {dag.py:3504} INFO - Setting next_dagrun for example_params_trigger_ui to None, run_after=None
[2023-08-14T13:54:46.173+0300] {processor.py:179} INFO - Processing /home/soamariaka/.local/lib/python3.9/site-packages/airflow/example_dags/example_params_trigger_ui.py took 0.349 seconds
[2023-08-14T13:55:52.464+0300] {processor.py:157} INFO - Started process (PID=12588) to work on /home/soamariaka/.local/lib/python3.9/site-packages/airflow/example_dags/example_params_trigger_ui.py
[2023-08-14T13:55:52.467+0300] {processor.py:826} INFO - Processing file /home/soamariaka/.local/lib/python3.9/site-packages/airflow/example_dags/example_params_trigger_ui.py for tasks to queue
[2023-08-14T13:55:52.468+0300] {logging_mixin.py:150} INFO - [2023-08-14T13:55:52.467+0300] {dagbag.py:541} INFO - Filling up the DagBag from /home/soamariaka/.local/lib/python3.9/site-packages/airflow/example_dags/example_params_trigger_ui.py
[2023-08-14T13:55:52.497+0300] {processor.py:836} INFO - DAG(s) dict_keys(['example_params_trigger_ui']) retrieved from /home/soamariaka/.local/lib/python3.9/site-packages/airflow/example_dags/example_params_trigger_ui.py
[2023-08-14T13:55:52.568+0300] {logging_mixin.py:150} INFO - [2023-08-14T13:55:52.567+0300] {dag.py:2742} INFO - Sync 1 DAGs
[2023-08-14T13:55:52.598+0300] {logging_mixin.py:150} INFO - [2023-08-14T13:55:52.598+0300] {dag.py:3504} INFO - Setting next_dagrun for example_params_trigger_ui to None, run_after=None
[2023-08-14T13:55:52.758+0300] {processor.py:179} INFO - Processing /home/soamariaka/.local/lib/python3.9/site-packages/airflow/example_dags/example_params_trigger_ui.py took 0.299 seconds
[2023-08-14T13:56:59.232+0300] {processor.py:157} INFO - Started process (PID=12673) to work on /home/soamariaka/.local/lib/python3.9/site-packages/airflow/example_dags/example_params_trigger_ui.py
[2023-08-14T13:56:59.233+0300] {processor.py:826} INFO - Processing file /home/soamariaka/.local/lib/python3.9/site-packages/airflow/example_dags/example_params_trigger_ui.py for tasks to queue
[2023-08-14T13:56:59.235+0300] {logging_mixin.py:150} INFO - [2023-08-14T13:56:59.234+0300] {dagbag.py:541} INFO - Filling up the DagBag from /home/soamariaka/.local/lib/python3.9/site-packages/airflow/example_dags/example_params_trigger_ui.py
[2023-08-14T13:56:59.278+0300] {processor.py:836} INFO - DAG(s) dict_keys(['example_params_trigger_ui']) retrieved from /home/soamariaka/.local/lib/python3.9/site-packages/airflow/example_dags/example_params_trigger_ui.py
[2023-08-14T13:56:59.413+0300] {logging_mixin.py:150} INFO - [2023-08-14T13:56:59.412+0300] {dag.py:2742} INFO - Sync 1 DAGs
[2023-08-14T13:56:59.464+0300] {logging_mixin.py:150} INFO - [2023-08-14T13:56:59.464+0300] {dag.py:3504} INFO - Setting next_dagrun for example_params_trigger_ui to None, run_after=None
[2023-08-14T13:56:59.730+0300] {processor.py:179} INFO - Processing /home/soamariaka/.local/lib/python3.9/site-packages/airflow/example_dags/example_params_trigger_ui.py took 0.505 seconds
[2023-08-14T13:58:06.612+0300] {processor.py:157} INFO - Started process (PID=12740) to work on /home/soamariaka/.local/lib/python3.9/site-packages/airflow/example_dags/example_params_trigger_ui.py
[2023-08-14T13:58:06.614+0300] {processor.py:826} INFO - Processing file /home/soamariaka/.local/lib/python3.9/site-packages/airflow/example_dags/example_params_trigger_ui.py for tasks to queue
[2023-08-14T13:58:06.616+0300] {logging_mixin.py:150} INFO - [2023-08-14T13:58:06.615+0300] {dagbag.py:541} INFO - Filling up the DagBag from /home/soamariaka/.local/lib/python3.9/site-packages/airflow/example_dags/example_params_trigger_ui.py
[2023-08-14T13:58:06.646+0300] {processor.py:836} INFO - DAG(s) dict_keys(['example_params_trigger_ui']) retrieved from /home/soamariaka/.local/lib/python3.9/site-packages/airflow/example_dags/example_params_trigger_ui.py
[2023-08-14T13:58:06.717+0300] {logging_mixin.py:150} INFO - [2023-08-14T13:58:06.716+0300] {dag.py:2742} INFO - Sync 1 DAGs
[2023-08-14T13:58:06.747+0300] {logging_mixin.py:150} INFO - [2023-08-14T13:58:06.747+0300] {dag.py:3504} INFO - Setting next_dagrun for example_params_trigger_ui to None, run_after=None
[2023-08-14T13:58:06.881+0300] {processor.py:179} INFO - Processing /home/soamariaka/.local/lib/python3.9/site-packages/airflow/example_dags/example_params_trigger_ui.py took 0.275 seconds
[2023-08-14T13:59:09.677+0300] {processor.py:157} INFO - Started process (PID=12828) to work on /home/soamariaka/.local/lib/python3.9/site-packages/airflow/example_dags/example_params_trigger_ui.py
[2023-08-14T13:59:09.679+0300] {processor.py:826} INFO - Processing file /home/soamariaka/.local/lib/python3.9/site-packages/airflow/example_dags/example_params_trigger_ui.py for tasks to queue
[2023-08-14T13:59:09.682+0300] {logging_mixin.py:150} INFO - [2023-08-14T13:59:09.681+0300] {dagbag.py:541} INFO - Filling up the DagBag from /home/soamariaka/.local/lib/python3.9/site-packages/airflow/example_dags/example_params_trigger_ui.py
[2023-08-14T13:59:09.711+0300] {processor.py:836} INFO - DAG(s) dict_keys(['example_params_trigger_ui']) retrieved from /home/soamariaka/.local/lib/python3.9/site-packages/airflow/example_dags/example_params_trigger_ui.py
[2023-08-14T13:59:09.782+0300] {logging_mixin.py:150} INFO - [2023-08-14T13:59:09.781+0300] {dag.py:2742} INFO - Sync 1 DAGs
[2023-08-14T13:59:09.814+0300] {logging_mixin.py:150} INFO - [2023-08-14T13:59:09.814+0300] {dag.py:3504} INFO - Setting next_dagrun for example_params_trigger_ui to None, run_after=None
[2023-08-14T13:59:09.967+0300] {processor.py:179} INFO - Processing /home/soamariaka/.local/lib/python3.9/site-packages/airflow/example_dags/example_params_trigger_ui.py took 0.294 seconds
[2023-08-14T14:00:13.496+0300] {processor.py:157} INFO - Started process (PID=12910) to work on /home/soamariaka/.local/lib/python3.9/site-packages/airflow/example_dags/example_params_trigger_ui.py
[2023-08-14T14:00:13.528+0300] {processor.py:826} INFO - Processing file /home/soamariaka/.local/lib/python3.9/site-packages/airflow/example_dags/example_params_trigger_ui.py for tasks to queue
[2023-08-14T14:00:13.530+0300] {logging_mixin.py:150} INFO - [2023-08-14T14:00:13.529+0300] {dagbag.py:541} INFO - Filling up the DagBag from /home/soamariaka/.local/lib/python3.9/site-packages/airflow/example_dags/example_params_trigger_ui.py
[2023-08-14T14:00:13.563+0300] {processor.py:836} INFO - DAG(s) dict_keys(['example_params_trigger_ui']) retrieved from /home/soamariaka/.local/lib/python3.9/site-packages/airflow/example_dags/example_params_trigger_ui.py
[2023-08-14T14:00:13.638+0300] {logging_mixin.py:150} INFO - [2023-08-14T14:00:13.638+0300] {dag.py:2742} INFO - Sync 1 DAGs
[2023-08-14T14:00:13.669+0300] {logging_mixin.py:150} INFO - [2023-08-14T14:00:13.669+0300] {dag.py:3504} INFO - Setting next_dagrun for example_params_trigger_ui to None, run_after=None
[2023-08-14T14:00:13.790+0300] {processor.py:179} INFO - Processing /home/soamariaka/.local/lib/python3.9/site-packages/airflow/example_dags/example_params_trigger_ui.py took 0.299 seconds
[2023-08-14T14:01:14.241+0300] {processor.py:157} INFO - Started process (PID=12967) to work on /home/soamariaka/.local/lib/python3.9/site-packages/airflow/example_dags/example_params_trigger_ui.py
[2023-08-14T14:01:14.242+0300] {processor.py:826} INFO - Processing file /home/soamariaka/.local/lib/python3.9/site-packages/airflow/example_dags/example_params_trigger_ui.py for tasks to queue
[2023-08-14T14:01:14.244+0300] {logging_mixin.py:150} INFO - [2023-08-14T14:01:14.243+0300] {dagbag.py:541} INFO - Filling up the DagBag from /home/soamariaka/.local/lib/python3.9/site-packages/airflow/example_dags/example_params_trigger_ui.py
[2023-08-14T14:01:14.274+0300] {processor.py:836} INFO - DAG(s) dict_keys(['example_params_trigger_ui']) retrieved from /home/soamariaka/.local/lib/python3.9/site-packages/airflow/example_dags/example_params_trigger_ui.py
[2023-08-14T14:01:14.345+0300] {logging_mixin.py:150} INFO - [2023-08-14T14:01:14.344+0300] {dag.py:2742} INFO - Sync 1 DAGs
[2023-08-14T14:01:14.375+0300] {logging_mixin.py:150} INFO - [2023-08-14T14:01:14.374+0300] {dag.py:3504} INFO - Setting next_dagrun for example_params_trigger_ui to None, run_after=None
[2023-08-14T14:01:14.651+0300] {processor.py:179} INFO - Processing /home/soamariaka/.local/lib/python3.9/site-packages/airflow/example_dags/example_params_trigger_ui.py took 0.416 seconds
[2023-08-14T14:03:43.437+0300] {processor.py:157} INFO - Started process (PID=13684) to work on /home/soamariaka/.local/lib/python3.9/site-packages/airflow/example_dags/example_params_trigger_ui.py
[2023-08-14T14:03:43.457+0300] {processor.py:826} INFO - Processing file /home/soamariaka/.local/lib/python3.9/site-packages/airflow/example_dags/example_params_trigger_ui.py for tasks to queue
[2023-08-14T14:03:43.458+0300] {logging_mixin.py:150} INFO - [2023-08-14T14:03:43.458+0300] {dagbag.py:541} INFO - Filling up the DagBag from /home/soamariaka/.local/lib/python3.9/site-packages/airflow/example_dags/example_params_trigger_ui.py
[2023-08-14T14:03:43.510+0300] {processor.py:836} INFO - DAG(s) dict_keys(['example_params_trigger_ui']) retrieved from /home/soamariaka/.local/lib/python3.9/site-packages/airflow/example_dags/example_params_trigger_ui.py
[2023-08-14T14:03:43.592+0300] {logging_mixin.py:150} INFO - [2023-08-14T14:03:43.591+0300] {dag.py:2742} INFO - Sync 1 DAGs
[2023-08-14T14:03:43.625+0300] {logging_mixin.py:150} INFO - [2023-08-14T14:03:43.625+0300] {dag.py:3504} INFO - Setting next_dagrun for example_params_trigger_ui to None, run_after=None
[2023-08-14T14:03:44.024+0300] {processor.py:179} INFO - Processing /home/soamariaka/.local/lib/python3.9/site-packages/airflow/example_dags/example_params_trigger_ui.py took 0.596 seconds
[2023-08-14T14:05:36.516+0300] {processor.py:157} INFO - Started process (PID=13793) to work on /home/soamariaka/.local/lib/python3.9/site-packages/airflow/example_dags/example_params_trigger_ui.py
[2023-08-14T14:05:36.518+0300] {processor.py:826} INFO - Processing file /home/soamariaka/.local/lib/python3.9/site-packages/airflow/example_dags/example_params_trigger_ui.py for tasks to queue
[2023-08-14T14:05:36.520+0300] {logging_mixin.py:150} INFO - [2023-08-14T14:05:36.519+0300] {dagbag.py:541} INFO - Filling up the DagBag from /home/soamariaka/.local/lib/python3.9/site-packages/airflow/example_dags/example_params_trigger_ui.py
[2023-08-14T14:05:36.565+0300] {processor.py:836} INFO - DAG(s) dict_keys(['example_params_trigger_ui']) retrieved from /home/soamariaka/.local/lib/python3.9/site-packages/airflow/example_dags/example_params_trigger_ui.py
[2023-08-14T14:05:36.668+0300] {logging_mixin.py:150} INFO - [2023-08-14T14:05:36.668+0300] {dag.py:2742} INFO - Sync 1 DAGs
[2023-08-14T14:05:36.703+0300] {logging_mixin.py:150} INFO - [2023-08-14T14:05:36.703+0300] {dag.py:3504} INFO - Setting next_dagrun for example_params_trigger_ui to None, run_after=None
[2023-08-14T14:05:37.097+0300] {processor.py:179} INFO - Processing /home/soamariaka/.local/lib/python3.9/site-packages/airflow/example_dags/example_params_trigger_ui.py took 0.588 seconds
[2023-08-14T14:06:58.475+0300] {processor.py:157} INFO - Started process (PID=13874) to work on /home/soamariaka/.local/lib/python3.9/site-packages/airflow/example_dags/example_params_trigger_ui.py
[2023-08-14T14:06:58.478+0300] {processor.py:826} INFO - Processing file /home/soamariaka/.local/lib/python3.9/site-packages/airflow/example_dags/example_params_trigger_ui.py for tasks to queue
[2023-08-14T14:06:58.480+0300] {logging_mixin.py:150} INFO - [2023-08-14T14:06:58.479+0300] {dagbag.py:541} INFO - Filling up the DagBag from /home/soamariaka/.local/lib/python3.9/site-packages/airflow/example_dags/example_params_trigger_ui.py
[2023-08-14T14:06:58.521+0300] {processor.py:836} INFO - DAG(s) dict_keys(['example_params_trigger_ui']) retrieved from /home/soamariaka/.local/lib/python3.9/site-packages/airflow/example_dags/example_params_trigger_ui.py
[2023-08-14T14:06:58.610+0300] {logging_mixin.py:150} INFO - [2023-08-14T14:06:58.610+0300] {dag.py:2742} INFO - Sync 1 DAGs
[2023-08-14T14:06:58.644+0300] {logging_mixin.py:150} INFO - [2023-08-14T14:06:58.644+0300] {dag.py:3504} INFO - Setting next_dagrun for example_params_trigger_ui to None, run_after=None
[2023-08-14T14:06:58.766+0300] {processor.py:179} INFO - Processing /home/soamariaka/.local/lib/python3.9/site-packages/airflow/example_dags/example_params_trigger_ui.py took 0.300 seconds
[2023-08-14T14:09:01.717+0300] {processor.py:157} INFO - Started process (PID=14051) to work on /home/soamariaka/.local/lib/python3.9/site-packages/airflow/example_dags/example_params_trigger_ui.py
[2023-08-14T14:09:01.720+0300] {processor.py:826} INFO - Processing file /home/soamariaka/.local/lib/python3.9/site-packages/airflow/example_dags/example_params_trigger_ui.py for tasks to queue
[2023-08-14T14:09:01.721+0300] {logging_mixin.py:150} INFO - [2023-08-14T14:09:01.720+0300] {dagbag.py:541} INFO - Filling up the DagBag from /home/soamariaka/.local/lib/python3.9/site-packages/airflow/example_dags/example_params_trigger_ui.py
[2023-08-14T14:09:01.762+0300] {processor.py:836} INFO - DAG(s) dict_keys(['example_params_trigger_ui']) retrieved from /home/soamariaka/.local/lib/python3.9/site-packages/airflow/example_dags/example_params_trigger_ui.py
[2023-08-14T14:09:01.844+0300] {logging_mixin.py:150} INFO - [2023-08-14T14:09:01.843+0300] {dag.py:2742} INFO - Sync 1 DAGs
[2023-08-14T14:09:01.876+0300] {logging_mixin.py:150} INFO - [2023-08-14T14:09:01.876+0300] {dag.py:3504} INFO - Setting next_dagrun for example_params_trigger_ui to None, run_after=None
[2023-08-14T14:09:02.128+0300] {processor.py:179} INFO - Processing /home/soamariaka/.local/lib/python3.9/site-packages/airflow/example_dags/example_params_trigger_ui.py took 0.417 seconds
[2023-08-14T14:10:25.479+0300] {processor.py:157} INFO - Started process (PID=14163) to work on /home/soamariaka/.local/lib/python3.9/site-packages/airflow/example_dags/example_params_trigger_ui.py
[2023-08-14T14:10:25.510+0300] {processor.py:826} INFO - Processing file /home/soamariaka/.local/lib/python3.9/site-packages/airflow/example_dags/example_params_trigger_ui.py for tasks to queue
[2023-08-14T14:10:25.511+0300] {logging_mixin.py:150} INFO - [2023-08-14T14:10:25.511+0300] {dagbag.py:541} INFO - Filling up the DagBag from /home/soamariaka/.local/lib/python3.9/site-packages/airflow/example_dags/example_params_trigger_ui.py
[2023-08-14T14:10:25.545+0300] {processor.py:836} INFO - DAG(s) dict_keys(['example_params_trigger_ui']) retrieved from /home/soamariaka/.local/lib/python3.9/site-packages/airflow/example_dags/example_params_trigger_ui.py
[2023-08-14T14:10:25.620+0300] {logging_mixin.py:150} INFO - [2023-08-14T14:10:25.620+0300] {dag.py:2742} INFO - Sync 1 DAGs
[2023-08-14T14:10:25.651+0300] {logging_mixin.py:150} INFO - [2023-08-14T14:10:25.650+0300] {dag.py:3504} INFO - Setting next_dagrun for example_params_trigger_ui to None, run_after=None
[2023-08-14T14:10:26.174+0300] {processor.py:179} INFO - Processing /home/soamariaka/.local/lib/python3.9/site-packages/airflow/example_dags/example_params_trigger_ui.py took 0.700 seconds
[2023-08-14T14:12:16.018+0300] {processor.py:157} INFO - Started process (PID=15136) to work on /home/soamariaka/.local/lib/python3.9/site-packages/airflow/example_dags/example_params_trigger_ui.py
[2023-08-14T14:12:16.020+0300] {processor.py:826} INFO - Processing file /home/soamariaka/.local/lib/python3.9/site-packages/airflow/example_dags/example_params_trigger_ui.py for tasks to queue
[2023-08-14T14:12:16.021+0300] {logging_mixin.py:150} INFO - [2023-08-14T14:12:16.021+0300] {dagbag.py:541} INFO - Filling up the DagBag from /home/soamariaka/.local/lib/python3.9/site-packages/airflow/example_dags/example_params_trigger_ui.py
[2023-08-14T14:12:16.051+0300] {processor.py:836} INFO - DAG(s) dict_keys(['example_params_trigger_ui']) retrieved from /home/soamariaka/.local/lib/python3.9/site-packages/airflow/example_dags/example_params_trigger_ui.py
[2023-08-14T14:12:16.122+0300] {logging_mixin.py:150} INFO - [2023-08-14T14:12:16.122+0300] {dag.py:2742} INFO - Sync 1 DAGs
[2023-08-14T14:12:16.152+0300] {logging_mixin.py:150} INFO - [2023-08-14T14:12:16.152+0300] {dag.py:3504} INFO - Setting next_dagrun for example_params_trigger_ui to None, run_after=None
[2023-08-14T14:12:16.289+0300] {processor.py:179} INFO - Processing /home/soamariaka/.local/lib/python3.9/site-packages/airflow/example_dags/example_params_trigger_ui.py took 0.276 seconds
[2023-08-14T14:13:15.145+0300] {processor.py:157} INFO - Started process (PID=15263) to work on /home/soamariaka/.local/lib/python3.9/site-packages/airflow/example_dags/example_params_trigger_ui.py
[2023-08-14T14:13:15.151+0300] {processor.py:826} INFO - Processing file /home/soamariaka/.local/lib/python3.9/site-packages/airflow/example_dags/example_params_trigger_ui.py for tasks to queue
[2023-08-14T14:13:15.158+0300] {logging_mixin.py:150} INFO - [2023-08-14T14:13:15.153+0300] {dagbag.py:541} INFO - Filling up the DagBag from /home/soamariaka/.local/lib/python3.9/site-packages/airflow/example_dags/example_params_trigger_ui.py
[2023-08-14T14:13:15.228+0300] {processor.py:836} INFO - DAG(s) dict_keys(['example_params_trigger_ui']) retrieved from /home/soamariaka/.local/lib/python3.9/site-packages/airflow/example_dags/example_params_trigger_ui.py
[2023-08-14T14:13:15.374+0300] {logging_mixin.py:150} INFO - [2023-08-14T14:13:15.373+0300] {dag.py:2742} INFO - Sync 1 DAGs
[2023-08-14T14:13:15.424+0300] {logging_mixin.py:150} INFO - [2023-08-14T14:13:15.423+0300] {dag.py:3504} INFO - Setting next_dagrun for example_params_trigger_ui to None, run_after=None
[2023-08-14T14:13:15.562+0300] {processor.py:179} INFO - Processing /home/soamariaka/.local/lib/python3.9/site-packages/airflow/example_dags/example_params_trigger_ui.py took 0.425 seconds
[2023-08-14T14:14:18.478+0300] {processor.py:157} INFO - Started process (PID=15355) to work on /home/soamariaka/.local/lib/python3.9/site-packages/airflow/example_dags/example_params_trigger_ui.py
[2023-08-14T14:14:18.480+0300] {processor.py:826} INFO - Processing file /home/soamariaka/.local/lib/python3.9/site-packages/airflow/example_dags/example_params_trigger_ui.py for tasks to queue
[2023-08-14T14:14:18.482+0300] {logging_mixin.py:150} INFO - [2023-08-14T14:14:18.481+0300] {dagbag.py:541} INFO - Filling up the DagBag from /home/soamariaka/.local/lib/python3.9/site-packages/airflow/example_dags/example_params_trigger_ui.py
[2023-08-14T14:14:18.541+0300] {processor.py:836} INFO - DAG(s) dict_keys(['example_params_trigger_ui']) retrieved from /home/soamariaka/.local/lib/python3.9/site-packages/airflow/example_dags/example_params_trigger_ui.py
[2023-08-14T14:14:18.631+0300] {logging_mixin.py:150} INFO - [2023-08-14T14:14:18.631+0300] {dag.py:2742} INFO - Sync 1 DAGs
[2023-08-14T14:14:18.672+0300] {logging_mixin.py:150} INFO - [2023-08-14T14:14:18.671+0300] {dag.py:3504} INFO - Setting next_dagrun for example_params_trigger_ui to None, run_after=None
[2023-08-14T14:14:18.828+0300] {processor.py:179} INFO - Processing /home/soamariaka/.local/lib/python3.9/site-packages/airflow/example_dags/example_params_trigger_ui.py took 0.356 seconds
[2023-08-14T14:15:20.198+0300] {processor.py:157} INFO - Started process (PID=15482) to work on /home/soamariaka/.local/lib/python3.9/site-packages/airflow/example_dags/example_params_trigger_ui.py
[2023-08-14T14:15:20.219+0300] {processor.py:826} INFO - Processing file /home/soamariaka/.local/lib/python3.9/site-packages/airflow/example_dags/example_params_trigger_ui.py for tasks to queue
[2023-08-14T14:15:20.221+0300] {logging_mixin.py:150} INFO - [2023-08-14T14:15:20.220+0300] {dagbag.py:541} INFO - Filling up the DagBag from /home/soamariaka/.local/lib/python3.9/site-packages/airflow/example_dags/example_params_trigger_ui.py
[2023-08-14T14:15:20.255+0300] {processor.py:836} INFO - DAG(s) dict_keys(['example_params_trigger_ui']) retrieved from /home/soamariaka/.local/lib/python3.9/site-packages/airflow/example_dags/example_params_trigger_ui.py
[2023-08-14T14:15:20.331+0300] {logging_mixin.py:150} INFO - [2023-08-14T14:15:20.331+0300] {dag.py:2742} INFO - Sync 1 DAGs
[2023-08-14T14:15:20.364+0300] {logging_mixin.py:150} INFO - [2023-08-14T14:15:20.364+0300] {dag.py:3504} INFO - Setting next_dagrun for example_params_trigger_ui to None, run_after=None
[2023-08-14T14:15:20.614+0300] {processor.py:179} INFO - Processing /home/soamariaka/.local/lib/python3.9/site-packages/airflow/example_dags/example_params_trigger_ui.py took 0.422 seconds
[2023-08-14T14:16:22.635+0300] {processor.py:157} INFO - Started process (PID=15626) to work on /home/soamariaka/.local/lib/python3.9/site-packages/airflow/example_dags/example_params_trigger_ui.py
[2023-08-14T14:16:22.662+0300] {processor.py:826} INFO - Processing file /home/soamariaka/.local/lib/python3.9/site-packages/airflow/example_dags/example_params_trigger_ui.py for tasks to queue
[2023-08-14T14:16:22.664+0300] {logging_mixin.py:150} INFO - [2023-08-14T14:16:22.664+0300] {dagbag.py:541} INFO - Filling up the DagBag from /home/soamariaka/.local/lib/python3.9/site-packages/airflow/example_dags/example_params_trigger_ui.py
[2023-08-14T14:16:22.699+0300] {processor.py:836} INFO - DAG(s) dict_keys(['example_params_trigger_ui']) retrieved from /home/soamariaka/.local/lib/python3.9/site-packages/airflow/example_dags/example_params_trigger_ui.py
[2023-08-14T14:16:22.782+0300] {logging_mixin.py:150} INFO - [2023-08-14T14:16:22.782+0300] {dag.py:2742} INFO - Sync 1 DAGs
[2023-08-14T14:16:22.821+0300] {logging_mixin.py:150} INFO - [2023-08-14T14:16:22.821+0300] {dag.py:3504} INFO - Setting next_dagrun for example_params_trigger_ui to None, run_after=None
[2023-08-14T14:16:22.968+0300] {processor.py:179} INFO - Processing /home/soamariaka/.local/lib/python3.9/site-packages/airflow/example_dags/example_params_trigger_ui.py took 0.340 seconds
[2023-08-14T14:17:25.618+0300] {processor.py:157} INFO - Started process (PID=15709) to work on /home/soamariaka/.local/lib/python3.9/site-packages/airflow/example_dags/example_params_trigger_ui.py
[2023-08-14T14:17:25.620+0300] {processor.py:826} INFO - Processing file /home/soamariaka/.local/lib/python3.9/site-packages/airflow/example_dags/example_params_trigger_ui.py for tasks to queue
[2023-08-14T14:17:25.622+0300] {logging_mixin.py:150} INFO - [2023-08-14T14:17:25.621+0300] {dagbag.py:541} INFO - Filling up the DagBag from /home/soamariaka/.local/lib/python3.9/site-packages/airflow/example_dags/example_params_trigger_ui.py
[2023-08-14T14:17:25.652+0300] {processor.py:836} INFO - DAG(s) dict_keys(['example_params_trigger_ui']) retrieved from /home/soamariaka/.local/lib/python3.9/site-packages/airflow/example_dags/example_params_trigger_ui.py
[2023-08-14T14:17:25.723+0300] {logging_mixin.py:150} INFO - [2023-08-14T14:17:25.723+0300] {dag.py:2742} INFO - Sync 1 DAGs
[2023-08-14T14:17:25.754+0300] {logging_mixin.py:150} INFO - [2023-08-14T14:17:25.754+0300] {dag.py:3504} INFO - Setting next_dagrun for example_params_trigger_ui to None, run_after=None
[2023-08-14T14:17:25.936+0300] {processor.py:179} INFO - Processing /home/soamariaka/.local/lib/python3.9/site-packages/airflow/example_dags/example_params_trigger_ui.py took 0.324 seconds
[2023-08-14T14:18:54.196+0300] {processor.py:157} INFO - Started process (PID=15918) to work on /home/soamariaka/.local/lib/python3.9/site-packages/airflow/example_dags/example_params_trigger_ui.py
[2023-08-14T14:18:54.217+0300] {processor.py:826} INFO - Processing file /home/soamariaka/.local/lib/python3.9/site-packages/airflow/example_dags/example_params_trigger_ui.py for tasks to queue
[2023-08-14T14:18:54.218+0300] {logging_mixin.py:150} INFO - [2023-08-14T14:18:54.218+0300] {dagbag.py:541} INFO - Filling up the DagBag from /home/soamariaka/.local/lib/python3.9/site-packages/airflow/example_dags/example_params_trigger_ui.py
[2023-08-14T14:18:54.250+0300] {processor.py:836} INFO - DAG(s) dict_keys(['example_params_trigger_ui']) retrieved from /home/soamariaka/.local/lib/python3.9/site-packages/airflow/example_dags/example_params_trigger_ui.py
[2023-08-14T14:18:54.324+0300] {logging_mixin.py:150} INFO - [2023-08-14T14:18:54.323+0300] {dag.py:2742} INFO - Sync 1 DAGs
[2023-08-14T14:18:54.354+0300] {logging_mixin.py:150} INFO - [2023-08-14T14:18:54.354+0300] {dag.py:3504} INFO - Setting next_dagrun for example_params_trigger_ui to None, run_after=None
[2023-08-14T14:18:54.469+0300] {processor.py:179} INFO - Processing /home/soamariaka/.local/lib/python3.9/site-packages/airflow/example_dags/example_params_trigger_ui.py took 0.278 seconds
[2023-08-14T14:19:53.846+0300] {processor.py:157} INFO - Started process (PID=15995) to work on /home/soamariaka/.local/lib/python3.9/site-packages/airflow/example_dags/example_params_trigger_ui.py
[2023-08-14T14:19:53.860+0300] {processor.py:826} INFO - Processing file /home/soamariaka/.local/lib/python3.9/site-packages/airflow/example_dags/example_params_trigger_ui.py for tasks to queue
[2023-08-14T14:19:53.861+0300] {logging_mixin.py:150} INFO - [2023-08-14T14:19:53.861+0300] {dagbag.py:541} INFO - Filling up the DagBag from /home/soamariaka/.local/lib/python3.9/site-packages/airflow/example_dags/example_params_trigger_ui.py
[2023-08-14T14:19:53.887+0300] {processor.py:836} INFO - DAG(s) dict_keys(['example_params_trigger_ui']) retrieved from /home/soamariaka/.local/lib/python3.9/site-packages/airflow/example_dags/example_params_trigger_ui.py
[2023-08-14T14:19:53.970+0300] {logging_mixin.py:150} INFO - [2023-08-14T14:19:53.970+0300] {dag.py:2742} INFO - Sync 1 DAGs
[2023-08-14T14:19:54.001+0300] {logging_mixin.py:150} INFO - [2023-08-14T14:19:54.001+0300] {dag.py:3504} INFO - Setting next_dagrun for example_params_trigger_ui to None, run_after=None
[2023-08-14T14:19:54.253+0300] {processor.py:179} INFO - Processing /home/soamariaka/.local/lib/python3.9/site-packages/airflow/example_dags/example_params_trigger_ui.py took 0.412 seconds
[2023-08-14T14:21:30.962+0300] {processor.py:157} INFO - Started process (PID=16095) to work on /home/soamariaka/.local/lib/python3.9/site-packages/airflow/example_dags/example_params_trigger_ui.py
[2023-08-14T14:21:30.964+0300] {processor.py:826} INFO - Processing file /home/soamariaka/.local/lib/python3.9/site-packages/airflow/example_dags/example_params_trigger_ui.py for tasks to queue
[2023-08-14T14:21:30.966+0300] {logging_mixin.py:150} INFO - [2023-08-14T14:21:30.965+0300] {dagbag.py:541} INFO - Filling up the DagBag from /home/soamariaka/.local/lib/python3.9/site-packages/airflow/example_dags/example_params_trigger_ui.py
[2023-08-14T14:21:30.996+0300] {processor.py:836} INFO - DAG(s) dict_keys(['example_params_trigger_ui']) retrieved from /home/soamariaka/.local/lib/python3.9/site-packages/airflow/example_dags/example_params_trigger_ui.py
[2023-08-14T14:21:31.067+0300] {logging_mixin.py:150} INFO - [2023-08-14T14:21:31.067+0300] {dag.py:2742} INFO - Sync 1 DAGs
[2023-08-14T14:21:31.097+0300] {logging_mixin.py:150} INFO - [2023-08-14T14:21:31.097+0300] {dag.py:3504} INFO - Setting next_dagrun for example_params_trigger_ui to None, run_after=None
[2023-08-14T14:21:31.224+0300] {processor.py:179} INFO - Processing /home/soamariaka/.local/lib/python3.9/site-packages/airflow/example_dags/example_params_trigger_ui.py took 0.268 seconds
[2023-08-14T14:22:37.196+0300] {processor.py:157} INFO - Started process (PID=16157) to work on /home/soamariaka/.local/lib/python3.9/site-packages/airflow/example_dags/example_params_trigger_ui.py
[2023-08-14T14:22:37.198+0300] {processor.py:826} INFO - Processing file /home/soamariaka/.local/lib/python3.9/site-packages/airflow/example_dags/example_params_trigger_ui.py for tasks to queue
[2023-08-14T14:22:37.200+0300] {logging_mixin.py:150} INFO - [2023-08-14T14:22:37.199+0300] {dagbag.py:541} INFO - Filling up the DagBag from /home/soamariaka/.local/lib/python3.9/site-packages/airflow/example_dags/example_params_trigger_ui.py
[2023-08-14T14:22:37.230+0300] {processor.py:836} INFO - DAG(s) dict_keys(['example_params_trigger_ui']) retrieved from /home/soamariaka/.local/lib/python3.9/site-packages/airflow/example_dags/example_params_trigger_ui.py
[2023-08-14T14:22:37.301+0300] {logging_mixin.py:150} INFO - [2023-08-14T14:22:37.300+0300] {dag.py:2742} INFO - Sync 1 DAGs
[2023-08-14T14:22:37.331+0300] {logging_mixin.py:150} INFO - [2023-08-14T14:22:37.331+0300] {dag.py:3504} INFO - Setting next_dagrun for example_params_trigger_ui to None, run_after=None
[2023-08-14T14:22:37.486+0300] {processor.py:179} INFO - Processing /home/soamariaka/.local/lib/python3.9/site-packages/airflow/example_dags/example_params_trigger_ui.py took 0.295 seconds
[2023-08-14T14:23:37.814+0300] {processor.py:157} INFO - Started process (PID=16222) to work on /home/soamariaka/.local/lib/python3.9/site-packages/airflow/example_dags/example_params_trigger_ui.py
[2023-08-14T14:23:37.816+0300] {processor.py:826} INFO - Processing file /home/soamariaka/.local/lib/python3.9/site-packages/airflow/example_dags/example_params_trigger_ui.py for tasks to queue
[2023-08-14T14:23:37.818+0300] {logging_mixin.py:150} INFO - [2023-08-14T14:23:37.817+0300] {dagbag.py:541} INFO - Filling up the DagBag from /home/soamariaka/.local/lib/python3.9/site-packages/airflow/example_dags/example_params_trigger_ui.py
[2023-08-14T14:23:37.848+0300] {processor.py:836} INFO - DAG(s) dict_keys(['example_params_trigger_ui']) retrieved from /home/soamariaka/.local/lib/python3.9/site-packages/airflow/example_dags/example_params_trigger_ui.py
[2023-08-14T14:23:37.920+0300] {logging_mixin.py:150} INFO - [2023-08-14T14:23:37.920+0300] {dag.py:2742} INFO - Sync 1 DAGs
[2023-08-14T14:23:37.951+0300] {logging_mixin.py:150} INFO - [2023-08-14T14:23:37.951+0300] {dag.py:3504} INFO - Setting next_dagrun for example_params_trigger_ui to None, run_after=None
[2023-08-14T14:23:38.084+0300] {processor.py:179} INFO - Processing /home/soamariaka/.local/lib/python3.9/site-packages/airflow/example_dags/example_params_trigger_ui.py took 0.276 seconds
[2023-08-14T14:24:35.741+0300] {processor.py:157} INFO - Started process (PID=16499) to work on /home/soamariaka/.local/lib/python3.9/site-packages/airflow/example_dags/example_params_trigger_ui.py
[2023-08-14T14:24:35.743+0300] {processor.py:826} INFO - Processing file /home/soamariaka/.local/lib/python3.9/site-packages/airflow/example_dags/example_params_trigger_ui.py for tasks to queue
[2023-08-14T14:24:35.744+0300] {logging_mixin.py:150} INFO - [2023-08-14T14:24:35.744+0300] {dagbag.py:541} INFO - Filling up the DagBag from /home/soamariaka/.local/lib/python3.9/site-packages/airflow/example_dags/example_params_trigger_ui.py
[2023-08-14T14:24:35.773+0300] {processor.py:836} INFO - DAG(s) dict_keys(['example_params_trigger_ui']) retrieved from /home/soamariaka/.local/lib/python3.9/site-packages/airflow/example_dags/example_params_trigger_ui.py
[2023-08-14T14:24:35.843+0300] {logging_mixin.py:150} INFO - [2023-08-14T14:24:35.843+0300] {dag.py:2742} INFO - Sync 1 DAGs
[2023-08-14T14:24:35.874+0300] {logging_mixin.py:150} INFO - [2023-08-14T14:24:35.873+0300] {dag.py:3504} INFO - Setting next_dagrun for example_params_trigger_ui to None, run_after=None
[2023-08-14T14:24:36.007+0300] {processor.py:179} INFO - Processing /home/soamariaka/.local/lib/python3.9/site-packages/airflow/example_dags/example_params_trigger_ui.py took 0.270 seconds
[2023-08-14T14:26:02.822+0300] {processor.py:157} INFO - Started process (PID=16702) to work on /home/soamariaka/.local/lib/python3.9/site-packages/airflow/example_dags/example_params_trigger_ui.py
[2023-08-14T14:26:02.825+0300] {processor.py:826} INFO - Processing file /home/soamariaka/.local/lib/python3.9/site-packages/airflow/example_dags/example_params_trigger_ui.py for tasks to queue
[2023-08-14T14:26:02.826+0300] {logging_mixin.py:150} INFO - [2023-08-14T14:26:02.826+0300] {dagbag.py:541} INFO - Filling up the DagBag from /home/soamariaka/.local/lib/python3.9/site-packages/airflow/example_dags/example_params_trigger_ui.py
[2023-08-14T14:26:02.856+0300] {processor.py:836} INFO - DAG(s) dict_keys(['example_params_trigger_ui']) retrieved from /home/soamariaka/.local/lib/python3.9/site-packages/airflow/example_dags/example_params_trigger_ui.py
[2023-08-14T14:26:02.927+0300] {logging_mixin.py:150} INFO - [2023-08-14T14:26:02.926+0300] {dag.py:2742} INFO - Sync 1 DAGs
[2023-08-14T14:26:02.958+0300] {logging_mixin.py:150} INFO - [2023-08-14T14:26:02.957+0300] {dag.py:3504} INFO - Setting next_dagrun for example_params_trigger_ui to None, run_after=None
[2023-08-14T14:26:03.107+0300] {processor.py:179} INFO - Processing /home/soamariaka/.local/lib/python3.9/site-packages/airflow/example_dags/example_params_trigger_ui.py took 0.290 seconds
[2023-08-14T14:27:01.455+0300] {processor.py:157} INFO - Started process (PID=16760) to work on /home/soamariaka/.local/lib/python3.9/site-packages/airflow/example_dags/example_params_trigger_ui.py
[2023-08-14T14:27:01.478+0300] {processor.py:826} INFO - Processing file /home/soamariaka/.local/lib/python3.9/site-packages/airflow/example_dags/example_params_trigger_ui.py for tasks to queue
[2023-08-14T14:27:01.480+0300] {logging_mixin.py:150} INFO - [2023-08-14T14:27:01.479+0300] {dagbag.py:541} INFO - Filling up the DagBag from /home/soamariaka/.local/lib/python3.9/site-packages/airflow/example_dags/example_params_trigger_ui.py
[2023-08-14T14:27:01.512+0300] {processor.py:836} INFO - DAG(s) dict_keys(['example_params_trigger_ui']) retrieved from /home/soamariaka/.local/lib/python3.9/site-packages/airflow/example_dags/example_params_trigger_ui.py
[2023-08-14T14:27:01.585+0300] {logging_mixin.py:150} INFO - [2023-08-14T14:27:01.585+0300] {dag.py:2742} INFO - Sync 1 DAGs
[2023-08-14T14:27:01.616+0300] {logging_mixin.py:150} INFO - [2023-08-14T14:27:01.615+0300] {dag.py:3504} INFO - Setting next_dagrun for example_params_trigger_ui to None, run_after=None
[2023-08-14T14:27:01.797+0300] {processor.py:179} INFO - Processing /home/soamariaka/.local/lib/python3.9/site-packages/airflow/example_dags/example_params_trigger_ui.py took 0.347 seconds
[2023-08-14T14:28:02.184+0300] {processor.py:157} INFO - Started process (PID=16883) to work on /home/soamariaka/.local/lib/python3.9/site-packages/airflow/example_dags/example_params_trigger_ui.py
[2023-08-14T14:28:02.211+0300] {processor.py:826} INFO - Processing file /home/soamariaka/.local/lib/python3.9/site-packages/airflow/example_dags/example_params_trigger_ui.py for tasks to queue
[2023-08-14T14:28:02.213+0300] {logging_mixin.py:150} INFO - [2023-08-14T14:28:02.212+0300] {dagbag.py:541} INFO - Filling up the DagBag from /home/soamariaka/.local/lib/python3.9/site-packages/airflow/example_dags/example_params_trigger_ui.py
[2023-08-14T14:28:02.245+0300] {processor.py:836} INFO - DAG(s) dict_keys(['example_params_trigger_ui']) retrieved from /home/soamariaka/.local/lib/python3.9/site-packages/airflow/example_dags/example_params_trigger_ui.py
[2023-08-14T14:28:02.319+0300] {logging_mixin.py:150} INFO - [2023-08-14T14:28:02.319+0300] {dag.py:2742} INFO - Sync 1 DAGs
[2023-08-14T14:28:02.351+0300] {logging_mixin.py:150} INFO - [2023-08-14T14:28:02.350+0300] {dag.py:3504} INFO - Setting next_dagrun for example_params_trigger_ui to None, run_after=None
[2023-08-14T14:28:02.479+0300] {processor.py:179} INFO - Processing /home/soamariaka/.local/lib/python3.9/site-packages/airflow/example_dags/example_params_trigger_ui.py took 0.300 seconds
[2023-08-14T14:29:06.530+0300] {processor.py:157} INFO - Started process (PID=17042) to work on /home/soamariaka/.local/lib/python3.9/site-packages/airflow/example_dags/example_params_trigger_ui.py
[2023-08-14T14:29:06.558+0300] {processor.py:826} INFO - Processing file /home/soamariaka/.local/lib/python3.9/site-packages/airflow/example_dags/example_params_trigger_ui.py for tasks to queue
[2023-08-14T14:29:06.559+0300] {logging_mixin.py:150} INFO - [2023-08-14T14:29:06.559+0300] {dagbag.py:541} INFO - Filling up the DagBag from /home/soamariaka/.local/lib/python3.9/site-packages/airflow/example_dags/example_params_trigger_ui.py
[2023-08-14T14:29:06.590+0300] {processor.py:836} INFO - DAG(s) dict_keys(['example_params_trigger_ui']) retrieved from /home/soamariaka/.local/lib/python3.9/site-packages/airflow/example_dags/example_params_trigger_ui.py
[2023-08-14T14:29:06.661+0300] {logging_mixin.py:150} INFO - [2023-08-14T14:29:06.660+0300] {dag.py:2742} INFO - Sync 1 DAGs
[2023-08-14T14:29:06.694+0300] {logging_mixin.py:150} INFO - [2023-08-14T14:29:06.694+0300] {dag.py:3504} INFO - Setting next_dagrun for example_params_trigger_ui to None, run_after=None
[2023-08-14T14:29:06.831+0300] {processor.py:179} INFO - Processing /home/soamariaka/.local/lib/python3.9/site-packages/airflow/example_dags/example_params_trigger_ui.py took 0.306 seconds
[2023-08-14T14:30:03.390+0300] {processor.py:157} INFO - Started process (PID=17176) to work on /home/soamariaka/.local/lib/python3.9/site-packages/airflow/example_dags/example_params_trigger_ui.py
[2023-08-14T14:30:03.422+0300] {processor.py:826} INFO - Processing file /home/soamariaka/.local/lib/python3.9/site-packages/airflow/example_dags/example_params_trigger_ui.py for tasks to queue
[2023-08-14T14:30:03.424+0300] {logging_mixin.py:150} INFO - [2023-08-14T14:30:03.423+0300] {dagbag.py:541} INFO - Filling up the DagBag from /home/soamariaka/.local/lib/python3.9/site-packages/airflow/example_dags/example_params_trigger_ui.py
[2023-08-14T14:30:03.450+0300] {processor.py:836} INFO - DAG(s) dict_keys(['example_params_trigger_ui']) retrieved from /home/soamariaka/.local/lib/python3.9/site-packages/airflow/example_dags/example_params_trigger_ui.py
[2023-08-14T14:30:03.520+0300] {logging_mixin.py:150} INFO - [2023-08-14T14:30:03.520+0300] {dag.py:2742} INFO - Sync 1 DAGs
[2023-08-14T14:30:03.550+0300] {logging_mixin.py:150} INFO - [2023-08-14T14:30:03.550+0300] {dag.py:3504} INFO - Setting next_dagrun for example_params_trigger_ui to None, run_after=None
[2023-08-14T14:30:03.695+0300] {processor.py:179} INFO - Processing /home/soamariaka/.local/lib/python3.9/site-packages/airflow/example_dags/example_params_trigger_ui.py took 0.310 seconds
[2023-08-14T14:30:57.367+0300] {processor.py:157} INFO - Started process (PID=17259) to work on /home/soamariaka/.local/lib/python3.9/site-packages/airflow/example_dags/example_params_trigger_ui.py
[2023-08-14T14:30:57.398+0300] {processor.py:826} INFO - Processing file /home/soamariaka/.local/lib/python3.9/site-packages/airflow/example_dags/example_params_trigger_ui.py for tasks to queue
[2023-08-14T14:30:57.400+0300] {logging_mixin.py:150} INFO - [2023-08-14T14:30:57.399+0300] {dagbag.py:541} INFO - Filling up the DagBag from /home/soamariaka/.local/lib/python3.9/site-packages/airflow/example_dags/example_params_trigger_ui.py
[2023-08-14T14:30:57.425+0300] {processor.py:836} INFO - DAG(s) dict_keys(['example_params_trigger_ui']) retrieved from /home/soamariaka/.local/lib/python3.9/site-packages/airflow/example_dags/example_params_trigger_ui.py
[2023-08-14T14:30:57.496+0300] {logging_mixin.py:150} INFO - [2023-08-14T14:30:57.496+0300] {dag.py:2742} INFO - Sync 1 DAGs
[2023-08-14T14:30:57.526+0300] {logging_mixin.py:150} INFO - [2023-08-14T14:30:57.526+0300] {dag.py:3504} INFO - Setting next_dagrun for example_params_trigger_ui to None, run_after=None
[2023-08-14T14:30:57.655+0300] {processor.py:179} INFO - Processing /home/soamariaka/.local/lib/python3.9/site-packages/airflow/example_dags/example_params_trigger_ui.py took 0.294 seconds
[2023-08-14T14:31:56.513+0300] {processor.py:157} INFO - Started process (PID=17345) to work on /home/soamariaka/.local/lib/python3.9/site-packages/airflow/example_dags/example_params_trigger_ui.py
[2023-08-14T14:31:56.516+0300] {processor.py:826} INFO - Processing file /home/soamariaka/.local/lib/python3.9/site-packages/airflow/example_dags/example_params_trigger_ui.py for tasks to queue
[2023-08-14T14:31:56.517+0300] {logging_mixin.py:150} INFO - [2023-08-14T14:31:56.517+0300] {dagbag.py:541} INFO - Filling up the DagBag from /home/soamariaka/.local/lib/python3.9/site-packages/airflow/example_dags/example_params_trigger_ui.py
[2023-08-14T14:31:56.547+0300] {processor.py:836} INFO - DAG(s) dict_keys(['example_params_trigger_ui']) retrieved from /home/soamariaka/.local/lib/python3.9/site-packages/airflow/example_dags/example_params_trigger_ui.py
[2023-08-14T14:31:56.618+0300] {logging_mixin.py:150} INFO - [2023-08-14T14:31:56.617+0300] {dag.py:2742} INFO - Sync 1 DAGs
[2023-08-14T14:31:56.648+0300] {logging_mixin.py:150} INFO - [2023-08-14T14:31:56.648+0300] {dag.py:3504} INFO - Setting next_dagrun for example_params_trigger_ui to None, run_after=None
[2023-08-14T14:31:56.795+0300] {processor.py:179} INFO - Processing /home/soamariaka/.local/lib/python3.9/site-packages/airflow/example_dags/example_params_trigger_ui.py took 0.288 seconds
[2023-08-14T14:32:56.621+0300] {processor.py:157} INFO - Started process (PID=17465) to work on /home/soamariaka/.local/lib/python3.9/site-packages/airflow/example_dags/example_params_trigger_ui.py
[2023-08-14T14:32:56.654+0300] {processor.py:826} INFO - Processing file /home/soamariaka/.local/lib/python3.9/site-packages/airflow/example_dags/example_params_trigger_ui.py for tasks to queue
[2023-08-14T14:32:56.656+0300] {logging_mixin.py:150} INFO - [2023-08-14T14:32:56.656+0300] {dagbag.py:541} INFO - Filling up the DagBag from /home/soamariaka/.local/lib/python3.9/site-packages/airflow/example_dags/example_params_trigger_ui.py
[2023-08-14T14:32:56.688+0300] {processor.py:836} INFO - DAG(s) dict_keys(['example_params_trigger_ui']) retrieved from /home/soamariaka/.local/lib/python3.9/site-packages/airflow/example_dags/example_params_trigger_ui.py
[2023-08-14T14:32:56.762+0300] {logging_mixin.py:150} INFO - [2023-08-14T14:32:56.762+0300] {dag.py:2742} INFO - Sync 1 DAGs
[2023-08-14T14:32:56.792+0300] {logging_mixin.py:150} INFO - [2023-08-14T14:32:56.792+0300] {dag.py:3504} INFO - Setting next_dagrun for example_params_trigger_ui to None, run_after=None
[2023-08-14T14:32:56.918+0300] {processor.py:179} INFO - Processing /home/soamariaka/.local/lib/python3.9/site-packages/airflow/example_dags/example_params_trigger_ui.py took 0.301 seconds
[2023-08-14T14:33:55.883+0300] {processor.py:157} INFO - Started process (PID=17584) to work on /home/soamariaka/.local/lib/python3.9/site-packages/airflow/example_dags/example_params_trigger_ui.py
[2023-08-14T14:33:55.886+0300] {processor.py:826} INFO - Processing file /home/soamariaka/.local/lib/python3.9/site-packages/airflow/example_dags/example_params_trigger_ui.py for tasks to queue
[2023-08-14T14:33:55.887+0300] {logging_mixin.py:150} INFO - [2023-08-14T14:33:55.887+0300] {dagbag.py:541} INFO - Filling up the DagBag from /home/soamariaka/.local/lib/python3.9/site-packages/airflow/example_dags/example_params_trigger_ui.py
[2023-08-14T14:33:55.920+0300] {processor.py:836} INFO - DAG(s) dict_keys(['example_params_trigger_ui']) retrieved from /home/soamariaka/.local/lib/python3.9/site-packages/airflow/example_dags/example_params_trigger_ui.py
[2023-08-14T14:33:55.996+0300] {logging_mixin.py:150} INFO - [2023-08-14T14:33:55.996+0300] {dag.py:2742} INFO - Sync 1 DAGs
[2023-08-14T14:33:56.027+0300] {logging_mixin.py:150} INFO - [2023-08-14T14:33:56.027+0300] {dag.py:3504} INFO - Setting next_dagrun for example_params_trigger_ui to None, run_after=None
[2023-08-14T14:33:56.185+0300] {processor.py:179} INFO - Processing /home/soamariaka/.local/lib/python3.9/site-packages/airflow/example_dags/example_params_trigger_ui.py took 0.308 seconds
[2023-08-14T14:35:08.860+0300] {processor.py:157} INFO - Started process (PID=17796) to work on /home/soamariaka/.local/lib/python3.9/site-packages/airflow/example_dags/example_params_trigger_ui.py
[2023-08-14T14:35:08.864+0300] {processor.py:826} INFO - Processing file /home/soamariaka/.local/lib/python3.9/site-packages/airflow/example_dags/example_params_trigger_ui.py for tasks to queue
[2023-08-14T14:35:08.865+0300] {logging_mixin.py:150} INFO - [2023-08-14T14:35:08.865+0300] {dagbag.py:541} INFO - Filling up the DagBag from /home/soamariaka/.local/lib/python3.9/site-packages/airflow/example_dags/example_params_trigger_ui.py
[2023-08-14T14:35:08.896+0300] {processor.py:836} INFO - DAG(s) dict_keys(['example_params_trigger_ui']) retrieved from /home/soamariaka/.local/lib/python3.9/site-packages/airflow/example_dags/example_params_trigger_ui.py
[2023-08-14T14:35:08.971+0300] {logging_mixin.py:150} INFO - [2023-08-14T14:35:08.970+0300] {dag.py:2742} INFO - Sync 1 DAGs
[2023-08-14T14:35:09.021+0300] {logging_mixin.py:150} INFO - [2023-08-14T14:35:09.021+0300] {dag.py:3504} INFO - Setting next_dagrun for example_params_trigger_ui to None, run_after=None
[2023-08-14T14:35:09.279+0300] {processor.py:179} INFO - Processing /home/soamariaka/.local/lib/python3.9/site-packages/airflow/example_dags/example_params_trigger_ui.py took 0.424 seconds
[2023-08-14T14:36:54.557+0300] {processor.py:157} INFO - Started process (PID=18028) to work on /home/soamariaka/.local/lib/python3.9/site-packages/airflow/example_dags/example_params_trigger_ui.py
[2023-08-14T14:36:54.559+0300] {processor.py:826} INFO - Processing file /home/soamariaka/.local/lib/python3.9/site-packages/airflow/example_dags/example_params_trigger_ui.py for tasks to queue
[2023-08-14T14:36:54.560+0300] {logging_mixin.py:150} INFO - [2023-08-14T14:36:54.560+0300] {dagbag.py:541} INFO - Filling up the DagBag from /home/soamariaka/.local/lib/python3.9/site-packages/airflow/example_dags/example_params_trigger_ui.py
[2023-08-14T14:36:54.590+0300] {processor.py:836} INFO - DAG(s) dict_keys(['example_params_trigger_ui']) retrieved from /home/soamariaka/.local/lib/python3.9/site-packages/airflow/example_dags/example_params_trigger_ui.py
[2023-08-14T14:36:54.666+0300] {logging_mixin.py:150} INFO - [2023-08-14T14:36:54.666+0300] {dag.py:2742} INFO - Sync 1 DAGs
[2023-08-14T14:36:54.698+0300] {logging_mixin.py:150} INFO - [2023-08-14T14:36:54.698+0300] {dag.py:3504} INFO - Setting next_dagrun for example_params_trigger_ui to None, run_after=None
[2023-08-14T14:36:54.912+0300] {processor.py:179} INFO - Processing /home/soamariaka/.local/lib/python3.9/site-packages/airflow/example_dags/example_params_trigger_ui.py took 0.361 seconds
[2023-08-14T14:38:02.977+0300] {processor.py:157} INFO - Started process (PID=18186) to work on /home/soamariaka/.local/lib/python3.9/site-packages/airflow/example_dags/example_params_trigger_ui.py
[2023-08-14T14:38:02.979+0300] {processor.py:826} INFO - Processing file /home/soamariaka/.local/lib/python3.9/site-packages/airflow/example_dags/example_params_trigger_ui.py for tasks to queue
[2023-08-14T14:38:02.981+0300] {logging_mixin.py:150} INFO - [2023-08-14T14:38:02.980+0300] {dagbag.py:541} INFO - Filling up the DagBag from /home/soamariaka/.local/lib/python3.9/site-packages/airflow/example_dags/example_params_trigger_ui.py
[2023-08-14T14:38:03.011+0300] {processor.py:836} INFO - DAG(s) dict_keys(['example_params_trigger_ui']) retrieved from /home/soamariaka/.local/lib/python3.9/site-packages/airflow/example_dags/example_params_trigger_ui.py
[2023-08-14T14:38:03.087+0300] {logging_mixin.py:150} INFO - [2023-08-14T14:38:03.086+0300] {dag.py:2742} INFO - Sync 1 DAGs
[2023-08-14T14:38:03.117+0300] {logging_mixin.py:150} INFO - [2023-08-14T14:38:03.117+0300] {dag.py:3504} INFO - Setting next_dagrun for example_params_trigger_ui to None, run_after=None
[2023-08-14T14:38:03.280+0300] {processor.py:179} INFO - Processing /home/soamariaka/.local/lib/python3.9/site-packages/airflow/example_dags/example_params_trigger_ui.py took 0.308 seconds
[2023-08-14T14:39:08.372+0300] {processor.py:157} INFO - Started process (PID=18312) to work on /home/soamariaka/.local/lib/python3.9/site-packages/airflow/example_dags/example_params_trigger_ui.py
[2023-08-14T14:39:08.374+0300] {processor.py:826} INFO - Processing file /home/soamariaka/.local/lib/python3.9/site-packages/airflow/example_dags/example_params_trigger_ui.py for tasks to queue
[2023-08-14T14:39:08.377+0300] {logging_mixin.py:150} INFO - [2023-08-14T14:39:08.376+0300] {dagbag.py:541} INFO - Filling up the DagBag from /home/soamariaka/.local/lib/python3.9/site-packages/airflow/example_dags/example_params_trigger_ui.py
[2023-08-14T14:39:08.410+0300] {processor.py:836} INFO - DAG(s) dict_keys(['example_params_trigger_ui']) retrieved from /home/soamariaka/.local/lib/python3.9/site-packages/airflow/example_dags/example_params_trigger_ui.py
[2023-08-14T14:39:08.491+0300] {logging_mixin.py:150} INFO - [2023-08-14T14:39:08.490+0300] {dag.py:2742} INFO - Sync 1 DAGs
[2023-08-14T14:39:08.529+0300] {logging_mixin.py:150} INFO - [2023-08-14T14:39:08.528+0300] {dag.py:3504} INFO - Setting next_dagrun for example_params_trigger_ui to None, run_after=None
[2023-08-14T14:39:08.840+0300] {processor.py:179} INFO - Processing /home/soamariaka/.local/lib/python3.9/site-packages/airflow/example_dags/example_params_trigger_ui.py took 0.473 seconds
[2023-08-14T14:40:22.101+0300] {processor.py:157} INFO - Started process (PID=18525) to work on /home/soamariaka/.local/lib/python3.9/site-packages/airflow/example_dags/example_params_trigger_ui.py
[2023-08-14T14:40:22.103+0300] {processor.py:826} INFO - Processing file /home/soamariaka/.local/lib/python3.9/site-packages/airflow/example_dags/example_params_trigger_ui.py for tasks to queue
[2023-08-14T14:40:22.105+0300] {logging_mixin.py:150} INFO - [2023-08-14T14:40:22.104+0300] {dagbag.py:541} INFO - Filling up the DagBag from /home/soamariaka/.local/lib/python3.9/site-packages/airflow/example_dags/example_params_trigger_ui.py
[2023-08-14T14:40:22.144+0300] {processor.py:836} INFO - DAG(s) dict_keys(['example_params_trigger_ui']) retrieved from /home/soamariaka/.local/lib/python3.9/site-packages/airflow/example_dags/example_params_trigger_ui.py
[2023-08-14T14:40:22.239+0300] {logging_mixin.py:150} INFO - [2023-08-14T14:40:22.238+0300] {dag.py:2742} INFO - Sync 1 DAGs
[2023-08-14T14:40:22.294+0300] {logging_mixin.py:150} INFO - [2023-08-14T14:40:22.293+0300] {dag.py:3504} INFO - Setting next_dagrun for example_params_trigger_ui to None, run_after=None
[2023-08-14T14:40:24.275+0300] {processor.py:179} INFO - Processing /home/soamariaka/.local/lib/python3.9/site-packages/airflow/example_dags/example_params_trigger_ui.py took 2.180 seconds
