[2023-08-14T13:33:30.916+0300] {processor.py:157} INFO - Started process (PID=10787) to work on /home/soamariaka/.local/lib/python3.9/site-packages/airflow/example_dags/example_nested_branch_dag.py
[2023-08-14T13:33:30.917+0300] {processor.py:826} INFO - Processing file /home/soamariaka/.local/lib/python3.9/site-packages/airflow/example_dags/example_nested_branch_dag.py for tasks to queue
[2023-08-14T13:33:30.932+0300] {logging_mixin.py:150} INFO - [2023-08-14T13:33:30.931+0300] {dagbag.py:541} INFO - Filling up the DagBag from /home/soamariaka/.local/lib/python3.9/site-packages/airflow/example_dags/example_nested_branch_dag.py
[2023-08-14T13:33:30.950+0300] {processor.py:836} INFO - DAG(s) dict_keys(['example_nested_branch_dag']) retrieved from /home/soamariaka/.local/lib/python3.9/site-packages/airflow/example_dags/example_nested_branch_dag.py
[2023-08-14T13:33:30.985+0300] {logging_mixin.py:150} INFO - [2023-08-14T13:33:30.985+0300] {dag.py:2742} INFO - Sync 1 DAGs
[2023-08-14T13:33:31.019+0300] {logging_mixin.py:150} INFO - [2023-08-14T13:33:31.019+0300] {dag.py:3504} INFO - Setting next_dagrun for example_nested_branch_dag to 2023-08-13T00:00:00+00:00, run_after=2023-08-14T00:00:00+00:00
[2023-08-14T13:33:31.234+0300] {processor.py:179} INFO - Processing /home/soamariaka/.local/lib/python3.9/site-packages/airflow/example_dags/example_nested_branch_dag.py took 0.323 seconds
[2023-08-14T13:35:03.047+0300] {processor.py:157} INFO - Started process (PID=10981) to work on /home/soamariaka/.local/lib/python3.9/site-packages/airflow/example_dags/example_nested_branch_dag.py
[2023-08-14T13:35:03.069+0300] {processor.py:826} INFO - Processing file /home/soamariaka/.local/lib/python3.9/site-packages/airflow/example_dags/example_nested_branch_dag.py for tasks to queue
[2023-08-14T13:35:03.072+0300] {logging_mixin.py:150} INFO - [2023-08-14T13:35:03.071+0300] {dagbag.py:541} INFO - Filling up the DagBag from /home/soamariaka/.local/lib/python3.9/site-packages/airflow/example_dags/example_nested_branch_dag.py
[2023-08-14T13:35:03.097+0300] {processor.py:836} INFO - DAG(s) dict_keys(['example_nested_branch_dag']) retrieved from /home/soamariaka/.local/lib/python3.9/site-packages/airflow/example_dags/example_nested_branch_dag.py
[2023-08-14T13:35:03.144+0300] {logging_mixin.py:150} INFO - [2023-08-14T13:35:03.143+0300] {dag.py:2742} INFO - Sync 1 DAGs
[2023-08-14T13:35:03.187+0300] {logging_mixin.py:150} INFO - [2023-08-14T13:35:03.186+0300] {dag.py:3504} INFO - Setting next_dagrun for example_nested_branch_dag to 2023-08-13T00:00:00+00:00, run_after=2023-08-14T00:00:00+00:00
[2023-08-14T13:35:03.341+0300] {processor.py:179} INFO - Processing /home/soamariaka/.local/lib/python3.9/site-packages/airflow/example_dags/example_nested_branch_dag.py took 0.301 seconds
[2023-08-14T13:36:07.797+0300] {processor.py:157} INFO - Started process (PID=11078) to work on /home/soamariaka/.local/lib/python3.9/site-packages/airflow/example_dags/example_nested_branch_dag.py
[2023-08-14T13:36:07.799+0300] {processor.py:826} INFO - Processing file /home/soamariaka/.local/lib/python3.9/site-packages/airflow/example_dags/example_nested_branch_dag.py for tasks to queue
[2023-08-14T13:36:07.801+0300] {logging_mixin.py:150} INFO - [2023-08-14T13:36:07.800+0300] {dagbag.py:541} INFO - Filling up the DagBag from /home/soamariaka/.local/lib/python3.9/site-packages/airflow/example_dags/example_nested_branch_dag.py
[2023-08-14T13:36:07.818+0300] {processor.py:836} INFO - DAG(s) dict_keys(['example_nested_branch_dag']) retrieved from /home/soamariaka/.local/lib/python3.9/site-packages/airflow/example_dags/example_nested_branch_dag.py
[2023-08-14T13:36:07.851+0300] {logging_mixin.py:150} INFO - [2023-08-14T13:36:07.851+0300] {dag.py:2742} INFO - Sync 1 DAGs
[2023-08-14T13:36:07.893+0300] {logging_mixin.py:150} INFO - [2023-08-14T13:36:07.893+0300] {dag.py:3504} INFO - Setting next_dagrun for example_nested_branch_dag to 2023-08-13T00:00:00+00:00, run_after=2023-08-14T00:00:00+00:00
[2023-08-14T13:36:08.038+0300] {processor.py:179} INFO - Processing /home/soamariaka/.local/lib/python3.9/site-packages/airflow/example_dags/example_nested_branch_dag.py took 0.247 seconds
[2023-08-14T13:37:06.181+0300] {processor.py:157} INFO - Started process (PID=11145) to work on /home/soamariaka/.local/lib/python3.9/site-packages/airflow/example_dags/example_nested_branch_dag.py
[2023-08-14T13:37:06.183+0300] {processor.py:826} INFO - Processing file /home/soamariaka/.local/lib/python3.9/site-packages/airflow/example_dags/example_nested_branch_dag.py for tasks to queue
[2023-08-14T13:37:06.184+0300] {logging_mixin.py:150} INFO - [2023-08-14T13:37:06.183+0300] {dagbag.py:541} INFO - Filling up the DagBag from /home/soamariaka/.local/lib/python3.9/site-packages/airflow/example_dags/example_nested_branch_dag.py
[2023-08-14T13:37:06.198+0300] {processor.py:836} INFO - DAG(s) dict_keys(['example_nested_branch_dag']) retrieved from /home/soamariaka/.local/lib/python3.9/site-packages/airflow/example_dags/example_nested_branch_dag.py
[2023-08-14T13:37:06.225+0300] {logging_mixin.py:150} INFO - [2023-08-14T13:37:06.225+0300] {dag.py:2742} INFO - Sync 1 DAGs
[2023-08-14T13:37:06.259+0300] {logging_mixin.py:150} INFO - [2023-08-14T13:37:06.259+0300] {dag.py:3504} INFO - Setting next_dagrun for example_nested_branch_dag to 2023-08-13T00:00:00+00:00, run_after=2023-08-14T00:00:00+00:00
[2023-08-14T13:37:06.393+0300] {processor.py:179} INFO - Processing /home/soamariaka/.local/lib/python3.9/site-packages/airflow/example_dags/example_nested_branch_dag.py took 0.216 seconds
[2023-08-14T13:38:05.830+0300] {processor.py:157} INFO - Started process (PID=11262) to work on /home/soamariaka/.local/lib/python3.9/site-packages/airflow/example_dags/example_nested_branch_dag.py
[2023-08-14T13:38:05.833+0300] {processor.py:826} INFO - Processing file /home/soamariaka/.local/lib/python3.9/site-packages/airflow/example_dags/example_nested_branch_dag.py for tasks to queue
[2023-08-14T13:38:05.834+0300] {logging_mixin.py:150} INFO - [2023-08-14T13:38:05.833+0300] {dagbag.py:541} INFO - Filling up the DagBag from /home/soamariaka/.local/lib/python3.9/site-packages/airflow/example_dags/example_nested_branch_dag.py
[2023-08-14T13:38:05.857+0300] {processor.py:836} INFO - DAG(s) dict_keys(['example_nested_branch_dag']) retrieved from /home/soamariaka/.local/lib/python3.9/site-packages/airflow/example_dags/example_nested_branch_dag.py
[2023-08-14T13:38:05.904+0300] {logging_mixin.py:150} INFO - [2023-08-14T13:38:05.904+0300] {dag.py:2742} INFO - Sync 1 DAGs
[2023-08-14T13:38:05.961+0300] {logging_mixin.py:150} INFO - [2023-08-14T13:38:05.960+0300] {dag.py:3504} INFO - Setting next_dagrun for example_nested_branch_dag to 2023-08-13T00:00:00+00:00, run_after=2023-08-14T00:00:00+00:00
[2023-08-14T13:38:06.122+0300] {processor.py:179} INFO - Processing /home/soamariaka/.local/lib/python3.9/site-packages/airflow/example_dags/example_nested_branch_dag.py took 0.295 seconds
[2023-08-14T13:39:09.699+0300] {processor.py:157} INFO - Started process (PID=11415) to work on /home/soamariaka/.local/lib/python3.9/site-packages/airflow/example_dags/example_nested_branch_dag.py
[2023-08-14T13:39:09.701+0300] {processor.py:826} INFO - Processing file /home/soamariaka/.local/lib/python3.9/site-packages/airflow/example_dags/example_nested_branch_dag.py for tasks to queue
[2023-08-14T13:39:09.703+0300] {logging_mixin.py:150} INFO - [2023-08-14T13:39:09.702+0300] {dagbag.py:541} INFO - Filling up the DagBag from /home/soamariaka/.local/lib/python3.9/site-packages/airflow/example_dags/example_nested_branch_dag.py
[2023-08-14T13:39:09.727+0300] {processor.py:836} INFO - DAG(s) dict_keys(['example_nested_branch_dag']) retrieved from /home/soamariaka/.local/lib/python3.9/site-packages/airflow/example_dags/example_nested_branch_dag.py
[2023-08-14T13:39:09.761+0300] {logging_mixin.py:150} INFO - [2023-08-14T13:39:09.761+0300] {dag.py:2742} INFO - Sync 1 DAGs
[2023-08-14T13:39:09.806+0300] {logging_mixin.py:150} INFO - [2023-08-14T13:39:09.806+0300] {dag.py:3504} INFO - Setting next_dagrun for example_nested_branch_dag to 2023-08-13T00:00:00+00:00, run_after=2023-08-14T00:00:00+00:00
[2023-08-14T13:39:10.087+0300] {processor.py:179} INFO - Processing /home/soamariaka/.local/lib/python3.9/site-packages/airflow/example_dags/example_nested_branch_dag.py took 0.394 seconds
[2023-08-14T13:40:11.681+0300] {processor.py:157} INFO - Started process (PID=11486) to work on /home/soamariaka/.local/lib/python3.9/site-packages/airflow/example_dags/example_nested_branch_dag.py
[2023-08-14T13:40:11.683+0300] {processor.py:826} INFO - Processing file /home/soamariaka/.local/lib/python3.9/site-packages/airflow/example_dags/example_nested_branch_dag.py for tasks to queue
[2023-08-14T13:40:11.685+0300] {logging_mixin.py:150} INFO - [2023-08-14T13:40:11.684+0300] {dagbag.py:541} INFO - Filling up the DagBag from /home/soamariaka/.local/lib/python3.9/site-packages/airflow/example_dags/example_nested_branch_dag.py
[2023-08-14T13:40:11.704+0300] {processor.py:836} INFO - DAG(s) dict_keys(['example_nested_branch_dag']) retrieved from /home/soamariaka/.local/lib/python3.9/site-packages/airflow/example_dags/example_nested_branch_dag.py
[2023-08-14T13:40:11.737+0300] {logging_mixin.py:150} INFO - [2023-08-14T13:40:11.737+0300] {dag.py:2742} INFO - Sync 1 DAGs
[2023-08-14T13:40:11.786+0300] {logging_mixin.py:150} INFO - [2023-08-14T13:40:11.785+0300] {dag.py:3504} INFO - Setting next_dagrun for example_nested_branch_dag to 2023-08-13T00:00:00+00:00, run_after=2023-08-14T00:00:00+00:00
[2023-08-14T13:40:12.005+0300] {processor.py:179} INFO - Processing /home/soamariaka/.local/lib/python3.9/site-packages/airflow/example_dags/example_nested_branch_dag.py took 0.331 seconds
[2023-08-14T13:41:07.007+0300] {processor.py:157} INFO - Started process (PID=11569) to work on /home/soamariaka/.local/lib/python3.9/site-packages/airflow/example_dags/example_nested_branch_dag.py
[2023-08-14T13:41:07.009+0300] {processor.py:826} INFO - Processing file /home/soamariaka/.local/lib/python3.9/site-packages/airflow/example_dags/example_nested_branch_dag.py for tasks to queue
[2023-08-14T13:41:07.011+0300] {logging_mixin.py:150} INFO - [2023-08-14T13:41:07.010+0300] {dagbag.py:541} INFO - Filling up the DagBag from /home/soamariaka/.local/lib/python3.9/site-packages/airflow/example_dags/example_nested_branch_dag.py
[2023-08-14T13:41:07.025+0300] {processor.py:836} INFO - DAG(s) dict_keys(['example_nested_branch_dag']) retrieved from /home/soamariaka/.local/lib/python3.9/site-packages/airflow/example_dags/example_nested_branch_dag.py
[2023-08-14T13:41:07.052+0300] {logging_mixin.py:150} INFO - [2023-08-14T13:41:07.052+0300] {dag.py:2742} INFO - Sync 1 DAGs
[2023-08-14T13:41:07.086+0300] {logging_mixin.py:150} INFO - [2023-08-14T13:41:07.085+0300] {dag.py:3504} INFO - Setting next_dagrun for example_nested_branch_dag to 2023-08-13T00:00:00+00:00, run_after=2023-08-14T00:00:00+00:00
[2023-08-14T13:41:07.247+0300] {processor.py:179} INFO - Processing /home/soamariaka/.local/lib/python3.9/site-packages/airflow/example_dags/example_nested_branch_dag.py took 0.244 seconds
[2023-08-14T13:42:06.608+0300] {processor.py:157} INFO - Started process (PID=11619) to work on /home/soamariaka/.local/lib/python3.9/site-packages/airflow/example_dags/example_nested_branch_dag.py
[2023-08-14T13:42:06.610+0300] {processor.py:826} INFO - Processing file /home/soamariaka/.local/lib/python3.9/site-packages/airflow/example_dags/example_nested_branch_dag.py for tasks to queue
[2023-08-14T13:42:06.612+0300] {logging_mixin.py:150} INFO - [2023-08-14T13:42:06.611+0300] {dagbag.py:541} INFO - Filling up the DagBag from /home/soamariaka/.local/lib/python3.9/site-packages/airflow/example_dags/example_nested_branch_dag.py
[2023-08-14T13:42:06.630+0300] {processor.py:836} INFO - DAG(s) dict_keys(['example_nested_branch_dag']) retrieved from /home/soamariaka/.local/lib/python3.9/site-packages/airflow/example_dags/example_nested_branch_dag.py
[2023-08-14T13:42:06.659+0300] {logging_mixin.py:150} INFO - [2023-08-14T13:42:06.659+0300] {dag.py:2742} INFO - Sync 1 DAGs
[2023-08-14T13:42:06.702+0300] {logging_mixin.py:150} INFO - [2023-08-14T13:42:06.702+0300] {dag.py:3504} INFO - Setting next_dagrun for example_nested_branch_dag to 2023-08-13T00:00:00+00:00, run_after=2023-08-14T00:00:00+00:00
[2023-08-14T13:42:06.873+0300] {processor.py:179} INFO - Processing /home/soamariaka/.local/lib/python3.9/site-packages/airflow/example_dags/example_nested_branch_dag.py took 0.271 seconds
[2023-08-14T13:43:00.840+0300] {processor.py:157} INFO - Started process (PID=11670) to work on /home/soamariaka/.local/lib/python3.9/site-packages/airflow/example_dags/example_nested_branch_dag.py
[2023-08-14T13:43:00.902+0300] {processor.py:826} INFO - Processing file /home/soamariaka/.local/lib/python3.9/site-packages/airflow/example_dags/example_nested_branch_dag.py for tasks to queue
[2023-08-14T13:43:00.904+0300] {logging_mixin.py:150} INFO - [2023-08-14T13:43:00.903+0300] {dagbag.py:541} INFO - Filling up the DagBag from /home/soamariaka/.local/lib/python3.9/site-packages/airflow/example_dags/example_nested_branch_dag.py
[2023-08-14T13:43:00.923+0300] {processor.py:836} INFO - DAG(s) dict_keys(['example_nested_branch_dag']) retrieved from /home/soamariaka/.local/lib/python3.9/site-packages/airflow/example_dags/example_nested_branch_dag.py
[2023-08-14T13:43:00.957+0300] {logging_mixin.py:150} INFO - [2023-08-14T13:43:00.957+0300] {dag.py:2742} INFO - Sync 1 DAGs
[2023-08-14T13:43:00.993+0300] {logging_mixin.py:150} INFO - [2023-08-14T13:43:00.993+0300] {dag.py:3504} INFO - Setting next_dagrun for example_nested_branch_dag to 2023-08-13T00:00:00+00:00, run_after=2023-08-14T00:00:00+00:00
[2023-08-14T13:43:01.153+0300] {processor.py:179} INFO - Processing /home/soamariaka/.local/lib/python3.9/site-packages/airflow/example_dags/example_nested_branch_dag.py took 0.318 seconds
[2023-08-14T13:44:00.010+0300] {processor.py:157} INFO - Started process (PID=11751) to work on /home/soamariaka/.local/lib/python3.9/site-packages/airflow/example_dags/example_nested_branch_dag.py
[2023-08-14T13:44:00.012+0300] {processor.py:826} INFO - Processing file /home/soamariaka/.local/lib/python3.9/site-packages/airflow/example_dags/example_nested_branch_dag.py for tasks to queue
[2023-08-14T13:44:00.013+0300] {logging_mixin.py:150} INFO - [2023-08-14T13:44:00.013+0300] {dagbag.py:541} INFO - Filling up the DagBag from /home/soamariaka/.local/lib/python3.9/site-packages/airflow/example_dags/example_nested_branch_dag.py
[2023-08-14T13:44:00.032+0300] {processor.py:836} INFO - DAG(s) dict_keys(['example_nested_branch_dag']) retrieved from /home/soamariaka/.local/lib/python3.9/site-packages/airflow/example_dags/example_nested_branch_dag.py
[2023-08-14T13:44:00.067+0300] {logging_mixin.py:150} INFO - [2023-08-14T13:44:00.067+0300] {dag.py:2742} INFO - Sync 1 DAGs
[2023-08-14T13:44:00.100+0300] {logging_mixin.py:150} INFO - [2023-08-14T13:44:00.100+0300] {dag.py:3504} INFO - Setting next_dagrun for example_nested_branch_dag to 2023-08-13T00:00:00+00:00, run_after=2023-08-14T00:00:00+00:00
[2023-08-14T13:44:00.244+0300] {processor.py:179} INFO - Processing /home/soamariaka/.local/lib/python3.9/site-packages/airflow/example_dags/example_nested_branch_dag.py took 0.239 seconds
[2023-08-14T13:45:05.878+0300] {processor.py:157} INFO - Started process (PID=11826) to work on /home/soamariaka/.local/lib/python3.9/site-packages/airflow/example_dags/example_nested_branch_dag.py
[2023-08-14T13:45:05.882+0300] {processor.py:826} INFO - Processing file /home/soamariaka/.local/lib/python3.9/site-packages/airflow/example_dags/example_nested_branch_dag.py for tasks to queue
[2023-08-14T13:45:05.883+0300] {logging_mixin.py:150} INFO - [2023-08-14T13:45:05.883+0300] {dagbag.py:541} INFO - Filling up the DagBag from /home/soamariaka/.local/lib/python3.9/site-packages/airflow/example_dags/example_nested_branch_dag.py
[2023-08-14T13:45:05.904+0300] {processor.py:836} INFO - DAG(s) dict_keys(['example_nested_branch_dag']) retrieved from /home/soamariaka/.local/lib/python3.9/site-packages/airflow/example_dags/example_nested_branch_dag.py
[2023-08-14T13:45:05.932+0300] {logging_mixin.py:150} INFO - [2023-08-14T13:45:05.932+0300] {dag.py:2742} INFO - Sync 1 DAGs
[2023-08-14T13:45:05.967+0300] {logging_mixin.py:150} INFO - [2023-08-14T13:45:05.966+0300] {dag.py:3504} INFO - Setting next_dagrun for example_nested_branch_dag to 2023-08-13T00:00:00+00:00, run_after=2023-08-14T00:00:00+00:00
[2023-08-14T13:45:06.262+0300] {processor.py:179} INFO - Processing /home/soamariaka/.local/lib/python3.9/site-packages/airflow/example_dags/example_nested_branch_dag.py took 0.390 seconds
[2023-08-14T13:46:09.864+0300] {processor.py:157} INFO - Started process (PID=11918) to work on /home/soamariaka/.local/lib/python3.9/site-packages/airflow/example_dags/example_nested_branch_dag.py
[2023-08-14T13:46:09.892+0300] {processor.py:826} INFO - Processing file /home/soamariaka/.local/lib/python3.9/site-packages/airflow/example_dags/example_nested_branch_dag.py for tasks to queue
[2023-08-14T13:46:09.893+0300] {logging_mixin.py:150} INFO - [2023-08-14T13:46:09.893+0300] {dagbag.py:541} INFO - Filling up the DagBag from /home/soamariaka/.local/lib/python3.9/site-packages/airflow/example_dags/example_nested_branch_dag.py
[2023-08-14T13:46:09.912+0300] {processor.py:836} INFO - DAG(s) dict_keys(['example_nested_branch_dag']) retrieved from /home/soamariaka/.local/lib/python3.9/site-packages/airflow/example_dags/example_nested_branch_dag.py
[2023-08-14T13:46:09.945+0300] {logging_mixin.py:150} INFO - [2023-08-14T13:46:09.945+0300] {dag.py:2742} INFO - Sync 1 DAGs
[2023-08-14T13:46:09.979+0300] {logging_mixin.py:150} INFO - [2023-08-14T13:46:09.979+0300] {dag.py:3504} INFO - Setting next_dagrun for example_nested_branch_dag to 2023-08-13T00:00:00+00:00, run_after=2023-08-14T00:00:00+00:00
[2023-08-14T13:46:10.250+0300] {processor.py:179} INFO - Processing /home/soamariaka/.local/lib/python3.9/site-packages/airflow/example_dags/example_nested_branch_dag.py took 0.391 seconds
[2023-08-14T13:47:13.397+0300] {processor.py:157} INFO - Started process (PID=11975) to work on /home/soamariaka/.local/lib/python3.9/site-packages/airflow/example_dags/example_nested_branch_dag.py
[2023-08-14T13:47:13.430+0300] {processor.py:826} INFO - Processing file /home/soamariaka/.local/lib/python3.9/site-packages/airflow/example_dags/example_nested_branch_dag.py for tasks to queue
[2023-08-14T13:47:13.432+0300] {logging_mixin.py:150} INFO - [2023-08-14T13:47:13.431+0300] {dagbag.py:541} INFO - Filling up the DagBag from /home/soamariaka/.local/lib/python3.9/site-packages/airflow/example_dags/example_nested_branch_dag.py
[2023-08-14T13:47:13.450+0300] {processor.py:836} INFO - DAG(s) dict_keys(['example_nested_branch_dag']) retrieved from /home/soamariaka/.local/lib/python3.9/site-packages/airflow/example_dags/example_nested_branch_dag.py
[2023-08-14T13:47:13.483+0300] {logging_mixin.py:150} INFO - [2023-08-14T13:47:13.483+0300] {dag.py:2742} INFO - Sync 1 DAGs
[2023-08-14T13:47:13.516+0300] {logging_mixin.py:150} INFO - [2023-08-14T13:47:13.516+0300] {dag.py:3504} INFO - Setting next_dagrun for example_nested_branch_dag to 2023-08-13T00:00:00+00:00, run_after=2023-08-14T00:00:00+00:00
[2023-08-14T13:47:13.663+0300] {processor.py:179} INFO - Processing /home/soamariaka/.local/lib/python3.9/site-packages/airflow/example_dags/example_nested_branch_dag.py took 0.270 seconds
[2023-08-14T13:48:15.998+0300] {processor.py:157} INFO - Started process (PID=12036) to work on /home/soamariaka/.local/lib/python3.9/site-packages/airflow/example_dags/example_nested_branch_dag.py
[2023-08-14T13:48:15.999+0300] {processor.py:826} INFO - Processing file /home/soamariaka/.local/lib/python3.9/site-packages/airflow/example_dags/example_nested_branch_dag.py for tasks to queue
[2023-08-14T13:48:16.001+0300] {logging_mixin.py:150} INFO - [2023-08-14T13:48:16.000+0300] {dagbag.py:541} INFO - Filling up the DagBag from /home/soamariaka/.local/lib/python3.9/site-packages/airflow/example_dags/example_nested_branch_dag.py
[2023-08-14T13:48:16.019+0300] {processor.py:836} INFO - DAG(s) dict_keys(['example_nested_branch_dag']) retrieved from /home/soamariaka/.local/lib/python3.9/site-packages/airflow/example_dags/example_nested_branch_dag.py
[2023-08-14T13:48:16.047+0300] {logging_mixin.py:150} INFO - [2023-08-14T13:48:16.047+0300] {dag.py:2742} INFO - Sync 1 DAGs
[2023-08-14T13:48:16.081+0300] {logging_mixin.py:150} INFO - [2023-08-14T13:48:16.080+0300] {dag.py:3504} INFO - Setting next_dagrun for example_nested_branch_dag to 2023-08-13T00:00:00+00:00, run_after=2023-08-14T00:00:00+00:00
[2023-08-14T13:48:16.302+0300] {processor.py:179} INFO - Processing /home/soamariaka/.local/lib/python3.9/site-packages/airflow/example_dags/example_nested_branch_dag.py took 0.310 seconds
[2023-08-14T13:49:17.812+0300] {processor.py:157} INFO - Started process (PID=12126) to work on /home/soamariaka/.local/lib/python3.9/site-packages/airflow/example_dags/example_nested_branch_dag.py
[2023-08-14T13:49:17.822+0300] {processor.py:826} INFO - Processing file /home/soamariaka/.local/lib/python3.9/site-packages/airflow/example_dags/example_nested_branch_dag.py for tasks to queue
[2023-08-14T13:49:17.823+0300] {logging_mixin.py:150} INFO - [2023-08-14T13:49:17.823+0300] {dagbag.py:541} INFO - Filling up the DagBag from /home/soamariaka/.local/lib/python3.9/site-packages/airflow/example_dags/example_nested_branch_dag.py
[2023-08-14T13:49:17.838+0300] {processor.py:836} INFO - DAG(s) dict_keys(['example_nested_branch_dag']) retrieved from /home/soamariaka/.local/lib/python3.9/site-packages/airflow/example_dags/example_nested_branch_dag.py
[2023-08-14T13:49:17.865+0300] {logging_mixin.py:150} INFO - [2023-08-14T13:49:17.865+0300] {dag.py:2742} INFO - Sync 1 DAGs
[2023-08-14T13:49:17.898+0300] {logging_mixin.py:150} INFO - [2023-08-14T13:49:17.898+0300] {dag.py:3504} INFO - Setting next_dagrun for example_nested_branch_dag to 2023-08-13T00:00:00+00:00, run_after=2023-08-14T00:00:00+00:00
[2023-08-14T13:49:18.291+0300] {processor.py:179} INFO - Processing /home/soamariaka/.local/lib/python3.9/site-packages/airflow/example_dags/example_nested_branch_dag.py took 0.483 seconds
[2023-08-14T13:50:20.905+0300] {processor.py:157} INFO - Started process (PID=12201) to work on /home/soamariaka/.local/lib/python3.9/site-packages/airflow/example_dags/example_nested_branch_dag.py
[2023-08-14T13:50:20.954+0300] {processor.py:826} INFO - Processing file /home/soamariaka/.local/lib/python3.9/site-packages/airflow/example_dags/example_nested_branch_dag.py for tasks to queue
[2023-08-14T13:50:20.972+0300] {logging_mixin.py:150} INFO - [2023-08-14T13:50:20.972+0300] {dagbag.py:541} INFO - Filling up the DagBag from /home/soamariaka/.local/lib/python3.9/site-packages/airflow/example_dags/example_nested_branch_dag.py
[2023-08-14T13:50:20.987+0300] {processor.py:836} INFO - DAG(s) dict_keys(['example_nested_branch_dag']) retrieved from /home/soamariaka/.local/lib/python3.9/site-packages/airflow/example_dags/example_nested_branch_dag.py
[2023-08-14T13:50:21.013+0300] {logging_mixin.py:150} INFO - [2023-08-14T13:50:21.013+0300] {dag.py:2742} INFO - Sync 1 DAGs
[2023-08-14T13:50:21.047+0300] {logging_mixin.py:150} INFO - [2023-08-14T13:50:21.046+0300] {dag.py:3504} INFO - Setting next_dagrun for example_nested_branch_dag to 2023-08-13T00:00:00+00:00, run_after=2023-08-14T00:00:00+00:00
[2023-08-14T13:50:21.290+0300] {processor.py:179} INFO - Processing /home/soamariaka/.local/lib/python3.9/site-packages/airflow/example_dags/example_nested_branch_dag.py took 0.392 seconds
[2023-08-14T13:51:28.232+0300] {processor.py:157} INFO - Started process (PID=12294) to work on /home/soamariaka/.local/lib/python3.9/site-packages/airflow/example_dags/example_nested_branch_dag.py
[2023-08-14T13:51:28.233+0300] {processor.py:826} INFO - Processing file /home/soamariaka/.local/lib/python3.9/site-packages/airflow/example_dags/example_nested_branch_dag.py for tasks to queue
[2023-08-14T13:51:28.235+0300] {logging_mixin.py:150} INFO - [2023-08-14T13:51:28.234+0300] {dagbag.py:541} INFO - Filling up the DagBag from /home/soamariaka/.local/lib/python3.9/site-packages/airflow/example_dags/example_nested_branch_dag.py
[2023-08-14T13:51:28.254+0300] {processor.py:836} INFO - DAG(s) dict_keys(['example_nested_branch_dag']) retrieved from /home/soamariaka/.local/lib/python3.9/site-packages/airflow/example_dags/example_nested_branch_dag.py
[2023-08-14T13:51:28.298+0300] {logging_mixin.py:150} INFO - [2023-08-14T13:51:28.298+0300] {dag.py:2742} INFO - Sync 1 DAGs
[2023-08-14T13:51:28.334+0300] {logging_mixin.py:150} INFO - [2023-08-14T13:51:28.334+0300] {dag.py:3504} INFO - Setting next_dagrun for example_nested_branch_dag to 2023-08-13T00:00:00+00:00, run_after=2023-08-14T00:00:00+00:00
[2023-08-14T13:51:28.491+0300] {processor.py:179} INFO - Processing /home/soamariaka/.local/lib/python3.9/site-packages/airflow/example_dags/example_nested_branch_dag.py took 0.266 seconds
[2023-08-14T13:52:29.338+0300] {processor.py:157} INFO - Started process (PID=12352) to work on /home/soamariaka/.local/lib/python3.9/site-packages/airflow/example_dags/example_nested_branch_dag.py
[2023-08-14T13:52:29.353+0300] {processor.py:826} INFO - Processing file /home/soamariaka/.local/lib/python3.9/site-packages/airflow/example_dags/example_nested_branch_dag.py for tasks to queue
[2023-08-14T13:52:29.354+0300] {logging_mixin.py:150} INFO - [2023-08-14T13:52:29.354+0300] {dagbag.py:541} INFO - Filling up the DagBag from /home/soamariaka/.local/lib/python3.9/site-packages/airflow/example_dags/example_nested_branch_dag.py
[2023-08-14T13:52:29.373+0300] {processor.py:836} INFO - DAG(s) dict_keys(['example_nested_branch_dag']) retrieved from /home/soamariaka/.local/lib/python3.9/site-packages/airflow/example_dags/example_nested_branch_dag.py
[2023-08-14T13:52:29.404+0300] {logging_mixin.py:150} INFO - [2023-08-14T13:52:29.404+0300] {dag.py:2742} INFO - Sync 1 DAGs
[2023-08-14T13:52:29.438+0300] {logging_mixin.py:150} INFO - [2023-08-14T13:52:29.437+0300] {dag.py:3504} INFO - Setting next_dagrun for example_nested_branch_dag to 2023-08-13T00:00:00+00:00, run_after=2023-08-14T00:00:00+00:00
[2023-08-14T13:52:29.562+0300] {processor.py:179} INFO - Processing /home/soamariaka/.local/lib/python3.9/site-packages/airflow/example_dags/example_nested_branch_dag.py took 0.230 seconds
[2023-08-14T13:53:33.444+0300] {processor.py:157} INFO - Started process (PID=12413) to work on /home/soamariaka/.local/lib/python3.9/site-packages/airflow/example_dags/example_nested_branch_dag.py
[2023-08-14T13:53:33.446+0300] {processor.py:826} INFO - Processing file /home/soamariaka/.local/lib/python3.9/site-packages/airflow/example_dags/example_nested_branch_dag.py for tasks to queue
[2023-08-14T13:53:33.448+0300] {logging_mixin.py:150} INFO - [2023-08-14T13:53:33.447+0300] {dagbag.py:541} INFO - Filling up the DagBag from /home/soamariaka/.local/lib/python3.9/site-packages/airflow/example_dags/example_nested_branch_dag.py
[2023-08-14T13:53:33.466+0300] {processor.py:836} INFO - DAG(s) dict_keys(['example_nested_branch_dag']) retrieved from /home/soamariaka/.local/lib/python3.9/site-packages/airflow/example_dags/example_nested_branch_dag.py
[2023-08-14T13:53:33.495+0300] {logging_mixin.py:150} INFO - [2023-08-14T13:53:33.495+0300] {dag.py:2742} INFO - Sync 1 DAGs
[2023-08-14T13:53:33.530+0300] {logging_mixin.py:150} INFO - [2023-08-14T13:53:33.529+0300] {dag.py:3504} INFO - Setting next_dagrun for example_nested_branch_dag to 2023-08-13T00:00:00+00:00, run_after=2023-08-14T00:00:00+00:00
[2023-08-14T13:53:33.664+0300] {processor.py:179} INFO - Processing /home/soamariaka/.local/lib/python3.9/site-packages/airflow/example_dags/example_nested_branch_dag.py took 0.225 seconds
[2023-08-14T13:54:38.192+0300] {processor.py:157} INFO - Started process (PID=12469) to work on /home/soamariaka/.local/lib/python3.9/site-packages/airflow/example_dags/example_nested_branch_dag.py
[2023-08-14T13:54:38.193+0300] {processor.py:826} INFO - Processing file /home/soamariaka/.local/lib/python3.9/site-packages/airflow/example_dags/example_nested_branch_dag.py for tasks to queue
[2023-08-14T13:54:38.195+0300] {logging_mixin.py:150} INFO - [2023-08-14T13:54:38.194+0300] {dagbag.py:541} INFO - Filling up the DagBag from /home/soamariaka/.local/lib/python3.9/site-packages/airflow/example_dags/example_nested_branch_dag.py
[2023-08-14T13:54:38.213+0300] {processor.py:836} INFO - DAG(s) dict_keys(['example_nested_branch_dag']) retrieved from /home/soamariaka/.local/lib/python3.9/site-packages/airflow/example_dags/example_nested_branch_dag.py
[2023-08-14T13:54:38.243+0300] {logging_mixin.py:150} INFO - [2023-08-14T13:54:38.242+0300] {dag.py:2742} INFO - Sync 1 DAGs
[2023-08-14T13:54:38.276+0300] {logging_mixin.py:150} INFO - [2023-08-14T13:54:38.275+0300] {dag.py:3504} INFO - Setting next_dagrun for example_nested_branch_dag to 2023-08-13T00:00:00+00:00, run_after=2023-08-14T00:00:00+00:00
[2023-08-14T13:54:38.540+0300] {processor.py:179} INFO - Processing /home/soamariaka/.local/lib/python3.9/site-packages/airflow/example_dags/example_nested_branch_dag.py took 0.354 seconds
[2023-08-14T13:55:47.024+0300] {processor.py:157} INFO - Started process (PID=12583) to work on /home/soamariaka/.local/lib/python3.9/site-packages/airflow/example_dags/example_nested_branch_dag.py
[2023-08-14T13:55:47.026+0300] {processor.py:826} INFO - Processing file /home/soamariaka/.local/lib/python3.9/site-packages/airflow/example_dags/example_nested_branch_dag.py for tasks to queue
[2023-08-14T13:55:47.027+0300] {logging_mixin.py:150} INFO - [2023-08-14T13:55:47.027+0300] {dagbag.py:541} INFO - Filling up the DagBag from /home/soamariaka/.local/lib/python3.9/site-packages/airflow/example_dags/example_nested_branch_dag.py
[2023-08-14T13:55:47.045+0300] {processor.py:836} INFO - DAG(s) dict_keys(['example_nested_branch_dag']) retrieved from /home/soamariaka/.local/lib/python3.9/site-packages/airflow/example_dags/example_nested_branch_dag.py
[2023-08-14T13:55:47.072+0300] {logging_mixin.py:150} INFO - [2023-08-14T13:55:47.072+0300] {dag.py:2742} INFO - Sync 1 DAGs
[2023-08-14T13:55:47.115+0300] {logging_mixin.py:150} INFO - [2023-08-14T13:55:47.115+0300] {dag.py:3504} INFO - Setting next_dagrun for example_nested_branch_dag to 2023-08-13T00:00:00+00:00, run_after=2023-08-14T00:00:00+00:00
[2023-08-14T13:55:47.300+0300] {processor.py:179} INFO - Processing /home/soamariaka/.local/lib/python3.9/site-packages/airflow/example_dags/example_nested_branch_dag.py took 0.281 seconds
[2023-08-14T13:56:52.264+0300] {processor.py:157} INFO - Started process (PID=12667) to work on /home/soamariaka/.local/lib/python3.9/site-packages/airflow/example_dags/example_nested_branch_dag.py
[2023-08-14T13:56:52.266+0300] {processor.py:826} INFO - Processing file /home/soamariaka/.local/lib/python3.9/site-packages/airflow/example_dags/example_nested_branch_dag.py for tasks to queue
[2023-08-14T13:56:52.267+0300] {logging_mixin.py:150} INFO - [2023-08-14T13:56:52.267+0300] {dagbag.py:541} INFO - Filling up the DagBag from /home/soamariaka/.local/lib/python3.9/site-packages/airflow/example_dags/example_nested_branch_dag.py
[2023-08-14T13:56:52.285+0300] {processor.py:836} INFO - DAG(s) dict_keys(['example_nested_branch_dag']) retrieved from /home/soamariaka/.local/lib/python3.9/site-packages/airflow/example_dags/example_nested_branch_dag.py
[2023-08-14T13:56:52.319+0300] {logging_mixin.py:150} INFO - [2023-08-14T13:56:52.318+0300] {dag.py:2742} INFO - Sync 1 DAGs
[2023-08-14T13:56:52.380+0300] {logging_mixin.py:150} INFO - [2023-08-14T13:56:52.380+0300] {dag.py:3504} INFO - Setting next_dagrun for example_nested_branch_dag to 2023-08-13T00:00:00+00:00, run_after=2023-08-14T00:00:00+00:00
[2023-08-14T13:56:52.599+0300] {processor.py:179} INFO - Processing /home/soamariaka/.local/lib/python3.9/site-packages/airflow/example_dags/example_nested_branch_dag.py took 0.341 seconds
[2023-08-14T13:57:59.806+0300] {processor.py:157} INFO - Started process (PID=12727) to work on /home/soamariaka/.local/lib/python3.9/site-packages/airflow/example_dags/example_nested_branch_dag.py
[2023-08-14T13:57:59.808+0300] {processor.py:826} INFO - Processing file /home/soamariaka/.local/lib/python3.9/site-packages/airflow/example_dags/example_nested_branch_dag.py for tasks to queue
[2023-08-14T13:57:59.810+0300] {logging_mixin.py:150} INFO - [2023-08-14T13:57:59.809+0300] {dagbag.py:541} INFO - Filling up the DagBag from /home/soamariaka/.local/lib/python3.9/site-packages/airflow/example_dags/example_nested_branch_dag.py
[2023-08-14T13:57:59.828+0300] {processor.py:836} INFO - DAG(s) dict_keys(['example_nested_branch_dag']) retrieved from /home/soamariaka/.local/lib/python3.9/site-packages/airflow/example_dags/example_nested_branch_dag.py
[2023-08-14T13:57:59.856+0300] {logging_mixin.py:150} INFO - [2023-08-14T13:57:59.856+0300] {dag.py:2742} INFO - Sync 1 DAGs
[2023-08-14T13:57:59.890+0300] {logging_mixin.py:150} INFO - [2023-08-14T13:57:59.889+0300] {dag.py:3504} INFO - Setting next_dagrun for example_nested_branch_dag to 2023-08-13T00:00:00+00:00, run_after=2023-08-14T00:00:00+00:00
[2023-08-14T13:58:00.150+0300] {processor.py:179} INFO - Processing /home/soamariaka/.local/lib/python3.9/site-packages/airflow/example_dags/example_nested_branch_dag.py took 0.350 seconds
[2023-08-14T13:59:03.453+0300] {processor.py:157} INFO - Started process (PID=12818) to work on /home/soamariaka/.local/lib/python3.9/site-packages/airflow/example_dags/example_nested_branch_dag.py
[2023-08-14T13:59:03.517+0300] {processor.py:826} INFO - Processing file /home/soamariaka/.local/lib/python3.9/site-packages/airflow/example_dags/example_nested_branch_dag.py for tasks to queue
[2023-08-14T13:59:03.519+0300] {logging_mixin.py:150} INFO - [2023-08-14T13:59:03.518+0300] {dagbag.py:541} INFO - Filling up the DagBag from /home/soamariaka/.local/lib/python3.9/site-packages/airflow/example_dags/example_nested_branch_dag.py
[2023-08-14T13:59:03.538+0300] {processor.py:836} INFO - DAG(s) dict_keys(['example_nested_branch_dag']) retrieved from /home/soamariaka/.local/lib/python3.9/site-packages/airflow/example_dags/example_nested_branch_dag.py
[2023-08-14T13:59:03.572+0300] {logging_mixin.py:150} INFO - [2023-08-14T13:59:03.572+0300] {dag.py:2742} INFO - Sync 1 DAGs
[2023-08-14T13:59:03.609+0300] {logging_mixin.py:150} INFO - [2023-08-14T13:59:03.609+0300] {dag.py:3504} INFO - Setting next_dagrun for example_nested_branch_dag to 2023-08-13T00:00:00+00:00, run_after=2023-08-14T00:00:00+00:00
[2023-08-14T13:59:03.783+0300] {processor.py:179} INFO - Processing /home/soamariaka/.local/lib/python3.9/site-packages/airflow/example_dags/example_nested_branch_dag.py took 0.336 seconds
[2023-08-14T14:00:06.311+0300] {processor.py:157} INFO - Started process (PID=12904) to work on /home/soamariaka/.local/lib/python3.9/site-packages/airflow/example_dags/example_nested_branch_dag.py
[2023-08-14T14:00:06.313+0300] {processor.py:826} INFO - Processing file /home/soamariaka/.local/lib/python3.9/site-packages/airflow/example_dags/example_nested_branch_dag.py for tasks to queue
[2023-08-14T14:00:06.314+0300] {logging_mixin.py:150} INFO - [2023-08-14T14:00:06.314+0300] {dagbag.py:541} INFO - Filling up the DagBag from /home/soamariaka/.local/lib/python3.9/site-packages/airflow/example_dags/example_nested_branch_dag.py
[2023-08-14T14:00:06.332+0300] {processor.py:836} INFO - DAG(s) dict_keys(['example_nested_branch_dag']) retrieved from /home/soamariaka/.local/lib/python3.9/site-packages/airflow/example_dags/example_nested_branch_dag.py
[2023-08-14T14:00:06.368+0300] {logging_mixin.py:150} INFO - [2023-08-14T14:00:06.367+0300] {dag.py:2742} INFO - Sync 1 DAGs
[2023-08-14T14:00:06.401+0300] {logging_mixin.py:150} INFO - [2023-08-14T14:00:06.401+0300] {dag.py:3504} INFO - Setting next_dagrun for example_nested_branch_dag to 2023-08-13T00:00:00+00:00, run_after=2023-08-14T00:00:00+00:00
[2023-08-14T14:00:06.561+0300] {processor.py:179} INFO - Processing /home/soamariaka/.local/lib/python3.9/site-packages/airflow/example_dags/example_nested_branch_dag.py took 0.255 seconds
[2023-08-14T14:01:07.744+0300] {processor.py:157} INFO - Started process (PID=12961) to work on /home/soamariaka/.local/lib/python3.9/site-packages/airflow/example_dags/example_nested_branch_dag.py
[2023-08-14T14:01:07.745+0300] {processor.py:826} INFO - Processing file /home/soamariaka/.local/lib/python3.9/site-packages/airflow/example_dags/example_nested_branch_dag.py for tasks to queue
[2023-08-14T14:01:07.747+0300] {logging_mixin.py:150} INFO - [2023-08-14T14:01:07.746+0300] {dagbag.py:541} INFO - Filling up the DagBag from /home/soamariaka/.local/lib/python3.9/site-packages/airflow/example_dags/example_nested_branch_dag.py
[2023-08-14T14:01:07.765+0300] {processor.py:836} INFO - DAG(s) dict_keys(['example_nested_branch_dag']) retrieved from /home/soamariaka/.local/lib/python3.9/site-packages/airflow/example_dags/example_nested_branch_dag.py
[2023-08-14T14:01:07.806+0300] {logging_mixin.py:150} INFO - [2023-08-14T14:01:07.806+0300] {dag.py:2742} INFO - Sync 1 DAGs
[2023-08-14T14:01:07.844+0300] {logging_mixin.py:150} INFO - [2023-08-14T14:01:07.843+0300] {dag.py:3504} INFO - Setting next_dagrun for example_nested_branch_dag to 2023-08-13T00:00:00+00:00, run_after=2023-08-14T00:00:00+00:00
[2023-08-14T14:01:08.014+0300] {processor.py:179} INFO - Processing /home/soamariaka/.local/lib/python3.9/site-packages/airflow/example_dags/example_nested_branch_dag.py took 0.275 seconds
[2023-08-14T14:03:30.724+0300] {processor.py:157} INFO - Started process (PID=13650) to work on /home/soamariaka/.local/lib/python3.9/site-packages/airflow/example_dags/example_nested_branch_dag.py
[2023-08-14T14:03:30.758+0300] {processor.py:826} INFO - Processing file /home/soamariaka/.local/lib/python3.9/site-packages/airflow/example_dags/example_nested_branch_dag.py for tasks to queue
[2023-08-14T14:03:30.760+0300] {logging_mixin.py:150} INFO - [2023-08-14T14:03:30.760+0300] {dagbag.py:541} INFO - Filling up the DagBag from /home/soamariaka/.local/lib/python3.9/site-packages/airflow/example_dags/example_nested_branch_dag.py
[2023-08-14T14:03:30.825+0300] {processor.py:836} INFO - DAG(s) dict_keys(['example_nested_branch_dag']) retrieved from /home/soamariaka/.local/lib/python3.9/site-packages/airflow/example_dags/example_nested_branch_dag.py
[2023-08-14T14:03:30.876+0300] {logging_mixin.py:150} INFO - [2023-08-14T14:03:30.876+0300] {dag.py:2742} INFO - Sync 1 DAGs
[2023-08-14T14:03:30.916+0300] {logging_mixin.py:150} INFO - [2023-08-14T14:03:30.916+0300] {dag.py:3504} INFO - Setting next_dagrun for example_nested_branch_dag to 2023-08-13T00:00:00+00:00, run_after=2023-08-14T00:00:00+00:00
[2023-08-14T14:03:32.123+0300] {processor.py:179} INFO - Processing /home/soamariaka/.local/lib/python3.9/site-packages/airflow/example_dags/example_nested_branch_dag.py took 1.404 seconds
[2023-08-14T14:05:27.528+0300] {processor.py:157} INFO - Started process (PID=13787) to work on /home/soamariaka/.local/lib/python3.9/site-packages/airflow/example_dags/example_nested_branch_dag.py
[2023-08-14T14:05:27.530+0300] {processor.py:826} INFO - Processing file /home/soamariaka/.local/lib/python3.9/site-packages/airflow/example_dags/example_nested_branch_dag.py for tasks to queue
[2023-08-14T14:05:27.531+0300] {logging_mixin.py:150} INFO - [2023-08-14T14:05:27.531+0300] {dagbag.py:541} INFO - Filling up the DagBag from /home/soamariaka/.local/lib/python3.9/site-packages/airflow/example_dags/example_nested_branch_dag.py
[2023-08-14T14:05:27.550+0300] {processor.py:836} INFO - DAG(s) dict_keys(['example_nested_branch_dag']) retrieved from /home/soamariaka/.local/lib/python3.9/site-packages/airflow/example_dags/example_nested_branch_dag.py
[2023-08-14T14:05:27.579+0300] {logging_mixin.py:150} INFO - [2023-08-14T14:05:27.579+0300] {dag.py:2742} INFO - Sync 1 DAGs
[2023-08-14T14:05:27.613+0300] {logging_mixin.py:150} INFO - [2023-08-14T14:05:27.613+0300] {dag.py:3504} INFO - Setting next_dagrun for example_nested_branch_dag to 2023-08-13T00:00:00+00:00, run_after=2023-08-14T00:00:00+00:00
[2023-08-14T14:05:27.970+0300] {processor.py:179} INFO - Processing /home/soamariaka/.local/lib/python3.9/site-packages/airflow/example_dags/example_nested_branch_dag.py took 0.448 seconds
[2023-08-14T14:06:51.433+0300] {processor.py:157} INFO - Started process (PID=13869) to work on /home/soamariaka/.local/lib/python3.9/site-packages/airflow/example_dags/example_nested_branch_dag.py
[2023-08-14T14:06:51.465+0300] {processor.py:826} INFO - Processing file /home/soamariaka/.local/lib/python3.9/site-packages/airflow/example_dags/example_nested_branch_dag.py for tasks to queue
[2023-08-14T14:06:51.467+0300] {logging_mixin.py:150} INFO - [2023-08-14T14:06:51.466+0300] {dagbag.py:541} INFO - Filling up the DagBag from /home/soamariaka/.local/lib/python3.9/site-packages/airflow/example_dags/example_nested_branch_dag.py
[2023-08-14T14:06:51.484+0300] {processor.py:836} INFO - DAG(s) dict_keys(['example_nested_branch_dag']) retrieved from /home/soamariaka/.local/lib/python3.9/site-packages/airflow/example_dags/example_nested_branch_dag.py
[2023-08-14T14:06:51.516+0300] {logging_mixin.py:150} INFO - [2023-08-14T14:06:51.516+0300] {dag.py:2742} INFO - Sync 1 DAGs
[2023-08-14T14:06:51.551+0300] {logging_mixin.py:150} INFO - [2023-08-14T14:06:51.550+0300] {dag.py:3504} INFO - Setting next_dagrun for example_nested_branch_dag to 2023-08-13T00:00:00+00:00, run_after=2023-08-14T00:00:00+00:00
[2023-08-14T14:06:51.667+0300] {processor.py:179} INFO - Processing /home/soamariaka/.local/lib/python3.9/site-packages/airflow/example_dags/example_nested_branch_dag.py took 0.239 seconds
[2023-08-14T14:08:54.051+0300] {processor.py:157} INFO - Started process (PID=14046) to work on /home/soamariaka/.local/lib/python3.9/site-packages/airflow/example_dags/example_nested_branch_dag.py
[2023-08-14T14:08:54.119+0300] {processor.py:826} INFO - Processing file /home/soamariaka/.local/lib/python3.9/site-packages/airflow/example_dags/example_nested_branch_dag.py for tasks to queue
[2023-08-14T14:08:54.121+0300] {logging_mixin.py:150} INFO - [2023-08-14T14:08:54.120+0300] {dagbag.py:541} INFO - Filling up the DagBag from /home/soamariaka/.local/lib/python3.9/site-packages/airflow/example_dags/example_nested_branch_dag.py
[2023-08-14T14:08:54.147+0300] {processor.py:836} INFO - DAG(s) dict_keys(['example_nested_branch_dag']) retrieved from /home/soamariaka/.local/lib/python3.9/site-packages/airflow/example_dags/example_nested_branch_dag.py
[2023-08-14T14:08:54.188+0300] {logging_mixin.py:150} INFO - [2023-08-14T14:08:54.187+0300] {dag.py:2742} INFO - Sync 1 DAGs
[2023-08-14T14:08:54.236+0300] {logging_mixin.py:150} INFO - [2023-08-14T14:08:54.236+0300] {dag.py:3504} INFO - Setting next_dagrun for example_nested_branch_dag to 2023-08-13T00:00:00+00:00, run_after=2023-08-14T00:00:00+00:00
[2023-08-14T14:08:54.480+0300] {processor.py:179} INFO - Processing /home/soamariaka/.local/lib/python3.9/site-packages/airflow/example_dags/example_nested_branch_dag.py took 0.437 seconds
[2023-08-14T14:10:14.117+0300] {processor.py:157} INFO - Started process (PID=14153) to work on /home/soamariaka/.local/lib/python3.9/site-packages/airflow/example_dags/example_nested_branch_dag.py
[2023-08-14T14:10:14.157+0300] {processor.py:826} INFO - Processing file /home/soamariaka/.local/lib/python3.9/site-packages/airflow/example_dags/example_nested_branch_dag.py for tasks to queue
[2023-08-14T14:10:14.158+0300] {logging_mixin.py:150} INFO - [2023-08-14T14:10:14.158+0300] {dagbag.py:541} INFO - Filling up the DagBag from /home/soamariaka/.local/lib/python3.9/site-packages/airflow/example_dags/example_nested_branch_dag.py
[2023-08-14T14:10:14.183+0300] {processor.py:836} INFO - DAG(s) dict_keys(['example_nested_branch_dag']) retrieved from /home/soamariaka/.local/lib/python3.9/site-packages/airflow/example_dags/example_nested_branch_dag.py
[2023-08-14T14:10:14.215+0300] {logging_mixin.py:150} INFO - [2023-08-14T14:10:14.215+0300] {dag.py:2742} INFO - Sync 1 DAGs
[2023-08-14T14:10:14.250+0300] {logging_mixin.py:150} INFO - [2023-08-14T14:10:14.250+0300] {dag.py:3504} INFO - Setting next_dagrun for example_nested_branch_dag to 2023-08-13T00:00:00+00:00, run_after=2023-08-14T00:00:00+00:00
[2023-08-14T14:10:14.912+0300] {processor.py:179} INFO - Processing /home/soamariaka/.local/lib/python3.9/site-packages/airflow/example_dags/example_nested_branch_dag.py took 0.801 seconds
[2023-08-14T14:12:09.396+0300] {processor.py:157} INFO - Started process (PID=15131) to work on /home/soamariaka/.local/lib/python3.9/site-packages/airflow/example_dags/example_nested_branch_dag.py
[2023-08-14T14:12:09.421+0300] {processor.py:826} INFO - Processing file /home/soamariaka/.local/lib/python3.9/site-packages/airflow/example_dags/example_nested_branch_dag.py for tasks to queue
[2023-08-14T14:12:09.423+0300] {logging_mixin.py:150} INFO - [2023-08-14T14:12:09.422+0300] {dagbag.py:541} INFO - Filling up the DagBag from /home/soamariaka/.local/lib/python3.9/site-packages/airflow/example_dags/example_nested_branch_dag.py
[2023-08-14T14:12:09.441+0300] {processor.py:836} INFO - DAG(s) dict_keys(['example_nested_branch_dag']) retrieved from /home/soamariaka/.local/lib/python3.9/site-packages/airflow/example_dags/example_nested_branch_dag.py
[2023-08-14T14:12:09.474+0300] {logging_mixin.py:150} INFO - [2023-08-14T14:12:09.474+0300] {dag.py:2742} INFO - Sync 1 DAGs
[2023-08-14T14:12:09.510+0300] {logging_mixin.py:150} INFO - [2023-08-14T14:12:09.509+0300] {dag.py:3504} INFO - Setting next_dagrun for example_nested_branch_dag to 2023-08-13T00:00:00+00:00, run_after=2023-08-14T00:00:00+00:00
[2023-08-14T14:12:09.854+0300] {processor.py:179} INFO - Processing /home/soamariaka/.local/lib/python3.9/site-packages/airflow/example_dags/example_nested_branch_dag.py took 0.464 seconds
[2023-08-14T14:13:07.881+0300] {processor.py:157} INFO - Started process (PID=15239) to work on /home/soamariaka/.local/lib/python3.9/site-packages/airflow/example_dags/example_nested_branch_dag.py
[2023-08-14T14:13:07.884+0300] {processor.py:826} INFO - Processing file /home/soamariaka/.local/lib/python3.9/site-packages/airflow/example_dags/example_nested_branch_dag.py for tasks to queue
[2023-08-14T14:13:07.885+0300] {logging_mixin.py:150} INFO - [2023-08-14T14:13:07.885+0300] {dagbag.py:541} INFO - Filling up the DagBag from /home/soamariaka/.local/lib/python3.9/site-packages/airflow/example_dags/example_nested_branch_dag.py
[2023-08-14T14:13:07.904+0300] {processor.py:836} INFO - DAG(s) dict_keys(['example_nested_branch_dag']) retrieved from /home/soamariaka/.local/lib/python3.9/site-packages/airflow/example_dags/example_nested_branch_dag.py
[2023-08-14T14:13:07.932+0300] {logging_mixin.py:150} INFO - [2023-08-14T14:13:07.932+0300] {dag.py:2742} INFO - Sync 1 DAGs
[2023-08-14T14:13:07.980+0300] {logging_mixin.py:150} INFO - [2023-08-14T14:13:07.980+0300] {dag.py:3504} INFO - Setting next_dagrun for example_nested_branch_dag to 2023-08-13T00:00:00+00:00, run_after=2023-08-14T00:00:00+00:00
[2023-08-14T14:13:08.208+0300] {processor.py:179} INFO - Processing /home/soamariaka/.local/lib/python3.9/site-packages/airflow/example_dags/example_nested_branch_dag.py took 0.332 seconds
[2023-08-14T14:14:12.653+0300] {processor.py:157} INFO - Started process (PID=15348) to work on /home/soamariaka/.local/lib/python3.9/site-packages/airflow/example_dags/example_nested_branch_dag.py
[2023-08-14T14:14:12.662+0300] {processor.py:826} INFO - Processing file /home/soamariaka/.local/lib/python3.9/site-packages/airflow/example_dags/example_nested_branch_dag.py for tasks to queue
[2023-08-14T14:14:12.665+0300] {logging_mixin.py:150} INFO - [2023-08-14T14:14:12.664+0300] {dagbag.py:541} INFO - Filling up the DagBag from /home/soamariaka/.local/lib/python3.9/site-packages/airflow/example_dags/example_nested_branch_dag.py
[2023-08-14T14:14:12.689+0300] {processor.py:836} INFO - DAG(s) dict_keys(['example_nested_branch_dag']) retrieved from /home/soamariaka/.local/lib/python3.9/site-packages/airflow/example_dags/example_nested_branch_dag.py
[2023-08-14T14:14:12.725+0300] {logging_mixin.py:150} INFO - [2023-08-14T14:14:12.724+0300] {dag.py:2742} INFO - Sync 1 DAGs
[2023-08-14T14:14:12.768+0300] {logging_mixin.py:150} INFO - [2023-08-14T14:14:12.768+0300] {dag.py:3504} INFO - Setting next_dagrun for example_nested_branch_dag to 2023-08-13T00:00:00+00:00, run_after=2023-08-14T00:00:00+00:00
[2023-08-14T14:14:12.906+0300] {processor.py:179} INFO - Processing /home/soamariaka/.local/lib/python3.9/site-packages/airflow/example_dags/example_nested_branch_dag.py took 0.259 seconds
[2023-08-14T14:15:14.529+0300] {processor.py:157} INFO - Started process (PID=15427) to work on /home/soamariaka/.local/lib/python3.9/site-packages/airflow/example_dags/example_nested_branch_dag.py
[2023-08-14T14:15:14.569+0300] {processor.py:826} INFO - Processing file /home/soamariaka/.local/lib/python3.9/site-packages/airflow/example_dags/example_nested_branch_dag.py for tasks to queue
[2023-08-14T14:15:14.571+0300] {logging_mixin.py:150} INFO - [2023-08-14T14:15:14.570+0300] {dagbag.py:541} INFO - Filling up the DagBag from /home/soamariaka/.local/lib/python3.9/site-packages/airflow/example_dags/example_nested_branch_dag.py
[2023-08-14T14:15:14.592+0300] {processor.py:836} INFO - DAG(s) dict_keys(['example_nested_branch_dag']) retrieved from /home/soamariaka/.local/lib/python3.9/site-packages/airflow/example_dags/example_nested_branch_dag.py
[2023-08-14T14:15:14.632+0300] {logging_mixin.py:150} INFO - [2023-08-14T14:15:14.631+0300] {dag.py:2742} INFO - Sync 1 DAGs
[2023-08-14T14:15:14.684+0300] {logging_mixin.py:150} INFO - [2023-08-14T14:15:14.684+0300] {dag.py:3504} INFO - Setting next_dagrun for example_nested_branch_dag to 2023-08-13T00:00:00+00:00, run_after=2023-08-14T00:00:00+00:00
[2023-08-14T14:15:14.823+0300] {processor.py:179} INFO - Processing /home/soamariaka/.local/lib/python3.9/site-packages/airflow/example_dags/example_nested_branch_dag.py took 0.300 seconds
[2023-08-14T14:16:15.794+0300] {processor.py:157} INFO - Started process (PID=15616) to work on /home/soamariaka/.local/lib/python3.9/site-packages/airflow/example_dags/example_nested_branch_dag.py
[2023-08-14T14:16:15.797+0300] {processor.py:826} INFO - Processing file /home/soamariaka/.local/lib/python3.9/site-packages/airflow/example_dags/example_nested_branch_dag.py for tasks to queue
[2023-08-14T14:16:15.798+0300] {logging_mixin.py:150} INFO - [2023-08-14T14:16:15.798+0300] {dagbag.py:541} INFO - Filling up the DagBag from /home/soamariaka/.local/lib/python3.9/site-packages/airflow/example_dags/example_nested_branch_dag.py
[2023-08-14T14:16:15.814+0300] {processor.py:836} INFO - DAG(s) dict_keys(['example_nested_branch_dag']) retrieved from /home/soamariaka/.local/lib/python3.9/site-packages/airflow/example_dags/example_nested_branch_dag.py
[2023-08-14T14:16:15.841+0300] {logging_mixin.py:150} INFO - [2023-08-14T14:16:15.841+0300] {dag.py:2742} INFO - Sync 1 DAGs
[2023-08-14T14:16:15.875+0300] {logging_mixin.py:150} INFO - [2023-08-14T14:16:15.874+0300] {dag.py:3504} INFO - Setting next_dagrun for example_nested_branch_dag to 2023-08-13T00:00:00+00:00, run_after=2023-08-14T00:00:00+00:00
[2023-08-14T14:16:16.175+0300] {processor.py:179} INFO - Processing /home/soamariaka/.local/lib/python3.9/site-packages/airflow/example_dags/example_nested_branch_dag.py took 0.386 seconds
[2023-08-14T14:17:19.507+0300] {processor.py:157} INFO - Started process (PID=15704) to work on /home/soamariaka/.local/lib/python3.9/site-packages/airflow/example_dags/example_nested_branch_dag.py
[2023-08-14T14:17:19.509+0300] {processor.py:826} INFO - Processing file /home/soamariaka/.local/lib/python3.9/site-packages/airflow/example_dags/example_nested_branch_dag.py for tasks to queue
[2023-08-14T14:17:19.511+0300] {logging_mixin.py:150} INFO - [2023-08-14T14:17:19.510+0300] {dagbag.py:541} INFO - Filling up the DagBag from /home/soamariaka/.local/lib/python3.9/site-packages/airflow/example_dags/example_nested_branch_dag.py
[2023-08-14T14:17:19.529+0300] {processor.py:836} INFO - DAG(s) dict_keys(['example_nested_branch_dag']) retrieved from /home/soamariaka/.local/lib/python3.9/site-packages/airflow/example_dags/example_nested_branch_dag.py
[2023-08-14T14:17:19.557+0300] {logging_mixin.py:150} INFO - [2023-08-14T14:17:19.557+0300] {dag.py:2742} INFO - Sync 1 DAGs
[2023-08-14T14:17:19.591+0300] {logging_mixin.py:150} INFO - [2023-08-14T14:17:19.590+0300] {dag.py:3504} INFO - Setting next_dagrun for example_nested_branch_dag to 2023-08-13T00:00:00+00:00, run_after=2023-08-14T00:00:00+00:00
[2023-08-14T14:17:19.723+0300] {processor.py:179} INFO - Processing /home/soamariaka/.local/lib/python3.9/site-packages/airflow/example_dags/example_nested_branch_dag.py took 0.221 seconds
[2023-08-14T14:18:47.204+0300] {processor.py:157} INFO - Started process (PID=15913) to work on /home/soamariaka/.local/lib/python3.9/site-packages/airflow/example_dags/example_nested_branch_dag.py
[2023-08-14T14:18:47.206+0300] {processor.py:826} INFO - Processing file /home/soamariaka/.local/lib/python3.9/site-packages/airflow/example_dags/example_nested_branch_dag.py for tasks to queue
[2023-08-14T14:18:47.207+0300] {logging_mixin.py:150} INFO - [2023-08-14T14:18:47.206+0300] {dagbag.py:541} INFO - Filling up the DagBag from /home/soamariaka/.local/lib/python3.9/site-packages/airflow/example_dags/example_nested_branch_dag.py
[2023-08-14T14:18:47.225+0300] {processor.py:836} INFO - DAG(s) dict_keys(['example_nested_branch_dag']) retrieved from /home/soamariaka/.local/lib/python3.9/site-packages/airflow/example_dags/example_nested_branch_dag.py
[2023-08-14T14:18:47.254+0300] {logging_mixin.py:150} INFO - [2023-08-14T14:18:47.254+0300] {dag.py:2742} INFO - Sync 1 DAGs
[2023-08-14T14:18:47.288+0300] {logging_mixin.py:150} INFO - [2023-08-14T14:18:47.288+0300] {dag.py:3504} INFO - Setting next_dagrun for example_nested_branch_dag to 2023-08-13T00:00:00+00:00, run_after=2023-08-14T00:00:00+00:00
[2023-08-14T14:18:47.400+0300] {processor.py:179} INFO - Processing /home/soamariaka/.local/lib/python3.9/site-packages/airflow/example_dags/example_nested_branch_dag.py took 0.202 seconds
[2023-08-14T14:19:47.065+0300] {processor.py:157} INFO - Started process (PID=15968) to work on /home/soamariaka/.local/lib/python3.9/site-packages/airflow/example_dags/example_nested_branch_dag.py
[2023-08-14T14:19:47.067+0300] {processor.py:826} INFO - Processing file /home/soamariaka/.local/lib/python3.9/site-packages/airflow/example_dags/example_nested_branch_dag.py for tasks to queue
[2023-08-14T14:19:47.069+0300] {logging_mixin.py:150} INFO - [2023-08-14T14:19:47.068+0300] {dagbag.py:541} INFO - Filling up the DagBag from /home/soamariaka/.local/lib/python3.9/site-packages/airflow/example_dags/example_nested_branch_dag.py
[2023-08-14T14:19:47.087+0300] {processor.py:836} INFO - DAG(s) dict_keys(['example_nested_branch_dag']) retrieved from /home/soamariaka/.local/lib/python3.9/site-packages/airflow/example_dags/example_nested_branch_dag.py
[2023-08-14T14:19:47.115+0300] {logging_mixin.py:150} INFO - [2023-08-14T14:19:47.115+0300] {dag.py:2742} INFO - Sync 1 DAGs
[2023-08-14T14:19:47.149+0300] {logging_mixin.py:150} INFO - [2023-08-14T14:19:47.149+0300] {dag.py:3504} INFO - Setting next_dagrun for example_nested_branch_dag to 2023-08-13T00:00:00+00:00, run_after=2023-08-14T00:00:00+00:00
[2023-08-14T14:19:47.287+0300] {processor.py:179} INFO - Processing /home/soamariaka/.local/lib/python3.9/site-packages/airflow/example_dags/example_nested_branch_dag.py took 0.227 seconds
[2023-08-14T14:21:23.676+0300] {processor.py:157} INFO - Started process (PID=16090) to work on /home/soamariaka/.local/lib/python3.9/site-packages/airflow/example_dags/example_nested_branch_dag.py
[2023-08-14T14:21:23.736+0300] {processor.py:826} INFO - Processing file /home/soamariaka/.local/lib/python3.9/site-packages/airflow/example_dags/example_nested_branch_dag.py for tasks to queue
[2023-08-14T14:21:23.739+0300] {logging_mixin.py:150} INFO - [2023-08-14T14:21:23.738+0300] {dagbag.py:541} INFO - Filling up the DagBag from /home/soamariaka/.local/lib/python3.9/site-packages/airflow/example_dags/example_nested_branch_dag.py
[2023-08-14T14:21:23.760+0300] {processor.py:836} INFO - DAG(s) dict_keys(['example_nested_branch_dag']) retrieved from /home/soamariaka/.local/lib/python3.9/site-packages/airflow/example_dags/example_nested_branch_dag.py
[2023-08-14T14:21:23.797+0300] {logging_mixin.py:150} INFO - [2023-08-14T14:21:23.797+0300] {dag.py:2742} INFO - Sync 1 DAGs
[2023-08-14T14:21:23.836+0300] {logging_mixin.py:150} INFO - [2023-08-14T14:21:23.835+0300] {dag.py:3504} INFO - Setting next_dagrun for example_nested_branch_dag to 2023-08-13T00:00:00+00:00, run_after=2023-08-14T00:00:00+00:00
[2023-08-14T14:21:24.076+0300] {processor.py:179} INFO - Processing /home/soamariaka/.local/lib/python3.9/site-packages/airflow/example_dags/example_nested_branch_dag.py took 0.406 seconds
[2023-08-14T14:22:30.980+0300] {processor.py:157} INFO - Started process (PID=16152) to work on /home/soamariaka/.local/lib/python3.9/site-packages/airflow/example_dags/example_nested_branch_dag.py
[2023-08-14T14:22:30.983+0300] {processor.py:826} INFO - Processing file /home/soamariaka/.local/lib/python3.9/site-packages/airflow/example_dags/example_nested_branch_dag.py for tasks to queue
[2023-08-14T14:22:30.984+0300] {logging_mixin.py:150} INFO - [2023-08-14T14:22:30.984+0300] {dagbag.py:541} INFO - Filling up the DagBag from /home/soamariaka/.local/lib/python3.9/site-packages/airflow/example_dags/example_nested_branch_dag.py
[2023-08-14T14:22:31.002+0300] {processor.py:836} INFO - DAG(s) dict_keys(['example_nested_branch_dag']) retrieved from /home/soamariaka/.local/lib/python3.9/site-packages/airflow/example_dags/example_nested_branch_dag.py
[2023-08-14T14:22:31.032+0300] {logging_mixin.py:150} INFO - [2023-08-14T14:22:31.031+0300] {dag.py:2742} INFO - Sync 1 DAGs
[2023-08-14T14:22:31.065+0300] {logging_mixin.py:150} INFO - [2023-08-14T14:22:31.065+0300] {dag.py:3504} INFO - Setting next_dagrun for example_nested_branch_dag to 2023-08-13T00:00:00+00:00, run_after=2023-08-14T00:00:00+00:00
[2023-08-14T14:22:31.201+0300] {processor.py:179} INFO - Processing /home/soamariaka/.local/lib/python3.9/site-packages/airflow/example_dags/example_nested_branch_dag.py took 0.226 seconds
[2023-08-14T14:23:31.396+0300] {processor.py:157} INFO - Started process (PID=16217) to work on /home/soamariaka/.local/lib/python3.9/site-packages/airflow/example_dags/example_nested_branch_dag.py
[2023-08-14T14:23:31.414+0300] {processor.py:826} INFO - Processing file /home/soamariaka/.local/lib/python3.9/site-packages/airflow/example_dags/example_nested_branch_dag.py for tasks to queue
[2023-08-14T14:23:31.415+0300] {logging_mixin.py:150} INFO - [2023-08-14T14:23:31.414+0300] {dagbag.py:541} INFO - Filling up the DagBag from /home/soamariaka/.local/lib/python3.9/site-packages/airflow/example_dags/example_nested_branch_dag.py
[2023-08-14T14:23:31.431+0300] {processor.py:836} INFO - DAG(s) dict_keys(['example_nested_branch_dag']) retrieved from /home/soamariaka/.local/lib/python3.9/site-packages/airflow/example_dags/example_nested_branch_dag.py
[2023-08-14T14:23:31.464+0300] {logging_mixin.py:150} INFO - [2023-08-14T14:23:31.463+0300] {dag.py:2742} INFO - Sync 1 DAGs
[2023-08-14T14:23:31.508+0300] {logging_mixin.py:150} INFO - [2023-08-14T14:23:31.508+0300] {dag.py:3504} INFO - Setting next_dagrun for example_nested_branch_dag to 2023-08-13T00:00:00+00:00, run_after=2023-08-14T00:00:00+00:00
[2023-08-14T14:23:31.685+0300] {processor.py:179} INFO - Processing /home/soamariaka/.local/lib/python3.9/site-packages/airflow/example_dags/example_nested_branch_dag.py took 0.293 seconds
[2023-08-14T14:24:29.099+0300] {processor.py:157} INFO - Started process (PID=16494) to work on /home/soamariaka/.local/lib/python3.9/site-packages/airflow/example_dags/example_nested_branch_dag.py
[2023-08-14T14:24:29.101+0300] {processor.py:826} INFO - Processing file /home/soamariaka/.local/lib/python3.9/site-packages/airflow/example_dags/example_nested_branch_dag.py for tasks to queue
[2023-08-14T14:24:29.103+0300] {logging_mixin.py:150} INFO - [2023-08-14T14:24:29.102+0300] {dagbag.py:541} INFO - Filling up the DagBag from /home/soamariaka/.local/lib/python3.9/site-packages/airflow/example_dags/example_nested_branch_dag.py
[2023-08-14T14:24:29.121+0300] {processor.py:836} INFO - DAG(s) dict_keys(['example_nested_branch_dag']) retrieved from /home/soamariaka/.local/lib/python3.9/site-packages/airflow/example_dags/example_nested_branch_dag.py
[2023-08-14T14:24:29.150+0300] {logging_mixin.py:150} INFO - [2023-08-14T14:24:29.150+0300] {dag.py:2742} INFO - Sync 1 DAGs
[2023-08-14T14:24:29.184+0300] {logging_mixin.py:150} INFO - [2023-08-14T14:24:29.183+0300] {dag.py:3504} INFO - Setting next_dagrun for example_nested_branch_dag to 2023-08-13T00:00:00+00:00, run_after=2023-08-14T00:00:00+00:00
[2023-08-14T14:24:29.339+0300] {processor.py:179} INFO - Processing /home/soamariaka/.local/lib/python3.9/site-packages/airflow/example_dags/example_nested_branch_dag.py took 0.245 seconds
[2023-08-14T14:25:27.900+0300] {processor.py:157} INFO - Started process (PID=16606) to work on /home/soamariaka/.local/lib/python3.9/site-packages/airflow/example_dags/example_nested_branch_dag.py
[2023-08-14T14:25:27.902+0300] {processor.py:826} INFO - Processing file /home/soamariaka/.local/lib/python3.9/site-packages/airflow/example_dags/example_nested_branch_dag.py for tasks to queue
[2023-08-14T14:25:27.904+0300] {logging_mixin.py:150} INFO - [2023-08-14T14:25:27.903+0300] {dagbag.py:541} INFO - Filling up the DagBag from /home/soamariaka/.local/lib/python3.9/site-packages/airflow/example_dags/example_nested_branch_dag.py
[2023-08-14T14:25:27.922+0300] {processor.py:836} INFO - DAG(s) dict_keys(['example_nested_branch_dag']) retrieved from /home/soamariaka/.local/lib/python3.9/site-packages/airflow/example_dags/example_nested_branch_dag.py
[2023-08-14T14:25:27.951+0300] {logging_mixin.py:150} INFO - [2023-08-14T14:25:27.951+0300] {dag.py:2742} INFO - Sync 1 DAGs
[2023-08-14T14:25:27.985+0300] {logging_mixin.py:150} INFO - [2023-08-14T14:25:27.984+0300] {dag.py:3504} INFO - Setting next_dagrun for example_nested_branch_dag to 2023-08-13T00:00:00+00:00, run_after=2023-08-14T00:00:00+00:00
[2023-08-14T14:25:28.133+0300] {processor.py:179} INFO - Processing /home/soamariaka/.local/lib/python3.9/site-packages/airflow/example_dags/example_nested_branch_dag.py took 0.238 seconds
[2023-08-14T14:26:29.465+0300] {processor.py:157} INFO - Started process (PID=16729) to work on /home/soamariaka/.local/lib/python3.9/site-packages/airflow/example_dags/example_nested_branch_dag.py
[2023-08-14T14:26:29.467+0300] {processor.py:826} INFO - Processing file /home/soamariaka/.local/lib/python3.9/site-packages/airflow/example_dags/example_nested_branch_dag.py for tasks to queue
[2023-08-14T14:26:29.468+0300] {logging_mixin.py:150} INFO - [2023-08-14T14:26:29.468+0300] {dagbag.py:541} INFO - Filling up the DagBag from /home/soamariaka/.local/lib/python3.9/site-packages/airflow/example_dags/example_nested_branch_dag.py
[2023-08-14T14:26:29.487+0300] {processor.py:836} INFO - DAG(s) dict_keys(['example_nested_branch_dag']) retrieved from /home/soamariaka/.local/lib/python3.9/site-packages/airflow/example_dags/example_nested_branch_dag.py
[2023-08-14T14:26:29.514+0300] {logging_mixin.py:150} INFO - [2023-08-14T14:26:29.514+0300] {dag.py:2742} INFO - Sync 1 DAGs
[2023-08-14T14:26:29.548+0300] {logging_mixin.py:150} INFO - [2023-08-14T14:26:29.548+0300] {dag.py:3504} INFO - Setting next_dagrun for example_nested_branch_dag to 2023-08-13T00:00:00+00:00, run_after=2023-08-14T00:00:00+00:00
[2023-08-14T14:26:29.697+0300] {processor.py:179} INFO - Processing /home/soamariaka/.local/lib/python3.9/site-packages/airflow/example_dags/example_nested_branch_dag.py took 0.237 seconds
[2023-08-14T14:27:28.394+0300] {processor.py:157} INFO - Started process (PID=16853) to work on /home/soamariaka/.local/lib/python3.9/site-packages/airflow/example_dags/example_nested_branch_dag.py
[2023-08-14T14:27:28.423+0300] {processor.py:826} INFO - Processing file /home/soamariaka/.local/lib/python3.9/site-packages/airflow/example_dags/example_nested_branch_dag.py for tasks to queue
[2023-08-14T14:27:28.424+0300] {logging_mixin.py:150} INFO - [2023-08-14T14:27:28.424+0300] {dagbag.py:541} INFO - Filling up the DagBag from /home/soamariaka/.local/lib/python3.9/site-packages/airflow/example_dags/example_nested_branch_dag.py
[2023-08-14T14:27:28.443+0300] {processor.py:836} INFO - DAG(s) dict_keys(['example_nested_branch_dag']) retrieved from /home/soamariaka/.local/lib/python3.9/site-packages/airflow/example_dags/example_nested_branch_dag.py
[2023-08-14T14:27:28.476+0300] {logging_mixin.py:150} INFO - [2023-08-14T14:27:28.475+0300] {dag.py:2742} INFO - Sync 1 DAGs
[2023-08-14T14:27:28.510+0300] {logging_mixin.py:150} INFO - [2023-08-14T14:27:28.510+0300] {dag.py:3504} INFO - Setting next_dagrun for example_nested_branch_dag to 2023-08-13T00:00:00+00:00, run_after=2023-08-14T00:00:00+00:00
[2023-08-14T14:27:28.626+0300] {processor.py:179} INFO - Processing /home/soamariaka/.local/lib/python3.9/site-packages/airflow/example_dags/example_nested_branch_dag.py took 0.238 seconds
[2023-08-14T14:28:31.816+0300] {processor.py:157} INFO - Started process (PID=16974) to work on /home/soamariaka/.local/lib/python3.9/site-packages/airflow/example_dags/example_nested_branch_dag.py
[2023-08-14T14:28:31.851+0300] {processor.py:826} INFO - Processing file /home/soamariaka/.local/lib/python3.9/site-packages/airflow/example_dags/example_nested_branch_dag.py for tasks to queue
[2023-08-14T14:28:31.852+0300] {logging_mixin.py:150} INFO - [2023-08-14T14:28:31.852+0300] {dagbag.py:541} INFO - Filling up the DagBag from /home/soamariaka/.local/lib/python3.9/site-packages/airflow/example_dags/example_nested_branch_dag.py
[2023-08-14T14:28:31.871+0300] {processor.py:836} INFO - DAG(s) dict_keys(['example_nested_branch_dag']) retrieved from /home/soamariaka/.local/lib/python3.9/site-packages/airflow/example_dags/example_nested_branch_dag.py
[2023-08-14T14:28:31.903+0300] {logging_mixin.py:150} INFO - [2023-08-14T14:28:31.902+0300] {dag.py:2742} INFO - Sync 1 DAGs
[2023-08-14T14:28:31.936+0300] {logging_mixin.py:150} INFO - [2023-08-14T14:28:31.936+0300] {dag.py:3504} INFO - Setting next_dagrun for example_nested_branch_dag to 2023-08-13T00:00:00+00:00, run_after=2023-08-14T00:00:00+00:00
[2023-08-14T14:28:32.067+0300] {processor.py:179} INFO - Processing /home/soamariaka/.local/lib/python3.9/site-packages/airflow/example_dags/example_nested_branch_dag.py took 0.256 seconds
[2023-08-14T14:29:32.330+0300] {processor.py:157} INFO - Started process (PID=17125) to work on /home/soamariaka/.local/lib/python3.9/site-packages/airflow/example_dags/example_nested_branch_dag.py
[2023-08-14T14:29:32.333+0300] {processor.py:826} INFO - Processing file /home/soamariaka/.local/lib/python3.9/site-packages/airflow/example_dags/example_nested_branch_dag.py for tasks to queue
[2023-08-14T14:29:32.334+0300] {logging_mixin.py:150} INFO - [2023-08-14T14:29:32.334+0300] {dagbag.py:541} INFO - Filling up the DagBag from /home/soamariaka/.local/lib/python3.9/site-packages/airflow/example_dags/example_nested_branch_dag.py
[2023-08-14T14:29:32.353+0300] {processor.py:836} INFO - DAG(s) dict_keys(['example_nested_branch_dag']) retrieved from /home/soamariaka/.local/lib/python3.9/site-packages/airflow/example_dags/example_nested_branch_dag.py
[2023-08-14T14:29:32.381+0300] {logging_mixin.py:150} INFO - [2023-08-14T14:29:32.381+0300] {dag.py:2742} INFO - Sync 1 DAGs
[2023-08-14T14:29:32.415+0300] {logging_mixin.py:150} INFO - [2023-08-14T14:29:32.415+0300] {dag.py:3504} INFO - Setting next_dagrun for example_nested_branch_dag to 2023-08-13T00:00:00+00:00, run_after=2023-08-14T00:00:00+00:00
[2023-08-14T14:29:32.567+0300] {processor.py:179} INFO - Processing /home/soamariaka/.local/lib/python3.9/site-packages/airflow/example_dags/example_nested_branch_dag.py took 0.242 seconds
[2023-08-14T14:30:26.400+0300] {processor.py:157} INFO - Started process (PID=17231) to work on /home/soamariaka/.local/lib/python3.9/site-packages/airflow/example_dags/example_nested_branch_dag.py
[2023-08-14T14:30:26.402+0300] {processor.py:826} INFO - Processing file /home/soamariaka/.local/lib/python3.9/site-packages/airflow/example_dags/example_nested_branch_dag.py for tasks to queue
[2023-08-14T14:30:26.404+0300] {logging_mixin.py:150} INFO - [2023-08-14T14:30:26.403+0300] {dagbag.py:541} INFO - Filling up the DagBag from /home/soamariaka/.local/lib/python3.9/site-packages/airflow/example_dags/example_nested_branch_dag.py
[2023-08-14T14:30:26.422+0300] {processor.py:836} INFO - DAG(s) dict_keys(['example_nested_branch_dag']) retrieved from /home/soamariaka/.local/lib/python3.9/site-packages/airflow/example_dags/example_nested_branch_dag.py
[2023-08-14T14:30:26.451+0300] {logging_mixin.py:150} INFO - [2023-08-14T14:30:26.451+0300] {dag.py:2742} INFO - Sync 1 DAGs
[2023-08-14T14:30:26.486+0300] {logging_mixin.py:150} INFO - [2023-08-14T14:30:26.485+0300] {dag.py:3504} INFO - Setting next_dagrun for example_nested_branch_dag to 2023-08-13T00:00:00+00:00, run_after=2023-08-14T00:00:00+00:00
[2023-08-14T14:30:26.642+0300] {processor.py:179} INFO - Processing /home/soamariaka/.local/lib/python3.9/site-packages/airflow/example_dags/example_nested_branch_dag.py took 0.247 seconds
[2023-08-14T14:31:22.268+0300] {processor.py:157} INFO - Started process (PID=17315) to work on /home/soamariaka/.local/lib/python3.9/site-packages/airflow/example_dags/example_nested_branch_dag.py
[2023-08-14T14:31:22.335+0300] {processor.py:826} INFO - Processing file /home/soamariaka/.local/lib/python3.9/site-packages/airflow/example_dags/example_nested_branch_dag.py for tasks to queue
[2023-08-14T14:31:22.337+0300] {logging_mixin.py:150} INFO - [2023-08-14T14:31:22.337+0300] {dagbag.py:541} INFO - Filling up the DagBag from /home/soamariaka/.local/lib/python3.9/site-packages/airflow/example_dags/example_nested_branch_dag.py
[2023-08-14T14:31:22.356+0300] {processor.py:836} INFO - DAG(s) dict_keys(['example_nested_branch_dag']) retrieved from /home/soamariaka/.local/lib/python3.9/site-packages/airflow/example_dags/example_nested_branch_dag.py
[2023-08-14T14:31:22.390+0300] {logging_mixin.py:150} INFO - [2023-08-14T14:31:22.390+0300] {dag.py:2742} INFO - Sync 1 DAGs
[2023-08-14T14:31:22.426+0300] {logging_mixin.py:150} INFO - [2023-08-14T14:31:22.426+0300] {dag.py:3504} INFO - Setting next_dagrun for example_nested_branch_dag to 2023-08-13T00:00:00+00:00, run_after=2023-08-14T00:00:00+00:00
[2023-08-14T14:31:22.548+0300] {processor.py:179} INFO - Processing /home/soamariaka/.local/lib/python3.9/site-packages/airflow/example_dags/example_nested_branch_dag.py took 0.285 seconds
[2023-08-14T14:32:22.488+0300] {processor.py:157} INFO - Started process (PID=17403) to work on /home/soamariaka/.local/lib/python3.9/site-packages/airflow/example_dags/example_nested_branch_dag.py
[2023-08-14T14:32:22.519+0300] {processor.py:826} INFO - Processing file /home/soamariaka/.local/lib/python3.9/site-packages/airflow/example_dags/example_nested_branch_dag.py for tasks to queue
[2023-08-14T14:32:22.520+0300] {logging_mixin.py:150} INFO - [2023-08-14T14:32:22.519+0300] {dagbag.py:541} INFO - Filling up the DagBag from /home/soamariaka/.local/lib/python3.9/site-packages/airflow/example_dags/example_nested_branch_dag.py
[2023-08-14T14:32:22.538+0300] {processor.py:836} INFO - DAG(s) dict_keys(['example_nested_branch_dag']) retrieved from /home/soamariaka/.local/lib/python3.9/site-packages/airflow/example_dags/example_nested_branch_dag.py
[2023-08-14T14:32:22.572+0300] {logging_mixin.py:150} INFO - [2023-08-14T14:32:22.572+0300] {dag.py:2742} INFO - Sync 1 DAGs
[2023-08-14T14:32:22.608+0300] {logging_mixin.py:150} INFO - [2023-08-14T14:32:22.607+0300] {dag.py:3504} INFO - Setting next_dagrun for example_nested_branch_dag to 2023-08-13T00:00:00+00:00, run_after=2023-08-14T00:00:00+00:00
[2023-08-14T14:32:22.719+0300] {processor.py:179} INFO - Processing /home/soamariaka/.local/lib/python3.9/site-packages/airflow/example_dags/example_nested_branch_dag.py took 0.236 seconds
[2023-08-14T14:33:22.444+0300] {processor.py:157} INFO - Started process (PID=17554) to work on /home/soamariaka/.local/lib/python3.9/site-packages/airflow/example_dags/example_nested_branch_dag.py
[2023-08-14T14:33:22.479+0300] {processor.py:826} INFO - Processing file /home/soamariaka/.local/lib/python3.9/site-packages/airflow/example_dags/example_nested_branch_dag.py for tasks to queue
[2023-08-14T14:33:22.480+0300] {logging_mixin.py:150} INFO - [2023-08-14T14:33:22.480+0300] {dagbag.py:541} INFO - Filling up the DagBag from /home/soamariaka/.local/lib/python3.9/site-packages/airflow/example_dags/example_nested_branch_dag.py
[2023-08-14T14:33:22.499+0300] {processor.py:836} INFO - DAG(s) dict_keys(['example_nested_branch_dag']) retrieved from /home/soamariaka/.local/lib/python3.9/site-packages/airflow/example_dags/example_nested_branch_dag.py
[2023-08-14T14:33:22.532+0300] {logging_mixin.py:150} INFO - [2023-08-14T14:33:22.532+0300] {dag.py:2742} INFO - Sync 1 DAGs
[2023-08-14T14:33:22.567+0300] {logging_mixin.py:150} INFO - [2023-08-14T14:33:22.567+0300] {dag.py:3504} INFO - Setting next_dagrun for example_nested_branch_dag to 2023-08-13T00:00:00+00:00, run_after=2023-08-14T00:00:00+00:00
[2023-08-14T14:33:22.685+0300] {processor.py:179} INFO - Processing /home/soamariaka/.local/lib/python3.9/site-packages/airflow/example_dags/example_nested_branch_dag.py took 0.246 seconds
[2023-08-14T14:34:21.757+0300] {processor.py:157} INFO - Started process (PID=17608) to work on /home/soamariaka/.local/lib/python3.9/site-packages/airflow/example_dags/example_nested_branch_dag.py
[2023-08-14T14:34:21.759+0300] {processor.py:826} INFO - Processing file /home/soamariaka/.local/lib/python3.9/site-packages/airflow/example_dags/example_nested_branch_dag.py for tasks to queue
[2023-08-14T14:34:21.760+0300] {logging_mixin.py:150} INFO - [2023-08-14T14:34:21.760+0300] {dagbag.py:541} INFO - Filling up the DagBag from /home/soamariaka/.local/lib/python3.9/site-packages/airflow/example_dags/example_nested_branch_dag.py
[2023-08-14T14:34:21.779+0300] {processor.py:836} INFO - DAG(s) dict_keys(['example_nested_branch_dag']) retrieved from /home/soamariaka/.local/lib/python3.9/site-packages/airflow/example_dags/example_nested_branch_dag.py
[2023-08-14T14:34:21.821+0300] {logging_mixin.py:150} INFO - [2023-08-14T14:34:21.820+0300] {dag.py:2742} INFO - Sync 1 DAGs
[2023-08-14T14:34:21.854+0300] {logging_mixin.py:150} INFO - [2023-08-14T14:34:21.854+0300] {dag.py:3504} INFO - Setting next_dagrun for example_nested_branch_dag to 2023-08-13T00:00:00+00:00, run_after=2023-08-14T00:00:00+00:00
[2023-08-14T14:34:21.982+0300] {processor.py:179} INFO - Processing /home/soamariaka/.local/lib/python3.9/site-packages/airflow/example_dags/example_nested_branch_dag.py took 0.230 seconds
[2023-08-14T14:35:49.025+0300] {processor.py:157} INFO - Started process (PID=17893) to work on /home/soamariaka/.local/lib/python3.9/site-packages/airflow/example_dags/example_nested_branch_dag.py
[2023-08-14T14:35:49.026+0300] {processor.py:826} INFO - Processing file /home/soamariaka/.local/lib/python3.9/site-packages/airflow/example_dags/example_nested_branch_dag.py for tasks to queue
[2023-08-14T14:35:49.028+0300] {logging_mixin.py:150} INFO - [2023-08-14T14:35:49.027+0300] {dagbag.py:541} INFO - Filling up the DagBag from /home/soamariaka/.local/lib/python3.9/site-packages/airflow/example_dags/example_nested_branch_dag.py
[2023-08-14T14:35:49.046+0300] {processor.py:836} INFO - DAG(s) dict_keys(['example_nested_branch_dag']) retrieved from /home/soamariaka/.local/lib/python3.9/site-packages/airflow/example_dags/example_nested_branch_dag.py
[2023-08-14T14:35:49.075+0300] {logging_mixin.py:150} INFO - [2023-08-14T14:35:49.075+0300] {dag.py:2742} INFO - Sync 1 DAGs
[2023-08-14T14:35:49.114+0300] {logging_mixin.py:150} INFO - [2023-08-14T14:35:49.114+0300] {dag.py:3504} INFO - Setting next_dagrun for example_nested_branch_dag to 2023-08-13T00:00:00+00:00, run_after=2023-08-14T00:00:00+00:00
[2023-08-14T14:35:49.293+0300] {processor.py:179} INFO - Processing /home/soamariaka/.local/lib/python3.9/site-packages/airflow/example_dags/example_nested_branch_dag.py took 0.274 seconds
[2023-08-14T14:37:29.486+0300] {processor.py:157} INFO - Started process (PID=18060) to work on /home/soamariaka/.local/lib/python3.9/site-packages/airflow/example_dags/example_nested_branch_dag.py
[2023-08-14T14:37:29.517+0300] {processor.py:826} INFO - Processing file /home/soamariaka/.local/lib/python3.9/site-packages/airflow/example_dags/example_nested_branch_dag.py for tasks to queue
[2023-08-14T14:37:29.519+0300] {logging_mixin.py:150} INFO - [2023-08-14T14:37:29.518+0300] {dagbag.py:541} INFO - Filling up the DagBag from /home/soamariaka/.local/lib/python3.9/site-packages/airflow/example_dags/example_nested_branch_dag.py
[2023-08-14T14:37:29.538+0300] {processor.py:836} INFO - DAG(s) dict_keys(['example_nested_branch_dag']) retrieved from /home/soamariaka/.local/lib/python3.9/site-packages/airflow/example_dags/example_nested_branch_dag.py
[2023-08-14T14:37:29.571+0300] {logging_mixin.py:150} INFO - [2023-08-14T14:37:29.570+0300] {dag.py:2742} INFO - Sync 1 DAGs
[2023-08-14T14:37:29.606+0300] {logging_mixin.py:150} INFO - [2023-08-14T14:37:29.605+0300] {dag.py:3504} INFO - Setting next_dagrun for example_nested_branch_dag to 2023-08-13T00:00:00+00:00, run_after=2023-08-14T00:00:00+00:00
[2023-08-14T14:37:29.723+0300] {processor.py:179} INFO - Processing /home/soamariaka/.local/lib/python3.9/site-packages/airflow/example_dags/example_nested_branch_dag.py took 0.243 seconds
[2023-08-14T14:38:30.164+0300] {processor.py:157} INFO - Started process (PID=18243) to work on /home/soamariaka/.local/lib/python3.9/site-packages/airflow/example_dags/example_nested_branch_dag.py
[2023-08-14T14:38:30.189+0300] {processor.py:826} INFO - Processing file /home/soamariaka/.local/lib/python3.9/site-packages/airflow/example_dags/example_nested_branch_dag.py for tasks to queue
[2023-08-14T14:38:30.202+0300] {logging_mixin.py:150} INFO - [2023-08-14T14:38:30.201+0300] {dagbag.py:541} INFO - Filling up the DagBag from /home/soamariaka/.local/lib/python3.9/site-packages/airflow/example_dags/example_nested_branch_dag.py
[2023-08-14T14:38:30.224+0300] {processor.py:836} INFO - DAG(s) dict_keys(['example_nested_branch_dag']) retrieved from /home/soamariaka/.local/lib/python3.9/site-packages/airflow/example_dags/example_nested_branch_dag.py
[2023-08-14T14:38:30.258+0300] {logging_mixin.py:150} INFO - [2023-08-14T14:38:30.257+0300] {dag.py:2742} INFO - Sync 1 DAGs
[2023-08-14T14:38:30.292+0300] {logging_mixin.py:150} INFO - [2023-08-14T14:38:30.292+0300] {dag.py:3504} INFO - Setting next_dagrun for example_nested_branch_dag to 2023-08-13T00:00:00+00:00, run_after=2023-08-14T00:00:00+00:00
[2023-08-14T14:38:30.585+0300] {processor.py:179} INFO - Processing /home/soamariaka/.local/lib/python3.9/site-packages/airflow/example_dags/example_nested_branch_dag.py took 0.427 seconds
[2023-08-14T14:39:37.325+0300] {processor.py:157} INFO - Started process (PID=18398) to work on /home/soamariaka/.local/lib/python3.9/site-packages/airflow/example_dags/example_nested_branch_dag.py
[2023-08-14T14:39:37.335+0300] {processor.py:826} INFO - Processing file /home/soamariaka/.local/lib/python3.9/site-packages/airflow/example_dags/example_nested_branch_dag.py for tasks to queue
[2023-08-14T14:39:37.336+0300] {logging_mixin.py:150} INFO - [2023-08-14T14:39:37.336+0300] {dagbag.py:541} INFO - Filling up the DagBag from /home/soamariaka/.local/lib/python3.9/site-packages/airflow/example_dags/example_nested_branch_dag.py
[2023-08-14T14:39:37.355+0300] {processor.py:836} INFO - DAG(s) dict_keys(['example_nested_branch_dag']) retrieved from /home/soamariaka/.local/lib/python3.9/site-packages/airflow/example_dags/example_nested_branch_dag.py
[2023-08-14T14:39:37.386+0300] {logging_mixin.py:150} INFO - [2023-08-14T14:39:37.385+0300] {dag.py:2742} INFO - Sync 1 DAGs
[2023-08-14T14:39:37.419+0300] {logging_mixin.py:150} INFO - [2023-08-14T14:39:37.419+0300] {dag.py:3504} INFO - Setting next_dagrun for example_nested_branch_dag to 2023-08-13T00:00:00+00:00, run_after=2023-08-14T00:00:00+00:00
[2023-08-14T14:39:37.536+0300] {processor.py:179} INFO - Processing /home/soamariaka/.local/lib/python3.9/site-packages/airflow/example_dags/example_nested_branch_dag.py took 0.217 seconds
[2023-08-14T14:41:03.857+0300] {processor.py:157} INFO - Started process (PID=18654) to work on /home/soamariaka/.local/lib/python3.9/site-packages/airflow/example_dags/example_nested_branch_dag.py
[2023-08-14T14:41:03.915+0300] {processor.py:826} INFO - Processing file /home/soamariaka/.local/lib/python3.9/site-packages/airflow/example_dags/example_nested_branch_dag.py for tasks to queue
[2023-08-14T14:41:03.916+0300] {logging_mixin.py:150} INFO - [2023-08-14T14:41:03.916+0300] {dagbag.py:541} INFO - Filling up the DagBag from /home/soamariaka/.local/lib/python3.9/site-packages/airflow/example_dags/example_nested_branch_dag.py
[2023-08-14T14:41:03.934+0300] {processor.py:836} INFO - DAG(s) dict_keys(['example_nested_branch_dag']) retrieved from /home/soamariaka/.local/lib/python3.9/site-packages/airflow/example_dags/example_nested_branch_dag.py
[2023-08-14T14:41:03.966+0300] {logging_mixin.py:150} INFO - [2023-08-14T14:41:03.966+0300] {dag.py:2742} INFO - Sync 1 DAGs
[2023-08-14T14:41:04.009+0300] {logging_mixin.py:150} INFO - [2023-08-14T14:41:04.008+0300] {dag.py:3504} INFO - Setting next_dagrun for example_nested_branch_dag to 2023-08-13T00:00:00+00:00, run_after=2023-08-14T00:00:00+00:00
[2023-08-14T14:41:04.319+0300] {processor.py:179} INFO - Processing /home/soamariaka/.local/lib/python3.9/site-packages/airflow/example_dags/example_nested_branch_dag.py took 0.468 seconds
