[2023-08-14T13:33:42.804+0300] {processor.py:157} INFO - Started process (PID=10796) to work on /home/soamariaka/.local/lib/python3.9/site-packages/airflow/example_dags/example_branch_labels.py
[2023-08-14T13:33:42.805+0300] {processor.py:826} INFO - Processing file /home/soamariaka/.local/lib/python3.9/site-packages/airflow/example_dags/example_branch_labels.py for tasks to queue
[2023-08-14T13:33:42.807+0300] {logging_mixin.py:150} INFO - [2023-08-14T13:33:42.806+0300] {dagbag.py:541} INFO - Filling up the DagBag from /home/soamariaka/.local/lib/python3.9/site-packages/airflow/example_dags/example_branch_labels.py
[2023-08-14T13:33:42.821+0300] {processor.py:836} INFO - DAG(s) dict_keys(['example_branch_labels']) retrieved from /home/soamariaka/.local/lib/python3.9/site-packages/airflow/example_dags/example_branch_labels.py
[2023-08-14T13:33:42.848+0300] {logging_mixin.py:150} INFO - [2023-08-14T13:33:42.848+0300] {dag.py:2742} INFO - Sync 1 DAGs
[2023-08-14T13:33:42.881+0300] {logging_mixin.py:150} INFO - [2023-08-14T13:33:42.881+0300] {dag.py:3504} INFO - Setting next_dagrun for example_branch_labels to 2023-08-13T00:00:00+00:00, run_after=2023-08-14T00:00:00+00:00
[2023-08-14T13:33:43.145+0300] {processor.py:179} INFO - Processing /home/soamariaka/.local/lib/python3.9/site-packages/airflow/example_dags/example_branch_labels.py took 0.347 seconds
[2023-08-14T13:35:14.775+0300] {processor.py:157} INFO - Started process (PID=10995) to work on /home/soamariaka/.local/lib/python3.9/site-packages/airflow/example_dags/example_branch_labels.py
[2023-08-14T13:35:14.777+0300] {processor.py:826} INFO - Processing file /home/soamariaka/.local/lib/python3.9/site-packages/airflow/example_dags/example_branch_labels.py for tasks to queue
[2023-08-14T13:35:14.779+0300] {logging_mixin.py:150} INFO - [2023-08-14T13:35:14.778+0300] {dagbag.py:541} INFO - Filling up the DagBag from /home/soamariaka/.local/lib/python3.9/site-packages/airflow/example_dags/example_branch_labels.py
[2023-08-14T13:35:14.797+0300] {processor.py:836} INFO - DAG(s) dict_keys(['example_branch_labels']) retrieved from /home/soamariaka/.local/lib/python3.9/site-packages/airflow/example_dags/example_branch_labels.py
[2023-08-14T13:35:14.834+0300] {logging_mixin.py:150} INFO - [2023-08-14T13:35:14.833+0300] {dag.py:2742} INFO - Sync 1 DAGs
[2023-08-14T13:35:14.878+0300] {logging_mixin.py:150} INFO - [2023-08-14T13:35:14.878+0300] {dag.py:3504} INFO - Setting next_dagrun for example_branch_labels to 2023-08-13T00:00:00+00:00, run_after=2023-08-14T00:00:00+00:00
[2023-08-14T13:35:15.255+0300] {processor.py:179} INFO - Processing /home/soamariaka/.local/lib/python3.9/site-packages/airflow/example_dags/example_branch_labels.py took 0.487 seconds
[2023-08-14T13:36:19.522+0300] {processor.py:157} INFO - Started process (PID=11087) to work on /home/soamariaka/.local/lib/python3.9/site-packages/airflow/example_dags/example_branch_labels.py
[2023-08-14T13:36:19.525+0300] {processor.py:826} INFO - Processing file /home/soamariaka/.local/lib/python3.9/site-packages/airflow/example_dags/example_branch_labels.py for tasks to queue
[2023-08-14T13:36:19.526+0300] {logging_mixin.py:150} INFO - [2023-08-14T13:36:19.526+0300] {dagbag.py:541} INFO - Filling up the DagBag from /home/soamariaka/.local/lib/python3.9/site-packages/airflow/example_dags/example_branch_labels.py
[2023-08-14T13:36:19.541+0300] {processor.py:836} INFO - DAG(s) dict_keys(['example_branch_labels']) retrieved from /home/soamariaka/.local/lib/python3.9/site-packages/airflow/example_dags/example_branch_labels.py
[2023-08-14T13:36:19.570+0300] {logging_mixin.py:150} INFO - [2023-08-14T13:36:19.569+0300] {dag.py:2742} INFO - Sync 1 DAGs
[2023-08-14T13:36:19.604+0300] {logging_mixin.py:150} INFO - [2023-08-14T13:36:19.604+0300] {dag.py:3504} INFO - Setting next_dagrun for example_branch_labels to 2023-08-13T00:00:00+00:00, run_after=2023-08-14T00:00:00+00:00
[2023-08-14T13:36:19.750+0300] {processor.py:179} INFO - Processing /home/soamariaka/.local/lib/python3.9/site-packages/airflow/example_dags/example_branch_labels.py took 0.234 seconds
[2023-08-14T13:37:16.964+0300] {processor.py:157} INFO - Started process (PID=11154) to work on /home/soamariaka/.local/lib/python3.9/site-packages/airflow/example_dags/example_branch_labels.py
[2023-08-14T13:37:16.967+0300] {processor.py:826} INFO - Processing file /home/soamariaka/.local/lib/python3.9/site-packages/airflow/example_dags/example_branch_labels.py for tasks to queue
[2023-08-14T13:37:16.968+0300] {logging_mixin.py:150} INFO - [2023-08-14T13:37:16.968+0300] {dagbag.py:541} INFO - Filling up the DagBag from /home/soamariaka/.local/lib/python3.9/site-packages/airflow/example_dags/example_branch_labels.py
[2023-08-14T13:37:16.982+0300] {processor.py:836} INFO - DAG(s) dict_keys(['example_branch_labels']) retrieved from /home/soamariaka/.local/lib/python3.9/site-packages/airflow/example_dags/example_branch_labels.py
[2023-08-14T13:37:17.011+0300] {logging_mixin.py:150} INFO - [2023-08-14T13:37:17.011+0300] {dag.py:2742} INFO - Sync 1 DAGs
[2023-08-14T13:37:17.044+0300] {logging_mixin.py:150} INFO - [2023-08-14T13:37:17.044+0300] {dag.py:3504} INFO - Setting next_dagrun for example_branch_labels to 2023-08-13T00:00:00+00:00, run_after=2023-08-14T00:00:00+00:00
[2023-08-14T13:37:17.173+0300] {processor.py:179} INFO - Processing /home/soamariaka/.local/lib/python3.9/site-packages/airflow/example_dags/example_branch_labels.py took 0.214 seconds
[2023-08-14T13:38:16.396+0300] {processor.py:157} INFO - Started process (PID=11271) to work on /home/soamariaka/.local/lib/python3.9/site-packages/airflow/example_dags/example_branch_labels.py
[2023-08-14T13:38:16.397+0300] {processor.py:826} INFO - Processing file /home/soamariaka/.local/lib/python3.9/site-packages/airflow/example_dags/example_branch_labels.py for tasks to queue
[2023-08-14T13:38:16.399+0300] {logging_mixin.py:150} INFO - [2023-08-14T13:38:16.398+0300] {dagbag.py:541} INFO - Filling up the DagBag from /home/soamariaka/.local/lib/python3.9/site-packages/airflow/example_dags/example_branch_labels.py
[2023-08-14T13:38:16.413+0300] {processor.py:836} INFO - DAG(s) dict_keys(['example_branch_labels']) retrieved from /home/soamariaka/.local/lib/python3.9/site-packages/airflow/example_dags/example_branch_labels.py
[2023-08-14T13:38:16.442+0300] {logging_mixin.py:150} INFO - [2023-08-14T13:38:16.442+0300] {dag.py:2742} INFO - Sync 1 DAGs
[2023-08-14T13:38:16.475+0300] {logging_mixin.py:150} INFO - [2023-08-14T13:38:16.475+0300] {dag.py:3504} INFO - Setting next_dagrun for example_branch_labels to 2023-08-13T00:00:00+00:00, run_after=2023-08-14T00:00:00+00:00
[2023-08-14T13:38:16.590+0300] {processor.py:179} INFO - Processing /home/soamariaka/.local/lib/python3.9/site-packages/airflow/example_dags/example_branch_labels.py took 0.200 seconds
[2023-08-14T13:39:22.649+0300] {processor.py:157} INFO - Started process (PID=11424) to work on /home/soamariaka/.local/lib/python3.9/site-packages/airflow/example_dags/example_branch_labels.py
[2023-08-14T13:39:22.652+0300] {processor.py:826} INFO - Processing file /home/soamariaka/.local/lib/python3.9/site-packages/airflow/example_dags/example_branch_labels.py for tasks to queue
[2023-08-14T13:39:22.653+0300] {logging_mixin.py:150} INFO - [2023-08-14T13:39:22.653+0300] {dagbag.py:541} INFO - Filling up the DagBag from /home/soamariaka/.local/lib/python3.9/site-packages/airflow/example_dags/example_branch_labels.py
[2023-08-14T13:39:22.669+0300] {processor.py:836} INFO - DAG(s) dict_keys(['example_branch_labels']) retrieved from /home/soamariaka/.local/lib/python3.9/site-packages/airflow/example_dags/example_branch_labels.py
[2023-08-14T13:39:22.703+0300] {logging_mixin.py:150} INFO - [2023-08-14T13:39:22.702+0300] {dag.py:2742} INFO - Sync 1 DAGs
[2023-08-14T13:39:22.757+0300] {logging_mixin.py:150} INFO - [2023-08-14T13:39:22.757+0300] {dag.py:3504} INFO - Setting next_dagrun for example_branch_labels to 2023-08-13T00:00:00+00:00, run_after=2023-08-14T00:00:00+00:00
[2023-08-14T13:39:22.944+0300] {processor.py:179} INFO - Processing /home/soamariaka/.local/lib/python3.9/site-packages/airflow/example_dags/example_branch_labels.py took 0.301 seconds
[2023-08-14T13:40:23.513+0300] {processor.py:157} INFO - Started process (PID=11495) to work on /home/soamariaka/.local/lib/python3.9/site-packages/airflow/example_dags/example_branch_labels.py
[2023-08-14T13:40:23.515+0300] {processor.py:826} INFO - Processing file /home/soamariaka/.local/lib/python3.9/site-packages/airflow/example_dags/example_branch_labels.py for tasks to queue
[2023-08-14T13:40:23.517+0300] {logging_mixin.py:150} INFO - [2023-08-14T13:40:23.516+0300] {dagbag.py:541} INFO - Filling up the DagBag from /home/soamariaka/.local/lib/python3.9/site-packages/airflow/example_dags/example_branch_labels.py
[2023-08-14T13:40:23.532+0300] {processor.py:836} INFO - DAG(s) dict_keys(['example_branch_labels']) retrieved from /home/soamariaka/.local/lib/python3.9/site-packages/airflow/example_dags/example_branch_labels.py
[2023-08-14T13:40:23.561+0300] {logging_mixin.py:150} INFO - [2023-08-14T13:40:23.561+0300] {dag.py:2742} INFO - Sync 1 DAGs
[2023-08-14T13:40:23.596+0300] {logging_mixin.py:150} INFO - [2023-08-14T13:40:23.595+0300] {dag.py:3504} INFO - Setting next_dagrun for example_branch_labels to 2023-08-13T00:00:00+00:00, run_after=2023-08-14T00:00:00+00:00
[2023-08-14T13:40:23.737+0300] {processor.py:179} INFO - Processing /home/soamariaka/.local/lib/python3.9/site-packages/airflow/example_dags/example_branch_labels.py took 0.229 seconds
[2023-08-14T13:41:19.425+0300] {processor.py:157} INFO - Started process (PID=11578) to work on /home/soamariaka/.local/lib/python3.9/site-packages/airflow/example_dags/example_branch_labels.py
[2023-08-14T13:41:19.427+0300] {processor.py:826} INFO - Processing file /home/soamariaka/.local/lib/python3.9/site-packages/airflow/example_dags/example_branch_labels.py for tasks to queue
[2023-08-14T13:41:19.428+0300] {logging_mixin.py:150} INFO - [2023-08-14T13:41:19.428+0300] {dagbag.py:541} INFO - Filling up the DagBag from /home/soamariaka/.local/lib/python3.9/site-packages/airflow/example_dags/example_branch_labels.py
[2023-08-14T13:41:19.442+0300] {processor.py:836} INFO - DAG(s) dict_keys(['example_branch_labels']) retrieved from /home/soamariaka/.local/lib/python3.9/site-packages/airflow/example_dags/example_branch_labels.py
[2023-08-14T13:41:19.469+0300] {logging_mixin.py:150} INFO - [2023-08-14T13:41:19.468+0300] {dag.py:2742} INFO - Sync 1 DAGs
[2023-08-14T13:41:19.502+0300] {logging_mixin.py:150} INFO - [2023-08-14T13:41:19.502+0300] {dag.py:3504} INFO - Setting next_dagrun for example_branch_labels to 2023-08-13T00:00:00+00:00, run_after=2023-08-14T00:00:00+00:00
[2023-08-14T13:41:19.740+0300] {processor.py:179} INFO - Processing /home/soamariaka/.local/lib/python3.9/site-packages/airflow/example_dags/example_branch_labels.py took 0.319 seconds
[2023-08-14T13:42:17.209+0300] {processor.py:157} INFO - Started process (PID=11628) to work on /home/soamariaka/.local/lib/python3.9/site-packages/airflow/example_dags/example_branch_labels.py
[2023-08-14T13:42:17.212+0300] {processor.py:826} INFO - Processing file /home/soamariaka/.local/lib/python3.9/site-packages/airflow/example_dags/example_branch_labels.py for tasks to queue
[2023-08-14T13:42:17.214+0300] {logging_mixin.py:150} INFO - [2023-08-14T13:42:17.213+0300] {dagbag.py:541} INFO - Filling up the DagBag from /home/soamariaka/.local/lib/python3.9/site-packages/airflow/example_dags/example_branch_labels.py
[2023-08-14T13:42:17.233+0300] {processor.py:836} INFO - DAG(s) dict_keys(['example_branch_labels']) retrieved from /home/soamariaka/.local/lib/python3.9/site-packages/airflow/example_dags/example_branch_labels.py
[2023-08-14T13:42:17.277+0300] {logging_mixin.py:150} INFO - [2023-08-14T13:42:17.276+0300] {dag.py:2742} INFO - Sync 1 DAGs
[2023-08-14T13:42:17.325+0300] {logging_mixin.py:150} INFO - [2023-08-14T13:42:17.325+0300] {dag.py:3504} INFO - Setting next_dagrun for example_branch_labels to 2023-08-13T00:00:00+00:00, run_after=2023-08-14T00:00:00+00:00
[2023-08-14T13:42:17.466+0300] {processor.py:179} INFO - Processing /home/soamariaka/.local/lib/python3.9/site-packages/airflow/example_dags/example_branch_labels.py took 0.265 seconds
[2023-08-14T13:43:37.877+0300] {processor.py:157} INFO - Started process (PID=11734) to work on /home/soamariaka/.local/lib/python3.9/site-packages/airflow/example_dags/example_branch_labels.py
[2023-08-14T13:43:37.879+0300] {processor.py:826} INFO - Processing file /home/soamariaka/.local/lib/python3.9/site-packages/airflow/example_dags/example_branch_labels.py for tasks to queue
[2023-08-14T13:43:37.880+0300] {logging_mixin.py:150} INFO - [2023-08-14T13:43:37.879+0300] {dagbag.py:541} INFO - Filling up the DagBag from /home/soamariaka/.local/lib/python3.9/site-packages/airflow/example_dags/example_branch_labels.py
[2023-08-14T13:43:37.895+0300] {processor.py:836} INFO - DAG(s) dict_keys(['example_branch_labels']) retrieved from /home/soamariaka/.local/lib/python3.9/site-packages/airflow/example_dags/example_branch_labels.py
[2023-08-14T13:43:37.937+0300] {logging_mixin.py:150} INFO - [2023-08-14T13:43:37.936+0300] {dag.py:2742} INFO - Sync 1 DAGs
[2023-08-14T13:43:37.990+0300] {logging_mixin.py:150} INFO - [2023-08-14T13:43:37.990+0300] {dag.py:3504} INFO - Setting next_dagrun for example_branch_labels to 2023-08-13T00:00:00+00:00, run_after=2023-08-14T00:00:00+00:00
[2023-08-14T13:43:38.271+0300] {processor.py:179} INFO - Processing /home/soamariaka/.local/lib/python3.9/site-packages/airflow/example_dags/example_branch_labels.py took 0.399 seconds
[2023-08-14T13:44:39.687+0300] {processor.py:157} INFO - Started process (PID=11784) to work on /home/soamariaka/.local/lib/python3.9/site-packages/airflow/example_dags/example_branch_labels.py
[2023-08-14T13:44:39.690+0300] {processor.py:826} INFO - Processing file /home/soamariaka/.local/lib/python3.9/site-packages/airflow/example_dags/example_branch_labels.py for tasks to queue
[2023-08-14T13:44:39.691+0300] {logging_mixin.py:150} INFO - [2023-08-14T13:44:39.691+0300] {dagbag.py:541} INFO - Filling up the DagBag from /home/soamariaka/.local/lib/python3.9/site-packages/airflow/example_dags/example_branch_labels.py
[2023-08-14T13:44:39.706+0300] {processor.py:836} INFO - DAG(s) dict_keys(['example_branch_labels']) retrieved from /home/soamariaka/.local/lib/python3.9/site-packages/airflow/example_dags/example_branch_labels.py
[2023-08-14T13:44:39.734+0300] {logging_mixin.py:150} INFO - [2023-08-14T13:44:39.734+0300] {dag.py:2742} INFO - Sync 1 DAGs
[2023-08-14T13:44:39.768+0300] {logging_mixin.py:150} INFO - [2023-08-14T13:44:39.768+0300] {dag.py:3504} INFO - Setting next_dagrun for example_branch_labels to 2023-08-13T00:00:00+00:00, run_after=2023-08-14T00:00:00+00:00
[2023-08-14T13:44:40.015+0300] {processor.py:179} INFO - Processing /home/soamariaka/.local/lib/python3.9/site-packages/airflow/example_dags/example_branch_labels.py took 0.333 seconds
[2023-08-14T13:45:47.510+0300] {processor.py:157} INFO - Started process (PID=11896) to work on /home/soamariaka/.local/lib/python3.9/site-packages/airflow/example_dags/example_branch_labels.py
[2023-08-14T13:45:47.513+0300] {processor.py:826} INFO - Processing file /home/soamariaka/.local/lib/python3.9/site-packages/airflow/example_dags/example_branch_labels.py for tasks to queue
[2023-08-14T13:45:47.514+0300] {logging_mixin.py:150} INFO - [2023-08-14T13:45:47.514+0300] {dagbag.py:541} INFO - Filling up the DagBag from /home/soamariaka/.local/lib/python3.9/site-packages/airflow/example_dags/example_branch_labels.py
[2023-08-14T13:45:47.528+0300] {processor.py:836} INFO - DAG(s) dict_keys(['example_branch_labels']) retrieved from /home/soamariaka/.local/lib/python3.9/site-packages/airflow/example_dags/example_branch_labels.py
[2023-08-14T13:45:47.557+0300] {logging_mixin.py:150} INFO - [2023-08-14T13:45:47.557+0300] {dag.py:2742} INFO - Sync 1 DAGs
[2023-08-14T13:45:47.590+0300] {logging_mixin.py:150} INFO - [2023-08-14T13:45:47.590+0300] {dag.py:3504} INFO - Setting next_dagrun for example_branch_labels to 2023-08-13T00:00:00+00:00, run_after=2023-08-14T00:00:00+00:00
[2023-08-14T13:45:47.717+0300] {processor.py:179} INFO - Processing /home/soamariaka/.local/lib/python3.9/site-packages/airflow/example_dags/example_branch_labels.py took 0.212 seconds
[2023-08-14T13:46:51.610+0300] {processor.py:157} INFO - Started process (PID=11952) to work on /home/soamariaka/.local/lib/python3.9/site-packages/airflow/example_dags/example_branch_labels.py
[2023-08-14T13:46:51.612+0300] {processor.py:826} INFO - Processing file /home/soamariaka/.local/lib/python3.9/site-packages/airflow/example_dags/example_branch_labels.py for tasks to queue
[2023-08-14T13:46:51.614+0300] {logging_mixin.py:150} INFO - [2023-08-14T13:46:51.613+0300] {dagbag.py:541} INFO - Filling up the DagBag from /home/soamariaka/.local/lib/python3.9/site-packages/airflow/example_dags/example_branch_labels.py
[2023-08-14T13:46:51.625+0300] {processor.py:836} INFO - DAG(s) dict_keys(['example_branch_labels']) retrieved from /home/soamariaka/.local/lib/python3.9/site-packages/airflow/example_dags/example_branch_labels.py
[2023-08-14T13:46:51.652+0300] {logging_mixin.py:150} INFO - [2023-08-14T13:46:51.651+0300] {dag.py:2742} INFO - Sync 1 DAGs
[2023-08-14T13:46:51.685+0300] {logging_mixin.py:150} INFO - [2023-08-14T13:46:51.685+0300] {dag.py:3504} INFO - Setting next_dagrun for example_branch_labels to 2023-08-13T00:00:00+00:00, run_after=2023-08-14T00:00:00+00:00
[2023-08-14T13:46:51.813+0300] {processor.py:179} INFO - Processing /home/soamariaka/.local/lib/python3.9/site-packages/airflow/example_dags/example_branch_labels.py took 0.209 seconds
[2023-08-14T13:47:52.006+0300] {processor.py:157} INFO - Started process (PID=12009) to work on /home/soamariaka/.local/lib/python3.9/site-packages/airflow/example_dags/example_branch_labels.py
[2023-08-14T13:47:52.008+0300] {processor.py:826} INFO - Processing file /home/soamariaka/.local/lib/python3.9/site-packages/airflow/example_dags/example_branch_labels.py for tasks to queue
[2023-08-14T13:47:52.009+0300] {logging_mixin.py:150} INFO - [2023-08-14T13:47:52.009+0300] {dagbag.py:541} INFO - Filling up the DagBag from /home/soamariaka/.local/lib/python3.9/site-packages/airflow/example_dags/example_branch_labels.py
[2023-08-14T13:47:52.024+0300] {processor.py:836} INFO - DAG(s) dict_keys(['example_branch_labels']) retrieved from /home/soamariaka/.local/lib/python3.9/site-packages/airflow/example_dags/example_branch_labels.py
[2023-08-14T13:47:52.052+0300] {logging_mixin.py:150} INFO - [2023-08-14T13:47:52.052+0300] {dag.py:2742} INFO - Sync 1 DAGs
[2023-08-14T13:47:52.088+0300] {logging_mixin.py:150} INFO - [2023-08-14T13:47:52.088+0300] {dag.py:3504} INFO - Setting next_dagrun for example_branch_labels to 2023-08-13T00:00:00+00:00, run_after=2023-08-14T00:00:00+00:00
[2023-08-14T13:47:52.370+0300] {processor.py:179} INFO - Processing /home/soamariaka/.local/lib/python3.9/site-packages/airflow/example_dags/example_branch_labels.py took 0.369 seconds
[2023-08-14T13:48:54.380+0300] {processor.py:157} INFO - Started process (PID=12102) to work on /home/soamariaka/.local/lib/python3.9/site-packages/airflow/example_dags/example_branch_labels.py
[2023-08-14T13:48:54.417+0300] {processor.py:826} INFO - Processing file /home/soamariaka/.local/lib/python3.9/site-packages/airflow/example_dags/example_branch_labels.py for tasks to queue
[2023-08-14T13:48:54.418+0300] {logging_mixin.py:150} INFO - [2023-08-14T13:48:54.418+0300] {dagbag.py:541} INFO - Filling up the DagBag from /home/soamariaka/.local/lib/python3.9/site-packages/airflow/example_dags/example_branch_labels.py
[2023-08-14T13:48:54.433+0300] {processor.py:836} INFO - DAG(s) dict_keys(['example_branch_labels']) retrieved from /home/soamariaka/.local/lib/python3.9/site-packages/airflow/example_dags/example_branch_labels.py
[2023-08-14T13:48:54.466+0300] {logging_mixin.py:150} INFO - [2023-08-14T13:48:54.466+0300] {dag.py:2742} INFO - Sync 1 DAGs
[2023-08-14T13:48:54.502+0300] {logging_mixin.py:150} INFO - [2023-08-14T13:48:54.502+0300] {dag.py:3504} INFO - Setting next_dagrun for example_branch_labels to 2023-08-13T00:00:00+00:00, run_after=2023-08-14T00:00:00+00:00
[2023-08-14T13:48:54.688+0300] {processor.py:179} INFO - Processing /home/soamariaka/.local/lib/python3.9/site-packages/airflow/example_dags/example_branch_labels.py took 0.314 seconds
[2023-08-14T13:49:56.380+0300] {processor.py:157} INFO - Started process (PID=12178) to work on /home/soamariaka/.local/lib/python3.9/site-packages/airflow/example_dags/example_branch_labels.py
[2023-08-14T13:49:56.382+0300] {processor.py:826} INFO - Processing file /home/soamariaka/.local/lib/python3.9/site-packages/airflow/example_dags/example_branch_labels.py for tasks to queue
[2023-08-14T13:49:56.384+0300] {logging_mixin.py:150} INFO - [2023-08-14T13:49:56.383+0300] {dagbag.py:541} INFO - Filling up the DagBag from /home/soamariaka/.local/lib/python3.9/site-packages/airflow/example_dags/example_branch_labels.py
[2023-08-14T13:49:56.398+0300] {processor.py:836} INFO - DAG(s) dict_keys(['example_branch_labels']) retrieved from /home/soamariaka/.local/lib/python3.9/site-packages/airflow/example_dags/example_branch_labels.py
[2023-08-14T13:49:56.427+0300] {logging_mixin.py:150} INFO - [2023-08-14T13:49:56.426+0300] {dag.py:2742} INFO - Sync 1 DAGs
[2023-08-14T13:49:56.460+0300] {logging_mixin.py:150} INFO - [2023-08-14T13:49:56.460+0300] {dag.py:3504} INFO - Setting next_dagrun for example_branch_labels to 2023-08-13T00:00:00+00:00, run_after=2023-08-14T00:00:00+00:00
[2023-08-14T13:49:56.600+0300] {processor.py:179} INFO - Processing /home/soamariaka/.local/lib/python3.9/site-packages/airflow/example_dags/example_branch_labels.py took 0.225 seconds
[2023-08-14T13:51:01.836+0300] {processor.py:157} INFO - Started process (PID=12236) to work on /home/soamariaka/.local/lib/python3.9/site-packages/airflow/example_dags/example_branch_labels.py
[2023-08-14T13:51:01.838+0300] {processor.py:826} INFO - Processing file /home/soamariaka/.local/lib/python3.9/site-packages/airflow/example_dags/example_branch_labels.py for tasks to queue
[2023-08-14T13:51:01.841+0300] {logging_mixin.py:150} INFO - [2023-08-14T13:51:01.840+0300] {dagbag.py:541} INFO - Filling up the DagBag from /home/soamariaka/.local/lib/python3.9/site-packages/airflow/example_dags/example_branch_labels.py
[2023-08-14T13:51:01.857+0300] {processor.py:836} INFO - DAG(s) dict_keys(['example_branch_labels']) retrieved from /home/soamariaka/.local/lib/python3.9/site-packages/airflow/example_dags/example_branch_labels.py
[2023-08-14T13:51:01.907+0300] {logging_mixin.py:150} INFO - [2023-08-14T13:51:01.906+0300] {dag.py:2742} INFO - Sync 1 DAGs
[2023-08-14T13:51:01.957+0300] {logging_mixin.py:150} INFO - [2023-08-14T13:51:01.956+0300] {dag.py:3504} INFO - Setting next_dagrun for example_branch_labels to 2023-08-13T00:00:00+00:00, run_after=2023-08-14T00:00:00+00:00
[2023-08-14T13:51:02.228+0300] {processor.py:179} INFO - Processing /home/soamariaka/.local/lib/python3.9/site-packages/airflow/example_dags/example_branch_labels.py took 0.398 seconds
[2023-08-14T13:52:06.896+0300] {processor.py:157} INFO - Started process (PID=12335) to work on /home/soamariaka/.local/lib/python3.9/site-packages/airflow/example_dags/example_branch_labels.py
[2023-08-14T13:52:06.898+0300] {processor.py:826} INFO - Processing file /home/soamariaka/.local/lib/python3.9/site-packages/airflow/example_dags/example_branch_labels.py for tasks to queue
[2023-08-14T13:52:06.899+0300] {logging_mixin.py:150} INFO - [2023-08-14T13:52:06.899+0300] {dagbag.py:541} INFO - Filling up the DagBag from /home/soamariaka/.local/lib/python3.9/site-packages/airflow/example_dags/example_branch_labels.py
[2023-08-14T13:52:06.913+0300] {processor.py:836} INFO - DAG(s) dict_keys(['example_branch_labels']) retrieved from /home/soamariaka/.local/lib/python3.9/site-packages/airflow/example_dags/example_branch_labels.py
[2023-08-14T13:52:06.942+0300] {logging_mixin.py:150} INFO - [2023-08-14T13:52:06.942+0300] {dag.py:2742} INFO - Sync 1 DAGs
[2023-08-14T13:52:06.975+0300] {logging_mixin.py:150} INFO - [2023-08-14T13:52:06.975+0300] {dag.py:3504} INFO - Setting next_dagrun for example_branch_labels to 2023-08-13T00:00:00+00:00, run_after=2023-08-14T00:00:00+00:00
[2023-08-14T13:52:07.272+0300] {processor.py:179} INFO - Processing /home/soamariaka/.local/lib/python3.9/site-packages/airflow/example_dags/example_branch_labels.py took 0.381 seconds
[2023-08-14T13:53:08.862+0300] {processor.py:157} INFO - Started process (PID=12394) to work on /home/soamariaka/.local/lib/python3.9/site-packages/airflow/example_dags/example_branch_labels.py
[2023-08-14T13:53:08.867+0300] {processor.py:826} INFO - Processing file /home/soamariaka/.local/lib/python3.9/site-packages/airflow/example_dags/example_branch_labels.py for tasks to queue
[2023-08-14T13:53:08.869+0300] {logging_mixin.py:150} INFO - [2023-08-14T13:53:08.868+0300] {dagbag.py:541} INFO - Filling up the DagBag from /home/soamariaka/.local/lib/python3.9/site-packages/airflow/example_dags/example_branch_labels.py
[2023-08-14T13:53:08.884+0300] {processor.py:836} INFO - DAG(s) dict_keys(['example_branch_labels']) retrieved from /home/soamariaka/.local/lib/python3.9/site-packages/airflow/example_dags/example_branch_labels.py
[2023-08-14T13:53:08.915+0300] {logging_mixin.py:150} INFO - [2023-08-14T13:53:08.914+0300] {dag.py:2742} INFO - Sync 1 DAGs
[2023-08-14T13:53:08.952+0300] {logging_mixin.py:150} INFO - [2023-08-14T13:53:08.952+0300] {dag.py:3504} INFO - Setting next_dagrun for example_branch_labels to 2023-08-13T00:00:00+00:00, run_after=2023-08-14T00:00:00+00:00
[2023-08-14T13:53:09.213+0300] {processor.py:179} INFO - Processing /home/soamariaka/.local/lib/python3.9/site-packages/airflow/example_dags/example_branch_labels.py took 0.357 seconds
[2023-08-14T13:54:14.557+0300] {processor.py:157} INFO - Started process (PID=12451) to work on /home/soamariaka/.local/lib/python3.9/site-packages/airflow/example_dags/example_branch_labels.py
[2023-08-14T13:54:14.560+0300] {processor.py:826} INFO - Processing file /home/soamariaka/.local/lib/python3.9/site-packages/airflow/example_dags/example_branch_labels.py for tasks to queue
[2023-08-14T13:54:14.561+0300] {logging_mixin.py:150} INFO - [2023-08-14T13:54:14.560+0300] {dagbag.py:541} INFO - Filling up the DagBag from /home/soamariaka/.local/lib/python3.9/site-packages/airflow/example_dags/example_branch_labels.py
[2023-08-14T13:54:14.572+0300] {processor.py:836} INFO - DAG(s) dict_keys(['example_branch_labels']) retrieved from /home/soamariaka/.local/lib/python3.9/site-packages/airflow/example_dags/example_branch_labels.py
[2023-08-14T13:54:14.599+0300] {logging_mixin.py:150} INFO - [2023-08-14T13:54:14.599+0300] {dag.py:2742} INFO - Sync 1 DAGs
[2023-08-14T13:54:14.633+0300] {logging_mixin.py:150} INFO - [2023-08-14T13:54:14.633+0300] {dag.py:3504} INFO - Setting next_dagrun for example_branch_labels to 2023-08-13T00:00:00+00:00, run_after=2023-08-14T00:00:00+00:00
[2023-08-14T13:54:14.755+0300] {processor.py:179} INFO - Processing /home/soamariaka/.local/lib/python3.9/site-packages/airflow/example_dags/example_branch_labels.py took 0.203 seconds
[2023-08-14T13:55:19.816+0300] {processor.py:157} INFO - Started process (PID=12563) to work on /home/soamariaka/.local/lib/python3.9/site-packages/airflow/example_dags/example_branch_labels.py
[2023-08-14T13:55:19.842+0300] {processor.py:826} INFO - Processing file /home/soamariaka/.local/lib/python3.9/site-packages/airflow/example_dags/example_branch_labels.py for tasks to queue
[2023-08-14T13:55:19.844+0300] {logging_mixin.py:150} INFO - [2023-08-14T13:55:19.843+0300] {dagbag.py:541} INFO - Filling up the DagBag from /home/soamariaka/.local/lib/python3.9/site-packages/airflow/example_dags/example_branch_labels.py
[2023-08-14T13:55:19.858+0300] {processor.py:836} INFO - DAG(s) dict_keys(['example_branch_labels']) retrieved from /home/soamariaka/.local/lib/python3.9/site-packages/airflow/example_dags/example_branch_labels.py
[2023-08-14T13:55:19.891+0300] {logging_mixin.py:150} INFO - [2023-08-14T13:55:19.891+0300] {dag.py:2742} INFO - Sync 1 DAGs
[2023-08-14T13:55:19.926+0300] {logging_mixin.py:150} INFO - [2023-08-14T13:55:19.926+0300] {dag.py:3504} INFO - Setting next_dagrun for example_branch_labels to 2023-08-13T00:00:00+00:00, run_after=2023-08-14T00:00:00+00:00
[2023-08-14T13:55:20.240+0300] {processor.py:179} INFO - Processing /home/soamariaka/.local/lib/python3.9/site-packages/airflow/example_dags/example_branch_labels.py took 0.430 seconds
[2023-08-14T13:56:26.993+0300] {processor.py:157} INFO - Started process (PID=12648) to work on /home/soamariaka/.local/lib/python3.9/site-packages/airflow/example_dags/example_branch_labels.py
[2023-08-14T13:56:27.131+0300] {processor.py:826} INFO - Processing file /home/soamariaka/.local/lib/python3.9/site-packages/airflow/example_dags/example_branch_labels.py for tasks to queue
[2023-08-14T13:56:27.133+0300] {logging_mixin.py:150} INFO - [2023-08-14T13:56:27.132+0300] {dagbag.py:541} INFO - Filling up the DagBag from /home/soamariaka/.local/lib/python3.9/site-packages/airflow/example_dags/example_branch_labels.py
[2023-08-14T13:56:27.152+0300] {processor.py:836} INFO - DAG(s) dict_keys(['example_branch_labels']) retrieved from /home/soamariaka/.local/lib/python3.9/site-packages/airflow/example_dags/example_branch_labels.py
[2023-08-14T13:56:27.195+0300] {logging_mixin.py:150} INFO - [2023-08-14T13:56:27.194+0300] {dag.py:2742} INFO - Sync 1 DAGs
[2023-08-14T13:56:27.233+0300] {logging_mixin.py:150} INFO - [2023-08-14T13:56:27.233+0300] {dag.py:3504} INFO - Setting next_dagrun for example_branch_labels to 2023-08-13T00:00:00+00:00, run_after=2023-08-14T00:00:00+00:00
[2023-08-14T13:56:27.642+0300] {processor.py:179} INFO - Processing /home/soamariaka/.local/lib/python3.9/site-packages/airflow/example_dags/example_branch_labels.py took 0.654 seconds
[2023-08-14T13:57:35.973+0300] {processor.py:157} INFO - Started process (PID=12708) to work on /home/soamariaka/.local/lib/python3.9/site-packages/airflow/example_dags/example_branch_labels.py
[2023-08-14T13:57:35.975+0300] {processor.py:826} INFO - Processing file /home/soamariaka/.local/lib/python3.9/site-packages/airflow/example_dags/example_branch_labels.py for tasks to queue
[2023-08-14T13:57:35.976+0300] {logging_mixin.py:150} INFO - [2023-08-14T13:57:35.976+0300] {dagbag.py:541} INFO - Filling up the DagBag from /home/soamariaka/.local/lib/python3.9/site-packages/airflow/example_dags/example_branch_labels.py
[2023-08-14T13:57:35.991+0300] {processor.py:836} INFO - DAG(s) dict_keys(['example_branch_labels']) retrieved from /home/soamariaka/.local/lib/python3.9/site-packages/airflow/example_dags/example_branch_labels.py
[2023-08-14T13:57:36.020+0300] {logging_mixin.py:150} INFO - [2023-08-14T13:57:36.019+0300] {dag.py:2742} INFO - Sync 1 DAGs
[2023-08-14T13:57:36.058+0300] {logging_mixin.py:150} INFO - [2023-08-14T13:57:36.058+0300] {dag.py:3504} INFO - Setting next_dagrun for example_branch_labels to 2023-08-13T00:00:00+00:00, run_after=2023-08-14T00:00:00+00:00
[2023-08-14T13:57:36.321+0300] {processor.py:179} INFO - Processing /home/soamariaka/.local/lib/python3.9/site-packages/airflow/example_dags/example_branch_labels.py took 0.353 seconds
[2023-08-14T13:58:38.226+0300] {processor.py:157} INFO - Started process (PID=12798) to work on /home/soamariaka/.local/lib/python3.9/site-packages/airflow/example_dags/example_branch_labels.py
[2023-08-14T13:58:38.228+0300] {processor.py:826} INFO - Processing file /home/soamariaka/.local/lib/python3.9/site-packages/airflow/example_dags/example_branch_labels.py for tasks to queue
[2023-08-14T13:58:38.230+0300] {logging_mixin.py:150} INFO - [2023-08-14T13:58:38.229+0300] {dagbag.py:541} INFO - Filling up the DagBag from /home/soamariaka/.local/lib/python3.9/site-packages/airflow/example_dags/example_branch_labels.py
[2023-08-14T13:58:38.244+0300] {processor.py:836} INFO - DAG(s) dict_keys(['example_branch_labels']) retrieved from /home/soamariaka/.local/lib/python3.9/site-packages/airflow/example_dags/example_branch_labels.py
[2023-08-14T13:58:38.273+0300] {logging_mixin.py:150} INFO - [2023-08-14T13:58:38.273+0300] {dag.py:2742} INFO - Sync 1 DAGs
[2023-08-14T13:58:38.326+0300] {logging_mixin.py:150} INFO - [2023-08-14T13:58:38.325+0300] {dag.py:3504} INFO - Setting next_dagrun for example_branch_labels to 2023-08-13T00:00:00+00:00, run_after=2023-08-14T00:00:00+00:00
[2023-08-14T13:58:38.596+0300] {processor.py:179} INFO - Processing /home/soamariaka/.local/lib/python3.9/site-packages/airflow/example_dags/example_branch_labels.py took 0.375 seconds
[2023-08-14T13:59:42.445+0300] {processor.py:157} INFO - Started process (PID=12857) to work on /home/soamariaka/.local/lib/python3.9/site-packages/airflow/example_dags/example_branch_labels.py
[2023-08-14T13:59:42.448+0300] {processor.py:826} INFO - Processing file /home/soamariaka/.local/lib/python3.9/site-packages/airflow/example_dags/example_branch_labels.py for tasks to queue
[2023-08-14T13:59:42.449+0300] {logging_mixin.py:150} INFO - [2023-08-14T13:59:42.449+0300] {dagbag.py:541} INFO - Filling up the DagBag from /home/soamariaka/.local/lib/python3.9/site-packages/airflow/example_dags/example_branch_labels.py
[2023-08-14T13:59:42.464+0300] {processor.py:836} INFO - DAG(s) dict_keys(['example_branch_labels']) retrieved from /home/soamariaka/.local/lib/python3.9/site-packages/airflow/example_dags/example_branch_labels.py
[2023-08-14T13:59:42.493+0300] {logging_mixin.py:150} INFO - [2023-08-14T13:59:42.492+0300] {dag.py:2742} INFO - Sync 1 DAGs
[2023-08-14T13:59:42.526+0300] {logging_mixin.py:150} INFO - [2023-08-14T13:59:42.526+0300] {dag.py:3504} INFO - Setting next_dagrun for example_branch_labels to 2023-08-13T00:00:00+00:00, run_after=2023-08-14T00:00:00+00:00
[2023-08-14T13:59:42.679+0300] {processor.py:179} INFO - Processing /home/soamariaka/.local/lib/python3.9/site-packages/airflow/example_dags/example_branch_labels.py took 0.239 seconds
[2023-08-14T14:00:45.228+0300] {processor.py:157} INFO - Started process (PID=12939) to work on /home/soamariaka/.local/lib/python3.9/site-packages/airflow/example_dags/example_branch_labels.py
[2023-08-14T14:00:45.230+0300] {processor.py:826} INFO - Processing file /home/soamariaka/.local/lib/python3.9/site-packages/airflow/example_dags/example_branch_labels.py for tasks to queue
[2023-08-14T14:00:45.231+0300] {logging_mixin.py:150} INFO - [2023-08-14T14:00:45.231+0300] {dagbag.py:541} INFO - Filling up the DagBag from /home/soamariaka/.local/lib/python3.9/site-packages/airflow/example_dags/example_branch_labels.py
[2023-08-14T14:00:45.246+0300] {processor.py:836} INFO - DAG(s) dict_keys(['example_branch_labels']) retrieved from /home/soamariaka/.local/lib/python3.9/site-packages/airflow/example_dags/example_branch_labels.py
[2023-08-14T14:00:45.274+0300] {logging_mixin.py:150} INFO - [2023-08-14T14:00:45.274+0300] {dag.py:2742} INFO - Sync 1 DAGs
[2023-08-14T14:00:45.307+0300] {logging_mixin.py:150} INFO - [2023-08-14T14:00:45.307+0300] {dag.py:3504} INFO - Setting next_dagrun for example_branch_labels to 2023-08-13T00:00:00+00:00, run_after=2023-08-14T00:00:00+00:00
[2023-08-14T14:00:45.445+0300] {processor.py:179} INFO - Processing /home/soamariaka/.local/lib/python3.9/site-packages/airflow/example_dags/example_branch_labels.py took 0.223 seconds
[2023-08-14T14:01:50.145+0300] {processor.py:157} INFO - Started process (PID=13009) to work on /home/soamariaka/.local/lib/python3.9/site-packages/airflow/example_dags/example_branch_labels.py
[2023-08-14T14:01:50.170+0300] {processor.py:826} INFO - Processing file /home/soamariaka/.local/lib/python3.9/site-packages/airflow/example_dags/example_branch_labels.py for tasks to queue
[2023-08-14T14:01:50.187+0300] {logging_mixin.py:150} INFO - [2023-08-14T14:01:50.187+0300] {dagbag.py:541} INFO - Filling up the DagBag from /home/soamariaka/.local/lib/python3.9/site-packages/airflow/example_dags/example_branch_labels.py
[2023-08-14T14:01:50.204+0300] {processor.py:836} INFO - DAG(s) dict_keys(['example_branch_labels']) retrieved from /home/soamariaka/.local/lib/python3.9/site-packages/airflow/example_dags/example_branch_labels.py
[2023-08-14T14:01:50.239+0300] {logging_mixin.py:150} INFO - [2023-08-14T14:01:50.239+0300] {dag.py:2742} INFO - Sync 1 DAGs
[2023-08-14T14:01:50.275+0300] {logging_mixin.py:150} INFO - [2023-08-14T14:01:50.274+0300] {dag.py:3504} INFO - Setting next_dagrun for example_branch_labels to 2023-08-13T00:00:00+00:00, run_after=2023-08-14T00:00:00+00:00
[2023-08-14T14:01:50.453+0300] {processor.py:179} INFO - Processing /home/soamariaka/.local/lib/python3.9/site-packages/airflow/example_dags/example_branch_labels.py took 0.313 seconds
[2023-08-14T14:04:52.577+0300] {processor.py:157} INFO - Started process (PID=13734) to work on /home/soamariaka/.local/lib/python3.9/site-packages/airflow/example_dags/example_branch_labels.py
[2023-08-14T14:04:52.702+0300] {processor.py:826} INFO - Processing file /home/soamariaka/.local/lib/python3.9/site-packages/airflow/example_dags/example_branch_labels.py for tasks to queue
[2023-08-14T14:04:52.703+0300] {logging_mixin.py:150} INFO - [2023-08-14T14:04:52.703+0300] {dagbag.py:541} INFO - Filling up the DagBag from /home/soamariaka/.local/lib/python3.9/site-packages/airflow/example_dags/example_branch_labels.py
[2023-08-14T14:04:52.737+0300] {processor.py:836} INFO - DAG(s) dict_keys(['example_branch_labels']) retrieved from /home/soamariaka/.local/lib/python3.9/site-packages/airflow/example_dags/example_branch_labels.py
[2023-08-14T14:04:52.780+0300] {logging_mixin.py:150} INFO - [2023-08-14T14:04:52.780+0300] {dag.py:2742} INFO - Sync 1 DAGs
[2023-08-14T14:04:52.827+0300] {logging_mixin.py:150} INFO - [2023-08-14T14:04:52.826+0300] {dag.py:3504} INFO - Setting next_dagrun for example_branch_labels to 2023-08-13T00:00:00+00:00, run_after=2023-08-14T00:00:00+00:00
[2023-08-14T14:04:53.625+0300] {processor.py:179} INFO - Processing /home/soamariaka/.local/lib/python3.9/site-packages/airflow/example_dags/example_branch_labels.py took 1.054 seconds
[2023-08-14T14:06:23.639+0300] {processor.py:157} INFO - Started process (PID=13826) to work on /home/soamariaka/.local/lib/python3.9/site-packages/airflow/example_dags/example_branch_labels.py
[2023-08-14T14:06:23.649+0300] {processor.py:826} INFO - Processing file /home/soamariaka/.local/lib/python3.9/site-packages/airflow/example_dags/example_branch_labels.py for tasks to queue
[2023-08-14T14:06:23.767+0300] {logging_mixin.py:150} INFO - [2023-08-14T14:06:23.767+0300] {dagbag.py:541} INFO - Filling up the DagBag from /home/soamariaka/.local/lib/python3.9/site-packages/airflow/example_dags/example_branch_labels.py
[2023-08-14T14:06:23.790+0300] {processor.py:836} INFO - DAG(s) dict_keys(['example_branch_labels']) retrieved from /home/soamariaka/.local/lib/python3.9/site-packages/airflow/example_dags/example_branch_labels.py
[2023-08-14T14:06:23.837+0300] {logging_mixin.py:150} INFO - [2023-08-14T14:06:23.836+0300] {dag.py:2742} INFO - Sync 1 DAGs
[2023-08-14T14:06:23.876+0300] {logging_mixin.py:150} INFO - [2023-08-14T14:06:23.876+0300] {dag.py:3504} INFO - Setting next_dagrun for example_branch_labels to 2023-08-13T00:00:00+00:00, run_after=2023-08-14T00:00:00+00:00
[2023-08-14T14:06:24.157+0300] {processor.py:179} INFO - Processing /home/soamariaka/.local/lib/python3.9/site-packages/airflow/example_dags/example_branch_labels.py took 0.526 seconds
[2023-08-14T14:07:34.436+0300] {processor.py:157} INFO - Started process (PID=13926) to work on /home/soamariaka/.local/lib/python3.9/site-packages/airflow/example_dags/example_branch_labels.py
[2023-08-14T14:07:34.455+0300] {processor.py:826} INFO - Processing file /home/soamariaka/.local/lib/python3.9/site-packages/airflow/example_dags/example_branch_labels.py for tasks to queue
[2023-08-14T14:07:34.457+0300] {logging_mixin.py:150} INFO - [2023-08-14T14:07:34.456+0300] {dagbag.py:541} INFO - Filling up the DagBag from /home/soamariaka/.local/lib/python3.9/site-packages/airflow/example_dags/example_branch_labels.py
[2023-08-14T14:07:34.495+0300] {processor.py:836} INFO - DAG(s) dict_keys(['example_branch_labels']) retrieved from /home/soamariaka/.local/lib/python3.9/site-packages/airflow/example_dags/example_branch_labels.py
[2023-08-14T14:07:34.538+0300] {logging_mixin.py:150} INFO - [2023-08-14T14:07:34.538+0300] {dag.py:2742} INFO - Sync 1 DAGs
[2023-08-14T14:07:34.587+0300] {logging_mixin.py:150} INFO - [2023-08-14T14:07:34.587+0300] {dag.py:3504} INFO - Setting next_dagrun for example_branch_labels to 2023-08-13T00:00:00+00:00, run_after=2023-08-14T00:00:00+00:00
[2023-08-14T14:07:34.790+0300] {processor.py:179} INFO - Processing /home/soamariaka/.local/lib/python3.9/site-packages/airflow/example_dags/example_branch_labels.py took 0.361 seconds
[2023-08-14T14:09:40.337+0300] {processor.py:157} INFO - Started process (PID=14100) to work on /home/soamariaka/.local/lib/python3.9/site-packages/airflow/example_dags/example_branch_labels.py
[2023-08-14T14:09:40.338+0300] {processor.py:826} INFO - Processing file /home/soamariaka/.local/lib/python3.9/site-packages/airflow/example_dags/example_branch_labels.py for tasks to queue
[2023-08-14T14:09:40.340+0300] {logging_mixin.py:150} INFO - [2023-08-14T14:09:40.339+0300] {dagbag.py:541} INFO - Filling up the DagBag from /home/soamariaka/.local/lib/python3.9/site-packages/airflow/example_dags/example_branch_labels.py
[2023-08-14T14:09:40.354+0300] {processor.py:836} INFO - DAG(s) dict_keys(['example_branch_labels']) retrieved from /home/soamariaka/.local/lib/python3.9/site-packages/airflow/example_dags/example_branch_labels.py
[2023-08-14T14:09:40.383+0300] {logging_mixin.py:150} INFO - [2023-08-14T14:09:40.383+0300] {dag.py:2742} INFO - Sync 1 DAGs
[2023-08-14T14:09:40.418+0300] {logging_mixin.py:150} INFO - [2023-08-14T14:09:40.417+0300] {dag.py:3504} INFO - Setting next_dagrun for example_branch_labels to 2023-08-13T00:00:00+00:00, run_after=2023-08-14T00:00:00+00:00
[2023-08-14T14:09:40.573+0300] {processor.py:179} INFO - Processing /home/soamariaka/.local/lib/python3.9/site-packages/airflow/example_dags/example_branch_labels.py took 0.241 seconds
[2023-08-14T14:11:29.570+0300] {processor.py:157} INFO - Started process (PID=15063) to work on /home/soamariaka/.local/lib/python3.9/site-packages/airflow/example_dags/example_branch_labels.py
[2023-08-14T14:11:29.590+0300] {processor.py:826} INFO - Processing file /home/soamariaka/.local/lib/python3.9/site-packages/airflow/example_dags/example_branch_labels.py for tasks to queue
[2023-08-14T14:11:29.610+0300] {logging_mixin.py:150} INFO - [2023-08-14T14:11:29.610+0300] {dagbag.py:541} INFO - Filling up the DagBag from /home/soamariaka/.local/lib/python3.9/site-packages/airflow/example_dags/example_branch_labels.py
[2023-08-14T14:11:29.627+0300] {processor.py:836} INFO - DAG(s) dict_keys(['example_branch_labels']) retrieved from /home/soamariaka/.local/lib/python3.9/site-packages/airflow/example_dags/example_branch_labels.py
[2023-08-14T14:11:29.667+0300] {logging_mixin.py:150} INFO - [2023-08-14T14:11:29.666+0300] {dag.py:2742} INFO - Sync 1 DAGs
[2023-08-14T14:11:29.717+0300] {logging_mixin.py:150} INFO - [2023-08-14T14:11:29.716+0300] {dag.py:3504} INFO - Setting next_dagrun for example_branch_labels to 2023-08-13T00:00:00+00:00, run_after=2023-08-14T00:00:00+00:00
[2023-08-14T14:11:30.095+0300] {processor.py:179} INFO - Processing /home/soamariaka/.local/lib/python3.9/site-packages/airflow/example_dags/example_branch_labels.py took 0.530 seconds
[2023-08-14T14:12:44.581+0300] {processor.py:157} INFO - Started process (PID=15164) to work on /home/soamariaka/.local/lib/python3.9/site-packages/airflow/example_dags/example_branch_labels.py
[2023-08-14T14:12:44.621+0300] {processor.py:826} INFO - Processing file /home/soamariaka/.local/lib/python3.9/site-packages/airflow/example_dags/example_branch_labels.py for tasks to queue
[2023-08-14T14:12:44.622+0300] {logging_mixin.py:150} INFO - [2023-08-14T14:12:44.622+0300] {dagbag.py:541} INFO - Filling up the DagBag from /home/soamariaka/.local/lib/python3.9/site-packages/airflow/example_dags/example_branch_labels.py
[2023-08-14T14:12:44.637+0300] {processor.py:836} INFO - DAG(s) dict_keys(['example_branch_labels']) retrieved from /home/soamariaka/.local/lib/python3.9/site-packages/airflow/example_dags/example_branch_labels.py
[2023-08-14T14:12:44.671+0300] {logging_mixin.py:150} INFO - [2023-08-14T14:12:44.670+0300] {dag.py:2742} INFO - Sync 1 DAGs
[2023-08-14T14:12:44.706+0300] {logging_mixin.py:150} INFO - [2023-08-14T14:12:44.706+0300] {dag.py:3504} INFO - Setting next_dagrun for example_branch_labels to 2023-08-13T00:00:00+00:00, run_after=2023-08-14T00:00:00+00:00
[2023-08-14T14:12:44.925+0300] {processor.py:179} INFO - Processing /home/soamariaka/.local/lib/python3.9/site-packages/airflow/example_dags/example_branch_labels.py took 0.350 seconds
[2023-08-14T14:13:43.599+0300] {processor.py:157} INFO - Started process (PID=15303) to work on /home/soamariaka/.local/lib/python3.9/site-packages/airflow/example_dags/example_branch_labels.py
[2023-08-14T14:13:43.601+0300] {processor.py:826} INFO - Processing file /home/soamariaka/.local/lib/python3.9/site-packages/airflow/example_dags/example_branch_labels.py for tasks to queue
[2023-08-14T14:13:43.604+0300] {logging_mixin.py:150} INFO - [2023-08-14T14:13:43.603+0300] {dagbag.py:541} INFO - Filling up the DagBag from /home/soamariaka/.local/lib/python3.9/site-packages/airflow/example_dags/example_branch_labels.py
[2023-08-14T14:13:43.623+0300] {processor.py:836} INFO - DAG(s) dict_keys(['example_branch_labels']) retrieved from /home/soamariaka/.local/lib/python3.9/site-packages/airflow/example_dags/example_branch_labels.py
[2023-08-14T14:13:43.674+0300] {logging_mixin.py:150} INFO - [2023-08-14T14:13:43.674+0300] {dag.py:2742} INFO - Sync 1 DAGs
[2023-08-14T14:13:43.739+0300] {logging_mixin.py:150} INFO - [2023-08-14T14:13:43.739+0300] {dag.py:3504} INFO - Setting next_dagrun for example_branch_labels to 2023-08-13T00:00:00+00:00, run_after=2023-08-14T00:00:00+00:00
[2023-08-14T14:13:43.904+0300] {processor.py:179} INFO - Processing /home/soamariaka/.local/lib/python3.9/site-packages/airflow/example_dags/example_branch_labels.py took 0.313 seconds
[2023-08-14T14:14:50.532+0300] {processor.py:157} INFO - Started process (PID=15382) to work on /home/soamariaka/.local/lib/python3.9/site-packages/airflow/example_dags/example_branch_labels.py
[2023-08-14T14:14:50.534+0300] {processor.py:826} INFO - Processing file /home/soamariaka/.local/lib/python3.9/site-packages/airflow/example_dags/example_branch_labels.py for tasks to queue
[2023-08-14T14:14:50.536+0300] {logging_mixin.py:150} INFO - [2023-08-14T14:14:50.535+0300] {dagbag.py:541} INFO - Filling up the DagBag from /home/soamariaka/.local/lib/python3.9/site-packages/airflow/example_dags/example_branch_labels.py
[2023-08-14T14:14:50.550+0300] {processor.py:836} INFO - DAG(s) dict_keys(['example_branch_labels']) retrieved from /home/soamariaka/.local/lib/python3.9/site-packages/airflow/example_dags/example_branch_labels.py
[2023-08-14T14:14:50.579+0300] {logging_mixin.py:150} INFO - [2023-08-14T14:14:50.579+0300] {dag.py:2742} INFO - Sync 1 DAGs
[2023-08-14T14:14:50.613+0300] {logging_mixin.py:150} INFO - [2023-08-14T14:14:50.613+0300] {dag.py:3504} INFO - Setting next_dagrun for example_branch_labels to 2023-08-13T00:00:00+00:00, run_after=2023-08-14T00:00:00+00:00
[2023-08-14T14:14:50.737+0300] {processor.py:179} INFO - Processing /home/soamariaka/.local/lib/python3.9/site-packages/airflow/example_dags/example_branch_labels.py took 0.211 seconds
[2023-08-14T14:15:50.216+0300] {processor.py:157} INFO - Started process (PID=15576) to work on /home/soamariaka/.local/lib/python3.9/site-packages/airflow/example_dags/example_branch_labels.py
[2023-08-14T14:15:50.218+0300] {processor.py:826} INFO - Processing file /home/soamariaka/.local/lib/python3.9/site-packages/airflow/example_dags/example_branch_labels.py for tasks to queue
[2023-08-14T14:15:50.220+0300] {logging_mixin.py:150} INFO - [2023-08-14T14:15:50.220+0300] {dagbag.py:541} INFO - Filling up the DagBag from /home/soamariaka/.local/lib/python3.9/site-packages/airflow/example_dags/example_branch_labels.py
[2023-08-14T14:15:50.239+0300] {processor.py:836} INFO - DAG(s) dict_keys(['example_branch_labels']) retrieved from /home/soamariaka/.local/lib/python3.9/site-packages/airflow/example_dags/example_branch_labels.py
[2023-08-14T14:15:50.274+0300] {logging_mixin.py:150} INFO - [2023-08-14T14:15:50.274+0300] {dag.py:2742} INFO - Sync 1 DAGs
[2023-08-14T14:15:50.321+0300] {logging_mixin.py:150} INFO - [2023-08-14T14:15:50.321+0300] {dag.py:3504} INFO - Setting next_dagrun for example_branch_labels to 2023-08-13T00:00:00+00:00, run_after=2023-08-14T00:00:00+00:00
[2023-08-14T14:15:50.431+0300] {processor.py:179} INFO - Processing /home/soamariaka/.local/lib/python3.9/site-packages/airflow/example_dags/example_branch_labels.py took 0.221 seconds
[2023-08-14T14:16:54.881+0300] {processor.py:157} INFO - Started process (PID=15654) to work on /home/soamariaka/.local/lib/python3.9/site-packages/airflow/example_dags/example_branch_labels.py
[2023-08-14T14:16:54.883+0300] {processor.py:826} INFO - Processing file /home/soamariaka/.local/lib/python3.9/site-packages/airflow/example_dags/example_branch_labels.py for tasks to queue
[2023-08-14T14:16:54.885+0300] {logging_mixin.py:150} INFO - [2023-08-14T14:16:54.884+0300] {dagbag.py:541} INFO - Filling up the DagBag from /home/soamariaka/.local/lib/python3.9/site-packages/airflow/example_dags/example_branch_labels.py
[2023-08-14T14:16:54.900+0300] {processor.py:836} INFO - DAG(s) dict_keys(['example_branch_labels']) retrieved from /home/soamariaka/.local/lib/python3.9/site-packages/airflow/example_dags/example_branch_labels.py
[2023-08-14T14:16:54.934+0300] {logging_mixin.py:150} INFO - [2023-08-14T14:16:54.934+0300] {dag.py:2742} INFO - Sync 1 DAGs
[2023-08-14T14:16:54.979+0300] {logging_mixin.py:150} INFO - [2023-08-14T14:16:54.979+0300] {dag.py:3504} INFO - Setting next_dagrun for example_branch_labels to 2023-08-13T00:00:00+00:00, run_after=2023-08-14T00:00:00+00:00
[2023-08-14T14:16:55.203+0300] {processor.py:179} INFO - Processing /home/soamariaka/.local/lib/python3.9/site-packages/airflow/example_dags/example_branch_labels.py took 0.328 seconds
[2023-08-14T14:18:09.033+0300] {processor.py:157} INFO - Started process (PID=15819) to work on /home/soamariaka/.local/lib/python3.9/site-packages/airflow/example_dags/example_branch_labels.py
[2023-08-14T14:18:09.143+0300] {processor.py:826} INFO - Processing file /home/soamariaka/.local/lib/python3.9/site-packages/airflow/example_dags/example_branch_labels.py for tasks to queue
[2023-08-14T14:18:09.144+0300] {logging_mixin.py:150} INFO - [2023-08-14T14:18:09.144+0300] {dagbag.py:541} INFO - Filling up the DagBag from /home/soamariaka/.local/lib/python3.9/site-packages/airflow/example_dags/example_branch_labels.py
[2023-08-14T14:18:09.158+0300] {processor.py:836} INFO - DAG(s) dict_keys(['example_branch_labels']) retrieved from /home/soamariaka/.local/lib/python3.9/site-packages/airflow/example_dags/example_branch_labels.py
[2023-08-14T14:18:09.190+0300] {logging_mixin.py:150} INFO - [2023-08-14T14:18:09.189+0300] {dag.py:2742} INFO - Sync 1 DAGs
[2023-08-14T14:18:09.230+0300] {logging_mixin.py:150} INFO - [2023-08-14T14:18:09.230+0300] {dag.py:3504} INFO - Setting next_dagrun for example_branch_labels to 2023-08-13T00:00:00+00:00, run_after=2023-08-14T00:00:00+00:00
[2023-08-14T14:18:09.542+0300] {processor.py:179} INFO - Processing /home/soamariaka/.local/lib/python3.9/site-packages/airflow/example_dags/example_branch_labels.py took 0.513 seconds
[2023-08-14T14:19:22.238+0300] {processor.py:157} INFO - Started process (PID=15949) to work on /home/soamariaka/.local/lib/python3.9/site-packages/airflow/example_dags/example_branch_labels.py
[2023-08-14T14:19:22.240+0300] {processor.py:826} INFO - Processing file /home/soamariaka/.local/lib/python3.9/site-packages/airflow/example_dags/example_branch_labels.py for tasks to queue
[2023-08-14T14:19:22.241+0300] {logging_mixin.py:150} INFO - [2023-08-14T14:19:22.240+0300] {dagbag.py:541} INFO - Filling up the DagBag from /home/soamariaka/.local/lib/python3.9/site-packages/airflow/example_dags/example_branch_labels.py
[2023-08-14T14:19:22.255+0300] {processor.py:836} INFO - DAG(s) dict_keys(['example_branch_labels']) retrieved from /home/soamariaka/.local/lib/python3.9/site-packages/airflow/example_dags/example_branch_labels.py
[2023-08-14T14:19:22.284+0300] {logging_mixin.py:150} INFO - [2023-08-14T14:19:22.284+0300] {dag.py:2742} INFO - Sync 1 DAGs
[2023-08-14T14:19:22.318+0300] {logging_mixin.py:150} INFO - [2023-08-14T14:19:22.318+0300] {dag.py:3504} INFO - Setting next_dagrun for example_branch_labels to 2023-08-13T00:00:00+00:00, run_after=2023-08-14T00:00:00+00:00
[2023-08-14T14:19:22.437+0300] {processor.py:179} INFO - Processing /home/soamariaka/.local/lib/python3.9/site-packages/airflow/example_dags/example_branch_labels.py took 0.205 seconds
[2023-08-14T14:20:28.550+0300] {processor.py:157} INFO - Started process (PID=16043) to work on /home/soamariaka/.local/lib/python3.9/site-packages/airflow/example_dags/example_branch_labels.py
[2023-08-14T14:20:28.561+0300] {processor.py:826} INFO - Processing file /home/soamariaka/.local/lib/python3.9/site-packages/airflow/example_dags/example_branch_labels.py for tasks to queue
[2023-08-14T14:20:28.563+0300] {logging_mixin.py:150} INFO - [2023-08-14T14:20:28.562+0300] {dagbag.py:541} INFO - Filling up the DagBag from /home/soamariaka/.local/lib/python3.9/site-packages/airflow/example_dags/example_branch_labels.py
[2023-08-14T14:20:28.577+0300] {processor.py:836} INFO - DAG(s) dict_keys(['example_branch_labels']) retrieved from /home/soamariaka/.local/lib/python3.9/site-packages/airflow/example_dags/example_branch_labels.py
[2023-08-14T14:20:28.608+0300] {logging_mixin.py:150} INFO - [2023-08-14T14:20:28.608+0300] {dag.py:2742} INFO - Sync 1 DAGs
[2023-08-14T14:20:28.642+0300] {logging_mixin.py:150} INFO - [2023-08-14T14:20:28.642+0300] {dag.py:3504} INFO - Setting next_dagrun for example_branch_labels to 2023-08-13T00:00:00+00:00, run_after=2023-08-14T00:00:00+00:00
[2023-08-14T14:20:29.096+0300] {processor.py:179} INFO - Processing /home/soamariaka/.local/lib/python3.9/site-packages/airflow/example_dags/example_branch_labels.py took 0.551 seconds
[2023-08-14T14:22:06.153+0300] {processor.py:157} INFO - Started process (PID=16131) to work on /home/soamariaka/.local/lib/python3.9/site-packages/airflow/example_dags/example_branch_labels.py
[2023-08-14T14:22:06.182+0300] {processor.py:826} INFO - Processing file /home/soamariaka/.local/lib/python3.9/site-packages/airflow/example_dags/example_branch_labels.py for tasks to queue
[2023-08-14T14:22:06.184+0300] {logging_mixin.py:150} INFO - [2023-08-14T14:22:06.183+0300] {dagbag.py:541} INFO - Filling up the DagBag from /home/soamariaka/.local/lib/python3.9/site-packages/airflow/example_dags/example_branch_labels.py
[2023-08-14T14:22:06.203+0300] {processor.py:836} INFO - DAG(s) dict_keys(['example_branch_labels']) retrieved from /home/soamariaka/.local/lib/python3.9/site-packages/airflow/example_dags/example_branch_labels.py
[2023-08-14T14:22:06.243+0300] {logging_mixin.py:150} INFO - [2023-08-14T14:22:06.243+0300] {dag.py:2742} INFO - Sync 1 DAGs
[2023-08-14T14:22:06.293+0300] {logging_mixin.py:150} INFO - [2023-08-14T14:22:06.292+0300] {dag.py:3504} INFO - Setting next_dagrun for example_branch_labels to 2023-08-13T00:00:00+00:00, run_after=2023-08-14T00:00:00+00:00
[2023-08-14T14:22:06.457+0300] {processor.py:179} INFO - Processing /home/soamariaka/.local/lib/python3.9/site-packages/airflow/example_dags/example_branch_labels.py took 0.309 seconds
[2023-08-14T14:23:05.453+0300] {processor.py:157} INFO - Started process (PID=16186) to work on /home/soamariaka/.local/lib/python3.9/site-packages/airflow/example_dags/example_branch_labels.py
[2023-08-14T14:23:05.455+0300] {processor.py:826} INFO - Processing file /home/soamariaka/.local/lib/python3.9/site-packages/airflow/example_dags/example_branch_labels.py for tasks to queue
[2023-08-14T14:23:05.457+0300] {logging_mixin.py:150} INFO - [2023-08-14T14:23:05.456+0300] {dagbag.py:541} INFO - Filling up the DagBag from /home/soamariaka/.local/lib/python3.9/site-packages/airflow/example_dags/example_branch_labels.py
[2023-08-14T14:23:05.471+0300] {processor.py:836} INFO - DAG(s) dict_keys(['example_branch_labels']) retrieved from /home/soamariaka/.local/lib/python3.9/site-packages/airflow/example_dags/example_branch_labels.py
[2023-08-14T14:23:05.501+0300] {logging_mixin.py:150} INFO - [2023-08-14T14:23:05.500+0300] {dag.py:2742} INFO - Sync 1 DAGs
[2023-08-14T14:23:05.534+0300] {logging_mixin.py:150} INFO - [2023-08-14T14:23:05.534+0300] {dag.py:3504} INFO - Setting next_dagrun for example_branch_labels to 2023-08-13T00:00:00+00:00, run_after=2023-08-14T00:00:00+00:00
[2023-08-14T14:23:05.702+0300] {processor.py:179} INFO - Processing /home/soamariaka/.local/lib/python3.9/site-packages/airflow/example_dags/example_branch_labels.py took 0.254 seconds
[2023-08-14T14:24:07.612+0300] {processor.py:157} INFO - Started process (PID=16253) to work on /home/soamariaka/.local/lib/python3.9/site-packages/airflow/example_dags/example_branch_labels.py
[2023-08-14T14:24:07.614+0300] {processor.py:826} INFO - Processing file /home/soamariaka/.local/lib/python3.9/site-packages/airflow/example_dags/example_branch_labels.py for tasks to queue
[2023-08-14T14:24:07.616+0300] {logging_mixin.py:150} INFO - [2023-08-14T14:24:07.615+0300] {dagbag.py:541} INFO - Filling up the DagBag from /home/soamariaka/.local/lib/python3.9/site-packages/airflow/example_dags/example_branch_labels.py
[2023-08-14T14:24:07.630+0300] {processor.py:836} INFO - DAG(s) dict_keys(['example_branch_labels']) retrieved from /home/soamariaka/.local/lib/python3.9/site-packages/airflow/example_dags/example_branch_labels.py
[2023-08-14T14:24:07.660+0300] {logging_mixin.py:150} INFO - [2023-08-14T14:24:07.660+0300] {dag.py:2742} INFO - Sync 1 DAGs
[2023-08-14T14:24:07.693+0300] {logging_mixin.py:150} INFO - [2023-08-14T14:24:07.693+0300] {dag.py:3504} INFO - Setting next_dagrun for example_branch_labels to 2023-08-13T00:00:00+00:00, run_after=2023-08-14T00:00:00+00:00
[2023-08-14T14:24:07.852+0300] {processor.py:179} INFO - Processing /home/soamariaka/.local/lib/python3.9/site-packages/airflow/example_dags/example_branch_labels.py took 0.246 seconds
[2023-08-14T14:25:04.345+0300] {processor.py:157} INFO - Started process (PID=16557) to work on /home/soamariaka/.local/lib/python3.9/site-packages/airflow/example_dags/example_branch_labels.py
[2023-08-14T14:25:04.348+0300] {processor.py:826} INFO - Processing file /home/soamariaka/.local/lib/python3.9/site-packages/airflow/example_dags/example_branch_labels.py for tasks to queue
[2023-08-14T14:25:04.349+0300] {logging_mixin.py:150} INFO - [2023-08-14T14:25:04.349+0300] {dagbag.py:541} INFO - Filling up the DagBag from /home/soamariaka/.local/lib/python3.9/site-packages/airflow/example_dags/example_branch_labels.py
[2023-08-14T14:25:04.364+0300] {processor.py:836} INFO - DAG(s) dict_keys(['example_branch_labels']) retrieved from /home/soamariaka/.local/lib/python3.9/site-packages/airflow/example_dags/example_branch_labels.py
[2023-08-14T14:25:04.393+0300] {logging_mixin.py:150} INFO - [2023-08-14T14:25:04.393+0300] {dag.py:2742} INFO - Sync 1 DAGs
[2023-08-14T14:25:04.427+0300] {logging_mixin.py:150} INFO - [2023-08-14T14:25:04.427+0300] {dag.py:3504} INFO - Setting next_dagrun for example_branch_labels to 2023-08-13T00:00:00+00:00, run_after=2023-08-14T00:00:00+00:00
[2023-08-14T14:25:04.568+0300] {processor.py:179} INFO - Processing /home/soamariaka/.local/lib/python3.9/site-packages/airflow/example_dags/example_branch_labels.py took 0.228 seconds
[2023-08-14T14:26:08.333+0300] {processor.py:157} INFO - Started process (PID=16711) to work on /home/soamariaka/.local/lib/python3.9/site-packages/airflow/example_dags/example_branch_labels.py
[2023-08-14T14:26:08.335+0300] {processor.py:826} INFO - Processing file /home/soamariaka/.local/lib/python3.9/site-packages/airflow/example_dags/example_branch_labels.py for tasks to queue
[2023-08-14T14:26:08.337+0300] {logging_mixin.py:150} INFO - [2023-08-14T14:26:08.336+0300] {dagbag.py:541} INFO - Filling up the DagBag from /home/soamariaka/.local/lib/python3.9/site-packages/airflow/example_dags/example_branch_labels.py
[2023-08-14T14:26:08.351+0300] {processor.py:836} INFO - DAG(s) dict_keys(['example_branch_labels']) retrieved from /home/soamariaka/.local/lib/python3.9/site-packages/airflow/example_dags/example_branch_labels.py
[2023-08-14T14:26:08.380+0300] {logging_mixin.py:150} INFO - [2023-08-14T14:26:08.379+0300] {dag.py:2742} INFO - Sync 1 DAGs
[2023-08-14T14:26:08.414+0300] {logging_mixin.py:150} INFO - [2023-08-14T14:26:08.413+0300] {dag.py:3504} INFO - Setting next_dagrun for example_branch_labels to 2023-08-13T00:00:00+00:00, run_after=2023-08-14T00:00:00+00:00
[2023-08-14T14:26:08.567+0300] {processor.py:179} INFO - Processing /home/soamariaka/.local/lib/python3.9/site-packages/airflow/example_dags/example_branch_labels.py took 0.239 seconds
[2023-08-14T14:27:06.578+0300] {processor.py:157} INFO - Started process (PID=16770) to work on /home/soamariaka/.local/lib/python3.9/site-packages/airflow/example_dags/example_branch_labels.py
[2023-08-14T14:27:06.581+0300] {processor.py:826} INFO - Processing file /home/soamariaka/.local/lib/python3.9/site-packages/airflow/example_dags/example_branch_labels.py for tasks to queue
[2023-08-14T14:27:06.582+0300] {logging_mixin.py:150} INFO - [2023-08-14T14:27:06.582+0300] {dagbag.py:541} INFO - Filling up the DagBag from /home/soamariaka/.local/lib/python3.9/site-packages/airflow/example_dags/example_branch_labels.py
[2023-08-14T14:27:06.597+0300] {processor.py:836} INFO - DAG(s) dict_keys(['example_branch_labels']) retrieved from /home/soamariaka/.local/lib/python3.9/site-packages/airflow/example_dags/example_branch_labels.py
[2023-08-14T14:27:06.626+0300] {logging_mixin.py:150} INFO - [2023-08-14T14:27:06.626+0300] {dag.py:2742} INFO - Sync 1 DAGs
[2023-08-14T14:27:06.659+0300] {logging_mixin.py:150} INFO - [2023-08-14T14:27:06.659+0300] {dag.py:3504} INFO - Setting next_dagrun for example_branch_labels to 2023-08-13T00:00:00+00:00, run_after=2023-08-14T00:00:00+00:00
[2023-08-14T14:27:06.815+0300] {processor.py:179} INFO - Processing /home/soamariaka/.local/lib/python3.9/site-packages/airflow/example_dags/example_branch_labels.py took 0.242 seconds
[2023-08-14T14:28:08.653+0300] {processor.py:157} INFO - Started process (PID=16924) to work on /home/soamariaka/.local/lib/python3.9/site-packages/airflow/example_dags/example_branch_labels.py
[2023-08-14T14:28:08.656+0300] {processor.py:826} INFO - Processing file /home/soamariaka/.local/lib/python3.9/site-packages/airflow/example_dags/example_branch_labels.py for tasks to queue
[2023-08-14T14:28:08.657+0300] {logging_mixin.py:150} INFO - [2023-08-14T14:28:08.657+0300] {dagbag.py:541} INFO - Filling up the DagBag from /home/soamariaka/.local/lib/python3.9/site-packages/airflow/example_dags/example_branch_labels.py
[2023-08-14T14:28:08.672+0300] {processor.py:836} INFO - DAG(s) dict_keys(['example_branch_labels']) retrieved from /home/soamariaka/.local/lib/python3.9/site-packages/airflow/example_dags/example_branch_labels.py
[2023-08-14T14:28:08.701+0300] {logging_mixin.py:150} INFO - [2023-08-14T14:28:08.701+0300] {dag.py:2742} INFO - Sync 1 DAGs
[2023-08-14T14:28:08.735+0300] {logging_mixin.py:150} INFO - [2023-08-14T14:28:08.735+0300] {dag.py:3504} INFO - Setting next_dagrun for example_branch_labels to 2023-08-13T00:00:00+00:00, run_after=2023-08-14T00:00:00+00:00
[2023-08-14T14:28:08.889+0300] {processor.py:179} INFO - Processing /home/soamariaka/.local/lib/python3.9/site-packages/airflow/example_dags/example_branch_labels.py took 0.242 seconds
[2023-08-14T14:29:11.854+0300] {processor.py:157} INFO - Started process (PID=17046) to work on /home/soamariaka/.local/lib/python3.9/site-packages/airflow/example_dags/example_branch_labels.py
[2023-08-14T14:29:11.857+0300] {processor.py:826} INFO - Processing file /home/soamariaka/.local/lib/python3.9/site-packages/airflow/example_dags/example_branch_labels.py for tasks to queue
[2023-08-14T14:29:11.858+0300] {logging_mixin.py:150} INFO - [2023-08-14T14:29:11.858+0300] {dagbag.py:541} INFO - Filling up the DagBag from /home/soamariaka/.local/lib/python3.9/site-packages/airflow/example_dags/example_branch_labels.py
[2023-08-14T14:29:11.873+0300] {processor.py:836} INFO - DAG(s) dict_keys(['example_branch_labels']) retrieved from /home/soamariaka/.local/lib/python3.9/site-packages/airflow/example_dags/example_branch_labels.py
[2023-08-14T14:29:11.902+0300] {logging_mixin.py:150} INFO - [2023-08-14T14:29:11.901+0300] {dag.py:2742} INFO - Sync 1 DAGs
[2023-08-14T14:29:11.936+0300] {logging_mixin.py:150} INFO - [2023-08-14T14:29:11.936+0300] {dag.py:3504} INFO - Setting next_dagrun for example_branch_labels to 2023-08-13T00:00:00+00:00, run_after=2023-08-14T00:00:00+00:00
[2023-08-14T14:29:12.093+0300] {processor.py:179} INFO - Processing /home/soamariaka/.local/lib/python3.9/site-packages/airflow/example_dags/example_branch_labels.py took 0.244 seconds
[2023-08-14T14:30:33.180+0300] {processor.py:157} INFO - Started process (PID=17237) to work on /home/soamariaka/.local/lib/python3.9/site-packages/airflow/example_dags/example_branch_labels.py
[2023-08-14T14:30:33.217+0300] {processor.py:826} INFO - Processing file /home/soamariaka/.local/lib/python3.9/site-packages/airflow/example_dags/example_branch_labels.py for tasks to queue
[2023-08-14T14:30:33.219+0300] {logging_mixin.py:150} INFO - [2023-08-14T14:30:33.218+0300] {dagbag.py:541} INFO - Filling up the DagBag from /home/soamariaka/.local/lib/python3.9/site-packages/airflow/example_dags/example_branch_labels.py
[2023-08-14T14:30:33.233+0300] {processor.py:836} INFO - DAG(s) dict_keys(['example_branch_labels']) retrieved from /home/soamariaka/.local/lib/python3.9/site-packages/airflow/example_dags/example_branch_labels.py
[2023-08-14T14:30:33.267+0300] {logging_mixin.py:150} INFO - [2023-08-14T14:30:33.266+0300] {dag.py:2742} INFO - Sync 1 DAGs
[2023-08-14T14:30:33.303+0300] {logging_mixin.py:150} INFO - [2023-08-14T14:30:33.302+0300] {dag.py:3504} INFO - Setting next_dagrun for example_branch_labels to 2023-08-13T00:00:00+00:00, run_after=2023-08-14T00:00:00+00:00
[2023-08-14T14:30:33.425+0300] {processor.py:179} INFO - Processing /home/soamariaka/.local/lib/python3.9/site-packages/airflow/example_dags/example_branch_labels.py took 0.251 seconds
[2023-08-14T14:31:58.043+0300] {processor.py:157} INFO - Started process (PID=17346) to work on /home/soamariaka/.local/lib/python3.9/site-packages/airflow/example_dags/example_branch_labels.py
[2023-08-14T14:31:58.082+0300] {processor.py:826} INFO - Processing file /home/soamariaka/.local/lib/python3.9/site-packages/airflow/example_dags/example_branch_labels.py for tasks to queue
[2023-08-14T14:31:58.084+0300] {logging_mixin.py:150} INFO - [2023-08-14T14:31:58.083+0300] {dagbag.py:541} INFO - Filling up the DagBag from /home/soamariaka/.local/lib/python3.9/site-packages/airflow/example_dags/example_branch_labels.py
[2023-08-14T14:31:58.098+0300] {processor.py:836} INFO - DAG(s) dict_keys(['example_branch_labels']) retrieved from /home/soamariaka/.local/lib/python3.9/site-packages/airflow/example_dags/example_branch_labels.py
[2023-08-14T14:31:58.132+0300] {logging_mixin.py:150} INFO - [2023-08-14T14:31:58.131+0300] {dag.py:2742} INFO - Sync 1 DAGs
[2023-08-14T14:31:58.168+0300] {logging_mixin.py:150} INFO - [2023-08-14T14:31:58.167+0300] {dag.py:3504} INFO - Setting next_dagrun for example_branch_labels to 2023-08-13T00:00:00+00:00, run_after=2023-08-14T00:00:00+00:00
[2023-08-14T14:31:58.297+0300] {processor.py:179} INFO - Processing /home/soamariaka/.local/lib/python3.9/site-packages/airflow/example_dags/example_branch_labels.py took 0.259 seconds
[2023-08-14T14:32:57.673+0300] {processor.py:157} INFO - Started process (PID=17466) to work on /home/soamariaka/.local/lib/python3.9/site-packages/airflow/example_dags/example_branch_labels.py
[2023-08-14T14:32:57.710+0300] {processor.py:826} INFO - Processing file /home/soamariaka/.local/lib/python3.9/site-packages/airflow/example_dags/example_branch_labels.py for tasks to queue
[2023-08-14T14:32:57.711+0300] {logging_mixin.py:150} INFO - [2023-08-14T14:32:57.711+0300] {dagbag.py:541} INFO - Filling up the DagBag from /home/soamariaka/.local/lib/python3.9/site-packages/airflow/example_dags/example_branch_labels.py
[2023-08-14T14:32:57.726+0300] {processor.py:836} INFO - DAG(s) dict_keys(['example_branch_labels']) retrieved from /home/soamariaka/.local/lib/python3.9/site-packages/airflow/example_dags/example_branch_labels.py
[2023-08-14T14:32:57.755+0300] {logging_mixin.py:150} INFO - [2023-08-14T14:32:57.755+0300] {dag.py:2742} INFO - Sync 1 DAGs
[2023-08-14T14:32:57.790+0300] {logging_mixin.py:150} INFO - [2023-08-14T14:32:57.790+0300] {dag.py:3504} INFO - Setting next_dagrun for example_branch_labels to 2023-08-13T00:00:00+00:00, run_after=2023-08-14T00:00:00+00:00
[2023-08-14T14:32:57.927+0300] {processor.py:179} INFO - Processing /home/soamariaka/.local/lib/python3.9/site-packages/airflow/example_dags/example_branch_labels.py took 0.260 seconds
[2023-08-14T14:33:56.981+0300] {processor.py:157} INFO - Started process (PID=17585) to work on /home/soamariaka/.local/lib/python3.9/site-packages/airflow/example_dags/example_branch_labels.py
[2023-08-14T14:33:57.007+0300] {processor.py:826} INFO - Processing file /home/soamariaka/.local/lib/python3.9/site-packages/airflow/example_dags/example_branch_labels.py for tasks to queue
[2023-08-14T14:33:57.009+0300] {logging_mixin.py:150} INFO - [2023-08-14T14:33:57.008+0300] {dagbag.py:541} INFO - Filling up the DagBag from /home/soamariaka/.local/lib/python3.9/site-packages/airflow/example_dags/example_branch_labels.py
[2023-08-14T14:33:57.023+0300] {processor.py:836} INFO - DAG(s) dict_keys(['example_branch_labels']) retrieved from /home/soamariaka/.local/lib/python3.9/site-packages/airflow/example_dags/example_branch_labels.py
[2023-08-14T14:33:57.051+0300] {logging_mixin.py:150} INFO - [2023-08-14T14:33:57.051+0300] {dag.py:2742} INFO - Sync 1 DAGs
[2023-08-14T14:33:57.085+0300] {logging_mixin.py:150} INFO - [2023-08-14T14:33:57.084+0300] {dag.py:3504} INFO - Setting next_dagrun for example_branch_labels to 2023-08-13T00:00:00+00:00, run_after=2023-08-14T00:00:00+00:00
[2023-08-14T14:33:57.233+0300] {processor.py:179} INFO - Processing /home/soamariaka/.local/lib/python3.9/site-packages/airflow/example_dags/example_branch_labels.py took 0.258 seconds
[2023-08-14T14:35:09.949+0300] {processor.py:157} INFO - Started process (PID=17797) to work on /home/soamariaka/.local/lib/python3.9/site-packages/airflow/example_dags/example_branch_labels.py
[2023-08-14T14:35:09.978+0300] {processor.py:826} INFO - Processing file /home/soamariaka/.local/lib/python3.9/site-packages/airflow/example_dags/example_branch_labels.py for tasks to queue
[2023-08-14T14:35:09.980+0300] {logging_mixin.py:150} INFO - [2023-08-14T14:35:09.979+0300] {dagbag.py:541} INFO - Filling up the DagBag from /home/soamariaka/.local/lib/python3.9/site-packages/airflow/example_dags/example_branch_labels.py
[2023-08-14T14:35:09.999+0300] {processor.py:836} INFO - DAG(s) dict_keys(['example_branch_labels']) retrieved from /home/soamariaka/.local/lib/python3.9/site-packages/airflow/example_dags/example_branch_labels.py
[2023-08-14T14:35:10.056+0300] {logging_mixin.py:150} INFO - [2023-08-14T14:35:10.056+0300] {dag.py:2742} INFO - Sync 1 DAGs
[2023-08-14T14:35:10.091+0300] {logging_mixin.py:150} INFO - [2023-08-14T14:35:10.090+0300] {dag.py:3504} INFO - Setting next_dagrun for example_branch_labels to 2023-08-13T00:00:00+00:00, run_after=2023-08-14T00:00:00+00:00
[2023-08-14T14:35:10.299+0300] {processor.py:179} INFO - Processing /home/soamariaka/.local/lib/python3.9/site-packages/airflow/example_dags/example_branch_labels.py took 0.356 seconds
[2023-08-14T14:36:56.054+0300] {processor.py:157} INFO - Started process (PID=18029) to work on /home/soamariaka/.local/lib/python3.9/site-packages/airflow/example_dags/example_branch_labels.py
[2023-08-14T14:36:56.056+0300] {processor.py:826} INFO - Processing file /home/soamariaka/.local/lib/python3.9/site-packages/airflow/example_dags/example_branch_labels.py for tasks to queue
[2023-08-14T14:36:56.057+0300] {logging_mixin.py:150} INFO - [2023-08-14T14:36:56.057+0300] {dagbag.py:541} INFO - Filling up the DagBag from /home/soamariaka/.local/lib/python3.9/site-packages/airflow/example_dags/example_branch_labels.py
[2023-08-14T14:36:56.091+0300] {processor.py:836} INFO - DAG(s) dict_keys(['example_branch_labels']) retrieved from /home/soamariaka/.local/lib/python3.9/site-packages/airflow/example_dags/example_branch_labels.py
[2023-08-14T14:36:56.124+0300] {logging_mixin.py:150} INFO - [2023-08-14T14:36:56.123+0300] {dag.py:2742} INFO - Sync 1 DAGs
[2023-08-14T14:36:56.158+0300] {logging_mixin.py:150} INFO - [2023-08-14T14:36:56.158+0300] {dag.py:3504} INFO - Setting next_dagrun for example_branch_labels to 2023-08-13T00:00:00+00:00, run_after=2023-08-14T00:00:00+00:00
[2023-08-14T14:36:56.364+0300] {processor.py:179} INFO - Processing /home/soamariaka/.local/lib/python3.9/site-packages/airflow/example_dags/example_branch_labels.py took 0.316 seconds
[2023-08-14T14:38:03.994+0300] {processor.py:157} INFO - Started process (PID=18192) to work on /home/soamariaka/.local/lib/python3.9/site-packages/airflow/example_dags/example_branch_labels.py
[2023-08-14T14:38:03.996+0300] {processor.py:826} INFO - Processing file /home/soamariaka/.local/lib/python3.9/site-packages/airflow/example_dags/example_branch_labels.py for tasks to queue
[2023-08-14T14:38:03.997+0300] {logging_mixin.py:150} INFO - [2023-08-14T14:38:03.997+0300] {dagbag.py:541} INFO - Filling up the DagBag from /home/soamariaka/.local/lib/python3.9/site-packages/airflow/example_dags/example_branch_labels.py
[2023-08-14T14:38:04.012+0300] {processor.py:836} INFO - DAG(s) dict_keys(['example_branch_labels']) retrieved from /home/soamariaka/.local/lib/python3.9/site-packages/airflow/example_dags/example_branch_labels.py
[2023-08-14T14:38:04.041+0300] {logging_mixin.py:150} INFO - [2023-08-14T14:38:04.040+0300] {dag.py:2742} INFO - Sync 1 DAGs
[2023-08-14T14:38:04.075+0300] {logging_mixin.py:150} INFO - [2023-08-14T14:38:04.074+0300] {dag.py:3504} INFO - Setting next_dagrun for example_branch_labels to 2023-08-13T00:00:00+00:00, run_after=2023-08-14T00:00:00+00:00
[2023-08-14T14:38:04.331+0300] {processor.py:179} INFO - Processing /home/soamariaka/.local/lib/python3.9/site-packages/airflow/example_dags/example_branch_labels.py took 0.343 seconds
[2023-08-14T14:39:09.980+0300] {processor.py:157} INFO - Started process (PID=18313) to work on /home/soamariaka/.local/lib/python3.9/site-packages/airflow/example_dags/example_branch_labels.py
[2023-08-14T14:39:09.982+0300] {processor.py:826} INFO - Processing file /home/soamariaka/.local/lib/python3.9/site-packages/airflow/example_dags/example_branch_labels.py for tasks to queue
[2023-08-14T14:39:09.983+0300] {logging_mixin.py:150} INFO - [2023-08-14T14:39:09.982+0300] {dagbag.py:541} INFO - Filling up the DagBag from /home/soamariaka/.local/lib/python3.9/site-packages/airflow/example_dags/example_branch_labels.py
[2023-08-14T14:39:09.994+0300] {processor.py:836} INFO - DAG(s) dict_keys(['example_branch_labels']) retrieved from /home/soamariaka/.local/lib/python3.9/site-packages/airflow/example_dags/example_branch_labels.py
[2023-08-14T14:39:10.021+0300] {logging_mixin.py:150} INFO - [2023-08-14T14:39:10.020+0300] {dag.py:2742} INFO - Sync 1 DAGs
[2023-08-14T14:39:10.055+0300] {logging_mixin.py:150} INFO - [2023-08-14T14:39:10.055+0300] {dag.py:3504} INFO - Setting next_dagrun for example_branch_labels to 2023-08-13T00:00:00+00:00, run_after=2023-08-14T00:00:00+00:00
[2023-08-14T14:39:10.294+0300] {processor.py:179} INFO - Processing /home/soamariaka/.local/lib/python3.9/site-packages/airflow/example_dags/example_branch_labels.py took 0.320 seconds
[2023-08-14T14:40:25.792+0300] {processor.py:157} INFO - Started process (PID=18558) to work on /home/soamariaka/.local/lib/python3.9/site-packages/airflow/example_dags/example_branch_labels.py
[2023-08-14T14:40:25.814+0300] {processor.py:826} INFO - Processing file /home/soamariaka/.local/lib/python3.9/site-packages/airflow/example_dags/example_branch_labels.py for tasks to queue
[2023-08-14T14:40:25.815+0300] {logging_mixin.py:150} INFO - [2023-08-14T14:40:25.815+0300] {dagbag.py:541} INFO - Filling up the DagBag from /home/soamariaka/.local/lib/python3.9/site-packages/airflow/example_dags/example_branch_labels.py
[2023-08-14T14:40:25.830+0300] {processor.py:836} INFO - DAG(s) dict_keys(['example_branch_labels']) retrieved from /home/soamariaka/.local/lib/python3.9/site-packages/airflow/example_dags/example_branch_labels.py
[2023-08-14T14:40:25.864+0300] {logging_mixin.py:150} INFO - [2023-08-14T14:40:25.864+0300] {dag.py:2742} INFO - Sync 1 DAGs
[2023-08-14T14:40:25.916+0300] {logging_mixin.py:150} INFO - [2023-08-14T14:40:25.916+0300] {dag.py:3504} INFO - Setting next_dagrun for example_branch_labels to 2023-08-13T00:00:00+00:00, run_after=2023-08-14T00:00:00+00:00
[2023-08-14T14:40:26.082+0300] {processor.py:179} INFO - Processing /home/soamariaka/.local/lib/python3.9/site-packages/airflow/example_dags/example_branch_labels.py took 0.296 seconds
