[2023-08-14T13:33:36.172+0300] {processor.py:157} INFO - Started process (PID=10791) to work on /home/soamariaka/.local/lib/python3.9/site-packages/airflow/example_dags/example_params_ui_tutorial.py
[2023-08-14T13:33:36.237+0300] {processor.py:826} INFO - Processing file /home/soamariaka/.local/lib/python3.9/site-packages/airflow/example_dags/example_params_ui_tutorial.py for tasks to queue
[2023-08-14T13:33:36.238+0300] {logging_mixin.py:150} INFO - [2023-08-14T13:33:36.238+0300] {dagbag.py:541} INFO - Filling up the DagBag from /home/soamariaka/.local/lib/python3.9/site-packages/airflow/example_dags/example_params_ui_tutorial.py
[2023-08-14T13:33:36.276+0300] {processor.py:836} INFO - DAG(s) dict_keys(['example_params_ui_tutorial']) retrieved from /home/soamariaka/.local/lib/python3.9/site-packages/airflow/example_dags/example_params_ui_tutorial.py
[2023-08-14T13:33:36.457+0300] {logging_mixin.py:150} INFO - [2023-08-14T13:33:36.457+0300] {dag.py:2742} INFO - Sync 1 DAGs
[2023-08-14T13:33:36.484+0300] {logging_mixin.py:150} INFO - [2023-08-14T13:33:36.484+0300] {dag.py:3504} INFO - Setting next_dagrun for example_params_ui_tutorial to None, run_after=None
[2023-08-14T13:33:36.626+0300] {processor.py:179} INFO - Processing /home/soamariaka/.local/lib/python3.9/site-packages/airflow/example_dags/example_params_ui_tutorial.py took 0.459 seconds
[2023-08-14T13:35:07.037+0300] {processor.py:157} INFO - Started process (PID=10990) to work on /home/soamariaka/.local/lib/python3.9/site-packages/airflow/example_dags/example_params_ui_tutorial.py
[2023-08-14T13:35:07.040+0300] {processor.py:826} INFO - Processing file /home/soamariaka/.local/lib/python3.9/site-packages/airflow/example_dags/example_params_ui_tutorial.py for tasks to queue
[2023-08-14T13:35:07.041+0300] {logging_mixin.py:150} INFO - [2023-08-14T13:35:07.041+0300] {dagbag.py:541} INFO - Filling up the DagBag from /home/soamariaka/.local/lib/python3.9/site-packages/airflow/example_dags/example_params_ui_tutorial.py
[2023-08-14T13:35:07.084+0300] {processor.py:836} INFO - DAG(s) dict_keys(['example_params_ui_tutorial']) retrieved from /home/soamariaka/.local/lib/python3.9/site-packages/airflow/example_dags/example_params_ui_tutorial.py
[2023-08-14T13:35:07.148+0300] {logging_mixin.py:150} INFO - [2023-08-14T13:35:07.148+0300] {dag.py:2742} INFO - Sync 1 DAGs
[2023-08-14T13:35:07.178+0300] {logging_mixin.py:150} INFO - [2023-08-14T13:35:07.178+0300] {dag.py:3504} INFO - Setting next_dagrun for example_params_ui_tutorial to None, run_after=None
[2023-08-14T13:35:07.476+0300] {processor.py:179} INFO - Processing /home/soamariaka/.local/lib/python3.9/site-packages/airflow/example_dags/example_params_ui_tutorial.py took 0.444 seconds
[2023-08-14T13:36:13.094+0300] {processor.py:157} INFO - Started process (PID=11082) to work on /home/soamariaka/.local/lib/python3.9/site-packages/airflow/example_dags/example_params_ui_tutorial.py
[2023-08-14T13:36:13.097+0300] {processor.py:826} INFO - Processing file /home/soamariaka/.local/lib/python3.9/site-packages/airflow/example_dags/example_params_ui_tutorial.py for tasks to queue
[2023-08-14T13:36:13.098+0300] {logging_mixin.py:150} INFO - [2023-08-14T13:36:13.098+0300] {dagbag.py:541} INFO - Filling up the DagBag from /home/soamariaka/.local/lib/python3.9/site-packages/airflow/example_dags/example_params_ui_tutorial.py
[2023-08-14T13:36:13.147+0300] {processor.py:836} INFO - DAG(s) dict_keys(['example_params_ui_tutorial']) retrieved from /home/soamariaka/.local/lib/python3.9/site-packages/airflow/example_dags/example_params_ui_tutorial.py
[2023-08-14T13:36:13.206+0300] {logging_mixin.py:150} INFO - [2023-08-14T13:36:13.206+0300] {dag.py:2742} INFO - Sync 1 DAGs
[2023-08-14T13:36:13.236+0300] {logging_mixin.py:150} INFO - [2023-08-14T13:36:13.236+0300] {dag.py:3504} INFO - Setting next_dagrun for example_params_ui_tutorial to None, run_after=None
[2023-08-14T13:36:13.392+0300] {processor.py:179} INFO - Processing /home/soamariaka/.local/lib/python3.9/site-packages/airflow/example_dags/example_params_ui_tutorial.py took 0.303 seconds
[2023-08-14T13:37:10.944+0300] {processor.py:157} INFO - Started process (PID=11149) to work on /home/soamariaka/.local/lib/python3.9/site-packages/airflow/example_dags/example_params_ui_tutorial.py
[2023-08-14T13:37:10.947+0300] {processor.py:826} INFO - Processing file /home/soamariaka/.local/lib/python3.9/site-packages/airflow/example_dags/example_params_ui_tutorial.py for tasks to queue
[2023-08-14T13:37:10.948+0300] {logging_mixin.py:150} INFO - [2023-08-14T13:37:10.948+0300] {dagbag.py:541} INFO - Filling up the DagBag from /home/soamariaka/.local/lib/python3.9/site-packages/airflow/example_dags/example_params_ui_tutorial.py
[2023-08-14T13:37:10.991+0300] {processor.py:836} INFO - DAG(s) dict_keys(['example_params_ui_tutorial']) retrieved from /home/soamariaka/.local/lib/python3.9/site-packages/airflow/example_dags/example_params_ui_tutorial.py
[2023-08-14T13:37:11.048+0300] {logging_mixin.py:150} INFO - [2023-08-14T13:37:11.048+0300] {dag.py:2742} INFO - Sync 1 DAGs
[2023-08-14T13:37:11.079+0300] {logging_mixin.py:150} INFO - [2023-08-14T13:37:11.079+0300] {dag.py:3504} INFO - Setting next_dagrun for example_params_ui_tutorial to None, run_after=None
[2023-08-14T13:37:11.221+0300] {processor.py:179} INFO - Processing /home/soamariaka/.local/lib/python3.9/site-packages/airflow/example_dags/example_params_ui_tutorial.py took 0.282 seconds
[2023-08-14T13:38:10.784+0300] {processor.py:157} INFO - Started process (PID=11266) to work on /home/soamariaka/.local/lib/python3.9/site-packages/airflow/example_dags/example_params_ui_tutorial.py
[2023-08-14T13:38:10.787+0300] {processor.py:826} INFO - Processing file /home/soamariaka/.local/lib/python3.9/site-packages/airflow/example_dags/example_params_ui_tutorial.py for tasks to queue
[2023-08-14T13:38:10.788+0300] {logging_mixin.py:150} INFO - [2023-08-14T13:38:10.788+0300] {dagbag.py:541} INFO - Filling up the DagBag from /home/soamariaka/.local/lib/python3.9/site-packages/airflow/example_dags/example_params_ui_tutorial.py
[2023-08-14T13:38:10.834+0300] {processor.py:836} INFO - DAG(s) dict_keys(['example_params_ui_tutorial']) retrieved from /home/soamariaka/.local/lib/python3.9/site-packages/airflow/example_dags/example_params_ui_tutorial.py
[2023-08-14T13:38:10.892+0300] {logging_mixin.py:150} INFO - [2023-08-14T13:38:10.892+0300] {dag.py:2742} INFO - Sync 1 DAGs
[2023-08-14T13:38:10.922+0300] {logging_mixin.py:150} INFO - [2023-08-14T13:38:10.922+0300] {dag.py:3504} INFO - Setting next_dagrun for example_params_ui_tutorial to None, run_after=None
[2023-08-14T13:38:11.082+0300] {processor.py:179} INFO - Processing /home/soamariaka/.local/lib/python3.9/site-packages/airflow/example_dags/example_params_ui_tutorial.py took 0.303 seconds
[2023-08-14T13:39:15.509+0300] {processor.py:157} INFO - Started process (PID=11419) to work on /home/soamariaka/.local/lib/python3.9/site-packages/airflow/example_dags/example_params_ui_tutorial.py
[2023-08-14T13:39:15.512+0300] {processor.py:826} INFO - Processing file /home/soamariaka/.local/lib/python3.9/site-packages/airflow/example_dags/example_params_ui_tutorial.py for tasks to queue
[2023-08-14T13:39:15.514+0300] {logging_mixin.py:150} INFO - [2023-08-14T13:39:15.513+0300] {dagbag.py:541} INFO - Filling up the DagBag from /home/soamariaka/.local/lib/python3.9/site-packages/airflow/example_dags/example_params_ui_tutorial.py
[2023-08-14T13:39:15.556+0300] {processor.py:836} INFO - DAG(s) dict_keys(['example_params_ui_tutorial']) retrieved from /home/soamariaka/.local/lib/python3.9/site-packages/airflow/example_dags/example_params_ui_tutorial.py
[2023-08-14T13:39:15.614+0300] {logging_mixin.py:150} INFO - [2023-08-14T13:39:15.614+0300] {dag.py:2742} INFO - Sync 1 DAGs
[2023-08-14T13:39:15.645+0300] {logging_mixin.py:150} INFO - [2023-08-14T13:39:15.644+0300] {dag.py:3504} INFO - Setting next_dagrun for example_params_ui_tutorial to None, run_after=None
[2023-08-14T13:39:15.965+0300] {processor.py:179} INFO - Processing /home/soamariaka/.local/lib/python3.9/site-packages/airflow/example_dags/example_params_ui_tutorial.py took 0.461 seconds
[2023-08-14T13:40:17.036+0300] {processor.py:157} INFO - Started process (PID=11490) to work on /home/soamariaka/.local/lib/python3.9/site-packages/airflow/example_dags/example_params_ui_tutorial.py
[2023-08-14T13:40:17.039+0300] {processor.py:826} INFO - Processing file /home/soamariaka/.local/lib/python3.9/site-packages/airflow/example_dags/example_params_ui_tutorial.py for tasks to queue
[2023-08-14T13:40:17.040+0300] {logging_mixin.py:150} INFO - [2023-08-14T13:40:17.040+0300] {dagbag.py:541} INFO - Filling up the DagBag from /home/soamariaka/.local/lib/python3.9/site-packages/airflow/example_dags/example_params_ui_tutorial.py
[2023-08-14T13:40:17.083+0300] {processor.py:836} INFO - DAG(s) dict_keys(['example_params_ui_tutorial']) retrieved from /home/soamariaka/.local/lib/python3.9/site-packages/airflow/example_dags/example_params_ui_tutorial.py
[2023-08-14T13:40:17.141+0300] {logging_mixin.py:150} INFO - [2023-08-14T13:40:17.141+0300] {dag.py:2742} INFO - Sync 1 DAGs
[2023-08-14T13:40:17.173+0300] {logging_mixin.py:150} INFO - [2023-08-14T13:40:17.173+0300] {dag.py:3504} INFO - Setting next_dagrun for example_params_ui_tutorial to None, run_after=None
[2023-08-14T13:40:17.323+0300] {processor.py:179} INFO - Processing /home/soamariaka/.local/lib/python3.9/site-packages/airflow/example_dags/example_params_ui_tutorial.py took 0.292 seconds
[2023-08-14T13:41:12.431+0300] {processor.py:157} INFO - Started process (PID=11573) to work on /home/soamariaka/.local/lib/python3.9/site-packages/airflow/example_dags/example_params_ui_tutorial.py
[2023-08-14T13:41:12.433+0300] {processor.py:826} INFO - Processing file /home/soamariaka/.local/lib/python3.9/site-packages/airflow/example_dags/example_params_ui_tutorial.py for tasks to queue
[2023-08-14T13:41:12.434+0300] {logging_mixin.py:150} INFO - [2023-08-14T13:41:12.433+0300] {dagbag.py:541} INFO - Filling up the DagBag from /home/soamariaka/.local/lib/python3.9/site-packages/airflow/example_dags/example_params_ui_tutorial.py
[2023-08-14T13:41:12.471+0300] {processor.py:836} INFO - DAG(s) dict_keys(['example_params_ui_tutorial']) retrieved from /home/soamariaka/.local/lib/python3.9/site-packages/airflow/example_dags/example_params_ui_tutorial.py
[2023-08-14T13:41:12.528+0300] {logging_mixin.py:150} INFO - [2023-08-14T13:41:12.528+0300] {dag.py:2742} INFO - Sync 1 DAGs
[2023-08-14T13:41:12.562+0300] {logging_mixin.py:150} INFO - [2023-08-14T13:41:12.562+0300] {dag.py:3504} INFO - Setting next_dagrun for example_params_ui_tutorial to None, run_after=None
[2023-08-14T13:41:12.700+0300] {processor.py:179} INFO - Processing /home/soamariaka/.local/lib/python3.9/site-packages/airflow/example_dags/example_params_ui_tutorial.py took 0.273 seconds
[2023-08-14T13:42:11.621+0300] {processor.py:157} INFO - Started process (PID=11623) to work on /home/soamariaka/.local/lib/python3.9/site-packages/airflow/example_dags/example_params_ui_tutorial.py
[2023-08-14T13:42:11.624+0300] {processor.py:826} INFO - Processing file /home/soamariaka/.local/lib/python3.9/site-packages/airflow/example_dags/example_params_ui_tutorial.py for tasks to queue
[2023-08-14T13:42:11.625+0300] {logging_mixin.py:150} INFO - [2023-08-14T13:42:11.625+0300] {dagbag.py:541} INFO - Filling up the DagBag from /home/soamariaka/.local/lib/python3.9/site-packages/airflow/example_dags/example_params_ui_tutorial.py
[2023-08-14T13:42:11.688+0300] {processor.py:836} INFO - DAG(s) dict_keys(['example_params_ui_tutorial']) retrieved from /home/soamariaka/.local/lib/python3.9/site-packages/airflow/example_dags/example_params_ui_tutorial.py
[2023-08-14T13:42:11.769+0300] {logging_mixin.py:150} INFO - [2023-08-14T13:42:11.768+0300] {dag.py:2742} INFO - Sync 1 DAGs
[2023-08-14T13:42:11.824+0300] {logging_mixin.py:150} INFO - [2023-08-14T13:42:11.824+0300] {dag.py:3504} INFO - Setting next_dagrun for example_params_ui_tutorial to None, run_after=None
[2023-08-14T13:42:11.982+0300] {processor.py:179} INFO - Processing /home/soamariaka/.local/lib/python3.9/site-packages/airflow/example_dags/example_params_ui_tutorial.py took 0.367 seconds
[2023-08-14T13:43:06.424+0300] {processor.py:157} INFO - Started process (PID=11674) to work on /home/soamariaka/.local/lib/python3.9/site-packages/airflow/example_dags/example_params_ui_tutorial.py
[2023-08-14T13:43:06.458+0300] {processor.py:826} INFO - Processing file /home/soamariaka/.local/lib/python3.9/site-packages/airflow/example_dags/example_params_ui_tutorial.py for tasks to queue
[2023-08-14T13:43:06.459+0300] {logging_mixin.py:150} INFO - [2023-08-14T13:43:06.459+0300] {dagbag.py:541} INFO - Filling up the DagBag from /home/soamariaka/.local/lib/python3.9/site-packages/airflow/example_dags/example_params_ui_tutorial.py
[2023-08-14T13:43:06.506+0300] {processor.py:836} INFO - DAG(s) dict_keys(['example_params_ui_tutorial']) retrieved from /home/soamariaka/.local/lib/python3.9/site-packages/airflow/example_dags/example_params_ui_tutorial.py
[2023-08-14T13:43:06.563+0300] {logging_mixin.py:150} INFO - [2023-08-14T13:43:06.563+0300] {dag.py:2742} INFO - Sync 1 DAGs
[2023-08-14T13:43:06.594+0300] {logging_mixin.py:150} INFO - [2023-08-14T13:43:06.594+0300] {dag.py:3504} INFO - Setting next_dagrun for example_params_ui_tutorial to None, run_after=None
[2023-08-14T13:43:06.759+0300] {processor.py:179} INFO - Processing /home/soamariaka/.local/lib/python3.9/site-packages/airflow/example_dags/example_params_ui_tutorial.py took 0.341 seconds
[2023-08-14T13:44:05.302+0300] {processor.py:157} INFO - Started process (PID=11755) to work on /home/soamariaka/.local/lib/python3.9/site-packages/airflow/example_dags/example_params_ui_tutorial.py
[2023-08-14T13:44:05.305+0300] {processor.py:826} INFO - Processing file /home/soamariaka/.local/lib/python3.9/site-packages/airflow/example_dags/example_params_ui_tutorial.py for tasks to queue
[2023-08-14T13:44:05.306+0300] {logging_mixin.py:150} INFO - [2023-08-14T13:44:05.306+0300] {dagbag.py:541} INFO - Filling up the DagBag from /home/soamariaka/.local/lib/python3.9/site-packages/airflow/example_dags/example_params_ui_tutorial.py
[2023-08-14T13:44:05.348+0300] {processor.py:836} INFO - DAG(s) dict_keys(['example_params_ui_tutorial']) retrieved from /home/soamariaka/.local/lib/python3.9/site-packages/airflow/example_dags/example_params_ui_tutorial.py
[2023-08-14T13:44:05.405+0300] {logging_mixin.py:150} INFO - [2023-08-14T13:44:05.405+0300] {dag.py:2742} INFO - Sync 1 DAGs
[2023-08-14T13:44:05.435+0300] {logging_mixin.py:150} INFO - [2023-08-14T13:44:05.434+0300] {dag.py:3504} INFO - Setting next_dagrun for example_params_ui_tutorial to None, run_after=None
[2023-08-14T13:44:05.560+0300] {processor.py:179} INFO - Processing /home/soamariaka/.local/lib/python3.9/site-packages/airflow/example_dags/example_params_ui_tutorial.py took 0.263 seconds
[2023-08-14T13:45:11.602+0300] {processor.py:157} INFO - Started process (PID=11830) to work on /home/soamariaka/.local/lib/python3.9/site-packages/airflow/example_dags/example_params_ui_tutorial.py
[2023-08-14T13:45:11.621+0300] {processor.py:826} INFO - Processing file /home/soamariaka/.local/lib/python3.9/site-packages/airflow/example_dags/example_params_ui_tutorial.py for tasks to queue
[2023-08-14T13:45:11.640+0300] {logging_mixin.py:150} INFO - [2023-08-14T13:45:11.639+0300] {dagbag.py:541} INFO - Filling up the DagBag from /home/soamariaka/.local/lib/python3.9/site-packages/airflow/example_dags/example_params_ui_tutorial.py
[2023-08-14T13:45:11.699+0300] {processor.py:836} INFO - DAG(s) dict_keys(['example_params_ui_tutorial']) retrieved from /home/soamariaka/.local/lib/python3.9/site-packages/airflow/example_dags/example_params_ui_tutorial.py
[2023-08-14T13:45:11.756+0300] {logging_mixin.py:150} INFO - [2023-08-14T13:45:11.756+0300] {dag.py:2742} INFO - Sync 1 DAGs
[2023-08-14T13:45:11.786+0300] {logging_mixin.py:150} INFO - [2023-08-14T13:45:11.786+0300] {dag.py:3504} INFO - Setting next_dagrun for example_params_ui_tutorial to None, run_after=None
[2023-08-14T13:45:11.998+0300] {processor.py:179} INFO - Processing /home/soamariaka/.local/lib/python3.9/site-packages/airflow/example_dags/example_params_ui_tutorial.py took 0.401 seconds
[2023-08-14T13:46:16.124+0300] {processor.py:157} INFO - Started process (PID=11922) to work on /home/soamariaka/.local/lib/python3.9/site-packages/airflow/example_dags/example_params_ui_tutorial.py
[2023-08-14T13:46:16.156+0300] {processor.py:826} INFO - Processing file /home/soamariaka/.local/lib/python3.9/site-packages/airflow/example_dags/example_params_ui_tutorial.py for tasks to queue
[2023-08-14T13:46:16.159+0300] {logging_mixin.py:150} INFO - [2023-08-14T13:46:16.158+0300] {dagbag.py:541} INFO - Filling up the DagBag from /home/soamariaka/.local/lib/python3.9/site-packages/airflow/example_dags/example_params_ui_tutorial.py
[2023-08-14T13:46:16.205+0300] {processor.py:836} INFO - DAG(s) dict_keys(['example_params_ui_tutorial']) retrieved from /home/soamariaka/.local/lib/python3.9/site-packages/airflow/example_dags/example_params_ui_tutorial.py
[2023-08-14T13:46:16.264+0300] {logging_mixin.py:150} INFO - [2023-08-14T13:46:16.263+0300] {dag.py:2742} INFO - Sync 1 DAGs
[2023-08-14T13:46:16.295+0300] {logging_mixin.py:150} INFO - [2023-08-14T13:46:16.294+0300] {dag.py:3504} INFO - Setting next_dagrun for example_params_ui_tutorial to None, run_after=None
[2023-08-14T13:46:16.440+0300] {processor.py:179} INFO - Processing /home/soamariaka/.local/lib/python3.9/site-packages/airflow/example_dags/example_params_ui_tutorial.py took 0.321 seconds
[2023-08-14T13:47:18.288+0300] {processor.py:157} INFO - Started process (PID=11979) to work on /home/soamariaka/.local/lib/python3.9/site-packages/airflow/example_dags/example_params_ui_tutorial.py
[2023-08-14T13:47:18.299+0300] {processor.py:826} INFO - Processing file /home/soamariaka/.local/lib/python3.9/site-packages/airflow/example_dags/example_params_ui_tutorial.py for tasks to queue
[2023-08-14T13:47:18.301+0300] {logging_mixin.py:150} INFO - [2023-08-14T13:47:18.300+0300] {dagbag.py:541} INFO - Filling up the DagBag from /home/soamariaka/.local/lib/python3.9/site-packages/airflow/example_dags/example_params_ui_tutorial.py
[2023-08-14T13:47:18.346+0300] {processor.py:836} INFO - DAG(s) dict_keys(['example_params_ui_tutorial']) retrieved from /home/soamariaka/.local/lib/python3.9/site-packages/airflow/example_dags/example_params_ui_tutorial.py
[2023-08-14T13:47:18.403+0300] {logging_mixin.py:150} INFO - [2023-08-14T13:47:18.403+0300] {dag.py:2742} INFO - Sync 1 DAGs
[2023-08-14T13:47:18.433+0300] {logging_mixin.py:150} INFO - [2023-08-14T13:47:18.433+0300] {dag.py:3504} INFO - Setting next_dagrun for example_params_ui_tutorial to None, run_after=None
[2023-08-14T13:47:18.562+0300] {processor.py:179} INFO - Processing /home/soamariaka/.local/lib/python3.9/site-packages/airflow/example_dags/example_params_ui_tutorial.py took 0.280 seconds
[2023-08-14T13:48:21.800+0300] {processor.py:157} INFO - Started process (PID=12073) to work on /home/soamariaka/.local/lib/python3.9/site-packages/airflow/example_dags/example_params_ui_tutorial.py
[2023-08-14T13:48:21.831+0300] {processor.py:826} INFO - Processing file /home/soamariaka/.local/lib/python3.9/site-packages/airflow/example_dags/example_params_ui_tutorial.py for tasks to queue
[2023-08-14T13:48:21.833+0300] {logging_mixin.py:150} INFO - [2023-08-14T13:48:21.832+0300] {dagbag.py:541} INFO - Filling up the DagBag from /home/soamariaka/.local/lib/python3.9/site-packages/airflow/example_dags/example_params_ui_tutorial.py
[2023-08-14T13:48:21.880+0300] {processor.py:836} INFO - DAG(s) dict_keys(['example_params_ui_tutorial']) retrieved from /home/soamariaka/.local/lib/python3.9/site-packages/airflow/example_dags/example_params_ui_tutorial.py
[2023-08-14T13:48:21.940+0300] {logging_mixin.py:150} INFO - [2023-08-14T13:48:21.940+0300] {dag.py:2742} INFO - Sync 1 DAGs
[2023-08-14T13:48:21.970+0300] {logging_mixin.py:150} INFO - [2023-08-14T13:48:21.970+0300] {dag.py:3504} INFO - Setting next_dagrun for example_params_ui_tutorial to None, run_after=None
[2023-08-14T13:48:22.177+0300] {processor.py:179} INFO - Processing /home/soamariaka/.local/lib/python3.9/site-packages/airflow/example_dags/example_params_ui_tutorial.py took 0.383 seconds
[2023-08-14T13:49:23.108+0300] {processor.py:157} INFO - Started process (PID=12130) to work on /home/soamariaka/.local/lib/python3.9/site-packages/airflow/example_dags/example_params_ui_tutorial.py
[2023-08-14T13:49:23.195+0300] {processor.py:826} INFO - Processing file /home/soamariaka/.local/lib/python3.9/site-packages/airflow/example_dags/example_params_ui_tutorial.py for tasks to queue
[2023-08-14T13:49:23.198+0300] {logging_mixin.py:150} INFO - [2023-08-14T13:49:23.197+0300] {dagbag.py:541} INFO - Filling up the DagBag from /home/soamariaka/.local/lib/python3.9/site-packages/airflow/example_dags/example_params_ui_tutorial.py
[2023-08-14T13:49:23.260+0300] {processor.py:836} INFO - DAG(s) dict_keys(['example_params_ui_tutorial']) retrieved from /home/soamariaka/.local/lib/python3.9/site-packages/airflow/example_dags/example_params_ui_tutorial.py
[2023-08-14T13:49:23.322+0300] {logging_mixin.py:150} INFO - [2023-08-14T13:49:23.322+0300] {dag.py:2742} INFO - Sync 1 DAGs
[2023-08-14T13:49:23.354+0300] {logging_mixin.py:150} INFO - [2023-08-14T13:49:23.354+0300] {dag.py:3504} INFO - Setting next_dagrun for example_params_ui_tutorial to None, run_after=None
[2023-08-14T13:49:23.641+0300] {processor.py:179} INFO - Processing /home/soamariaka/.local/lib/python3.9/site-packages/airflow/example_dags/example_params_ui_tutorial.py took 0.538 seconds
[2023-08-14T13:50:26.105+0300] {processor.py:157} INFO - Started process (PID=12205) to work on /home/soamariaka/.local/lib/python3.9/site-packages/airflow/example_dags/example_params_ui_tutorial.py
[2023-08-14T13:50:26.106+0300] {processor.py:826} INFO - Processing file /home/soamariaka/.local/lib/python3.9/site-packages/airflow/example_dags/example_params_ui_tutorial.py for tasks to queue
[2023-08-14T13:50:26.108+0300] {logging_mixin.py:150} INFO - [2023-08-14T13:50:26.107+0300] {dagbag.py:541} INFO - Filling up the DagBag from /home/soamariaka/.local/lib/python3.9/site-packages/airflow/example_dags/example_params_ui_tutorial.py
[2023-08-14T13:50:26.150+0300] {processor.py:836} INFO - DAG(s) dict_keys(['example_params_ui_tutorial']) retrieved from /home/soamariaka/.local/lib/python3.9/site-packages/airflow/example_dags/example_params_ui_tutorial.py
[2023-08-14T13:50:26.207+0300] {logging_mixin.py:150} INFO - [2023-08-14T13:50:26.207+0300] {dag.py:2742} INFO - Sync 1 DAGs
[2023-08-14T13:50:26.237+0300] {logging_mixin.py:150} INFO - [2023-08-14T13:50:26.237+0300] {dag.py:3504} INFO - Setting next_dagrun for example_params_ui_tutorial to None, run_after=None
[2023-08-14T13:50:26.369+0300] {processor.py:179} INFO - Processing /home/soamariaka/.local/lib/python3.9/site-packages/airflow/example_dags/example_params_ui_tutorial.py took 0.269 seconds
[2023-08-14T13:51:32.678+0300] {processor.py:157} INFO - Started process (PID=12299) to work on /home/soamariaka/.local/lib/python3.9/site-packages/airflow/example_dags/example_params_ui_tutorial.py
[2023-08-14T13:51:32.708+0300] {processor.py:826} INFO - Processing file /home/soamariaka/.local/lib/python3.9/site-packages/airflow/example_dags/example_params_ui_tutorial.py for tasks to queue
[2023-08-14T13:51:32.710+0300] {logging_mixin.py:150} INFO - [2023-08-14T13:51:32.710+0300] {dagbag.py:541} INFO - Filling up the DagBag from /home/soamariaka/.local/lib/python3.9/site-packages/airflow/example_dags/example_params_ui_tutorial.py
[2023-08-14T13:51:32.758+0300] {processor.py:836} INFO - DAG(s) dict_keys(['example_params_ui_tutorial']) retrieved from /home/soamariaka/.local/lib/python3.9/site-packages/airflow/example_dags/example_params_ui_tutorial.py
[2023-08-14T13:51:32.817+0300] {logging_mixin.py:150} INFO - [2023-08-14T13:51:32.816+0300] {dag.py:2742} INFO - Sync 1 DAGs
[2023-08-14T13:51:32.847+0300] {logging_mixin.py:150} INFO - [2023-08-14T13:51:32.846+0300] {dag.py:3504} INFO - Setting next_dagrun for example_params_ui_tutorial to None, run_after=None
[2023-08-14T13:51:33.032+0300] {processor.py:179} INFO - Processing /home/soamariaka/.local/lib/python3.9/site-packages/airflow/example_dags/example_params_ui_tutorial.py took 0.361 seconds
[2023-08-14T13:52:34.617+0300] {processor.py:157} INFO - Started process (PID=12356) to work on /home/soamariaka/.local/lib/python3.9/site-packages/airflow/example_dags/example_params_ui_tutorial.py
[2023-08-14T13:52:34.653+0300] {processor.py:826} INFO - Processing file /home/soamariaka/.local/lib/python3.9/site-packages/airflow/example_dags/example_params_ui_tutorial.py for tasks to queue
[2023-08-14T13:52:34.654+0300] {logging_mixin.py:150} INFO - [2023-08-14T13:52:34.654+0300] {dagbag.py:541} INFO - Filling up the DagBag from /home/soamariaka/.local/lib/python3.9/site-packages/airflow/example_dags/example_params_ui_tutorial.py
[2023-08-14T13:52:34.703+0300] {processor.py:836} INFO - DAG(s) dict_keys(['example_params_ui_tutorial']) retrieved from /home/soamariaka/.local/lib/python3.9/site-packages/airflow/example_dags/example_params_ui_tutorial.py
[2023-08-14T13:52:34.763+0300] {logging_mixin.py:150} INFO - [2023-08-14T13:52:34.763+0300] {dag.py:2742} INFO - Sync 1 DAGs
[2023-08-14T13:52:34.795+0300] {logging_mixin.py:150} INFO - [2023-08-14T13:52:34.794+0300] {dag.py:3504} INFO - Setting next_dagrun for example_params_ui_tutorial to None, run_after=None
[2023-08-14T13:52:34.971+0300] {processor.py:179} INFO - Processing /home/soamariaka/.local/lib/python3.9/site-packages/airflow/example_dags/example_params_ui_tutorial.py took 0.359 seconds
[2023-08-14T13:53:39.433+0300] {processor.py:157} INFO - Started process (PID=12418) to work on /home/soamariaka/.local/lib/python3.9/site-packages/airflow/example_dags/example_params_ui_tutorial.py
[2023-08-14T13:53:39.436+0300] {processor.py:826} INFO - Processing file /home/soamariaka/.local/lib/python3.9/site-packages/airflow/example_dags/example_params_ui_tutorial.py for tasks to queue
[2023-08-14T13:53:39.438+0300] {logging_mixin.py:150} INFO - [2023-08-14T13:53:39.437+0300] {dagbag.py:541} INFO - Filling up the DagBag from /home/soamariaka/.local/lib/python3.9/site-packages/airflow/example_dags/example_params_ui_tutorial.py
[2023-08-14T13:53:39.480+0300] {processor.py:836} INFO - DAG(s) dict_keys(['example_params_ui_tutorial']) retrieved from /home/soamariaka/.local/lib/python3.9/site-packages/airflow/example_dags/example_params_ui_tutorial.py
[2023-08-14T13:53:39.541+0300] {logging_mixin.py:150} INFO - [2023-08-14T13:53:39.540+0300] {dag.py:2742} INFO - Sync 1 DAGs
[2023-08-14T13:53:39.572+0300] {logging_mixin.py:150} INFO - [2023-08-14T13:53:39.571+0300] {dag.py:3504} INFO - Setting next_dagrun for example_params_ui_tutorial to None, run_after=None
[2023-08-14T13:53:40.092+0300] {processor.py:179} INFO - Processing /home/soamariaka/.local/lib/python3.9/site-packages/airflow/example_dags/example_params_ui_tutorial.py took 0.664 seconds
[2023-08-14T13:54:43.969+0300] {processor.py:157} INFO - Started process (PID=12473) to work on /home/soamariaka/.local/lib/python3.9/site-packages/airflow/example_dags/example_params_ui_tutorial.py
[2023-08-14T13:54:43.970+0300] {processor.py:826} INFO - Processing file /home/soamariaka/.local/lib/python3.9/site-packages/airflow/example_dags/example_params_ui_tutorial.py for tasks to queue
[2023-08-14T13:54:43.983+0300] {logging_mixin.py:150} INFO - [2023-08-14T13:54:43.982+0300] {dagbag.py:541} INFO - Filling up the DagBag from /home/soamariaka/.local/lib/python3.9/site-packages/airflow/example_dags/example_params_ui_tutorial.py
[2023-08-14T13:54:44.049+0300] {processor.py:836} INFO - DAG(s) dict_keys(['example_params_ui_tutorial']) retrieved from /home/soamariaka/.local/lib/python3.9/site-packages/airflow/example_dags/example_params_ui_tutorial.py
[2023-08-14T13:54:44.139+0300] {logging_mixin.py:150} INFO - [2023-08-14T13:54:44.139+0300] {dag.py:2742} INFO - Sync 1 DAGs
[2023-08-14T13:54:44.187+0300] {logging_mixin.py:150} INFO - [2023-08-14T13:54:44.186+0300] {dag.py:3504} INFO - Setting next_dagrun for example_params_ui_tutorial to None, run_after=None
[2023-08-14T13:54:44.458+0300] {processor.py:179} INFO - Processing /home/soamariaka/.local/lib/python3.9/site-packages/airflow/example_dags/example_params_ui_tutorial.py took 0.494 seconds
[2023-08-14T13:55:50.746+0300] {processor.py:157} INFO - Started process (PID=12587) to work on /home/soamariaka/.local/lib/python3.9/site-packages/airflow/example_dags/example_params_ui_tutorial.py
[2023-08-14T13:55:50.749+0300] {processor.py:826} INFO - Processing file /home/soamariaka/.local/lib/python3.9/site-packages/airflow/example_dags/example_params_ui_tutorial.py for tasks to queue
[2023-08-14T13:55:50.750+0300] {logging_mixin.py:150} INFO - [2023-08-14T13:55:50.750+0300] {dagbag.py:541} INFO - Filling up the DagBag from /home/soamariaka/.local/lib/python3.9/site-packages/airflow/example_dags/example_params_ui_tutorial.py
[2023-08-14T13:55:50.793+0300] {processor.py:836} INFO - DAG(s) dict_keys(['example_params_ui_tutorial']) retrieved from /home/soamariaka/.local/lib/python3.9/site-packages/airflow/example_dags/example_params_ui_tutorial.py
[2023-08-14T13:55:50.850+0300] {logging_mixin.py:150} INFO - [2023-08-14T13:55:50.850+0300] {dag.py:2742} INFO - Sync 1 DAGs
[2023-08-14T13:55:50.881+0300] {logging_mixin.py:150} INFO - [2023-08-14T13:55:50.880+0300] {dag.py:3504} INFO - Setting next_dagrun for example_params_ui_tutorial to None, run_after=None
[2023-08-14T13:55:51.146+0300] {processor.py:179} INFO - Processing /home/soamariaka/.local/lib/python3.9/site-packages/airflow/example_dags/example_params_ui_tutorial.py took 0.406 seconds
[2023-08-14T13:56:57.485+0300] {processor.py:157} INFO - Started process (PID=12672) to work on /home/soamariaka/.local/lib/python3.9/site-packages/airflow/example_dags/example_params_ui_tutorial.py
[2023-08-14T13:56:57.487+0300] {processor.py:826} INFO - Processing file /home/soamariaka/.local/lib/python3.9/site-packages/airflow/example_dags/example_params_ui_tutorial.py for tasks to queue
[2023-08-14T13:56:57.488+0300] {logging_mixin.py:150} INFO - [2023-08-14T13:56:57.488+0300] {dagbag.py:541} INFO - Filling up the DagBag from /home/soamariaka/.local/lib/python3.9/site-packages/airflow/example_dags/example_params_ui_tutorial.py
[2023-08-14T13:56:57.570+0300] {processor.py:836} INFO - DAG(s) dict_keys(['example_params_ui_tutorial']) retrieved from /home/soamariaka/.local/lib/python3.9/site-packages/airflow/example_dags/example_params_ui_tutorial.py
[2023-08-14T13:56:57.634+0300] {logging_mixin.py:150} INFO - [2023-08-14T13:56:57.634+0300] {dag.py:2742} INFO - Sync 1 DAGs
[2023-08-14T13:56:57.668+0300] {logging_mixin.py:150} INFO - [2023-08-14T13:56:57.668+0300] {dag.py:3504} INFO - Setting next_dagrun for example_params_ui_tutorial to None, run_after=None
[2023-08-14T13:56:57.860+0300] {processor.py:179} INFO - Processing /home/soamariaka/.local/lib/python3.9/site-packages/airflow/example_dags/example_params_ui_tutorial.py took 0.381 seconds
[2023-08-14T13:58:05.225+0300] {processor.py:157} INFO - Started process (PID=12739) to work on /home/soamariaka/.local/lib/python3.9/site-packages/airflow/example_dags/example_params_ui_tutorial.py
[2023-08-14T13:58:05.226+0300] {processor.py:826} INFO - Processing file /home/soamariaka/.local/lib/python3.9/site-packages/airflow/example_dags/example_params_ui_tutorial.py for tasks to queue
[2023-08-14T13:58:05.228+0300] {logging_mixin.py:150} INFO - [2023-08-14T13:58:05.227+0300] {dagbag.py:541} INFO - Filling up the DagBag from /home/soamariaka/.local/lib/python3.9/site-packages/airflow/example_dags/example_params_ui_tutorial.py
[2023-08-14T13:58:05.271+0300] {processor.py:836} INFO - DAG(s) dict_keys(['example_params_ui_tutorial']) retrieved from /home/soamariaka/.local/lib/python3.9/site-packages/airflow/example_dags/example_params_ui_tutorial.py
[2023-08-14T13:58:05.328+0300] {logging_mixin.py:150} INFO - [2023-08-14T13:58:05.328+0300] {dag.py:2742} INFO - Sync 1 DAGs
[2023-08-14T13:58:05.359+0300] {logging_mixin.py:150} INFO - [2023-08-14T13:58:05.359+0300] {dag.py:3504} INFO - Setting next_dagrun for example_params_ui_tutorial to None, run_after=None
[2023-08-14T13:58:05.492+0300] {processor.py:179} INFO - Processing /home/soamariaka/.local/lib/python3.9/site-packages/airflow/example_dags/example_params_ui_tutorial.py took 0.273 seconds
[2023-08-14T13:59:09.068+0300] {processor.py:157} INFO - Started process (PID=12827) to work on /home/soamariaka/.local/lib/python3.9/site-packages/airflow/example_dags/example_params_ui_tutorial.py
[2023-08-14T13:59:09.073+0300] {processor.py:826} INFO - Processing file /home/soamariaka/.local/lib/python3.9/site-packages/airflow/example_dags/example_params_ui_tutorial.py for tasks to queue
[2023-08-14T13:59:09.074+0300] {logging_mixin.py:150} INFO - [2023-08-14T13:59:09.074+0300] {dagbag.py:541} INFO - Filling up the DagBag from /home/soamariaka/.local/lib/python3.9/site-packages/airflow/example_dags/example_params_ui_tutorial.py
[2023-08-14T13:59:09.118+0300] {processor.py:836} INFO - DAG(s) dict_keys(['example_params_ui_tutorial']) retrieved from /home/soamariaka/.local/lib/python3.9/site-packages/airflow/example_dags/example_params_ui_tutorial.py
[2023-08-14T13:59:09.175+0300] {logging_mixin.py:150} INFO - [2023-08-14T13:59:09.175+0300] {dag.py:2742} INFO - Sync 1 DAGs
[2023-08-14T13:59:09.208+0300] {logging_mixin.py:150} INFO - [2023-08-14T13:59:09.208+0300] {dag.py:3504} INFO - Setting next_dagrun for example_params_ui_tutorial to None, run_after=None
[2023-08-14T13:59:09.344+0300] {processor.py:179} INFO - Processing /home/soamariaka/.local/lib/python3.9/site-packages/airflow/example_dags/example_params_ui_tutorial.py took 0.281 seconds
[2023-08-14T14:00:11.821+0300] {processor.py:157} INFO - Started process (PID=12909) to work on /home/soamariaka/.local/lib/python3.9/site-packages/airflow/example_dags/example_params_ui_tutorial.py
[2023-08-14T14:00:11.824+0300] {processor.py:826} INFO - Processing file /home/soamariaka/.local/lib/python3.9/site-packages/airflow/example_dags/example_params_ui_tutorial.py for tasks to queue
[2023-08-14T14:00:11.825+0300] {logging_mixin.py:150} INFO - [2023-08-14T14:00:11.825+0300] {dagbag.py:541} INFO - Filling up the DagBag from /home/soamariaka/.local/lib/python3.9/site-packages/airflow/example_dags/example_params_ui_tutorial.py
[2023-08-14T14:00:11.868+0300] {processor.py:836} INFO - DAG(s) dict_keys(['example_params_ui_tutorial']) retrieved from /home/soamariaka/.local/lib/python3.9/site-packages/airflow/example_dags/example_params_ui_tutorial.py
[2023-08-14T14:00:11.926+0300] {logging_mixin.py:150} INFO - [2023-08-14T14:00:11.926+0300] {dag.py:2742} INFO - Sync 1 DAGs
[2023-08-14T14:00:11.956+0300] {logging_mixin.py:150} INFO - [2023-08-14T14:00:11.956+0300] {dag.py:3504} INFO - Setting next_dagrun for example_params_ui_tutorial to None, run_after=None
[2023-08-14T14:00:12.187+0300] {processor.py:179} INFO - Processing /home/soamariaka/.local/lib/python3.9/site-packages/airflow/example_dags/example_params_ui_tutorial.py took 0.371 seconds
[2023-08-14T14:01:13.241+0300] {processor.py:157} INFO - Started process (PID=12966) to work on /home/soamariaka/.local/lib/python3.9/site-packages/airflow/example_dags/example_params_ui_tutorial.py
[2023-08-14T14:01:13.243+0300] {processor.py:826} INFO - Processing file /home/soamariaka/.local/lib/python3.9/site-packages/airflow/example_dags/example_params_ui_tutorial.py for tasks to queue
[2023-08-14T14:01:13.244+0300] {logging_mixin.py:150} INFO - [2023-08-14T14:01:13.244+0300] {dagbag.py:541} INFO - Filling up the DagBag from /home/soamariaka/.local/lib/python3.9/site-packages/airflow/example_dags/example_params_ui_tutorial.py
[2023-08-14T14:01:13.289+0300] {processor.py:836} INFO - DAG(s) dict_keys(['example_params_ui_tutorial']) retrieved from /home/soamariaka/.local/lib/python3.9/site-packages/airflow/example_dags/example_params_ui_tutorial.py
[2023-08-14T14:01:13.346+0300] {logging_mixin.py:150} INFO - [2023-08-14T14:01:13.346+0300] {dag.py:2742} INFO - Sync 1 DAGs
[2023-08-14T14:01:13.376+0300] {logging_mixin.py:150} INFO - [2023-08-14T14:01:13.376+0300] {dag.py:3504} INFO - Setting next_dagrun for example_params_ui_tutorial to None, run_after=None
[2023-08-14T14:01:13.583+0300] {processor.py:179} INFO - Processing /home/soamariaka/.local/lib/python3.9/site-packages/airflow/example_dags/example_params_ui_tutorial.py took 0.347 seconds
[2023-08-14T14:03:41.630+0300] {processor.py:157} INFO - Started process (PID=13683) to work on /home/soamariaka/.local/lib/python3.9/site-packages/airflow/example_dags/example_params_ui_tutorial.py
[2023-08-14T14:03:41.725+0300] {processor.py:826} INFO - Processing file /home/soamariaka/.local/lib/python3.9/site-packages/airflow/example_dags/example_params_ui_tutorial.py for tasks to queue
[2023-08-14T14:03:41.727+0300] {logging_mixin.py:150} INFO - [2023-08-14T14:03:41.726+0300] {dagbag.py:541} INFO - Filling up the DagBag from /home/soamariaka/.local/lib/python3.9/site-packages/airflow/example_dags/example_params_ui_tutorial.py
[2023-08-14T14:03:41.816+0300] {processor.py:836} INFO - DAG(s) dict_keys(['example_params_ui_tutorial']) retrieved from /home/soamariaka/.local/lib/python3.9/site-packages/airflow/example_dags/example_params_ui_tutorial.py
[2023-08-14T14:03:41.877+0300] {logging_mixin.py:150} INFO - [2023-08-14T14:03:41.877+0300] {dag.py:2742} INFO - Sync 1 DAGs
[2023-08-14T14:03:41.909+0300] {logging_mixin.py:150} INFO - [2023-08-14T14:03:41.909+0300] {dag.py:3504} INFO - Setting next_dagrun for example_params_ui_tutorial to None, run_after=None
[2023-08-14T14:03:42.248+0300] {processor.py:179} INFO - Processing /home/soamariaka/.local/lib/python3.9/site-packages/airflow/example_dags/example_params_ui_tutorial.py took 0.623 seconds
[2023-08-14T14:05:35.533+0300] {processor.py:157} INFO - Started process (PID=13792) to work on /home/soamariaka/.local/lib/python3.9/site-packages/airflow/example_dags/example_params_ui_tutorial.py
[2023-08-14T14:05:35.567+0300] {processor.py:826} INFO - Processing file /home/soamariaka/.local/lib/python3.9/site-packages/airflow/example_dags/example_params_ui_tutorial.py for tasks to queue
[2023-08-14T14:05:35.620+0300] {logging_mixin.py:150} INFO - [2023-08-14T14:05:35.619+0300] {dagbag.py:541} INFO - Filling up the DagBag from /home/soamariaka/.local/lib/python3.9/site-packages/airflow/example_dags/example_params_ui_tutorial.py
[2023-08-14T14:05:35.679+0300] {processor.py:836} INFO - DAG(s) dict_keys(['example_params_ui_tutorial']) retrieved from /home/soamariaka/.local/lib/python3.9/site-packages/airflow/example_dags/example_params_ui_tutorial.py
[2023-08-14T14:05:35.786+0300] {logging_mixin.py:150} INFO - [2023-08-14T14:05:35.786+0300] {dag.py:2742} INFO - Sync 1 DAGs
[2023-08-14T14:05:35.841+0300] {logging_mixin.py:150} INFO - [2023-08-14T14:05:35.840+0300] {dag.py:3504} INFO - Setting next_dagrun for example_params_ui_tutorial to None, run_after=None
[2023-08-14T14:05:36.132+0300] {processor.py:179} INFO - Processing /home/soamariaka/.local/lib/python3.9/site-packages/airflow/example_dags/example_params_ui_tutorial.py took 0.606 seconds
[2023-08-14T14:06:56.779+0300] {processor.py:157} INFO - Started process (PID=13873) to work on /home/soamariaka/.local/lib/python3.9/site-packages/airflow/example_dags/example_params_ui_tutorial.py
[2023-08-14T14:06:56.781+0300] {processor.py:826} INFO - Processing file /home/soamariaka/.local/lib/python3.9/site-packages/airflow/example_dags/example_params_ui_tutorial.py for tasks to queue
[2023-08-14T14:06:56.783+0300] {logging_mixin.py:150} INFO - [2023-08-14T14:06:56.782+0300] {dagbag.py:541} INFO - Filling up the DagBag from /home/soamariaka/.local/lib/python3.9/site-packages/airflow/example_dags/example_params_ui_tutorial.py
[2023-08-14T14:06:56.830+0300] {processor.py:836} INFO - DAG(s) dict_keys(['example_params_ui_tutorial']) retrieved from /home/soamariaka/.local/lib/python3.9/site-packages/airflow/example_dags/example_params_ui_tutorial.py
[2023-08-14T14:06:56.898+0300] {logging_mixin.py:150} INFO - [2023-08-14T14:06:56.898+0300] {dag.py:2742} INFO - Sync 1 DAGs
[2023-08-14T14:06:56.943+0300] {logging_mixin.py:150} INFO - [2023-08-14T14:06:56.943+0300] {dag.py:3504} INFO - Setting next_dagrun for example_params_ui_tutorial to None, run_after=None
[2023-08-14T14:06:57.354+0300] {processor.py:179} INFO - Processing /home/soamariaka/.local/lib/python3.9/site-packages/airflow/example_dags/example_params_ui_tutorial.py took 0.580 seconds
[2023-08-14T14:08:59.909+0300] {processor.py:157} INFO - Started process (PID=14050) to work on /home/soamariaka/.local/lib/python3.9/site-packages/airflow/example_dags/example_params_ui_tutorial.py
[2023-08-14T14:08:59.947+0300] {processor.py:826} INFO - Processing file /home/soamariaka/.local/lib/python3.9/site-packages/airflow/example_dags/example_params_ui_tutorial.py for tasks to queue
[2023-08-14T14:08:59.971+0300] {logging_mixin.py:150} INFO - [2023-08-14T14:08:59.970+0300] {dagbag.py:541} INFO - Filling up the DagBag from /home/soamariaka/.local/lib/python3.9/site-packages/airflow/example_dags/example_params_ui_tutorial.py
[2023-08-14T14:09:00.043+0300] {processor.py:836} INFO - DAG(s) dict_keys(['example_params_ui_tutorial']) retrieved from /home/soamariaka/.local/lib/python3.9/site-packages/airflow/example_dags/example_params_ui_tutorial.py
[2023-08-14T14:09:00.105+0300] {logging_mixin.py:150} INFO - [2023-08-14T14:09:00.105+0300] {dag.py:2742} INFO - Sync 1 DAGs
[2023-08-14T14:09:00.142+0300] {logging_mixin.py:150} INFO - [2023-08-14T14:09:00.142+0300] {dag.py:3504} INFO - Setting next_dagrun for example_params_ui_tutorial to None, run_after=None
[2023-08-14T14:09:00.490+0300] {processor.py:179} INFO - Processing /home/soamariaka/.local/lib/python3.9/site-packages/airflow/example_dags/example_params_ui_tutorial.py took 0.591 seconds
[2023-08-14T14:10:23.770+0300] {processor.py:157} INFO - Started process (PID=14161) to work on /home/soamariaka/.local/lib/python3.9/site-packages/airflow/example_dags/example_params_ui_tutorial.py
[2023-08-14T14:10:23.801+0300] {processor.py:826} INFO - Processing file /home/soamariaka/.local/lib/python3.9/site-packages/airflow/example_dags/example_params_ui_tutorial.py for tasks to queue
[2023-08-14T14:10:23.821+0300] {logging_mixin.py:150} INFO - [2023-08-14T14:10:23.820+0300] {dagbag.py:541} INFO - Filling up the DagBag from /home/soamariaka/.local/lib/python3.9/site-packages/airflow/example_dags/example_params_ui_tutorial.py
[2023-08-14T14:10:23.858+0300] {processor.py:836} INFO - DAG(s) dict_keys(['example_params_ui_tutorial']) retrieved from /home/soamariaka/.local/lib/python3.9/site-packages/airflow/example_dags/example_params_ui_tutorial.py
[2023-08-14T14:10:23.918+0300] {logging_mixin.py:150} INFO - [2023-08-14T14:10:23.918+0300] {dag.py:2742} INFO - Sync 1 DAGs
[2023-08-14T14:10:23.949+0300] {logging_mixin.py:150} INFO - [2023-08-14T14:10:23.949+0300] {dag.py:3504} INFO - Setting next_dagrun for example_params_ui_tutorial to None, run_after=None
[2023-08-14T14:10:24.328+0300] {processor.py:179} INFO - Processing /home/soamariaka/.local/lib/python3.9/site-packages/airflow/example_dags/example_params_ui_tutorial.py took 0.562 seconds
[2023-08-14T14:12:15.161+0300] {processor.py:157} INFO - Started process (PID=15135) to work on /home/soamariaka/.local/lib/python3.9/site-packages/airflow/example_dags/example_params_ui_tutorial.py
[2023-08-14T14:12:15.177+0300] {processor.py:826} INFO - Processing file /home/soamariaka/.local/lib/python3.9/site-packages/airflow/example_dags/example_params_ui_tutorial.py for tasks to queue
[2023-08-14T14:12:15.178+0300] {logging_mixin.py:150} INFO - [2023-08-14T14:12:15.178+0300] {dagbag.py:541} INFO - Filling up the DagBag from /home/soamariaka/.local/lib/python3.9/site-packages/airflow/example_dags/example_params_ui_tutorial.py
[2023-08-14T14:12:15.224+0300] {processor.py:836} INFO - DAG(s) dict_keys(['example_params_ui_tutorial']) retrieved from /home/soamariaka/.local/lib/python3.9/site-packages/airflow/example_dags/example_params_ui_tutorial.py
[2023-08-14T14:12:15.283+0300] {logging_mixin.py:150} INFO - [2023-08-14T14:12:15.283+0300] {dag.py:2742} INFO - Sync 1 DAGs
[2023-08-14T14:12:15.313+0300] {logging_mixin.py:150} INFO - [2023-08-14T14:12:15.313+0300] {dag.py:3504} INFO - Setting next_dagrun for example_params_ui_tutorial to None, run_after=None
[2023-08-14T14:12:15.438+0300] {processor.py:179} INFO - Processing /home/soamariaka/.local/lib/python3.9/site-packages/airflow/example_dags/example_params_ui_tutorial.py took 0.282 seconds
[2023-08-14T14:13:13.648+0300] {processor.py:157} INFO - Started process (PID=15243) to work on /home/soamariaka/.local/lib/python3.9/site-packages/airflow/example_dags/example_params_ui_tutorial.py
[2023-08-14T14:13:13.651+0300] {processor.py:826} INFO - Processing file /home/soamariaka/.local/lib/python3.9/site-packages/airflow/example_dags/example_params_ui_tutorial.py for tasks to queue
[2023-08-14T14:13:13.652+0300] {logging_mixin.py:150} INFO - [2023-08-14T14:13:13.652+0300] {dagbag.py:541} INFO - Filling up the DagBag from /home/soamariaka/.local/lib/python3.9/site-packages/airflow/example_dags/example_params_ui_tutorial.py
[2023-08-14T14:13:13.701+0300] {processor.py:836} INFO - DAG(s) dict_keys(['example_params_ui_tutorial']) retrieved from /home/soamariaka/.local/lib/python3.9/site-packages/airflow/example_dags/example_params_ui_tutorial.py
[2023-08-14T14:13:13.767+0300] {logging_mixin.py:150} INFO - [2023-08-14T14:13:13.766+0300] {dag.py:2742} INFO - Sync 1 DAGs
[2023-08-14T14:13:13.806+0300] {logging_mixin.py:150} INFO - [2023-08-14T14:13:13.806+0300] {dag.py:3504} INFO - Setting next_dagrun for example_params_ui_tutorial to None, run_after=None
[2023-08-14T14:13:13.991+0300] {processor.py:179} INFO - Processing /home/soamariaka/.local/lib/python3.9/site-packages/airflow/example_dags/example_params_ui_tutorial.py took 0.349 seconds
[2023-08-14T14:14:17.979+0300] {processor.py:157} INFO - Started process (PID=15354) to work on /home/soamariaka/.local/lib/python3.9/site-packages/airflow/example_dags/example_params_ui_tutorial.py
[2023-08-14T14:14:17.995+0300] {processor.py:826} INFO - Processing file /home/soamariaka/.local/lib/python3.9/site-packages/airflow/example_dags/example_params_ui_tutorial.py for tasks to queue
[2023-08-14T14:14:17.998+0300] {logging_mixin.py:150} INFO - [2023-08-14T14:14:17.997+0300] {dagbag.py:541} INFO - Filling up the DagBag from /home/soamariaka/.local/lib/python3.9/site-packages/airflow/example_dags/example_params_ui_tutorial.py
[2023-08-14T14:14:18.056+0300] {processor.py:836} INFO - DAG(s) dict_keys(['example_params_ui_tutorial']) retrieved from /home/soamariaka/.local/lib/python3.9/site-packages/airflow/example_dags/example_params_ui_tutorial.py
[2023-08-14T14:14:18.123+0300] {logging_mixin.py:150} INFO - [2023-08-14T14:14:18.123+0300] {dag.py:2742} INFO - Sync 1 DAGs
[2023-08-14T14:14:18.159+0300] {logging_mixin.py:150} INFO - [2023-08-14T14:14:18.158+0300] {dag.py:3504} INFO - Setting next_dagrun for example_params_ui_tutorial to None, run_after=None
[2023-08-14T14:14:18.369+0300] {processor.py:179} INFO - Processing /home/soamariaka/.local/lib/python3.9/site-packages/airflow/example_dags/example_params_ui_tutorial.py took 0.396 seconds
[2023-08-14T14:15:18.829+0300] {processor.py:157} INFO - Started process (PID=15464) to work on /home/soamariaka/.local/lib/python3.9/site-packages/airflow/example_dags/example_params_ui_tutorial.py
[2023-08-14T14:15:18.850+0300] {processor.py:826} INFO - Processing file /home/soamariaka/.local/lib/python3.9/site-packages/airflow/example_dags/example_params_ui_tutorial.py for tasks to queue
[2023-08-14T14:15:18.852+0300] {logging_mixin.py:150} INFO - [2023-08-14T14:15:18.851+0300] {dagbag.py:541} INFO - Filling up the DagBag from /home/soamariaka/.local/lib/python3.9/site-packages/airflow/example_dags/example_params_ui_tutorial.py
[2023-08-14T14:15:18.992+0300] {processor.py:836} INFO - DAG(s) dict_keys(['example_params_ui_tutorial']) retrieved from /home/soamariaka/.local/lib/python3.9/site-packages/airflow/example_dags/example_params_ui_tutorial.py
[2023-08-14T14:15:19.085+0300] {logging_mixin.py:150} INFO - [2023-08-14T14:15:19.085+0300] {dag.py:2742} INFO - Sync 1 DAGs
[2023-08-14T14:15:19.127+0300] {logging_mixin.py:150} INFO - [2023-08-14T14:15:19.127+0300] {dag.py:3504} INFO - Setting next_dagrun for example_params_ui_tutorial to None, run_after=None
[2023-08-14T14:15:19.540+0300] {processor.py:179} INFO - Processing /home/soamariaka/.local/lib/python3.9/site-packages/airflow/example_dags/example_params_ui_tutorial.py took 0.717 seconds
[2023-08-14T14:16:21.034+0300] {processor.py:157} INFO - Started process (PID=15625) to work on /home/soamariaka/.local/lib/python3.9/site-packages/airflow/example_dags/example_params_ui_tutorial.py
[2023-08-14T14:16:21.048+0300] {processor.py:826} INFO - Processing file /home/soamariaka/.local/lib/python3.9/site-packages/airflow/example_dags/example_params_ui_tutorial.py for tasks to queue
[2023-08-14T14:16:21.076+0300] {logging_mixin.py:150} INFO - [2023-08-14T14:16:21.076+0300] {dagbag.py:541} INFO - Filling up the DagBag from /home/soamariaka/.local/lib/python3.9/site-packages/airflow/example_dags/example_params_ui_tutorial.py
[2023-08-14T14:16:21.128+0300] {processor.py:836} INFO - DAG(s) dict_keys(['example_params_ui_tutorial']) retrieved from /home/soamariaka/.local/lib/python3.9/site-packages/airflow/example_dags/example_params_ui_tutorial.py
[2023-08-14T14:16:21.199+0300] {logging_mixin.py:150} INFO - [2023-08-14T14:16:21.198+0300] {dag.py:2742} INFO - Sync 1 DAGs
[2023-08-14T14:16:21.240+0300] {logging_mixin.py:150} INFO - [2023-08-14T14:16:21.239+0300] {dag.py:3504} INFO - Setting next_dagrun for example_params_ui_tutorial to None, run_after=None
[2023-08-14T14:16:21.368+0300] {processor.py:179} INFO - Processing /home/soamariaka/.local/lib/python3.9/site-packages/airflow/example_dags/example_params_ui_tutorial.py took 0.340 seconds
[2023-08-14T14:17:24.211+0300] {processor.py:157} INFO - Started process (PID=15708) to work on /home/soamariaka/.local/lib/python3.9/site-packages/airflow/example_dags/example_params_ui_tutorial.py
[2023-08-14T14:17:24.222+0300] {processor.py:826} INFO - Processing file /home/soamariaka/.local/lib/python3.9/site-packages/airflow/example_dags/example_params_ui_tutorial.py for tasks to queue
[2023-08-14T14:17:24.223+0300] {logging_mixin.py:150} INFO - [2023-08-14T14:17:24.223+0300] {dagbag.py:541} INFO - Filling up the DagBag from /home/soamariaka/.local/lib/python3.9/site-packages/airflow/example_dags/example_params_ui_tutorial.py
[2023-08-14T14:17:24.269+0300] {processor.py:836} INFO - DAG(s) dict_keys(['example_params_ui_tutorial']) retrieved from /home/soamariaka/.local/lib/python3.9/site-packages/airflow/example_dags/example_params_ui_tutorial.py
[2023-08-14T14:17:24.327+0300] {logging_mixin.py:150} INFO - [2023-08-14T14:17:24.327+0300] {dag.py:2742} INFO - Sync 1 DAGs
[2023-08-14T14:17:24.357+0300] {logging_mixin.py:150} INFO - [2023-08-14T14:17:24.357+0300] {dag.py:3504} INFO - Setting next_dagrun for example_params_ui_tutorial to None, run_after=None
[2023-08-14T14:17:24.499+0300] {processor.py:179} INFO - Processing /home/soamariaka/.local/lib/python3.9/site-packages/airflow/example_dags/example_params_ui_tutorial.py took 0.293 seconds
[2023-08-14T14:18:52.940+0300] {processor.py:157} INFO - Started process (PID=15917) to work on /home/soamariaka/.local/lib/python3.9/site-packages/airflow/example_dags/example_params_ui_tutorial.py
[2023-08-14T14:18:52.942+0300] {processor.py:826} INFO - Processing file /home/soamariaka/.local/lib/python3.9/site-packages/airflow/example_dags/example_params_ui_tutorial.py for tasks to queue
[2023-08-14T14:18:52.943+0300] {logging_mixin.py:150} INFO - [2023-08-14T14:18:52.943+0300] {dagbag.py:541} INFO - Filling up the DagBag from /home/soamariaka/.local/lib/python3.9/site-packages/airflow/example_dags/example_params_ui_tutorial.py
[2023-08-14T14:18:52.987+0300] {processor.py:836} INFO - DAG(s) dict_keys(['example_params_ui_tutorial']) retrieved from /home/soamariaka/.local/lib/python3.9/site-packages/airflow/example_dags/example_params_ui_tutorial.py
[2023-08-14T14:18:53.044+0300] {logging_mixin.py:150} INFO - [2023-08-14T14:18:53.044+0300] {dag.py:2742} INFO - Sync 1 DAGs
[2023-08-14T14:18:53.075+0300] {logging_mixin.py:150} INFO - [2023-08-14T14:18:53.075+0300] {dag.py:3504} INFO - Setting next_dagrun for example_params_ui_tutorial to None, run_after=None
[2023-08-14T14:18:53.282+0300] {processor.py:179} INFO - Processing /home/soamariaka/.local/lib/python3.9/site-packages/airflow/example_dags/example_params_ui_tutorial.py took 0.347 seconds
[2023-08-14T14:19:52.081+0300] {processor.py:157} INFO - Started process (PID=15992) to work on /home/soamariaka/.local/lib/python3.9/site-packages/airflow/example_dags/example_params_ui_tutorial.py
[2023-08-14T14:19:52.104+0300] {processor.py:826} INFO - Processing file /home/soamariaka/.local/lib/python3.9/site-packages/airflow/example_dags/example_params_ui_tutorial.py for tasks to queue
[2023-08-14T14:19:52.106+0300] {logging_mixin.py:150} INFO - [2023-08-14T14:19:52.105+0300] {dagbag.py:541} INFO - Filling up the DagBag from /home/soamariaka/.local/lib/python3.9/site-packages/airflow/example_dags/example_params_ui_tutorial.py
[2023-08-14T14:19:52.152+0300] {processor.py:836} INFO - DAG(s) dict_keys(['example_params_ui_tutorial']) retrieved from /home/soamariaka/.local/lib/python3.9/site-packages/airflow/example_dags/example_params_ui_tutorial.py
[2023-08-14T14:19:52.211+0300] {logging_mixin.py:150} INFO - [2023-08-14T14:19:52.211+0300] {dag.py:2742} INFO - Sync 1 DAGs
[2023-08-14T14:19:52.243+0300] {logging_mixin.py:150} INFO - [2023-08-14T14:19:52.242+0300] {dag.py:3504} INFO - Setting next_dagrun for example_params_ui_tutorial to None, run_after=None
[2023-08-14T14:19:52.793+0300] {processor.py:179} INFO - Processing /home/soamariaka/.local/lib/python3.9/site-packages/airflow/example_dags/example_params_ui_tutorial.py took 0.715 seconds
[2023-08-14T14:21:29.352+0300] {processor.py:157} INFO - Started process (PID=16094) to work on /home/soamariaka/.local/lib/python3.9/site-packages/airflow/example_dags/example_params_ui_tutorial.py
[2023-08-14T14:21:29.380+0300] {processor.py:826} INFO - Processing file /home/soamariaka/.local/lib/python3.9/site-packages/airflow/example_dags/example_params_ui_tutorial.py for tasks to queue
[2023-08-14T14:21:29.382+0300] {logging_mixin.py:150} INFO - [2023-08-14T14:21:29.381+0300] {dagbag.py:541} INFO - Filling up the DagBag from /home/soamariaka/.local/lib/python3.9/site-packages/airflow/example_dags/example_params_ui_tutorial.py
[2023-08-14T14:21:29.430+0300] {processor.py:836} INFO - DAG(s) dict_keys(['example_params_ui_tutorial']) retrieved from /home/soamariaka/.local/lib/python3.9/site-packages/airflow/example_dags/example_params_ui_tutorial.py
[2023-08-14T14:21:29.489+0300] {logging_mixin.py:150} INFO - [2023-08-14T14:21:29.489+0300] {dag.py:2742} INFO - Sync 1 DAGs
[2023-08-14T14:21:29.519+0300] {logging_mixin.py:150} INFO - [2023-08-14T14:21:29.519+0300] {dag.py:3504} INFO - Setting next_dagrun for example_params_ui_tutorial to None, run_after=None
[2023-08-14T14:21:29.670+0300] {processor.py:179} INFO - Processing /home/soamariaka/.local/lib/python3.9/site-packages/airflow/example_dags/example_params_ui_tutorial.py took 0.323 seconds
[2023-08-14T14:22:35.688+0300] {processor.py:157} INFO - Started process (PID=16156) to work on /home/soamariaka/.local/lib/python3.9/site-packages/airflow/example_dags/example_params_ui_tutorial.py
[2023-08-14T14:22:35.691+0300] {processor.py:826} INFO - Processing file /home/soamariaka/.local/lib/python3.9/site-packages/airflow/example_dags/example_params_ui_tutorial.py for tasks to queue
[2023-08-14T14:22:35.692+0300] {logging_mixin.py:150} INFO - [2023-08-14T14:22:35.692+0300] {dagbag.py:541} INFO - Filling up the DagBag from /home/soamariaka/.local/lib/python3.9/site-packages/airflow/example_dags/example_params_ui_tutorial.py
[2023-08-14T14:22:35.737+0300] {processor.py:836} INFO - DAG(s) dict_keys(['example_params_ui_tutorial']) retrieved from /home/soamariaka/.local/lib/python3.9/site-packages/airflow/example_dags/example_params_ui_tutorial.py
[2023-08-14T14:22:35.794+0300] {logging_mixin.py:150} INFO - [2023-08-14T14:22:35.793+0300] {dag.py:2742} INFO - Sync 1 DAGs
[2023-08-14T14:22:35.824+0300] {logging_mixin.py:150} INFO - [2023-08-14T14:22:35.824+0300] {dag.py:3504} INFO - Setting next_dagrun for example_params_ui_tutorial to None, run_after=None
[2023-08-14T14:22:35.988+0300] {processor.py:179} INFO - Processing /home/soamariaka/.local/lib/python3.9/site-packages/airflow/example_dags/example_params_ui_tutorial.py took 0.305 seconds
[2023-08-14T14:23:36.738+0300] {processor.py:157} INFO - Started process (PID=16221) to work on /home/soamariaka/.local/lib/python3.9/site-packages/airflow/example_dags/example_params_ui_tutorial.py
[2023-08-14T14:23:36.740+0300] {processor.py:826} INFO - Processing file /home/soamariaka/.local/lib/python3.9/site-packages/airflow/example_dags/example_params_ui_tutorial.py for tasks to queue
[2023-08-14T14:23:36.742+0300] {logging_mixin.py:150} INFO - [2023-08-14T14:23:36.741+0300] {dagbag.py:541} INFO - Filling up the DagBag from /home/soamariaka/.local/lib/python3.9/site-packages/airflow/example_dags/example_params_ui_tutorial.py
[2023-08-14T14:23:36.787+0300] {processor.py:836} INFO - DAG(s) dict_keys(['example_params_ui_tutorial']) retrieved from /home/soamariaka/.local/lib/python3.9/site-packages/airflow/example_dags/example_params_ui_tutorial.py
[2023-08-14T14:23:36.844+0300] {logging_mixin.py:150} INFO - [2023-08-14T14:23:36.844+0300] {dag.py:2742} INFO - Sync 1 DAGs
[2023-08-14T14:23:36.875+0300] {logging_mixin.py:150} INFO - [2023-08-14T14:23:36.875+0300] {dag.py:3504} INFO - Setting next_dagrun for example_params_ui_tutorial to None, run_after=None
[2023-08-14T14:23:37.012+0300] {processor.py:179} INFO - Processing /home/soamariaka/.local/lib/python3.9/site-packages/airflow/example_dags/example_params_ui_tutorial.py took 0.280 seconds
[2023-08-14T14:24:34.272+0300] {processor.py:157} INFO - Started process (PID=16498) to work on /home/soamariaka/.local/lib/python3.9/site-packages/airflow/example_dags/example_params_ui_tutorial.py
[2023-08-14T14:24:34.275+0300] {processor.py:826} INFO - Processing file /home/soamariaka/.local/lib/python3.9/site-packages/airflow/example_dags/example_params_ui_tutorial.py for tasks to queue
[2023-08-14T14:24:34.276+0300] {logging_mixin.py:150} INFO - [2023-08-14T14:24:34.276+0300] {dagbag.py:541} INFO - Filling up the DagBag from /home/soamariaka/.local/lib/python3.9/site-packages/airflow/example_dags/example_params_ui_tutorial.py
[2023-08-14T14:24:34.320+0300] {processor.py:836} INFO - DAG(s) dict_keys(['example_params_ui_tutorial']) retrieved from /home/soamariaka/.local/lib/python3.9/site-packages/airflow/example_dags/example_params_ui_tutorial.py
[2023-08-14T14:24:34.376+0300] {logging_mixin.py:150} INFO - [2023-08-14T14:24:34.376+0300] {dag.py:2742} INFO - Sync 1 DAGs
[2023-08-14T14:24:34.407+0300] {logging_mixin.py:150} INFO - [2023-08-14T14:24:34.406+0300] {dag.py:3504} INFO - Setting next_dagrun for example_params_ui_tutorial to None, run_after=None
[2023-08-14T14:24:34.551+0300] {processor.py:179} INFO - Processing /home/soamariaka/.local/lib/python3.9/site-packages/airflow/example_dags/example_params_ui_tutorial.py took 0.284 seconds
[2023-08-14T14:25:33.014+0300] {processor.py:157} INFO - Started process (PID=16645) to work on /home/soamariaka/.local/lib/python3.9/site-packages/airflow/example_dags/example_params_ui_tutorial.py
[2023-08-14T14:25:33.016+0300] {processor.py:826} INFO - Processing file /home/soamariaka/.local/lib/python3.9/site-packages/airflow/example_dags/example_params_ui_tutorial.py for tasks to queue
[2023-08-14T14:25:33.018+0300] {logging_mixin.py:150} INFO - [2023-08-14T14:25:33.017+0300] {dagbag.py:541} INFO - Filling up the DagBag from /home/soamariaka/.local/lib/python3.9/site-packages/airflow/example_dags/example_params_ui_tutorial.py
[2023-08-14T14:25:33.061+0300] {processor.py:836} INFO - DAG(s) dict_keys(['example_params_ui_tutorial']) retrieved from /home/soamariaka/.local/lib/python3.9/site-packages/airflow/example_dags/example_params_ui_tutorial.py
[2023-08-14T14:25:33.119+0300] {logging_mixin.py:150} INFO - [2023-08-14T14:25:33.119+0300] {dag.py:2742} INFO - Sync 1 DAGs
[2023-08-14T14:25:33.149+0300] {logging_mixin.py:150} INFO - [2023-08-14T14:25:33.149+0300] {dag.py:3504} INFO - Setting next_dagrun for example_params_ui_tutorial to None, run_after=None
[2023-08-14T14:25:33.293+0300] {processor.py:179} INFO - Processing /home/soamariaka/.local/lib/python3.9/site-packages/airflow/example_dags/example_params_ui_tutorial.py took 0.285 seconds
[2023-08-14T14:26:34.442+0300] {processor.py:157} INFO - Started process (PID=16733) to work on /home/soamariaka/.local/lib/python3.9/site-packages/airflow/example_dags/example_params_ui_tutorial.py
[2023-08-14T14:26:34.445+0300] {processor.py:826} INFO - Processing file /home/soamariaka/.local/lib/python3.9/site-packages/airflow/example_dags/example_params_ui_tutorial.py for tasks to queue
[2023-08-14T14:26:34.447+0300] {logging_mixin.py:150} INFO - [2023-08-14T14:26:34.446+0300] {dagbag.py:541} INFO - Filling up the DagBag from /home/soamariaka/.local/lib/python3.9/site-packages/airflow/example_dags/example_params_ui_tutorial.py
[2023-08-14T14:26:34.490+0300] {processor.py:836} INFO - DAG(s) dict_keys(['example_params_ui_tutorial']) retrieved from /home/soamariaka/.local/lib/python3.9/site-packages/airflow/example_dags/example_params_ui_tutorial.py
[2023-08-14T14:26:34.547+0300] {logging_mixin.py:150} INFO - [2023-08-14T14:26:34.546+0300] {dag.py:2742} INFO - Sync 1 DAGs
[2023-08-14T14:26:34.578+0300] {logging_mixin.py:150} INFO - [2023-08-14T14:26:34.578+0300] {dag.py:3504} INFO - Setting next_dagrun for example_params_ui_tutorial to None, run_after=None
[2023-08-14T14:26:34.716+0300] {processor.py:179} INFO - Processing /home/soamariaka/.local/lib/python3.9/site-packages/airflow/example_dags/example_params_ui_tutorial.py took 0.279 seconds
[2023-08-14T14:27:33.576+0300] {processor.py:157} INFO - Started process (PID=16857) to work on /home/soamariaka/.local/lib/python3.9/site-packages/airflow/example_dags/example_params_ui_tutorial.py
[2023-08-14T14:27:33.579+0300] {processor.py:826} INFO - Processing file /home/soamariaka/.local/lib/python3.9/site-packages/airflow/example_dags/example_params_ui_tutorial.py for tasks to queue
[2023-08-14T14:27:33.580+0300] {logging_mixin.py:150} INFO - [2023-08-14T14:27:33.580+0300] {dagbag.py:541} INFO - Filling up the DagBag from /home/soamariaka/.local/lib/python3.9/site-packages/airflow/example_dags/example_params_ui_tutorial.py
[2023-08-14T14:27:33.624+0300] {processor.py:836} INFO - DAG(s) dict_keys(['example_params_ui_tutorial']) retrieved from /home/soamariaka/.local/lib/python3.9/site-packages/airflow/example_dags/example_params_ui_tutorial.py
[2023-08-14T14:27:33.681+0300] {logging_mixin.py:150} INFO - [2023-08-14T14:27:33.681+0300] {dag.py:2742} INFO - Sync 1 DAGs
[2023-08-14T14:27:33.712+0300] {logging_mixin.py:150} INFO - [2023-08-14T14:27:33.712+0300] {dag.py:3504} INFO - Setting next_dagrun for example_params_ui_tutorial to None, run_after=None
[2023-08-14T14:27:34.092+0300] {processor.py:179} INFO - Processing /home/soamariaka/.local/lib/python3.9/site-packages/airflow/example_dags/example_params_ui_tutorial.py took 0.521 seconds
[2023-08-14T14:28:37.140+0300] {processor.py:157} INFO - Started process (PID=16979) to work on /home/soamariaka/.local/lib/python3.9/site-packages/airflow/example_dags/example_params_ui_tutorial.py
[2023-08-14T14:28:37.142+0300] {processor.py:826} INFO - Processing file /home/soamariaka/.local/lib/python3.9/site-packages/airflow/example_dags/example_params_ui_tutorial.py for tasks to queue
[2023-08-14T14:28:37.144+0300] {logging_mixin.py:150} INFO - [2023-08-14T14:28:37.143+0300] {dagbag.py:541} INFO - Filling up the DagBag from /home/soamariaka/.local/lib/python3.9/site-packages/airflow/example_dags/example_params_ui_tutorial.py
[2023-08-14T14:28:37.187+0300] {processor.py:836} INFO - DAG(s) dict_keys(['example_params_ui_tutorial']) retrieved from /home/soamariaka/.local/lib/python3.9/site-packages/airflow/example_dags/example_params_ui_tutorial.py
[2023-08-14T14:28:37.244+0300] {logging_mixin.py:150} INFO - [2023-08-14T14:28:37.244+0300] {dag.py:2742} INFO - Sync 1 DAGs
[2023-08-14T14:28:37.274+0300] {logging_mixin.py:150} INFO - [2023-08-14T14:28:37.274+0300] {dag.py:3504} INFO - Setting next_dagrun for example_params_ui_tutorial to None, run_after=None
[2023-08-14T14:28:37.426+0300] {processor.py:179} INFO - Processing /home/soamariaka/.local/lib/python3.9/site-packages/airflow/example_dags/example_params_ui_tutorial.py took 0.291 seconds
[2023-08-14T14:29:37.123+0300] {processor.py:157} INFO - Started process (PID=17129) to work on /home/soamariaka/.local/lib/python3.9/site-packages/airflow/example_dags/example_params_ui_tutorial.py
[2023-08-14T14:29:37.125+0300] {processor.py:826} INFO - Processing file /home/soamariaka/.local/lib/python3.9/site-packages/airflow/example_dags/example_params_ui_tutorial.py for tasks to queue
[2023-08-14T14:29:37.127+0300] {logging_mixin.py:150} INFO - [2023-08-14T14:29:37.126+0300] {dagbag.py:541} INFO - Filling up the DagBag from /home/soamariaka/.local/lib/python3.9/site-packages/airflow/example_dags/example_params_ui_tutorial.py
[2023-08-14T14:29:37.169+0300] {processor.py:836} INFO - DAG(s) dict_keys(['example_params_ui_tutorial']) retrieved from /home/soamariaka/.local/lib/python3.9/site-packages/airflow/example_dags/example_params_ui_tutorial.py
[2023-08-14T14:29:37.227+0300] {logging_mixin.py:150} INFO - [2023-08-14T14:29:37.226+0300] {dag.py:2742} INFO - Sync 1 DAGs
[2023-08-14T14:29:37.257+0300] {logging_mixin.py:150} INFO - [2023-08-14T14:29:37.257+0300] {dag.py:3504} INFO - Setting next_dagrun for example_params_ui_tutorial to None, run_after=None
[2023-08-14T14:29:37.484+0300] {processor.py:179} INFO - Processing /home/soamariaka/.local/lib/python3.9/site-packages/airflow/example_dags/example_params_ui_tutorial.py took 0.366 seconds
[2023-08-14T14:30:31.716+0300] {processor.py:157} INFO - Started process (PID=17236) to work on /home/soamariaka/.local/lib/python3.9/site-packages/airflow/example_dags/example_params_ui_tutorial.py
[2023-08-14T14:30:31.719+0300] {processor.py:826} INFO - Processing file /home/soamariaka/.local/lib/python3.9/site-packages/airflow/example_dags/example_params_ui_tutorial.py for tasks to queue
[2023-08-14T14:30:31.720+0300] {logging_mixin.py:150} INFO - [2023-08-14T14:30:31.720+0300] {dagbag.py:541} INFO - Filling up the DagBag from /home/soamariaka/.local/lib/python3.9/site-packages/airflow/example_dags/example_params_ui_tutorial.py
[2023-08-14T14:30:31.764+0300] {processor.py:836} INFO - DAG(s) dict_keys(['example_params_ui_tutorial']) retrieved from /home/soamariaka/.local/lib/python3.9/site-packages/airflow/example_dags/example_params_ui_tutorial.py
[2023-08-14T14:30:31.821+0300] {logging_mixin.py:150} INFO - [2023-08-14T14:30:31.821+0300] {dag.py:2742} INFO - Sync 1 DAGs
[2023-08-14T14:30:31.852+0300] {logging_mixin.py:150} INFO - [2023-08-14T14:30:31.852+0300] {dag.py:3504} INFO - Setting next_dagrun for example_params_ui_tutorial to None, run_after=None
[2023-08-14T14:30:32.014+0300] {processor.py:179} INFO - Processing /home/soamariaka/.local/lib/python3.9/site-packages/airflow/example_dags/example_params_ui_tutorial.py took 0.303 seconds
[2023-08-14T14:31:27.705+0300] {processor.py:157} INFO - Started process (PID=17319) to work on /home/soamariaka/.local/lib/python3.9/site-packages/airflow/example_dags/example_params_ui_tutorial.py
[2023-08-14T14:31:27.779+0300] {processor.py:826} INFO - Processing file /home/soamariaka/.local/lib/python3.9/site-packages/airflow/example_dags/example_params_ui_tutorial.py for tasks to queue
[2023-08-14T14:31:27.780+0300] {logging_mixin.py:150} INFO - [2023-08-14T14:31:27.780+0300] {dagbag.py:541} INFO - Filling up the DagBag from /home/soamariaka/.local/lib/python3.9/site-packages/airflow/example_dags/example_params_ui_tutorial.py
[2023-08-14T14:31:27.826+0300] {processor.py:836} INFO - DAG(s) dict_keys(['example_params_ui_tutorial']) retrieved from /home/soamariaka/.local/lib/python3.9/site-packages/airflow/example_dags/example_params_ui_tutorial.py
[2023-08-14T14:31:27.885+0300] {logging_mixin.py:150} INFO - [2023-08-14T14:31:27.885+0300] {dag.py:2742} INFO - Sync 1 DAGs
[2023-08-14T14:31:27.915+0300] {logging_mixin.py:150} INFO - [2023-08-14T14:31:27.915+0300] {dag.py:3504} INFO - Setting next_dagrun for example_params_ui_tutorial to None, run_after=None
[2023-08-14T14:31:28.034+0300] {processor.py:179} INFO - Processing /home/soamariaka/.local/lib/python3.9/site-packages/airflow/example_dags/example_params_ui_tutorial.py took 0.334 seconds
[2023-08-14T14:32:27.876+0300] {processor.py:157} INFO - Started process (PID=17440) to work on /home/soamariaka/.local/lib/python3.9/site-packages/airflow/example_dags/example_params_ui_tutorial.py
[2023-08-14T14:32:27.879+0300] {processor.py:826} INFO - Processing file /home/soamariaka/.local/lib/python3.9/site-packages/airflow/example_dags/example_params_ui_tutorial.py for tasks to queue
[2023-08-14T14:32:27.880+0300] {logging_mixin.py:150} INFO - [2023-08-14T14:32:27.880+0300] {dagbag.py:541} INFO - Filling up the DagBag from /home/soamariaka/.local/lib/python3.9/site-packages/airflow/example_dags/example_params_ui_tutorial.py
[2023-08-14T14:32:27.923+0300] {processor.py:836} INFO - DAG(s) dict_keys(['example_params_ui_tutorial']) retrieved from /home/soamariaka/.local/lib/python3.9/site-packages/airflow/example_dags/example_params_ui_tutorial.py
[2023-08-14T14:32:27.981+0300] {logging_mixin.py:150} INFO - [2023-08-14T14:32:27.981+0300] {dag.py:2742} INFO - Sync 1 DAGs
[2023-08-14T14:32:28.012+0300] {logging_mixin.py:150} INFO - [2023-08-14T14:32:28.011+0300] {dag.py:3504} INFO - Setting next_dagrun for example_params_ui_tutorial to None, run_after=None
[2023-08-14T14:32:28.165+0300] {processor.py:179} INFO - Processing /home/soamariaka/.local/lib/python3.9/site-packages/airflow/example_dags/example_params_ui_tutorial.py took 0.294 seconds
[2023-08-14T14:33:27.124+0300] {processor.py:157} INFO - Started process (PID=17558) to work on /home/soamariaka/.local/lib/python3.9/site-packages/airflow/example_dags/example_params_ui_tutorial.py
[2023-08-14T14:33:27.160+0300] {processor.py:826} INFO - Processing file /home/soamariaka/.local/lib/python3.9/site-packages/airflow/example_dags/example_params_ui_tutorial.py for tasks to queue
[2023-08-14T14:33:27.162+0300] {logging_mixin.py:150} INFO - [2023-08-14T14:33:27.161+0300] {dagbag.py:541} INFO - Filling up the DagBag from /home/soamariaka/.local/lib/python3.9/site-packages/airflow/example_dags/example_params_ui_tutorial.py
[2023-08-14T14:33:27.211+0300] {processor.py:836} INFO - DAG(s) dict_keys(['example_params_ui_tutorial']) retrieved from /home/soamariaka/.local/lib/python3.9/site-packages/airflow/example_dags/example_params_ui_tutorial.py
[2023-08-14T14:33:27.269+0300] {logging_mixin.py:150} INFO - [2023-08-14T14:33:27.269+0300] {dag.py:2742} INFO - Sync 1 DAGs
[2023-08-14T14:33:27.300+0300] {logging_mixin.py:150} INFO - [2023-08-14T14:33:27.300+0300] {dag.py:3504} INFO - Setting next_dagrun for example_params_ui_tutorial to None, run_after=None
[2023-08-14T14:33:27.449+0300] {processor.py:179} INFO - Processing /home/soamariaka/.local/lib/python3.9/site-packages/airflow/example_dags/example_params_ui_tutorial.py took 0.330 seconds
[2023-08-14T14:34:26.770+0300] {processor.py:157} INFO - Started process (PID=17612) to work on /home/soamariaka/.local/lib/python3.9/site-packages/airflow/example_dags/example_params_ui_tutorial.py
[2023-08-14T14:34:26.772+0300] {processor.py:826} INFO - Processing file /home/soamariaka/.local/lib/python3.9/site-packages/airflow/example_dags/example_params_ui_tutorial.py for tasks to queue
[2023-08-14T14:34:26.774+0300] {logging_mixin.py:150} INFO - [2023-08-14T14:34:26.773+0300] {dagbag.py:541} INFO - Filling up the DagBag from /home/soamariaka/.local/lib/python3.9/site-packages/airflow/example_dags/example_params_ui_tutorial.py
[2023-08-14T14:34:26.823+0300] {processor.py:836} INFO - DAG(s) dict_keys(['example_params_ui_tutorial']) retrieved from /home/soamariaka/.local/lib/python3.9/site-packages/airflow/example_dags/example_params_ui_tutorial.py
[2023-08-14T14:34:26.892+0300] {logging_mixin.py:150} INFO - [2023-08-14T14:34:26.891+0300] {dag.py:2742} INFO - Sync 1 DAGs
[2023-08-14T14:34:26.931+0300] {logging_mixin.py:150} INFO - [2023-08-14T14:34:26.931+0300] {dag.py:3504} INFO - Setting next_dagrun for example_params_ui_tutorial to None, run_after=None
[2023-08-14T14:34:27.146+0300] {processor.py:179} INFO - Processing /home/soamariaka/.local/lib/python3.9/site-packages/airflow/example_dags/example_params_ui_tutorial.py took 0.382 seconds
[2023-08-14T14:35:54.365+0300] {processor.py:157} INFO - Started process (PID=17898) to work on /home/soamariaka/.local/lib/python3.9/site-packages/airflow/example_dags/example_params_ui_tutorial.py
[2023-08-14T14:35:54.368+0300] {processor.py:826} INFO - Processing file /home/soamariaka/.local/lib/python3.9/site-packages/airflow/example_dags/example_params_ui_tutorial.py for tasks to queue
[2023-08-14T14:35:54.370+0300] {logging_mixin.py:150} INFO - [2023-08-14T14:35:54.369+0300] {dagbag.py:541} INFO - Filling up the DagBag from /home/soamariaka/.local/lib/python3.9/site-packages/airflow/example_dags/example_params_ui_tutorial.py
[2023-08-14T14:35:54.413+0300] {processor.py:836} INFO - DAG(s) dict_keys(['example_params_ui_tutorial']) retrieved from /home/soamariaka/.local/lib/python3.9/site-packages/airflow/example_dags/example_params_ui_tutorial.py
[2023-08-14T14:35:54.470+0300] {logging_mixin.py:150} INFO - [2023-08-14T14:35:54.470+0300] {dag.py:2742} INFO - Sync 1 DAGs
[2023-08-14T14:35:54.501+0300] {logging_mixin.py:150} INFO - [2023-08-14T14:35:54.500+0300] {dag.py:3504} INFO - Setting next_dagrun for example_params_ui_tutorial to None, run_after=None
[2023-08-14T14:35:54.748+0300] {processor.py:179} INFO - Processing /home/soamariaka/.local/lib/python3.9/site-packages/airflow/example_dags/example_params_ui_tutorial.py took 0.388 seconds
[2023-08-14T14:37:34.692+0300] {processor.py:157} INFO - Started process (PID=18127) to work on /home/soamariaka/.local/lib/python3.9/site-packages/airflow/example_dags/example_params_ui_tutorial.py
[2023-08-14T14:37:34.695+0300] {processor.py:826} INFO - Processing file /home/soamariaka/.local/lib/python3.9/site-packages/airflow/example_dags/example_params_ui_tutorial.py for tasks to queue
[2023-08-14T14:37:34.697+0300] {logging_mixin.py:150} INFO - [2023-08-14T14:37:34.696+0300] {dagbag.py:541} INFO - Filling up the DagBag from /home/soamariaka/.local/lib/python3.9/site-packages/airflow/example_dags/example_params_ui_tutorial.py
[2023-08-14T14:37:34.742+0300] {processor.py:836} INFO - DAG(s) dict_keys(['example_params_ui_tutorial']) retrieved from /home/soamariaka/.local/lib/python3.9/site-packages/airflow/example_dags/example_params_ui_tutorial.py
[2023-08-14T14:37:34.799+0300] {logging_mixin.py:150} INFO - [2023-08-14T14:37:34.799+0300] {dag.py:2742} INFO - Sync 1 DAGs
[2023-08-14T14:37:34.831+0300] {logging_mixin.py:150} INFO - [2023-08-14T14:37:34.831+0300] {dag.py:3504} INFO - Setting next_dagrun for example_params_ui_tutorial to None, run_after=None
[2023-08-14T14:37:35.107+0300] {processor.py:179} INFO - Processing /home/soamariaka/.local/lib/python3.9/site-packages/airflow/example_dags/example_params_ui_tutorial.py took 0.421 seconds
[2023-08-14T14:38:35.461+0300] {processor.py:157} INFO - Started process (PID=18247) to work on /home/soamariaka/.local/lib/python3.9/site-packages/airflow/example_dags/example_params_ui_tutorial.py
[2023-08-14T14:38:35.463+0300] {processor.py:826} INFO - Processing file /home/soamariaka/.local/lib/python3.9/site-packages/airflow/example_dags/example_params_ui_tutorial.py for tasks to queue
[2023-08-14T14:38:35.465+0300] {logging_mixin.py:150} INFO - [2023-08-14T14:38:35.464+0300] {dagbag.py:541} INFO - Filling up the DagBag from /home/soamariaka/.local/lib/python3.9/site-packages/airflow/example_dags/example_params_ui_tutorial.py
[2023-08-14T14:38:35.508+0300] {processor.py:836} INFO - DAG(s) dict_keys(['example_params_ui_tutorial']) retrieved from /home/soamariaka/.local/lib/python3.9/site-packages/airflow/example_dags/example_params_ui_tutorial.py
[2023-08-14T14:38:35.566+0300] {logging_mixin.py:150} INFO - [2023-08-14T14:38:35.566+0300] {dag.py:2742} INFO - Sync 1 DAGs
[2023-08-14T14:38:35.598+0300] {logging_mixin.py:150} INFO - [2023-08-14T14:38:35.598+0300] {dag.py:3504} INFO - Setting next_dagrun for example_params_ui_tutorial to None, run_after=None
[2023-08-14T14:38:35.818+0300] {processor.py:179} INFO - Processing /home/soamariaka/.local/lib/python3.9/site-packages/airflow/example_dags/example_params_ui_tutorial.py took 0.362 seconds
[2023-08-14T14:39:42.113+0300] {processor.py:157} INFO - Started process (PID=18402) to work on /home/soamariaka/.local/lib/python3.9/site-packages/airflow/example_dags/example_params_ui_tutorial.py
[2023-08-14T14:39:42.115+0300] {processor.py:826} INFO - Processing file /home/soamariaka/.local/lib/python3.9/site-packages/airflow/example_dags/example_params_ui_tutorial.py for tasks to queue
[2023-08-14T14:39:42.116+0300] {logging_mixin.py:150} INFO - [2023-08-14T14:39:42.116+0300] {dagbag.py:541} INFO - Filling up the DagBag from /home/soamariaka/.local/lib/python3.9/site-packages/airflow/example_dags/example_params_ui_tutorial.py
[2023-08-14T14:39:42.159+0300] {processor.py:836} INFO - DAG(s) dict_keys(['example_params_ui_tutorial']) retrieved from /home/soamariaka/.local/lib/python3.9/site-packages/airflow/example_dags/example_params_ui_tutorial.py
[2023-08-14T14:39:42.216+0300] {logging_mixin.py:150} INFO - [2023-08-14T14:39:42.216+0300] {dag.py:2742} INFO - Sync 1 DAGs
[2023-08-14T14:39:42.247+0300] {logging_mixin.py:150} INFO - [2023-08-14T14:39:42.246+0300] {dag.py:3504} INFO - Setting next_dagrun for example_params_ui_tutorial to None, run_after=None
[2023-08-14T14:39:42.371+0300] {processor.py:179} INFO - Processing /home/soamariaka/.local/lib/python3.9/site-packages/airflow/example_dags/example_params_ui_tutorial.py took 0.263 seconds
[2023-08-14T14:41:16.317+0300] {processor.py:157} INFO - Started process (PID=18690) to work on /home/soamariaka/.local/lib/python3.9/site-packages/airflow/example_dags/example_params_ui_tutorial.py
[2023-08-14T14:41:16.349+0300] {processor.py:826} INFO - Processing file /home/soamariaka/.local/lib/python3.9/site-packages/airflow/example_dags/example_params_ui_tutorial.py for tasks to queue
[2023-08-14T14:41:16.351+0300] {logging_mixin.py:150} INFO - [2023-08-14T14:41:16.350+0300] {dagbag.py:541} INFO - Filling up the DagBag from /home/soamariaka/.local/lib/python3.9/site-packages/airflow/example_dags/example_params_ui_tutorial.py
[2023-08-14T14:41:16.398+0300] {processor.py:836} INFO - DAG(s) dict_keys(['example_params_ui_tutorial']) retrieved from /home/soamariaka/.local/lib/python3.9/site-packages/airflow/example_dags/example_params_ui_tutorial.py
[2023-08-14T14:41:16.457+0300] {logging_mixin.py:150} INFO - [2023-08-14T14:41:16.457+0300] {dag.py:2742} INFO - Sync 1 DAGs
[2023-08-14T14:41:16.488+0300] {logging_mixin.py:150} INFO - [2023-08-14T14:41:16.487+0300] {dag.py:3504} INFO - Setting next_dagrun for example_params_ui_tutorial to None, run_after=None
[2023-08-14T14:41:16.649+0300] {processor.py:179} INFO - Processing /home/soamariaka/.local/lib/python3.9/site-packages/airflow/example_dags/example_params_ui_tutorial.py took 0.337 seconds
