[2023-08-14T13:33:20.678+0300] {processor.py:157} INFO - Started process (PID=10779) to work on /home/soamariaka/.local/lib/python3.9/site-packages/airflow/example_dags/example_external_task_marker_dag.py
[2023-08-14T13:33:20.679+0300] {processor.py:826} INFO - Processing file /home/soamariaka/.local/lib/python3.9/site-packages/airflow/example_dags/example_external_task_marker_dag.py for tasks to queue
[2023-08-14T13:33:20.680+0300] {logging_mixin.py:150} INFO - [2023-08-14T13:33:20.680+0300] {dagbag.py:541} INFO - Filling up the DagBag from /home/soamariaka/.local/lib/python3.9/site-packages/airflow/example_dags/example_external_task_marker_dag.py
[2023-08-14T13:33:20.690+0300] {processor.py:836} INFO - DAG(s) dict_keys(['example_external_task_marker_parent', 'example_external_task_marker_child']) retrieved from /home/soamariaka/.local/lib/python3.9/site-packages/airflow/example_dags/example_external_task_marker_dag.py
[2023-08-14T13:33:20.722+0300] {logging_mixin.py:150} INFO - [2023-08-14T13:33:20.722+0300] {dag.py:2742} INFO - Sync 2 DAGs
[2023-08-14T13:33:20.754+0300] {logging_mixin.py:150} INFO - [2023-08-14T13:33:20.754+0300] {dag.py:3504} INFO - Setting next_dagrun for example_external_task_marker_child to None, run_after=None
[2023-08-14T13:33:20.758+0300] {logging_mixin.py:150} INFO - [2023-08-14T13:33:20.758+0300] {dag.py:3504} INFO - Setting next_dagrun for example_external_task_marker_parent to None, run_after=None
[2023-08-14T13:33:20.892+0300] {processor.py:179} INFO - Processing /home/soamariaka/.local/lib/python3.9/site-packages/airflow/example_dags/example_external_task_marker_dag.py took 0.220 seconds
[2023-08-14T13:34:52.614+0300] {processor.py:157} INFO - Started process (PID=10971) to work on /home/soamariaka/.local/lib/python3.9/site-packages/airflow/example_dags/example_external_task_marker_dag.py
[2023-08-14T13:34:52.617+0300] {processor.py:826} INFO - Processing file /home/soamariaka/.local/lib/python3.9/site-packages/airflow/example_dags/example_external_task_marker_dag.py for tasks to queue
[2023-08-14T13:34:52.618+0300] {logging_mixin.py:150} INFO - [2023-08-14T13:34:52.617+0300] {dagbag.py:541} INFO - Filling up the DagBag from /home/soamariaka/.local/lib/python3.9/site-packages/airflow/example_dags/example_external_task_marker_dag.py
[2023-08-14T13:34:52.631+0300] {processor.py:836} INFO - DAG(s) dict_keys(['example_external_task_marker_child', 'example_external_task_marker_parent']) retrieved from /home/soamariaka/.local/lib/python3.9/site-packages/airflow/example_dags/example_external_task_marker_dag.py
[2023-08-14T13:34:52.673+0300] {logging_mixin.py:150} INFO - [2023-08-14T13:34:52.673+0300] {dag.py:2742} INFO - Sync 2 DAGs
[2023-08-14T13:34:52.721+0300] {logging_mixin.py:150} INFO - [2023-08-14T13:34:52.721+0300] {dag.py:3504} INFO - Setting next_dagrun for example_external_task_marker_child to None, run_after=None
[2023-08-14T13:34:52.728+0300] {logging_mixin.py:150} INFO - [2023-08-14T13:34:52.728+0300] {dag.py:3504} INFO - Setting next_dagrun for example_external_task_marker_parent to None, run_after=None
[2023-08-14T13:34:52.965+0300] {processor.py:179} INFO - Processing /home/soamariaka/.local/lib/python3.9/site-packages/airflow/example_dags/example_external_task_marker_dag.py took 0.356 seconds
[2023-08-14T13:35:57.565+0300] {processor.py:157} INFO - Started process (PID=11067) to work on /home/soamariaka/.local/lib/python3.9/site-packages/airflow/example_dags/example_external_task_marker_dag.py
[2023-08-14T13:35:57.567+0300] {processor.py:826} INFO - Processing file /home/soamariaka/.local/lib/python3.9/site-packages/airflow/example_dags/example_external_task_marker_dag.py for tasks to queue
[2023-08-14T13:35:57.569+0300] {logging_mixin.py:150} INFO - [2023-08-14T13:35:57.568+0300] {dagbag.py:541} INFO - Filling up the DagBag from /home/soamariaka/.local/lib/python3.9/site-packages/airflow/example_dags/example_external_task_marker_dag.py
[2023-08-14T13:35:57.584+0300] {processor.py:836} INFO - DAG(s) dict_keys(['example_external_task_marker_child', 'example_external_task_marker_parent']) retrieved from /home/soamariaka/.local/lib/python3.9/site-packages/airflow/example_dags/example_external_task_marker_dag.py
[2023-08-14T13:35:57.623+0300] {logging_mixin.py:150} INFO - [2023-08-14T13:35:57.623+0300] {dag.py:2742} INFO - Sync 2 DAGs
[2023-08-14T13:35:57.661+0300] {logging_mixin.py:150} INFO - [2023-08-14T13:35:57.661+0300] {dag.py:3504} INFO - Setting next_dagrun for example_external_task_marker_child to None, run_after=None
[2023-08-14T13:35:57.669+0300] {logging_mixin.py:150} INFO - [2023-08-14T13:35:57.668+0300] {dag.py:3504} INFO - Setting next_dagrun for example_external_task_marker_parent to None, run_after=None
[2023-08-14T13:35:57.821+0300] {processor.py:179} INFO - Processing /home/soamariaka/.local/lib/python3.9/site-packages/airflow/example_dags/example_external_task_marker_dag.py took 0.262 seconds
[2023-08-14T13:36:56.531+0300] {processor.py:157} INFO - Started process (PID=11132) to work on /home/soamariaka/.local/lib/python3.9/site-packages/airflow/example_dags/example_external_task_marker_dag.py
[2023-08-14T13:36:56.534+0300] {processor.py:826} INFO - Processing file /home/soamariaka/.local/lib/python3.9/site-packages/airflow/example_dags/example_external_task_marker_dag.py for tasks to queue
[2023-08-14T13:36:56.537+0300] {logging_mixin.py:150} INFO - [2023-08-14T13:36:56.535+0300] {dagbag.py:541} INFO - Filling up the DagBag from /home/soamariaka/.local/lib/python3.9/site-packages/airflow/example_dags/example_external_task_marker_dag.py
[2023-08-14T13:36:56.551+0300] {processor.py:836} INFO - DAG(s) dict_keys(['example_external_task_marker_parent', 'example_external_task_marker_child']) retrieved from /home/soamariaka/.local/lib/python3.9/site-packages/airflow/example_dags/example_external_task_marker_dag.py
[2023-08-14T13:36:56.591+0300] {logging_mixin.py:150} INFO - [2023-08-14T13:36:56.591+0300] {dag.py:2742} INFO - Sync 2 DAGs
[2023-08-14T13:36:56.639+0300] {logging_mixin.py:150} INFO - [2023-08-14T13:36:56.638+0300] {dag.py:3504} INFO - Setting next_dagrun for example_external_task_marker_child to None, run_after=None
[2023-08-14T13:36:56.645+0300] {logging_mixin.py:150} INFO - [2023-08-14T13:36:56.645+0300] {dag.py:3504} INFO - Setting next_dagrun for example_external_task_marker_parent to None, run_after=None
[2023-08-14T13:36:56.789+0300] {processor.py:179} INFO - Processing /home/soamariaka/.local/lib/python3.9/site-packages/airflow/example_dags/example_external_task_marker_dag.py took 0.263 seconds
[2023-08-14T13:37:56.763+0300] {processor.py:157} INFO - Started process (PID=11250) to work on /home/soamariaka/.local/lib/python3.9/site-packages/airflow/example_dags/example_external_task_marker_dag.py
[2023-08-14T13:37:56.765+0300] {processor.py:826} INFO - Processing file /home/soamariaka/.local/lib/python3.9/site-packages/airflow/example_dags/example_external_task_marker_dag.py for tasks to queue
[2023-08-14T13:37:56.767+0300] {logging_mixin.py:150} INFO - [2023-08-14T13:37:56.766+0300] {dagbag.py:541} INFO - Filling up the DagBag from /home/soamariaka/.local/lib/python3.9/site-packages/airflow/example_dags/example_external_task_marker_dag.py
[2023-08-14T13:37:56.777+0300] {processor.py:836} INFO - DAG(s) dict_keys(['example_external_task_marker_child', 'example_external_task_marker_parent']) retrieved from /home/soamariaka/.local/lib/python3.9/site-packages/airflow/example_dags/example_external_task_marker_dag.py
[2023-08-14T13:37:56.808+0300] {logging_mixin.py:150} INFO - [2023-08-14T13:37:56.808+0300] {dag.py:2742} INFO - Sync 2 DAGs
[2023-08-14T13:37:56.839+0300] {logging_mixin.py:150} INFO - [2023-08-14T13:37:56.839+0300] {dag.py:3504} INFO - Setting next_dagrun for example_external_task_marker_child to None, run_after=None
[2023-08-14T13:37:56.844+0300] {logging_mixin.py:150} INFO - [2023-08-14T13:37:56.843+0300] {dag.py:3504} INFO - Setting next_dagrun for example_external_task_marker_parent to None, run_after=None
[2023-08-14T13:37:56.975+0300] {processor.py:179} INFO - Processing /home/soamariaka/.local/lib/python3.9/site-packages/airflow/example_dags/example_external_task_marker_dag.py took 0.217 seconds
[2023-08-14T13:38:59.849+0300] {processor.py:157} INFO - Started process (PID=11376) to work on /home/soamariaka/.local/lib/python3.9/site-packages/airflow/example_dags/example_external_task_marker_dag.py
[2023-08-14T13:38:59.850+0300] {processor.py:826} INFO - Processing file /home/soamariaka/.local/lib/python3.9/site-packages/airflow/example_dags/example_external_task_marker_dag.py for tasks to queue
[2023-08-14T13:38:59.852+0300] {logging_mixin.py:150} INFO - [2023-08-14T13:38:59.851+0300] {dagbag.py:541} INFO - Filling up the DagBag from /home/soamariaka/.local/lib/python3.9/site-packages/airflow/example_dags/example_external_task_marker_dag.py
[2023-08-14T13:38:59.863+0300] {processor.py:836} INFO - DAG(s) dict_keys(['example_external_task_marker_child', 'example_external_task_marker_parent']) retrieved from /home/soamariaka/.local/lib/python3.9/site-packages/airflow/example_dags/example_external_task_marker_dag.py
[2023-08-14T13:38:59.895+0300] {logging_mixin.py:150} INFO - [2023-08-14T13:38:59.895+0300] {dag.py:2742} INFO - Sync 2 DAGs
[2023-08-14T13:38:59.927+0300] {logging_mixin.py:150} INFO - [2023-08-14T13:38:59.927+0300] {dag.py:3504} INFO - Setting next_dagrun for example_external_task_marker_child to None, run_after=None
[2023-08-14T13:38:59.949+0300] {logging_mixin.py:150} INFO - [2023-08-14T13:38:59.949+0300] {dag.py:3504} INFO - Setting next_dagrun for example_external_task_marker_parent to None, run_after=None
[2023-08-14T13:39:00.074+0300] {processor.py:179} INFO - Processing /home/soamariaka/.local/lib/python3.9/site-packages/airflow/example_dags/example_external_task_marker_dag.py took 0.231 seconds
[2023-08-14T13:40:01.832+0300] {processor.py:157} INFO - Started process (PID=11478) to work on /home/soamariaka/.local/lib/python3.9/site-packages/airflow/example_dags/example_external_task_marker_dag.py
[2023-08-14T13:40:01.834+0300] {processor.py:826} INFO - Processing file /home/soamariaka/.local/lib/python3.9/site-packages/airflow/example_dags/example_external_task_marker_dag.py for tasks to queue
[2023-08-14T13:40:01.835+0300] {logging_mixin.py:150} INFO - [2023-08-14T13:40:01.835+0300] {dagbag.py:541} INFO - Filling up the DagBag from /home/soamariaka/.local/lib/python3.9/site-packages/airflow/example_dags/example_external_task_marker_dag.py
[2023-08-14T13:40:01.845+0300] {processor.py:836} INFO - DAG(s) dict_keys(['example_external_task_marker_child', 'example_external_task_marker_parent']) retrieved from /home/soamariaka/.local/lib/python3.9/site-packages/airflow/example_dags/example_external_task_marker_dag.py
[2023-08-14T13:40:01.877+0300] {logging_mixin.py:150} INFO - [2023-08-14T13:40:01.877+0300] {dag.py:2742} INFO - Sync 2 DAGs
[2023-08-14T13:40:01.908+0300] {logging_mixin.py:150} INFO - [2023-08-14T13:40:01.908+0300] {dag.py:3504} INFO - Setting next_dagrun for example_external_task_marker_child to None, run_after=None
[2023-08-14T13:40:01.912+0300] {logging_mixin.py:150} INFO - [2023-08-14T13:40:01.912+0300] {dag.py:3504} INFO - Setting next_dagrun for example_external_task_marker_parent to None, run_after=None
[2023-08-14T13:40:02.051+0300] {processor.py:179} INFO - Processing /home/soamariaka/.local/lib/python3.9/site-packages/airflow/example_dags/example_external_task_marker_dag.py took 0.225 seconds
[2023-08-14T13:40:58.912+0300] {processor.py:157} INFO - Started process (PID=11562) to work on /home/soamariaka/.local/lib/python3.9/site-packages/airflow/example_dags/example_external_task_marker_dag.py
[2023-08-14T13:40:58.943+0300] {processor.py:826} INFO - Processing file /home/soamariaka/.local/lib/python3.9/site-packages/airflow/example_dags/example_external_task_marker_dag.py for tasks to queue
[2023-08-14T13:40:58.945+0300] {logging_mixin.py:150} INFO - [2023-08-14T13:40:58.944+0300] {dagbag.py:541} INFO - Filling up the DagBag from /home/soamariaka/.local/lib/python3.9/site-packages/airflow/example_dags/example_external_task_marker_dag.py
[2023-08-14T13:40:58.956+0300] {processor.py:836} INFO - DAG(s) dict_keys(['example_external_task_marker_child', 'example_external_task_marker_parent']) retrieved from /home/soamariaka/.local/lib/python3.9/site-packages/airflow/example_dags/example_external_task_marker_dag.py
[2023-08-14T13:40:58.995+0300] {logging_mixin.py:150} INFO - [2023-08-14T13:40:58.994+0300] {dag.py:2742} INFO - Sync 2 DAGs
[2023-08-14T13:40:59.027+0300] {logging_mixin.py:150} INFO - [2023-08-14T13:40:59.027+0300] {dag.py:3504} INFO - Setting next_dagrun for example_external_task_marker_child to None, run_after=None
[2023-08-14T13:40:59.032+0300] {logging_mixin.py:150} INFO - [2023-08-14T13:40:59.031+0300] {dag.py:3504} INFO - Setting next_dagrun for example_external_task_marker_parent to None, run_after=None
[2023-08-14T13:40:59.159+0300] {processor.py:179} INFO - Processing /home/soamariaka/.local/lib/python3.9/site-packages/airflow/example_dags/example_external_task_marker_dag.py took 0.252 seconds
[2023-08-14T13:41:57.442+0300] {processor.py:157} INFO - Started process (PID=11611) to work on /home/soamariaka/.local/lib/python3.9/site-packages/airflow/example_dags/example_external_task_marker_dag.py
[2023-08-14T13:41:57.445+0300] {processor.py:826} INFO - Processing file /home/soamariaka/.local/lib/python3.9/site-packages/airflow/example_dags/example_external_task_marker_dag.py for tasks to queue
[2023-08-14T13:41:57.447+0300] {logging_mixin.py:150} INFO - [2023-08-14T13:41:57.446+0300] {dagbag.py:541} INFO - Filling up the DagBag from /home/soamariaka/.local/lib/python3.9/site-packages/airflow/example_dags/example_external_task_marker_dag.py
[2023-08-14T13:41:57.458+0300] {processor.py:836} INFO - DAG(s) dict_keys(['example_external_task_marker_child', 'example_external_task_marker_parent']) retrieved from /home/soamariaka/.local/lib/python3.9/site-packages/airflow/example_dags/example_external_task_marker_dag.py
[2023-08-14T13:41:57.490+0300] {logging_mixin.py:150} INFO - [2023-08-14T13:41:57.490+0300] {dag.py:2742} INFO - Sync 2 DAGs
[2023-08-14T13:41:57.522+0300] {logging_mixin.py:150} INFO - [2023-08-14T13:41:57.522+0300] {dag.py:3504} INFO - Setting next_dagrun for example_external_task_marker_child to None, run_after=None
[2023-08-14T13:41:57.526+0300] {logging_mixin.py:150} INFO - [2023-08-14T13:41:57.526+0300] {dag.py:3504} INFO - Setting next_dagrun for example_external_task_marker_parent to None, run_after=None
[2023-08-14T13:41:57.668+0300] {processor.py:179} INFO - Processing /home/soamariaka/.local/lib/python3.9/site-packages/airflow/example_dags/example_external_task_marker_dag.py took 0.231 seconds
[2023-08-14T13:42:52.692+0300] {processor.py:157} INFO - Started process (PID=11663) to work on /home/soamariaka/.local/lib/python3.9/site-packages/airflow/example_dags/example_external_task_marker_dag.py
[2023-08-14T13:42:52.695+0300] {processor.py:826} INFO - Processing file /home/soamariaka/.local/lib/python3.9/site-packages/airflow/example_dags/example_external_task_marker_dag.py for tasks to queue
[2023-08-14T13:42:52.696+0300] {logging_mixin.py:150} INFO - [2023-08-14T13:42:52.696+0300] {dagbag.py:541} INFO - Filling up the DagBag from /home/soamariaka/.local/lib/python3.9/site-packages/airflow/example_dags/example_external_task_marker_dag.py
[2023-08-14T13:42:52.709+0300] {processor.py:836} INFO - DAG(s) dict_keys(['example_external_task_marker_parent', 'example_external_task_marker_child']) retrieved from /home/soamariaka/.local/lib/python3.9/site-packages/airflow/example_dags/example_external_task_marker_dag.py
[2023-08-14T13:42:52.748+0300] {logging_mixin.py:150} INFO - [2023-08-14T13:42:52.748+0300] {dag.py:2742} INFO - Sync 2 DAGs
[2023-08-14T13:42:52.787+0300] {logging_mixin.py:150} INFO - [2023-08-14T13:42:52.786+0300] {dag.py:3504} INFO - Setting next_dagrun for example_external_task_marker_child to None, run_after=None
[2023-08-14T13:42:52.792+0300] {logging_mixin.py:150} INFO - [2023-08-14T13:42:52.792+0300] {dag.py:3504} INFO - Setting next_dagrun for example_external_task_marker_parent to None, run_after=None
[2023-08-14T13:42:52.954+0300] {processor.py:179} INFO - Processing /home/soamariaka/.local/lib/python3.9/site-packages/airflow/example_dags/example_external_task_marker_dag.py took 0.268 seconds
[2023-08-14T13:43:49.880+0300] {processor.py:157} INFO - Started process (PID=11743) to work on /home/soamariaka/.local/lib/python3.9/site-packages/airflow/example_dags/example_external_task_marker_dag.py
[2023-08-14T13:43:49.882+0300] {processor.py:826} INFO - Processing file /home/soamariaka/.local/lib/python3.9/site-packages/airflow/example_dags/example_external_task_marker_dag.py for tasks to queue
[2023-08-14T13:43:49.883+0300] {logging_mixin.py:150} INFO - [2023-08-14T13:43:49.882+0300] {dagbag.py:541} INFO - Filling up the DagBag from /home/soamariaka/.local/lib/python3.9/site-packages/airflow/example_dags/example_external_task_marker_dag.py
[2023-08-14T13:43:49.894+0300] {processor.py:836} INFO - DAG(s) dict_keys(['example_external_task_marker_child', 'example_external_task_marker_parent']) retrieved from /home/soamariaka/.local/lib/python3.9/site-packages/airflow/example_dags/example_external_task_marker_dag.py
[2023-08-14T13:43:49.938+0300] {logging_mixin.py:150} INFO - [2023-08-14T13:43:49.937+0300] {dag.py:2742} INFO - Sync 2 DAGs
[2023-08-14T13:43:49.970+0300] {logging_mixin.py:150} INFO - [2023-08-14T13:43:49.970+0300] {dag.py:3504} INFO - Setting next_dagrun for example_external_task_marker_child to None, run_after=None
[2023-08-14T13:43:49.975+0300] {logging_mixin.py:150} INFO - [2023-08-14T13:43:49.974+0300] {dag.py:3504} INFO - Setting next_dagrun for example_external_task_marker_parent to None, run_after=None
[2023-08-14T13:43:50.175+0300] {processor.py:179} INFO - Processing /home/soamariaka/.local/lib/python3.9/site-packages/airflow/example_dags/example_external_task_marker_dag.py took 0.300 seconds
[2023-08-14T13:44:55.416+0300] {processor.py:157} INFO - Started process (PID=11816) to work on /home/soamariaka/.local/lib/python3.9/site-packages/airflow/example_dags/example_external_task_marker_dag.py
[2023-08-14T13:44:55.456+0300] {processor.py:826} INFO - Processing file /home/soamariaka/.local/lib/python3.9/site-packages/airflow/example_dags/example_external_task_marker_dag.py for tasks to queue
[2023-08-14T13:44:55.457+0300] {logging_mixin.py:150} INFO - [2023-08-14T13:44:55.457+0300] {dagbag.py:541} INFO - Filling up the DagBag from /home/soamariaka/.local/lib/python3.9/site-packages/airflow/example_dags/example_external_task_marker_dag.py
[2023-08-14T13:44:55.468+0300] {processor.py:836} INFO - DAG(s) dict_keys(['example_external_task_marker_child', 'example_external_task_marker_parent']) retrieved from /home/soamariaka/.local/lib/python3.9/site-packages/airflow/example_dags/example_external_task_marker_dag.py
[2023-08-14T13:44:55.507+0300] {logging_mixin.py:150} INFO - [2023-08-14T13:44:55.506+0300] {dag.py:2742} INFO - Sync 2 DAGs
[2023-08-14T13:44:55.544+0300] {logging_mixin.py:150} INFO - [2023-08-14T13:44:55.544+0300] {dag.py:3504} INFO - Setting next_dagrun for example_external_task_marker_child to None, run_after=None
[2023-08-14T13:44:55.549+0300] {logging_mixin.py:150} INFO - [2023-08-14T13:44:55.548+0300] {dag.py:3504} INFO - Setting next_dagrun for example_external_task_marker_parent to None, run_after=None
[2023-08-14T13:44:55.689+0300] {processor.py:179} INFO - Processing /home/soamariaka/.local/lib/python3.9/site-packages/airflow/example_dags/example_external_task_marker_dag.py took 0.278 seconds
[2023-08-14T13:46:00.042+0300] {processor.py:157} INFO - Started process (PID=11907) to work on /home/soamariaka/.local/lib/python3.9/site-packages/airflow/example_dags/example_external_task_marker_dag.py
[2023-08-14T13:46:00.044+0300] {processor.py:826} INFO - Processing file /home/soamariaka/.local/lib/python3.9/site-packages/airflow/example_dags/example_external_task_marker_dag.py for tasks to queue
[2023-08-14T13:46:00.046+0300] {logging_mixin.py:150} INFO - [2023-08-14T13:46:00.045+0300] {dagbag.py:541} INFO - Filling up the DagBag from /home/soamariaka/.local/lib/python3.9/site-packages/airflow/example_dags/example_external_task_marker_dag.py
[2023-08-14T13:46:00.060+0300] {processor.py:836} INFO - DAG(s) dict_keys(['example_external_task_marker_child', 'example_external_task_marker_parent']) retrieved from /home/soamariaka/.local/lib/python3.9/site-packages/airflow/example_dags/example_external_task_marker_dag.py
[2023-08-14T13:46:00.104+0300] {logging_mixin.py:150} INFO - [2023-08-14T13:46:00.103+0300] {dag.py:2742} INFO - Sync 2 DAGs
[2023-08-14T13:46:00.139+0300] {logging_mixin.py:150} INFO - [2023-08-14T13:46:00.139+0300] {dag.py:3504} INFO - Setting next_dagrun for example_external_task_marker_child to None, run_after=None
[2023-08-14T13:46:00.144+0300] {logging_mixin.py:150} INFO - [2023-08-14T13:46:00.144+0300] {dag.py:3504} INFO - Setting next_dagrun for example_external_task_marker_parent to None, run_after=None
[2023-08-14T13:46:00.390+0300] {processor.py:179} INFO - Processing /home/soamariaka/.local/lib/python3.9/site-packages/airflow/example_dags/example_external_task_marker_dag.py took 0.353 seconds
[2023-08-14T13:47:03.336+0300] {processor.py:157} INFO - Started process (PID=11964) to work on /home/soamariaka/.local/lib/python3.9/site-packages/airflow/example_dags/example_external_task_marker_dag.py
[2023-08-14T13:47:03.339+0300] {processor.py:826} INFO - Processing file /home/soamariaka/.local/lib/python3.9/site-packages/airflow/example_dags/example_external_task_marker_dag.py for tasks to queue
[2023-08-14T13:47:03.340+0300] {logging_mixin.py:150} INFO - [2023-08-14T13:47:03.340+0300] {dagbag.py:541} INFO - Filling up the DagBag from /home/soamariaka/.local/lib/python3.9/site-packages/airflow/example_dags/example_external_task_marker_dag.py
[2023-08-14T13:47:03.351+0300] {processor.py:836} INFO - DAG(s) dict_keys(['example_external_task_marker_parent', 'example_external_task_marker_child']) retrieved from /home/soamariaka/.local/lib/python3.9/site-packages/airflow/example_dags/example_external_task_marker_dag.py
[2023-08-14T13:47:03.384+0300] {logging_mixin.py:150} INFO - [2023-08-14T13:47:03.384+0300] {dag.py:2742} INFO - Sync 2 DAGs
[2023-08-14T13:47:03.415+0300] {logging_mixin.py:150} INFO - [2023-08-14T13:47:03.415+0300] {dag.py:3504} INFO - Setting next_dagrun for example_external_task_marker_child to None, run_after=None
[2023-08-14T13:47:03.419+0300] {logging_mixin.py:150} INFO - [2023-08-14T13:47:03.419+0300] {dag.py:3504} INFO - Setting next_dagrun for example_external_task_marker_parent to None, run_after=None
[2023-08-14T13:47:03.568+0300] {processor.py:179} INFO - Processing /home/soamariaka/.local/lib/python3.9/site-packages/airflow/example_dags/example_external_task_marker_dag.py took 0.237 seconds
[2023-08-14T13:48:07.000+0300] {processor.py:157} INFO - Started process (PID=12029) to work on /home/soamariaka/.local/lib/python3.9/site-packages/airflow/example_dags/example_external_task_marker_dag.py
[2023-08-14T13:48:07.022+0300] {processor.py:826} INFO - Processing file /home/soamariaka/.local/lib/python3.9/site-packages/airflow/example_dags/example_external_task_marker_dag.py for tasks to queue
[2023-08-14T13:48:07.024+0300] {logging_mixin.py:150} INFO - [2023-08-14T13:48:07.023+0300] {dagbag.py:541} INFO - Filling up the DagBag from /home/soamariaka/.local/lib/python3.9/site-packages/airflow/example_dags/example_external_task_marker_dag.py
[2023-08-14T13:48:07.056+0300] {processor.py:836} INFO - DAG(s) dict_keys(['example_external_task_marker_parent', 'example_external_task_marker_child']) retrieved from /home/soamariaka/.local/lib/python3.9/site-packages/airflow/example_dags/example_external_task_marker_dag.py
[2023-08-14T13:48:07.097+0300] {logging_mixin.py:150} INFO - [2023-08-14T13:48:07.097+0300] {dag.py:2742} INFO - Sync 2 DAGs
[2023-08-14T13:48:07.131+0300] {logging_mixin.py:150} INFO - [2023-08-14T13:48:07.130+0300] {dag.py:3504} INFO - Setting next_dagrun for example_external_task_marker_child to None, run_after=None
[2023-08-14T13:48:07.136+0300] {logging_mixin.py:150} INFO - [2023-08-14T13:48:07.136+0300] {dag.py:3504} INFO - Setting next_dagrun for example_external_task_marker_parent to None, run_after=None
[2023-08-14T13:48:07.299+0300] {processor.py:179} INFO - Processing /home/soamariaka/.local/lib/python3.9/site-packages/airflow/example_dags/example_external_task_marker_dag.py took 0.304 seconds
[2023-08-14T13:49:09.249+0300] {processor.py:157} INFO - Started process (PID=12119) to work on /home/soamariaka/.local/lib/python3.9/site-packages/airflow/example_dags/example_external_task_marker_dag.py
[2023-08-14T13:49:09.251+0300] {processor.py:826} INFO - Processing file /home/soamariaka/.local/lib/python3.9/site-packages/airflow/example_dags/example_external_task_marker_dag.py for tasks to queue
[2023-08-14T13:49:09.253+0300] {logging_mixin.py:150} INFO - [2023-08-14T13:49:09.252+0300] {dagbag.py:541} INFO - Filling up the DagBag from /home/soamariaka/.local/lib/python3.9/site-packages/airflow/example_dags/example_external_task_marker_dag.py
[2023-08-14T13:49:09.263+0300] {processor.py:836} INFO - DAG(s) dict_keys(['example_external_task_marker_parent', 'example_external_task_marker_child']) retrieved from /home/soamariaka/.local/lib/python3.9/site-packages/airflow/example_dags/example_external_task_marker_dag.py
[2023-08-14T13:49:09.297+0300] {logging_mixin.py:150} INFO - [2023-08-14T13:49:09.296+0300] {dag.py:2742} INFO - Sync 2 DAGs
[2023-08-14T13:49:09.327+0300] {logging_mixin.py:150} INFO - [2023-08-14T13:49:09.327+0300] {dag.py:3504} INFO - Setting next_dagrun for example_external_task_marker_child to None, run_after=None
[2023-08-14T13:49:09.332+0300] {logging_mixin.py:150} INFO - [2023-08-14T13:49:09.331+0300] {dag.py:3504} INFO - Setting next_dagrun for example_external_task_marker_parent to None, run_after=None
[2023-08-14T13:49:09.458+0300] {processor.py:179} INFO - Processing /home/soamariaka/.local/lib/python3.9/site-packages/airflow/example_dags/example_external_task_marker_dag.py took 0.215 seconds
[2023-08-14T13:50:12.502+0300] {processor.py:157} INFO - Started process (PID=12194) to work on /home/soamariaka/.local/lib/python3.9/site-packages/airflow/example_dags/example_external_task_marker_dag.py
[2023-08-14T13:50:12.504+0300] {processor.py:826} INFO - Processing file /home/soamariaka/.local/lib/python3.9/site-packages/airflow/example_dags/example_external_task_marker_dag.py for tasks to queue
[2023-08-14T13:50:12.505+0300] {logging_mixin.py:150} INFO - [2023-08-14T13:50:12.505+0300] {dagbag.py:541} INFO - Filling up the DagBag from /home/soamariaka/.local/lib/python3.9/site-packages/airflow/example_dags/example_external_task_marker_dag.py
[2023-08-14T13:50:12.516+0300] {processor.py:836} INFO - DAG(s) dict_keys(['example_external_task_marker_child', 'example_external_task_marker_parent']) retrieved from /home/soamariaka/.local/lib/python3.9/site-packages/airflow/example_dags/example_external_task_marker_dag.py
[2023-08-14T13:50:12.550+0300] {logging_mixin.py:150} INFO - [2023-08-14T13:50:12.549+0300] {dag.py:2742} INFO - Sync 2 DAGs
[2023-08-14T13:50:12.580+0300] {logging_mixin.py:150} INFO - [2023-08-14T13:50:12.580+0300] {dag.py:3504} INFO - Setting next_dagrun for example_external_task_marker_child to None, run_after=None
[2023-08-14T13:50:12.585+0300] {logging_mixin.py:150} INFO - [2023-08-14T13:50:12.584+0300] {dag.py:3504} INFO - Setting next_dagrun for example_external_task_marker_parent to None, run_after=None
[2023-08-14T13:50:12.844+0300] {processor.py:179} INFO - Processing /home/soamariaka/.local/lib/python3.9/site-packages/airflow/example_dags/example_external_task_marker_dag.py took 0.347 seconds
[2023-08-14T13:51:17.432+0300] {processor.py:157} INFO - Started process (PID=12287) to work on /home/soamariaka/.local/lib/python3.9/site-packages/airflow/example_dags/example_external_task_marker_dag.py
[2023-08-14T13:51:17.434+0300] {processor.py:826} INFO - Processing file /home/soamariaka/.local/lib/python3.9/site-packages/airflow/example_dags/example_external_task_marker_dag.py for tasks to queue
[2023-08-14T13:51:17.435+0300] {logging_mixin.py:150} INFO - [2023-08-14T13:51:17.434+0300] {dagbag.py:541} INFO - Filling up the DagBag from /home/soamariaka/.local/lib/python3.9/site-packages/airflow/example_dags/example_external_task_marker_dag.py
[2023-08-14T13:51:17.446+0300] {processor.py:836} INFO - DAG(s) dict_keys(['example_external_task_marker_parent', 'example_external_task_marker_child']) retrieved from /home/soamariaka/.local/lib/python3.9/site-packages/airflow/example_dags/example_external_task_marker_dag.py
[2023-08-14T13:51:17.479+0300] {logging_mixin.py:150} INFO - [2023-08-14T13:51:17.479+0300] {dag.py:2742} INFO - Sync 2 DAGs
[2023-08-14T13:51:17.514+0300] {logging_mixin.py:150} INFO - [2023-08-14T13:51:17.514+0300] {dag.py:3504} INFO - Setting next_dagrun for example_external_task_marker_child to None, run_after=None
[2023-08-14T13:51:17.519+0300] {logging_mixin.py:150} INFO - [2023-08-14T13:51:17.519+0300] {dag.py:3504} INFO - Setting next_dagrun for example_external_task_marker_parent to None, run_after=None
[2023-08-14T13:51:17.795+0300] {processor.py:179} INFO - Processing /home/soamariaka/.local/lib/python3.9/site-packages/airflow/example_dags/example_external_task_marker_dag.py took 0.368 seconds
[2023-08-14T13:52:19.398+0300] {processor.py:157} INFO - Started process (PID=12345) to work on /home/soamariaka/.local/lib/python3.9/site-packages/airflow/example_dags/example_external_task_marker_dag.py
[2023-08-14T13:52:19.400+0300] {processor.py:826} INFO - Processing file /home/soamariaka/.local/lib/python3.9/site-packages/airflow/example_dags/example_external_task_marker_dag.py for tasks to queue
[2023-08-14T13:52:19.401+0300] {logging_mixin.py:150} INFO - [2023-08-14T13:52:19.401+0300] {dagbag.py:541} INFO - Filling up the DagBag from /home/soamariaka/.local/lib/python3.9/site-packages/airflow/example_dags/example_external_task_marker_dag.py
[2023-08-14T13:52:19.412+0300] {processor.py:836} INFO - DAG(s) dict_keys(['example_external_task_marker_child', 'example_external_task_marker_parent']) retrieved from /home/soamariaka/.local/lib/python3.9/site-packages/airflow/example_dags/example_external_task_marker_dag.py
[2023-08-14T13:52:19.445+0300] {logging_mixin.py:150} INFO - [2023-08-14T13:52:19.445+0300] {dag.py:2742} INFO - Sync 2 DAGs
[2023-08-14T13:52:19.476+0300] {logging_mixin.py:150} INFO - [2023-08-14T13:52:19.476+0300] {dag.py:3504} INFO - Setting next_dagrun for example_external_task_marker_child to None, run_after=None
[2023-08-14T13:52:19.500+0300] {logging_mixin.py:150} INFO - [2023-08-14T13:52:19.500+0300] {dag.py:3504} INFO - Setting next_dagrun for example_external_task_marker_parent to None, run_after=None
[2023-08-14T13:52:19.779+0300] {processor.py:179} INFO - Processing /home/soamariaka/.local/lib/python3.9/site-packages/airflow/example_dags/example_external_task_marker_dag.py took 0.387 seconds
[2023-08-14T13:53:24.104+0300] {processor.py:157} INFO - Started process (PID=12406) to work on /home/soamariaka/.local/lib/python3.9/site-packages/airflow/example_dags/example_external_task_marker_dag.py
[2023-08-14T13:53:24.106+0300] {processor.py:826} INFO - Processing file /home/soamariaka/.local/lib/python3.9/site-packages/airflow/example_dags/example_external_task_marker_dag.py for tasks to queue
[2023-08-14T13:53:24.107+0300] {logging_mixin.py:150} INFO - [2023-08-14T13:53:24.107+0300] {dagbag.py:541} INFO - Filling up the DagBag from /home/soamariaka/.local/lib/python3.9/site-packages/airflow/example_dags/example_external_task_marker_dag.py
[2023-08-14T13:53:24.118+0300] {processor.py:836} INFO - DAG(s) dict_keys(['example_external_task_marker_child', 'example_external_task_marker_parent']) retrieved from /home/soamariaka/.local/lib/python3.9/site-packages/airflow/example_dags/example_external_task_marker_dag.py
[2023-08-14T13:53:24.164+0300] {logging_mixin.py:150} INFO - [2023-08-14T13:53:24.164+0300] {dag.py:2742} INFO - Sync 2 DAGs
[2023-08-14T13:53:24.195+0300] {logging_mixin.py:150} INFO - [2023-08-14T13:53:24.195+0300] {dag.py:3504} INFO - Setting next_dagrun for example_external_task_marker_child to None, run_after=None
[2023-08-14T13:53:24.200+0300] {logging_mixin.py:150} INFO - [2023-08-14T13:53:24.199+0300] {dag.py:3504} INFO - Setting next_dagrun for example_external_task_marker_parent to None, run_after=None
[2023-08-14T13:53:24.342+0300] {processor.py:179} INFO - Processing /home/soamariaka/.local/lib/python3.9/site-packages/airflow/example_dags/example_external_task_marker_dag.py took 0.244 seconds
[2023-08-14T13:54:28.389+0300] {processor.py:157} INFO - Started process (PID=12462) to work on /home/soamariaka/.local/lib/python3.9/site-packages/airflow/example_dags/example_external_task_marker_dag.py
[2023-08-14T13:54:28.408+0300] {processor.py:826} INFO - Processing file /home/soamariaka/.local/lib/python3.9/site-packages/airflow/example_dags/example_external_task_marker_dag.py for tasks to queue
[2023-08-14T13:54:28.410+0300] {logging_mixin.py:150} INFO - [2023-08-14T13:54:28.410+0300] {dagbag.py:541} INFO - Filling up the DagBag from /home/soamariaka/.local/lib/python3.9/site-packages/airflow/example_dags/example_external_task_marker_dag.py
[2023-08-14T13:54:28.421+0300] {processor.py:836} INFO - DAG(s) dict_keys(['example_external_task_marker_child', 'example_external_task_marker_parent']) retrieved from /home/soamariaka/.local/lib/python3.9/site-packages/airflow/example_dags/example_external_task_marker_dag.py
[2023-08-14T13:54:28.457+0300] {logging_mixin.py:150} INFO - [2023-08-14T13:54:28.457+0300] {dag.py:2742} INFO - Sync 2 DAGs
[2023-08-14T13:54:28.488+0300] {logging_mixin.py:150} INFO - [2023-08-14T13:54:28.488+0300] {dag.py:3504} INFO - Setting next_dagrun for example_external_task_marker_child to None, run_after=None
[2023-08-14T13:54:28.493+0300] {logging_mixin.py:150} INFO - [2023-08-14T13:54:28.493+0300] {dag.py:3504} INFO - Setting next_dagrun for example_external_task_marker_parent to None, run_after=None
[2023-08-14T13:54:28.730+0300] {processor.py:179} INFO - Processing /home/soamariaka/.local/lib/python3.9/site-packages/airflow/example_dags/example_external_task_marker_dag.py took 0.346 seconds
[2023-08-14T13:55:36.212+0300] {processor.py:157} INFO - Started process (PID=12576) to work on /home/soamariaka/.local/lib/python3.9/site-packages/airflow/example_dags/example_external_task_marker_dag.py
[2023-08-14T13:55:36.240+0300] {processor.py:826} INFO - Processing file /home/soamariaka/.local/lib/python3.9/site-packages/airflow/example_dags/example_external_task_marker_dag.py for tasks to queue
[2023-08-14T13:55:36.242+0300] {logging_mixin.py:150} INFO - [2023-08-14T13:55:36.241+0300] {dagbag.py:541} INFO - Filling up the DagBag from /home/soamariaka/.local/lib/python3.9/site-packages/airflow/example_dags/example_external_task_marker_dag.py
[2023-08-14T13:55:36.253+0300] {processor.py:836} INFO - DAG(s) dict_keys(['example_external_task_marker_parent', 'example_external_task_marker_child']) retrieved from /home/soamariaka/.local/lib/python3.9/site-packages/airflow/example_dags/example_external_task_marker_dag.py
[2023-08-14T13:55:36.285+0300] {logging_mixin.py:150} INFO - [2023-08-14T13:55:36.285+0300] {dag.py:2742} INFO - Sync 2 DAGs
[2023-08-14T13:55:36.315+0300] {logging_mixin.py:150} INFO - [2023-08-14T13:55:36.315+0300] {dag.py:3504} INFO - Setting next_dagrun for example_external_task_marker_child to None, run_after=None
[2023-08-14T13:55:36.332+0300] {logging_mixin.py:150} INFO - [2023-08-14T13:55:36.332+0300] {dag.py:3504} INFO - Setting next_dagrun for example_external_task_marker_parent to None, run_after=None
[2023-08-14T13:55:36.664+0300] {processor.py:179} INFO - Processing /home/soamariaka/.local/lib/python3.9/site-packages/airflow/example_dags/example_external_task_marker_dag.py took 0.458 seconds
[2023-08-14T13:56:43.331+0300] {processor.py:157} INFO - Started process (PID=12660) to work on /home/soamariaka/.local/lib/python3.9/site-packages/airflow/example_dags/example_external_task_marker_dag.py
[2023-08-14T13:56:43.332+0300] {processor.py:826} INFO - Processing file /home/soamariaka/.local/lib/python3.9/site-packages/airflow/example_dags/example_external_task_marker_dag.py for tasks to queue
[2023-08-14T13:56:43.334+0300] {logging_mixin.py:150} INFO - [2023-08-14T13:56:43.333+0300] {dagbag.py:541} INFO - Filling up the DagBag from /home/soamariaka/.local/lib/python3.9/site-packages/airflow/example_dags/example_external_task_marker_dag.py
[2023-08-14T13:56:43.345+0300] {processor.py:836} INFO - DAG(s) dict_keys(['example_external_task_marker_child', 'example_external_task_marker_parent']) retrieved from /home/soamariaka/.local/lib/python3.9/site-packages/airflow/example_dags/example_external_task_marker_dag.py
[2023-08-14T13:56:43.378+0300] {logging_mixin.py:150} INFO - [2023-08-14T13:56:43.378+0300] {dag.py:2742} INFO - Sync 2 DAGs
[2023-08-14T13:56:43.427+0300] {logging_mixin.py:150} INFO - [2023-08-14T13:56:43.427+0300] {dag.py:3504} INFO - Setting next_dagrun for example_external_task_marker_child to None, run_after=None
[2023-08-14T13:56:43.446+0300] {logging_mixin.py:150} INFO - [2023-08-14T13:56:43.446+0300] {dag.py:3504} INFO - Setting next_dagrun for example_external_task_marker_parent to None, run_after=None
[2023-08-14T13:56:43.650+0300] {processor.py:179} INFO - Processing /home/soamariaka/.local/lib/python3.9/site-packages/airflow/example_dags/example_external_task_marker_dag.py took 0.325 seconds
[2023-08-14T13:57:49.960+0300] {processor.py:157} INFO - Started process (PID=12720) to work on /home/soamariaka/.local/lib/python3.9/site-packages/airflow/example_dags/example_external_task_marker_dag.py
[2023-08-14T13:57:49.973+0300] {processor.py:826} INFO - Processing file /home/soamariaka/.local/lib/python3.9/site-packages/airflow/example_dags/example_external_task_marker_dag.py for tasks to queue
[2023-08-14T13:57:49.975+0300] {logging_mixin.py:150} INFO - [2023-08-14T13:57:49.974+0300] {dagbag.py:541} INFO - Filling up the DagBag from /home/soamariaka/.local/lib/python3.9/site-packages/airflow/example_dags/example_external_task_marker_dag.py
[2023-08-14T13:57:49.986+0300] {processor.py:836} INFO - DAG(s) dict_keys(['example_external_task_marker_child', 'example_external_task_marker_parent']) retrieved from /home/soamariaka/.local/lib/python3.9/site-packages/airflow/example_dags/example_external_task_marker_dag.py
[2023-08-14T13:57:50.025+0300] {logging_mixin.py:150} INFO - [2023-08-14T13:57:50.024+0300] {dag.py:2742} INFO - Sync 2 DAGs
[2023-08-14T13:57:50.056+0300] {logging_mixin.py:150} INFO - [2023-08-14T13:57:50.056+0300] {dag.py:3504} INFO - Setting next_dagrun for example_external_task_marker_child to None, run_after=None
[2023-08-14T13:57:50.070+0300] {logging_mixin.py:150} INFO - [2023-08-14T13:57:50.070+0300] {dag.py:3504} INFO - Setting next_dagrun for example_external_task_marker_parent to None, run_after=None
[2023-08-14T13:57:50.375+0300] {processor.py:179} INFO - Processing /home/soamariaka/.local/lib/python3.9/site-packages/airflow/example_dags/example_external_task_marker_dag.py took 0.421 seconds
[2023-08-14T13:58:53.342+0300] {processor.py:157} INFO - Started process (PID=12811) to work on /home/soamariaka/.local/lib/python3.9/site-packages/airflow/example_dags/example_external_task_marker_dag.py
[2023-08-14T13:58:53.344+0300] {processor.py:826} INFO - Processing file /home/soamariaka/.local/lib/python3.9/site-packages/airflow/example_dags/example_external_task_marker_dag.py for tasks to queue
[2023-08-14T13:58:53.346+0300] {logging_mixin.py:150} INFO - [2023-08-14T13:58:53.345+0300] {dagbag.py:541} INFO - Filling up the DagBag from /home/soamariaka/.local/lib/python3.9/site-packages/airflow/example_dags/example_external_task_marker_dag.py
[2023-08-14T13:58:53.357+0300] {processor.py:836} INFO - DAG(s) dict_keys(['example_external_task_marker_child', 'example_external_task_marker_parent']) retrieved from /home/soamariaka/.local/lib/python3.9/site-packages/airflow/example_dags/example_external_task_marker_dag.py
[2023-08-14T13:58:53.389+0300] {logging_mixin.py:150} INFO - [2023-08-14T13:58:53.389+0300] {dag.py:2742} INFO - Sync 2 DAGs
[2023-08-14T13:58:53.421+0300] {logging_mixin.py:150} INFO - [2023-08-14T13:58:53.420+0300] {dag.py:3504} INFO - Setting next_dagrun for example_external_task_marker_child to None, run_after=None
[2023-08-14T13:58:53.425+0300] {logging_mixin.py:150} INFO - [2023-08-14T13:58:53.425+0300] {dag.py:3504} INFO - Setting next_dagrun for example_external_task_marker_parent to None, run_after=None
[2023-08-14T13:58:53.538+0300] {processor.py:179} INFO - Processing /home/soamariaka/.local/lib/python3.9/site-packages/airflow/example_dags/example_external_task_marker_dag.py took 0.202 seconds
[2023-08-14T13:59:55.419+0300] {processor.py:157} INFO - Started process (PID=12887) to work on /home/soamariaka/.local/lib/python3.9/site-packages/airflow/example_dags/example_external_task_marker_dag.py
[2023-08-14T13:59:55.421+0300] {processor.py:826} INFO - Processing file /home/soamariaka/.local/lib/python3.9/site-packages/airflow/example_dags/example_external_task_marker_dag.py for tasks to queue
[2023-08-14T13:59:55.422+0300] {logging_mixin.py:150} INFO - [2023-08-14T13:59:55.422+0300] {dagbag.py:541} INFO - Filling up the DagBag from /home/soamariaka/.local/lib/python3.9/site-packages/airflow/example_dags/example_external_task_marker_dag.py
[2023-08-14T13:59:55.434+0300] {processor.py:836} INFO - DAG(s) dict_keys(['example_external_task_marker_child', 'example_external_task_marker_parent']) retrieved from /home/soamariaka/.local/lib/python3.9/site-packages/airflow/example_dags/example_external_task_marker_dag.py
[2023-08-14T13:59:55.485+0300] {logging_mixin.py:150} INFO - [2023-08-14T13:59:55.484+0300] {dag.py:2742} INFO - Sync 2 DAGs
[2023-08-14T13:59:55.538+0300] {logging_mixin.py:150} INFO - [2023-08-14T13:59:55.538+0300] {dag.py:3504} INFO - Setting next_dagrun for example_external_task_marker_child to None, run_after=None
[2023-08-14T13:59:55.546+0300] {logging_mixin.py:150} INFO - [2023-08-14T13:59:55.545+0300] {dag.py:3504} INFO - Setting next_dagrun for example_external_task_marker_parent to None, run_after=None
[2023-08-14T13:59:55.866+0300] {processor.py:179} INFO - Processing /home/soamariaka/.local/lib/python3.9/site-packages/airflow/example_dags/example_external_task_marker_dag.py took 0.452 seconds
[2023-08-14T14:00:57.964+0300] {processor.py:157} INFO - Started process (PID=12949) to work on /home/soamariaka/.local/lib/python3.9/site-packages/airflow/example_dags/example_external_task_marker_dag.py
[2023-08-14T14:00:57.966+0300] {processor.py:826} INFO - Processing file /home/soamariaka/.local/lib/python3.9/site-packages/airflow/example_dags/example_external_task_marker_dag.py for tasks to queue
[2023-08-14T14:00:57.968+0300] {logging_mixin.py:150} INFO - [2023-08-14T14:00:57.967+0300] {dagbag.py:541} INFO - Filling up the DagBag from /home/soamariaka/.local/lib/python3.9/site-packages/airflow/example_dags/example_external_task_marker_dag.py
[2023-08-14T14:00:57.979+0300] {processor.py:836} INFO - DAG(s) dict_keys(['example_external_task_marker_parent', 'example_external_task_marker_child']) retrieved from /home/soamariaka/.local/lib/python3.9/site-packages/airflow/example_dags/example_external_task_marker_dag.py
[2023-08-14T14:00:58.012+0300] {logging_mixin.py:150} INFO - [2023-08-14T14:00:58.011+0300] {dag.py:2742} INFO - Sync 2 DAGs
[2023-08-14T14:00:58.043+0300] {logging_mixin.py:150} INFO - [2023-08-14T14:00:58.042+0300] {dag.py:3504} INFO - Setting next_dagrun for example_external_task_marker_child to None, run_after=None
[2023-08-14T14:00:58.047+0300] {logging_mixin.py:150} INFO - [2023-08-14T14:00:58.047+0300] {dag.py:3504} INFO - Setting next_dagrun for example_external_task_marker_parent to None, run_after=None
[2023-08-14T14:00:58.330+0300] {processor.py:179} INFO - Processing /home/soamariaka/.local/lib/python3.9/site-packages/airflow/example_dags/example_external_task_marker_dag.py took 0.371 seconds
[2023-08-14T14:02:07.947+0300] {processor.py:157} INFO - Started process (PID=13051) to work on /home/soamariaka/.local/lib/python3.9/site-packages/airflow/example_dags/example_external_task_marker_dag.py
[2023-08-14T14:02:07.959+0300] {processor.py:826} INFO - Processing file /home/soamariaka/.local/lib/python3.9/site-packages/airflow/example_dags/example_external_task_marker_dag.py for tasks to queue
[2023-08-14T14:02:07.960+0300] {logging_mixin.py:150} INFO - [2023-08-14T14:02:07.960+0300] {dagbag.py:541} INFO - Filling up the DagBag from /home/soamariaka/.local/lib/python3.9/site-packages/airflow/example_dags/example_external_task_marker_dag.py
[2023-08-14T14:02:07.971+0300] {processor.py:836} INFO - DAG(s) dict_keys(['example_external_task_marker_child', 'example_external_task_marker_parent']) retrieved from /home/soamariaka/.local/lib/python3.9/site-packages/airflow/example_dags/example_external_task_marker_dag.py
[2023-08-14T14:02:08.005+0300] {logging_mixin.py:150} INFO - [2023-08-14T14:02:08.004+0300] {dag.py:2742} INFO - Sync 2 DAGs
[2023-08-14T14:02:08.037+0300] {logging_mixin.py:150} INFO - [2023-08-14T14:02:08.037+0300] {dag.py:3504} INFO - Setting next_dagrun for example_external_task_marker_child to None, run_after=None
[2023-08-14T14:02:08.043+0300] {logging_mixin.py:150} INFO - [2023-08-14T14:02:08.042+0300] {dag.py:3504} INFO - Setting next_dagrun for example_external_task_marker_parent to None, run_after=None
[2023-08-14T14:02:08.613+0300] {processor.py:179} INFO - Processing /home/soamariaka/.local/lib/python3.9/site-packages/airflow/example_dags/example_external_task_marker_dag.py took 0.670 seconds
[2023-08-14T14:04:36.610+0300] {processor.py:157} INFO - Started process (PID=13724) to work on /home/soamariaka/.local/lib/python3.9/site-packages/airflow/example_dags/example_external_task_marker_dag.py
[2023-08-14T14:04:36.612+0300] {processor.py:826} INFO - Processing file /home/soamariaka/.local/lib/python3.9/site-packages/airflow/example_dags/example_external_task_marker_dag.py for tasks to queue
[2023-08-14T14:04:36.613+0300] {logging_mixin.py:150} INFO - [2023-08-14T14:04:36.613+0300] {dagbag.py:541} INFO - Filling up the DagBag from /home/soamariaka/.local/lib/python3.9/site-packages/airflow/example_dags/example_external_task_marker_dag.py
[2023-08-14T14:04:36.654+0300] {processor.py:836} INFO - DAG(s) dict_keys(['example_external_task_marker_parent', 'example_external_task_marker_child']) retrieved from /home/soamariaka/.local/lib/python3.9/site-packages/airflow/example_dags/example_external_task_marker_dag.py
[2023-08-14T14:04:36.692+0300] {logging_mixin.py:150} INFO - [2023-08-14T14:04:36.692+0300] {dag.py:2742} INFO - Sync 2 DAGs
[2023-08-14T14:04:36.738+0300] {logging_mixin.py:150} INFO - [2023-08-14T14:04:36.738+0300] {dag.py:3504} INFO - Setting next_dagrun for example_external_task_marker_child to None, run_after=None
[2023-08-14T14:04:36.752+0300] {logging_mixin.py:150} INFO - [2023-08-14T14:04:36.752+0300] {dag.py:3504} INFO - Setting next_dagrun for example_external_task_marker_parent to None, run_after=None
[2023-08-14T14:04:37.218+0300] {processor.py:179} INFO - Processing /home/soamariaka/.local/lib/python3.9/site-packages/airflow/example_dags/example_external_task_marker_dag.py took 0.614 seconds
[2023-08-14T14:06:09.725+0300] {processor.py:157} INFO - Started process (PID=13817) to work on /home/soamariaka/.local/lib/python3.9/site-packages/airflow/example_dags/example_external_task_marker_dag.py
[2023-08-14T14:06:09.736+0300] {processor.py:826} INFO - Processing file /home/soamariaka/.local/lib/python3.9/site-packages/airflow/example_dags/example_external_task_marker_dag.py for tasks to queue
[2023-08-14T14:06:09.737+0300] {logging_mixin.py:150} INFO - [2023-08-14T14:06:09.737+0300] {dagbag.py:541} INFO - Filling up the DagBag from /home/soamariaka/.local/lib/python3.9/site-packages/airflow/example_dags/example_external_task_marker_dag.py
[2023-08-14T14:06:09.748+0300] {processor.py:836} INFO - DAG(s) dict_keys(['example_external_task_marker_parent', 'example_external_task_marker_child']) retrieved from /home/soamariaka/.local/lib/python3.9/site-packages/airflow/example_dags/example_external_task_marker_dag.py
[2023-08-14T14:06:09.783+0300] {logging_mixin.py:150} INFO - [2023-08-14T14:06:09.782+0300] {dag.py:2742} INFO - Sync 2 DAGs
[2023-08-14T14:06:09.814+0300] {logging_mixin.py:150} INFO - [2023-08-14T14:06:09.813+0300] {dag.py:3504} INFO - Setting next_dagrun for example_external_task_marker_child to None, run_after=None
[2023-08-14T14:06:09.818+0300] {logging_mixin.py:150} INFO - [2023-08-14T14:06:09.818+0300] {dag.py:3504} INFO - Setting next_dagrun for example_external_task_marker_parent to None, run_after=None
[2023-08-14T14:06:10.219+0300] {processor.py:179} INFO - Processing /home/soamariaka/.local/lib/python3.9/site-packages/airflow/example_dags/example_external_task_marker_dag.py took 0.499 seconds
[2023-08-14T14:07:18.543+0300] {processor.py:157} INFO - Started process (PID=13912) to work on /home/soamariaka/.local/lib/python3.9/site-packages/airflow/example_dags/example_external_task_marker_dag.py
[2023-08-14T14:07:18.564+0300] {processor.py:826} INFO - Processing file /home/soamariaka/.local/lib/python3.9/site-packages/airflow/example_dags/example_external_task_marker_dag.py for tasks to queue
[2023-08-14T14:07:18.566+0300] {logging_mixin.py:150} INFO - [2023-08-14T14:07:18.565+0300] {dagbag.py:541} INFO - Filling up the DagBag from /home/soamariaka/.local/lib/python3.9/site-packages/airflow/example_dags/example_external_task_marker_dag.py
[2023-08-14T14:07:18.577+0300] {processor.py:836} INFO - DAG(s) dict_keys(['example_external_task_marker_child', 'example_external_task_marker_parent']) retrieved from /home/soamariaka/.local/lib/python3.9/site-packages/airflow/example_dags/example_external_task_marker_dag.py
[2023-08-14T14:07:18.613+0300] {logging_mixin.py:150} INFO - [2023-08-14T14:07:18.613+0300] {dag.py:2742} INFO - Sync 2 DAGs
[2023-08-14T14:07:18.646+0300] {logging_mixin.py:150} INFO - [2023-08-14T14:07:18.646+0300] {dag.py:3504} INFO - Setting next_dagrun for example_external_task_marker_child to None, run_after=None
[2023-08-14T14:07:18.650+0300] {logging_mixin.py:150} INFO - [2023-08-14T14:07:18.650+0300] {dag.py:3504} INFO - Setting next_dagrun for example_external_task_marker_parent to None, run_after=None
[2023-08-14T14:07:19.343+0300] {processor.py:179} INFO - Processing /home/soamariaka/.local/lib/python3.9/site-packages/airflow/example_dags/example_external_task_marker_dag.py took 0.805 seconds
[2023-08-14T14:09:28.420+0300] {processor.py:157} INFO - Started process (PID=14091) to work on /home/soamariaka/.local/lib/python3.9/site-packages/airflow/example_dags/example_external_task_marker_dag.py
[2023-08-14T14:09:28.451+0300] {processor.py:826} INFO - Processing file /home/soamariaka/.local/lib/python3.9/site-packages/airflow/example_dags/example_external_task_marker_dag.py for tasks to queue
[2023-08-14T14:09:28.452+0300] {logging_mixin.py:150} INFO - [2023-08-14T14:09:28.452+0300] {dagbag.py:541} INFO - Filling up the DagBag from /home/soamariaka/.local/lib/python3.9/site-packages/airflow/example_dags/example_external_task_marker_dag.py
[2023-08-14T14:09:28.465+0300] {processor.py:836} INFO - DAG(s) dict_keys(['example_external_task_marker_parent', 'example_external_task_marker_child']) retrieved from /home/soamariaka/.local/lib/python3.9/site-packages/airflow/example_dags/example_external_task_marker_dag.py
[2023-08-14T14:09:28.504+0300] {logging_mixin.py:150} INFO - [2023-08-14T14:09:28.504+0300] {dag.py:2742} INFO - Sync 2 DAGs
[2023-08-14T14:09:28.536+0300] {logging_mixin.py:150} INFO - [2023-08-14T14:09:28.536+0300] {dag.py:3504} INFO - Setting next_dagrun for example_external_task_marker_child to None, run_after=None
[2023-08-14T14:09:28.540+0300] {logging_mixin.py:150} INFO - [2023-08-14T14:09:28.540+0300] {dag.py:3504} INFO - Setting next_dagrun for example_external_task_marker_parent to None, run_after=None
[2023-08-14T14:09:28.669+0300] {processor.py:179} INFO - Processing /home/soamariaka/.local/lib/python3.9/site-packages/airflow/example_dags/example_external_task_marker_dag.py took 0.254 seconds
[2023-08-14T14:11:04.362+0300] {processor.py:157} INFO - Started process (PID=14983) to work on /home/soamariaka/.local/lib/python3.9/site-packages/airflow/example_dags/example_external_task_marker_dag.py
[2023-08-14T14:11:04.393+0300] {processor.py:826} INFO - Processing file /home/soamariaka/.local/lib/python3.9/site-packages/airflow/example_dags/example_external_task_marker_dag.py for tasks to queue
[2023-08-14T14:11:04.394+0300] {logging_mixin.py:150} INFO - [2023-08-14T14:11:04.394+0300] {dagbag.py:541} INFO - Filling up the DagBag from /home/soamariaka/.local/lib/python3.9/site-packages/airflow/example_dags/example_external_task_marker_dag.py
[2023-08-14T14:11:04.404+0300] {processor.py:836} INFO - DAG(s) dict_keys(['example_external_task_marker_parent', 'example_external_task_marker_child']) retrieved from /home/soamariaka/.local/lib/python3.9/site-packages/airflow/example_dags/example_external_task_marker_dag.py
[2023-08-14T14:11:04.450+0300] {logging_mixin.py:150} INFO - [2023-08-14T14:11:04.450+0300] {dag.py:2742} INFO - Sync 2 DAGs
[2023-08-14T14:11:04.504+0300] {logging_mixin.py:150} INFO - [2023-08-14T14:11:04.504+0300] {dag.py:3504} INFO - Setting next_dagrun for example_external_task_marker_child to None, run_after=None
[2023-08-14T14:11:04.510+0300] {logging_mixin.py:150} INFO - [2023-08-14T14:11:04.509+0300] {dag.py:3504} INFO - Setting next_dagrun for example_external_task_marker_parent to None, run_after=None
[2023-08-14T14:11:04.683+0300] {processor.py:179} INFO - Processing /home/soamariaka/.local/lib/python3.9/site-packages/airflow/example_dags/example_external_task_marker_dag.py took 0.326 seconds
[2023-08-14T14:12:33.337+0300] {processor.py:157} INFO - Started process (PID=15155) to work on /home/soamariaka/.local/lib/python3.9/site-packages/airflow/example_dags/example_external_task_marker_dag.py
[2023-08-14T14:12:33.352+0300] {processor.py:826} INFO - Processing file /home/soamariaka/.local/lib/python3.9/site-packages/airflow/example_dags/example_external_task_marker_dag.py for tasks to queue
[2023-08-14T14:12:33.354+0300] {logging_mixin.py:150} INFO - [2023-08-14T14:12:33.353+0300] {dagbag.py:541} INFO - Filling up the DagBag from /home/soamariaka/.local/lib/python3.9/site-packages/airflow/example_dags/example_external_task_marker_dag.py
[2023-08-14T14:12:33.364+0300] {processor.py:836} INFO - DAG(s) dict_keys(['example_external_task_marker_parent', 'example_external_task_marker_child']) retrieved from /home/soamariaka/.local/lib/python3.9/site-packages/airflow/example_dags/example_external_task_marker_dag.py
[2023-08-14T14:12:33.400+0300] {logging_mixin.py:150} INFO - [2023-08-14T14:12:33.400+0300] {dag.py:2742} INFO - Sync 2 DAGs
[2023-08-14T14:12:33.432+0300] {logging_mixin.py:150} INFO - [2023-08-14T14:12:33.432+0300] {dag.py:3504} INFO - Setting next_dagrun for example_external_task_marker_child to None, run_after=None
[2023-08-14T14:12:33.436+0300] {logging_mixin.py:150} INFO - [2023-08-14T14:12:33.436+0300] {dag.py:3504} INFO - Setting next_dagrun for example_external_task_marker_parent to None, run_after=None
[2023-08-14T14:12:33.581+0300] {processor.py:179} INFO - Processing /home/soamariaka/.local/lib/python3.9/site-packages/airflow/example_dags/example_external_task_marker_dag.py took 0.249 seconds
[2023-08-14T14:13:32.360+0300] {processor.py:157} INFO - Started process (PID=15282) to work on /home/soamariaka/.local/lib/python3.9/site-packages/airflow/example_dags/example_external_task_marker_dag.py
[2023-08-14T14:13:32.384+0300] {processor.py:826} INFO - Processing file /home/soamariaka/.local/lib/python3.9/site-packages/airflow/example_dags/example_external_task_marker_dag.py for tasks to queue
[2023-08-14T14:13:32.387+0300] {logging_mixin.py:150} INFO - [2023-08-14T14:13:32.386+0300] {dagbag.py:541} INFO - Filling up the DagBag from /home/soamariaka/.local/lib/python3.9/site-packages/airflow/example_dags/example_external_task_marker_dag.py
[2023-08-14T14:13:32.402+0300] {processor.py:836} INFO - DAG(s) dict_keys(['example_external_task_marker_parent', 'example_external_task_marker_child']) retrieved from /home/soamariaka/.local/lib/python3.9/site-packages/airflow/example_dags/example_external_task_marker_dag.py
[2023-08-14T14:13:32.444+0300] {logging_mixin.py:150} INFO - [2023-08-14T14:13:32.444+0300] {dag.py:2742} INFO - Sync 2 DAGs
[2023-08-14T14:13:32.488+0300] {logging_mixin.py:150} INFO - [2023-08-14T14:13:32.487+0300] {dag.py:3504} INFO - Setting next_dagrun for example_external_task_marker_child to None, run_after=None
[2023-08-14T14:13:32.493+0300] {logging_mixin.py:150} INFO - [2023-08-14T14:13:32.493+0300] {dag.py:3504} INFO - Setting next_dagrun for example_external_task_marker_parent to None, run_after=None
[2023-08-14T14:13:32.622+0300] {processor.py:179} INFO - Processing /home/soamariaka/.local/lib/python3.9/site-packages/airflow/example_dags/example_external_task_marker_dag.py took 0.269 seconds
[2023-08-14T14:14:39.525+0300] {processor.py:157} INFO - Started process (PID=15373) to work on /home/soamariaka/.local/lib/python3.9/site-packages/airflow/example_dags/example_external_task_marker_dag.py
[2023-08-14T14:14:39.557+0300] {processor.py:826} INFO - Processing file /home/soamariaka/.local/lib/python3.9/site-packages/airflow/example_dags/example_external_task_marker_dag.py for tasks to queue
[2023-08-14T14:14:39.559+0300] {logging_mixin.py:150} INFO - [2023-08-14T14:14:39.559+0300] {dagbag.py:541} INFO - Filling up the DagBag from /home/soamariaka/.local/lib/python3.9/site-packages/airflow/example_dags/example_external_task_marker_dag.py
[2023-08-14T14:14:39.570+0300] {processor.py:836} INFO - DAG(s) dict_keys(['example_external_task_marker_parent', 'example_external_task_marker_child']) retrieved from /home/soamariaka/.local/lib/python3.9/site-packages/airflow/example_dags/example_external_task_marker_dag.py
[2023-08-14T14:14:39.607+0300] {logging_mixin.py:150} INFO - [2023-08-14T14:14:39.607+0300] {dag.py:2742} INFO - Sync 2 DAGs
[2023-08-14T14:14:39.642+0300] {logging_mixin.py:150} INFO - [2023-08-14T14:14:39.641+0300] {dag.py:3504} INFO - Setting next_dagrun for example_external_task_marker_child to None, run_after=None
[2023-08-14T14:14:39.649+0300] {logging_mixin.py:150} INFO - [2023-08-14T14:14:39.648+0300] {dag.py:3504} INFO - Setting next_dagrun for example_external_task_marker_parent to None, run_after=None
[2023-08-14T14:14:40.269+0300] {processor.py:179} INFO - Processing /home/soamariaka/.local/lib/python3.9/site-packages/airflow/example_dags/example_external_task_marker_dag.py took 0.749 seconds
[2023-08-14T14:15:38.336+0300] {processor.py:157} INFO - Started process (PID=15547) to work on /home/soamariaka/.local/lib/python3.9/site-packages/airflow/example_dags/example_external_task_marker_dag.py
[2023-08-14T14:15:38.373+0300] {processor.py:826} INFO - Processing file /home/soamariaka/.local/lib/python3.9/site-packages/airflow/example_dags/example_external_task_marker_dag.py for tasks to queue
[2023-08-14T14:15:38.374+0300] {logging_mixin.py:150} INFO - [2023-08-14T14:15:38.373+0300] {dagbag.py:541} INFO - Filling up the DagBag from /home/soamariaka/.local/lib/python3.9/site-packages/airflow/example_dags/example_external_task_marker_dag.py
[2023-08-14T14:15:38.385+0300] {processor.py:836} INFO - DAG(s) dict_keys(['example_external_task_marker_child', 'example_external_task_marker_parent']) retrieved from /home/soamariaka/.local/lib/python3.9/site-packages/airflow/example_dags/example_external_task_marker_dag.py
[2023-08-14T14:15:38.420+0300] {logging_mixin.py:150} INFO - [2023-08-14T14:15:38.419+0300] {dag.py:2742} INFO - Sync 2 DAGs
[2023-08-14T14:15:38.452+0300] {logging_mixin.py:150} INFO - [2023-08-14T14:15:38.451+0300] {dag.py:3504} INFO - Setting next_dagrun for example_external_task_marker_child to None, run_after=None
[2023-08-14T14:15:38.456+0300] {logging_mixin.py:150} INFO - [2023-08-14T14:15:38.456+0300] {dag.py:3504} INFO - Setting next_dagrun for example_external_task_marker_parent to None, run_after=None
[2023-08-14T14:15:38.591+0300] {processor.py:179} INFO - Processing /home/soamariaka/.local/lib/python3.9/site-packages/airflow/example_dags/example_external_task_marker_dag.py took 0.261 seconds
[2023-08-14T14:16:43.840+0300] {processor.py:157} INFO - Started process (PID=15645) to work on /home/soamariaka/.local/lib/python3.9/site-packages/airflow/example_dags/example_external_task_marker_dag.py
[2023-08-14T14:16:43.877+0300] {processor.py:826} INFO - Processing file /home/soamariaka/.local/lib/python3.9/site-packages/airflow/example_dags/example_external_task_marker_dag.py for tasks to queue
[2023-08-14T14:16:43.878+0300] {logging_mixin.py:150} INFO - [2023-08-14T14:16:43.878+0300] {dagbag.py:541} INFO - Filling up the DagBag from /home/soamariaka/.local/lib/python3.9/site-packages/airflow/example_dags/example_external_task_marker_dag.py
[2023-08-14T14:16:43.889+0300] {processor.py:836} INFO - DAG(s) dict_keys(['example_external_task_marker_child', 'example_external_task_marker_parent']) retrieved from /home/soamariaka/.local/lib/python3.9/site-packages/airflow/example_dags/example_external_task_marker_dag.py
[2023-08-14T14:16:43.932+0300] {logging_mixin.py:150} INFO - [2023-08-14T14:16:43.932+0300] {dag.py:2742} INFO - Sync 2 DAGs
[2023-08-14T14:16:43.965+0300] {logging_mixin.py:150} INFO - [2023-08-14T14:16:43.965+0300] {dag.py:3504} INFO - Setting next_dagrun for example_external_task_marker_child to None, run_after=None
[2023-08-14T14:16:43.969+0300] {logging_mixin.py:150} INFO - [2023-08-14T14:16:43.969+0300] {dag.py:3504} INFO - Setting next_dagrun for example_external_task_marker_parent to None, run_after=None
[2023-08-14T14:16:44.175+0300] {processor.py:179} INFO - Processing /home/soamariaka/.local/lib/python3.9/site-packages/airflow/example_dags/example_external_task_marker_dag.py took 0.340 seconds
[2023-08-14T14:17:51.038+0300] {processor.py:157} INFO - Started process (PID=15756) to work on /home/soamariaka/.local/lib/python3.9/site-packages/airflow/example_dags/example_external_task_marker_dag.py
[2023-08-14T14:17:51.040+0300] {processor.py:826} INFO - Processing file /home/soamariaka/.local/lib/python3.9/site-packages/airflow/example_dags/example_external_task_marker_dag.py for tasks to queue
[2023-08-14T14:17:51.041+0300] {logging_mixin.py:150} INFO - [2023-08-14T14:17:51.041+0300] {dagbag.py:541} INFO - Filling up the DagBag from /home/soamariaka/.local/lib/python3.9/site-packages/airflow/example_dags/example_external_task_marker_dag.py
[2023-08-14T14:17:51.052+0300] {processor.py:836} INFO - DAG(s) dict_keys(['example_external_task_marker_parent', 'example_external_task_marker_child']) retrieved from /home/soamariaka/.local/lib/python3.9/site-packages/airflow/example_dags/example_external_task_marker_dag.py
[2023-08-14T14:17:51.085+0300] {logging_mixin.py:150} INFO - [2023-08-14T14:17:51.085+0300] {dag.py:2742} INFO - Sync 2 DAGs
[2023-08-14T14:17:51.126+0300] {logging_mixin.py:150} INFO - [2023-08-14T14:17:51.126+0300] {dag.py:3504} INFO - Setting next_dagrun for example_external_task_marker_child to None, run_after=None
[2023-08-14T14:17:51.131+0300] {logging_mixin.py:150} INFO - [2023-08-14T14:17:51.131+0300] {dag.py:3504} INFO - Setting next_dagrun for example_external_task_marker_parent to None, run_after=None
[2023-08-14T14:17:51.295+0300] {processor.py:179} INFO - Processing /home/soamariaka/.local/lib/python3.9/site-packages/airflow/example_dags/example_external_task_marker_dag.py took 0.263 seconds
[2023-08-14T14:19:11.000+0300] {processor.py:157} INFO - Started process (PID=15940) to work on /home/soamariaka/.local/lib/python3.9/site-packages/airflow/example_dags/example_external_task_marker_dag.py
[2023-08-14T14:19:11.002+0300] {processor.py:826} INFO - Processing file /home/soamariaka/.local/lib/python3.9/site-packages/airflow/example_dags/example_external_task_marker_dag.py for tasks to queue
[2023-08-14T14:19:11.003+0300] {logging_mixin.py:150} INFO - [2023-08-14T14:19:11.003+0300] {dagbag.py:541} INFO - Filling up the DagBag from /home/soamariaka/.local/lib/python3.9/site-packages/airflow/example_dags/example_external_task_marker_dag.py
[2023-08-14T14:19:11.014+0300] {processor.py:836} INFO - DAG(s) dict_keys(['example_external_task_marker_child', 'example_external_task_marker_parent']) retrieved from /home/soamariaka/.local/lib/python3.9/site-packages/airflow/example_dags/example_external_task_marker_dag.py
[2023-08-14T14:19:11.071+0300] {logging_mixin.py:150} INFO - [2023-08-14T14:19:11.071+0300] {dag.py:2742} INFO - Sync 2 DAGs
[2023-08-14T14:19:11.114+0300] {logging_mixin.py:150} INFO - [2023-08-14T14:19:11.114+0300] {dag.py:3504} INFO - Setting next_dagrun for example_external_task_marker_child to None, run_after=None
[2023-08-14T14:19:11.119+0300] {logging_mixin.py:150} INFO - [2023-08-14T14:19:11.119+0300] {dag.py:3504} INFO - Setting next_dagrun for example_external_task_marker_parent to None, run_after=None
[2023-08-14T14:19:11.291+0300] {processor.py:179} INFO - Processing /home/soamariaka/.local/lib/python3.9/site-packages/airflow/example_dags/example_external_task_marker_dag.py took 0.296 seconds
[2023-08-14T14:20:12.965+0300] {processor.py:157} INFO - Started process (PID=16017) to work on /home/soamariaka/.local/lib/python3.9/site-packages/airflow/example_dags/example_external_task_marker_dag.py
[2023-08-14T14:20:13.004+0300] {processor.py:826} INFO - Processing file /home/soamariaka/.local/lib/python3.9/site-packages/airflow/example_dags/example_external_task_marker_dag.py for tasks to queue
[2023-08-14T14:20:13.006+0300] {logging_mixin.py:150} INFO - [2023-08-14T14:20:13.005+0300] {dagbag.py:541} INFO - Filling up the DagBag from /home/soamariaka/.local/lib/python3.9/site-packages/airflow/example_dags/example_external_task_marker_dag.py
[2023-08-14T14:20:13.018+0300] {processor.py:836} INFO - DAG(s) dict_keys(['example_external_task_marker_child', 'example_external_task_marker_parent']) retrieved from /home/soamariaka/.local/lib/python3.9/site-packages/airflow/example_dags/example_external_task_marker_dag.py
[2023-08-14T14:20:13.059+0300] {logging_mixin.py:150} INFO - [2023-08-14T14:20:13.058+0300] {dag.py:2742} INFO - Sync 2 DAGs
[2023-08-14T14:20:13.107+0300] {logging_mixin.py:150} INFO - [2023-08-14T14:20:13.107+0300] {dag.py:3504} INFO - Setting next_dagrun for example_external_task_marker_child to None, run_after=None
[2023-08-14T14:20:13.121+0300] {logging_mixin.py:150} INFO - [2023-08-14T14:20:13.121+0300] {dag.py:3504} INFO - Setting next_dagrun for example_external_task_marker_parent to None, run_after=None
[2023-08-14T14:20:13.326+0300] {processor.py:179} INFO - Processing /home/soamariaka/.local/lib/python3.9/site-packages/airflow/example_dags/example_external_task_marker_dag.py took 0.366 seconds
[2023-08-14T14:21:53.716+0300] {processor.py:157} INFO - Started process (PID=16115) to work on /home/soamariaka/.local/lib/python3.9/site-packages/airflow/example_dags/example_external_task_marker_dag.py
[2023-08-14T14:21:53.719+0300] {processor.py:826} INFO - Processing file /home/soamariaka/.local/lib/python3.9/site-packages/airflow/example_dags/example_external_task_marker_dag.py for tasks to queue
[2023-08-14T14:21:53.720+0300] {logging_mixin.py:150} INFO - [2023-08-14T14:21:53.720+0300] {dagbag.py:541} INFO - Filling up the DagBag from /home/soamariaka/.local/lib/python3.9/site-packages/airflow/example_dags/example_external_task_marker_dag.py
[2023-08-14T14:21:53.732+0300] {processor.py:836} INFO - DAG(s) dict_keys(['example_external_task_marker_parent', 'example_external_task_marker_child']) retrieved from /home/soamariaka/.local/lib/python3.9/site-packages/airflow/example_dags/example_external_task_marker_dag.py
[2023-08-14T14:21:53.768+0300] {logging_mixin.py:150} INFO - [2023-08-14T14:21:53.768+0300] {dag.py:2742} INFO - Sync 2 DAGs
[2023-08-14T14:21:53.799+0300] {logging_mixin.py:150} INFO - [2023-08-14T14:21:53.799+0300] {dag.py:3504} INFO - Setting next_dagrun for example_external_task_marker_child to None, run_after=None
[2023-08-14T14:21:53.805+0300] {logging_mixin.py:150} INFO - [2023-08-14T14:21:53.805+0300] {dag.py:3504} INFO - Setting next_dagrun for example_external_task_marker_parent to None, run_after=None
[2023-08-14T14:21:53.943+0300] {processor.py:179} INFO - Processing /home/soamariaka/.local/lib/python3.9/site-packages/airflow/example_dags/example_external_task_marker_dag.py took 0.233 seconds
[2023-08-14T14:22:52.214+0300] {processor.py:157} INFO - Started process (PID=16172) to work on /home/soamariaka/.local/lib/python3.9/site-packages/airflow/example_dags/example_external_task_marker_dag.py
[2023-08-14T14:22:52.216+0300] {processor.py:826} INFO - Processing file /home/soamariaka/.local/lib/python3.9/site-packages/airflow/example_dags/example_external_task_marker_dag.py for tasks to queue
[2023-08-14T14:22:52.218+0300] {logging_mixin.py:150} INFO - [2023-08-14T14:22:52.217+0300] {dagbag.py:541} INFO - Filling up the DagBag from /home/soamariaka/.local/lib/python3.9/site-packages/airflow/example_dags/example_external_task_marker_dag.py
[2023-08-14T14:22:52.229+0300] {processor.py:836} INFO - DAG(s) dict_keys(['example_external_task_marker_child', 'example_external_task_marker_parent']) retrieved from /home/soamariaka/.local/lib/python3.9/site-packages/airflow/example_dags/example_external_task_marker_dag.py
[2023-08-14T14:22:52.261+0300] {logging_mixin.py:150} INFO - [2023-08-14T14:22:52.261+0300] {dag.py:2742} INFO - Sync 2 DAGs
[2023-08-14T14:22:52.292+0300] {logging_mixin.py:150} INFO - [2023-08-14T14:22:52.292+0300] {dag.py:3504} INFO - Setting next_dagrun for example_external_task_marker_child to None, run_after=None
[2023-08-14T14:22:52.297+0300] {logging_mixin.py:150} INFO - [2023-08-14T14:22:52.297+0300] {dag.py:3504} INFO - Setting next_dagrun for example_external_task_marker_parent to None, run_after=None
[2023-08-14T14:22:52.435+0300] {processor.py:179} INFO - Processing /home/soamariaka/.local/lib/python3.9/site-packages/airflow/example_dags/example_external_task_marker_dag.py took 0.227 seconds
[2023-08-14T14:23:56.013+0300] {processor.py:157} INFO - Started process (PID=16239) to work on /home/soamariaka/.local/lib/python3.9/site-packages/airflow/example_dags/example_external_task_marker_dag.py
[2023-08-14T14:23:56.037+0300] {processor.py:826} INFO - Processing file /home/soamariaka/.local/lib/python3.9/site-packages/airflow/example_dags/example_external_task_marker_dag.py for tasks to queue
[2023-08-14T14:23:56.039+0300] {logging_mixin.py:150} INFO - [2023-08-14T14:23:56.038+0300] {dagbag.py:541} INFO - Filling up the DagBag from /home/soamariaka/.local/lib/python3.9/site-packages/airflow/example_dags/example_external_task_marker_dag.py
[2023-08-14T14:23:56.050+0300] {processor.py:836} INFO - DAG(s) dict_keys(['example_external_task_marker_parent', 'example_external_task_marker_child']) retrieved from /home/soamariaka/.local/lib/python3.9/site-packages/airflow/example_dags/example_external_task_marker_dag.py
[2023-08-14T14:23:56.086+0300] {logging_mixin.py:150} INFO - [2023-08-14T14:23:56.086+0300] {dag.py:2742} INFO - Sync 2 DAGs
[2023-08-14T14:23:56.119+0300] {logging_mixin.py:150} INFO - [2023-08-14T14:23:56.118+0300] {dag.py:3504} INFO - Setting next_dagrun for example_external_task_marker_child to None, run_after=None
[2023-08-14T14:23:56.123+0300] {logging_mixin.py:150} INFO - [2023-08-14T14:23:56.123+0300] {dag.py:3504} INFO - Setting next_dagrun for example_external_task_marker_parent to None, run_after=None
[2023-08-14T14:23:56.231+0300] {processor.py:179} INFO - Processing /home/soamariaka/.local/lib/python3.9/site-packages/airflow/example_dags/example_external_task_marker_dag.py took 0.223 seconds
[2023-08-14T14:24:53.544+0300] {processor.py:157} INFO - Started process (PID=16534) to work on /home/soamariaka/.local/lib/python3.9/site-packages/airflow/example_dags/example_external_task_marker_dag.py
[2023-08-14T14:24:53.580+0300] {processor.py:826} INFO - Processing file /home/soamariaka/.local/lib/python3.9/site-packages/airflow/example_dags/example_external_task_marker_dag.py for tasks to queue
[2023-08-14T14:24:53.582+0300] {logging_mixin.py:150} INFO - [2023-08-14T14:24:53.581+0300] {dagbag.py:541} INFO - Filling up the DagBag from /home/soamariaka/.local/lib/python3.9/site-packages/airflow/example_dags/example_external_task_marker_dag.py
[2023-08-14T14:24:53.593+0300] {processor.py:836} INFO - DAG(s) dict_keys(['example_external_task_marker_child', 'example_external_task_marker_parent']) retrieved from /home/soamariaka/.local/lib/python3.9/site-packages/airflow/example_dags/example_external_task_marker_dag.py
[2023-08-14T14:24:53.630+0300] {logging_mixin.py:150} INFO - [2023-08-14T14:24:53.630+0300] {dag.py:2742} INFO - Sync 2 DAGs
[2023-08-14T14:24:53.662+0300] {logging_mixin.py:150} INFO - [2023-08-14T14:24:53.662+0300] {dag.py:3504} INFO - Setting next_dagrun for example_external_task_marker_child to None, run_after=None
[2023-08-14T14:24:53.668+0300] {logging_mixin.py:150} INFO - [2023-08-14T14:24:53.668+0300] {dag.py:3504} INFO - Setting next_dagrun for example_external_task_marker_parent to None, run_after=None
[2023-08-14T14:24:53.797+0300] {processor.py:179} INFO - Processing /home/soamariaka/.local/lib/python3.9/site-packages/airflow/example_dags/example_external_task_marker_dag.py took 0.258 seconds
[2023-08-14T14:25:55.233+0300] {processor.py:157} INFO - Started process (PID=16696) to work on /home/soamariaka/.local/lib/python3.9/site-packages/airflow/example_dags/example_external_task_marker_dag.py
[2023-08-14T14:25:55.235+0300] {processor.py:826} INFO - Processing file /home/soamariaka/.local/lib/python3.9/site-packages/airflow/example_dags/example_external_task_marker_dag.py for tasks to queue
[2023-08-14T14:25:55.237+0300] {logging_mixin.py:150} INFO - [2023-08-14T14:25:55.236+0300] {dagbag.py:541} INFO - Filling up the DagBag from /home/soamariaka/.local/lib/python3.9/site-packages/airflow/example_dags/example_external_task_marker_dag.py
[2023-08-14T14:25:55.247+0300] {processor.py:836} INFO - DAG(s) dict_keys(['example_external_task_marker_parent', 'example_external_task_marker_child']) retrieved from /home/soamariaka/.local/lib/python3.9/site-packages/airflow/example_dags/example_external_task_marker_dag.py
[2023-08-14T14:25:55.280+0300] {logging_mixin.py:150} INFO - [2023-08-14T14:25:55.280+0300] {dag.py:2742} INFO - Sync 2 DAGs
[2023-08-14T14:25:55.312+0300] {logging_mixin.py:150} INFO - [2023-08-14T14:25:55.312+0300] {dag.py:3504} INFO - Setting next_dagrun for example_external_task_marker_child to None, run_after=None
[2023-08-14T14:25:55.317+0300] {logging_mixin.py:150} INFO - [2023-08-14T14:25:55.316+0300] {dag.py:3504} INFO - Setting next_dagrun for example_external_task_marker_parent to None, run_after=None
[2023-08-14T14:25:55.459+0300] {processor.py:179} INFO - Processing /home/soamariaka/.local/lib/python3.9/site-packages/airflow/example_dags/example_external_task_marker_dag.py took 0.232 seconds
[2023-08-14T14:26:53.421+0300] {processor.py:157} INFO - Started process (PID=16750) to work on /home/soamariaka/.local/lib/python3.9/site-packages/airflow/example_dags/example_external_task_marker_dag.py
[2023-08-14T14:26:53.424+0300] {processor.py:826} INFO - Processing file /home/soamariaka/.local/lib/python3.9/site-packages/airflow/example_dags/example_external_task_marker_dag.py for tasks to queue
[2023-08-14T14:26:53.425+0300] {logging_mixin.py:150} INFO - [2023-08-14T14:26:53.425+0300] {dagbag.py:541} INFO - Filling up the DagBag from /home/soamariaka/.local/lib/python3.9/site-packages/airflow/example_dags/example_external_task_marker_dag.py
[2023-08-14T14:26:53.436+0300] {processor.py:836} INFO - DAG(s) dict_keys(['example_external_task_marker_child', 'example_external_task_marker_parent']) retrieved from /home/soamariaka/.local/lib/python3.9/site-packages/airflow/example_dags/example_external_task_marker_dag.py
[2023-08-14T14:26:53.469+0300] {logging_mixin.py:150} INFO - [2023-08-14T14:26:53.468+0300] {dag.py:2742} INFO - Sync 2 DAGs
[2023-08-14T14:26:53.500+0300] {logging_mixin.py:150} INFO - [2023-08-14T14:26:53.500+0300] {dag.py:3504} INFO - Setting next_dagrun for example_external_task_marker_child to None, run_after=None
[2023-08-14T14:26:53.505+0300] {logging_mixin.py:150} INFO - [2023-08-14T14:26:53.505+0300] {dag.py:3504} INFO - Setting next_dagrun for example_external_task_marker_parent to None, run_after=None
[2023-08-14T14:26:53.640+0300] {processor.py:179} INFO - Processing /home/soamariaka/.local/lib/python3.9/site-packages/airflow/example_dags/example_external_task_marker_dag.py took 0.224 seconds
[2023-08-14T14:27:54.738+0300] {processor.py:157} INFO - Started process (PID=16877) to work on /home/soamariaka/.local/lib/python3.9/site-packages/airflow/example_dags/example_external_task_marker_dag.py
[2023-08-14T14:27:54.741+0300] {processor.py:826} INFO - Processing file /home/soamariaka/.local/lib/python3.9/site-packages/airflow/example_dags/example_external_task_marker_dag.py for tasks to queue
[2023-08-14T14:27:54.742+0300] {logging_mixin.py:150} INFO - [2023-08-14T14:27:54.742+0300] {dagbag.py:541} INFO - Filling up the DagBag from /home/soamariaka/.local/lib/python3.9/site-packages/airflow/example_dags/example_external_task_marker_dag.py
[2023-08-14T14:27:54.753+0300] {processor.py:836} INFO - DAG(s) dict_keys(['example_external_task_marker_parent', 'example_external_task_marker_child']) retrieved from /home/soamariaka/.local/lib/python3.9/site-packages/airflow/example_dags/example_external_task_marker_dag.py
[2023-08-14T14:27:54.785+0300] {logging_mixin.py:150} INFO - [2023-08-14T14:27:54.785+0300] {dag.py:2742} INFO - Sync 2 DAGs
[2023-08-14T14:27:54.816+0300] {logging_mixin.py:150} INFO - [2023-08-14T14:27:54.816+0300] {dag.py:3504} INFO - Setting next_dagrun for example_external_task_marker_child to None, run_after=None
[2023-08-14T14:27:54.821+0300] {logging_mixin.py:150} INFO - [2023-08-14T14:27:54.821+0300] {dag.py:3504} INFO - Setting next_dagrun for example_external_task_marker_parent to None, run_after=None
[2023-08-14T14:27:54.970+0300] {processor.py:179} INFO - Processing /home/soamariaka/.local/lib/python3.9/site-packages/airflow/example_dags/example_external_task_marker_dag.py took 0.237 seconds
[2023-08-14T14:28:59.168+0300] {processor.py:157} INFO - Started process (PID=17031) to work on /home/soamariaka/.local/lib/python3.9/site-packages/airflow/example_dags/example_external_task_marker_dag.py
[2023-08-14T14:28:59.170+0300] {processor.py:826} INFO - Processing file /home/soamariaka/.local/lib/python3.9/site-packages/airflow/example_dags/example_external_task_marker_dag.py for tasks to queue
[2023-08-14T14:28:59.172+0300] {logging_mixin.py:150} INFO - [2023-08-14T14:28:59.171+0300] {dagbag.py:541} INFO - Filling up the DagBag from /home/soamariaka/.local/lib/python3.9/site-packages/airflow/example_dags/example_external_task_marker_dag.py
[2023-08-14T14:28:59.182+0300] {processor.py:836} INFO - DAG(s) dict_keys(['example_external_task_marker_child', 'example_external_task_marker_parent']) retrieved from /home/soamariaka/.local/lib/python3.9/site-packages/airflow/example_dags/example_external_task_marker_dag.py
[2023-08-14T14:28:59.216+0300] {logging_mixin.py:150} INFO - [2023-08-14T14:28:59.215+0300] {dag.py:2742} INFO - Sync 2 DAGs
[2023-08-14T14:28:59.246+0300] {logging_mixin.py:150} INFO - [2023-08-14T14:28:59.246+0300] {dag.py:3504} INFO - Setting next_dagrun for example_external_task_marker_child to None, run_after=None
[2023-08-14T14:28:59.251+0300] {logging_mixin.py:150} INFO - [2023-08-14T14:28:59.251+0300] {dag.py:3504} INFO - Setting next_dagrun for example_external_task_marker_parent to None, run_after=None
[2023-08-14T14:28:59.393+0300] {processor.py:179} INFO - Processing /home/soamariaka/.local/lib/python3.9/site-packages/airflow/example_dags/example_external_task_marker_dag.py took 0.231 seconds
[2023-08-14T14:29:55.720+0300] {processor.py:157} INFO - Started process (PID=17166) to work on /home/soamariaka/.local/lib/python3.9/site-packages/airflow/example_dags/example_external_task_marker_dag.py
[2023-08-14T14:29:55.722+0300] {processor.py:826} INFO - Processing file /home/soamariaka/.local/lib/python3.9/site-packages/airflow/example_dags/example_external_task_marker_dag.py for tasks to queue
[2023-08-14T14:29:55.723+0300] {logging_mixin.py:150} INFO - [2023-08-14T14:29:55.723+0300] {dagbag.py:541} INFO - Filling up the DagBag from /home/soamariaka/.local/lib/python3.9/site-packages/airflow/example_dags/example_external_task_marker_dag.py
[2023-08-14T14:29:55.734+0300] {processor.py:836} INFO - DAG(s) dict_keys(['example_external_task_marker_parent', 'example_external_task_marker_child']) retrieved from /home/soamariaka/.local/lib/python3.9/site-packages/airflow/example_dags/example_external_task_marker_dag.py
[2023-08-14T14:29:55.770+0300] {logging_mixin.py:150} INFO - [2023-08-14T14:29:55.769+0300] {dag.py:2742} INFO - Sync 2 DAGs
[2023-08-14T14:29:55.805+0300] {logging_mixin.py:150} INFO - [2023-08-14T14:29:55.805+0300] {dag.py:3504} INFO - Setting next_dagrun for example_external_task_marker_child to None, run_after=None
[2023-08-14T14:29:55.810+0300] {logging_mixin.py:150} INFO - [2023-08-14T14:29:55.809+0300] {dag.py:3504} INFO - Setting next_dagrun for example_external_task_marker_parent to None, run_after=None
[2023-08-14T14:29:55.935+0300] {processor.py:179} INFO - Processing /home/soamariaka/.local/lib/python3.9/site-packages/airflow/example_dags/example_external_task_marker_dag.py took 0.220 seconds
[2023-08-14T14:30:50.072+0300] {processor.py:157} INFO - Started process (PID=17253) to work on /home/soamariaka/.local/lib/python3.9/site-packages/airflow/example_dags/example_external_task_marker_dag.py
[2023-08-14T14:30:50.109+0300] {processor.py:826} INFO - Processing file /home/soamariaka/.local/lib/python3.9/site-packages/airflow/example_dags/example_external_task_marker_dag.py for tasks to queue
[2023-08-14T14:30:50.110+0300] {logging_mixin.py:150} INFO - [2023-08-14T14:30:50.110+0300] {dagbag.py:541} INFO - Filling up the DagBag from /home/soamariaka/.local/lib/python3.9/site-packages/airflow/example_dags/example_external_task_marker_dag.py
[2023-08-14T14:30:50.121+0300] {processor.py:836} INFO - DAG(s) dict_keys(['example_external_task_marker_child', 'example_external_task_marker_parent']) retrieved from /home/soamariaka/.local/lib/python3.9/site-packages/airflow/example_dags/example_external_task_marker_dag.py
[2023-08-14T14:30:50.152+0300] {logging_mixin.py:150} INFO - [2023-08-14T14:30:50.152+0300] {dag.py:2742} INFO - Sync 2 DAGs
[2023-08-14T14:30:50.184+0300] {logging_mixin.py:150} INFO - [2023-08-14T14:30:50.184+0300] {dag.py:3504} INFO - Setting next_dagrun for example_external_task_marker_child to None, run_after=None
[2023-08-14T14:30:50.188+0300] {logging_mixin.py:150} INFO - [2023-08-14T14:30:50.188+0300] {dag.py:3504} INFO - Setting next_dagrun for example_external_task_marker_parent to None, run_after=None
[2023-08-14T14:30:50.319+0300] {processor.py:179} INFO - Processing /home/soamariaka/.local/lib/python3.9/site-packages/airflow/example_dags/example_external_task_marker_dag.py took 0.253 seconds
[2023-08-14T14:31:49.812+0300] {processor.py:157} INFO - Started process (PID=17339) to work on /home/soamariaka/.local/lib/python3.9/site-packages/airflow/example_dags/example_external_task_marker_dag.py
[2023-08-14T14:31:49.815+0300] {processor.py:826} INFO - Processing file /home/soamariaka/.local/lib/python3.9/site-packages/airflow/example_dags/example_external_task_marker_dag.py for tasks to queue
[2023-08-14T14:31:49.816+0300] {logging_mixin.py:150} INFO - [2023-08-14T14:31:49.816+0300] {dagbag.py:541} INFO - Filling up the DagBag from /home/soamariaka/.local/lib/python3.9/site-packages/airflow/example_dags/example_external_task_marker_dag.py
[2023-08-14T14:31:49.827+0300] {processor.py:836} INFO - DAG(s) dict_keys(['example_external_task_marker_parent', 'example_external_task_marker_child']) retrieved from /home/soamariaka/.local/lib/python3.9/site-packages/airflow/example_dags/example_external_task_marker_dag.py
[2023-08-14T14:31:49.860+0300] {logging_mixin.py:150} INFO - [2023-08-14T14:31:49.860+0300] {dag.py:2742} INFO - Sync 2 DAGs
[2023-08-14T14:31:49.891+0300] {logging_mixin.py:150} INFO - [2023-08-14T14:31:49.891+0300] {dag.py:3504} INFO - Setting next_dagrun for example_external_task_marker_child to None, run_after=None
[2023-08-14T14:31:49.897+0300] {logging_mixin.py:150} INFO - [2023-08-14T14:31:49.897+0300] {dag.py:3504} INFO - Setting next_dagrun for example_external_task_marker_parent to None, run_after=None
[2023-08-14T14:31:50.027+0300] {processor.py:179} INFO - Processing /home/soamariaka/.local/lib/python3.9/site-packages/airflow/example_dags/example_external_task_marker_dag.py took 0.220 seconds
[2023-08-14T14:32:48.669+0300] {processor.py:157} INFO - Started process (PID=17459) to work on /home/soamariaka/.local/lib/python3.9/site-packages/airflow/example_dags/example_external_task_marker_dag.py
[2023-08-14T14:32:48.671+0300] {processor.py:826} INFO - Processing file /home/soamariaka/.local/lib/python3.9/site-packages/airflow/example_dags/example_external_task_marker_dag.py for tasks to queue
[2023-08-14T14:32:48.673+0300] {logging_mixin.py:150} INFO - [2023-08-14T14:32:48.672+0300] {dagbag.py:541} INFO - Filling up the DagBag from /home/soamariaka/.local/lib/python3.9/site-packages/airflow/example_dags/example_external_task_marker_dag.py
[2023-08-14T14:32:48.684+0300] {processor.py:836} INFO - DAG(s) dict_keys(['example_external_task_marker_child', 'example_external_task_marker_parent']) retrieved from /home/soamariaka/.local/lib/python3.9/site-packages/airflow/example_dags/example_external_task_marker_dag.py
[2023-08-14T14:32:48.717+0300] {logging_mixin.py:150} INFO - [2023-08-14T14:32:48.716+0300] {dag.py:2742} INFO - Sync 2 DAGs
[2023-08-14T14:32:48.748+0300] {logging_mixin.py:150} INFO - [2023-08-14T14:32:48.748+0300] {dag.py:3504} INFO - Setting next_dagrun for example_external_task_marker_child to None, run_after=None
[2023-08-14T14:32:48.753+0300] {logging_mixin.py:150} INFO - [2023-08-14T14:32:48.752+0300] {dag.py:3504} INFO - Setting next_dagrun for example_external_task_marker_parent to None, run_after=None
[2023-08-14T14:32:48.916+0300] {processor.py:179} INFO - Processing /home/soamariaka/.local/lib/python3.9/site-packages/airflow/example_dags/example_external_task_marker_dag.py took 0.253 seconds
[2023-08-14T14:33:48.785+0300] {processor.py:157} INFO - Started process (PID=17578) to work on /home/soamariaka/.local/lib/python3.9/site-packages/airflow/example_dags/example_external_task_marker_dag.py
[2023-08-14T14:33:48.788+0300] {processor.py:826} INFO - Processing file /home/soamariaka/.local/lib/python3.9/site-packages/airflow/example_dags/example_external_task_marker_dag.py for tasks to queue
[2023-08-14T14:33:48.790+0300] {logging_mixin.py:150} INFO - [2023-08-14T14:33:48.789+0300] {dagbag.py:541} INFO - Filling up the DagBag from /home/soamariaka/.local/lib/python3.9/site-packages/airflow/example_dags/example_external_task_marker_dag.py
[2023-08-14T14:33:48.801+0300] {processor.py:836} INFO - DAG(s) dict_keys(['example_external_task_marker_child', 'example_external_task_marker_parent']) retrieved from /home/soamariaka/.local/lib/python3.9/site-packages/airflow/example_dags/example_external_task_marker_dag.py
[2023-08-14T14:33:48.834+0300] {logging_mixin.py:150} INFO - [2023-08-14T14:33:48.833+0300] {dag.py:2742} INFO - Sync 2 DAGs
[2023-08-14T14:33:48.864+0300] {logging_mixin.py:150} INFO - [2023-08-14T14:33:48.864+0300] {dag.py:3504} INFO - Setting next_dagrun for example_external_task_marker_child to None, run_after=None
[2023-08-14T14:33:48.869+0300] {logging_mixin.py:150} INFO - [2023-08-14T14:33:48.869+0300] {dag.py:3504} INFO - Setting next_dagrun for example_external_task_marker_parent to None, run_after=None
[2023-08-14T14:33:49.037+0300] {processor.py:179} INFO - Processing /home/soamariaka/.local/lib/python3.9/site-packages/airflow/example_dags/example_external_task_marker_dag.py took 0.257 seconds
[2023-08-14T14:34:57.947+0300] {processor.py:157} INFO - Started process (PID=17780) to work on /home/soamariaka/.local/lib/python3.9/site-packages/airflow/example_dags/example_external_task_marker_dag.py
[2023-08-14T14:34:57.951+0300] {processor.py:826} INFO - Processing file /home/soamariaka/.local/lib/python3.9/site-packages/airflow/example_dags/example_external_task_marker_dag.py for tasks to queue
[2023-08-14T14:34:57.953+0300] {logging_mixin.py:150} INFO - [2023-08-14T14:34:57.952+0300] {dagbag.py:541} INFO - Filling up the DagBag from /home/soamariaka/.local/lib/python3.9/site-packages/airflow/example_dags/example_external_task_marker_dag.py
[2023-08-14T14:34:57.973+0300] {processor.py:836} INFO - DAG(s) dict_keys(['example_external_task_marker_parent', 'example_external_task_marker_child']) retrieved from /home/soamariaka/.local/lib/python3.9/site-packages/airflow/example_dags/example_external_task_marker_dag.py
[2023-08-14T14:34:58.035+0300] {logging_mixin.py:150} INFO - [2023-08-14T14:34:58.034+0300] {dag.py:2742} INFO - Sync 2 DAGs
[2023-08-14T14:34:58.095+0300] {logging_mixin.py:150} INFO - [2023-08-14T14:34:58.095+0300] {dag.py:3504} INFO - Setting next_dagrun for example_external_task_marker_child to None, run_after=None
[2023-08-14T14:34:58.106+0300] {logging_mixin.py:150} INFO - [2023-08-14T14:34:58.106+0300] {dag.py:3504} INFO - Setting next_dagrun for example_external_task_marker_parent to None, run_after=None
[2023-08-14T14:34:58.252+0300] {processor.py:179} INFO - Processing /home/soamariaka/.local/lib/python3.9/site-packages/airflow/example_dags/example_external_task_marker_dag.py took 0.314 seconds
[2023-08-14T14:36:46.934+0300] {processor.py:157} INFO - Started process (PID=17990) to work on /home/soamariaka/.local/lib/python3.9/site-packages/airflow/example_dags/example_external_task_marker_dag.py
[2023-08-14T14:36:46.937+0300] {processor.py:826} INFO - Processing file /home/soamariaka/.local/lib/python3.9/site-packages/airflow/example_dags/example_external_task_marker_dag.py for tasks to queue
[2023-08-14T14:36:46.939+0300] {logging_mixin.py:150} INFO - [2023-08-14T14:36:46.938+0300] {dagbag.py:541} INFO - Filling up the DagBag from /home/soamariaka/.local/lib/python3.9/site-packages/airflow/example_dags/example_external_task_marker_dag.py
[2023-08-14T14:36:46.950+0300] {processor.py:836} INFO - DAG(s) dict_keys(['example_external_task_marker_child', 'example_external_task_marker_parent']) retrieved from /home/soamariaka/.local/lib/python3.9/site-packages/airflow/example_dags/example_external_task_marker_dag.py
[2023-08-14T14:36:46.983+0300] {logging_mixin.py:150} INFO - [2023-08-14T14:36:46.983+0300] {dag.py:2742} INFO - Sync 2 DAGs
[2023-08-14T14:36:47.014+0300] {logging_mixin.py:150} INFO - [2023-08-14T14:36:47.014+0300] {dag.py:3504} INFO - Setting next_dagrun for example_external_task_marker_child to None, run_after=None
[2023-08-14T14:36:47.028+0300] {logging_mixin.py:150} INFO - [2023-08-14T14:36:47.028+0300] {dag.py:3504} INFO - Setting next_dagrun for example_external_task_marker_parent to None, run_after=None
[2023-08-14T14:36:47.335+0300] {processor.py:179} INFO - Processing /home/soamariaka/.local/lib/python3.9/site-packages/airflow/example_dags/example_external_task_marker_dag.py took 0.406 seconds
[2023-08-14T14:37:55.622+0300] {processor.py:157} INFO - Started process (PID=18180) to work on /home/soamariaka/.local/lib/python3.9/site-packages/airflow/example_dags/example_external_task_marker_dag.py
[2023-08-14T14:37:55.624+0300] {processor.py:826} INFO - Processing file /home/soamariaka/.local/lib/python3.9/site-packages/airflow/example_dags/example_external_task_marker_dag.py for tasks to queue
[2023-08-14T14:37:55.626+0300] {logging_mixin.py:150} INFO - [2023-08-14T14:37:55.625+0300] {dagbag.py:541} INFO - Filling up the DagBag from /home/soamariaka/.local/lib/python3.9/site-packages/airflow/example_dags/example_external_task_marker_dag.py
[2023-08-14T14:37:55.637+0300] {processor.py:836} INFO - DAG(s) dict_keys(['example_external_task_marker_child', 'example_external_task_marker_parent']) retrieved from /home/soamariaka/.local/lib/python3.9/site-packages/airflow/example_dags/example_external_task_marker_dag.py
[2023-08-14T14:37:55.667+0300] {logging_mixin.py:150} INFO - [2023-08-14T14:37:55.667+0300] {dag.py:2742} INFO - Sync 2 DAGs
[2023-08-14T14:37:55.698+0300] {logging_mixin.py:150} INFO - [2023-08-14T14:37:55.698+0300] {dag.py:3504} INFO - Setting next_dagrun for example_external_task_marker_child to None, run_after=None
[2023-08-14T14:37:55.702+0300] {logging_mixin.py:150} INFO - [2023-08-14T14:37:55.702+0300] {dag.py:3504} INFO - Setting next_dagrun for example_external_task_marker_parent to None, run_after=None
[2023-08-14T14:37:55.861+0300] {processor.py:179} INFO - Processing /home/soamariaka/.local/lib/python3.9/site-packages/airflow/example_dags/example_external_task_marker_dag.py took 0.245 seconds
[2023-08-14T14:39:00.956+0300] {processor.py:157} INFO - Started process (PID=18301) to work on /home/soamariaka/.local/lib/python3.9/site-packages/airflow/example_dags/example_external_task_marker_dag.py
[2023-08-14T14:39:00.988+0300] {processor.py:826} INFO - Processing file /home/soamariaka/.local/lib/python3.9/site-packages/airflow/example_dags/example_external_task_marker_dag.py for tasks to queue
[2023-08-14T14:39:00.991+0300] {logging_mixin.py:150} INFO - [2023-08-14T14:39:00.990+0300] {dagbag.py:541} INFO - Filling up the DagBag from /home/soamariaka/.local/lib/python3.9/site-packages/airflow/example_dags/example_external_task_marker_dag.py
[2023-08-14T14:39:01.004+0300] {processor.py:836} INFO - DAG(s) dict_keys(['example_external_task_marker_child', 'example_external_task_marker_parent']) retrieved from /home/soamariaka/.local/lib/python3.9/site-packages/airflow/example_dags/example_external_task_marker_dag.py
[2023-08-14T14:39:01.052+0300] {logging_mixin.py:150} INFO - [2023-08-14T14:39:01.052+0300] {dag.py:2742} INFO - Sync 2 DAGs
[2023-08-14T14:39:01.108+0300] {logging_mixin.py:150} INFO - [2023-08-14T14:39:01.108+0300] {dag.py:3504} INFO - Setting next_dagrun for example_external_task_marker_child to None, run_after=None
[2023-08-14T14:39:01.115+0300] {logging_mixin.py:150} INFO - [2023-08-14T14:39:01.115+0300] {dag.py:3504} INFO - Setting next_dagrun for example_external_task_marker_parent to None, run_after=None
[2023-08-14T14:39:01.279+0300] {processor.py:179} INFO - Processing /home/soamariaka/.local/lib/python3.9/site-packages/airflow/example_dags/example_external_task_marker_dag.py took 0.327 seconds
[2023-08-14T14:40:11.461+0300] {processor.py:157} INFO - Started process (PID=18519) to work on /home/soamariaka/.local/lib/python3.9/site-packages/airflow/example_dags/example_external_task_marker_dag.py
[2023-08-14T14:40:11.504+0300] {processor.py:826} INFO - Processing file /home/soamariaka/.local/lib/python3.9/site-packages/airflow/example_dags/example_external_task_marker_dag.py for tasks to queue
[2023-08-14T14:40:11.505+0300] {logging_mixin.py:150} INFO - [2023-08-14T14:40:11.505+0300] {dagbag.py:541} INFO - Filling up the DagBag from /home/soamariaka/.local/lib/python3.9/site-packages/airflow/example_dags/example_external_task_marker_dag.py
[2023-08-14T14:40:11.517+0300] {processor.py:836} INFO - DAG(s) dict_keys(['example_external_task_marker_child', 'example_external_task_marker_parent']) retrieved from /home/soamariaka/.local/lib/python3.9/site-packages/airflow/example_dags/example_external_task_marker_dag.py
[2023-08-14T14:40:11.557+0300] {logging_mixin.py:150} INFO - [2023-08-14T14:40:11.557+0300] {dag.py:2742} INFO - Sync 2 DAGs
[2023-08-14T14:40:11.595+0300] {logging_mixin.py:150} INFO - [2023-08-14T14:40:11.595+0300] {dag.py:3504} INFO - Setting next_dagrun for example_external_task_marker_child to None, run_after=None
[2023-08-14T14:40:11.601+0300] {logging_mixin.py:150} INFO - [2023-08-14T14:40:11.600+0300] {dag.py:3504} INFO - Setting next_dagrun for example_external_task_marker_parent to None, run_after=None
[2023-08-14T14:40:12.885+0300] {processor.py:179} INFO - Processing /home/soamariaka/.local/lib/python3.9/site-packages/airflow/example_dags/example_external_task_marker_dag.py took 1.430 seconds
