[2023-08-14T13:33:13.038+0300] {processor.py:157} INFO - Started process (PID=10773) to work on /home/soamariaka/.local/lib/python3.9/site-packages/airflow/example_dags/example_task_group.py
[2023-08-14T13:33:13.039+0300] {processor.py:826} INFO - Processing file /home/soamariaka/.local/lib/python3.9/site-packages/airflow/example_dags/example_task_group.py for tasks to queue
[2023-08-14T13:33:13.040+0300] {logging_mixin.py:150} INFO - [2023-08-14T13:33:13.040+0300] {dagbag.py:541} INFO - Filling up the DagBag from /home/soamariaka/.local/lib/python3.9/site-packages/airflow/example_dags/example_task_group.py
[2023-08-14T13:33:13.054+0300] {processor.py:836} INFO - DAG(s) dict_keys(['example_task_group']) retrieved from /home/soamariaka/.local/lib/python3.9/site-packages/airflow/example_dags/example_task_group.py
[2023-08-14T13:33:13.100+0300] {logging_mixin.py:150} INFO - [2023-08-14T13:33:13.100+0300] {dag.py:2742} INFO - Sync 1 DAGs
[2023-08-14T13:33:13.133+0300] {logging_mixin.py:150} INFO - [2023-08-14T13:33:13.132+0300] {dag.py:3504} INFO - Setting next_dagrun for example_task_group to 2023-08-13T10:33:13.132533+00:00, run_after=2023-08-14T10:33:13.132533+00:00
[2023-08-14T13:33:13.284+0300] {processor.py:179} INFO - Processing /home/soamariaka/.local/lib/python3.9/site-packages/airflow/example_dags/example_task_group.py took 0.252 seconds
[2023-08-14T13:34:27.463+0300] {processor.py:157} INFO - Started process (PID=10922) to work on /home/soamariaka/.local/lib/python3.9/site-packages/airflow/example_dags/example_task_group.py
[2023-08-14T13:34:27.502+0300] {processor.py:826} INFO - Processing file /home/soamariaka/.local/lib/python3.9/site-packages/airflow/example_dags/example_task_group.py for tasks to queue
[2023-08-14T13:34:27.535+0300] {logging_mixin.py:150} INFO - [2023-08-14T13:34:27.534+0300] {dagbag.py:541} INFO - Filling up the DagBag from /home/soamariaka/.local/lib/python3.9/site-packages/airflow/example_dags/example_task_group.py
[2023-08-14T13:34:27.551+0300] {processor.py:836} INFO - DAG(s) dict_keys(['example_task_group']) retrieved from /home/soamariaka/.local/lib/python3.9/site-packages/airflow/example_dags/example_task_group.py
[2023-08-14T13:34:27.700+0300] {logging_mixin.py:150} INFO - [2023-08-14T13:34:27.699+0300] {dag.py:2742} INFO - Sync 1 DAGs
[2023-08-14T13:34:27.752+0300] {logging_mixin.py:150} INFO - [2023-08-14T13:34:27.751+0300] {dag.py:3504} INFO - Setting next_dagrun for example_task_group to 2023-08-13T10:34:27.750848+00:00, run_after=2023-08-14T10:34:27.750848+00:00
[2023-08-14T13:34:28.264+0300] {processor.py:179} INFO - Processing /home/soamariaka/.local/lib/python3.9/site-packages/airflow/example_dags/example_task_group.py took 0.809 seconds
[2023-08-14T13:35:48.072+0300] {processor.py:157} INFO - Started process (PID=11057) to work on /home/soamariaka/.local/lib/python3.9/site-packages/airflow/example_dags/example_task_group.py
[2023-08-14T13:35:48.075+0300] {processor.py:826} INFO - Processing file /home/soamariaka/.local/lib/python3.9/site-packages/airflow/example_dags/example_task_group.py for tasks to queue
[2023-08-14T13:35:48.077+0300] {logging_mixin.py:150} INFO - [2023-08-14T13:35:48.076+0300] {dagbag.py:541} INFO - Filling up the DagBag from /home/soamariaka/.local/lib/python3.9/site-packages/airflow/example_dags/example_task_group.py
[2023-08-14T13:35:48.091+0300] {processor.py:836} INFO - DAG(s) dict_keys(['example_task_group']) retrieved from /home/soamariaka/.local/lib/python3.9/site-packages/airflow/example_dags/example_task_group.py
[2023-08-14T13:35:48.128+0300] {logging_mixin.py:150} INFO - [2023-08-14T13:35:48.127+0300] {dag.py:2742} INFO - Sync 1 DAGs
[2023-08-14T13:35:48.163+0300] {logging_mixin.py:150} INFO - [2023-08-14T13:35:48.162+0300] {dag.py:3504} INFO - Setting next_dagrun for example_task_group to 2023-08-13T10:35:48.162416+00:00, run_after=2023-08-14T10:35:48.162416+00:00
[2023-08-14T13:35:48.325+0300] {processor.py:179} INFO - Processing /home/soamariaka/.local/lib/python3.9/site-packages/airflow/example_dags/example_task_group.py took 0.258 seconds
[2023-08-14T13:36:47.731+0300] {processor.py:157} INFO - Started process (PID=11125) to work on /home/soamariaka/.local/lib/python3.9/site-packages/airflow/example_dags/example_task_group.py
[2023-08-14T13:36:47.734+0300] {processor.py:826} INFO - Processing file /home/soamariaka/.local/lib/python3.9/site-packages/airflow/example_dags/example_task_group.py for tasks to queue
[2023-08-14T13:36:47.735+0300] {logging_mixin.py:150} INFO - [2023-08-14T13:36:47.735+0300] {dagbag.py:541} INFO - Filling up the DagBag from /home/soamariaka/.local/lib/python3.9/site-packages/airflow/example_dags/example_task_group.py
[2023-08-14T13:36:47.750+0300] {processor.py:836} INFO - DAG(s) dict_keys(['example_task_group']) retrieved from /home/soamariaka/.local/lib/python3.9/site-packages/airflow/example_dags/example_task_group.py
[2023-08-14T13:36:47.778+0300] {logging_mixin.py:150} INFO - [2023-08-14T13:36:47.777+0300] {dag.py:2742} INFO - Sync 1 DAGs
[2023-08-14T13:36:47.809+0300] {logging_mixin.py:150} INFO - [2023-08-14T13:36:47.809+0300] {dag.py:3504} INFO - Setting next_dagrun for example_task_group to 2023-08-13T10:36:47.808956+00:00, run_after=2023-08-14T10:36:47.808956+00:00
[2023-08-14T13:36:47.966+0300] {processor.py:179} INFO - Processing /home/soamariaka/.local/lib/python3.9/site-packages/airflow/example_dags/example_task_group.py took 0.240 seconds
[2023-08-14T13:37:47.944+0300] {processor.py:157} INFO - Started process (PID=11242) to work on /home/soamariaka/.local/lib/python3.9/site-packages/airflow/example_dags/example_task_group.py
[2023-08-14T13:37:47.946+0300] {processor.py:826} INFO - Processing file /home/soamariaka/.local/lib/python3.9/site-packages/airflow/example_dags/example_task_group.py for tasks to queue
[2023-08-14T13:37:47.948+0300] {logging_mixin.py:150} INFO - [2023-08-14T13:37:47.947+0300] {dagbag.py:541} INFO - Filling up the DagBag from /home/soamariaka/.local/lib/python3.9/site-packages/airflow/example_dags/example_task_group.py
[2023-08-14T13:37:47.960+0300] {processor.py:836} INFO - DAG(s) dict_keys(['example_task_group']) retrieved from /home/soamariaka/.local/lib/python3.9/site-packages/airflow/example_dags/example_task_group.py
[2023-08-14T13:37:47.987+0300] {logging_mixin.py:150} INFO - [2023-08-14T13:37:47.986+0300] {dag.py:2742} INFO - Sync 1 DAGs
[2023-08-14T13:37:48.018+0300] {logging_mixin.py:150} INFO - [2023-08-14T13:37:48.017+0300] {dag.py:3504} INFO - Setting next_dagrun for example_task_group to 2023-08-13T10:37:48.017454+00:00, run_after=2023-08-14T10:37:48.017454+00:00
[2023-08-14T13:37:48.176+0300] {processor.py:179} INFO - Processing /home/soamariaka/.local/lib/python3.9/site-packages/airflow/example_dags/example_task_group.py took 0.236 seconds
[2023-08-14T13:38:48.126+0300] {processor.py:157} INFO - Started process (PID=11367) to work on /home/soamariaka/.local/lib/python3.9/site-packages/airflow/example_dags/example_task_group.py
[2023-08-14T13:38:48.129+0300] {processor.py:826} INFO - Processing file /home/soamariaka/.local/lib/python3.9/site-packages/airflow/example_dags/example_task_group.py for tasks to queue
[2023-08-14T13:38:48.130+0300] {logging_mixin.py:150} INFO - [2023-08-14T13:38:48.130+0300] {dagbag.py:541} INFO - Filling up the DagBag from /home/soamariaka/.local/lib/python3.9/site-packages/airflow/example_dags/example_task_group.py
[2023-08-14T13:38:48.145+0300] {processor.py:836} INFO - DAG(s) dict_keys(['example_task_group']) retrieved from /home/soamariaka/.local/lib/python3.9/site-packages/airflow/example_dags/example_task_group.py
[2023-08-14T13:38:48.171+0300] {logging_mixin.py:150} INFO - [2023-08-14T13:38:48.171+0300] {dag.py:2742} INFO - Sync 1 DAGs
[2023-08-14T13:38:48.206+0300] {logging_mixin.py:150} INFO - [2023-08-14T13:38:48.206+0300] {dag.py:3504} INFO - Setting next_dagrun for example_task_group to 2023-08-13T10:38:48.205769+00:00, run_after=2023-08-14T10:38:48.205769+00:00
[2023-08-14T13:38:48.349+0300] {processor.py:179} INFO - Processing /home/soamariaka/.local/lib/python3.9/site-packages/airflow/example_dags/example_task_group.py took 0.229 seconds
[2023-08-14T13:39:52.566+0300] {processor.py:157} INFO - Started process (PID=11470) to work on /home/soamariaka/.local/lib/python3.9/site-packages/airflow/example_dags/example_task_group.py
[2023-08-14T13:39:52.568+0300] {processor.py:826} INFO - Processing file /home/soamariaka/.local/lib/python3.9/site-packages/airflow/example_dags/example_task_group.py for tasks to queue
[2023-08-14T13:39:52.570+0300] {logging_mixin.py:150} INFO - [2023-08-14T13:39:52.569+0300] {dagbag.py:541} INFO - Filling up the DagBag from /home/soamariaka/.local/lib/python3.9/site-packages/airflow/example_dags/example_task_group.py
[2023-08-14T13:39:52.584+0300] {processor.py:836} INFO - DAG(s) dict_keys(['example_task_group']) retrieved from /home/soamariaka/.local/lib/python3.9/site-packages/airflow/example_dags/example_task_group.py
[2023-08-14T13:39:52.613+0300] {logging_mixin.py:150} INFO - [2023-08-14T13:39:52.612+0300] {dag.py:2742} INFO - Sync 1 DAGs
[2023-08-14T13:39:52.644+0300] {logging_mixin.py:150} INFO - [2023-08-14T13:39:52.644+0300] {dag.py:3504} INFO - Setting next_dagrun for example_task_group to 2023-08-13T10:39:52.644245+00:00, run_after=2023-08-14T10:39:52.644245+00:00
[2023-08-14T13:39:52.803+0300] {processor.py:179} INFO - Processing /home/soamariaka/.local/lib/python3.9/site-packages/airflow/example_dags/example_task_group.py took 0.243 seconds
[2023-08-14T13:40:49.053+0300] {processor.py:157} INFO - Started process (PID=11521) to work on /home/soamariaka/.local/lib/python3.9/site-packages/airflow/example_dags/example_task_group.py
[2023-08-14T13:40:49.056+0300] {processor.py:826} INFO - Processing file /home/soamariaka/.local/lib/python3.9/site-packages/airflow/example_dags/example_task_group.py for tasks to queue
[2023-08-14T13:40:49.058+0300] {logging_mixin.py:150} INFO - [2023-08-14T13:40:49.057+0300] {dagbag.py:541} INFO - Filling up the DagBag from /home/soamariaka/.local/lib/python3.9/site-packages/airflow/example_dags/example_task_group.py
[2023-08-14T13:40:49.072+0300] {processor.py:836} INFO - DAG(s) dict_keys(['example_task_group']) retrieved from /home/soamariaka/.local/lib/python3.9/site-packages/airflow/example_dags/example_task_group.py
[2023-08-14T13:40:49.101+0300] {logging_mixin.py:150} INFO - [2023-08-14T13:40:49.101+0300] {dag.py:2742} INFO - Sync 1 DAGs
[2023-08-14T13:40:49.132+0300] {logging_mixin.py:150} INFO - [2023-08-14T13:40:49.132+0300] {dag.py:3504} INFO - Setting next_dagrun for example_task_group to 2023-08-13T10:40:49.131709+00:00, run_after=2023-08-14T10:40:49.131709+00:00
[2023-08-14T13:40:49.265+0300] {processor.py:179} INFO - Processing /home/soamariaka/.local/lib/python3.9/site-packages/airflow/example_dags/example_task_group.py took 0.217 seconds
[2023-08-14T13:41:44.872+0300] {processor.py:157} INFO - Started process (PID=11600) to work on /home/soamariaka/.local/lib/python3.9/site-packages/airflow/example_dags/example_task_group.py
[2023-08-14T13:41:44.874+0300] {processor.py:826} INFO - Processing file /home/soamariaka/.local/lib/python3.9/site-packages/airflow/example_dags/example_task_group.py for tasks to queue
[2023-08-14T13:41:44.876+0300] {logging_mixin.py:150} INFO - [2023-08-14T13:41:44.875+0300] {dagbag.py:541} INFO - Filling up the DagBag from /home/soamariaka/.local/lib/python3.9/site-packages/airflow/example_dags/example_task_group.py
[2023-08-14T13:41:44.889+0300] {processor.py:836} INFO - DAG(s) dict_keys(['example_task_group']) retrieved from /home/soamariaka/.local/lib/python3.9/site-packages/airflow/example_dags/example_task_group.py
[2023-08-14T13:41:44.918+0300] {logging_mixin.py:150} INFO - [2023-08-14T13:41:44.918+0300] {dag.py:2742} INFO - Sync 1 DAGs
[2023-08-14T13:41:44.949+0300] {logging_mixin.py:150} INFO - [2023-08-14T13:41:44.949+0300] {dag.py:3504} INFO - Setting next_dagrun for example_task_group to 2023-08-13T10:41:44.948808+00:00, run_after=2023-08-14T10:41:44.948808+00:00
[2023-08-14T13:41:45.097+0300] {processor.py:179} INFO - Processing /home/soamariaka/.local/lib/python3.9/site-packages/airflow/example_dags/example_task_group.py took 0.231 seconds
[2023-08-14T13:42:40.539+0300] {processor.py:157} INFO - Started process (PID=11650) to work on /home/soamariaka/.local/lib/python3.9/site-packages/airflow/example_dags/example_task_group.py
[2023-08-14T13:42:40.590+0300] {processor.py:826} INFO - Processing file /home/soamariaka/.local/lib/python3.9/site-packages/airflow/example_dags/example_task_group.py for tasks to queue
[2023-08-14T13:42:40.592+0300] {logging_mixin.py:150} INFO - [2023-08-14T13:42:40.592+0300] {dagbag.py:541} INFO - Filling up the DagBag from /home/soamariaka/.local/lib/python3.9/site-packages/airflow/example_dags/example_task_group.py
[2023-08-14T13:42:40.610+0300] {processor.py:836} INFO - DAG(s) dict_keys(['example_task_group']) retrieved from /home/soamariaka/.local/lib/python3.9/site-packages/airflow/example_dags/example_task_group.py
[2023-08-14T13:42:40.651+0300] {logging_mixin.py:150} INFO - [2023-08-14T13:42:40.651+0300] {dag.py:2742} INFO - Sync 1 DAGs
[2023-08-14T13:42:40.705+0300] {logging_mixin.py:150} INFO - [2023-08-14T13:42:40.704+0300] {dag.py:3504} INFO - Setting next_dagrun for example_task_group to 2023-08-13T10:42:40.704490+00:00, run_after=2023-08-14T10:42:40.704490+00:00
[2023-08-14T13:42:40.884+0300] {processor.py:179} INFO - Processing /home/soamariaka/.local/lib/python3.9/site-packages/airflow/example_dags/example_task_group.py took 0.353 seconds
[2023-08-14T13:43:42.421+0300] {processor.py:157} INFO - Started process (PID=11737) to work on /home/soamariaka/.local/lib/python3.9/site-packages/airflow/example_dags/example_task_group.py
[2023-08-14T13:43:42.424+0300] {processor.py:826} INFO - Processing file /home/soamariaka/.local/lib/python3.9/site-packages/airflow/example_dags/example_task_group.py for tasks to queue
[2023-08-14T13:43:42.426+0300] {logging_mixin.py:150} INFO - [2023-08-14T13:43:42.425+0300] {dagbag.py:541} INFO - Filling up the DagBag from /home/soamariaka/.local/lib/python3.9/site-packages/airflow/example_dags/example_task_group.py
[2023-08-14T13:43:42.463+0300] {processor.py:836} INFO - DAG(s) dict_keys(['example_task_group']) retrieved from /home/soamariaka/.local/lib/python3.9/site-packages/airflow/example_dags/example_task_group.py
[2023-08-14T13:43:42.502+0300] {logging_mixin.py:150} INFO - [2023-08-14T13:43:42.501+0300] {dag.py:2742} INFO - Sync 1 DAGs
[2023-08-14T13:43:42.547+0300] {logging_mixin.py:150} INFO - [2023-08-14T13:43:42.546+0300] {dag.py:3504} INFO - Setting next_dagrun for example_task_group to 2023-08-13T10:43:42.546184+00:00, run_after=2023-08-14T10:43:42.546184+00:00
[2023-08-14T13:43:42.826+0300] {processor.py:179} INFO - Processing /home/soamariaka/.local/lib/python3.9/site-packages/airflow/example_dags/example_task_group.py took 0.411 seconds
[2023-08-14T13:44:46.488+0300] {processor.py:157} INFO - Started process (PID=11789) to work on /home/soamariaka/.local/lib/python3.9/site-packages/airflow/example_dags/example_task_group.py
[2023-08-14T13:44:46.499+0300] {processor.py:826} INFO - Processing file /home/soamariaka/.local/lib/python3.9/site-packages/airflow/example_dags/example_task_group.py for tasks to queue
[2023-08-14T13:44:46.501+0300] {logging_mixin.py:150} INFO - [2023-08-14T13:44:46.500+0300] {dagbag.py:541} INFO - Filling up the DagBag from /home/soamariaka/.local/lib/python3.9/site-packages/airflow/example_dags/example_task_group.py
[2023-08-14T13:44:46.515+0300] {processor.py:836} INFO - DAG(s) dict_keys(['example_task_group']) retrieved from /home/soamariaka/.local/lib/python3.9/site-packages/airflow/example_dags/example_task_group.py
[2023-08-14T13:44:46.545+0300] {logging_mixin.py:150} INFO - [2023-08-14T13:44:46.545+0300] {dag.py:2742} INFO - Sync 1 DAGs
[2023-08-14T13:44:46.588+0300] {logging_mixin.py:150} INFO - [2023-08-14T13:44:46.588+0300] {dag.py:3504} INFO - Setting next_dagrun for example_task_group to 2023-08-13T10:44:46.587559+00:00, run_after=2023-08-14T10:44:46.587559+00:00
[2023-08-14T13:44:46.825+0300] {processor.py:179} INFO - Processing /home/soamariaka/.local/lib/python3.9/site-packages/airflow/example_dags/example_task_group.py took 0.342 seconds
[2023-08-14T13:45:43.599+0300] {processor.py:157} INFO - Started process (PID=11860) to work on /home/soamariaka/.local/lib/python3.9/site-packages/airflow/example_dags/example_task_group.py
[2023-08-14T13:45:43.625+0300] {processor.py:826} INFO - Processing file /home/soamariaka/.local/lib/python3.9/site-packages/airflow/example_dags/example_task_group.py for tasks to queue
[2023-08-14T13:45:43.627+0300] {logging_mixin.py:150} INFO - [2023-08-14T13:45:43.626+0300] {dagbag.py:541} INFO - Filling up the DagBag from /home/soamariaka/.local/lib/python3.9/site-packages/airflow/example_dags/example_task_group.py
[2023-08-14T13:45:43.641+0300] {processor.py:836} INFO - DAG(s) dict_keys(['example_task_group']) retrieved from /home/soamariaka/.local/lib/python3.9/site-packages/airflow/example_dags/example_task_group.py
[2023-08-14T13:45:43.685+0300] {logging_mixin.py:150} INFO - [2023-08-14T13:45:43.685+0300] {dag.py:2742} INFO - Sync 1 DAGs
[2023-08-14T13:45:43.718+0300] {logging_mixin.py:150} INFO - [2023-08-14T13:45:43.718+0300] {dag.py:3504} INFO - Setting next_dagrun for example_task_group to 2023-08-13T10:45:43.718180+00:00, run_after=2023-08-14T10:45:43.718180+00:00
[2023-08-14T13:45:43.923+0300] {processor.py:179} INFO - Processing /home/soamariaka/.local/lib/python3.9/site-packages/airflow/example_dags/example_task_group.py took 0.330 seconds
[2023-08-14T13:46:45.876+0300] {processor.py:157} INFO - Started process (PID=11948) to work on /home/soamariaka/.local/lib/python3.9/site-packages/airflow/example_dags/example_task_group.py
[2023-08-14T13:46:45.878+0300] {processor.py:826} INFO - Processing file /home/soamariaka/.local/lib/python3.9/site-packages/airflow/example_dags/example_task_group.py for tasks to queue
[2023-08-14T13:46:45.880+0300] {logging_mixin.py:150} INFO - [2023-08-14T13:46:45.879+0300] {dagbag.py:541} INFO - Filling up the DagBag from /home/soamariaka/.local/lib/python3.9/site-packages/airflow/example_dags/example_task_group.py
[2023-08-14T13:46:45.894+0300] {processor.py:836} INFO - DAG(s) dict_keys(['example_task_group']) retrieved from /home/soamariaka/.local/lib/python3.9/site-packages/airflow/example_dags/example_task_group.py
[2023-08-14T13:46:45.923+0300] {logging_mixin.py:150} INFO - [2023-08-14T13:46:45.923+0300] {dag.py:2742} INFO - Sync 1 DAGs
[2023-08-14T13:46:45.954+0300] {logging_mixin.py:150} INFO - [2023-08-14T13:46:45.954+0300] {dag.py:3504} INFO - Setting next_dagrun for example_task_group to 2023-08-13T10:46:45.954178+00:00, run_after=2023-08-14T10:46:45.954178+00:00
[2023-08-14T13:46:46.183+0300] {processor.py:179} INFO - Processing /home/soamariaka/.local/lib/python3.9/site-packages/airflow/example_dags/example_task_group.py took 0.312 seconds
[2023-08-14T13:47:46.376+0300] {processor.py:157} INFO - Started process (PID=12005) to work on /home/soamariaka/.local/lib/python3.9/site-packages/airflow/example_dags/example_task_group.py
[2023-08-14T13:47:46.445+0300] {processor.py:826} INFO - Processing file /home/soamariaka/.local/lib/python3.9/site-packages/airflow/example_dags/example_task_group.py for tasks to queue
[2023-08-14T13:47:46.446+0300] {logging_mixin.py:150} INFO - [2023-08-14T13:47:46.446+0300] {dagbag.py:541} INFO - Filling up the DagBag from /home/soamariaka/.local/lib/python3.9/site-packages/airflow/example_dags/example_task_group.py
[2023-08-14T13:47:46.462+0300] {processor.py:836} INFO - DAG(s) dict_keys(['example_task_group']) retrieved from /home/soamariaka/.local/lib/python3.9/site-packages/airflow/example_dags/example_task_group.py
[2023-08-14T13:47:46.497+0300] {logging_mixin.py:150} INFO - [2023-08-14T13:47:46.496+0300] {dag.py:2742} INFO - Sync 1 DAGs
[2023-08-14T13:47:46.532+0300] {logging_mixin.py:150} INFO - [2023-08-14T13:47:46.531+0300] {dag.py:3504} INFO - Setting next_dagrun for example_task_group to 2023-08-13T10:47:46.531586+00:00, run_after=2023-08-14T10:47:46.531586+00:00
[2023-08-14T13:47:46.672+0300] {processor.py:179} INFO - Processing /home/soamariaka/.local/lib/python3.9/site-packages/airflow/example_dags/example_task_group.py took 0.301 seconds
[2023-08-14T13:48:48.746+0300] {processor.py:157} INFO - Started process (PID=12098) to work on /home/soamariaka/.local/lib/python3.9/site-packages/airflow/example_dags/example_task_group.py
[2023-08-14T13:48:48.748+0300] {processor.py:826} INFO - Processing file /home/soamariaka/.local/lib/python3.9/site-packages/airflow/example_dags/example_task_group.py for tasks to queue
[2023-08-14T13:48:48.749+0300] {logging_mixin.py:150} INFO - [2023-08-14T13:48:48.749+0300] {dagbag.py:541} INFO - Filling up the DagBag from /home/soamariaka/.local/lib/python3.9/site-packages/airflow/example_dags/example_task_group.py
[2023-08-14T13:48:48.764+0300] {processor.py:836} INFO - DAG(s) dict_keys(['example_task_group']) retrieved from /home/soamariaka/.local/lib/python3.9/site-packages/airflow/example_dags/example_task_group.py
[2023-08-14T13:48:48.794+0300] {logging_mixin.py:150} INFO - [2023-08-14T13:48:48.793+0300] {dag.py:2742} INFO - Sync 1 DAGs
[2023-08-14T13:48:48.824+0300] {logging_mixin.py:150} INFO - [2023-08-14T13:48:48.824+0300] {dag.py:3504} INFO - Setting next_dagrun for example_task_group to 2023-08-13T10:48:48.824348+00:00, run_after=2023-08-14T10:48:48.824348+00:00
[2023-08-14T13:48:49.000+0300] {processor.py:179} INFO - Processing /home/soamariaka/.local/lib/python3.9/site-packages/airflow/example_dags/example_task_group.py took 0.259 seconds
[2023-08-14T13:49:50.778+0300] {processor.py:157} INFO - Started process (PID=12156) to work on /home/soamariaka/.local/lib/python3.9/site-packages/airflow/example_dags/example_task_group.py
[2023-08-14T13:49:50.780+0300] {processor.py:826} INFO - Processing file /home/soamariaka/.local/lib/python3.9/site-packages/airflow/example_dags/example_task_group.py for tasks to queue
[2023-08-14T13:49:50.782+0300] {logging_mixin.py:150} INFO - [2023-08-14T13:49:50.781+0300] {dagbag.py:541} INFO - Filling up the DagBag from /home/soamariaka/.local/lib/python3.9/site-packages/airflow/example_dags/example_task_group.py
[2023-08-14T13:49:50.797+0300] {processor.py:836} INFO - DAG(s) dict_keys(['example_task_group']) retrieved from /home/soamariaka/.local/lib/python3.9/site-packages/airflow/example_dags/example_task_group.py
[2023-08-14T13:49:50.826+0300] {logging_mixin.py:150} INFO - [2023-08-14T13:49:50.826+0300] {dag.py:2742} INFO - Sync 1 DAGs
[2023-08-14T13:49:50.857+0300] {logging_mixin.py:150} INFO - [2023-08-14T13:49:50.856+0300] {dag.py:3504} INFO - Setting next_dagrun for example_task_group to 2023-08-13T10:49:50.856632+00:00, run_after=2023-08-14T10:49:50.856632+00:00
[2023-08-14T13:49:51.107+0300] {processor.py:179} INFO - Processing /home/soamariaka/.local/lib/python3.9/site-packages/airflow/example_dags/example_task_group.py took 0.335 seconds
[2023-08-14T13:50:56.309+0300] {processor.py:157} INFO - Started process (PID=12232) to work on /home/soamariaka/.local/lib/python3.9/site-packages/airflow/example_dags/example_task_group.py
[2023-08-14T13:50:56.312+0300] {processor.py:826} INFO - Processing file /home/soamariaka/.local/lib/python3.9/site-packages/airflow/example_dags/example_task_group.py for tasks to queue
[2023-08-14T13:50:56.313+0300] {logging_mixin.py:150} INFO - [2023-08-14T13:50:56.313+0300] {dagbag.py:541} INFO - Filling up the DagBag from /home/soamariaka/.local/lib/python3.9/site-packages/airflow/example_dags/example_task_group.py
[2023-08-14T13:50:56.328+0300] {processor.py:836} INFO - DAG(s) dict_keys(['example_task_group']) retrieved from /home/soamariaka/.local/lib/python3.9/site-packages/airflow/example_dags/example_task_group.py
[2023-08-14T13:50:56.357+0300] {logging_mixin.py:150} INFO - [2023-08-14T13:50:56.357+0300] {dag.py:2742} INFO - Sync 1 DAGs
[2023-08-14T13:50:56.389+0300] {logging_mixin.py:150} INFO - [2023-08-14T13:50:56.388+0300] {dag.py:3504} INFO - Setting next_dagrun for example_task_group to 2023-08-13T10:50:56.388380+00:00, run_after=2023-08-14T10:50:56.388380+00:00
[2023-08-14T13:50:56.522+0300] {processor.py:179} INFO - Processing /home/soamariaka/.local/lib/python3.9/site-packages/airflow/example_dags/example_task_group.py took 0.218 seconds
[2023-08-14T13:52:02.501+0300] {processor.py:157} INFO - Started process (PID=12327) to work on /home/soamariaka/.local/lib/python3.9/site-packages/airflow/example_dags/example_task_group.py
[2023-08-14T13:52:02.563+0300] {processor.py:826} INFO - Processing file /home/soamariaka/.local/lib/python3.9/site-packages/airflow/example_dags/example_task_group.py for tasks to queue
[2023-08-14T13:52:02.564+0300] {logging_mixin.py:150} INFO - [2023-08-14T13:52:02.564+0300] {dagbag.py:541} INFO - Filling up the DagBag from /home/soamariaka/.local/lib/python3.9/site-packages/airflow/example_dags/example_task_group.py
[2023-08-14T13:52:02.576+0300] {processor.py:836} INFO - DAG(s) dict_keys(['example_task_group']) retrieved from /home/soamariaka/.local/lib/python3.9/site-packages/airflow/example_dags/example_task_group.py
[2023-08-14T13:52:02.601+0300] {logging_mixin.py:150} INFO - [2023-08-14T13:52:02.601+0300] {dag.py:2742} INFO - Sync 1 DAGs
[2023-08-14T13:52:02.632+0300] {logging_mixin.py:150} INFO - [2023-08-14T13:52:02.632+0300] {dag.py:3504} INFO - Setting next_dagrun for example_task_group to 2023-08-13T10:52:02.631777+00:00, run_after=2023-08-14T10:52:02.631777+00:00
[2023-08-14T13:52:02.762+0300] {processor.py:179} INFO - Processing /home/soamariaka/.local/lib/python3.9/site-packages/airflow/example_dags/example_task_group.py took 0.266 seconds
[2023-08-14T13:53:03.742+0300] {processor.py:157} INFO - Started process (PID=12390) to work on /home/soamariaka/.local/lib/python3.9/site-packages/airflow/example_dags/example_task_group.py
[2023-08-14T13:53:03.772+0300] {processor.py:826} INFO - Processing file /home/soamariaka/.local/lib/python3.9/site-packages/airflow/example_dags/example_task_group.py for tasks to queue
[2023-08-14T13:53:03.775+0300] {logging_mixin.py:150} INFO - [2023-08-14T13:53:03.774+0300] {dagbag.py:541} INFO - Filling up the DagBag from /home/soamariaka/.local/lib/python3.9/site-packages/airflow/example_dags/example_task_group.py
[2023-08-14T13:53:03.798+0300] {processor.py:836} INFO - DAG(s) dict_keys(['example_task_group']) retrieved from /home/soamariaka/.local/lib/python3.9/site-packages/airflow/example_dags/example_task_group.py
[2023-08-14T13:53:03.826+0300] {logging_mixin.py:150} INFO - [2023-08-14T13:53:03.826+0300] {dag.py:2742} INFO - Sync 1 DAGs
[2023-08-14T13:53:03.857+0300] {logging_mixin.py:150} INFO - [2023-08-14T13:53:03.857+0300] {dag.py:3504} INFO - Setting next_dagrun for example_task_group to 2023-08-13T10:53:03.857279+00:00, run_after=2023-08-14T10:53:03.857279+00:00
[2023-08-14T13:53:04.128+0300] {processor.py:179} INFO - Processing /home/soamariaka/.local/lib/python3.9/site-packages/airflow/example_dags/example_task_group.py took 0.392 seconds
[2023-08-14T13:54:09.085+0300] {processor.py:157} INFO - Started process (PID=12447) to work on /home/soamariaka/.local/lib/python3.9/site-packages/airflow/example_dags/example_task_group.py
[2023-08-14T13:54:09.116+0300] {processor.py:826} INFO - Processing file /home/soamariaka/.local/lib/python3.9/site-packages/airflow/example_dags/example_task_group.py for tasks to queue
[2023-08-14T13:54:09.117+0300] {logging_mixin.py:150} INFO - [2023-08-14T13:54:09.117+0300] {dagbag.py:541} INFO - Filling up the DagBag from /home/soamariaka/.local/lib/python3.9/site-packages/airflow/example_dags/example_task_group.py
[2023-08-14T13:54:09.153+0300] {processor.py:836} INFO - DAG(s) dict_keys(['example_task_group']) retrieved from /home/soamariaka/.local/lib/python3.9/site-packages/airflow/example_dags/example_task_group.py
[2023-08-14T13:54:09.189+0300] {logging_mixin.py:150} INFO - [2023-08-14T13:54:09.189+0300] {dag.py:2742} INFO - Sync 1 DAGs
[2023-08-14T13:54:09.224+0300] {logging_mixin.py:150} INFO - [2023-08-14T13:54:09.224+0300] {dag.py:3504} INFO - Setting next_dagrun for example_task_group to 2023-08-13T10:54:09.223666+00:00, run_after=2023-08-14T10:54:09.223666+00:00
[2023-08-14T13:54:09.613+0300] {processor.py:179} INFO - Processing /home/soamariaka/.local/lib/python3.9/site-packages/airflow/example_dags/example_task_group.py took 0.534 seconds
[2023-08-14T13:55:14.305+0300] {processor.py:157} INFO - Started process (PID=12559) to work on /home/soamariaka/.local/lib/python3.9/site-packages/airflow/example_dags/example_task_group.py
[2023-08-14T13:55:14.307+0300] {processor.py:826} INFO - Processing file /home/soamariaka/.local/lib/python3.9/site-packages/airflow/example_dags/example_task_group.py for tasks to queue
[2023-08-14T13:55:14.328+0300] {logging_mixin.py:150} INFO - [2023-08-14T13:55:14.328+0300] {dagbag.py:541} INFO - Filling up the DagBag from /home/soamariaka/.local/lib/python3.9/site-packages/airflow/example_dags/example_task_group.py
[2023-08-14T13:55:14.344+0300] {processor.py:836} INFO - DAG(s) dict_keys(['example_task_group']) retrieved from /home/soamariaka/.local/lib/python3.9/site-packages/airflow/example_dags/example_task_group.py
[2023-08-14T13:55:14.377+0300] {logging_mixin.py:150} INFO - [2023-08-14T13:55:14.377+0300] {dag.py:2742} INFO - Sync 1 DAGs
[2023-08-14T13:55:14.409+0300] {logging_mixin.py:150} INFO - [2023-08-14T13:55:14.408+0300] {dag.py:3504} INFO - Setting next_dagrun for example_task_group to 2023-08-13T10:55:14.408565+00:00, run_after=2023-08-14T10:55:14.408565+00:00
[2023-08-14T13:55:14.648+0300] {processor.py:179} INFO - Processing /home/soamariaka/.local/lib/python3.9/site-packages/airflow/example_dags/example_task_group.py took 0.348 seconds
[2023-08-14T13:56:23.001+0300] {processor.py:157} INFO - Started process (PID=12644) to work on /home/soamariaka/.local/lib/python3.9/site-packages/airflow/example_dags/example_task_group.py
[2023-08-14T13:56:23.045+0300] {processor.py:826} INFO - Processing file /home/soamariaka/.local/lib/python3.9/site-packages/airflow/example_dags/example_task_group.py for tasks to queue
[2023-08-14T13:56:23.047+0300] {logging_mixin.py:150} INFO - [2023-08-14T13:56:23.047+0300] {dagbag.py:541} INFO - Filling up the DagBag from /home/soamariaka/.local/lib/python3.9/site-packages/airflow/example_dags/example_task_group.py
[2023-08-14T13:56:23.062+0300] {processor.py:836} INFO - DAG(s) dict_keys(['example_task_group']) retrieved from /home/soamariaka/.local/lib/python3.9/site-packages/airflow/example_dags/example_task_group.py
[2023-08-14T13:56:23.095+0300] {logging_mixin.py:150} INFO - [2023-08-14T13:56:23.095+0300] {dag.py:2742} INFO - Sync 1 DAGs
[2023-08-14T13:56:23.128+0300] {logging_mixin.py:150} INFO - [2023-08-14T13:56:23.128+0300] {dag.py:3504} INFO - Setting next_dagrun for example_task_group to 2023-08-13T10:56:23.127753+00:00, run_after=2023-08-14T10:56:23.127753+00:00
[2023-08-14T13:56:23.483+0300] {processor.py:179} INFO - Processing /home/soamariaka/.local/lib/python3.9/site-packages/airflow/example_dags/example_task_group.py took 0.487 seconds
[2023-08-14T13:57:30.457+0300] {processor.py:157} INFO - Started process (PID=12704) to work on /home/soamariaka/.local/lib/python3.9/site-packages/airflow/example_dags/example_task_group.py
[2023-08-14T13:57:30.460+0300] {processor.py:826} INFO - Processing file /home/soamariaka/.local/lib/python3.9/site-packages/airflow/example_dags/example_task_group.py for tasks to queue
[2023-08-14T13:57:30.462+0300] {logging_mixin.py:150} INFO - [2023-08-14T13:57:30.461+0300] {dagbag.py:541} INFO - Filling up the DagBag from /home/soamariaka/.local/lib/python3.9/site-packages/airflow/example_dags/example_task_group.py
[2023-08-14T13:57:30.477+0300] {processor.py:836} INFO - DAG(s) dict_keys(['example_task_group']) retrieved from /home/soamariaka/.local/lib/python3.9/site-packages/airflow/example_dags/example_task_group.py
[2023-08-14T13:57:30.506+0300] {logging_mixin.py:150} INFO - [2023-08-14T13:57:30.505+0300] {dag.py:2742} INFO - Sync 1 DAGs
[2023-08-14T13:57:30.538+0300] {logging_mixin.py:150} INFO - [2023-08-14T13:57:30.537+0300] {dag.py:3504} INFO - Setting next_dagrun for example_task_group to 2023-08-13T10:57:30.537518+00:00, run_after=2023-08-14T10:57:30.537518+00:00
[2023-08-14T13:57:30.687+0300] {processor.py:179} INFO - Processing /home/soamariaka/.local/lib/python3.9/site-packages/airflow/example_dags/example_task_group.py took 0.235 seconds
[2023-08-14T13:58:32.489+0300] {processor.py:157} INFO - Started process (PID=12794) to work on /home/soamariaka/.local/lib/python3.9/site-packages/airflow/example_dags/example_task_group.py
[2023-08-14T13:58:32.490+0300] {processor.py:826} INFO - Processing file /home/soamariaka/.local/lib/python3.9/site-packages/airflow/example_dags/example_task_group.py for tasks to queue
[2023-08-14T13:58:32.492+0300] {logging_mixin.py:150} INFO - [2023-08-14T13:58:32.491+0300] {dagbag.py:541} INFO - Filling up the DagBag from /home/soamariaka/.local/lib/python3.9/site-packages/airflow/example_dags/example_task_group.py
[2023-08-14T13:58:32.506+0300] {processor.py:836} INFO - DAG(s) dict_keys(['example_task_group']) retrieved from /home/soamariaka/.local/lib/python3.9/site-packages/airflow/example_dags/example_task_group.py
[2023-08-14T13:58:32.534+0300] {logging_mixin.py:150} INFO - [2023-08-14T13:58:32.534+0300] {dag.py:2742} INFO - Sync 1 DAGs
[2023-08-14T13:58:32.565+0300] {logging_mixin.py:150} INFO - [2023-08-14T13:58:32.565+0300] {dag.py:3504} INFO - Setting next_dagrun for example_task_group to 2023-08-13T10:58:32.564815+00:00, run_after=2023-08-14T10:58:32.564815+00:00
[2023-08-14T13:58:32.682+0300] {processor.py:179} INFO - Processing /home/soamariaka/.local/lib/python3.9/site-packages/airflow/example_dags/example_task_group.py took 0.199 seconds
[2023-08-14T13:59:38.228+0300] {processor.py:157} INFO - Started process (PID=12853) to work on /home/soamariaka/.local/lib/python3.9/site-packages/airflow/example_dags/example_task_group.py
[2023-08-14T13:59:38.230+0300] {processor.py:826} INFO - Processing file /home/soamariaka/.local/lib/python3.9/site-packages/airflow/example_dags/example_task_group.py for tasks to queue
[2023-08-14T13:59:38.231+0300] {logging_mixin.py:150} INFO - [2023-08-14T13:59:38.231+0300] {dagbag.py:541} INFO - Filling up the DagBag from /home/soamariaka/.local/lib/python3.9/site-packages/airflow/example_dags/example_task_group.py
[2023-08-14T13:59:38.246+0300] {processor.py:836} INFO - DAG(s) dict_keys(['example_task_group']) retrieved from /home/soamariaka/.local/lib/python3.9/site-packages/airflow/example_dags/example_task_group.py
[2023-08-14T13:59:38.274+0300] {logging_mixin.py:150} INFO - [2023-08-14T13:59:38.274+0300] {dag.py:2742} INFO - Sync 1 DAGs
[2023-08-14T13:59:38.305+0300] {logging_mixin.py:150} INFO - [2023-08-14T13:59:38.305+0300] {dag.py:3504} INFO - Setting next_dagrun for example_task_group to 2023-08-13T10:59:38.304752+00:00, run_after=2023-08-14T10:59:38.304752+00:00
[2023-08-14T13:59:38.667+0300] {processor.py:179} INFO - Processing /home/soamariaka/.local/lib/python3.9/site-packages/airflow/example_dags/example_task_group.py took 0.445 seconds
[2023-08-14T14:00:40.485+0300] {processor.py:157} INFO - Started process (PID=12935) to work on /home/soamariaka/.local/lib/python3.9/site-packages/airflow/example_dags/example_task_group.py
[2023-08-14T14:00:40.488+0300] {processor.py:826} INFO - Processing file /home/soamariaka/.local/lib/python3.9/site-packages/airflow/example_dags/example_task_group.py for tasks to queue
[2023-08-14T14:00:40.489+0300] {logging_mixin.py:150} INFO - [2023-08-14T14:00:40.489+0300] {dagbag.py:541} INFO - Filling up the DagBag from /home/soamariaka/.local/lib/python3.9/site-packages/airflow/example_dags/example_task_group.py
[2023-08-14T14:00:40.504+0300] {processor.py:836} INFO - DAG(s) dict_keys(['example_task_group']) retrieved from /home/soamariaka/.local/lib/python3.9/site-packages/airflow/example_dags/example_task_group.py
[2023-08-14T14:00:40.532+0300] {logging_mixin.py:150} INFO - [2023-08-14T14:00:40.532+0300] {dag.py:2742} INFO - Sync 1 DAGs
[2023-08-14T14:00:40.564+0300] {logging_mixin.py:150} INFO - [2023-08-14T14:00:40.563+0300] {dag.py:3504} INFO - Setting next_dagrun for example_task_group to 2023-08-13T11:00:40.563401+00:00, run_after=2023-08-14T11:00:40.563401+00:00
[2023-08-14T14:00:40.744+0300] {processor.py:179} INFO - Processing /home/soamariaka/.local/lib/python3.9/site-packages/airflow/example_dags/example_task_group.py took 0.264 seconds
[2023-08-14T14:01:44.886+0300] {processor.py:157} INFO - Started process (PID=12991) to work on /home/soamariaka/.local/lib/python3.9/site-packages/airflow/example_dags/example_task_group.py
[2023-08-14T14:01:44.916+0300] {processor.py:826} INFO - Processing file /home/soamariaka/.local/lib/python3.9/site-packages/airflow/example_dags/example_task_group.py for tasks to queue
[2023-08-14T14:01:44.918+0300] {logging_mixin.py:150} INFO - [2023-08-14T14:01:44.918+0300] {dagbag.py:541} INFO - Filling up the DagBag from /home/soamariaka/.local/lib/python3.9/site-packages/airflow/example_dags/example_task_group.py
[2023-08-14T14:01:44.933+0300] {processor.py:836} INFO - DAG(s) dict_keys(['example_task_group']) retrieved from /home/soamariaka/.local/lib/python3.9/site-packages/airflow/example_dags/example_task_group.py
[2023-08-14T14:01:44.966+0300] {logging_mixin.py:150} INFO - [2023-08-14T14:01:44.965+0300] {dag.py:2742} INFO - Sync 1 DAGs
[2023-08-14T14:01:45.005+0300] {logging_mixin.py:150} INFO - [2023-08-14T14:01:45.005+0300] {dag.py:3504} INFO - Setting next_dagrun for example_task_group to 2023-08-13T11:01:45.004689+00:00, run_after=2023-08-14T11:01:45.004689+00:00
[2023-08-14T14:01:45.304+0300] {processor.py:179} INFO - Processing /home/soamariaka/.local/lib/python3.9/site-packages/airflow/example_dags/example_task_group.py took 0.423 seconds
[2023-08-14T14:04:29.381+0300] {processor.py:157} INFO - Started process (PID=13718) to work on /home/soamariaka/.local/lib/python3.9/site-packages/airflow/example_dags/example_task_group.py
[2023-08-14T14:04:29.383+0300] {processor.py:826} INFO - Processing file /home/soamariaka/.local/lib/python3.9/site-packages/airflow/example_dags/example_task_group.py for tasks to queue
[2023-08-14T14:04:29.385+0300] {logging_mixin.py:150} INFO - [2023-08-14T14:04:29.384+0300] {dagbag.py:541} INFO - Filling up the DagBag from /home/soamariaka/.local/lib/python3.9/site-packages/airflow/example_dags/example_task_group.py
[2023-08-14T14:04:29.402+0300] {processor.py:836} INFO - DAG(s) dict_keys(['example_task_group']) retrieved from /home/soamariaka/.local/lib/python3.9/site-packages/airflow/example_dags/example_task_group.py
[2023-08-14T14:04:29.431+0300] {logging_mixin.py:150} INFO - [2023-08-14T14:04:29.431+0300] {dag.py:2742} INFO - Sync 1 DAGs
[2023-08-14T14:04:29.462+0300] {logging_mixin.py:150} INFO - [2023-08-14T14:04:29.462+0300] {dag.py:3504} INFO - Setting next_dagrun for example_task_group to 2023-08-13T11:04:29.461740+00:00, run_after=2023-08-14T11:04:29.461740+00:00
[2023-08-14T14:04:29.765+0300] {processor.py:179} INFO - Processing /home/soamariaka/.local/lib/python3.9/site-packages/airflow/example_dags/example_task_group.py took 0.389 seconds
[2023-08-14T14:06:00.520+0300] {processor.py:157} INFO - Started process (PID=13807) to work on /home/soamariaka/.local/lib/python3.9/site-packages/airflow/example_dags/example_task_group.py
[2023-08-14T14:06:00.533+0300] {processor.py:826} INFO - Processing file /home/soamariaka/.local/lib/python3.9/site-packages/airflow/example_dags/example_task_group.py for tasks to queue
[2023-08-14T14:06:00.535+0300] {logging_mixin.py:150} INFO - [2023-08-14T14:06:00.534+0300] {dagbag.py:541} INFO - Filling up the DagBag from /home/soamariaka/.local/lib/python3.9/site-packages/airflow/example_dags/example_task_group.py
[2023-08-14T14:06:00.553+0300] {processor.py:836} INFO - DAG(s) dict_keys(['example_task_group']) retrieved from /home/soamariaka/.local/lib/python3.9/site-packages/airflow/example_dags/example_task_group.py
[2023-08-14T14:06:00.585+0300] {logging_mixin.py:150} INFO - [2023-08-14T14:06:00.585+0300] {dag.py:2742} INFO - Sync 1 DAGs
[2023-08-14T14:06:00.617+0300] {logging_mixin.py:150} INFO - [2023-08-14T14:06:00.617+0300] {dag.py:3504} INFO - Setting next_dagrun for example_task_group to 2023-08-13T11:06:00.616557+00:00, run_after=2023-08-14T11:06:00.616557+00:00
[2023-08-14T14:06:00.905+0300] {processor.py:179} INFO - Processing /home/soamariaka/.local/lib/python3.9/site-packages/airflow/example_dags/example_task_group.py took 0.391 seconds
[2023-08-14T14:07:10.940+0300] {processor.py:157} INFO - Started process (PID=13890) to work on /home/soamariaka/.local/lib/python3.9/site-packages/airflow/example_dags/example_task_group.py
[2023-08-14T14:07:10.941+0300] {processor.py:826} INFO - Processing file /home/soamariaka/.local/lib/python3.9/site-packages/airflow/example_dags/example_task_group.py for tasks to queue
[2023-08-14T14:07:10.943+0300] {logging_mixin.py:150} INFO - [2023-08-14T14:07:10.942+0300] {dagbag.py:541} INFO - Filling up the DagBag from /home/soamariaka/.local/lib/python3.9/site-packages/airflow/example_dags/example_task_group.py
[2023-08-14T14:07:10.954+0300] {processor.py:836} INFO - DAG(s) dict_keys(['example_task_group']) retrieved from /home/soamariaka/.local/lib/python3.9/site-packages/airflow/example_dags/example_task_group.py
[2023-08-14T14:07:10.980+0300] {logging_mixin.py:150} INFO - [2023-08-14T14:07:10.980+0300] {dag.py:2742} INFO - Sync 1 DAGs
[2023-08-14T14:07:11.012+0300] {logging_mixin.py:150} INFO - [2023-08-14T14:07:11.012+0300] {dag.py:3504} INFO - Setting next_dagrun for example_task_group to 2023-08-13T11:07:11.011989+00:00, run_after=2023-08-14T11:07:11.011989+00:00
[2023-08-14T14:07:11.566+0300] {processor.py:179} INFO - Processing /home/soamariaka/.local/lib/python3.9/site-packages/airflow/example_dags/example_task_group.py took 0.631 seconds
[2023-08-14T14:09:20.825+0300] {processor.py:157} INFO - Started process (PID=14085) to work on /home/soamariaka/.local/lib/python3.9/site-packages/airflow/example_dags/example_task_group.py
[2023-08-14T14:09:20.863+0300] {processor.py:826} INFO - Processing file /home/soamariaka/.local/lib/python3.9/site-packages/airflow/example_dags/example_task_group.py for tasks to queue
[2023-08-14T14:09:20.864+0300] {logging_mixin.py:150} INFO - [2023-08-14T14:09:20.864+0300] {dagbag.py:541} INFO - Filling up the DagBag from /home/soamariaka/.local/lib/python3.9/site-packages/airflow/example_dags/example_task_group.py
[2023-08-14T14:09:20.879+0300] {processor.py:836} INFO - DAG(s) dict_keys(['example_task_group']) retrieved from /home/soamariaka/.local/lib/python3.9/site-packages/airflow/example_dags/example_task_group.py
[2023-08-14T14:09:20.910+0300] {logging_mixin.py:150} INFO - [2023-08-14T14:09:20.910+0300] {dag.py:2742} INFO - Sync 1 DAGs
[2023-08-14T14:09:20.950+0300] {logging_mixin.py:150} INFO - [2023-08-14T14:09:20.950+0300] {dag.py:3504} INFO - Setting next_dagrun for example_task_group to 2023-08-13T11:09:20.949512+00:00, run_after=2023-08-14T11:09:20.949512+00:00
[2023-08-14T14:09:21.165+0300] {processor.py:179} INFO - Processing /home/soamariaka/.local/lib/python3.9/site-packages/airflow/example_dags/example_task_group.py took 0.346 seconds
[2023-08-14T14:10:57.116+0300] {processor.py:157} INFO - Started process (PID=14958) to work on /home/soamariaka/.local/lib/python3.9/site-packages/airflow/example_dags/example_task_group.py
[2023-08-14T14:10:57.138+0300] {processor.py:826} INFO - Processing file /home/soamariaka/.local/lib/python3.9/site-packages/airflow/example_dags/example_task_group.py for tasks to queue
[2023-08-14T14:10:57.139+0300] {logging_mixin.py:150} INFO - [2023-08-14T14:10:57.139+0300] {dagbag.py:541} INFO - Filling up the DagBag from /home/soamariaka/.local/lib/python3.9/site-packages/airflow/example_dags/example_task_group.py
[2023-08-14T14:10:57.154+0300] {processor.py:836} INFO - DAG(s) dict_keys(['example_task_group']) retrieved from /home/soamariaka/.local/lib/python3.9/site-packages/airflow/example_dags/example_task_group.py
[2023-08-14T14:10:57.186+0300] {logging_mixin.py:150} INFO - [2023-08-14T14:10:57.186+0300] {dag.py:2742} INFO - Sync 1 DAGs
[2023-08-14T14:10:57.218+0300] {logging_mixin.py:150} INFO - [2023-08-14T14:10:57.217+0300] {dag.py:3504} INFO - Setting next_dagrun for example_task_group to 2023-08-13T11:10:57.217581+00:00, run_after=2023-08-14T11:10:57.217581+00:00
[2023-08-14T14:10:57.345+0300] {processor.py:179} INFO - Processing /home/soamariaka/.local/lib/python3.9/site-packages/airflow/example_dags/example_task_group.py took 0.234 seconds
[2023-08-14T14:12:00.625+0300] {processor.py:157} INFO - Started process (PID=15119) to work on /home/soamariaka/.local/lib/python3.9/site-packages/airflow/example_dags/example_task_group.py
[2023-08-14T14:12:00.628+0300] {processor.py:826} INFO - Processing file /home/soamariaka/.local/lib/python3.9/site-packages/airflow/example_dags/example_task_group.py for tasks to queue
[2023-08-14T14:12:00.630+0300] {logging_mixin.py:150} INFO - [2023-08-14T14:12:00.630+0300] {dagbag.py:541} INFO - Filling up the DagBag from /home/soamariaka/.local/lib/python3.9/site-packages/airflow/example_dags/example_task_group.py
[2023-08-14T14:12:00.649+0300] {processor.py:836} INFO - DAG(s) dict_keys(['example_task_group']) retrieved from /home/soamariaka/.local/lib/python3.9/site-packages/airflow/example_dags/example_task_group.py
[2023-08-14T14:12:00.679+0300] {logging_mixin.py:150} INFO - [2023-08-14T14:12:00.679+0300] {dag.py:2742} INFO - Sync 1 DAGs
[2023-08-14T14:12:00.711+0300] {logging_mixin.py:150} INFO - [2023-08-14T14:12:00.711+0300] {dag.py:3504} INFO - Setting next_dagrun for example_task_group to 2023-08-13T11:12:00.710875+00:00, run_after=2023-08-14T11:12:00.710875+00:00
[2023-08-14T14:12:00.840+0300] {processor.py:179} INFO - Processing /home/soamariaka/.local/lib/python3.9/site-packages/airflow/example_dags/example_task_group.py took 0.221 seconds
[2023-08-14T14:12:58.568+0300] {processor.py:157} INFO - Started process (PID=15225) to work on /home/soamariaka/.local/lib/python3.9/site-packages/airflow/example_dags/example_task_group.py
[2023-08-14T14:12:58.641+0300] {processor.py:826} INFO - Processing file /home/soamariaka/.local/lib/python3.9/site-packages/airflow/example_dags/example_task_group.py for tasks to queue
[2023-08-14T14:12:58.643+0300] {logging_mixin.py:150} INFO - [2023-08-14T14:12:58.642+0300] {dagbag.py:541} INFO - Filling up the DagBag from /home/soamariaka/.local/lib/python3.9/site-packages/airflow/example_dags/example_task_group.py
[2023-08-14T14:12:58.659+0300] {processor.py:836} INFO - DAG(s) dict_keys(['example_task_group']) retrieved from /home/soamariaka/.local/lib/python3.9/site-packages/airflow/example_dags/example_task_group.py
[2023-08-14T14:12:58.701+0300] {logging_mixin.py:150} INFO - [2023-08-14T14:12:58.700+0300] {dag.py:2742} INFO - Sync 1 DAGs
[2023-08-14T14:12:58.745+0300] {logging_mixin.py:150} INFO - [2023-08-14T14:12:58.745+0300] {dag.py:3504} INFO - Setting next_dagrun for example_task_group to 2023-08-13T11:12:58.744678+00:00, run_after=2023-08-14T11:12:58.744678+00:00
[2023-08-14T14:12:58.900+0300] {processor.py:179} INFO - Processing /home/soamariaka/.local/lib/python3.9/site-packages/airflow/example_dags/example_task_group.py took 0.337 seconds
[2023-08-14T14:14:03.721+0300] {processor.py:157} INFO - Started process (PID=15336) to work on /home/soamariaka/.local/lib/python3.9/site-packages/airflow/example_dags/example_task_group.py
[2023-08-14T14:14:03.772+0300] {processor.py:826} INFO - Processing file /home/soamariaka/.local/lib/python3.9/site-packages/airflow/example_dags/example_task_group.py for tasks to queue
[2023-08-14T14:14:03.774+0300] {logging_mixin.py:150} INFO - [2023-08-14T14:14:03.773+0300] {dagbag.py:541} INFO - Filling up the DagBag from /home/soamariaka/.local/lib/python3.9/site-packages/airflow/example_dags/example_task_group.py
[2023-08-14T14:14:03.810+0300] {processor.py:836} INFO - DAG(s) dict_keys(['example_task_group']) retrieved from /home/soamariaka/.local/lib/python3.9/site-packages/airflow/example_dags/example_task_group.py
[2023-08-14T14:14:03.836+0300] {logging_mixin.py:150} INFO - [2023-08-14T14:14:03.836+0300] {dag.py:2742} INFO - Sync 1 DAGs
[2023-08-14T14:14:03.867+0300] {logging_mixin.py:150} INFO - [2023-08-14T14:14:03.867+0300] {dag.py:3504} INFO - Setting next_dagrun for example_task_group to 2023-08-13T11:14:03.866842+00:00, run_after=2023-08-14T11:14:03.866842+00:00
[2023-08-14T14:14:04.106+0300] {processor.py:179} INFO - Processing /home/soamariaka/.local/lib/python3.9/site-packages/airflow/example_dags/example_task_group.py took 0.392 seconds
[2023-08-14T14:15:05.937+0300] {processor.py:157} INFO - Started process (PID=15420) to work on /home/soamariaka/.local/lib/python3.9/site-packages/airflow/example_dags/example_task_group.py
[2023-08-14T14:15:05.939+0300] {processor.py:826} INFO - Processing file /home/soamariaka/.local/lib/python3.9/site-packages/airflow/example_dags/example_task_group.py for tasks to queue
[2023-08-14T14:15:05.941+0300] {logging_mixin.py:150} INFO - [2023-08-14T14:15:05.940+0300] {dagbag.py:541} INFO - Filling up the DagBag from /home/soamariaka/.local/lib/python3.9/site-packages/airflow/example_dags/example_task_group.py
[2023-08-14T14:15:05.955+0300] {processor.py:836} INFO - DAG(s) dict_keys(['example_task_group']) retrieved from /home/soamariaka/.local/lib/python3.9/site-packages/airflow/example_dags/example_task_group.py
[2023-08-14T14:15:06.030+0300] {logging_mixin.py:150} INFO - [2023-08-14T14:15:06.030+0300] {dag.py:2742} INFO - Sync 1 DAGs
[2023-08-14T14:15:06.071+0300] {logging_mixin.py:150} INFO - [2023-08-14T14:15:06.071+0300] {dag.py:3504} INFO - Setting next_dagrun for example_task_group to 2023-08-13T11:15:06.071058+00:00, run_after=2023-08-14T11:15:06.071058+00:00
[2023-08-14T14:15:06.227+0300] {processor.py:179} INFO - Processing /home/soamariaka/.local/lib/python3.9/site-packages/airflow/example_dags/example_task_group.py took 0.295 seconds
[2023-08-14T14:16:06.474+0300] {processor.py:157} INFO - Started process (PID=15608) to work on /home/soamariaka/.local/lib/python3.9/site-packages/airflow/example_dags/example_task_group.py
[2023-08-14T14:16:06.635+0300] {processor.py:826} INFO - Processing file /home/soamariaka/.local/lib/python3.9/site-packages/airflow/example_dags/example_task_group.py for tasks to queue
[2023-08-14T14:16:06.896+0300] {logging_mixin.py:150} INFO - [2023-08-14T14:16:06.895+0300] {dagbag.py:541} INFO - Filling up the DagBag from /home/soamariaka/.local/lib/python3.9/site-packages/airflow/example_dags/example_task_group.py
[2023-08-14T14:16:06.927+0300] {processor.py:836} INFO - DAG(s) dict_keys(['example_task_group']) retrieved from /home/soamariaka/.local/lib/python3.9/site-packages/airflow/example_dags/example_task_group.py
[2023-08-14T14:16:06.977+0300] {logging_mixin.py:150} INFO - [2023-08-14T14:16:06.976+0300] {dag.py:2742} INFO - Sync 1 DAGs
[2023-08-14T14:16:07.014+0300] {logging_mixin.py:150} INFO - [2023-08-14T14:16:07.014+0300] {dag.py:3504} INFO - Setting next_dagrun for example_task_group to 2023-08-13T11:16:07.013759+00:00, run_after=2023-08-14T11:16:07.013759+00:00
[2023-08-14T14:16:07.528+0300] {processor.py:179} INFO - Processing /home/soamariaka/.local/lib/python3.9/site-packages/airflow/example_dags/example_task_group.py took 1.059 seconds
[2023-08-14T14:17:10.481+0300] {processor.py:157} INFO - Started process (PID=15686) to work on /home/soamariaka/.local/lib/python3.9/site-packages/airflow/example_dags/example_task_group.py
[2023-08-14T14:17:10.499+0300] {processor.py:826} INFO - Processing file /home/soamariaka/.local/lib/python3.9/site-packages/airflow/example_dags/example_task_group.py for tasks to queue
[2023-08-14T14:17:10.501+0300] {logging_mixin.py:150} INFO - [2023-08-14T14:17:10.500+0300] {dagbag.py:541} INFO - Filling up the DagBag from /home/soamariaka/.local/lib/python3.9/site-packages/airflow/example_dags/example_task_group.py
[2023-08-14T14:17:10.518+0300] {processor.py:836} INFO - DAG(s) dict_keys(['example_task_group']) retrieved from /home/soamariaka/.local/lib/python3.9/site-packages/airflow/example_dags/example_task_group.py
[2023-08-14T14:17:10.551+0300] {logging_mixin.py:150} INFO - [2023-08-14T14:17:10.551+0300] {dag.py:2742} INFO - Sync 1 DAGs
[2023-08-14T14:17:10.583+0300] {logging_mixin.py:150} INFO - [2023-08-14T14:17:10.583+0300] {dag.py:3504} INFO - Setting next_dagrun for example_task_group to 2023-08-13T11:17:10.582777+00:00, run_after=2023-08-14T11:17:10.582777+00:00
[2023-08-14T14:17:11.395+0300] {processor.py:179} INFO - Processing /home/soamariaka/.local/lib/python3.9/site-packages/airflow/example_dags/example_task_group.py took 0.922 seconds
[2023-08-14T14:18:38.910+0300] {processor.py:157} INFO - Started process (PID=15905) to work on /home/soamariaka/.local/lib/python3.9/site-packages/airflow/example_dags/example_task_group.py
[2023-08-14T14:18:38.911+0300] {processor.py:826} INFO - Processing file /home/soamariaka/.local/lib/python3.9/site-packages/airflow/example_dags/example_task_group.py for tasks to queue
[2023-08-14T14:18:38.913+0300] {logging_mixin.py:150} INFO - [2023-08-14T14:18:38.912+0300] {dagbag.py:541} INFO - Filling up the DagBag from /home/soamariaka/.local/lib/python3.9/site-packages/airflow/example_dags/example_task_group.py
[2023-08-14T14:18:38.928+0300] {processor.py:836} INFO - DAG(s) dict_keys(['example_task_group']) retrieved from /home/soamariaka/.local/lib/python3.9/site-packages/airflow/example_dags/example_task_group.py
[2023-08-14T14:18:38.966+0300] {logging_mixin.py:150} INFO - [2023-08-14T14:18:38.966+0300] {dag.py:2742} INFO - Sync 1 DAGs
[2023-08-14T14:18:38.998+0300] {logging_mixin.py:150} INFO - [2023-08-14T14:18:38.998+0300] {dag.py:3504} INFO - Setting next_dagrun for example_task_group to 2023-08-13T11:18:38.998288+00:00, run_after=2023-08-14T11:18:38.998288+00:00
[2023-08-14T14:18:39.236+0300] {processor.py:179} INFO - Processing /home/soamariaka/.local/lib/python3.9/site-packages/airflow/example_dags/example_task_group.py took 0.332 seconds
[2023-08-14T14:19:38.589+0300] {processor.py:157} INFO - Started process (PID=15961) to work on /home/soamariaka/.local/lib/python3.9/site-packages/airflow/example_dags/example_task_group.py
[2023-08-14T14:19:38.603+0300] {processor.py:826} INFO - Processing file /home/soamariaka/.local/lib/python3.9/site-packages/airflow/example_dags/example_task_group.py for tasks to queue
[2023-08-14T14:19:38.605+0300] {logging_mixin.py:150} INFO - [2023-08-14T14:19:38.605+0300] {dagbag.py:541} INFO - Filling up the DagBag from /home/soamariaka/.local/lib/python3.9/site-packages/airflow/example_dags/example_task_group.py
[2023-08-14T14:19:38.620+0300] {processor.py:836} INFO - DAG(s) dict_keys(['example_task_group']) retrieved from /home/soamariaka/.local/lib/python3.9/site-packages/airflow/example_dags/example_task_group.py
[2023-08-14T14:19:38.650+0300] {logging_mixin.py:150} INFO - [2023-08-14T14:19:38.650+0300] {dag.py:2742} INFO - Sync 1 DAGs
[2023-08-14T14:19:38.682+0300] {logging_mixin.py:150} INFO - [2023-08-14T14:19:38.682+0300] {dag.py:3504} INFO - Setting next_dagrun for example_task_group to 2023-08-13T11:19:38.682017+00:00, run_after=2023-08-14T11:19:38.682017+00:00
[2023-08-14T14:19:38.834+0300] {processor.py:179} INFO - Processing /home/soamariaka/.local/lib/python3.9/site-packages/airflow/example_dags/example_task_group.py took 0.250 seconds
[2023-08-14T14:21:12.385+0300] {processor.py:157} INFO - Started process (PID=16075) to work on /home/soamariaka/.local/lib/python3.9/site-packages/airflow/example_dags/example_task_group.py
[2023-08-14T14:21:12.424+0300] {processor.py:826} INFO - Processing file /home/soamariaka/.local/lib/python3.9/site-packages/airflow/example_dags/example_task_group.py for tasks to queue
[2023-08-14T14:21:12.442+0300] {logging_mixin.py:150} INFO - [2023-08-14T14:21:12.441+0300] {dagbag.py:541} INFO - Filling up the DagBag from /home/soamariaka/.local/lib/python3.9/site-packages/airflow/example_dags/example_task_group.py
[2023-08-14T14:21:12.459+0300] {processor.py:836} INFO - DAG(s) dict_keys(['example_task_group']) retrieved from /home/soamariaka/.local/lib/python3.9/site-packages/airflow/example_dags/example_task_group.py
[2023-08-14T14:21:12.487+0300] {logging_mixin.py:150} INFO - [2023-08-14T14:21:12.487+0300] {dag.py:2742} INFO - Sync 1 DAGs
[2023-08-14T14:21:12.523+0300] {logging_mixin.py:150} INFO - [2023-08-14T14:21:12.523+0300] {dag.py:3504} INFO - Setting next_dagrun for example_task_group to 2023-08-13T11:21:12.523071+00:00, run_after=2023-08-14T11:21:12.523071+00:00
[2023-08-14T14:21:12.832+0300] {processor.py:179} INFO - Processing /home/soamariaka/.local/lib/python3.9/site-packages/airflow/example_dags/example_task_group.py took 0.452 seconds
[2023-08-14T14:22:21.574+0300] {processor.py:157} INFO - Started process (PID=16144) to work on /home/soamariaka/.local/lib/python3.9/site-packages/airflow/example_dags/example_task_group.py
[2023-08-14T14:22:21.576+0300] {processor.py:826} INFO - Processing file /home/soamariaka/.local/lib/python3.9/site-packages/airflow/example_dags/example_task_group.py for tasks to queue
[2023-08-14T14:22:21.578+0300] {logging_mixin.py:150} INFO - [2023-08-14T14:22:21.577+0300] {dagbag.py:541} INFO - Filling up the DagBag from /home/soamariaka/.local/lib/python3.9/site-packages/airflow/example_dags/example_task_group.py
[2023-08-14T14:22:21.593+0300] {processor.py:836} INFO - DAG(s) dict_keys(['example_task_group']) retrieved from /home/soamariaka/.local/lib/python3.9/site-packages/airflow/example_dags/example_task_group.py
[2023-08-14T14:22:21.621+0300] {logging_mixin.py:150} INFO - [2023-08-14T14:22:21.621+0300] {dag.py:2742} INFO - Sync 1 DAGs
[2023-08-14T14:22:21.654+0300] {logging_mixin.py:150} INFO - [2023-08-14T14:22:21.653+0300] {dag.py:3504} INFO - Setting next_dagrun for example_task_group to 2023-08-13T11:22:21.653428+00:00, run_after=2023-08-14T11:22:21.653428+00:00
[2023-08-14T14:22:21.820+0300] {processor.py:179} INFO - Processing /home/soamariaka/.local/lib/python3.9/site-packages/airflow/example_dags/example_task_group.py took 0.252 seconds
[2023-08-14T14:23:20.472+0300] {processor.py:157} INFO - Started process (PID=16200) to work on /home/soamariaka/.local/lib/python3.9/site-packages/airflow/example_dags/example_task_group.py
[2023-08-14T14:23:20.474+0300] {processor.py:826} INFO - Processing file /home/soamariaka/.local/lib/python3.9/site-packages/airflow/example_dags/example_task_group.py for tasks to queue
[2023-08-14T14:23:20.476+0300] {logging_mixin.py:150} INFO - [2023-08-14T14:23:20.475+0300] {dagbag.py:541} INFO - Filling up the DagBag from /home/soamariaka/.local/lib/python3.9/site-packages/airflow/example_dags/example_task_group.py
[2023-08-14T14:23:20.491+0300] {processor.py:836} INFO - DAG(s) dict_keys(['example_task_group']) retrieved from /home/soamariaka/.local/lib/python3.9/site-packages/airflow/example_dags/example_task_group.py
[2023-08-14T14:23:20.528+0300] {logging_mixin.py:150} INFO - [2023-08-14T14:23:20.527+0300] {dag.py:2742} INFO - Sync 1 DAGs
[2023-08-14T14:23:20.569+0300] {logging_mixin.py:150} INFO - [2023-08-14T14:23:20.569+0300] {dag.py:3504} INFO - Setting next_dagrun for example_task_group to 2023-08-13T11:23:20.568738+00:00, run_after=2023-08-14T11:23:20.568738+00:00
[2023-08-14T14:23:22.844+0300] {processor.py:179} INFO - Processing /home/soamariaka/.local/lib/python3.9/site-packages/airflow/example_dags/example_task_group.py took 2.377 seconds
[2023-08-14T14:24:22.578+0300] {processor.py:157} INFO - Started process (PID=16456) to work on /home/soamariaka/.local/lib/python3.9/site-packages/airflow/example_dags/example_task_group.py
[2023-08-14T14:24:22.613+0300] {processor.py:826} INFO - Processing file /home/soamariaka/.local/lib/python3.9/site-packages/airflow/example_dags/example_task_group.py for tasks to queue
[2023-08-14T14:24:22.614+0300] {logging_mixin.py:150} INFO - [2023-08-14T14:24:22.613+0300] {dagbag.py:541} INFO - Filling up the DagBag from /home/soamariaka/.local/lib/python3.9/site-packages/airflow/example_dags/example_task_group.py
[2023-08-14T14:24:22.626+0300] {processor.py:836} INFO - DAG(s) dict_keys(['example_task_group']) retrieved from /home/soamariaka/.local/lib/python3.9/site-packages/airflow/example_dags/example_task_group.py
[2023-08-14T14:24:22.651+0300] {logging_mixin.py:150} INFO - [2023-08-14T14:24:22.651+0300] {dag.py:2742} INFO - Sync 1 DAGs
[2023-08-14T14:24:22.682+0300] {logging_mixin.py:150} INFO - [2023-08-14T14:24:22.682+0300] {dag.py:3504} INFO - Setting next_dagrun for example_task_group to 2023-08-13T11:24:22.682079+00:00, run_after=2023-08-14T11:24:22.682079+00:00
[2023-08-14T14:24:22.801+0300] {processor.py:179} INFO - Processing /home/soamariaka/.local/lib/python3.9/site-packages/airflow/example_dags/example_task_group.py took 0.226 seconds
[2023-08-14T14:25:18.034+0300] {processor.py:157} INFO - Started process (PID=16599) to work on /home/soamariaka/.local/lib/python3.9/site-packages/airflow/example_dags/example_task_group.py
[2023-08-14T14:25:18.092+0300] {processor.py:826} INFO - Processing file /home/soamariaka/.local/lib/python3.9/site-packages/airflow/example_dags/example_task_group.py for tasks to queue
[2023-08-14T14:25:18.093+0300] {logging_mixin.py:150} INFO - [2023-08-14T14:25:18.093+0300] {dagbag.py:541} INFO - Filling up the DagBag from /home/soamariaka/.local/lib/python3.9/site-packages/airflow/example_dags/example_task_group.py
[2023-08-14T14:25:18.108+0300] {processor.py:836} INFO - DAG(s) dict_keys(['example_task_group']) retrieved from /home/soamariaka/.local/lib/python3.9/site-packages/airflow/example_dags/example_task_group.py
[2023-08-14T14:25:18.141+0300] {logging_mixin.py:150} INFO - [2023-08-14T14:25:18.141+0300] {dag.py:2742} INFO - Sync 1 DAGs
[2023-08-14T14:25:18.175+0300] {logging_mixin.py:150} INFO - [2023-08-14T14:25:18.175+0300] {dag.py:3504} INFO - Setting next_dagrun for example_task_group to 2023-08-13T11:25:18.174730+00:00, run_after=2023-08-14T11:25:18.174730+00:00
[2023-08-14T14:25:18.301+0300] {processor.py:179} INFO - Processing /home/soamariaka/.local/lib/python3.9/site-packages/airflow/example_dags/example_task_group.py took 0.272 seconds
[2023-08-14T14:26:22.238+0300] {processor.py:157} INFO - Started process (PID=16722) to work on /home/soamariaka/.local/lib/python3.9/site-packages/airflow/example_dags/example_task_group.py
[2023-08-14T14:26:22.241+0300] {processor.py:826} INFO - Processing file /home/soamariaka/.local/lib/python3.9/site-packages/airflow/example_dags/example_task_group.py for tasks to queue
[2023-08-14T14:26:22.242+0300] {logging_mixin.py:150} INFO - [2023-08-14T14:26:22.242+0300] {dagbag.py:541} INFO - Filling up the DagBag from /home/soamariaka/.local/lib/python3.9/site-packages/airflow/example_dags/example_task_group.py
[2023-08-14T14:26:22.254+0300] {processor.py:836} INFO - DAG(s) dict_keys(['example_task_group']) retrieved from /home/soamariaka/.local/lib/python3.9/site-packages/airflow/example_dags/example_task_group.py
[2023-08-14T14:26:22.279+0300] {logging_mixin.py:150} INFO - [2023-08-14T14:26:22.279+0300] {dag.py:2742} INFO - Sync 1 DAGs
[2023-08-14T14:26:22.312+0300] {logging_mixin.py:150} INFO - [2023-08-14T14:26:22.312+0300] {dag.py:3504} INFO - Setting next_dagrun for example_task_group to 2023-08-13T11:26:22.311789+00:00, run_after=2023-08-14T11:26:22.311789+00:00
[2023-08-14T14:26:22.432+0300] {processor.py:179} INFO - Processing /home/soamariaka/.local/lib/python3.9/site-packages/airflow/example_dags/example_task_group.py took 0.199 seconds
[2023-08-14T14:27:19.108+0300] {processor.py:157} INFO - Started process (PID=16815) to work on /home/soamariaka/.local/lib/python3.9/site-packages/airflow/example_dags/example_task_group.py
[2023-08-14T14:27:19.145+0300] {processor.py:826} INFO - Processing file /home/soamariaka/.local/lib/python3.9/site-packages/airflow/example_dags/example_task_group.py for tasks to queue
[2023-08-14T14:27:19.146+0300] {logging_mixin.py:150} INFO - [2023-08-14T14:27:19.146+0300] {dagbag.py:541} INFO - Filling up the DagBag from /home/soamariaka/.local/lib/python3.9/site-packages/airflow/example_dags/example_task_group.py
[2023-08-14T14:27:19.161+0300] {processor.py:836} INFO - DAG(s) dict_keys(['example_task_group']) retrieved from /home/soamariaka/.local/lib/python3.9/site-packages/airflow/example_dags/example_task_group.py
[2023-08-14T14:27:19.194+0300] {logging_mixin.py:150} INFO - [2023-08-14T14:27:19.194+0300] {dag.py:2742} INFO - Sync 1 DAGs
[2023-08-14T14:27:19.227+0300] {logging_mixin.py:150} INFO - [2023-08-14T14:27:19.227+0300] {dag.py:3504} INFO - Setting next_dagrun for example_task_group to 2023-08-13T11:27:19.226752+00:00, run_after=2023-08-14T11:27:19.226752+00:00
[2023-08-14T14:27:19.331+0300] {processor.py:179} INFO - Processing /home/soamariaka/.local/lib/python3.9/site-packages/airflow/example_dags/example_task_group.py took 0.228 seconds
[2023-08-14T14:28:23.254+0300] {processor.py:157} INFO - Started process (PID=16935) to work on /home/soamariaka/.local/lib/python3.9/site-packages/airflow/example_dags/example_task_group.py
[2023-08-14T14:28:23.283+0300] {processor.py:826} INFO - Processing file /home/soamariaka/.local/lib/python3.9/site-packages/airflow/example_dags/example_task_group.py for tasks to queue
[2023-08-14T14:28:23.284+0300] {logging_mixin.py:150} INFO - [2023-08-14T14:28:23.284+0300] {dagbag.py:541} INFO - Filling up the DagBag from /home/soamariaka/.local/lib/python3.9/site-packages/airflow/example_dags/example_task_group.py
[2023-08-14T14:28:23.300+0300] {processor.py:836} INFO - DAG(s) dict_keys(['example_task_group']) retrieved from /home/soamariaka/.local/lib/python3.9/site-packages/airflow/example_dags/example_task_group.py
[2023-08-14T14:28:23.334+0300] {logging_mixin.py:150} INFO - [2023-08-14T14:28:23.333+0300] {dag.py:2742} INFO - Sync 1 DAGs
[2023-08-14T14:28:23.366+0300] {logging_mixin.py:150} INFO - [2023-08-14T14:28:23.365+0300] {dag.py:3504} INFO - Setting next_dagrun for example_task_group to 2023-08-13T11:28:23.365441+00:00, run_after=2023-08-14T11:28:23.365441+00:00
[2023-08-14T14:28:23.572+0300] {processor.py:179} INFO - Processing /home/soamariaka/.local/lib/python3.9/site-packages/airflow/example_dags/example_task_group.py took 0.324 seconds
[2023-08-14T14:29:23.341+0300] {processor.py:157} INFO - Started process (PID=17055) to work on /home/soamariaka/.local/lib/python3.9/site-packages/airflow/example_dags/example_task_group.py
[2023-08-14T14:29:23.372+0300] {processor.py:826} INFO - Processing file /home/soamariaka/.local/lib/python3.9/site-packages/airflow/example_dags/example_task_group.py for tasks to queue
[2023-08-14T14:29:23.373+0300] {logging_mixin.py:150} INFO - [2023-08-14T14:29:23.373+0300] {dagbag.py:541} INFO - Filling up the DagBag from /home/soamariaka/.local/lib/python3.9/site-packages/airflow/example_dags/example_task_group.py
[2023-08-14T14:29:23.387+0300] {processor.py:836} INFO - DAG(s) dict_keys(['example_task_group']) retrieved from /home/soamariaka/.local/lib/python3.9/site-packages/airflow/example_dags/example_task_group.py
[2023-08-14T14:29:23.413+0300] {logging_mixin.py:150} INFO - [2023-08-14T14:29:23.413+0300] {dag.py:2742} INFO - Sync 1 DAGs
[2023-08-14T14:29:23.444+0300] {logging_mixin.py:150} INFO - [2023-08-14T14:29:23.444+0300] {dag.py:3504} INFO - Setting next_dagrun for example_task_group to 2023-08-13T11:29:23.444283+00:00, run_after=2023-08-14T11:29:23.444283+00:00
[2023-08-14T14:29:23.577+0300] {processor.py:179} INFO - Processing /home/soamariaka/.local/lib/python3.9/site-packages/airflow/example_dags/example_task_group.py took 0.241 seconds
[2023-08-14T14:30:19.422+0300] {processor.py:157} INFO - Started process (PID=17224) to work on /home/soamariaka/.local/lib/python3.9/site-packages/airflow/example_dags/example_task_group.py
[2023-08-14T14:30:19.458+0300] {processor.py:826} INFO - Processing file /home/soamariaka/.local/lib/python3.9/site-packages/airflow/example_dags/example_task_group.py for tasks to queue
[2023-08-14T14:30:19.460+0300] {logging_mixin.py:150} INFO - [2023-08-14T14:30:19.459+0300] {dagbag.py:541} INFO - Filling up the DagBag from /home/soamariaka/.local/lib/python3.9/site-packages/airflow/example_dags/example_task_group.py
[2023-08-14T14:30:19.475+0300] {processor.py:836} INFO - DAG(s) dict_keys(['example_task_group']) retrieved from /home/soamariaka/.local/lib/python3.9/site-packages/airflow/example_dags/example_task_group.py
[2023-08-14T14:30:19.507+0300] {logging_mixin.py:150} INFO - [2023-08-14T14:30:19.507+0300] {dag.py:2742} INFO - Sync 1 DAGs
[2023-08-14T14:30:19.540+0300] {logging_mixin.py:150} INFO - [2023-08-14T14:30:19.540+0300] {dag.py:3504} INFO - Setting next_dagrun for example_task_group to 2023-08-13T11:30:19.540091+00:00, run_after=2023-08-14T11:30:19.540091+00:00
[2023-08-14T14:30:19.800+0300] {processor.py:179} INFO - Processing /home/soamariaka/.local/lib/python3.9/site-packages/airflow/example_dags/example_task_group.py took 0.383 seconds
[2023-08-14T14:31:13.920+0300] {processor.py:157} INFO - Started process (PID=17276) to work on /home/soamariaka/.local/lib/python3.9/site-packages/airflow/example_dags/example_task_group.py
[2023-08-14T14:31:13.923+0300] {processor.py:826} INFO - Processing file /home/soamariaka/.local/lib/python3.9/site-packages/airflow/example_dags/example_task_group.py for tasks to queue
[2023-08-14T14:31:13.924+0300] {logging_mixin.py:150} INFO - [2023-08-14T14:31:13.923+0300] {dagbag.py:541} INFO - Filling up the DagBag from /home/soamariaka/.local/lib/python3.9/site-packages/airflow/example_dags/example_task_group.py
[2023-08-14T14:31:13.939+0300] {processor.py:836} INFO - DAG(s) dict_keys(['example_task_group']) retrieved from /home/soamariaka/.local/lib/python3.9/site-packages/airflow/example_dags/example_task_group.py
[2023-08-14T14:31:13.967+0300] {logging_mixin.py:150} INFO - [2023-08-14T14:31:13.967+0300] {dag.py:2742} INFO - Sync 1 DAGs
[2023-08-14T14:31:13.998+0300] {logging_mixin.py:150} INFO - [2023-08-14T14:31:13.998+0300] {dag.py:3504} INFO - Setting next_dagrun for example_task_group to 2023-08-13T11:31:13.997836+00:00, run_after=2023-08-14T11:31:13.997836+00:00
[2023-08-14T14:31:14.161+0300] {processor.py:179} INFO - Processing /home/soamariaka/.local/lib/python3.9/site-packages/airflow/example_dags/example_task_group.py took 0.247 seconds
[2023-08-14T14:32:14.193+0300] {processor.py:157} INFO - Started process (PID=17396) to work on /home/soamariaka/.local/lib/python3.9/site-packages/airflow/example_dags/example_task_group.py
[2023-08-14T14:32:14.195+0300] {processor.py:826} INFO - Processing file /home/soamariaka/.local/lib/python3.9/site-packages/airflow/example_dags/example_task_group.py for tasks to queue
[2023-08-14T14:32:14.197+0300] {logging_mixin.py:150} INFO - [2023-08-14T14:32:14.196+0300] {dagbag.py:541} INFO - Filling up the DagBag from /home/soamariaka/.local/lib/python3.9/site-packages/airflow/example_dags/example_task_group.py
[2023-08-14T14:32:14.211+0300] {processor.py:836} INFO - DAG(s) dict_keys(['example_task_group']) retrieved from /home/soamariaka/.local/lib/python3.9/site-packages/airflow/example_dags/example_task_group.py
[2023-08-14T14:32:14.238+0300] {logging_mixin.py:150} INFO - [2023-08-14T14:32:14.238+0300] {dag.py:2742} INFO - Sync 1 DAGs
[2023-08-14T14:32:14.270+0300] {logging_mixin.py:150} INFO - [2023-08-14T14:32:14.269+0300] {dag.py:3504} INFO - Setting next_dagrun for example_task_group to 2023-08-13T11:32:14.269467+00:00, run_after=2023-08-14T11:32:14.269467+00:00
[2023-08-14T14:32:14.401+0300] {processor.py:179} INFO - Processing /home/soamariaka/.local/lib/python3.9/site-packages/airflow/example_dags/example_task_group.py took 0.213 seconds
[2023-08-14T14:33:12.852+0300] {processor.py:157} INFO - Started process (PID=17546) to work on /home/soamariaka/.local/lib/python3.9/site-packages/airflow/example_dags/example_task_group.py
[2023-08-14T14:33:12.855+0300] {processor.py:826} INFO - Processing file /home/soamariaka/.local/lib/python3.9/site-packages/airflow/example_dags/example_task_group.py for tasks to queue
[2023-08-14T14:33:12.856+0300] {logging_mixin.py:150} INFO - [2023-08-14T14:33:12.856+0300] {dagbag.py:541} INFO - Filling up the DagBag from /home/soamariaka/.local/lib/python3.9/site-packages/airflow/example_dags/example_task_group.py
[2023-08-14T14:33:12.871+0300] {processor.py:836} INFO - DAG(s) dict_keys(['example_task_group']) retrieved from /home/soamariaka/.local/lib/python3.9/site-packages/airflow/example_dags/example_task_group.py
[2023-08-14T14:33:12.900+0300] {logging_mixin.py:150} INFO - [2023-08-14T14:33:12.899+0300] {dag.py:2742} INFO - Sync 1 DAGs
[2023-08-14T14:33:12.931+0300] {logging_mixin.py:150} INFO - [2023-08-14T14:33:12.931+0300] {dag.py:3504} INFO - Setting next_dagrun for example_task_group to 2023-08-13T11:33:12.931295+00:00, run_after=2023-08-14T11:33:12.931295+00:00
[2023-08-14T14:33:13.064+0300] {processor.py:179} INFO - Processing /home/soamariaka/.local/lib/python3.9/site-packages/airflow/example_dags/example_task_group.py took 0.217 seconds
[2023-08-14T14:34:12.776+0300] {processor.py:157} INFO - Started process (PID=17601) to work on /home/soamariaka/.local/lib/python3.9/site-packages/airflow/example_dags/example_task_group.py
[2023-08-14T14:34:12.778+0300] {processor.py:826} INFO - Processing file /home/soamariaka/.local/lib/python3.9/site-packages/airflow/example_dags/example_task_group.py for tasks to queue
[2023-08-14T14:34:12.780+0300] {logging_mixin.py:150} INFO - [2023-08-14T14:34:12.779+0300] {dagbag.py:541} INFO - Filling up the DagBag from /home/soamariaka/.local/lib/python3.9/site-packages/airflow/example_dags/example_task_group.py
[2023-08-14T14:34:12.794+0300] {processor.py:836} INFO - DAG(s) dict_keys(['example_task_group']) retrieved from /home/soamariaka/.local/lib/python3.9/site-packages/airflow/example_dags/example_task_group.py
[2023-08-14T14:34:12.821+0300] {logging_mixin.py:150} INFO - [2023-08-14T14:34:12.821+0300] {dag.py:2742} INFO - Sync 1 DAGs
[2023-08-14T14:34:12.857+0300] {logging_mixin.py:150} INFO - [2023-08-14T14:34:12.856+0300] {dag.py:3504} INFO - Setting next_dagrun for example_task_group to 2023-08-13T11:34:12.856197+00:00, run_after=2023-08-14T11:34:12.856197+00:00
[2023-08-14T14:34:13.077+0300] {processor.py:179} INFO - Processing /home/soamariaka/.local/lib/python3.9/site-packages/airflow/example_dags/example_task_group.py took 0.306 seconds
[2023-08-14T14:35:38.438+0300] {processor.py:157} INFO - Started process (PID=17854) to work on /home/soamariaka/.local/lib/python3.9/site-packages/airflow/example_dags/example_task_group.py
[2023-08-14T14:35:38.440+0300] {processor.py:826} INFO - Processing file /home/soamariaka/.local/lib/python3.9/site-packages/airflow/example_dags/example_task_group.py for tasks to queue
[2023-08-14T14:35:38.442+0300] {logging_mixin.py:150} INFO - [2023-08-14T14:35:38.441+0300] {dagbag.py:541} INFO - Filling up the DagBag from /home/soamariaka/.local/lib/python3.9/site-packages/airflow/example_dags/example_task_group.py
[2023-08-14T14:35:38.457+0300] {processor.py:836} INFO - DAG(s) dict_keys(['example_task_group']) retrieved from /home/soamariaka/.local/lib/python3.9/site-packages/airflow/example_dags/example_task_group.py
[2023-08-14T14:35:38.485+0300] {logging_mixin.py:150} INFO - [2023-08-14T14:35:38.484+0300] {dag.py:2742} INFO - Sync 1 DAGs
[2023-08-14T14:35:38.516+0300] {logging_mixin.py:150} INFO - [2023-08-14T14:35:38.516+0300] {dag.py:3504} INFO - Setting next_dagrun for example_task_group to 2023-08-13T11:35:38.515691+00:00, run_after=2023-08-14T11:35:38.515691+00:00
[2023-08-14T14:35:39.347+0300] {processor.py:179} INFO - Processing /home/soamariaka/.local/lib/python3.9/site-packages/airflow/example_dags/example_task_group.py took 0.914 seconds
[2023-08-14T14:37:20.286+0300] {processor.py:157} INFO - Started process (PID=18053) to work on /home/soamariaka/.local/lib/python3.9/site-packages/airflow/example_dags/example_task_group.py
[2023-08-14T14:37:20.288+0300] {processor.py:826} INFO - Processing file /home/soamariaka/.local/lib/python3.9/site-packages/airflow/example_dags/example_task_group.py for tasks to queue
[2023-08-14T14:37:20.289+0300] {logging_mixin.py:150} INFO - [2023-08-14T14:37:20.289+0300] {dagbag.py:541} INFO - Filling up the DagBag from /home/soamariaka/.local/lib/python3.9/site-packages/airflow/example_dags/example_task_group.py
[2023-08-14T14:37:20.304+0300] {processor.py:836} INFO - DAG(s) dict_keys(['example_task_group']) retrieved from /home/soamariaka/.local/lib/python3.9/site-packages/airflow/example_dags/example_task_group.py
[2023-08-14T14:37:20.333+0300] {logging_mixin.py:150} INFO - [2023-08-14T14:37:20.332+0300] {dag.py:2742} INFO - Sync 1 DAGs
[2023-08-14T14:37:20.364+0300] {logging_mixin.py:150} INFO - [2023-08-14T14:37:20.364+0300] {dag.py:3504} INFO - Setting next_dagrun for example_task_group to 2023-08-13T11:37:20.364024+00:00, run_after=2023-08-14T11:37:20.364024+00:00
[2023-08-14T14:37:20.488+0300] {processor.py:179} INFO - Processing /home/soamariaka/.local/lib/python3.9/site-packages/airflow/example_dags/example_task_group.py took 0.208 seconds
[2023-08-14T14:38:20.577+0300] {processor.py:157} INFO - Started process (PID=18236) to work on /home/soamariaka/.local/lib/python3.9/site-packages/airflow/example_dags/example_task_group.py
[2023-08-14T14:38:20.578+0300] {processor.py:826} INFO - Processing file /home/soamariaka/.local/lib/python3.9/site-packages/airflow/example_dags/example_task_group.py for tasks to queue
[2023-08-14T14:38:20.580+0300] {logging_mixin.py:150} INFO - [2023-08-14T14:38:20.579+0300] {dagbag.py:541} INFO - Filling up the DagBag from /home/soamariaka/.local/lib/python3.9/site-packages/airflow/example_dags/example_task_group.py
[2023-08-14T14:38:20.594+0300] {processor.py:836} INFO - DAG(s) dict_keys(['example_task_group']) retrieved from /home/soamariaka/.local/lib/python3.9/site-packages/airflow/example_dags/example_task_group.py
[2023-08-14T14:38:20.623+0300] {logging_mixin.py:150} INFO - [2023-08-14T14:38:20.623+0300] {dag.py:2742} INFO - Sync 1 DAGs
[2023-08-14T14:38:20.656+0300] {logging_mixin.py:150} INFO - [2023-08-14T14:38:20.656+0300] {dag.py:3504} INFO - Setting next_dagrun for example_task_group to 2023-08-13T11:38:20.655911+00:00, run_after=2023-08-14T11:38:20.655911+00:00
[2023-08-14T14:38:20.958+0300] {processor.py:179} INFO - Processing /home/soamariaka/.local/lib/python3.9/site-packages/airflow/example_dags/example_task_group.py took 0.387 seconds
[2023-08-14T14:39:29.473+0300] {processor.py:157} INFO - Started process (PID=18391) to work on /home/soamariaka/.local/lib/python3.9/site-packages/airflow/example_dags/example_task_group.py
[2023-08-14T14:39:29.476+0300] {processor.py:826} INFO - Processing file /home/soamariaka/.local/lib/python3.9/site-packages/airflow/example_dags/example_task_group.py for tasks to queue
[2023-08-14T14:39:29.477+0300] {logging_mixin.py:150} INFO - [2023-08-14T14:39:29.477+0300] {dagbag.py:541} INFO - Filling up the DagBag from /home/soamariaka/.local/lib/python3.9/site-packages/airflow/example_dags/example_task_group.py
[2023-08-14T14:39:29.492+0300] {processor.py:836} INFO - DAG(s) dict_keys(['example_task_group']) retrieved from /home/soamariaka/.local/lib/python3.9/site-packages/airflow/example_dags/example_task_group.py
[2023-08-14T14:39:29.521+0300] {logging_mixin.py:150} INFO - [2023-08-14T14:39:29.521+0300] {dag.py:2742} INFO - Sync 1 DAGs
[2023-08-14T14:39:29.552+0300] {logging_mixin.py:150} INFO - [2023-08-14T14:39:29.552+0300] {dag.py:3504} INFO - Setting next_dagrun for example_task_group to 2023-08-13T11:39:29.551708+00:00, run_after=2023-08-14T11:39:29.551708+00:00
[2023-08-14T14:39:29.711+0300] {processor.py:179} INFO - Processing /home/soamariaka/.local/lib/python3.9/site-packages/airflow/example_dags/example_task_group.py took 0.243 seconds
[2023-08-14T14:40:55.170+0300] {processor.py:157} INFO - Started process (PID=18647) to work on /home/soamariaka/.local/lib/python3.9/site-packages/airflow/example_dags/example_task_group.py
[2023-08-14T14:40:55.173+0300] {processor.py:826} INFO - Processing file /home/soamariaka/.local/lib/python3.9/site-packages/airflow/example_dags/example_task_group.py for tasks to queue
[2023-08-14T14:40:55.174+0300] {logging_mixin.py:150} INFO - [2023-08-14T14:40:55.174+0300] {dagbag.py:541} INFO - Filling up the DagBag from /home/soamariaka/.local/lib/python3.9/site-packages/airflow/example_dags/example_task_group.py
[2023-08-14T14:40:55.189+0300] {processor.py:836} INFO - DAG(s) dict_keys(['example_task_group']) retrieved from /home/soamariaka/.local/lib/python3.9/site-packages/airflow/example_dags/example_task_group.py
[2023-08-14T14:40:55.217+0300] {logging_mixin.py:150} INFO - [2023-08-14T14:40:55.217+0300] {dag.py:2742} INFO - Sync 1 DAGs
[2023-08-14T14:40:55.249+0300] {logging_mixin.py:150} INFO - [2023-08-14T14:40:55.248+0300] {dag.py:3504} INFO - Setting next_dagrun for example_task_group to 2023-08-13T11:40:55.248438+00:00, run_after=2023-08-14T11:40:55.248438+00:00
[2023-08-14T14:40:55.402+0300] {processor.py:179} INFO - Processing /home/soamariaka/.local/lib/python3.9/site-packages/airflow/example_dags/example_task_group.py took 0.239 seconds
