[2023-08-14T13:32:49.213+0300] {processor.py:157} INFO - Started process (PID=10752) to work on /home/soamariaka/.local/lib/python3.9/site-packages/airflow/example_dags/tutorial_taskflow_api_virtualenv.py
[2023-08-14T13:32:49.215+0300] {processor.py:826} INFO - Processing file /home/soamariaka/.local/lib/python3.9/site-packages/airflow/example_dags/tutorial_taskflow_api_virtualenv.py for tasks to queue
[2023-08-14T13:32:49.216+0300] {logging_mixin.py:150} INFO - [2023-08-14T13:32:49.216+0300] {dagbag.py:541} INFO - Filling up the DagBag from /home/soamariaka/.local/lib/python3.9/site-packages/airflow/example_dags/tutorial_taskflow_api_virtualenv.py
[2023-08-14T13:32:49.231+0300] {processor.py:836} INFO - DAG(s) dict_keys(['tutorial_taskflow_api_virtualenv']) retrieved from /home/soamariaka/.local/lib/python3.9/site-packages/airflow/example_dags/tutorial_taskflow_api_virtualenv.py
[2023-08-14T13:32:49.258+0300] {logging_mixin.py:150} INFO - [2023-08-14T13:32:49.258+0300] {dag.py:2742} INFO - Sync 1 DAGs
[2023-08-14T13:32:49.288+0300] {logging_mixin.py:150} INFO - [2023-08-14T13:32:49.288+0300] {dag.py:3504} INFO - Setting next_dagrun for tutorial_taskflow_api_virtualenv to None, run_after=None
[2023-08-14T13:32:49.408+0300] {processor.py:179} INFO - Processing /home/soamariaka/.local/lib/python3.9/site-packages/airflow/example_dags/tutorial_taskflow_api_virtualenv.py took 0.200 seconds
[2023-08-14T13:33:57.330+0300] {processor.py:157} INFO - Started process (PID=10808) to work on /home/soamariaka/.local/lib/python3.9/site-packages/airflow/example_dags/tutorial_taskflow_api_virtualenv.py
[2023-08-14T13:33:57.344+0300] {processor.py:826} INFO - Processing file /home/soamariaka/.local/lib/python3.9/site-packages/airflow/example_dags/tutorial_taskflow_api_virtualenv.py for tasks to queue
[2023-08-14T13:33:57.346+0300] {logging_mixin.py:150} INFO - [2023-08-14T13:33:57.346+0300] {dagbag.py:541} INFO - Filling up the DagBag from /home/soamariaka/.local/lib/python3.9/site-packages/airflow/example_dags/tutorial_taskflow_api_virtualenv.py
[2023-08-14T13:33:57.360+0300] {processor.py:836} INFO - DAG(s) dict_keys(['tutorial_taskflow_api_virtualenv']) retrieved from /home/soamariaka/.local/lib/python3.9/site-packages/airflow/example_dags/tutorial_taskflow_api_virtualenv.py
[2023-08-14T13:33:57.391+0300] {logging_mixin.py:150} INFO - [2023-08-14T13:33:57.391+0300] {dag.py:2742} INFO - Sync 1 DAGs
[2023-08-14T13:33:57.428+0300] {logging_mixin.py:150} INFO - [2023-08-14T13:33:57.427+0300] {dag.py:3504} INFO - Setting next_dagrun for tutorial_taskflow_api_virtualenv to None, run_after=None
[2023-08-14T13:33:57.561+0300] {processor.py:179} INFO - Processing /home/soamariaka/.local/lib/python3.9/site-packages/airflow/example_dags/tutorial_taskflow_api_virtualenv.py took 0.235 seconds
[2023-08-14T13:34:42.225+0300] {processor.py:157} INFO - Started process (PID=10940) to work on /home/soamariaka/.local/lib/python3.9/site-packages/airflow/example_dags/tutorial_taskflow_api_virtualenv.py
[2023-08-14T13:34:42.255+0300] {processor.py:826} INFO - Processing file /home/soamariaka/.local/lib/python3.9/site-packages/airflow/example_dags/tutorial_taskflow_api_virtualenv.py for tasks to queue
[2023-08-14T13:34:42.256+0300] {logging_mixin.py:150} INFO - [2023-08-14T13:34:42.256+0300] {dagbag.py:541} INFO - Filling up the DagBag from /home/soamariaka/.local/lib/python3.9/site-packages/airflow/example_dags/tutorial_taskflow_api_virtualenv.py
[2023-08-14T13:34:42.281+0300] {processor.py:836} INFO - DAG(s) dict_keys(['tutorial_taskflow_api_virtualenv']) retrieved from /home/soamariaka/.local/lib/python3.9/site-packages/airflow/example_dags/tutorial_taskflow_api_virtualenv.py
[2023-08-14T13:34:42.312+0300] {logging_mixin.py:150} INFO - [2023-08-14T13:34:42.312+0300] {dag.py:2742} INFO - Sync 1 DAGs
[2023-08-14T13:34:42.347+0300] {logging_mixin.py:150} INFO - [2023-08-14T13:34:42.346+0300] {dag.py:3504} INFO - Setting next_dagrun for tutorial_taskflow_api_virtualenv to None, run_after=None
[2023-08-14T13:34:42.588+0300] {processor.py:179} INFO - Processing /home/soamariaka/.local/lib/python3.9/site-packages/airflow/example_dags/tutorial_taskflow_api_virtualenv.py took 0.369 seconds
[2023-08-14T13:35:30.504+0300] {processor.py:157} INFO - Started process (PID=11041) to work on /home/soamariaka/.local/lib/python3.9/site-packages/airflow/example_dags/tutorial_taskflow_api_virtualenv.py
[2023-08-14T13:35:30.532+0300] {processor.py:826} INFO - Processing file /home/soamariaka/.local/lib/python3.9/site-packages/airflow/example_dags/tutorial_taskflow_api_virtualenv.py for tasks to queue
[2023-08-14T13:35:30.533+0300] {logging_mixin.py:150} INFO - [2023-08-14T13:35:30.533+0300] {dagbag.py:541} INFO - Filling up the DagBag from /home/soamariaka/.local/lib/python3.9/site-packages/airflow/example_dags/tutorial_taskflow_api_virtualenv.py
[2023-08-14T13:35:30.545+0300] {processor.py:836} INFO - DAG(s) dict_keys(['tutorial_taskflow_api_virtualenv']) retrieved from /home/soamariaka/.local/lib/python3.9/site-packages/airflow/example_dags/tutorial_taskflow_api_virtualenv.py
[2023-08-14T13:35:30.576+0300] {logging_mixin.py:150} INFO - [2023-08-14T13:35:30.575+0300] {dag.py:2742} INFO - Sync 1 DAGs
[2023-08-14T13:35:30.611+0300] {logging_mixin.py:150} INFO - [2023-08-14T13:35:30.611+0300] {dag.py:3504} INFO - Setting next_dagrun for tutorial_taskflow_api_virtualenv to None, run_after=None
[2023-08-14T13:35:30.766+0300] {processor.py:179} INFO - Processing /home/soamariaka/.local/lib/python3.9/site-packages/airflow/example_dags/tutorial_taskflow_api_virtualenv.py took 0.268 seconds
[2023-08-14T13:36:32.768+0300] {processor.py:157} INFO - Started process (PID=11097) to work on /home/soamariaka/.local/lib/python3.9/site-packages/airflow/example_dags/tutorial_taskflow_api_virtualenv.py
[2023-08-14T13:36:32.797+0300] {processor.py:826} INFO - Processing file /home/soamariaka/.local/lib/python3.9/site-packages/airflow/example_dags/tutorial_taskflow_api_virtualenv.py for tasks to queue
[2023-08-14T13:36:32.799+0300] {logging_mixin.py:150} INFO - [2023-08-14T13:36:32.799+0300] {dagbag.py:541} INFO - Filling up the DagBag from /home/soamariaka/.local/lib/python3.9/site-packages/airflow/example_dags/tutorial_taskflow_api_virtualenv.py
[2023-08-14T13:36:32.814+0300] {processor.py:836} INFO - DAG(s) dict_keys(['tutorial_taskflow_api_virtualenv']) retrieved from /home/soamariaka/.local/lib/python3.9/site-packages/airflow/example_dags/tutorial_taskflow_api_virtualenv.py
[2023-08-14T13:36:32.849+0300] {logging_mixin.py:150} INFO - [2023-08-14T13:36:32.849+0300] {dag.py:2742} INFO - Sync 1 DAGs
[2023-08-14T13:36:32.881+0300] {logging_mixin.py:150} INFO - [2023-08-14T13:36:32.881+0300] {dag.py:3504} INFO - Setting next_dagrun for tutorial_taskflow_api_virtualenv to None, run_after=None
[2023-08-14T13:36:32.995+0300] {processor.py:179} INFO - Processing /home/soamariaka/.local/lib/python3.9/site-packages/airflow/example_dags/tutorial_taskflow_api_virtualenv.py took 0.234 seconds
[2023-08-14T13:37:29.327+0300] {processor.py:157} INFO - Started process (PID=11196) to work on /home/soamariaka/.local/lib/python3.9/site-packages/airflow/example_dags/tutorial_taskflow_api_virtualenv.py
[2023-08-14T13:37:29.328+0300] {processor.py:826} INFO - Processing file /home/soamariaka/.local/lib/python3.9/site-packages/airflow/example_dags/tutorial_taskflow_api_virtualenv.py for tasks to queue
[2023-08-14T13:37:29.329+0300] {logging_mixin.py:150} INFO - [2023-08-14T13:37:29.329+0300] {dagbag.py:541} INFO - Filling up the DagBag from /home/soamariaka/.local/lib/python3.9/site-packages/airflow/example_dags/tutorial_taskflow_api_virtualenv.py
[2023-08-14T13:37:29.339+0300] {processor.py:836} INFO - DAG(s) dict_keys(['tutorial_taskflow_api_virtualenv']) retrieved from /home/soamariaka/.local/lib/python3.9/site-packages/airflow/example_dags/tutorial_taskflow_api_virtualenv.py
[2023-08-14T13:37:29.363+0300] {logging_mixin.py:150} INFO - [2023-08-14T13:37:29.363+0300] {dag.py:2742} INFO - Sync 1 DAGs
[2023-08-14T13:37:29.395+0300] {logging_mixin.py:150} INFO - [2023-08-14T13:37:29.395+0300] {dag.py:3504} INFO - Setting next_dagrun for tutorial_taskflow_api_virtualenv to None, run_after=None
[2023-08-14T13:37:29.508+0300] {processor.py:179} INFO - Processing /home/soamariaka/.local/lib/python3.9/site-packages/airflow/example_dags/tutorial_taskflow_api_virtualenv.py took 0.186 seconds
[2023-08-14T13:38:30.163+0300] {processor.py:157} INFO - Started process (PID=11334) to work on /home/soamariaka/.local/lib/python3.9/site-packages/airflow/example_dags/tutorial_taskflow_api_virtualenv.py
[2023-08-14T13:38:30.199+0300] {processor.py:826} INFO - Processing file /home/soamariaka/.local/lib/python3.9/site-packages/airflow/example_dags/tutorial_taskflow_api_virtualenv.py for tasks to queue
[2023-08-14T13:38:30.201+0300] {logging_mixin.py:150} INFO - [2023-08-14T13:38:30.200+0300] {dagbag.py:541} INFO - Filling up the DagBag from /home/soamariaka/.local/lib/python3.9/site-packages/airflow/example_dags/tutorial_taskflow_api_virtualenv.py
[2023-08-14T13:38:30.215+0300] {processor.py:836} INFO - DAG(s) dict_keys(['tutorial_taskflow_api_virtualenv']) retrieved from /home/soamariaka/.local/lib/python3.9/site-packages/airflow/example_dags/tutorial_taskflow_api_virtualenv.py
[2023-08-14T13:38:30.250+0300] {logging_mixin.py:150} INFO - [2023-08-14T13:38:30.250+0300] {dag.py:2742} INFO - Sync 1 DAGs
[2023-08-14T13:38:30.283+0300] {logging_mixin.py:150} INFO - [2023-08-14T13:38:30.283+0300] {dag.py:3504} INFO - Setting next_dagrun for tutorial_taskflow_api_virtualenv to None, run_after=None
[2023-08-14T13:38:30.429+0300] {processor.py:179} INFO - Processing /home/soamariaka/.local/lib/python3.9/site-packages/airflow/example_dags/tutorial_taskflow_api_virtualenv.py took 0.272 seconds
[2023-08-14T13:39:36.493+0300] {processor.py:157} INFO - Started process (PID=11435) to work on /home/soamariaka/.local/lib/python3.9/site-packages/airflow/example_dags/tutorial_taskflow_api_virtualenv.py
[2023-08-14T13:39:36.496+0300] {processor.py:826} INFO - Processing file /home/soamariaka/.local/lib/python3.9/site-packages/airflow/example_dags/tutorial_taskflow_api_virtualenv.py for tasks to queue
[2023-08-14T13:39:36.497+0300] {logging_mixin.py:150} INFO - [2023-08-14T13:39:36.497+0300] {dagbag.py:541} INFO - Filling up the DagBag from /home/soamariaka/.local/lib/python3.9/site-packages/airflow/example_dags/tutorial_taskflow_api_virtualenv.py
[2023-08-14T13:39:36.510+0300] {processor.py:836} INFO - DAG(s) dict_keys(['tutorial_taskflow_api_virtualenv']) retrieved from /home/soamariaka/.local/lib/python3.9/site-packages/airflow/example_dags/tutorial_taskflow_api_virtualenv.py
[2023-08-14T13:39:36.538+0300] {logging_mixin.py:150} INFO - [2023-08-14T13:39:36.537+0300] {dag.py:2742} INFO - Sync 1 DAGs
[2023-08-14T13:39:36.568+0300] {logging_mixin.py:150} INFO - [2023-08-14T13:39:36.568+0300] {dag.py:3504} INFO - Setting next_dagrun for tutorial_taskflow_api_virtualenv to None, run_after=None
[2023-08-14T13:39:36.729+0300] {processor.py:179} INFO - Processing /home/soamariaka/.local/lib/python3.9/site-packages/airflow/example_dags/tutorial_taskflow_api_virtualenv.py took 0.242 seconds
[2023-08-14T13:40:33.928+0300] {processor.py:157} INFO - Started process (PID=11505) to work on /home/soamariaka/.local/lib/python3.9/site-packages/airflow/example_dags/tutorial_taskflow_api_virtualenv.py
[2023-08-14T13:40:33.930+0300] {processor.py:826} INFO - Processing file /home/soamariaka/.local/lib/python3.9/site-packages/airflow/example_dags/tutorial_taskflow_api_virtualenv.py for tasks to queue
[2023-08-14T13:40:33.932+0300] {logging_mixin.py:150} INFO - [2023-08-14T13:40:33.931+0300] {dagbag.py:541} INFO - Filling up the DagBag from /home/soamariaka/.local/lib/python3.9/site-packages/airflow/example_dags/tutorial_taskflow_api_virtualenv.py
[2023-08-14T13:40:33.944+0300] {processor.py:836} INFO - DAG(s) dict_keys(['tutorial_taskflow_api_virtualenv']) retrieved from /home/soamariaka/.local/lib/python3.9/site-packages/airflow/example_dags/tutorial_taskflow_api_virtualenv.py
[2023-08-14T13:40:33.978+0300] {logging_mixin.py:150} INFO - [2023-08-14T13:40:33.977+0300] {dag.py:2742} INFO - Sync 1 DAGs
[2023-08-14T13:40:34.010+0300] {logging_mixin.py:150} INFO - [2023-08-14T13:40:34.010+0300] {dag.py:3504} INFO - Setting next_dagrun for tutorial_taskflow_api_virtualenv to None, run_after=None
[2023-08-14T13:40:34.160+0300] {processor.py:179} INFO - Processing /home/soamariaka/.local/lib/python3.9/site-packages/airflow/example_dags/tutorial_taskflow_api_virtualenv.py took 0.237 seconds
[2023-08-14T13:41:27.276+0300] {processor.py:157} INFO - Started process (PID=11584) to work on /home/soamariaka/.local/lib/python3.9/site-packages/airflow/example_dags/tutorial_taskflow_api_virtualenv.py
[2023-08-14T13:41:27.314+0300] {processor.py:826} INFO - Processing file /home/soamariaka/.local/lib/python3.9/site-packages/airflow/example_dags/tutorial_taskflow_api_virtualenv.py for tasks to queue
[2023-08-14T13:41:27.316+0300] {logging_mixin.py:150} INFO - [2023-08-14T13:41:27.315+0300] {dagbag.py:541} INFO - Filling up the DagBag from /home/soamariaka/.local/lib/python3.9/site-packages/airflow/example_dags/tutorial_taskflow_api_virtualenv.py
[2023-08-14T13:41:27.330+0300] {processor.py:836} INFO - DAG(s) dict_keys(['tutorial_taskflow_api_virtualenv']) retrieved from /home/soamariaka/.local/lib/python3.9/site-packages/airflow/example_dags/tutorial_taskflow_api_virtualenv.py
[2023-08-14T13:41:27.360+0300] {logging_mixin.py:150} INFO - [2023-08-14T13:41:27.360+0300] {dag.py:2742} INFO - Sync 1 DAGs
[2023-08-14T13:41:27.391+0300] {logging_mixin.py:150} INFO - [2023-08-14T13:41:27.391+0300] {dag.py:3504} INFO - Setting next_dagrun for tutorial_taskflow_api_virtualenv to None, run_after=None
[2023-08-14T13:41:27.536+0300] {processor.py:179} INFO - Processing /home/soamariaka/.local/lib/python3.9/site-packages/airflow/example_dags/tutorial_taskflow_api_virtualenv.py took 0.266 seconds
[2023-08-14T13:42:24.212+0300] {processor.py:157} INFO - Started process (PID=11634) to work on /home/soamariaka/.local/lib/python3.9/site-packages/airflow/example_dags/tutorial_taskflow_api_virtualenv.py
[2023-08-14T13:42:24.215+0300] {processor.py:826} INFO - Processing file /home/soamariaka/.local/lib/python3.9/site-packages/airflow/example_dags/tutorial_taskflow_api_virtualenv.py for tasks to queue
[2023-08-14T13:42:24.217+0300] {logging_mixin.py:150} INFO - [2023-08-14T13:42:24.216+0300] {dagbag.py:541} INFO - Filling up the DagBag from /home/soamariaka/.local/lib/python3.9/site-packages/airflow/example_dags/tutorial_taskflow_api_virtualenv.py
[2023-08-14T13:42:24.236+0300] {processor.py:836} INFO - DAG(s) dict_keys(['tutorial_taskflow_api_virtualenv']) retrieved from /home/soamariaka/.local/lib/python3.9/site-packages/airflow/example_dags/tutorial_taskflow_api_virtualenv.py
[2023-08-14T13:42:24.279+0300] {logging_mixin.py:150} INFO - [2023-08-14T13:42:24.278+0300] {dag.py:2742} INFO - Sync 1 DAGs
[2023-08-14T13:42:24.322+0300] {logging_mixin.py:150} INFO - [2023-08-14T13:42:24.322+0300] {dag.py:3504} INFO - Setting next_dagrun for tutorial_taskflow_api_virtualenv to None, run_after=None
[2023-08-14T13:42:24.470+0300] {processor.py:179} INFO - Processing /home/soamariaka/.local/lib/python3.9/site-packages/airflow/example_dags/tutorial_taskflow_api_virtualenv.py took 0.263 seconds
[2023-08-14T13:43:17.028+0300] {processor.py:157} INFO - Started process (PID=11682) to work on /home/soamariaka/.local/lib/python3.9/site-packages/airflow/example_dags/tutorial_taskflow_api_virtualenv.py
[2023-08-14T13:43:17.031+0300] {processor.py:826} INFO - Processing file /home/soamariaka/.local/lib/python3.9/site-packages/airflow/example_dags/tutorial_taskflow_api_virtualenv.py for tasks to queue
[2023-08-14T13:43:17.032+0300] {logging_mixin.py:150} INFO - [2023-08-14T13:43:17.032+0300] {dagbag.py:541} INFO - Filling up the DagBag from /home/soamariaka/.local/lib/python3.9/site-packages/airflow/example_dags/tutorial_taskflow_api_virtualenv.py
[2023-08-14T13:43:17.045+0300] {processor.py:836} INFO - DAG(s) dict_keys(['tutorial_taskflow_api_virtualenv']) retrieved from /home/soamariaka/.local/lib/python3.9/site-packages/airflow/example_dags/tutorial_taskflow_api_virtualenv.py
[2023-08-14T13:43:17.072+0300] {logging_mixin.py:150} INFO - [2023-08-14T13:43:17.072+0300] {dag.py:2742} INFO - Sync 1 DAGs
[2023-08-14T13:43:17.103+0300] {logging_mixin.py:150} INFO - [2023-08-14T13:43:17.103+0300] {dag.py:3504} INFO - Setting next_dagrun for tutorial_taskflow_api_virtualenv to None, run_after=None
[2023-08-14T13:43:17.249+0300] {processor.py:179} INFO - Processing /home/soamariaka/.local/lib/python3.9/site-packages/airflow/example_dags/tutorial_taskflow_api_virtualenv.py took 0.225 seconds
[2023-08-14T13:44:17.940+0300] {processor.py:157} INFO - Started process (PID=11765) to work on /home/soamariaka/.local/lib/python3.9/site-packages/airflow/example_dags/tutorial_taskflow_api_virtualenv.py
[2023-08-14T13:44:17.958+0300] {processor.py:826} INFO - Processing file /home/soamariaka/.local/lib/python3.9/site-packages/airflow/example_dags/tutorial_taskflow_api_virtualenv.py for tasks to queue
[2023-08-14T13:44:17.973+0300] {logging_mixin.py:150} INFO - [2023-08-14T13:44:17.972+0300] {dagbag.py:541} INFO - Filling up the DagBag from /home/soamariaka/.local/lib/python3.9/site-packages/airflow/example_dags/tutorial_taskflow_api_virtualenv.py
[2023-08-14T13:44:17.987+0300] {processor.py:836} INFO - DAG(s) dict_keys(['tutorial_taskflow_api_virtualenv']) retrieved from /home/soamariaka/.local/lib/python3.9/site-packages/airflow/example_dags/tutorial_taskflow_api_virtualenv.py
[2023-08-14T13:44:18.019+0300] {logging_mixin.py:150} INFO - [2023-08-14T13:44:18.019+0300] {dag.py:2742} INFO - Sync 1 DAGs
[2023-08-14T13:44:18.052+0300] {logging_mixin.py:150} INFO - [2023-08-14T13:44:18.051+0300] {dag.py:3504} INFO - Setting next_dagrun for tutorial_taskflow_api_virtualenv to None, run_after=None
[2023-08-14T13:44:18.359+0300] {processor.py:179} INFO - Processing /home/soamariaka/.local/lib/python3.9/site-packages/airflow/example_dags/tutorial_taskflow_api_virtualenv.py took 0.424 seconds
[2023-08-14T13:45:25.867+0300] {processor.py:157} INFO - Started process (PID=11841) to work on /home/soamariaka/.local/lib/python3.9/site-packages/airflow/example_dags/tutorial_taskflow_api_virtualenv.py
[2023-08-14T13:45:25.879+0300] {processor.py:826} INFO - Processing file /home/soamariaka/.local/lib/python3.9/site-packages/airflow/example_dags/tutorial_taskflow_api_virtualenv.py for tasks to queue
[2023-08-14T13:45:25.896+0300] {logging_mixin.py:150} INFO - [2023-08-14T13:45:25.896+0300] {dagbag.py:541} INFO - Filling up the DagBag from /home/soamariaka/.local/lib/python3.9/site-packages/airflow/example_dags/tutorial_taskflow_api_virtualenv.py
[2023-08-14T13:45:25.908+0300] {processor.py:836} INFO - DAG(s) dict_keys(['tutorial_taskflow_api_virtualenv']) retrieved from /home/soamariaka/.local/lib/python3.9/site-packages/airflow/example_dags/tutorial_taskflow_api_virtualenv.py
[2023-08-14T13:45:25.934+0300] {logging_mixin.py:150} INFO - [2023-08-14T13:45:25.934+0300] {dag.py:2742} INFO - Sync 1 DAGs
[2023-08-14T13:45:25.965+0300] {logging_mixin.py:150} INFO - [2023-08-14T13:45:25.965+0300] {dag.py:3504} INFO - Setting next_dagrun for tutorial_taskflow_api_virtualenv to None, run_after=None
[2023-08-14T13:45:26.189+0300] {processor.py:179} INFO - Processing /home/soamariaka/.local/lib/python3.9/site-packages/airflow/example_dags/tutorial_taskflow_api_virtualenv.py took 0.327 seconds
[2023-08-14T13:46:29.221+0300] {processor.py:157} INFO - Started process (PID=11932) to work on /home/soamariaka/.local/lib/python3.9/site-packages/airflow/example_dags/tutorial_taskflow_api_virtualenv.py
[2023-08-14T13:46:29.233+0300] {processor.py:826} INFO - Processing file /home/soamariaka/.local/lib/python3.9/site-packages/airflow/example_dags/tutorial_taskflow_api_virtualenv.py for tasks to queue
[2023-08-14T13:46:29.235+0300] {logging_mixin.py:150} INFO - [2023-08-14T13:46:29.234+0300] {dagbag.py:541} INFO - Filling up the DagBag from /home/soamariaka/.local/lib/python3.9/site-packages/airflow/example_dags/tutorial_taskflow_api_virtualenv.py
[2023-08-14T13:46:29.248+0300] {processor.py:836} INFO - DAG(s) dict_keys(['tutorial_taskflow_api_virtualenv']) retrieved from /home/soamariaka/.local/lib/python3.9/site-packages/airflow/example_dags/tutorial_taskflow_api_virtualenv.py
[2023-08-14T13:46:29.276+0300] {logging_mixin.py:150} INFO - [2023-08-14T13:46:29.276+0300] {dag.py:2742} INFO - Sync 1 DAGs
[2023-08-14T13:46:29.308+0300] {logging_mixin.py:150} INFO - [2023-08-14T13:46:29.307+0300] {dag.py:3504} INFO - Setting next_dagrun for tutorial_taskflow_api_virtualenv to None, run_after=None
[2023-08-14T13:46:29.437+0300] {processor.py:179} INFO - Processing /home/soamariaka/.local/lib/python3.9/site-packages/airflow/example_dags/tutorial_taskflow_api_virtualenv.py took 0.221 seconds
[2023-08-14T13:47:29.995+0300] {processor.py:157} INFO - Started process (PID=11988) to work on /home/soamariaka/.local/lib/python3.9/site-packages/airflow/example_dags/tutorial_taskflow_api_virtualenv.py
[2023-08-14T13:47:29.997+0300] {processor.py:826} INFO - Processing file /home/soamariaka/.local/lib/python3.9/site-packages/airflow/example_dags/tutorial_taskflow_api_virtualenv.py for tasks to queue
[2023-08-14T13:47:29.999+0300] {logging_mixin.py:150} INFO - [2023-08-14T13:47:29.998+0300] {dagbag.py:541} INFO - Filling up the DagBag from /home/soamariaka/.local/lib/python3.9/site-packages/airflow/example_dags/tutorial_taskflow_api_virtualenv.py
[2023-08-14T13:47:30.011+0300] {processor.py:836} INFO - DAG(s) dict_keys(['tutorial_taskflow_api_virtualenv']) retrieved from /home/soamariaka/.local/lib/python3.9/site-packages/airflow/example_dags/tutorial_taskflow_api_virtualenv.py
[2023-08-14T13:47:30.039+0300] {logging_mixin.py:150} INFO - [2023-08-14T13:47:30.039+0300] {dag.py:2742} INFO - Sync 1 DAGs
[2023-08-14T13:47:30.071+0300] {logging_mixin.py:150} INFO - [2023-08-14T13:47:30.070+0300] {dag.py:3504} INFO - Setting next_dagrun for tutorial_taskflow_api_virtualenv to None, run_after=None
[2023-08-14T13:47:30.383+0300] {processor.py:179} INFO - Processing /home/soamariaka/.local/lib/python3.9/site-packages/airflow/example_dags/tutorial_taskflow_api_virtualenv.py took 0.393 seconds
[2023-08-14T13:48:30.699+0300] {processor.py:157} INFO - Started process (PID=12081) to work on /home/soamariaka/.local/lib/python3.9/site-packages/airflow/example_dags/tutorial_taskflow_api_virtualenv.py
[2023-08-14T13:48:30.701+0300] {processor.py:826} INFO - Processing file /home/soamariaka/.local/lib/python3.9/site-packages/airflow/example_dags/tutorial_taskflow_api_virtualenv.py for tasks to queue
[2023-08-14T13:48:30.702+0300] {logging_mixin.py:150} INFO - [2023-08-14T13:48:30.702+0300] {dagbag.py:541} INFO - Filling up the DagBag from /home/soamariaka/.local/lib/python3.9/site-packages/airflow/example_dags/tutorial_taskflow_api_virtualenv.py
[2023-08-14T13:48:30.712+0300] {processor.py:836} INFO - DAG(s) dict_keys(['tutorial_taskflow_api_virtualenv']) retrieved from /home/soamariaka/.local/lib/python3.9/site-packages/airflow/example_dags/tutorial_taskflow_api_virtualenv.py
[2023-08-14T13:48:30.737+0300] {logging_mixin.py:150} INFO - [2023-08-14T13:48:30.737+0300] {dag.py:2742} INFO - Sync 1 DAGs
[2023-08-14T13:48:30.767+0300] {logging_mixin.py:150} INFO - [2023-08-14T13:48:30.767+0300] {dag.py:3504} INFO - Setting next_dagrun for tutorial_taskflow_api_virtualenv to None, run_after=None
[2023-08-14T13:48:31.354+0300] {processor.py:179} INFO - Processing /home/soamariaka/.local/lib/python3.9/site-packages/airflow/example_dags/tutorial_taskflow_api_virtualenv.py took 0.659 seconds
[2023-08-14T13:49:32.978+0300] {processor.py:157} INFO - Started process (PID=12139) to work on /home/soamariaka/.local/lib/python3.9/site-packages/airflow/example_dags/tutorial_taskflow_api_virtualenv.py
[2023-08-14T13:49:32.980+0300] {processor.py:826} INFO - Processing file /home/soamariaka/.local/lib/python3.9/site-packages/airflow/example_dags/tutorial_taskflow_api_virtualenv.py for tasks to queue
[2023-08-14T13:49:32.981+0300] {logging_mixin.py:150} INFO - [2023-08-14T13:49:32.981+0300] {dagbag.py:541} INFO - Filling up the DagBag from /home/soamariaka/.local/lib/python3.9/site-packages/airflow/example_dags/tutorial_taskflow_api_virtualenv.py
[2023-08-14T13:49:32.994+0300] {processor.py:836} INFO - DAG(s) dict_keys(['tutorial_taskflow_api_virtualenv']) retrieved from /home/soamariaka/.local/lib/python3.9/site-packages/airflow/example_dags/tutorial_taskflow_api_virtualenv.py
[2023-08-14T13:49:33.021+0300] {logging_mixin.py:150} INFO - [2023-08-14T13:49:33.021+0300] {dag.py:2742} INFO - Sync 1 DAGs
[2023-08-14T13:49:33.064+0300] {logging_mixin.py:150} INFO - [2023-08-14T13:49:33.064+0300] {dag.py:3504} INFO - Setting next_dagrun for tutorial_taskflow_api_virtualenv to None, run_after=None
[2023-08-14T13:49:33.504+0300] {processor.py:179} INFO - Processing /home/soamariaka/.local/lib/python3.9/site-packages/airflow/example_dags/tutorial_taskflow_api_virtualenv.py took 0.531 seconds
[2023-08-14T13:50:38.433+0300] {processor.py:157} INFO - Started process (PID=12215) to work on /home/soamariaka/.local/lib/python3.9/site-packages/airflow/example_dags/tutorial_taskflow_api_virtualenv.py
[2023-08-14T13:50:38.436+0300] {processor.py:826} INFO - Processing file /home/soamariaka/.local/lib/python3.9/site-packages/airflow/example_dags/tutorial_taskflow_api_virtualenv.py for tasks to queue
[2023-08-14T13:50:38.438+0300] {logging_mixin.py:150} INFO - [2023-08-14T13:50:38.437+0300] {dagbag.py:541} INFO - Filling up the DagBag from /home/soamariaka/.local/lib/python3.9/site-packages/airflow/example_dags/tutorial_taskflow_api_virtualenv.py
[2023-08-14T13:50:38.450+0300] {processor.py:836} INFO - DAG(s) dict_keys(['tutorial_taskflow_api_virtualenv']) retrieved from /home/soamariaka/.local/lib/python3.9/site-packages/airflow/example_dags/tutorial_taskflow_api_virtualenv.py
[2023-08-14T13:50:38.477+0300] {logging_mixin.py:150} INFO - [2023-08-14T13:50:38.477+0300] {dag.py:2742} INFO - Sync 1 DAGs
[2023-08-14T13:50:38.508+0300] {logging_mixin.py:150} INFO - [2023-08-14T13:50:38.507+0300] {dag.py:3504} INFO - Setting next_dagrun for tutorial_taskflow_api_virtualenv to None, run_after=None
[2023-08-14T13:50:38.640+0300] {processor.py:179} INFO - Processing /home/soamariaka/.local/lib/python3.9/site-packages/airflow/example_dags/tutorial_taskflow_api_virtualenv.py took 0.212 seconds
[2023-08-14T13:51:44.500+0300] {processor.py:157} INFO - Started process (PID=12309) to work on /home/soamariaka/.local/lib/python3.9/site-packages/airflow/example_dags/tutorial_taskflow_api_virtualenv.py
[2023-08-14T13:51:44.502+0300] {processor.py:826} INFO - Processing file /home/soamariaka/.local/lib/python3.9/site-packages/airflow/example_dags/tutorial_taskflow_api_virtualenv.py for tasks to queue
[2023-08-14T13:51:44.503+0300] {logging_mixin.py:150} INFO - [2023-08-14T13:51:44.503+0300] {dagbag.py:541} INFO - Filling up the DagBag from /home/soamariaka/.local/lib/python3.9/site-packages/airflow/example_dags/tutorial_taskflow_api_virtualenv.py
[2023-08-14T13:51:44.515+0300] {processor.py:836} INFO - DAG(s) dict_keys(['tutorial_taskflow_api_virtualenv']) retrieved from /home/soamariaka/.local/lib/python3.9/site-packages/airflow/example_dags/tutorial_taskflow_api_virtualenv.py
[2023-08-14T13:51:44.542+0300] {logging_mixin.py:150} INFO - [2023-08-14T13:51:44.541+0300] {dag.py:2742} INFO - Sync 1 DAGs
[2023-08-14T13:51:44.581+0300] {logging_mixin.py:150} INFO - [2023-08-14T13:51:44.580+0300] {dag.py:3504} INFO - Setting next_dagrun for tutorial_taskflow_api_virtualenv to None, run_after=None
[2023-08-14T13:51:44.746+0300] {processor.py:179} INFO - Processing /home/soamariaka/.local/lib/python3.9/site-packages/airflow/example_dags/tutorial_taskflow_api_virtualenv.py took 0.252 seconds
[2023-08-14T13:52:45.501+0300] {processor.py:157} INFO - Started process (PID=12366) to work on /home/soamariaka/.local/lib/python3.9/site-packages/airflow/example_dags/tutorial_taskflow_api_virtualenv.py
[2023-08-14T13:52:45.503+0300] {processor.py:826} INFO - Processing file /home/soamariaka/.local/lib/python3.9/site-packages/airflow/example_dags/tutorial_taskflow_api_virtualenv.py for tasks to queue
[2023-08-14T13:52:45.505+0300] {logging_mixin.py:150} INFO - [2023-08-14T13:52:45.504+0300] {dagbag.py:541} INFO - Filling up the DagBag from /home/soamariaka/.local/lib/python3.9/site-packages/airflow/example_dags/tutorial_taskflow_api_virtualenv.py
[2023-08-14T13:52:45.517+0300] {processor.py:836} INFO - DAG(s) dict_keys(['tutorial_taskflow_api_virtualenv']) retrieved from /home/soamariaka/.local/lib/python3.9/site-packages/airflow/example_dags/tutorial_taskflow_api_virtualenv.py
[2023-08-14T13:52:45.547+0300] {logging_mixin.py:150} INFO - [2023-08-14T13:52:45.547+0300] {dag.py:2742} INFO - Sync 1 DAGs
[2023-08-14T13:52:45.579+0300] {logging_mixin.py:150} INFO - [2023-08-14T13:52:45.578+0300] {dag.py:3504} INFO - Setting next_dagrun for tutorial_taskflow_api_virtualenv to None, run_after=None
[2023-08-14T13:52:45.709+0300] {processor.py:179} INFO - Processing /home/soamariaka/.local/lib/python3.9/site-packages/airflow/example_dags/tutorial_taskflow_api_virtualenv.py took 0.213 seconds
[2023-08-14T13:53:50.457+0300] {processor.py:157} INFO - Started process (PID=12427) to work on /home/soamariaka/.local/lib/python3.9/site-packages/airflow/example_dags/tutorial_taskflow_api_virtualenv.py
[2023-08-14T13:53:50.491+0300] {processor.py:826} INFO - Processing file /home/soamariaka/.local/lib/python3.9/site-packages/airflow/example_dags/tutorial_taskflow_api_virtualenv.py for tasks to queue
[2023-08-14T13:53:50.493+0300] {logging_mixin.py:150} INFO - [2023-08-14T13:53:50.492+0300] {dagbag.py:541} INFO - Filling up the DagBag from /home/soamariaka/.local/lib/python3.9/site-packages/airflow/example_dags/tutorial_taskflow_api_virtualenv.py
[2023-08-14T13:53:50.506+0300] {processor.py:836} INFO - DAG(s) dict_keys(['tutorial_taskflow_api_virtualenv']) retrieved from /home/soamariaka/.local/lib/python3.9/site-packages/airflow/example_dags/tutorial_taskflow_api_virtualenv.py
[2023-08-14T13:53:50.539+0300] {logging_mixin.py:150} INFO - [2023-08-14T13:53:50.539+0300] {dag.py:2742} INFO - Sync 1 DAGs
[2023-08-14T13:53:50.572+0300] {logging_mixin.py:150} INFO - [2023-08-14T13:53:50.571+0300] {dag.py:3504} INFO - Setting next_dagrun for tutorial_taskflow_api_virtualenv to None, run_after=None
[2023-08-14T13:53:50.693+0300] {processor.py:179} INFO - Processing /home/soamariaka/.local/lib/python3.9/site-packages/airflow/example_dags/tutorial_taskflow_api_virtualenv.py took 0.242 seconds
[2023-08-14T13:54:55.615+0300] {processor.py:157} INFO - Started process (PID=12535) to work on /home/soamariaka/.local/lib/python3.9/site-packages/airflow/example_dags/tutorial_taskflow_api_virtualenv.py
[2023-08-14T13:54:55.645+0300] {processor.py:826} INFO - Processing file /home/soamariaka/.local/lib/python3.9/site-packages/airflow/example_dags/tutorial_taskflow_api_virtualenv.py for tasks to queue
[2023-08-14T13:54:55.647+0300] {logging_mixin.py:150} INFO - [2023-08-14T13:54:55.646+0300] {dagbag.py:541} INFO - Filling up the DagBag from /home/soamariaka/.local/lib/python3.9/site-packages/airflow/example_dags/tutorial_taskflow_api_virtualenv.py
[2023-08-14T13:54:55.660+0300] {processor.py:836} INFO - DAG(s) dict_keys(['tutorial_taskflow_api_virtualenv']) retrieved from /home/soamariaka/.local/lib/python3.9/site-packages/airflow/example_dags/tutorial_taskflow_api_virtualenv.py
[2023-08-14T13:54:55.691+0300] {logging_mixin.py:150} INFO - [2023-08-14T13:54:55.690+0300] {dag.py:2742} INFO - Sync 1 DAGs
[2023-08-14T13:54:55.730+0300] {logging_mixin.py:150} INFO - [2023-08-14T13:54:55.730+0300] {dag.py:3504} INFO - Setting next_dagrun for tutorial_taskflow_api_virtualenv to None, run_after=None
[2023-08-14T13:54:56.024+0300] {processor.py:179} INFO - Processing /home/soamariaka/.local/lib/python3.9/site-packages/airflow/example_dags/tutorial_taskflow_api_virtualenv.py took 0.413 seconds
[2023-08-14T13:56:01.999+0300] {processor.py:157} INFO - Started process (PID=12596) to work on /home/soamariaka/.local/lib/python3.9/site-packages/airflow/example_dags/tutorial_taskflow_api_virtualenv.py
[2023-08-14T13:56:02.033+0300] {processor.py:826} INFO - Processing file /home/soamariaka/.local/lib/python3.9/site-packages/airflow/example_dags/tutorial_taskflow_api_virtualenv.py for tasks to queue
[2023-08-14T13:56:02.035+0300] {logging_mixin.py:150} INFO - [2023-08-14T13:56:02.034+0300] {dagbag.py:541} INFO - Filling up the DagBag from /home/soamariaka/.local/lib/python3.9/site-packages/airflow/example_dags/tutorial_taskflow_api_virtualenv.py
[2023-08-14T13:56:02.048+0300] {processor.py:836} INFO - DAG(s) dict_keys(['tutorial_taskflow_api_virtualenv']) retrieved from /home/soamariaka/.local/lib/python3.9/site-packages/airflow/example_dags/tutorial_taskflow_api_virtualenv.py
[2023-08-14T13:56:02.080+0300] {logging_mixin.py:150} INFO - [2023-08-14T13:56:02.079+0300] {dag.py:2742} INFO - Sync 1 DAGs
[2023-08-14T13:56:02.124+0300] {logging_mixin.py:150} INFO - [2023-08-14T13:56:02.124+0300] {dag.py:3504} INFO - Setting next_dagrun for tutorial_taskflow_api_virtualenv to None, run_after=None
[2023-08-14T13:56:02.444+0300] {processor.py:179} INFO - Processing /home/soamariaka/.local/lib/python3.9/site-packages/airflow/example_dags/tutorial_taskflow_api_virtualenv.py took 0.451 seconds
[2023-08-14T13:57:12.422+0300] {processor.py:157} INFO - Started process (PID=12688) to work on /home/soamariaka/.local/lib/python3.9/site-packages/airflow/example_dags/tutorial_taskflow_api_virtualenv.py
[2023-08-14T13:57:12.451+0300] {processor.py:826} INFO - Processing file /home/soamariaka/.local/lib/python3.9/site-packages/airflow/example_dags/tutorial_taskflow_api_virtualenv.py for tasks to queue
[2023-08-14T13:57:12.453+0300] {logging_mixin.py:150} INFO - [2023-08-14T13:57:12.452+0300] {dagbag.py:541} INFO - Filling up the DagBag from /home/soamariaka/.local/lib/python3.9/site-packages/airflow/example_dags/tutorial_taskflow_api_virtualenv.py
[2023-08-14T13:57:12.466+0300] {processor.py:836} INFO - DAG(s) dict_keys(['tutorial_taskflow_api_virtualenv']) retrieved from /home/soamariaka/.local/lib/python3.9/site-packages/airflow/example_dags/tutorial_taskflow_api_virtualenv.py
[2023-08-14T13:57:12.496+0300] {logging_mixin.py:150} INFO - [2023-08-14T13:57:12.496+0300] {dag.py:2742} INFO - Sync 1 DAGs
[2023-08-14T13:57:12.529+0300] {logging_mixin.py:150} INFO - [2023-08-14T13:57:12.528+0300] {dag.py:3504} INFO - Setting next_dagrun for tutorial_taskflow_api_virtualenv to None, run_after=None
[2023-08-14T13:57:12.665+0300] {processor.py:179} INFO - Processing /home/soamariaka/.local/lib/python3.9/site-packages/airflow/example_dags/tutorial_taskflow_api_virtualenv.py took 0.248 seconds
[2023-08-14T13:58:14.298+0300] {processor.py:157} INFO - Started process (PID=12746) to work on /home/soamariaka/.local/lib/python3.9/site-packages/airflow/example_dags/tutorial_taskflow_api_virtualenv.py
[2023-08-14T13:58:14.299+0300] {processor.py:826} INFO - Processing file /home/soamariaka/.local/lib/python3.9/site-packages/airflow/example_dags/tutorial_taskflow_api_virtualenv.py for tasks to queue
[2023-08-14T13:58:14.301+0300] {logging_mixin.py:150} INFO - [2023-08-14T13:58:14.300+0300] {dagbag.py:541} INFO - Filling up the DagBag from /home/soamariaka/.local/lib/python3.9/site-packages/airflow/example_dags/tutorial_taskflow_api_virtualenv.py
[2023-08-14T13:58:14.313+0300] {processor.py:836} INFO - DAG(s) dict_keys(['tutorial_taskflow_api_virtualenv']) retrieved from /home/soamariaka/.local/lib/python3.9/site-packages/airflow/example_dags/tutorial_taskflow_api_virtualenv.py
[2023-08-14T13:58:14.344+0300] {logging_mixin.py:150} INFO - [2023-08-14T13:58:14.344+0300] {dag.py:2742} INFO - Sync 1 DAGs
[2023-08-14T13:58:14.375+0300] {logging_mixin.py:150} INFO - [2023-08-14T13:58:14.375+0300] {dag.py:3504} INFO - Setting next_dagrun for tutorial_taskflow_api_virtualenv to None, run_after=None
[2023-08-14T13:58:14.665+0300] {processor.py:179} INFO - Processing /home/soamariaka/.local/lib/python3.9/site-packages/airflow/example_dags/tutorial_taskflow_api_virtualenv.py took 0.373 seconds
[2023-08-14T13:59:19.195+0300] {processor.py:157} INFO - Started process (PID=12835) to work on /home/soamariaka/.local/lib/python3.9/site-packages/airflow/example_dags/tutorial_taskflow_api_virtualenv.py
[2023-08-14T13:59:19.196+0300] {processor.py:826} INFO - Processing file /home/soamariaka/.local/lib/python3.9/site-packages/airflow/example_dags/tutorial_taskflow_api_virtualenv.py for tasks to queue
[2023-08-14T13:59:19.197+0300] {logging_mixin.py:150} INFO - [2023-08-14T13:59:19.197+0300] {dagbag.py:541} INFO - Filling up the DagBag from /home/soamariaka/.local/lib/python3.9/site-packages/airflow/example_dags/tutorial_taskflow_api_virtualenv.py
[2023-08-14T13:59:19.207+0300] {processor.py:836} INFO - DAG(s) dict_keys(['tutorial_taskflow_api_virtualenv']) retrieved from /home/soamariaka/.local/lib/python3.9/site-packages/airflow/example_dags/tutorial_taskflow_api_virtualenv.py
[2023-08-14T13:59:19.231+0300] {logging_mixin.py:150} INFO - [2023-08-14T13:59:19.231+0300] {dag.py:2742} INFO - Sync 1 DAGs
[2023-08-14T13:59:19.261+0300] {logging_mixin.py:150} INFO - [2023-08-14T13:59:19.261+0300] {dag.py:3504} INFO - Setting next_dagrun for tutorial_taskflow_api_virtualenv to None, run_after=None
[2023-08-14T13:59:19.498+0300] {processor.py:179} INFO - Processing /home/soamariaka/.local/lib/python3.9/site-packages/airflow/example_dags/tutorial_taskflow_api_virtualenv.py took 0.307 seconds
[2023-08-14T14:00:23.997+0300] {processor.py:157} INFO - Started process (PID=12918) to work on /home/soamariaka/.local/lib/python3.9/site-packages/airflow/example_dags/tutorial_taskflow_api_virtualenv.py
[2023-08-14T14:00:23.998+0300] {processor.py:826} INFO - Processing file /home/soamariaka/.local/lib/python3.9/site-packages/airflow/example_dags/tutorial_taskflow_api_virtualenv.py for tasks to queue
[2023-08-14T14:00:24.000+0300] {logging_mixin.py:150} INFO - [2023-08-14T14:00:23.999+0300] {dagbag.py:541} INFO - Filling up the DagBag from /home/soamariaka/.local/lib/python3.9/site-packages/airflow/example_dags/tutorial_taskflow_api_virtualenv.py
[2023-08-14T14:00:24.011+0300] {processor.py:836} INFO - DAG(s) dict_keys(['tutorial_taskflow_api_virtualenv']) retrieved from /home/soamariaka/.local/lib/python3.9/site-packages/airflow/example_dags/tutorial_taskflow_api_virtualenv.py
[2023-08-14T14:00:24.036+0300] {logging_mixin.py:150} INFO - [2023-08-14T14:00:24.036+0300] {dag.py:2742} INFO - Sync 1 DAGs
[2023-08-14T14:00:24.073+0300] {logging_mixin.py:150} INFO - [2023-08-14T14:00:24.073+0300] {dag.py:3504} INFO - Setting next_dagrun for tutorial_taskflow_api_virtualenv to None, run_after=None
[2023-08-14T14:00:24.322+0300] {processor.py:179} INFO - Processing /home/soamariaka/.local/lib/python3.9/site-packages/airflow/example_dags/tutorial_taskflow_api_virtualenv.py took 0.331 seconds
[2023-08-14T14:01:26.193+0300] {processor.py:157} INFO - Started process (PID=12975) to work on /home/soamariaka/.local/lib/python3.9/site-packages/airflow/example_dags/tutorial_taskflow_api_virtualenv.py
[2023-08-14T14:01:26.195+0300] {processor.py:826} INFO - Processing file /home/soamariaka/.local/lib/python3.9/site-packages/airflow/example_dags/tutorial_taskflow_api_virtualenv.py for tasks to queue
[2023-08-14T14:01:26.196+0300] {logging_mixin.py:150} INFO - [2023-08-14T14:01:26.196+0300] {dagbag.py:541} INFO - Filling up the DagBag from /home/soamariaka/.local/lib/python3.9/site-packages/airflow/example_dags/tutorial_taskflow_api_virtualenv.py
[2023-08-14T14:01:26.208+0300] {processor.py:836} INFO - DAG(s) dict_keys(['tutorial_taskflow_api_virtualenv']) retrieved from /home/soamariaka/.local/lib/python3.9/site-packages/airflow/example_dags/tutorial_taskflow_api_virtualenv.py
[2023-08-14T14:01:26.235+0300] {logging_mixin.py:150} INFO - [2023-08-14T14:01:26.234+0300] {dag.py:2742} INFO - Sync 1 DAGs
[2023-08-14T14:01:26.299+0300] {logging_mixin.py:150} INFO - [2023-08-14T14:01:26.298+0300] {dag.py:3504} INFO - Setting next_dagrun for tutorial_taskflow_api_virtualenv to None, run_after=None
[2023-08-14T14:01:26.504+0300] {processor.py:179} INFO - Processing /home/soamariaka/.local/lib/python3.9/site-packages/airflow/example_dags/tutorial_taskflow_api_virtualenv.py took 0.317 seconds
[2023-08-14T14:03:58.547+0300] {processor.py:157} INFO - Started process (PID=13698) to work on /home/soamariaka/.local/lib/python3.9/site-packages/airflow/example_dags/tutorial_taskflow_api_virtualenv.py
[2023-08-14T14:03:58.581+0300] {processor.py:826} INFO - Processing file /home/soamariaka/.local/lib/python3.9/site-packages/airflow/example_dags/tutorial_taskflow_api_virtualenv.py for tasks to queue
[2023-08-14T14:03:58.582+0300] {logging_mixin.py:150} INFO - [2023-08-14T14:03:58.582+0300] {dagbag.py:541} INFO - Filling up the DagBag from /home/soamariaka/.local/lib/python3.9/site-packages/airflow/example_dags/tutorial_taskflow_api_virtualenv.py
[2023-08-14T14:03:58.614+0300] {processor.py:836} INFO - DAG(s) dict_keys(['tutorial_taskflow_api_virtualenv']) retrieved from /home/soamariaka/.local/lib/python3.9/site-packages/airflow/example_dags/tutorial_taskflow_api_virtualenv.py
[2023-08-14T14:03:58.681+0300] {logging_mixin.py:150} INFO - [2023-08-14T14:03:58.680+0300] {dag.py:2742} INFO - Sync 1 DAGs
[2023-08-14T14:03:58.734+0300] {logging_mixin.py:150} INFO - [2023-08-14T14:03:58.734+0300] {dag.py:3504} INFO - Setting next_dagrun for tutorial_taskflow_api_virtualenv to None, run_after=None
[2023-08-14T14:03:59.076+0300] {processor.py:179} INFO - Processing /home/soamariaka/.local/lib/python3.9/site-packages/airflow/example_dags/tutorial_taskflow_api_virtualenv.py took 0.536 seconds
[2023-08-14T14:05:08.567+0300] {processor.py:157} INFO - Started process (PID=13771) to work on /home/soamariaka/.local/lib/python3.9/site-packages/airflow/example_dags/tutorial_taskflow_api_virtualenv.py
[2023-08-14T14:05:08.569+0300] {processor.py:826} INFO - Processing file /home/soamariaka/.local/lib/python3.9/site-packages/airflow/example_dags/tutorial_taskflow_api_virtualenv.py for tasks to queue
[2023-08-14T14:05:08.570+0300] {logging_mixin.py:150} INFO - [2023-08-14T14:05:08.569+0300] {dagbag.py:541} INFO - Filling up the DagBag from /home/soamariaka/.local/lib/python3.9/site-packages/airflow/example_dags/tutorial_taskflow_api_virtualenv.py
[2023-08-14T14:05:08.596+0300] {processor.py:836} INFO - DAG(s) dict_keys(['tutorial_taskflow_api_virtualenv']) retrieved from /home/soamariaka/.local/lib/python3.9/site-packages/airflow/example_dags/tutorial_taskflow_api_virtualenv.py
[2023-08-14T14:05:08.623+0300] {logging_mixin.py:150} INFO - [2023-08-14T14:05:08.623+0300] {dag.py:2742} INFO - Sync 1 DAGs
[2023-08-14T14:05:08.655+0300] {logging_mixin.py:150} INFO - [2023-08-14T14:05:08.654+0300] {dag.py:3504} INFO - Setting next_dagrun for tutorial_taskflow_api_virtualenv to None, run_after=None
[2023-08-14T14:05:09.028+0300] {processor.py:179} INFO - Processing /home/soamariaka/.local/lib/python3.9/site-packages/airflow/example_dags/tutorial_taskflow_api_virtualenv.py took 0.466 seconds
[2023-08-14T14:05:54.743+0300] {processor.py:157} INFO - Started process (PID=13803) to work on /home/soamariaka/.local/lib/python3.9/site-packages/airflow/example_dags/tutorial_taskflow_api_virtualenv.py
[2023-08-14T14:05:54.765+0300] {processor.py:826} INFO - Processing file /home/soamariaka/.local/lib/python3.9/site-packages/airflow/example_dags/tutorial_taskflow_api_virtualenv.py for tasks to queue
[2023-08-14T14:05:54.767+0300] {logging_mixin.py:150} INFO - [2023-08-14T14:05:54.766+0300] {dagbag.py:541} INFO - Filling up the DagBag from /home/soamariaka/.local/lib/python3.9/site-packages/airflow/example_dags/tutorial_taskflow_api_virtualenv.py
[2023-08-14T14:05:54.779+0300] {processor.py:836} INFO - DAG(s) dict_keys(['tutorial_taskflow_api_virtualenv']) retrieved from /home/soamariaka/.local/lib/python3.9/site-packages/airflow/example_dags/tutorial_taskflow_api_virtualenv.py
[2023-08-14T14:05:54.809+0300] {logging_mixin.py:150} INFO - [2023-08-14T14:05:54.809+0300] {dag.py:2742} INFO - Sync 1 DAGs
[2023-08-14T14:05:54.842+0300] {logging_mixin.py:150} INFO - [2023-08-14T14:05:54.842+0300] {dag.py:3504} INFO - Setting next_dagrun for tutorial_taskflow_api_virtualenv to None, run_after=None
[2023-08-14T14:05:55.040+0300] {processor.py:179} INFO - Processing /home/soamariaka/.local/lib/python3.9/site-packages/airflow/example_dags/tutorial_taskflow_api_virtualenv.py took 0.303 seconds
[2023-08-14T14:06:36.454+0300] {processor.py:157} INFO - Started process (PID=13847) to work on /home/soamariaka/.local/lib/python3.9/site-packages/airflow/example_dags/tutorial_taskflow_api_virtualenv.py
[2023-08-14T14:06:36.455+0300] {processor.py:826} INFO - Processing file /home/soamariaka/.local/lib/python3.9/site-packages/airflow/example_dags/tutorial_taskflow_api_virtualenv.py for tasks to queue
[2023-08-14T14:06:36.457+0300] {logging_mixin.py:150} INFO - [2023-08-14T14:06:36.456+0300] {dagbag.py:541} INFO - Filling up the DagBag from /home/soamariaka/.local/lib/python3.9/site-packages/airflow/example_dags/tutorial_taskflow_api_virtualenv.py
[2023-08-14T14:06:36.469+0300] {processor.py:836} INFO - DAG(s) dict_keys(['tutorial_taskflow_api_virtualenv']) retrieved from /home/soamariaka/.local/lib/python3.9/site-packages/airflow/example_dags/tutorial_taskflow_api_virtualenv.py
[2023-08-14T14:06:36.499+0300] {logging_mixin.py:150} INFO - [2023-08-14T14:06:36.498+0300] {dag.py:2742} INFO - Sync 1 DAGs
[2023-08-14T14:06:36.530+0300] {logging_mixin.py:150} INFO - [2023-08-14T14:06:36.530+0300] {dag.py:3504} INFO - Setting next_dagrun for tutorial_taskflow_api_virtualenv to None, run_after=None
[2023-08-14T14:06:36.669+0300] {processor.py:179} INFO - Processing /home/soamariaka/.local/lib/python3.9/site-packages/airflow/example_dags/tutorial_taskflow_api_virtualenv.py took 0.221 seconds
[2023-08-14T14:08:22.819+0300] {processor.py:157} INFO - Started process (PID=13988) to work on /home/soamariaka/.local/lib/python3.9/site-packages/airflow/example_dags/tutorial_taskflow_api_virtualenv.py
[2023-08-14T14:08:22.821+0300] {processor.py:826} INFO - Processing file /home/soamariaka/.local/lib/python3.9/site-packages/airflow/example_dags/tutorial_taskflow_api_virtualenv.py for tasks to queue
[2023-08-14T14:08:22.823+0300] {logging_mixin.py:150} INFO - [2023-08-14T14:08:22.823+0300] {dagbag.py:541} INFO - Filling up the DagBag from /home/soamariaka/.local/lib/python3.9/site-packages/airflow/example_dags/tutorial_taskflow_api_virtualenv.py
[2023-08-14T14:08:22.970+0300] {processor.py:836} INFO - DAG(s) dict_keys(['tutorial_taskflow_api_virtualenv']) retrieved from /home/soamariaka/.local/lib/python3.9/site-packages/airflow/example_dags/tutorial_taskflow_api_virtualenv.py
[2023-08-14T14:08:23.018+0300] {logging_mixin.py:150} INFO - [2023-08-14T14:08:23.018+0300] {dag.py:2742} INFO - Sync 1 DAGs
[2023-08-14T14:08:23.056+0300] {logging_mixin.py:150} INFO - [2023-08-14T14:08:23.056+0300] {dag.py:3504} INFO - Setting next_dagrun for tutorial_taskflow_api_virtualenv to None, run_after=None
[2023-08-14T14:08:23.420+0300] {processor.py:179} INFO - Processing /home/soamariaka/.local/lib/python3.9/site-packages/airflow/example_dags/tutorial_taskflow_api_virtualenv.py took 0.607 seconds
[2023-08-14T14:09:15.157+0300] {processor.py:157} INFO - Started process (PID=14067) to work on /home/soamariaka/.local/lib/python3.9/site-packages/airflow/example_dags/tutorial_taskflow_api_virtualenv.py
[2023-08-14T14:09:15.159+0300] {processor.py:826} INFO - Processing file /home/soamariaka/.local/lib/python3.9/site-packages/airflow/example_dags/tutorial_taskflow_api_virtualenv.py for tasks to queue
[2023-08-14T14:09:15.160+0300] {logging_mixin.py:150} INFO - [2023-08-14T14:09:15.160+0300] {dagbag.py:541} INFO - Filling up the DagBag from /home/soamariaka/.local/lib/python3.9/site-packages/airflow/example_dags/tutorial_taskflow_api_virtualenv.py
[2023-08-14T14:09:15.173+0300] {processor.py:836} INFO - DAG(s) dict_keys(['tutorial_taskflow_api_virtualenv']) retrieved from /home/soamariaka/.local/lib/python3.9/site-packages/airflow/example_dags/tutorial_taskflow_api_virtualenv.py
[2023-08-14T14:09:15.199+0300] {logging_mixin.py:150} INFO - [2023-08-14T14:09:15.199+0300] {dag.py:2742} INFO - Sync 1 DAGs
[2023-08-14T14:09:15.229+0300] {logging_mixin.py:150} INFO - [2023-08-14T14:09:15.229+0300] {dag.py:3504} INFO - Setting next_dagrun for tutorial_taskflow_api_virtualenv to None, run_after=None
[2023-08-14T14:09:15.323+0300] {processor.py:179} INFO - Processing /home/soamariaka/.local/lib/python3.9/site-packages/airflow/example_dags/tutorial_taskflow_api_virtualenv.py took 0.171 seconds
[2023-08-14T14:10:39.565+0300] {processor.py:157} INFO - Started process (PID=14908) to work on /home/soamariaka/.local/lib/python3.9/site-packages/airflow/example_dags/tutorial_taskflow_api_virtualenv.py
[2023-08-14T14:10:39.568+0300] {processor.py:826} INFO - Processing file /home/soamariaka/.local/lib/python3.9/site-packages/airflow/example_dags/tutorial_taskflow_api_virtualenv.py for tasks to queue
[2023-08-14T14:10:39.569+0300] {logging_mixin.py:150} INFO - [2023-08-14T14:10:39.569+0300] {dagbag.py:541} INFO - Filling up the DagBag from /home/soamariaka/.local/lib/python3.9/site-packages/airflow/example_dags/tutorial_taskflow_api_virtualenv.py
[2023-08-14T14:10:39.582+0300] {processor.py:836} INFO - DAG(s) dict_keys(['tutorial_taskflow_api_virtualenv']) retrieved from /home/soamariaka/.local/lib/python3.9/site-packages/airflow/example_dags/tutorial_taskflow_api_virtualenv.py
[2023-08-14T14:10:39.608+0300] {logging_mixin.py:150} INFO - [2023-08-14T14:10:39.608+0300] {dag.py:2742} INFO - Sync 1 DAGs
[2023-08-14T14:10:39.639+0300] {logging_mixin.py:150} INFO - [2023-08-14T14:10:39.639+0300] {dag.py:3504} INFO - Setting next_dagrun for tutorial_taskflow_api_virtualenv to None, run_after=None
[2023-08-14T14:10:39.790+0300] {processor.py:179} INFO - Processing /home/soamariaka/.local/lib/python3.9/site-packages/airflow/example_dags/tutorial_taskflow_api_virtualenv.py took 0.230 seconds
[2023-08-14T14:11:44.608+0300] {processor.py:157} INFO - Started process (PID=15085) to work on /home/soamariaka/.local/lib/python3.9/site-packages/airflow/example_dags/tutorial_taskflow_api_virtualenv.py
[2023-08-14T14:11:44.611+0300] {processor.py:826} INFO - Processing file /home/soamariaka/.local/lib/python3.9/site-packages/airflow/example_dags/tutorial_taskflow_api_virtualenv.py for tasks to queue
[2023-08-14T14:11:44.612+0300] {logging_mixin.py:150} INFO - [2023-08-14T14:11:44.612+0300] {dagbag.py:541} INFO - Filling up the DagBag from /home/soamariaka/.local/lib/python3.9/site-packages/airflow/example_dags/tutorial_taskflow_api_virtualenv.py
[2023-08-14T14:11:44.626+0300] {processor.py:836} INFO - DAG(s) dict_keys(['tutorial_taskflow_api_virtualenv']) retrieved from /home/soamariaka/.local/lib/python3.9/site-packages/airflow/example_dags/tutorial_taskflow_api_virtualenv.py
[2023-08-14T14:11:44.656+0300] {logging_mixin.py:150} INFO - [2023-08-14T14:11:44.655+0300] {dag.py:2742} INFO - Sync 1 DAGs
[2023-08-14T14:11:44.695+0300] {logging_mixin.py:150} INFO - [2023-08-14T14:11:44.695+0300] {dag.py:3504} INFO - Setting next_dagrun for tutorial_taskflow_api_virtualenv to None, run_after=None
[2023-08-14T14:11:44.842+0300] {processor.py:179} INFO - Processing /home/soamariaka/.local/lib/python3.9/site-packages/airflow/example_dags/tutorial_taskflow_api_virtualenv.py took 0.239 seconds
[2023-08-14T14:12:27.737+0300] {processor.py:157} INFO - Started process (PID=15147) to work on /home/soamariaka/.local/lib/python3.9/site-packages/airflow/example_dags/tutorial_taskflow_api_virtualenv.py
[2023-08-14T14:12:27.740+0300] {processor.py:826} INFO - Processing file /home/soamariaka/.local/lib/python3.9/site-packages/airflow/example_dags/tutorial_taskflow_api_virtualenv.py for tasks to queue
[2023-08-14T14:12:27.742+0300] {logging_mixin.py:150} INFO - [2023-08-14T14:12:27.741+0300] {dagbag.py:541} INFO - Filling up the DagBag from /home/soamariaka/.local/lib/python3.9/site-packages/airflow/example_dags/tutorial_taskflow_api_virtualenv.py
[2023-08-14T14:12:27.754+0300] {processor.py:836} INFO - DAG(s) dict_keys(['tutorial_taskflow_api_virtualenv']) retrieved from /home/soamariaka/.local/lib/python3.9/site-packages/airflow/example_dags/tutorial_taskflow_api_virtualenv.py
[2023-08-14T14:12:27.782+0300] {logging_mixin.py:150} INFO - [2023-08-14T14:12:27.781+0300] {dag.py:2742} INFO - Sync 1 DAGs
[2023-08-14T14:12:27.812+0300] {logging_mixin.py:150} INFO - [2023-08-14T14:12:27.812+0300] {dag.py:3504} INFO - Setting next_dagrun for tutorial_taskflow_api_virtualenv to None, run_after=None
[2023-08-14T14:12:28.003+0300] {processor.py:179} INFO - Processing /home/soamariaka/.local/lib/python3.9/site-packages/airflow/example_dags/tutorial_taskflow_api_virtualenv.py took 0.271 seconds
[2023-08-14T14:13:26.396+0300] {processor.py:157} INFO - Started process (PID=15274) to work on /home/soamariaka/.local/lib/python3.9/site-packages/airflow/example_dags/tutorial_taskflow_api_virtualenv.py
[2023-08-14T14:13:26.463+0300] {processor.py:826} INFO - Processing file /home/soamariaka/.local/lib/python3.9/site-packages/airflow/example_dags/tutorial_taskflow_api_virtualenv.py for tasks to queue
[2023-08-14T14:13:26.466+0300] {logging_mixin.py:150} INFO - [2023-08-14T14:13:26.465+0300] {dagbag.py:541} INFO - Filling up the DagBag from /home/soamariaka/.local/lib/python3.9/site-packages/airflow/example_dags/tutorial_taskflow_api_virtualenv.py
[2023-08-14T14:13:26.481+0300] {processor.py:836} INFO - DAG(s) dict_keys(['tutorial_taskflow_api_virtualenv']) retrieved from /home/soamariaka/.local/lib/python3.9/site-packages/airflow/example_dags/tutorial_taskflow_api_virtualenv.py
[2023-08-14T14:13:26.512+0300] {logging_mixin.py:150} INFO - [2023-08-14T14:13:26.511+0300] {dag.py:2742} INFO - Sync 1 DAGs
[2023-08-14T14:13:26.548+0300] {logging_mixin.py:150} INFO - [2023-08-14T14:13:26.548+0300] {dag.py:3504} INFO - Setting next_dagrun for tutorial_taskflow_api_virtualenv to None, run_after=None
[2023-08-14T14:13:26.675+0300] {processor.py:179} INFO - Processing /home/soamariaka/.local/lib/python3.9/site-packages/airflow/example_dags/tutorial_taskflow_api_virtualenv.py took 0.286 seconds
[2023-08-14T14:14:30.420+0300] {processor.py:157} INFO - Started process (PID=15364) to work on /home/soamariaka/.local/lib/python3.9/site-packages/airflow/example_dags/tutorial_taskflow_api_virtualenv.py
[2023-08-14T14:14:30.457+0300] {processor.py:826} INFO - Processing file /home/soamariaka/.local/lib/python3.9/site-packages/airflow/example_dags/tutorial_taskflow_api_virtualenv.py for tasks to queue
[2023-08-14T14:14:30.459+0300] {logging_mixin.py:150} INFO - [2023-08-14T14:14:30.459+0300] {dagbag.py:541} INFO - Filling up the DagBag from /home/soamariaka/.local/lib/python3.9/site-packages/airflow/example_dags/tutorial_taskflow_api_virtualenv.py
[2023-08-14T14:14:30.472+0300] {processor.py:836} INFO - DAG(s) dict_keys(['tutorial_taskflow_api_virtualenv']) retrieved from /home/soamariaka/.local/lib/python3.9/site-packages/airflow/example_dags/tutorial_taskflow_api_virtualenv.py
[2023-08-14T14:14:30.503+0300] {logging_mixin.py:150} INFO - [2023-08-14T14:14:30.502+0300] {dag.py:2742} INFO - Sync 1 DAGs
[2023-08-14T14:14:30.536+0300] {logging_mixin.py:150} INFO - [2023-08-14T14:14:30.536+0300] {dag.py:3504} INFO - Setting next_dagrun for tutorial_taskflow_api_virtualenv to None, run_after=None
[2023-08-14T14:14:30.683+0300] {processor.py:179} INFO - Processing /home/soamariaka/.local/lib/python3.9/site-packages/airflow/example_dags/tutorial_taskflow_api_virtualenv.py took 0.268 seconds
[2023-08-14T14:15:30.713+0300] {processor.py:157} INFO - Started process (PID=15538) to work on /home/soamariaka/.local/lib/python3.9/site-packages/airflow/example_dags/tutorial_taskflow_api_virtualenv.py
[2023-08-14T14:15:30.716+0300] {processor.py:826} INFO - Processing file /home/soamariaka/.local/lib/python3.9/site-packages/airflow/example_dags/tutorial_taskflow_api_virtualenv.py for tasks to queue
[2023-08-14T14:15:30.718+0300] {logging_mixin.py:150} INFO - [2023-08-14T14:15:30.717+0300] {dagbag.py:541} INFO - Filling up the DagBag from /home/soamariaka/.local/lib/python3.9/site-packages/airflow/example_dags/tutorial_taskflow_api_virtualenv.py
[2023-08-14T14:15:30.730+0300] {processor.py:836} INFO - DAG(s) dict_keys(['tutorial_taskflow_api_virtualenv']) retrieved from /home/soamariaka/.local/lib/python3.9/site-packages/airflow/example_dags/tutorial_taskflow_api_virtualenv.py
[2023-08-14T14:15:30.757+0300] {logging_mixin.py:150} INFO - [2023-08-14T14:15:30.757+0300] {dag.py:2742} INFO - Sync 1 DAGs
[2023-08-14T14:15:30.788+0300] {logging_mixin.py:150} INFO - [2023-08-14T14:15:30.788+0300] {dag.py:3504} INFO - Setting next_dagrun for tutorial_taskflow_api_virtualenv to None, run_after=None
[2023-08-14T14:15:30.964+0300] {processor.py:179} INFO - Processing /home/soamariaka/.local/lib/python3.9/site-packages/airflow/example_dags/tutorial_taskflow_api_virtualenv.py took 0.256 seconds
[2023-08-14T14:16:35.591+0300] {processor.py:157} INFO - Started process (PID=15635) to work on /home/soamariaka/.local/lib/python3.9/site-packages/airflow/example_dags/tutorial_taskflow_api_virtualenv.py
[2023-08-14T14:16:35.594+0300] {processor.py:826} INFO - Processing file /home/soamariaka/.local/lib/python3.9/site-packages/airflow/example_dags/tutorial_taskflow_api_virtualenv.py for tasks to queue
[2023-08-14T14:16:35.595+0300] {logging_mixin.py:150} INFO - [2023-08-14T14:16:35.595+0300] {dagbag.py:541} INFO - Filling up the DagBag from /home/soamariaka/.local/lib/python3.9/site-packages/airflow/example_dags/tutorial_taskflow_api_virtualenv.py
[2023-08-14T14:16:35.608+0300] {processor.py:836} INFO - DAG(s) dict_keys(['tutorial_taskflow_api_virtualenv']) retrieved from /home/soamariaka/.local/lib/python3.9/site-packages/airflow/example_dags/tutorial_taskflow_api_virtualenv.py
[2023-08-14T14:16:35.635+0300] {logging_mixin.py:150} INFO - [2023-08-14T14:16:35.635+0300] {dag.py:2742} INFO - Sync 1 DAGs
[2023-08-14T14:16:35.666+0300] {logging_mixin.py:150} INFO - [2023-08-14T14:16:35.666+0300] {dag.py:3504} INFO - Setting next_dagrun for tutorial_taskflow_api_virtualenv to None, run_after=None
[2023-08-14T14:16:35.837+0300] {processor.py:179} INFO - Processing /home/soamariaka/.local/lib/python3.9/site-packages/airflow/example_dags/tutorial_taskflow_api_virtualenv.py took 0.251 seconds
[2023-08-14T14:17:37.126+0300] {processor.py:157} INFO - Started process (PID=15723) to work on /home/soamariaka/.local/lib/python3.9/site-packages/airflow/example_dags/tutorial_taskflow_api_virtualenv.py
[2023-08-14T14:17:37.155+0300] {processor.py:826} INFO - Processing file /home/soamariaka/.local/lib/python3.9/site-packages/airflow/example_dags/tutorial_taskflow_api_virtualenv.py for tasks to queue
[2023-08-14T14:17:37.157+0300] {logging_mixin.py:150} INFO - [2023-08-14T14:17:37.156+0300] {dagbag.py:541} INFO - Filling up the DagBag from /home/soamariaka/.local/lib/python3.9/site-packages/airflow/example_dags/tutorial_taskflow_api_virtualenv.py
[2023-08-14T14:17:37.169+0300] {processor.py:836} INFO - DAG(s) dict_keys(['tutorial_taskflow_api_virtualenv']) retrieved from /home/soamariaka/.local/lib/python3.9/site-packages/airflow/example_dags/tutorial_taskflow_api_virtualenv.py
[2023-08-14T14:17:37.194+0300] {logging_mixin.py:150} INFO - [2023-08-14T14:17:37.193+0300] {dag.py:2742} INFO - Sync 1 DAGs
[2023-08-14T14:17:37.224+0300] {logging_mixin.py:150} INFO - [2023-08-14T14:17:37.224+0300] {dag.py:3504} INFO - Setting next_dagrun for tutorial_taskflow_api_virtualenv to None, run_after=None
[2023-08-14T14:17:37.892+0300] {processor.py:179} INFO - Processing /home/soamariaka/.local/lib/python3.9/site-packages/airflow/example_dags/tutorial_taskflow_api_virtualenv.py took 0.771 seconds
[2023-08-14T14:18:26.876+0300] {processor.py:157} INFO - Started process (PID=15890) to work on /home/soamariaka/.local/lib/python3.9/site-packages/airflow/example_dags/tutorial_taskflow_api_virtualenv.py
[2023-08-14T14:18:26.887+0300] {processor.py:826} INFO - Processing file /home/soamariaka/.local/lib/python3.9/site-packages/airflow/example_dags/tutorial_taskflow_api_virtualenv.py for tasks to queue
[2023-08-14T14:18:26.889+0300] {logging_mixin.py:150} INFO - [2023-08-14T14:18:26.888+0300] {dagbag.py:541} INFO - Filling up the DagBag from /home/soamariaka/.local/lib/python3.9/site-packages/airflow/example_dags/tutorial_taskflow_api_virtualenv.py
[2023-08-14T14:18:26.903+0300] {processor.py:836} INFO - DAG(s) dict_keys(['tutorial_taskflow_api_virtualenv']) retrieved from /home/soamariaka/.local/lib/python3.9/site-packages/airflow/example_dags/tutorial_taskflow_api_virtualenv.py
[2023-08-14T14:18:26.936+0300] {logging_mixin.py:150} INFO - [2023-08-14T14:18:26.935+0300] {dag.py:2742} INFO - Sync 1 DAGs
[2023-08-14T14:18:27.023+0300] {logging_mixin.py:150} INFO - [2023-08-14T14:18:27.023+0300] {dag.py:3504} INFO - Setting next_dagrun for tutorial_taskflow_api_virtualenv to None, run_after=None
[2023-08-14T14:18:27.330+0300] {processor.py:179} INFO - Processing /home/soamariaka/.local/lib/python3.9/site-packages/airflow/example_dags/tutorial_taskflow_api_virtualenv.py took 0.461 seconds
[2023-08-14T14:19:26.241+0300] {processor.py:157} INFO - Started process (PID=15952) to work on /home/soamariaka/.local/lib/python3.9/site-packages/airflow/example_dags/tutorial_taskflow_api_virtualenv.py
[2023-08-14T14:19:26.242+0300] {processor.py:826} INFO - Processing file /home/soamariaka/.local/lib/python3.9/site-packages/airflow/example_dags/tutorial_taskflow_api_virtualenv.py for tasks to queue
[2023-08-14T14:19:26.244+0300] {logging_mixin.py:150} INFO - [2023-08-14T14:19:26.243+0300] {dagbag.py:541} INFO - Filling up the DagBag from /home/soamariaka/.local/lib/python3.9/site-packages/airflow/example_dags/tutorial_taskflow_api_virtualenv.py
[2023-08-14T14:19:26.256+0300] {processor.py:836} INFO - DAG(s) dict_keys(['tutorial_taskflow_api_virtualenv']) retrieved from /home/soamariaka/.local/lib/python3.9/site-packages/airflow/example_dags/tutorial_taskflow_api_virtualenv.py
[2023-08-14T14:19:26.283+0300] {logging_mixin.py:150} INFO - [2023-08-14T14:19:26.283+0300] {dag.py:2742} INFO - Sync 1 DAGs
[2023-08-14T14:19:26.314+0300] {logging_mixin.py:150} INFO - [2023-08-14T14:19:26.313+0300] {dag.py:3504} INFO - Setting next_dagrun for tutorial_taskflow_api_virtualenv to None, run_after=None
[2023-08-14T14:19:26.441+0300] {processor.py:179} INFO - Processing /home/soamariaka/.local/lib/python3.9/site-packages/airflow/example_dags/tutorial_taskflow_api_virtualenv.py took 0.206 seconds
[2023-08-14T14:20:06.735+0300] {processor.py:157} INFO - Started process (PID=16009) to work on /home/soamariaka/.local/lib/python3.9/site-packages/airflow/example_dags/tutorial_taskflow_api_virtualenv.py
[2023-08-14T14:20:06.738+0300] {processor.py:826} INFO - Processing file /home/soamariaka/.local/lib/python3.9/site-packages/airflow/example_dags/tutorial_taskflow_api_virtualenv.py for tasks to queue
[2023-08-14T14:20:06.740+0300] {logging_mixin.py:150} INFO - [2023-08-14T14:20:06.739+0300] {dagbag.py:541} INFO - Filling up the DagBag from /home/soamariaka/.local/lib/python3.9/site-packages/airflow/example_dags/tutorial_taskflow_api_virtualenv.py
[2023-08-14T14:20:06.752+0300] {processor.py:836} INFO - DAG(s) dict_keys(['tutorial_taskflow_api_virtualenv']) retrieved from /home/soamariaka/.local/lib/python3.9/site-packages/airflow/example_dags/tutorial_taskflow_api_virtualenv.py
[2023-08-14T14:20:06.780+0300] {logging_mixin.py:150} INFO - [2023-08-14T14:20:06.779+0300] {dag.py:2742} INFO - Sync 1 DAGs
[2023-08-14T14:20:06.811+0300] {logging_mixin.py:150} INFO - [2023-08-14T14:20:06.811+0300] {dag.py:3504} INFO - Setting next_dagrun for tutorial_taskflow_api_virtualenv to None, run_after=None
[2023-08-14T14:20:06.991+0300] {processor.py:179} INFO - Processing /home/soamariaka/.local/lib/python3.9/site-packages/airflow/example_dags/tutorial_taskflow_api_virtualenv.py took 0.261 seconds
[2023-08-14T14:21:42.765+0300] {processor.py:157} INFO - Started process (PID=16104) to work on /home/soamariaka/.local/lib/python3.9/site-packages/airflow/example_dags/tutorial_taskflow_api_virtualenv.py
[2023-08-14T14:21:42.767+0300] {processor.py:826} INFO - Processing file /home/soamariaka/.local/lib/python3.9/site-packages/airflow/example_dags/tutorial_taskflow_api_virtualenv.py for tasks to queue
[2023-08-14T14:21:42.769+0300] {logging_mixin.py:150} INFO - [2023-08-14T14:21:42.768+0300] {dagbag.py:541} INFO - Filling up the DagBag from /home/soamariaka/.local/lib/python3.9/site-packages/airflow/example_dags/tutorial_taskflow_api_virtualenv.py
[2023-08-14T14:21:42.782+0300] {processor.py:836} INFO - DAG(s) dict_keys(['tutorial_taskflow_api_virtualenv']) retrieved from /home/soamariaka/.local/lib/python3.9/site-packages/airflow/example_dags/tutorial_taskflow_api_virtualenv.py
[2023-08-14T14:21:42.809+0300] {logging_mixin.py:150} INFO - [2023-08-14T14:21:42.809+0300] {dag.py:2742} INFO - Sync 1 DAGs
[2023-08-14T14:21:42.840+0300] {logging_mixin.py:150} INFO - [2023-08-14T14:21:42.840+0300] {dag.py:3504} INFO - Setting next_dagrun for tutorial_taskflow_api_virtualenv to None, run_after=None
[2023-08-14T14:21:43.023+0300] {processor.py:179} INFO - Processing /home/soamariaka/.local/lib/python3.9/site-packages/airflow/example_dags/tutorial_taskflow_api_virtualenv.py took 0.264 seconds
[2023-08-14T14:22:42.104+0300] {processor.py:157} INFO - Started process (PID=16161) to work on /home/soamariaka/.local/lib/python3.9/site-packages/airflow/example_dags/tutorial_taskflow_api_virtualenv.py
[2023-08-14T14:22:42.106+0300] {processor.py:826} INFO - Processing file /home/soamariaka/.local/lib/python3.9/site-packages/airflow/example_dags/tutorial_taskflow_api_virtualenv.py for tasks to queue
[2023-08-14T14:22:42.108+0300] {logging_mixin.py:150} INFO - [2023-08-14T14:22:42.107+0300] {dagbag.py:541} INFO - Filling up the DagBag from /home/soamariaka/.local/lib/python3.9/site-packages/airflow/example_dags/tutorial_taskflow_api_virtualenv.py
[2023-08-14T14:22:42.120+0300] {processor.py:836} INFO - DAG(s) dict_keys(['tutorial_taskflow_api_virtualenv']) retrieved from /home/soamariaka/.local/lib/python3.9/site-packages/airflow/example_dags/tutorial_taskflow_api_virtualenv.py
[2023-08-14T14:22:42.147+0300] {logging_mixin.py:150} INFO - [2023-08-14T14:22:42.147+0300] {dag.py:2742} INFO - Sync 1 DAGs
[2023-08-14T14:22:42.179+0300] {logging_mixin.py:150} INFO - [2023-08-14T14:22:42.178+0300] {dag.py:3504} INFO - Setting next_dagrun for tutorial_taskflow_api_virtualenv to None, run_after=None
[2023-08-14T14:22:42.331+0300] {processor.py:179} INFO - Processing /home/soamariaka/.local/lib/python3.9/site-packages/airflow/example_dags/tutorial_taskflow_api_virtualenv.py took 0.232 seconds
[2023-08-14T14:23:46.018+0300] {processor.py:157} INFO - Started process (PID=16228) to work on /home/soamariaka/.local/lib/python3.9/site-packages/airflow/example_dags/tutorial_taskflow_api_virtualenv.py
[2023-08-14T14:23:46.047+0300] {processor.py:826} INFO - Processing file /home/soamariaka/.local/lib/python3.9/site-packages/airflow/example_dags/tutorial_taskflow_api_virtualenv.py for tasks to queue
[2023-08-14T14:23:46.050+0300] {logging_mixin.py:150} INFO - [2023-08-14T14:23:46.049+0300] {dagbag.py:541} INFO - Filling up the DagBag from /home/soamariaka/.local/lib/python3.9/site-packages/airflow/example_dags/tutorial_taskflow_api_virtualenv.py
[2023-08-14T14:23:46.063+0300] {processor.py:836} INFO - DAG(s) dict_keys(['tutorial_taskflow_api_virtualenv']) retrieved from /home/soamariaka/.local/lib/python3.9/site-packages/airflow/example_dags/tutorial_taskflow_api_virtualenv.py
[2023-08-14T14:23:46.093+0300] {logging_mixin.py:150} INFO - [2023-08-14T14:23:46.093+0300] {dag.py:2742} INFO - Sync 1 DAGs
[2023-08-14T14:23:46.126+0300] {logging_mixin.py:150} INFO - [2023-08-14T14:23:46.126+0300] {dag.py:3504} INFO - Setting next_dagrun for tutorial_taskflow_api_virtualenv to None, run_after=None
[2023-08-14T14:23:46.246+0300] {processor.py:179} INFO - Processing /home/soamariaka/.local/lib/python3.9/site-packages/airflow/example_dags/tutorial_taskflow_api_virtualenv.py took 0.234 seconds
[2023-08-14T14:24:42.094+0300] {processor.py:157} INFO - Started process (PID=16504) to work on /home/soamariaka/.local/lib/python3.9/site-packages/airflow/example_dags/tutorial_taskflow_api_virtualenv.py
[2023-08-14T14:24:42.112+0300] {processor.py:826} INFO - Processing file /home/soamariaka/.local/lib/python3.9/site-packages/airflow/example_dags/tutorial_taskflow_api_virtualenv.py for tasks to queue
[2023-08-14T14:24:42.114+0300] {logging_mixin.py:150} INFO - [2023-08-14T14:24:42.113+0300] {dagbag.py:541} INFO - Filling up the DagBag from /home/soamariaka/.local/lib/python3.9/site-packages/airflow/example_dags/tutorial_taskflow_api_virtualenv.py
[2023-08-14T14:24:42.126+0300] {processor.py:836} INFO - DAG(s) dict_keys(['tutorial_taskflow_api_virtualenv']) retrieved from /home/soamariaka/.local/lib/python3.9/site-packages/airflow/example_dags/tutorial_taskflow_api_virtualenv.py
[2023-08-14T14:24:42.156+0300] {logging_mixin.py:150} INFO - [2023-08-14T14:24:42.156+0300] {dag.py:2742} INFO - Sync 1 DAGs
[2023-08-14T14:24:42.188+0300] {logging_mixin.py:150} INFO - [2023-08-14T14:24:42.187+0300] {dag.py:3504} INFO - Setting next_dagrun for tutorial_taskflow_api_virtualenv to None, run_after=None
[2023-08-14T14:24:42.328+0300] {processor.py:179} INFO - Processing /home/soamariaka/.local/lib/python3.9/site-packages/airflow/example_dags/tutorial_taskflow_api_virtualenv.py took 0.239 seconds
[2023-08-14T14:25:44.672+0300] {processor.py:157} INFO - Started process (PID=16653) to work on /home/soamariaka/.local/lib/python3.9/site-packages/airflow/example_dags/tutorial_taskflow_api_virtualenv.py
[2023-08-14T14:25:44.703+0300] {processor.py:826} INFO - Processing file /home/soamariaka/.local/lib/python3.9/site-packages/airflow/example_dags/tutorial_taskflow_api_virtualenv.py for tasks to queue
[2023-08-14T14:25:44.706+0300] {logging_mixin.py:150} INFO - [2023-08-14T14:25:44.705+0300] {dagbag.py:541} INFO - Filling up the DagBag from /home/soamariaka/.local/lib/python3.9/site-packages/airflow/example_dags/tutorial_taskflow_api_virtualenv.py
[2023-08-14T14:25:44.719+0300] {processor.py:836} INFO - DAG(s) dict_keys(['tutorial_taskflow_api_virtualenv']) retrieved from /home/soamariaka/.local/lib/python3.9/site-packages/airflow/example_dags/tutorial_taskflow_api_virtualenv.py
[2023-08-14T14:25:44.750+0300] {logging_mixin.py:150} INFO - [2023-08-14T14:25:44.749+0300] {dag.py:2742} INFO - Sync 1 DAGs
[2023-08-14T14:25:44.782+0300] {logging_mixin.py:150} INFO - [2023-08-14T14:25:44.782+0300] {dag.py:3504} INFO - Setting next_dagrun for tutorial_taskflow_api_virtualenv to None, run_after=None
[2023-08-14T14:25:44.901+0300] {processor.py:179} INFO - Processing /home/soamariaka/.local/lib/python3.9/site-packages/airflow/example_dags/tutorial_taskflow_api_virtualenv.py took 0.234 seconds
[2023-08-14T14:26:42.938+0300] {processor.py:157} INFO - Started process (PID=16739) to work on /home/soamariaka/.local/lib/python3.9/site-packages/airflow/example_dags/tutorial_taskflow_api_virtualenv.py
[2023-08-14T14:26:42.940+0300] {processor.py:826} INFO - Processing file /home/soamariaka/.local/lib/python3.9/site-packages/airflow/example_dags/tutorial_taskflow_api_virtualenv.py for tasks to queue
[2023-08-14T14:26:42.942+0300] {logging_mixin.py:150} INFO - [2023-08-14T14:26:42.941+0300] {dagbag.py:541} INFO - Filling up the DagBag from /home/soamariaka/.local/lib/python3.9/site-packages/airflow/example_dags/tutorial_taskflow_api_virtualenv.py
[2023-08-14T14:26:42.954+0300] {processor.py:836} INFO - DAG(s) dict_keys(['tutorial_taskflow_api_virtualenv']) retrieved from /home/soamariaka/.local/lib/python3.9/site-packages/airflow/example_dags/tutorial_taskflow_api_virtualenv.py
[2023-08-14T14:26:42.981+0300] {logging_mixin.py:150} INFO - [2023-08-14T14:26:42.981+0300] {dag.py:2742} INFO - Sync 1 DAGs
[2023-08-14T14:26:43.013+0300] {logging_mixin.py:150} INFO - [2023-08-14T14:26:43.012+0300] {dag.py:3504} INFO - Setting next_dagrun for tutorial_taskflow_api_virtualenv to None, run_after=None
[2023-08-14T14:26:43.132+0300] {processor.py:179} INFO - Processing /home/soamariaka/.local/lib/python3.9/site-packages/airflow/example_dags/tutorial_taskflow_api_virtualenv.py took 0.200 seconds
[2023-08-14T14:27:43.893+0300] {processor.py:157} INFO - Started process (PID=16865) to work on /home/soamariaka/.local/lib/python3.9/site-packages/airflow/example_dags/tutorial_taskflow_api_virtualenv.py
[2023-08-14T14:27:43.896+0300] {processor.py:826} INFO - Processing file /home/soamariaka/.local/lib/python3.9/site-packages/airflow/example_dags/tutorial_taskflow_api_virtualenv.py for tasks to queue
[2023-08-14T14:27:43.897+0300] {logging_mixin.py:150} INFO - [2023-08-14T14:27:43.897+0300] {dagbag.py:541} INFO - Filling up the DagBag from /home/soamariaka/.local/lib/python3.9/site-packages/airflow/example_dags/tutorial_taskflow_api_virtualenv.py
[2023-08-14T14:27:43.910+0300] {processor.py:836} INFO - DAG(s) dict_keys(['tutorial_taskflow_api_virtualenv']) retrieved from /home/soamariaka/.local/lib/python3.9/site-packages/airflow/example_dags/tutorial_taskflow_api_virtualenv.py
[2023-08-14T14:27:43.937+0300] {logging_mixin.py:150} INFO - [2023-08-14T14:27:43.937+0300] {dag.py:2742} INFO - Sync 1 DAGs
[2023-08-14T14:27:43.968+0300] {logging_mixin.py:150} INFO - [2023-08-14T14:27:43.968+0300] {dag.py:3504} INFO - Setting next_dagrun for tutorial_taskflow_api_virtualenv to None, run_after=None
[2023-08-14T14:27:44.138+0300] {processor.py:179} INFO - Processing /home/soamariaka/.local/lib/python3.9/site-packages/airflow/example_dags/tutorial_taskflow_api_virtualenv.py took 0.250 seconds
[2023-08-14T14:28:48.331+0300] {processor.py:157} INFO - Started process (PID=17020) to work on /home/soamariaka/.local/lib/python3.9/site-packages/airflow/example_dags/tutorial_taskflow_api_virtualenv.py
[2023-08-14T14:28:48.332+0300] {processor.py:826} INFO - Processing file /home/soamariaka/.local/lib/python3.9/site-packages/airflow/example_dags/tutorial_taskflow_api_virtualenv.py for tasks to queue
[2023-08-14T14:28:48.334+0300] {logging_mixin.py:150} INFO - [2023-08-14T14:28:48.333+0300] {dagbag.py:541} INFO - Filling up the DagBag from /home/soamariaka/.local/lib/python3.9/site-packages/airflow/example_dags/tutorial_taskflow_api_virtualenv.py
[2023-08-14T14:28:48.346+0300] {processor.py:836} INFO - DAG(s) dict_keys(['tutorial_taskflow_api_virtualenv']) retrieved from /home/soamariaka/.local/lib/python3.9/site-packages/airflow/example_dags/tutorial_taskflow_api_virtualenv.py
[2023-08-14T14:28:48.372+0300] {logging_mixin.py:150} INFO - [2023-08-14T14:28:48.372+0300] {dag.py:2742} INFO - Sync 1 DAGs
[2023-08-14T14:28:48.403+0300] {logging_mixin.py:150} INFO - [2023-08-14T14:28:48.403+0300] {dag.py:3504} INFO - Setting next_dagrun for tutorial_taskflow_api_virtualenv to None, run_after=None
[2023-08-14T14:28:48.520+0300] {processor.py:179} INFO - Processing /home/soamariaka/.local/lib/python3.9/site-packages/airflow/example_dags/tutorial_taskflow_api_virtualenv.py took 0.195 seconds
[2023-08-14T14:29:46.397+0300] {processor.py:157} INFO - Started process (PID=17137) to work on /home/soamariaka/.local/lib/python3.9/site-packages/airflow/example_dags/tutorial_taskflow_api_virtualenv.py
[2023-08-14T14:29:46.409+0300] {processor.py:826} INFO - Processing file /home/soamariaka/.local/lib/python3.9/site-packages/airflow/example_dags/tutorial_taskflow_api_virtualenv.py for tasks to queue
[2023-08-14T14:29:46.411+0300] {logging_mixin.py:150} INFO - [2023-08-14T14:29:46.410+0300] {dagbag.py:541} INFO - Filling up the DagBag from /home/soamariaka/.local/lib/python3.9/site-packages/airflow/example_dags/tutorial_taskflow_api_virtualenv.py
[2023-08-14T14:29:46.424+0300] {processor.py:836} INFO - DAG(s) dict_keys(['tutorial_taskflow_api_virtualenv']) retrieved from /home/soamariaka/.local/lib/python3.9/site-packages/airflow/example_dags/tutorial_taskflow_api_virtualenv.py
[2023-08-14T14:29:46.453+0300] {logging_mixin.py:150} INFO - [2023-08-14T14:29:46.453+0300] {dag.py:2742} INFO - Sync 1 DAGs
[2023-08-14T14:29:46.484+0300] {logging_mixin.py:150} INFO - [2023-08-14T14:29:46.484+0300] {dag.py:3504} INFO - Setting next_dagrun for tutorial_taskflow_api_virtualenv to None, run_after=None
[2023-08-14T14:29:46.610+0300] {processor.py:179} INFO - Processing /home/soamariaka/.local/lib/python3.9/site-packages/airflow/example_dags/tutorial_taskflow_api_virtualenv.py took 0.218 seconds
[2023-08-14T14:30:39.397+0300] {processor.py:157} INFO - Started process (PID=17242) to work on /home/soamariaka/.local/lib/python3.9/site-packages/airflow/example_dags/tutorial_taskflow_api_virtualenv.py
[2023-08-14T14:30:39.400+0300] {processor.py:826} INFO - Processing file /home/soamariaka/.local/lib/python3.9/site-packages/airflow/example_dags/tutorial_taskflow_api_virtualenv.py for tasks to queue
[2023-08-14T14:30:39.401+0300] {logging_mixin.py:150} INFO - [2023-08-14T14:30:39.401+0300] {dagbag.py:541} INFO - Filling up the DagBag from /home/soamariaka/.local/lib/python3.9/site-packages/airflow/example_dags/tutorial_taskflow_api_virtualenv.py
[2023-08-14T14:30:39.414+0300] {processor.py:836} INFO - DAG(s) dict_keys(['tutorial_taskflow_api_virtualenv']) retrieved from /home/soamariaka/.local/lib/python3.9/site-packages/airflow/example_dags/tutorial_taskflow_api_virtualenv.py
[2023-08-14T14:30:39.441+0300] {logging_mixin.py:150} INFO - [2023-08-14T14:30:39.440+0300] {dag.py:2742} INFO - Sync 1 DAGs
[2023-08-14T14:30:39.472+0300] {logging_mixin.py:150} INFO - [2023-08-14T14:30:39.472+0300] {dag.py:3504} INFO - Setting next_dagrun for tutorial_taskflow_api_virtualenv to None, run_after=None
[2023-08-14T14:30:39.616+0300] {processor.py:179} INFO - Processing /home/soamariaka/.local/lib/python3.9/site-packages/airflow/example_dags/tutorial_taskflow_api_virtualenv.py took 0.224 seconds
[2023-08-14T14:31:39.065+0300] {processor.py:157} INFO - Started process (PID=17328) to work on /home/soamariaka/.local/lib/python3.9/site-packages/airflow/example_dags/tutorial_taskflow_api_virtualenv.py
[2023-08-14T14:31:39.104+0300] {processor.py:826} INFO - Processing file /home/soamariaka/.local/lib/python3.9/site-packages/airflow/example_dags/tutorial_taskflow_api_virtualenv.py for tasks to queue
[2023-08-14T14:31:39.105+0300] {logging_mixin.py:150} INFO - [2023-08-14T14:31:39.105+0300] {dagbag.py:541} INFO - Filling up the DagBag from /home/soamariaka/.local/lib/python3.9/site-packages/airflow/example_dags/tutorial_taskflow_api_virtualenv.py
[2023-08-14T14:31:39.118+0300] {processor.py:836} INFO - DAG(s) dict_keys(['tutorial_taskflow_api_virtualenv']) retrieved from /home/soamariaka/.local/lib/python3.9/site-packages/airflow/example_dags/tutorial_taskflow_api_virtualenv.py
[2023-08-14T14:31:39.149+0300] {logging_mixin.py:150} INFO - [2023-08-14T14:31:39.148+0300] {dag.py:2742} INFO - Sync 1 DAGs
[2023-08-14T14:31:39.183+0300] {logging_mixin.py:150} INFO - [2023-08-14T14:31:39.182+0300] {dag.py:3504} INFO - Setting next_dagrun for tutorial_taskflow_api_virtualenv to None, run_after=None
[2023-08-14T14:31:39.315+0300] {processor.py:179} INFO - Processing /home/soamariaka/.local/lib/python3.9/site-packages/airflow/example_dags/tutorial_taskflow_api_virtualenv.py took 0.256 seconds
[2023-08-14T14:32:38.277+0300] {processor.py:157} INFO - Started process (PID=17448) to work on /home/soamariaka/.local/lib/python3.9/site-packages/airflow/example_dags/tutorial_taskflow_api_virtualenv.py
[2023-08-14T14:32:38.280+0300] {processor.py:826} INFO - Processing file /home/soamariaka/.local/lib/python3.9/site-packages/airflow/example_dags/tutorial_taskflow_api_virtualenv.py for tasks to queue
[2023-08-14T14:32:38.281+0300] {logging_mixin.py:150} INFO - [2023-08-14T14:32:38.281+0300] {dagbag.py:541} INFO - Filling up the DagBag from /home/soamariaka/.local/lib/python3.9/site-packages/airflow/example_dags/tutorial_taskflow_api_virtualenv.py
[2023-08-14T14:32:38.295+0300] {processor.py:836} INFO - DAG(s) dict_keys(['tutorial_taskflow_api_virtualenv']) retrieved from /home/soamariaka/.local/lib/python3.9/site-packages/airflow/example_dags/tutorial_taskflow_api_virtualenv.py
[2023-08-14T14:32:38.322+0300] {logging_mixin.py:150} INFO - [2023-08-14T14:32:38.321+0300] {dag.py:2742} INFO - Sync 1 DAGs
[2023-08-14T14:32:38.354+0300] {logging_mixin.py:150} INFO - [2023-08-14T14:32:38.354+0300] {dag.py:3504} INFO - Setting next_dagrun for tutorial_taskflow_api_virtualenv to None, run_after=None
[2023-08-14T14:32:38.506+0300] {processor.py:179} INFO - Processing /home/soamariaka/.local/lib/python3.9/site-packages/airflow/example_dags/tutorial_taskflow_api_virtualenv.py took 0.234 seconds
[2023-08-14T14:33:37.736+0300] {processor.py:157} INFO - Started process (PID=17566) to work on /home/soamariaka/.local/lib/python3.9/site-packages/airflow/example_dags/tutorial_taskflow_api_virtualenv.py
[2023-08-14T14:33:37.769+0300] {processor.py:826} INFO - Processing file /home/soamariaka/.local/lib/python3.9/site-packages/airflow/example_dags/tutorial_taskflow_api_virtualenv.py for tasks to queue
[2023-08-14T14:33:37.771+0300] {logging_mixin.py:150} INFO - [2023-08-14T14:33:37.770+0300] {dagbag.py:541} INFO - Filling up the DagBag from /home/soamariaka/.local/lib/python3.9/site-packages/airflow/example_dags/tutorial_taskflow_api_virtualenv.py
[2023-08-14T14:33:37.783+0300] {processor.py:836} INFO - DAG(s) dict_keys(['tutorial_taskflow_api_virtualenv']) retrieved from /home/soamariaka/.local/lib/python3.9/site-packages/airflow/example_dags/tutorial_taskflow_api_virtualenv.py
[2023-08-14T14:33:37.814+0300] {logging_mixin.py:150} INFO - [2023-08-14T14:33:37.814+0300] {dag.py:2742} INFO - Sync 1 DAGs
[2023-08-14T14:33:37.847+0300] {logging_mixin.py:150} INFO - [2023-08-14T14:33:37.847+0300] {dag.py:3504} INFO - Setting next_dagrun for tutorial_taskflow_api_virtualenv to None, run_after=None
[2023-08-14T14:33:37.959+0300] {processor.py:179} INFO - Processing /home/soamariaka/.local/lib/python3.9/site-packages/airflow/example_dags/tutorial_taskflow_api_virtualenv.py took 0.228 seconds
[2023-08-14T14:34:37.207+0300] {processor.py:157} INFO - Started process (PID=17620) to work on /home/soamariaka/.local/lib/python3.9/site-packages/airflow/example_dags/tutorial_taskflow_api_virtualenv.py
[2023-08-14T14:34:37.243+0300] {processor.py:826} INFO - Processing file /home/soamariaka/.local/lib/python3.9/site-packages/airflow/example_dags/tutorial_taskflow_api_virtualenv.py for tasks to queue
[2023-08-14T14:34:37.244+0300] {logging_mixin.py:150} INFO - [2023-08-14T14:34:37.244+0300] {dagbag.py:541} INFO - Filling up the DagBag from /home/soamariaka/.local/lib/python3.9/site-packages/airflow/example_dags/tutorial_taskflow_api_virtualenv.py
[2023-08-14T14:34:37.260+0300] {processor.py:836} INFO - DAG(s) dict_keys(['tutorial_taskflow_api_virtualenv']) retrieved from /home/soamariaka/.local/lib/python3.9/site-packages/airflow/example_dags/tutorial_taskflow_api_virtualenv.py
[2023-08-14T14:34:37.294+0300] {logging_mixin.py:150} INFO - [2023-08-14T14:34:37.293+0300] {dag.py:2742} INFO - Sync 1 DAGs
[2023-08-14T14:34:37.329+0300] {logging_mixin.py:150} INFO - [2023-08-14T14:34:37.329+0300] {dag.py:3504} INFO - Setting next_dagrun for tutorial_taskflow_api_virtualenv to None, run_after=None
[2023-08-14T14:34:37.472+0300] {processor.py:179} INFO - Processing /home/soamariaka/.local/lib/python3.9/site-packages/airflow/example_dags/tutorial_taskflow_api_virtualenv.py took 0.271 seconds
[2023-08-14T14:35:25.348+0300] {processor.py:157} INFO - Started process (PID=17840) to work on /home/soamariaka/.local/lib/python3.9/site-packages/airflow/example_dags/tutorial_taskflow_api_virtualenv.py
[2023-08-14T14:35:25.350+0300] {processor.py:826} INFO - Processing file /home/soamariaka/.local/lib/python3.9/site-packages/airflow/example_dags/tutorial_taskflow_api_virtualenv.py for tasks to queue
[2023-08-14T14:35:25.351+0300] {logging_mixin.py:150} INFO - [2023-08-14T14:35:25.351+0300] {dagbag.py:541} INFO - Filling up the DagBag from /home/soamariaka/.local/lib/python3.9/site-packages/airflow/example_dags/tutorial_taskflow_api_virtualenv.py
[2023-08-14T14:35:25.364+0300] {processor.py:836} INFO - DAG(s) dict_keys(['tutorial_taskflow_api_virtualenv']) retrieved from /home/soamariaka/.local/lib/python3.9/site-packages/airflow/example_dags/tutorial_taskflow_api_virtualenv.py
[2023-08-14T14:35:25.391+0300] {logging_mixin.py:150} INFO - [2023-08-14T14:35:25.391+0300] {dag.py:2742} INFO - Sync 1 DAGs
[2023-08-14T14:35:25.423+0300] {logging_mixin.py:150} INFO - [2023-08-14T14:35:25.423+0300] {dag.py:3504} INFO - Setting next_dagrun for tutorial_taskflow_api_virtualenv to None, run_after=None
[2023-08-14T14:35:25.550+0300] {processor.py:179} INFO - Processing /home/soamariaka/.local/lib/python3.9/site-packages/airflow/example_dags/tutorial_taskflow_api_virtualenv.py took 0.207 seconds
[2023-08-14T14:36:09.189+0300] {processor.py:157} INFO - Started process (PID=17947) to work on /home/soamariaka/.local/lib/python3.9/site-packages/airflow/example_dags/tutorial_taskflow_api_virtualenv.py
[2023-08-14T14:36:09.191+0300] {processor.py:826} INFO - Processing file /home/soamariaka/.local/lib/python3.9/site-packages/airflow/example_dags/tutorial_taskflow_api_virtualenv.py for tasks to queue
[2023-08-14T14:36:09.193+0300] {logging_mixin.py:150} INFO - [2023-08-14T14:36:09.192+0300] {dagbag.py:541} INFO - Filling up the DagBag from /home/soamariaka/.local/lib/python3.9/site-packages/airflow/example_dags/tutorial_taskflow_api_virtualenv.py
[2023-08-14T14:36:09.209+0300] {processor.py:836} INFO - DAG(s) dict_keys(['tutorial_taskflow_api_virtualenv']) retrieved from /home/soamariaka/.local/lib/python3.9/site-packages/airflow/example_dags/tutorial_taskflow_api_virtualenv.py
[2023-08-14T14:36:09.237+0300] {logging_mixin.py:150} INFO - [2023-08-14T14:36:09.236+0300] {dag.py:2742} INFO - Sync 1 DAGs
[2023-08-14T14:36:09.267+0300] {logging_mixin.py:150} INFO - [2023-08-14T14:36:09.267+0300] {dag.py:3504} INFO - Setting next_dagrun for tutorial_taskflow_api_virtualenv to None, run_after=None
[2023-08-14T14:36:09.530+0300] {processor.py:179} INFO - Processing /home/soamariaka/.local/lib/python3.9/site-packages/airflow/example_dags/tutorial_taskflow_api_virtualenv.py took 0.347 seconds
[2023-08-14T14:37:11.026+0300] {processor.py:157} INFO - Started process (PID=18046) to work on /home/soamariaka/.local/lib/python3.9/site-packages/airflow/example_dags/tutorial_taskflow_api_virtualenv.py
[2023-08-14T14:37:11.027+0300] {processor.py:826} INFO - Processing file /home/soamariaka/.local/lib/python3.9/site-packages/airflow/example_dags/tutorial_taskflow_api_virtualenv.py for tasks to queue
[2023-08-14T14:37:11.029+0300] {logging_mixin.py:150} INFO - [2023-08-14T14:37:11.028+0300] {dagbag.py:541} INFO - Filling up the DagBag from /home/soamariaka/.local/lib/python3.9/site-packages/airflow/example_dags/tutorial_taskflow_api_virtualenv.py
[2023-08-14T14:37:11.041+0300] {processor.py:836} INFO - DAG(s) dict_keys(['tutorial_taskflow_api_virtualenv']) retrieved from /home/soamariaka/.local/lib/python3.9/site-packages/airflow/example_dags/tutorial_taskflow_api_virtualenv.py
[2023-08-14T14:37:11.068+0300] {logging_mixin.py:150} INFO - [2023-08-14T14:37:11.068+0300] {dag.py:2742} INFO - Sync 1 DAGs
[2023-08-14T14:37:11.103+0300] {logging_mixin.py:150} INFO - [2023-08-14T14:37:11.103+0300] {dag.py:3504} INFO - Setting next_dagrun for tutorial_taskflow_api_virtualenv to None, run_after=None
[2023-08-14T14:37:11.288+0300] {processor.py:179} INFO - Processing /home/soamariaka/.local/lib/python3.9/site-packages/airflow/example_dags/tutorial_taskflow_api_virtualenv.py took 0.268 seconds
[2023-08-14T14:38:11.105+0300] {processor.py:157} INFO - Started process (PID=18197) to work on /home/soamariaka/.local/lib/python3.9/site-packages/airflow/example_dags/tutorial_taskflow_api_virtualenv.py
[2023-08-14T14:38:11.106+0300] {processor.py:826} INFO - Processing file /home/soamariaka/.local/lib/python3.9/site-packages/airflow/example_dags/tutorial_taskflow_api_virtualenv.py for tasks to queue
[2023-08-14T14:38:11.107+0300] {logging_mixin.py:150} INFO - [2023-08-14T14:38:11.107+0300] {dagbag.py:541} INFO - Filling up the DagBag from /home/soamariaka/.local/lib/python3.9/site-packages/airflow/example_dags/tutorial_taskflow_api_virtualenv.py
[2023-08-14T14:38:11.117+0300] {processor.py:836} INFO - DAG(s) dict_keys(['tutorial_taskflow_api_virtualenv']) retrieved from /home/soamariaka/.local/lib/python3.9/site-packages/airflow/example_dags/tutorial_taskflow_api_virtualenv.py
[2023-08-14T14:38:11.150+0300] {logging_mixin.py:150} INFO - [2023-08-14T14:38:11.150+0300] {dag.py:2742} INFO - Sync 1 DAGs
[2023-08-14T14:38:11.183+0300] {logging_mixin.py:150} INFO - [2023-08-14T14:38:11.183+0300] {dag.py:3504} INFO - Setting next_dagrun for tutorial_taskflow_api_virtualenv to None, run_after=None
[2023-08-14T14:38:11.422+0300] {processor.py:179} INFO - Processing /home/soamariaka/.local/lib/python3.9/site-packages/airflow/example_dags/tutorial_taskflow_api_virtualenv.py took 0.322 seconds
[2023-08-14T14:39:21.060+0300] {processor.py:157} INFO - Started process (PID=18353) to work on /home/soamariaka/.local/lib/python3.9/site-packages/airflow/example_dags/tutorial_taskflow_api_virtualenv.py
[2023-08-14T14:39:21.062+0300] {processor.py:826} INFO - Processing file /home/soamariaka/.local/lib/python3.9/site-packages/airflow/example_dags/tutorial_taskflow_api_virtualenv.py for tasks to queue
[2023-08-14T14:39:21.063+0300] {logging_mixin.py:150} INFO - [2023-08-14T14:39:21.063+0300] {dagbag.py:541} INFO - Filling up the DagBag from /home/soamariaka/.local/lib/python3.9/site-packages/airflow/example_dags/tutorial_taskflow_api_virtualenv.py
[2023-08-14T14:39:21.076+0300] {processor.py:836} INFO - DAG(s) dict_keys(['tutorial_taskflow_api_virtualenv']) retrieved from /home/soamariaka/.local/lib/python3.9/site-packages/airflow/example_dags/tutorial_taskflow_api_virtualenv.py
[2023-08-14T14:39:21.101+0300] {logging_mixin.py:150} INFO - [2023-08-14T14:39:21.101+0300] {dag.py:2742} INFO - Sync 1 DAGs
[2023-08-14T14:39:21.132+0300] {logging_mixin.py:150} INFO - [2023-08-14T14:39:21.132+0300] {dag.py:3504} INFO - Setting next_dagrun for tutorial_taskflow_api_virtualenv to None, run_after=None
[2023-08-14T14:39:21.385+0300] {processor.py:179} INFO - Processing /home/soamariaka/.local/lib/python3.9/site-packages/airflow/example_dags/tutorial_taskflow_api_virtualenv.py took 0.330 seconds
[2023-08-14T14:40:40.897+0300] {processor.py:157} INFO - Started process (PID=18601) to work on /home/soamariaka/.local/lib/python3.9/site-packages/airflow/example_dags/tutorial_taskflow_api_virtualenv.py
[2023-08-14T14:40:40.899+0300] {processor.py:826} INFO - Processing file /home/soamariaka/.local/lib/python3.9/site-packages/airflow/example_dags/tutorial_taskflow_api_virtualenv.py for tasks to queue
[2023-08-14T14:40:40.900+0300] {logging_mixin.py:150} INFO - [2023-08-14T14:40:40.900+0300] {dagbag.py:541} INFO - Filling up the DagBag from /home/soamariaka/.local/lib/python3.9/site-packages/airflow/example_dags/tutorial_taskflow_api_virtualenv.py
[2023-08-14T14:40:40.913+0300] {processor.py:836} INFO - DAG(s) dict_keys(['tutorial_taskflow_api_virtualenv']) retrieved from /home/soamariaka/.local/lib/python3.9/site-packages/airflow/example_dags/tutorial_taskflow_api_virtualenv.py
[2023-08-14T14:40:40.949+0300] {logging_mixin.py:150} INFO - [2023-08-14T14:40:40.948+0300] {dag.py:2742} INFO - Sync 1 DAGs
[2023-08-14T14:40:40.980+0300] {logging_mixin.py:150} INFO - [2023-08-14T14:40:40.980+0300] {dag.py:3504} INFO - Setting next_dagrun for tutorial_taskflow_api_virtualenv to None, run_after=None
[2023-08-14T14:40:41.101+0300] {processor.py:179} INFO - Processing /home/soamariaka/.local/lib/python3.9/site-packages/airflow/example_dags/tutorial_taskflow_api_virtualenv.py took 0.209 seconds
