[2023-07-20T07:52:25.158+0300] {processor.py:157} INFO - Started process (PID=9443) to work on /home/soamariaka/.local/lib/python3.9/site-packages/airflow/example_dags/example_short_circuit_operator.py
[2023-07-20T07:52:25.159+0300] {processor.py:826} INFO - Processing file /home/soamariaka/.local/lib/python3.9/site-packages/airflow/example_dags/example_short_circuit_operator.py for tasks to queue
[2023-07-20T07:52:25.161+0300] {logging_mixin.py:150} INFO - [2023-07-20T07:52:25.160+0300] {dagbag.py:541} INFO - Filling up the DagBag from /home/soamariaka/.local/lib/python3.9/site-packages/airflow/example_dags/example_short_circuit_operator.py
[2023-07-20T07:52:25.175+0300] {processor.py:836} INFO - DAG(s) dict_keys(['example_short_circuit_operator']) retrieved from /home/soamariaka/.local/lib/python3.9/site-packages/airflow/example_dags/example_short_circuit_operator.py
[2023-07-20T07:52:25.744+0300] {logging_mixin.py:150} INFO - [2023-07-20T07:52:25.743+0300] {manager.py:504} INFO - Created Permission View: can edit on DAG:example_short_circuit_operator
[2023-07-20T07:52:25.855+0300] {logging_mixin.py:150} INFO - [2023-07-20T07:52:25.854+0300] {manager.py:504} INFO - Created Permission View: can read on DAG:example_short_circuit_operator
[2023-07-20T07:52:25.955+0300] {logging_mixin.py:150} INFO - [2023-07-20T07:52:25.954+0300] {manager.py:504} INFO - Created Permission View: can delete on DAG:example_short_circuit_operator
[2023-07-20T07:52:25.999+0300] {logging_mixin.py:150} INFO - [2023-07-20T07:52:25.999+0300] {dag.py:2742} INFO - Sync 1 DAGs
[2023-07-20T07:52:26.026+0300] {logging_mixin.py:150} INFO - [2023-07-20T07:52:26.025+0300] {dag.py:2763} INFO - Creating ORM DAG for example_short_circuit_operator
[2023-07-20T07:52:26.045+0300] {logging_mixin.py:150} INFO - [2023-07-20T07:52:26.045+0300] {dag.py:3504} INFO - Setting next_dagrun for example_short_circuit_operator to 2023-07-19T04:52:26.044732+00:00, run_after=2023-07-20T04:52:26.044732+00:00
[2023-07-20T07:52:26.417+0300] {processor.py:179} INFO - Processing /home/soamariaka/.local/lib/python3.9/site-packages/airflow/example_dags/example_short_circuit_operator.py took 1.264 seconds
[2023-07-20T07:54:24.916+0300] {processor.py:157} INFO - Started process (PID=9674) to work on /home/soamariaka/.local/lib/python3.9/site-packages/airflow/example_dags/example_short_circuit_operator.py
[2023-07-20T07:54:24.919+0300] {processor.py:826} INFO - Processing file /home/soamariaka/.local/lib/python3.9/site-packages/airflow/example_dags/example_short_circuit_operator.py for tasks to queue
[2023-07-20T07:54:24.920+0300] {logging_mixin.py:150} INFO - [2023-07-20T07:54:24.920+0300] {dagbag.py:541} INFO - Filling up the DagBag from /home/soamariaka/.local/lib/python3.9/site-packages/airflow/example_dags/example_short_circuit_operator.py
[2023-07-20T07:54:24.935+0300] {processor.py:836} INFO - DAG(s) dict_keys(['example_short_circuit_operator']) retrieved from /home/soamariaka/.local/lib/python3.9/site-packages/airflow/example_dags/example_short_circuit_operator.py
[2023-07-20T07:54:24.966+0300] {logging_mixin.py:150} INFO - [2023-07-20T07:54:24.966+0300] {dag.py:2742} INFO - Sync 1 DAGs
[2023-07-20T07:54:25.019+0300] {logging_mixin.py:150} INFO - [2023-07-20T07:54:25.018+0300] {dag.py:3504} INFO - Setting next_dagrun for example_short_circuit_operator to 2023-07-19T04:54:25.018384+00:00, run_after=2023-07-20T04:54:25.018384+00:00
[2023-07-20T07:54:25.257+0300] {processor.py:179} INFO - Processing /home/soamariaka/.local/lib/python3.9/site-packages/airflow/example_dags/example_short_circuit_operator.py took 0.347 seconds
[2023-07-20T07:55:25.462+0300] {processor.py:157} INFO - Started process (PID=9823) to work on /home/soamariaka/.local/lib/python3.9/site-packages/airflow/example_dags/example_short_circuit_operator.py
[2023-07-20T07:55:25.463+0300] {processor.py:826} INFO - Processing file /home/soamariaka/.local/lib/python3.9/site-packages/airflow/example_dags/example_short_circuit_operator.py for tasks to queue
[2023-07-20T07:55:25.465+0300] {logging_mixin.py:150} INFO - [2023-07-20T07:55:25.464+0300] {dagbag.py:541} INFO - Filling up the DagBag from /home/soamariaka/.local/lib/python3.9/site-packages/airflow/example_dags/example_short_circuit_operator.py
[2023-07-20T07:55:25.479+0300] {processor.py:836} INFO - DAG(s) dict_keys(['example_short_circuit_operator']) retrieved from /home/soamariaka/.local/lib/python3.9/site-packages/airflow/example_dags/example_short_circuit_operator.py
[2023-07-20T07:55:25.510+0300] {logging_mixin.py:150} INFO - [2023-07-20T07:55:25.510+0300] {dag.py:2742} INFO - Sync 1 DAGs
[2023-07-20T07:55:25.542+0300] {logging_mixin.py:150} INFO - [2023-07-20T07:55:25.541+0300] {dag.py:3504} INFO - Setting next_dagrun for example_short_circuit_operator to 2023-07-19T04:55:25.541629+00:00, run_after=2023-07-20T04:55:25.541629+00:00
[2023-07-20T07:55:25.789+0300] {processor.py:179} INFO - Processing /home/soamariaka/.local/lib/python3.9/site-packages/airflow/example_dags/example_short_circuit_operator.py took 0.333 seconds
