[2023-07-20T07:52:21.164+0300] {processor.py:157} INFO - Started process (PID=9440) to work on /home/soamariaka/.local/lib/python3.9/site-packages/airflow/example_dags/example_sensor_decorator.py
[2023-07-20T07:52:21.180+0300] {processor.py:826} INFO - Processing file /home/soamariaka/.local/lib/python3.9/site-packages/airflow/example_dags/example_sensor_decorator.py for tasks to queue
[2023-07-20T07:52:21.181+0300] {logging_mixin.py:150} INFO - [2023-07-20T07:52:21.180+0300] {dagbag.py:541} INFO - Filling up the DagBag from /home/soamariaka/.local/lib/python3.9/site-packages/airflow/example_dags/example_sensor_decorator.py
[2023-07-20T07:52:21.189+0300] {processor.py:836} INFO - DAG(s) dict_keys(['example_sensor_decorator']) retrieved from /home/soamariaka/.local/lib/python3.9/site-packages/airflow/example_dags/example_sensor_decorator.py
[2023-07-20T07:52:21.611+0300] {logging_mixin.py:150} INFO - [2023-07-20T07:52:21.610+0300] {manager.py:504} INFO - Created Permission View: can edit on DAG:example_sensor_decorator
[2023-07-20T07:52:21.765+0300] {logging_mixin.py:150} INFO - [2023-07-20T07:52:21.765+0300] {manager.py:504} INFO - Created Permission View: can read on DAG:example_sensor_decorator
[2023-07-20T07:52:21.855+0300] {logging_mixin.py:150} INFO - [2023-07-20T07:52:21.854+0300] {manager.py:504} INFO - Created Permission View: can delete on DAG:example_sensor_decorator
[2023-07-20T07:52:21.900+0300] {logging_mixin.py:150} INFO - [2023-07-20T07:52:21.899+0300] {dag.py:2742} INFO - Sync 1 DAGs
[2023-07-20T07:52:21.926+0300] {logging_mixin.py:150} INFO - [2023-07-20T07:52:21.925+0300] {dag.py:2763} INFO - Creating ORM DAG for example_sensor_decorator
[2023-07-20T07:52:21.944+0300] {logging_mixin.py:150} INFO - [2023-07-20T07:52:21.944+0300] {dag.py:3504} INFO - Setting next_dagrun for example_sensor_decorator to None, run_after=None
[2023-07-20T07:52:22.141+0300] {processor.py:179} INFO - Processing /home/soamariaka/.local/lib/python3.9/site-packages/airflow/example_dags/example_sensor_decorator.py took 0.980 seconds
[2023-07-20T07:54:21.576+0300] {processor.py:157} INFO - Started process (PID=9672) to work on /home/soamariaka/.local/lib/python3.9/site-packages/airflow/example_dags/example_sensor_decorator.py
[2023-07-20T07:54:21.577+0300] {processor.py:826} INFO - Processing file /home/soamariaka/.local/lib/python3.9/site-packages/airflow/example_dags/example_sensor_decorator.py for tasks to queue
[2023-07-20T07:54:21.579+0300] {logging_mixin.py:150} INFO - [2023-07-20T07:54:21.578+0300] {dagbag.py:541} INFO - Filling up the DagBag from /home/soamariaka/.local/lib/python3.9/site-packages/airflow/example_dags/example_sensor_decorator.py
[2023-07-20T07:54:21.590+0300] {processor.py:836} INFO - DAG(s) dict_keys(['example_sensor_decorator']) retrieved from /home/soamariaka/.local/lib/python3.9/site-packages/airflow/example_dags/example_sensor_decorator.py
[2023-07-20T07:54:21.617+0300] {logging_mixin.py:150} INFO - [2023-07-20T07:54:21.616+0300] {dag.py:2742} INFO - Sync 1 DAGs
[2023-07-20T07:54:21.651+0300] {logging_mixin.py:150} INFO - [2023-07-20T07:54:21.650+0300] {dag.py:3504} INFO - Setting next_dagrun for example_sensor_decorator to None, run_after=None
[2023-07-20T07:54:21.924+0300] {processor.py:179} INFO - Processing /home/soamariaka/.local/lib/python3.9/site-packages/airflow/example_dags/example_sensor_decorator.py took 0.353 seconds
[2023-07-20T07:55:22.073+0300] {processor.py:157} INFO - Started process (PID=9820) to work on /home/soamariaka/.local/lib/python3.9/site-packages/airflow/example_dags/example_sensor_decorator.py
[2023-07-20T07:55:22.080+0300] {processor.py:826} INFO - Processing file /home/soamariaka/.local/lib/python3.9/site-packages/airflow/example_dags/example_sensor_decorator.py for tasks to queue
[2023-07-20T07:55:22.082+0300] {logging_mixin.py:150} INFO - [2023-07-20T07:55:22.081+0300] {dagbag.py:541} INFO - Filling up the DagBag from /home/soamariaka/.local/lib/python3.9/site-packages/airflow/example_dags/example_sensor_decorator.py
[2023-07-20T07:55:22.092+0300] {processor.py:836} INFO - DAG(s) dict_keys(['example_sensor_decorator']) retrieved from /home/soamariaka/.local/lib/python3.9/site-packages/airflow/example_dags/example_sensor_decorator.py
[2023-07-20T07:55:22.131+0300] {logging_mixin.py:150} INFO - [2023-07-20T07:55:22.131+0300] {dag.py:2742} INFO - Sync 1 DAGs
[2023-07-20T07:55:22.265+0300] {logging_mixin.py:150} INFO - [2023-07-20T07:55:22.265+0300] {dag.py:3504} INFO - Setting next_dagrun for example_sensor_decorator to None, run_after=None
[2023-07-20T07:55:22.638+0300] {processor.py:179} INFO - Processing /home/soamariaka/.local/lib/python3.9/site-packages/airflow/example_dags/example_sensor_decorator.py took 0.570 seconds
