[2023-07-20T07:52:10.457+0300] {processor.py:157} INFO - Started process (PID=9434) to work on /home/soamariaka/.local/lib/python3.9/site-packages/airflow/example_dags/example_subdag_operator.py
[2023-07-20T07:52:10.459+0300] {processor.py:826} INFO - Processing file /home/soamariaka/.local/lib/python3.9/site-packages/airflow/example_dags/example_subdag_operator.py for tasks to queue
[2023-07-20T07:52:10.460+0300] {logging_mixin.py:150} INFO - [2023-07-20T07:52:10.460+0300] {dagbag.py:541} INFO - Filling up the DagBag from /home/soamariaka/.local/lib/python3.9/site-packages/airflow/example_dags/example_subdag_operator.py
[2023-07-20T07:52:10.507+0300] {processor.py:836} INFO - DAG(s) dict_keys(['example_subdag_operator.section-1', 'example_subdag_operator.section-2', 'example_subdag_operator']) retrieved from /home/soamariaka/.local/lib/python3.9/site-packages/airflow/example_dags/example_subdag_operator.py
[2023-07-20T07:52:10.910+0300] {logging_mixin.py:150} INFO - [2023-07-20T07:52:10.910+0300] {manager.py:504} INFO - Created Permission View: can edit on DAG:example_subdag_operator
[2023-07-20T07:52:11.022+0300] {logging_mixin.py:150} INFO - [2023-07-20T07:52:11.021+0300] {manager.py:504} INFO - Created Permission View: can read on DAG:example_subdag_operator
[2023-07-20T07:52:11.219+0300] {logging_mixin.py:150} INFO - [2023-07-20T07:52:11.218+0300] {manager.py:504} INFO - Created Permission View: can delete on DAG:example_subdag_operator
[2023-07-20T07:52:11.311+0300] {logging_mixin.py:150} INFO - [2023-07-20T07:52:11.310+0300] {dag.py:2742} INFO - Sync 3 DAGs
[2023-07-20T07:52:11.348+0300] {logging_mixin.py:150} INFO - [2023-07-20T07:52:11.347+0300] {dag.py:2763} INFO - Creating ORM DAG for example_subdag_operator.section-1
[2023-07-20T07:52:11.350+0300] {logging_mixin.py:150} INFO - [2023-07-20T07:52:11.349+0300] {dag.py:2763} INFO - Creating ORM DAG for example_subdag_operator
[2023-07-20T07:52:11.351+0300] {logging_mixin.py:150} INFO - [2023-07-20T07:52:11.351+0300] {dag.py:2763} INFO - Creating ORM DAG for example_subdag_operator.section-2
[2023-07-20T07:52:11.408+0300] {logging_mixin.py:150} INFO - [2023-07-20T07:52:11.407+0300] {dag.py:3504} INFO - Setting next_dagrun for example_subdag_operator to 2022-01-01T00:00:00+00:00, run_after=2022-01-01T00:00:00+00:00
[2023-07-20T07:52:11.426+0300] {logging_mixin.py:150} INFO - [2023-07-20T07:52:11.426+0300] {dag.py:3504} INFO - Setting next_dagrun for example_subdag_operator.section-1 to None, run_after=None
[2023-07-20T07:52:11.427+0300] {logging_mixin.py:150} INFO - [2023-07-20T07:52:11.426+0300] {dag.py:3504} INFO - Setting next_dagrun for example_subdag_operator.section-2 to None, run_after=None
[2023-07-20T07:52:11.443+0300] {logging_mixin.py:150} INFO - [2023-07-20T07:52:11.442+0300] {dag.py:2742} INFO - Sync 2 DAGs
[2023-07-20T07:52:11.453+0300] {logging_mixin.py:150} INFO - [2023-07-20T07:52:11.453+0300] {dag.py:3504} INFO - Setting next_dagrun for example_subdag_operator.section-1 to None, run_after=None
[2023-07-20T07:52:11.458+0300] {logging_mixin.py:150} INFO - [2023-07-20T07:52:11.458+0300] {dag.py:3504} INFO - Setting next_dagrun for example_subdag_operator.section-2 to None, run_after=None
[2023-07-20T07:52:11.670+0300] {processor.py:179} INFO - Processing /home/soamariaka/.local/lib/python3.9/site-packages/airflow/example_dags/example_subdag_operator.py took 1.218 seconds
[2023-07-20T07:54:14.174+0300] {processor.py:157} INFO - Started process (PID=9664) to work on /home/soamariaka/.local/lib/python3.9/site-packages/airflow/example_dags/example_subdag_operator.py
[2023-07-20T07:54:14.176+0300] {processor.py:826} INFO - Processing file /home/soamariaka/.local/lib/python3.9/site-packages/airflow/example_dags/example_subdag_operator.py for tasks to queue
[2023-07-20T07:54:14.177+0300] {logging_mixin.py:150} INFO - [2023-07-20T07:54:14.177+0300] {dagbag.py:541} INFO - Filling up the DagBag from /home/soamariaka/.local/lib/python3.9/site-packages/airflow/example_dags/example_subdag_operator.py
[2023-07-20T07:54:14.212+0300] {processor.py:836} INFO - DAG(s) dict_keys(['example_subdag_operator.section-1', 'example_subdag_operator.section-2', 'example_subdag_operator']) retrieved from /home/soamariaka/.local/lib/python3.9/site-packages/airflow/example_dags/example_subdag_operator.py
[2023-07-20T07:54:14.236+0300] {logging_mixin.py:150} INFO - [2023-07-20T07:54:14.236+0300] {dag.py:2742} INFO - Sync 3 DAGs
[2023-07-20T07:54:14.271+0300] {logging_mixin.py:150} INFO - [2023-07-20T07:54:14.271+0300] {dag.py:3504} INFO - Setting next_dagrun for example_subdag_operator to 2022-01-01T00:00:00+00:00, run_after=2022-01-01T00:00:00+00:00
[2023-07-20T07:54:14.277+0300] {logging_mixin.py:150} INFO - [2023-07-20T07:54:14.277+0300] {dag.py:3504} INFO - Setting next_dagrun for example_subdag_operator.section-1 to None, run_after=None
[2023-07-20T07:54:14.278+0300] {logging_mixin.py:150} INFO - [2023-07-20T07:54:14.278+0300] {dag.py:3504} INFO - Setting next_dagrun for example_subdag_operator.section-2 to None, run_after=None
[2023-07-20T07:54:14.294+0300] {logging_mixin.py:150} INFO - [2023-07-20T07:54:14.293+0300] {dag.py:2742} INFO - Sync 2 DAGs
[2023-07-20T07:54:14.300+0300] {logging_mixin.py:150} INFO - [2023-07-20T07:54:14.300+0300] {dag.py:3504} INFO - Setting next_dagrun for example_subdag_operator.section-1 to None, run_after=None
[2023-07-20T07:54:14.300+0300] {logging_mixin.py:150} INFO - [2023-07-20T07:54:14.300+0300] {dag.py:3504} INFO - Setting next_dagrun for example_subdag_operator.section-2 to None, run_after=None
[2023-07-20T07:54:14.522+0300] {processor.py:179} INFO - Processing /home/soamariaka/.local/lib/python3.9/site-packages/airflow/example_dags/example_subdag_operator.py took 0.354 seconds
[2023-07-20T07:55:15.474+0300] {processor.py:157} INFO - Started process (PID=9814) to work on /home/soamariaka/.local/lib/python3.9/site-packages/airflow/example_dags/example_subdag_operator.py
[2023-07-20T07:55:15.476+0300] {processor.py:826} INFO - Processing file /home/soamariaka/.local/lib/python3.9/site-packages/airflow/example_dags/example_subdag_operator.py for tasks to queue
[2023-07-20T07:55:15.479+0300] {logging_mixin.py:150} INFO - [2023-07-20T07:55:15.478+0300] {dagbag.py:541} INFO - Filling up the DagBag from /home/soamariaka/.local/lib/python3.9/site-packages/airflow/example_dags/example_subdag_operator.py
[2023-07-20T07:55:15.519+0300] {processor.py:836} INFO - DAG(s) dict_keys(['example_subdag_operator.section-1', 'example_subdag_operator.section-2', 'example_subdag_operator']) retrieved from /home/soamariaka/.local/lib/python3.9/site-packages/airflow/example_dags/example_subdag_operator.py
[2023-07-20T07:55:15.545+0300] {logging_mixin.py:150} INFO - [2023-07-20T07:55:15.545+0300] {dag.py:2742} INFO - Sync 3 DAGs
[2023-07-20T07:55:15.578+0300] {logging_mixin.py:150} INFO - [2023-07-20T07:55:15.578+0300] {dag.py:3504} INFO - Setting next_dagrun for example_subdag_operator to 2022-01-01T00:00:00+00:00, run_after=2022-01-01T00:00:00+00:00
[2023-07-20T07:55:15.583+0300] {logging_mixin.py:150} INFO - [2023-07-20T07:55:15.582+0300] {dag.py:3504} INFO - Setting next_dagrun for example_subdag_operator.section-1 to None, run_after=None
[2023-07-20T07:55:15.584+0300] {logging_mixin.py:150} INFO - [2023-07-20T07:55:15.584+0300] {dag.py:3504} INFO - Setting next_dagrun for example_subdag_operator.section-2 to None, run_after=None
[2023-07-20T07:55:15.593+0300] {logging_mixin.py:150} INFO - [2023-07-20T07:55:15.593+0300] {dag.py:2742} INFO - Sync 2 DAGs
[2023-07-20T07:55:15.601+0300] {logging_mixin.py:150} INFO - [2023-07-20T07:55:15.600+0300] {dag.py:3504} INFO - Setting next_dagrun for example_subdag_operator.section-1 to None, run_after=None
[2023-07-20T07:55:15.601+0300] {logging_mixin.py:150} INFO - [2023-07-20T07:55:15.601+0300] {dag.py:3504} INFO - Setting next_dagrun for example_subdag_operator.section-2 to None, run_after=None
[2023-07-20T07:55:15.729+0300] {processor.py:179} INFO - Processing /home/soamariaka/.local/lib/python3.9/site-packages/airflow/example_dags/example_subdag_operator.py took 0.263 seconds
