[2023-07-20T07:52:18.844+0300] {processor.py:157} INFO - Started process (PID=9439) to work on /home/soamariaka/.local/lib/python3.9/site-packages/airflow/example_dags/example_task_group_decorator.py
[2023-07-20T07:52:18.845+0300] {processor.py:826} INFO - Processing file /home/soamariaka/.local/lib/python3.9/site-packages/airflow/example_dags/example_task_group_decorator.py for tasks to queue
[2023-07-20T07:52:18.846+0300] {logging_mixin.py:150} INFO - [2023-07-20T07:52:18.846+0300] {dagbag.py:541} INFO - Filling up the DagBag from /home/soamariaka/.local/lib/python3.9/site-packages/airflow/example_dags/example_task_group_decorator.py
[2023-07-20T07:52:18.873+0300] {processor.py:836} INFO - DAG(s) dict_keys(['example_task_group_decorator']) retrieved from /home/soamariaka/.local/lib/python3.9/site-packages/airflow/example_dags/example_task_group_decorator.py
[2023-07-20T07:52:19.430+0300] {logging_mixin.py:150} INFO - [2023-07-20T07:52:19.429+0300] {manager.py:504} INFO - Created Permission View: can edit on DAG:example_task_group_decorator
[2023-07-20T07:52:19.555+0300] {logging_mixin.py:150} INFO - [2023-07-20T07:52:19.554+0300] {manager.py:504} INFO - Created Permission View: can read on DAG:example_task_group_decorator
[2023-07-20T07:52:19.655+0300] {logging_mixin.py:150} INFO - [2023-07-20T07:52:19.654+0300] {manager.py:504} INFO - Created Permission View: can delete on DAG:example_task_group_decorator
[2023-07-20T07:52:19.703+0300] {logging_mixin.py:150} INFO - [2023-07-20T07:52:19.703+0300] {dag.py:2742} INFO - Sync 1 DAGs
[2023-07-20T07:52:19.730+0300] {logging_mixin.py:150} INFO - [2023-07-20T07:52:19.729+0300] {dag.py:2763} INFO - Creating ORM DAG for example_task_group_decorator
[2023-07-20T07:52:19.751+0300] {logging_mixin.py:150} INFO - [2023-07-20T07:52:19.750+0300] {dag.py:3504} INFO - Setting next_dagrun for example_task_group_decorator to 2023-07-19T04:52:19.750246+00:00, run_after=2023-07-20T04:52:19.750246+00:00
[2023-07-20T07:52:19.929+0300] {processor.py:179} INFO - Processing /home/soamariaka/.local/lib/python3.9/site-packages/airflow/example_dags/example_task_group_decorator.py took 1.090 seconds
[2023-07-20T07:54:20.438+0300] {processor.py:157} INFO - Started process (PID=9671) to work on /home/soamariaka/.local/lib/python3.9/site-packages/airflow/example_dags/example_task_group_decorator.py
[2023-07-20T07:54:20.440+0300] {processor.py:826} INFO - Processing file /home/soamariaka/.local/lib/python3.9/site-packages/airflow/example_dags/example_task_group_decorator.py for tasks to queue
[2023-07-20T07:54:20.441+0300] {logging_mixin.py:150} INFO - [2023-07-20T07:54:20.441+0300] {dagbag.py:541} INFO - Filling up the DagBag from /home/soamariaka/.local/lib/python3.9/site-packages/airflow/example_dags/example_task_group_decorator.py
[2023-07-20T07:54:20.470+0300] {processor.py:836} INFO - DAG(s) dict_keys(['example_task_group_decorator']) retrieved from /home/soamariaka/.local/lib/python3.9/site-packages/airflow/example_dags/example_task_group_decorator.py
[2023-07-20T07:54:20.501+0300] {logging_mixin.py:150} INFO - [2023-07-20T07:54:20.501+0300] {dag.py:2742} INFO - Sync 1 DAGs
[2023-07-20T07:54:20.533+0300] {logging_mixin.py:150} INFO - [2023-07-20T07:54:20.532+0300] {dag.py:3504} INFO - Setting next_dagrun for example_task_group_decorator to 2023-07-19T04:54:20.532463+00:00, run_after=2023-07-20T04:54:20.532463+00:00
[2023-07-20T07:54:20.792+0300] {processor.py:179} INFO - Processing /home/soamariaka/.local/lib/python3.9/site-packages/airflow/example_dags/example_task_group_decorator.py took 0.359 seconds
[2023-07-20T07:55:21.434+0300] {processor.py:157} INFO - Started process (PID=9819) to work on /home/soamariaka/.local/lib/python3.9/site-packages/airflow/example_dags/example_task_group_decorator.py
[2023-07-20T07:55:21.436+0300] {processor.py:826} INFO - Processing file /home/soamariaka/.local/lib/python3.9/site-packages/airflow/example_dags/example_task_group_decorator.py for tasks to queue
[2023-07-20T07:55:21.439+0300] {logging_mixin.py:150} INFO - [2023-07-20T07:55:21.438+0300] {dagbag.py:541} INFO - Filling up the DagBag from /home/soamariaka/.local/lib/python3.9/site-packages/airflow/example_dags/example_task_group_decorator.py
[2023-07-20T07:55:21.471+0300] {processor.py:836} INFO - DAG(s) dict_keys(['example_task_group_decorator']) retrieved from /home/soamariaka/.local/lib/python3.9/site-packages/airflow/example_dags/example_task_group_decorator.py
[2023-07-20T07:55:21.502+0300] {logging_mixin.py:150} INFO - [2023-07-20T07:55:21.502+0300] {dag.py:2742} INFO - Sync 1 DAGs
[2023-07-20T07:55:21.534+0300] {logging_mixin.py:150} INFO - [2023-07-20T07:55:21.534+0300] {dag.py:3504} INFO - Setting next_dagrun for example_task_group_decorator to 2023-07-19T04:55:21.533724+00:00, run_after=2023-07-20T04:55:21.533724+00:00
[2023-07-20T07:55:21.892+0300] {processor.py:179} INFO - Processing /home/soamariaka/.local/lib/python3.9/site-packages/airflow/example_dags/example_task_group_decorator.py took 0.464 seconds
