[2023-07-20T07:53:48.355+0300] {processor.py:157} INFO - Started process (PID=9638) to work on /home/soamariaka/.local/lib/python3.9/site-packages/airflow/example_dags/example_branch_datetime_operator.py
[2023-07-20T07:53:48.357+0300] {processor.py:826} INFO - Processing file /home/soamariaka/.local/lib/python3.9/site-packages/airflow/example_dags/example_branch_datetime_operator.py for tasks to queue
[2023-07-20T07:53:48.358+0300] {logging_mixin.py:150} INFO - [2023-07-20T07:53:48.358+0300] {dagbag.py:541} INFO - Filling up the DagBag from /home/soamariaka/.local/lib/python3.9/site-packages/airflow/example_dags/example_branch_datetime_operator.py
[2023-07-20T07:53:48.383+0300] {processor.py:836} INFO - DAG(s) dict_keys(['example_branch_datetime_operator_2', 'example_branch_datetime_operator', 'example_branch_datetime_operator_3']) retrieved from /home/soamariaka/.local/lib/python3.9/site-packages/airflow/example_dags/example_branch_datetime_operator.py
[2023-07-20T07:53:49.169+0300] {logging_mixin.py:150} INFO - [2023-07-20T07:53:49.168+0300] {manager.py:504} INFO - Created Permission View: can edit on DAG:example_branch_datetime_operator_2
[2023-07-20T07:53:49.405+0300] {logging_mixin.py:150} INFO - [2023-07-20T07:53:49.404+0300] {manager.py:504} INFO - Created Permission View: can read on DAG:example_branch_datetime_operator_2
[2023-07-20T07:53:49.639+0300] {logging_mixin.py:150} INFO - [2023-07-20T07:53:49.639+0300] {manager.py:504} INFO - Created Permission View: can delete on DAG:example_branch_datetime_operator_2
[2023-07-20T07:53:50.150+0300] {logging_mixin.py:150} INFO - [2023-07-20T07:53:50.149+0300] {manager.py:504} INFO - Created Permission View: can edit on DAG:example_branch_datetime_operator
[2023-07-20T07:53:50.372+0300] {logging_mixin.py:150} INFO - [2023-07-20T07:53:50.371+0300] {manager.py:504} INFO - Created Permission View: can read on DAG:example_branch_datetime_operator
[2023-07-20T07:53:50.666+0300] {logging_mixin.py:150} INFO - [2023-07-20T07:53:50.666+0300] {manager.py:504} INFO - Created Permission View: can delete on DAG:example_branch_datetime_operator
[2023-07-20T07:53:51.206+0300] {logging_mixin.py:150} INFO - [2023-07-20T07:53:51.205+0300] {manager.py:504} INFO - Created Permission View: can edit on DAG:example_branch_datetime_operator_3
[2023-07-20T07:53:51.489+0300] {logging_mixin.py:150} INFO - [2023-07-20T07:53:51.489+0300] {manager.py:504} INFO - Created Permission View: can read on DAG:example_branch_datetime_operator_3
[2023-07-20T07:53:51.714+0300] {logging_mixin.py:150} INFO - [2023-07-20T07:53:51.714+0300] {manager.py:504} INFO - Created Permission View: can delete on DAG:example_branch_datetime_operator_3
[2023-07-20T07:53:51.732+0300] {logging_mixin.py:150} INFO - [2023-07-20T07:53:51.732+0300] {dag.py:2742} INFO - Sync 3 DAGs
[2023-07-20T07:53:51.775+0300] {logging_mixin.py:150} INFO - [2023-07-20T07:53:51.775+0300] {dag.py:2763} INFO - Creating ORM DAG for example_branch_datetime_operator_3
[2023-07-20T07:53:51.782+0300] {logging_mixin.py:150} INFO - [2023-07-20T07:53:51.781+0300] {dag.py:2763} INFO - Creating ORM DAG for example_branch_datetime_operator
[2023-07-20T07:53:51.784+0300] {logging_mixin.py:150} INFO - [2023-07-20T07:53:51.783+0300] {dag.py:2763} INFO - Creating ORM DAG for example_branch_datetime_operator_2
[2023-07-20T07:53:51.826+0300] {logging_mixin.py:150} INFO - [2023-07-20T07:53:51.825+0300] {dag.py:3504} INFO - Setting next_dagrun for example_branch_datetime_operator to 2023-07-19T00:00:00+00:00, run_after=2023-07-20T00:00:00+00:00
[2023-07-20T07:53:51.832+0300] {logging_mixin.py:150} INFO - [2023-07-20T07:53:51.832+0300] {dag.py:3504} INFO - Setting next_dagrun for example_branch_datetime_operator_2 to 2023-07-19T00:00:00+00:00, run_after=2023-07-20T00:00:00+00:00
[2023-07-20T07:53:51.837+0300] {logging_mixin.py:150} INFO - [2023-07-20T07:53:51.836+0300] {dag.py:3504} INFO - Setting next_dagrun for example_branch_datetime_operator_3 to 2023-07-19T00:00:00+00:00, run_after=2023-07-20T00:00:00+00:00
[2023-07-20T07:53:52.151+0300] {processor.py:179} INFO - Processing /home/soamariaka/.local/lib/python3.9/site-packages/airflow/example_dags/example_branch_datetime_operator.py took 3.801 seconds
