[2023-07-20T07:51:44.791+0300] {processor.py:157} INFO - Started process (PID=9382) to work on /home/soamariaka/.local/lib/python3.9/site-packages/airflow/example_dags/example_xcomargs.py
[2023-07-20T07:51:44.792+0300] {processor.py:826} INFO - Processing file /home/soamariaka/.local/lib/python3.9/site-packages/airflow/example_dags/example_xcomargs.py for tasks to queue
[2023-07-20T07:51:44.794+0300] {logging_mixin.py:150} INFO - [2023-07-20T07:51:44.793+0300] {dagbag.py:541} INFO - Filling up the DagBag from /home/soamariaka/.local/lib/python3.9/site-packages/airflow/example_dags/example_xcomargs.py
[2023-07-20T07:51:44.817+0300] {processor.py:836} INFO - DAG(s) dict_keys(['example_xcom_args', 'example_xcom_args_with_operators']) retrieved from /home/soamariaka/.local/lib/python3.9/site-packages/airflow/example_dags/example_xcomargs.py
[2023-07-20T07:51:45.615+0300] {logging_mixin.py:150} INFO - [2023-07-20T07:51:45.614+0300] {manager.py:504} INFO - Created Permission View: can edit on DAG:example_xcom_args
[2023-07-20T07:51:45.806+0300] {logging_mixin.py:150} INFO - [2023-07-20T07:51:45.805+0300] {manager.py:504} INFO - Created Permission View: can read on DAG:example_xcom_args
[2023-07-20T07:51:46.029+0300] {logging_mixin.py:150} INFO - [2023-07-20T07:51:46.029+0300] {manager.py:504} INFO - Created Permission View: can delete on DAG:example_xcom_args
[2023-07-20T07:51:46.520+0300] {logging_mixin.py:150} INFO - [2023-07-20T07:51:46.519+0300] {manager.py:504} INFO - Created Permission View: can edit on DAG:example_xcom_args_with_operators
[2023-07-20T07:51:46.803+0300] {logging_mixin.py:150} INFO - [2023-07-20T07:51:46.802+0300] {manager.py:504} INFO - Created Permission View: can read on DAG:example_xcom_args_with_operators
[2023-07-20T07:51:47.016+0300] {logging_mixin.py:150} INFO - [2023-07-20T07:51:47.015+0300] {manager.py:504} INFO - Created Permission View: can delete on DAG:example_xcom_args_with_operators
[2023-07-20T07:51:47.034+0300] {logging_mixin.py:150} INFO - [2023-07-20T07:51:47.034+0300] {dag.py:2742} INFO - Sync 2 DAGs
[2023-07-20T07:51:47.074+0300] {logging_mixin.py:150} INFO - [2023-07-20T07:51:47.074+0300] {dag.py:2763} INFO - Creating ORM DAG for example_xcom_args
[2023-07-20T07:51:47.083+0300] {logging_mixin.py:150} INFO - [2023-07-20T07:51:47.082+0300] {dag.py:2763} INFO - Creating ORM DAG for example_xcom_args_with_operators
[2023-07-20T07:51:47.107+0300] {logging_mixin.py:150} INFO - [2023-07-20T07:51:47.107+0300] {dag.py:3504} INFO - Setting next_dagrun for example_xcom_args to None, run_after=None
[2023-07-20T07:51:47.108+0300] {logging_mixin.py:150} INFO - [2023-07-20T07:51:47.108+0300] {dag.py:3504} INFO - Setting next_dagrun for example_xcom_args_with_operators to None, run_after=None
[2023-07-20T07:51:47.441+0300] {processor.py:179} INFO - Processing /home/soamariaka/.local/lib/python3.9/site-packages/airflow/example_dags/example_xcomargs.py took 2.654 seconds
[2023-07-20T07:54:01.175+0300] {processor.py:157} INFO - Started process (PID=9652) to work on /home/soamariaka/.local/lib/python3.9/site-packages/airflow/example_dags/example_xcomargs.py
[2023-07-20T07:54:01.176+0300] {processor.py:826} INFO - Processing file /home/soamariaka/.local/lib/python3.9/site-packages/airflow/example_dags/example_xcomargs.py for tasks to queue
[2023-07-20T07:54:01.178+0300] {logging_mixin.py:150} INFO - [2023-07-20T07:54:01.178+0300] {dagbag.py:541} INFO - Filling up the DagBag from /home/soamariaka/.local/lib/python3.9/site-packages/airflow/example_dags/example_xcomargs.py
[2023-07-20T07:54:01.195+0300] {processor.py:836} INFO - DAG(s) dict_keys(['example_xcom_args_with_operators', 'example_xcom_args']) retrieved from /home/soamariaka/.local/lib/python3.9/site-packages/airflow/example_dags/example_xcomargs.py
[2023-07-20T07:54:01.232+0300] {logging_mixin.py:150} INFO - [2023-07-20T07:54:01.232+0300] {dag.py:2742} INFO - Sync 2 DAGs
[2023-07-20T07:54:01.273+0300] {logging_mixin.py:150} INFO - [2023-07-20T07:54:01.273+0300] {dag.py:3504} INFO - Setting next_dagrun for example_xcom_args to None, run_after=None
[2023-07-20T07:54:01.278+0300] {logging_mixin.py:150} INFO - [2023-07-20T07:54:01.278+0300] {dag.py:3504} INFO - Setting next_dagrun for example_xcom_args_with_operators to None, run_after=None
[2023-07-20T07:54:01.559+0300] {processor.py:179} INFO - Processing /home/soamariaka/.local/lib/python3.9/site-packages/airflow/example_dags/example_xcomargs.py took 0.388 seconds
[2023-07-20T07:55:01.710+0300] {processor.py:157} INFO - Started process (PID=9799) to work on /home/soamariaka/.local/lib/python3.9/site-packages/airflow/example_dags/example_xcomargs.py
[2023-07-20T07:55:01.742+0300] {processor.py:826} INFO - Processing file /home/soamariaka/.local/lib/python3.9/site-packages/airflow/example_dags/example_xcomargs.py for tasks to queue
[2023-07-20T07:55:01.743+0300] {logging_mixin.py:150} INFO - [2023-07-20T07:55:01.743+0300] {dagbag.py:541} INFO - Filling up the DagBag from /home/soamariaka/.local/lib/python3.9/site-packages/airflow/example_dags/example_xcomargs.py
[2023-07-20T07:55:01.759+0300] {processor.py:836} INFO - DAG(s) dict_keys(['example_xcom_args_with_operators', 'example_xcom_args']) retrieved from /home/soamariaka/.local/lib/python3.9/site-packages/airflow/example_dags/example_xcomargs.py
[2023-07-20T07:55:01.795+0300] {logging_mixin.py:150} INFO - [2023-07-20T07:55:01.794+0300] {dag.py:2742} INFO - Sync 2 DAGs
[2023-07-20T07:55:01.827+0300] {logging_mixin.py:150} INFO - [2023-07-20T07:55:01.827+0300] {dag.py:3504} INFO - Setting next_dagrun for example_xcom_args to None, run_after=None
[2023-07-20T07:55:01.831+0300] {logging_mixin.py:150} INFO - [2023-07-20T07:55:01.831+0300] {dag.py:3504} INFO - Setting next_dagrun for example_xcom_args_with_operators to None, run_after=None
[2023-07-20T07:55:02.034+0300] {processor.py:179} INFO - Processing /home/soamariaka/.local/lib/python3.9/site-packages/airflow/example_dags/example_xcomargs.py took 0.330 seconds
