[2023-07-20T07:52:14.877+0300] {processor.py:157} INFO - Started process (PID=9436) to work on /home/soamariaka/.local/lib/python3.9/site-packages/airflow/example_dags/example_time_delta_sensor_async.py
[2023-07-20T07:52:14.879+0300] {processor.py:826} INFO - Processing file /home/soamariaka/.local/lib/python3.9/site-packages/airflow/example_dags/example_time_delta_sensor_async.py for tasks to queue
[2023-07-20T07:52:14.880+0300] {logging_mixin.py:150} INFO - [2023-07-20T07:52:14.880+0300] {dagbag.py:541} INFO - Filling up the DagBag from /home/soamariaka/.local/lib/python3.9/site-packages/airflow/example_dags/example_time_delta_sensor_async.py
[2023-07-20T07:52:14.889+0300] {processor.py:836} INFO - DAG(s) dict_keys(['example_time_delta_sensor_async']) retrieved from /home/soamariaka/.local/lib/python3.9/site-packages/airflow/example_dags/example_time_delta_sensor_async.py
[2023-07-20T07:52:15.584+0300] {logging_mixin.py:150} INFO - [2023-07-20T07:52:15.584+0300] {manager.py:504} INFO - Created Permission View: can edit on DAG:example_time_delta_sensor_async
[2023-07-20T07:52:15.711+0300] {logging_mixin.py:150} INFO - [2023-07-20T07:52:15.710+0300] {manager.py:504} INFO - Created Permission View: can read on DAG:example_time_delta_sensor_async
[2023-07-20T07:52:15.822+0300] {logging_mixin.py:150} INFO - [2023-07-20T07:52:15.821+0300] {manager.py:504} INFO - Created Permission View: can delete on DAG:example_time_delta_sensor_async
[2023-07-20T07:52:15.864+0300] {logging_mixin.py:150} INFO - [2023-07-20T07:52:15.863+0300] {dag.py:2742} INFO - Sync 1 DAGs
[2023-07-20T07:52:15.894+0300] {logging_mixin.py:150} INFO - [2023-07-20T07:52:15.894+0300] {dag.py:2763} INFO - Creating ORM DAG for example_time_delta_sensor_async
[2023-07-20T07:52:15.912+0300] {logging_mixin.py:150} INFO - [2023-07-20T07:52:15.912+0300] {dag.py:3504} INFO - Setting next_dagrun for example_time_delta_sensor_async to None, run_after=None
[2023-07-20T07:52:16.135+0300] {processor.py:179} INFO - Processing /home/soamariaka/.local/lib/python3.9/site-packages/airflow/example_dags/example_time_delta_sensor_async.py took 1.263 seconds
[2023-07-20T07:54:17.570+0300] {processor.py:157} INFO - Started process (PID=9669) to work on /home/soamariaka/.local/lib/python3.9/site-packages/airflow/example_dags/example_time_delta_sensor_async.py
[2023-07-20T07:54:17.574+0300] {processor.py:826} INFO - Processing file /home/soamariaka/.local/lib/python3.9/site-packages/airflow/example_dags/example_time_delta_sensor_async.py for tasks to queue
[2023-07-20T07:54:17.575+0300] {logging_mixin.py:150} INFO - [2023-07-20T07:54:17.575+0300] {dagbag.py:541} INFO - Filling up the DagBag from /home/soamariaka/.local/lib/python3.9/site-packages/airflow/example_dags/example_time_delta_sensor_async.py
[2023-07-20T07:54:17.582+0300] {processor.py:836} INFO - DAG(s) dict_keys(['example_time_delta_sensor_async']) retrieved from /home/soamariaka/.local/lib/python3.9/site-packages/airflow/example_dags/example_time_delta_sensor_async.py
[2023-07-20T07:54:17.606+0300] {logging_mixin.py:150} INFO - [2023-07-20T07:54:17.606+0300] {dag.py:2742} INFO - Sync 1 DAGs
[2023-07-20T07:54:17.636+0300] {logging_mixin.py:150} INFO - [2023-07-20T07:54:17.636+0300] {dag.py:3504} INFO - Setting next_dagrun for example_time_delta_sensor_async to None, run_after=None
[2023-07-20T07:54:17.836+0300] {processor.py:179} INFO - Processing /home/soamariaka/.local/lib/python3.9/site-packages/airflow/example_dags/example_time_delta_sensor_async.py took 0.271 seconds
[2023-07-20T07:55:18.472+0300] {processor.py:157} INFO - Started process (PID=9817) to work on /home/soamariaka/.local/lib/python3.9/site-packages/airflow/example_dags/example_time_delta_sensor_async.py
[2023-07-20T07:55:18.473+0300] {processor.py:826} INFO - Processing file /home/soamariaka/.local/lib/python3.9/site-packages/airflow/example_dags/example_time_delta_sensor_async.py for tasks to queue
[2023-07-20T07:55:18.475+0300] {logging_mixin.py:150} INFO - [2023-07-20T07:55:18.474+0300] {dagbag.py:541} INFO - Filling up the DagBag from /home/soamariaka/.local/lib/python3.9/site-packages/airflow/example_dags/example_time_delta_sensor_async.py
[2023-07-20T07:55:18.482+0300] {processor.py:836} INFO - DAG(s) dict_keys(['example_time_delta_sensor_async']) retrieved from /home/soamariaka/.local/lib/python3.9/site-packages/airflow/example_dags/example_time_delta_sensor_async.py
[2023-07-20T07:55:18.508+0300] {logging_mixin.py:150} INFO - [2023-07-20T07:55:18.508+0300] {dag.py:2742} INFO - Sync 1 DAGs
[2023-07-20T07:55:18.560+0300] {logging_mixin.py:150} INFO - [2023-07-20T07:55:18.560+0300] {dag.py:3504} INFO - Setting next_dagrun for example_time_delta_sensor_async to None, run_after=None
[2023-07-20T07:55:18.839+0300] {processor.py:179} INFO - Processing /home/soamariaka/.local/lib/python3.9/site-packages/airflow/example_dags/example_time_delta_sensor_async.py took 0.371 seconds
