[2023-07-20T07:51:56.682+0300] {processor.py:157} INFO - Started process (PID=9426) to work on /home/soamariaka/.local/lib/python3.9/site-packages/airflow/example_dags/tutorial_taskflow_api_virtualenv.py
[2023-07-20T07:51:56.684+0300] {processor.py:826} INFO - Processing file /home/soamariaka/.local/lib/python3.9/site-packages/airflow/example_dags/tutorial_taskflow_api_virtualenv.py for tasks to queue
[2023-07-20T07:51:56.685+0300] {logging_mixin.py:150} INFO - [2023-07-20T07:51:56.685+0300] {dagbag.py:541} INFO - Filling up the DagBag from /home/soamariaka/.local/lib/python3.9/site-packages/airflow/example_dags/tutorial_taskflow_api_virtualenv.py
[2023-07-20T07:51:56.700+0300] {processor.py:836} INFO - DAG(s) dict_keys(['tutorial_taskflow_api_virtualenv']) retrieved from /home/soamariaka/.local/lib/python3.9/site-packages/airflow/example_dags/tutorial_taskflow_api_virtualenv.py
[2023-07-20T07:51:57.103+0300] {logging_mixin.py:150} INFO - [2023-07-20T07:51:57.103+0300] {manager.py:504} INFO - Created Permission View: can edit on DAG:tutorial_taskflow_api_virtualenv
[2023-07-20T07:51:57.311+0300] {logging_mixin.py:150} INFO - [2023-07-20T07:51:57.310+0300] {manager.py:504} INFO - Created Permission View: can read on DAG:tutorial_taskflow_api_virtualenv
[2023-07-20T07:51:57.477+0300] {logging_mixin.py:150} INFO - [2023-07-20T07:51:57.477+0300] {manager.py:504} INFO - Created Permission View: can delete on DAG:tutorial_taskflow_api_virtualenv
[2023-07-20T07:51:57.519+0300] {logging_mixin.py:150} INFO - [2023-07-20T07:51:57.519+0300] {dag.py:2742} INFO - Sync 1 DAGs
[2023-07-20T07:51:57.551+0300] {logging_mixin.py:150} INFO - [2023-07-20T07:51:57.550+0300] {dag.py:2763} INFO - Creating ORM DAG for tutorial_taskflow_api_virtualenv
[2023-07-20T07:51:57.569+0300] {logging_mixin.py:150} INFO - [2023-07-20T07:51:57.569+0300] {dag.py:3504} INFO - Setting next_dagrun for tutorial_taskflow_api_virtualenv to None, run_after=None
[2023-07-20T07:51:57.761+0300] {processor.py:179} INFO - Processing /home/soamariaka/.local/lib/python3.9/site-packages/airflow/example_dags/tutorial_taskflow_api_virtualenv.py took 1.084 seconds
[2023-07-20T07:54:06.876+0300] {processor.py:157} INFO - Started process (PID=9656) to work on /home/soamariaka/.local/lib/python3.9/site-packages/airflow/example_dags/tutorial_taskflow_api_virtualenv.py
[2023-07-20T07:54:06.878+0300] {processor.py:826} INFO - Processing file /home/soamariaka/.local/lib/python3.9/site-packages/airflow/example_dags/tutorial_taskflow_api_virtualenv.py for tasks to queue
[2023-07-20T07:54:06.879+0300] {logging_mixin.py:150} INFO - [2023-07-20T07:54:06.879+0300] {dagbag.py:541} INFO - Filling up the DagBag from /home/soamariaka/.local/lib/python3.9/site-packages/airflow/example_dags/tutorial_taskflow_api_virtualenv.py
[2023-07-20T07:54:06.892+0300] {processor.py:836} INFO - DAG(s) dict_keys(['tutorial_taskflow_api_virtualenv']) retrieved from /home/soamariaka/.local/lib/python3.9/site-packages/airflow/example_dags/tutorial_taskflow_api_virtualenv.py
[2023-07-20T07:54:06.925+0300] {logging_mixin.py:150} INFO - [2023-07-20T07:54:06.925+0300] {dag.py:2742} INFO - Sync 1 DAGs
[2023-07-20T07:54:06.967+0300] {logging_mixin.py:150} INFO - [2023-07-20T07:54:06.967+0300] {dag.py:3504} INFO - Setting next_dagrun for tutorial_taskflow_api_virtualenv to None, run_after=None
[2023-07-20T07:54:07.263+0300] {processor.py:179} INFO - Processing /home/soamariaka/.local/lib/python3.9/site-packages/airflow/example_dags/tutorial_taskflow_api_virtualenv.py took 0.391 seconds
[2023-07-20T07:55:08.258+0300] {processor.py:157} INFO - Started process (PID=9806) to work on /home/soamariaka/.local/lib/python3.9/site-packages/airflow/example_dags/tutorial_taskflow_api_virtualenv.py
[2023-07-20T07:55:08.293+0300] {processor.py:826} INFO - Processing file /home/soamariaka/.local/lib/python3.9/site-packages/airflow/example_dags/tutorial_taskflow_api_virtualenv.py for tasks to queue
[2023-07-20T07:55:08.315+0300] {logging_mixin.py:150} INFO - [2023-07-20T07:55:08.313+0300] {dagbag.py:541} INFO - Filling up the DagBag from /home/soamariaka/.local/lib/python3.9/site-packages/airflow/example_dags/tutorial_taskflow_api_virtualenv.py
[2023-07-20T07:55:08.339+0300] {processor.py:836} INFO - DAG(s) dict_keys(['tutorial_taskflow_api_virtualenv']) retrieved from /home/soamariaka/.local/lib/python3.9/site-packages/airflow/example_dags/tutorial_taskflow_api_virtualenv.py
[2023-07-20T07:55:08.383+0300] {logging_mixin.py:150} INFO - [2023-07-20T07:55:08.383+0300] {dag.py:2742} INFO - Sync 1 DAGs
[2023-07-20T07:55:08.444+0300] {logging_mixin.py:150} INFO - [2023-07-20T07:55:08.443+0300] {dag.py:3504} INFO - Setting next_dagrun for tutorial_taskflow_api_virtualenv to None, run_after=None
[2023-07-20T07:55:08.639+0300] {processor.py:179} INFO - Processing /home/soamariaka/.local/lib/python3.9/site-packages/airflow/example_dags/tutorial_taskflow_api_virtualenv.py took 0.388 seconds
