[2023-07-20T07:51:41.971+0300] {processor.py:157} INFO - Started process (PID=9381) to work on /home/soamariaka/.local/lib/python3.9/site-packages/airflow/example_dags/tutorial_dag.py
[2023-07-20T07:51:41.973+0300] {processor.py:826} INFO - Processing file /home/soamariaka/.local/lib/python3.9/site-packages/airflow/example_dags/tutorial_dag.py for tasks to queue
[2023-07-20T07:51:41.975+0300] {logging_mixin.py:150} INFO - [2023-07-20T07:51:41.974+0300] {dagbag.py:541} INFO - Filling up the DagBag from /home/soamariaka/.local/lib/python3.9/site-packages/airflow/example_dags/tutorial_dag.py
[2023-07-20T07:51:41.986+0300] {processor.py:836} INFO - DAG(s) dict_keys(['tutorial_dag']) retrieved from /home/soamariaka/.local/lib/python3.9/site-packages/airflow/example_dags/tutorial_dag.py
[2023-07-20T07:51:42.655+0300] {logging_mixin.py:150} INFO - [2023-07-20T07:51:42.654+0300] {manager.py:504} INFO - Created Permission View: can edit on DAG:tutorial_dag
[2023-07-20T07:51:42.930+0300] {logging_mixin.py:150} INFO - [2023-07-20T07:51:42.930+0300] {manager.py:504} INFO - Created Permission View: can read on DAG:tutorial_dag
[2023-07-20T07:51:43.209+0300] {logging_mixin.py:150} INFO - [2023-07-20T07:51:43.207+0300] {manager.py:504} INFO - Created Permission View: can delete on DAG:tutorial_dag
[2023-07-20T07:51:43.248+0300] {logging_mixin.py:150} INFO - [2023-07-20T07:51:43.247+0300] {dag.py:2742} INFO - Sync 1 DAGs
[2023-07-20T07:51:43.269+0300] {logging_mixin.py:150} INFO - [2023-07-20T07:51:43.269+0300] {dag.py:2763} INFO - Creating ORM DAG for tutorial_dag
[2023-07-20T07:51:43.296+0300] {logging_mixin.py:150} INFO - [2023-07-20T07:51:43.295+0300] {dag.py:3504} INFO - Setting next_dagrun for tutorial_dag to None, run_after=None
[2023-07-20T07:51:43.609+0300] {processor.py:179} INFO - Processing /home/soamariaka/.local/lib/python3.9/site-packages/airflow/example_dags/tutorial_dag.py took 1.645 seconds
[2023-07-20T07:53:59.585+0300] {processor.py:157} INFO - Started process (PID=9650) to work on /home/soamariaka/.local/lib/python3.9/site-packages/airflow/example_dags/tutorial_dag.py
[2023-07-20T07:53:59.587+0300] {processor.py:826} INFO - Processing file /home/soamariaka/.local/lib/python3.9/site-packages/airflow/example_dags/tutorial_dag.py for tasks to queue
[2023-07-20T07:53:59.588+0300] {logging_mixin.py:150} INFO - [2023-07-20T07:53:59.587+0300] {dagbag.py:541} INFO - Filling up the DagBag from /home/soamariaka/.local/lib/python3.9/site-packages/airflow/example_dags/tutorial_dag.py
[2023-07-20T07:53:59.598+0300] {processor.py:836} INFO - DAG(s) dict_keys(['tutorial_dag']) retrieved from /home/soamariaka/.local/lib/python3.9/site-packages/airflow/example_dags/tutorial_dag.py
[2023-07-20T07:53:59.664+0300] {logging_mixin.py:150} INFO - [2023-07-20T07:53:59.664+0300] {dag.py:2742} INFO - Sync 1 DAGs
[2023-07-20T07:53:59.745+0300] {logging_mixin.py:150} INFO - [2023-07-20T07:53:59.744+0300] {dag.py:3504} INFO - Setting next_dagrun for tutorial_dag to None, run_after=None
[2023-07-20T07:54:00.011+0300] {processor.py:179} INFO - Processing /home/soamariaka/.local/lib/python3.9/site-packages/airflow/example_dags/tutorial_dag.py took 0.429 seconds
[2023-07-20T07:54:59.971+0300] {processor.py:157} INFO - Started process (PID=9798) to work on /home/soamariaka/.local/lib/python3.9/site-packages/airflow/example_dags/tutorial_dag.py
[2023-07-20T07:55:00.000+0300] {processor.py:826} INFO - Processing file /home/soamariaka/.local/lib/python3.9/site-packages/airflow/example_dags/tutorial_dag.py for tasks to queue
[2023-07-20T07:55:00.001+0300] {logging_mixin.py:150} INFO - [2023-07-20T07:55:00.001+0300] {dagbag.py:541} INFO - Filling up the DagBag from /home/soamariaka/.local/lib/python3.9/site-packages/airflow/example_dags/tutorial_dag.py
[2023-07-20T07:55:00.011+0300] {processor.py:836} INFO - DAG(s) dict_keys(['tutorial_dag']) retrieved from /home/soamariaka/.local/lib/python3.9/site-packages/airflow/example_dags/tutorial_dag.py
[2023-07-20T07:55:00.041+0300] {logging_mixin.py:150} INFO - [2023-07-20T07:55:00.040+0300] {dag.py:2742} INFO - Sync 1 DAGs
[2023-07-20T07:55:00.077+0300] {logging_mixin.py:150} INFO - [2023-07-20T07:55:00.077+0300] {dag.py:3504} INFO - Setting next_dagrun for tutorial_dag to None, run_after=None
[2023-07-20T07:55:00.274+0300] {processor.py:179} INFO - Processing /home/soamariaka/.local/lib/python3.9/site-packages/airflow/example_dags/tutorial_dag.py took 0.309 seconds
