[2023-07-20T07:51:38.802+0300] {processor.py:157} INFO - Started process (PID=9380) to work on /home/soamariaka/.local/lib/python3.9/site-packages/airflow/example_dags/tutorial_taskflow_api.py
[2023-07-20T07:51:38.804+0300] {processor.py:826} INFO - Processing file /home/soamariaka/.local/lib/python3.9/site-packages/airflow/example_dags/tutorial_taskflow_api.py for tasks to queue
[2023-07-20T07:51:38.806+0300] {logging_mixin.py:150} INFO - [2023-07-20T07:51:38.805+0300] {dagbag.py:541} INFO - Filling up the DagBag from /home/soamariaka/.local/lib/python3.9/site-packages/airflow/example_dags/tutorial_taskflow_api.py
[2023-07-20T07:51:38.889+0300] {processor.py:836} INFO - DAG(s) dict_keys(['tutorial_taskflow_api']) retrieved from /home/soamariaka/.local/lib/python3.9/site-packages/airflow/example_dags/tutorial_taskflow_api.py
[2023-07-20T07:51:40.488+0300] {logging_mixin.py:150} INFO - [2023-07-20T07:51:40.488+0300] {manager.py:504} INFO - Created Permission View: can edit on DAG:tutorial_taskflow_api
[2023-07-20T07:51:40.855+0300] {logging_mixin.py:150} INFO - [2023-07-20T07:51:40.854+0300] {manager.py:504} INFO - Created Permission View: can read on DAG:tutorial_taskflow_api
[2023-07-20T07:51:41.222+0300] {logging_mixin.py:150} INFO - [2023-07-20T07:51:41.221+0300] {manager.py:504} INFO - Created Permission View: can delete on DAG:tutorial_taskflow_api
[2023-07-20T07:51:41.250+0300] {logging_mixin.py:150} INFO - [2023-07-20T07:51:41.250+0300] {dag.py:2742} INFO - Sync 1 DAGs
[2023-07-20T07:51:41.274+0300] {logging_mixin.py:150} INFO - [2023-07-20T07:51:41.274+0300] {dag.py:2763} INFO - Creating ORM DAG for tutorial_taskflow_api
[2023-07-20T07:51:41.310+0300] {logging_mixin.py:150} INFO - [2023-07-20T07:51:41.310+0300] {dag.py:3504} INFO - Setting next_dagrun for tutorial_taskflow_api to None, run_after=None
[2023-07-20T07:51:41.577+0300] {processor.py:179} INFO - Processing /home/soamariaka/.local/lib/python3.9/site-packages/airflow/example_dags/tutorial_taskflow_api.py took 2.782 seconds
[2023-07-20T07:53:57.325+0300] {processor.py:157} INFO - Started process (PID=9649) to work on /home/soamariaka/.local/lib/python3.9/site-packages/airflow/example_dags/tutorial_taskflow_api.py
[2023-07-20T07:53:57.340+0300] {processor.py:826} INFO - Processing file /home/soamariaka/.local/lib/python3.9/site-packages/airflow/example_dags/tutorial_taskflow_api.py for tasks to queue
[2023-07-20T07:53:57.342+0300] {logging_mixin.py:150} INFO - [2023-07-20T07:53:57.341+0300] {dagbag.py:541} INFO - Filling up the DagBag from /home/soamariaka/.local/lib/python3.9/site-packages/airflow/example_dags/tutorial_taskflow_api.py
[2023-07-20T07:53:57.355+0300] {processor.py:836} INFO - DAG(s) dict_keys(['tutorial_taskflow_api']) retrieved from /home/soamariaka/.local/lib/python3.9/site-packages/airflow/example_dags/tutorial_taskflow_api.py
[2023-07-20T07:53:57.395+0300] {logging_mixin.py:150} INFO - [2023-07-20T07:53:57.394+0300] {dag.py:2742} INFO - Sync 1 DAGs
[2023-07-20T07:53:57.443+0300] {logging_mixin.py:150} INFO - [2023-07-20T07:53:57.443+0300] {dag.py:3504} INFO - Setting next_dagrun for tutorial_taskflow_api to None, run_after=None
[2023-07-20T07:53:58.262+0300] {processor.py:179} INFO - Processing /home/soamariaka/.local/lib/python3.9/site-packages/airflow/example_dags/tutorial_taskflow_api.py took 0.942 seconds
[2023-07-20T07:54:57.761+0300] {processor.py:157} INFO - Started process (PID=9797) to work on /home/soamariaka/.local/lib/python3.9/site-packages/airflow/example_dags/tutorial_taskflow_api.py
[2023-07-20T07:54:57.795+0300] {processor.py:826} INFO - Processing file /home/soamariaka/.local/lib/python3.9/site-packages/airflow/example_dags/tutorial_taskflow_api.py for tasks to queue
[2023-07-20T07:54:57.797+0300] {logging_mixin.py:150} INFO - [2023-07-20T07:54:57.796+0300] {dagbag.py:541} INFO - Filling up the DagBag from /home/soamariaka/.local/lib/python3.9/site-packages/airflow/example_dags/tutorial_taskflow_api.py
[2023-07-20T07:54:57.812+0300] {processor.py:836} INFO - DAG(s) dict_keys(['tutorial_taskflow_api']) retrieved from /home/soamariaka/.local/lib/python3.9/site-packages/airflow/example_dags/tutorial_taskflow_api.py
[2023-07-20T07:54:57.962+0300] {logging_mixin.py:150} INFO - [2023-07-20T07:54:57.962+0300] {dag.py:2742} INFO - Sync 1 DAGs
[2023-07-20T07:54:58.350+0300] {logging_mixin.py:150} INFO - [2023-07-20T07:54:58.349+0300] {dag.py:3504} INFO - Setting next_dagrun for tutorial_taskflow_api to None, run_after=None
[2023-07-20T07:54:58.758+0300] {processor.py:179} INFO - Processing /home/soamariaka/.local/lib/python3.9/site-packages/airflow/example_dags/tutorial_taskflow_api.py took 1.001 seconds
