[2023-08-14T13:32:40.180+0300] {processor.py:157} INFO - Started process (PID=10745) to work on /home/soamariaka/.local/lib/python3.9/site-packages/airflow/example_dags/subdags/subdag.py
[2023-08-14T13:32:40.181+0300] {processor.py:826} INFO - Processing file /home/soamariaka/.local/lib/python3.9/site-packages/airflow/example_dags/subdags/subdag.py for tasks to queue
[2023-08-14T13:32:40.183+0300] {logging_mixin.py:150} INFO - [2023-08-14T13:32:40.182+0300] {dagbag.py:541} INFO - Filling up the DagBag from /home/soamariaka/.local/lib/python3.9/site-packages/airflow/example_dags/subdags/subdag.py
[2023-08-14T13:32:40.188+0300] {processor.py:838} WARNING - No viable dags retrieved from /home/soamariaka/.local/lib/python3.9/site-packages/airflow/example_dags/subdags/subdag.py
[2023-08-14T13:32:40.206+0300] {processor.py:179} INFO - Processing /home/soamariaka/.local/lib/python3.9/site-packages/airflow/example_dags/subdags/subdag.py took 0.032 seconds
[2023-08-14T13:33:47.977+0300] {processor.py:157} INFO - Started process (PID=10800) to work on /home/soamariaka/.local/lib/python3.9/site-packages/airflow/example_dags/subdags/subdag.py
[2023-08-14T13:33:47.999+0300] {processor.py:826} INFO - Processing file /home/soamariaka/.local/lib/python3.9/site-packages/airflow/example_dags/subdags/subdag.py for tasks to queue
[2023-08-14T13:33:48.003+0300] {logging_mixin.py:150} INFO - [2023-08-14T13:33:48.002+0300] {dagbag.py:541} INFO - Filling up the DagBag from /home/soamariaka/.local/lib/python3.9/site-packages/airflow/example_dags/subdags/subdag.py
[2023-08-14T13:33:48.008+0300] {processor.py:838} WARNING - No viable dags retrieved from /home/soamariaka/.local/lib/python3.9/site-packages/airflow/example_dags/subdags/subdag.py
[2023-08-14T13:33:48.032+0300] {processor.py:179} INFO - Processing /home/soamariaka/.local/lib/python3.9/site-packages/airflow/example_dags/subdags/subdag.py took 0.061 seconds
[2023-08-14T13:34:33.685+0300] {processor.py:157} INFO - Started process (PID=10926) to work on /home/soamariaka/.local/lib/python3.9/site-packages/airflow/example_dags/subdags/subdag.py
[2023-08-14T13:34:33.710+0300] {processor.py:826} INFO - Processing file /home/soamariaka/.local/lib/python3.9/site-packages/airflow/example_dags/subdags/subdag.py for tasks to queue
[2023-08-14T13:34:33.726+0300] {logging_mixin.py:150} INFO - [2023-08-14T13:34:33.724+0300] {dagbag.py:541} INFO - Filling up the DagBag from /home/soamariaka/.local/lib/python3.9/site-packages/airflow/example_dags/subdags/subdag.py
[2023-08-14T13:34:33.732+0300] {processor.py:838} WARNING - No viable dags retrieved from /home/soamariaka/.local/lib/python3.9/site-packages/airflow/example_dags/subdags/subdag.py
[2023-08-14T13:34:33.764+0300] {processor.py:179} INFO - Processing /home/soamariaka/.local/lib/python3.9/site-packages/airflow/example_dags/subdags/subdag.py took 0.087 seconds
[2023-08-14T13:35:20.081+0300] {processor.py:157} INFO - Started process (PID=10999) to work on /home/soamariaka/.local/lib/python3.9/site-packages/airflow/example_dags/subdags/subdag.py
[2023-08-14T13:35:20.084+0300] {processor.py:826} INFO - Processing file /home/soamariaka/.local/lib/python3.9/site-packages/airflow/example_dags/subdags/subdag.py for tasks to queue
[2023-08-14T13:35:20.086+0300] {logging_mixin.py:150} INFO - [2023-08-14T13:35:20.085+0300] {dagbag.py:541} INFO - Filling up the DagBag from /home/soamariaka/.local/lib/python3.9/site-packages/airflow/example_dags/subdags/subdag.py
[2023-08-14T13:35:20.092+0300] {processor.py:838} WARNING - No viable dags retrieved from /home/soamariaka/.local/lib/python3.9/site-packages/airflow/example_dags/subdags/subdag.py
[2023-08-14T13:35:20.115+0300] {processor.py:179} INFO - Processing /home/soamariaka/.local/lib/python3.9/site-packages/airflow/example_dags/subdags/subdag.py took 0.039 seconds
[2023-08-14T13:35:52.596+0300] {processor.py:157} INFO - Started process (PID=11063) to work on /home/soamariaka/.local/lib/python3.9/site-packages/airflow/example_dags/subdags/subdag.py
[2023-08-14T13:35:52.597+0300] {processor.py:826} INFO - Processing file /home/soamariaka/.local/lib/python3.9/site-packages/airflow/example_dags/subdags/subdag.py for tasks to queue
[2023-08-14T13:35:52.599+0300] {logging_mixin.py:150} INFO - [2023-08-14T13:35:52.598+0300] {dagbag.py:541} INFO - Filling up the DagBag from /home/soamariaka/.local/lib/python3.9/site-packages/airflow/example_dags/subdags/subdag.py
[2023-08-14T13:35:52.602+0300] {processor.py:838} WARNING - No viable dags retrieved from /home/soamariaka/.local/lib/python3.9/site-packages/airflow/example_dags/subdags/subdag.py
[2023-08-14T13:35:52.617+0300] {processor.py:179} INFO - Processing /home/soamariaka/.local/lib/python3.9/site-packages/airflow/example_dags/subdags/subdag.py took 0.026 seconds
[2023-08-14T13:36:24.437+0300] {processor.py:157} INFO - Started process (PID=11091) to work on /home/soamariaka/.local/lib/python3.9/site-packages/airflow/example_dags/subdags/subdag.py
[2023-08-14T13:36:24.439+0300] {processor.py:826} INFO - Processing file /home/soamariaka/.local/lib/python3.9/site-packages/airflow/example_dags/subdags/subdag.py for tasks to queue
[2023-08-14T13:36:24.442+0300] {logging_mixin.py:150} INFO - [2023-08-14T13:36:24.441+0300] {dagbag.py:541} INFO - Filling up the DagBag from /home/soamariaka/.local/lib/python3.9/site-packages/airflow/example_dags/subdags/subdag.py
[2023-08-14T13:36:24.446+0300] {processor.py:838} WARNING - No viable dags retrieved from /home/soamariaka/.local/lib/python3.9/site-packages/airflow/example_dags/subdags/subdag.py
[2023-08-14T13:36:24.466+0300] {processor.py:179} INFO - Processing /home/soamariaka/.local/lib/python3.9/site-packages/airflow/example_dags/subdags/subdag.py took 0.036 seconds
[2023-08-14T13:37:22.507+0300] {processor.py:157} INFO - Started process (PID=11190) to work on /home/soamariaka/.local/lib/python3.9/site-packages/airflow/example_dags/subdags/subdag.py
[2023-08-14T13:37:22.509+0300] {processor.py:826} INFO - Processing file /home/soamariaka/.local/lib/python3.9/site-packages/airflow/example_dags/subdags/subdag.py for tasks to queue
[2023-08-14T13:37:22.510+0300] {logging_mixin.py:150} INFO - [2023-08-14T13:37:22.509+0300] {dagbag.py:541} INFO - Filling up the DagBag from /home/soamariaka/.local/lib/python3.9/site-packages/airflow/example_dags/subdags/subdag.py
[2023-08-14T13:37:22.513+0300] {processor.py:838} WARNING - No viable dags retrieved from /home/soamariaka/.local/lib/python3.9/site-packages/airflow/example_dags/subdags/subdag.py
[2023-08-14T13:37:22.528+0300] {processor.py:179} INFO - Processing /home/soamariaka/.local/lib/python3.9/site-packages/airflow/example_dags/subdags/subdag.py took 0.026 seconds
[2023-08-14T13:37:52.671+0300] {processor.py:157} INFO - Started process (PID=11246) to work on /home/soamariaka/.local/lib/python3.9/site-packages/airflow/example_dags/subdags/subdag.py
[2023-08-14T13:37:52.706+0300] {processor.py:826} INFO - Processing file /home/soamariaka/.local/lib/python3.9/site-packages/airflow/example_dags/subdags/subdag.py for tasks to queue
[2023-08-14T13:37:52.707+0300] {logging_mixin.py:150} INFO - [2023-08-14T13:37:52.707+0300] {dagbag.py:541} INFO - Filling up the DagBag from /home/soamariaka/.local/lib/python3.9/site-packages/airflow/example_dags/subdags/subdag.py
[2023-08-14T13:37:52.710+0300] {processor.py:838} WARNING - No viable dags retrieved from /home/soamariaka/.local/lib/python3.9/site-packages/airflow/example_dags/subdags/subdag.py
[2023-08-14T13:37:52.725+0300] {processor.py:179} INFO - Processing /home/soamariaka/.local/lib/python3.9/site-packages/airflow/example_dags/subdags/subdag.py took 0.060 seconds
[2023-08-14T13:38:52.336+0300] {processor.py:157} INFO - Started process (PID=11370) to work on /home/soamariaka/.local/lib/python3.9/site-packages/airflow/example_dags/subdags/subdag.py
[2023-08-14T13:38:52.372+0300] {processor.py:826} INFO - Processing file /home/soamariaka/.local/lib/python3.9/site-packages/airflow/example_dags/subdags/subdag.py for tasks to queue
[2023-08-14T13:38:52.374+0300] {logging_mixin.py:150} INFO - [2023-08-14T13:38:52.374+0300] {dagbag.py:541} INFO - Filling up the DagBag from /home/soamariaka/.local/lib/python3.9/site-packages/airflow/example_dags/subdags/subdag.py
[2023-08-14T13:38:52.378+0300] {processor.py:838} WARNING - No viable dags retrieved from /home/soamariaka/.local/lib/python3.9/site-packages/airflow/example_dags/subdags/subdag.py
[2023-08-14T13:38:52.398+0300] {processor.py:179} INFO - Processing /home/soamariaka/.local/lib/python3.9/site-packages/airflow/example_dags/subdags/subdag.py took 0.067 seconds
[2023-08-14T13:39:27.493+0300] {processor.py:157} INFO - Started process (PID=11428) to work on /home/soamariaka/.local/lib/python3.9/site-packages/airflow/example_dags/subdags/subdag.py
[2023-08-14T13:39:27.524+0300] {processor.py:826} INFO - Processing file /home/soamariaka/.local/lib/python3.9/site-packages/airflow/example_dags/subdags/subdag.py for tasks to queue
[2023-08-14T13:39:27.525+0300] {logging_mixin.py:150} INFO - [2023-08-14T13:39:27.525+0300] {dagbag.py:541} INFO - Filling up the DagBag from /home/soamariaka/.local/lib/python3.9/site-packages/airflow/example_dags/subdags/subdag.py
[2023-08-14T13:39:27.529+0300] {processor.py:838} WARNING - No viable dags retrieved from /home/soamariaka/.local/lib/python3.9/site-packages/airflow/example_dags/subdags/subdag.py
[2023-08-14T13:39:27.548+0300] {processor.py:179} INFO - Processing /home/soamariaka/.local/lib/python3.9/site-packages/airflow/example_dags/subdags/subdag.py took 0.061 seconds
[2023-08-14T13:39:58.702+0300] {processor.py:157} INFO - Started process (PID=11475) to work on /home/soamariaka/.local/lib/python3.9/site-packages/airflow/example_dags/subdags/subdag.py
[2023-08-14T13:39:58.705+0300] {processor.py:826} INFO - Processing file /home/soamariaka/.local/lib/python3.9/site-packages/airflow/example_dags/subdags/subdag.py for tasks to queue
[2023-08-14T13:39:58.707+0300] {logging_mixin.py:150} INFO - [2023-08-14T13:39:58.706+0300] {dagbag.py:541} INFO - Filling up the DagBag from /home/soamariaka/.local/lib/python3.9/site-packages/airflow/example_dags/subdags/subdag.py
[2023-08-14T13:39:58.712+0300] {processor.py:838} WARNING - No viable dags retrieved from /home/soamariaka/.local/lib/python3.9/site-packages/airflow/example_dags/subdags/subdag.py
[2023-08-14T13:39:58.738+0300] {processor.py:179} INFO - Processing /home/soamariaka/.local/lib/python3.9/site-packages/airflow/example_dags/subdags/subdag.py took 0.043 seconds
[2023-08-14T13:40:54.842+0300] {processor.py:157} INFO - Started process (PID=11526) to work on /home/soamariaka/.local/lib/python3.9/site-packages/airflow/example_dags/subdags/subdag.py
[2023-08-14T13:40:54.844+0300] {processor.py:826} INFO - Processing file /home/soamariaka/.local/lib/python3.9/site-packages/airflow/example_dags/subdags/subdag.py for tasks to queue
[2023-08-14T13:40:54.846+0300] {logging_mixin.py:150} INFO - [2023-08-14T13:40:54.845+0300] {dagbag.py:541} INFO - Filling up the DagBag from /home/soamariaka/.local/lib/python3.9/site-packages/airflow/example_dags/subdags/subdag.py
[2023-08-14T13:40:54.849+0300] {processor.py:838} WARNING - No viable dags retrieved from /home/soamariaka/.local/lib/python3.9/site-packages/airflow/example_dags/subdags/subdag.py
[2023-08-14T13:40:54.867+0300] {processor.py:179} INFO - Processing /home/soamariaka/.local/lib/python3.9/site-packages/airflow/example_dags/subdags/subdag.py took 0.030 seconds
[2023-08-14T13:41:49.838+0300] {processor.py:157} INFO - Started process (PID=11604) to work on /home/soamariaka/.local/lib/python3.9/site-packages/airflow/example_dags/subdags/subdag.py
[2023-08-14T13:41:49.841+0300] {processor.py:826} INFO - Processing file /home/soamariaka/.local/lib/python3.9/site-packages/airflow/example_dags/subdags/subdag.py for tasks to queue
[2023-08-14T13:41:49.843+0300] {logging_mixin.py:150} INFO - [2023-08-14T13:41:49.842+0300] {dagbag.py:541} INFO - Filling up the DagBag from /home/soamariaka/.local/lib/python3.9/site-packages/airflow/example_dags/subdags/subdag.py
[2023-08-14T13:41:49.846+0300] {processor.py:838} WARNING - No viable dags retrieved from /home/soamariaka/.local/lib/python3.9/site-packages/airflow/example_dags/subdags/subdag.py
[2023-08-14T13:41:49.864+0300] {processor.py:179} INFO - Processing /home/soamariaka/.local/lib/python3.9/site-packages/airflow/example_dags/subdags/subdag.py took 0.032 seconds
[2023-08-14T13:42:43.858+0300] {processor.py:157} INFO - Started process (PID=11653) to work on /home/soamariaka/.local/lib/python3.9/site-packages/airflow/example_dags/subdags/subdag.py
[2023-08-14T13:42:43.860+0300] {processor.py:826} INFO - Processing file /home/soamariaka/.local/lib/python3.9/site-packages/airflow/example_dags/subdags/subdag.py for tasks to queue
[2023-08-14T13:42:43.862+0300] {logging_mixin.py:150} INFO - [2023-08-14T13:42:43.861+0300] {dagbag.py:541} INFO - Filling up the DagBag from /home/soamariaka/.local/lib/python3.9/site-packages/airflow/example_dags/subdags/subdag.py
[2023-08-14T13:42:43.865+0300] {processor.py:838} WARNING - No viable dags retrieved from /home/soamariaka/.local/lib/python3.9/site-packages/airflow/example_dags/subdags/subdag.py
[2023-08-14T13:42:43.879+0300] {processor.py:179} INFO - Processing /home/soamariaka/.local/lib/python3.9/site-packages/airflow/example_dags/subdags/subdag.py took 0.025 seconds
[2023-08-14T13:43:39.471+0300] {processor.py:157} INFO - Started process (PID=11735) to work on /home/soamariaka/.local/lib/python3.9/site-packages/airflow/example_dags/subdags/subdag.py
[2023-08-14T13:43:39.489+0300] {processor.py:826} INFO - Processing file /home/soamariaka/.local/lib/python3.9/site-packages/airflow/example_dags/subdags/subdag.py for tasks to queue
[2023-08-14T13:43:39.491+0300] {logging_mixin.py:150} INFO - [2023-08-14T13:43:39.490+0300] {dagbag.py:541} INFO - Filling up the DagBag from /home/soamariaka/.local/lib/python3.9/site-packages/airflow/example_dags/subdags/subdag.py
[2023-08-14T13:43:39.494+0300] {processor.py:838} WARNING - No viable dags retrieved from /home/soamariaka/.local/lib/python3.9/site-packages/airflow/example_dags/subdags/subdag.py
[2023-08-14T13:43:39.514+0300] {processor.py:179} INFO - Processing /home/soamariaka/.local/lib/python3.9/site-packages/airflow/example_dags/subdags/subdag.py took 0.048 seconds
[2023-08-14T13:44:09.880+0300] {processor.py:157} INFO - Started process (PID=11759) to work on /home/soamariaka/.local/lib/python3.9/site-packages/airflow/example_dags/subdags/subdag.py
[2023-08-14T13:44:09.900+0300] {processor.py:826} INFO - Processing file /home/soamariaka/.local/lib/python3.9/site-packages/airflow/example_dags/subdags/subdag.py for tasks to queue
[2023-08-14T13:44:09.902+0300] {logging_mixin.py:150} INFO - [2023-08-14T13:44:09.901+0300] {dagbag.py:541} INFO - Filling up the DagBag from /home/soamariaka/.local/lib/python3.9/site-packages/airflow/example_dags/subdags/subdag.py
[2023-08-14T13:44:09.906+0300] {processor.py:838} WARNING - No viable dags retrieved from /home/soamariaka/.local/lib/python3.9/site-packages/airflow/example_dags/subdags/subdag.py
[2023-08-14T13:44:09.924+0300] {processor.py:179} INFO - Processing /home/soamariaka/.local/lib/python3.9/site-packages/airflow/example_dags/subdags/subdag.py took 0.050 seconds
[2023-08-14T13:44:42.638+0300] {processor.py:157} INFO - Started process (PID=11786) to work on /home/soamariaka/.local/lib/python3.9/site-packages/airflow/example_dags/subdags/subdag.py
[2023-08-14T13:44:42.655+0300] {processor.py:826} INFO - Processing file /home/soamariaka/.local/lib/python3.9/site-packages/airflow/example_dags/subdags/subdag.py for tasks to queue
[2023-08-14T13:44:42.656+0300] {logging_mixin.py:150} INFO - [2023-08-14T13:44:42.656+0300] {dagbag.py:541} INFO - Filling up the DagBag from /home/soamariaka/.local/lib/python3.9/site-packages/airflow/example_dags/subdags/subdag.py
[2023-08-14T13:44:42.660+0300] {processor.py:838} WARNING - No viable dags retrieved from /home/soamariaka/.local/lib/python3.9/site-packages/airflow/example_dags/subdags/subdag.py
[2023-08-14T13:44:42.679+0300] {processor.py:179} INFO - Processing /home/soamariaka/.local/lib/python3.9/site-packages/airflow/example_dags/subdags/subdag.py took 0.046 seconds
[2023-08-14T13:45:17.491+0300] {processor.py:157} INFO - Started process (PID=11834) to work on /home/soamariaka/.local/lib/python3.9/site-packages/airflow/example_dags/subdags/subdag.py
[2023-08-14T13:45:17.521+0300] {processor.py:826} INFO - Processing file /home/soamariaka/.local/lib/python3.9/site-packages/airflow/example_dags/subdags/subdag.py for tasks to queue
[2023-08-14T13:45:17.523+0300] {logging_mixin.py:150} INFO - [2023-08-14T13:45:17.523+0300] {dagbag.py:541} INFO - Filling up the DagBag from /home/soamariaka/.local/lib/python3.9/site-packages/airflow/example_dags/subdags/subdag.py
[2023-08-14T13:45:17.527+0300] {processor.py:838} WARNING - No viable dags retrieved from /home/soamariaka/.local/lib/python3.9/site-packages/airflow/example_dags/subdags/subdag.py
[2023-08-14T13:45:17.546+0300] {processor.py:179} INFO - Processing /home/soamariaka/.local/lib/python3.9/site-packages/airflow/example_dags/subdags/subdag.py took 0.060 seconds
[2023-08-14T13:45:50.339+0300] {processor.py:157} INFO - Started process (PID=11898) to work on /home/soamariaka/.local/lib/python3.9/site-packages/airflow/example_dags/subdags/subdag.py
[2023-08-14T13:45:50.340+0300] {processor.py:826} INFO - Processing file /home/soamariaka/.local/lib/python3.9/site-packages/airflow/example_dags/subdags/subdag.py for tasks to queue
[2023-08-14T13:45:50.341+0300] {logging_mixin.py:150} INFO - [2023-08-14T13:45:50.341+0300] {dagbag.py:541} INFO - Filling up the DagBag from /home/soamariaka/.local/lib/python3.9/site-packages/airflow/example_dags/subdags/subdag.py
[2023-08-14T13:45:50.344+0300] {processor.py:838} WARNING - No viable dags retrieved from /home/soamariaka/.local/lib/python3.9/site-packages/airflow/example_dags/subdags/subdag.py
[2023-08-14T13:45:50.359+0300] {processor.py:179} INFO - Processing /home/soamariaka/.local/lib/python3.9/site-packages/airflow/example_dags/subdags/subdag.py took 0.024 seconds
[2023-08-14T13:46:21.932+0300] {processor.py:157} INFO - Started process (PID=11926) to work on /home/soamariaka/.local/lib/python3.9/site-packages/airflow/example_dags/subdags/subdag.py
[2023-08-14T13:46:21.950+0300] {processor.py:826} INFO - Processing file /home/soamariaka/.local/lib/python3.9/site-packages/airflow/example_dags/subdags/subdag.py for tasks to queue
[2023-08-14T13:46:21.952+0300] {logging_mixin.py:150} INFO - [2023-08-14T13:46:21.951+0300] {dagbag.py:541} INFO - Filling up the DagBag from /home/soamariaka/.local/lib/python3.9/site-packages/airflow/example_dags/subdags/subdag.py
[2023-08-14T13:46:21.955+0300] {processor.py:838} WARNING - No viable dags retrieved from /home/soamariaka/.local/lib/python3.9/site-packages/airflow/example_dags/subdags/subdag.py
[2023-08-14T13:46:21.973+0300] {processor.py:179} INFO - Processing /home/soamariaka/.local/lib/python3.9/site-packages/airflow/example_dags/subdags/subdag.py took 0.047 seconds
[2023-08-14T13:46:53.518+0300] {processor.py:157} INFO - Started process (PID=11954) to work on /home/soamariaka/.local/lib/python3.9/site-packages/airflow/example_dags/subdags/subdag.py
[2023-08-14T13:46:53.520+0300] {processor.py:826} INFO - Processing file /home/soamariaka/.local/lib/python3.9/site-packages/airflow/example_dags/subdags/subdag.py for tasks to queue
[2023-08-14T13:46:53.521+0300] {logging_mixin.py:150} INFO - [2023-08-14T13:46:53.520+0300] {dagbag.py:541} INFO - Filling up the DagBag from /home/soamariaka/.local/lib/python3.9/site-packages/airflow/example_dags/subdags/subdag.py
[2023-08-14T13:46:53.525+0300] {processor.py:838} WARNING - No viable dags retrieved from /home/soamariaka/.local/lib/python3.9/site-packages/airflow/example_dags/subdags/subdag.py
[2023-08-14T13:46:53.542+0300] {processor.py:179} INFO - Processing /home/soamariaka/.local/lib/python3.9/site-packages/airflow/example_dags/subdags/subdag.py took 0.029 seconds
[2023-08-14T13:47:24.073+0300] {processor.py:157} INFO - Started process (PID=11983) to work on /home/soamariaka/.local/lib/python3.9/site-packages/airflow/example_dags/subdags/subdag.py
[2023-08-14T13:47:24.104+0300] {processor.py:826} INFO - Processing file /home/soamariaka/.local/lib/python3.9/site-packages/airflow/example_dags/subdags/subdag.py for tasks to queue
[2023-08-14T13:47:24.106+0300] {logging_mixin.py:150} INFO - [2023-08-14T13:47:24.105+0300] {dagbag.py:541} INFO - Filling up the DagBag from /home/soamariaka/.local/lib/python3.9/site-packages/airflow/example_dags/subdags/subdag.py
[2023-08-14T13:47:24.109+0300] {processor.py:838} WARNING - No viable dags retrieved from /home/soamariaka/.local/lib/python3.9/site-packages/airflow/example_dags/subdags/subdag.py
[2023-08-14T13:47:24.128+0300] {processor.py:179} INFO - Processing /home/soamariaka/.local/lib/python3.9/site-packages/airflow/example_dags/subdags/subdag.py took 0.060 seconds
[2023-08-14T13:47:54.802+0300] {processor.py:157} INFO - Started process (PID=12016) to work on /home/soamariaka/.local/lib/python3.9/site-packages/airflow/example_dags/subdags/subdag.py
[2023-08-14T13:47:54.804+0300] {processor.py:826} INFO - Processing file /home/soamariaka/.local/lib/python3.9/site-packages/airflow/example_dags/subdags/subdag.py for tasks to queue
[2023-08-14T13:47:54.805+0300] {logging_mixin.py:150} INFO - [2023-08-14T13:47:54.805+0300] {dagbag.py:541} INFO - Filling up the DagBag from /home/soamariaka/.local/lib/python3.9/site-packages/airflow/example_dags/subdags/subdag.py
[2023-08-14T13:47:54.809+0300] {processor.py:838} WARNING - No viable dags retrieved from /home/soamariaka/.local/lib/python3.9/site-packages/airflow/example_dags/subdags/subdag.py
[2023-08-14T13:47:54.826+0300] {processor.py:179} INFO - Processing /home/soamariaka/.local/lib/python3.9/site-packages/airflow/example_dags/subdags/subdag.py took 0.029 seconds
[2023-08-14T13:48:25.798+0300] {processor.py:157} INFO - Started process (PID=12077) to work on /home/soamariaka/.local/lib/python3.9/site-packages/airflow/example_dags/subdags/subdag.py
[2023-08-14T13:48:25.811+0300] {processor.py:826} INFO - Processing file /home/soamariaka/.local/lib/python3.9/site-packages/airflow/example_dags/subdags/subdag.py for tasks to queue
[2023-08-14T13:48:25.812+0300] {logging_mixin.py:150} INFO - [2023-08-14T13:48:25.812+0300] {dagbag.py:541} INFO - Filling up the DagBag from /home/soamariaka/.local/lib/python3.9/site-packages/airflow/example_dags/subdags/subdag.py
[2023-08-14T13:48:25.816+0300] {processor.py:838} WARNING - No viable dags retrieved from /home/soamariaka/.local/lib/python3.9/site-packages/airflow/example_dags/subdags/subdag.py
[2023-08-14T13:48:25.835+0300] {processor.py:179} INFO - Processing /home/soamariaka/.local/lib/python3.9/site-packages/airflow/example_dags/subdags/subdag.py took 0.043 seconds
[2023-08-14T13:48:57.357+0300] {processor.py:157} INFO - Started process (PID=12104) to work on /home/soamariaka/.local/lib/python3.9/site-packages/airflow/example_dags/subdags/subdag.py
[2023-08-14T13:48:57.359+0300] {processor.py:826} INFO - Processing file /home/soamariaka/.local/lib/python3.9/site-packages/airflow/example_dags/subdags/subdag.py for tasks to queue
[2023-08-14T13:48:57.361+0300] {logging_mixin.py:150} INFO - [2023-08-14T13:48:57.360+0300] {dagbag.py:541} INFO - Filling up the DagBag from /home/soamariaka/.local/lib/python3.9/site-packages/airflow/example_dags/subdags/subdag.py
[2023-08-14T13:48:57.364+0300] {processor.py:838} WARNING - No viable dags retrieved from /home/soamariaka/.local/lib/python3.9/site-packages/airflow/example_dags/subdags/subdag.py
[2023-08-14T13:48:57.383+0300] {processor.py:179} INFO - Processing /home/soamariaka/.local/lib/python3.9/site-packages/airflow/example_dags/subdags/subdag.py took 0.031 seconds
[2023-08-14T13:49:28.122+0300] {processor.py:157} INFO - Started process (PID=12135) to work on /home/soamariaka/.local/lib/python3.9/site-packages/airflow/example_dags/subdags/subdag.py
[2023-08-14T13:49:28.123+0300] {processor.py:826} INFO - Processing file /home/soamariaka/.local/lib/python3.9/site-packages/airflow/example_dags/subdags/subdag.py for tasks to queue
[2023-08-14T13:49:28.125+0300] {logging_mixin.py:150} INFO - [2023-08-14T13:49:28.124+0300] {dagbag.py:541} INFO - Filling up the DagBag from /home/soamariaka/.local/lib/python3.9/site-packages/airflow/example_dags/subdags/subdag.py
[2023-08-14T13:49:28.128+0300] {processor.py:838} WARNING - No viable dags retrieved from /home/soamariaka/.local/lib/python3.9/site-packages/airflow/example_dags/subdags/subdag.py
[2023-08-14T13:49:28.145+0300] {processor.py:179} INFO - Processing /home/soamariaka/.local/lib/python3.9/site-packages/airflow/example_dags/subdags/subdag.py took 0.029 seconds
[2023-08-14T13:49:58.872+0300] {processor.py:157} INFO - Started process (PID=12180) to work on /home/soamariaka/.local/lib/python3.9/site-packages/airflow/example_dags/subdags/subdag.py
[2023-08-14T13:49:58.892+0300] {processor.py:826} INFO - Processing file /home/soamariaka/.local/lib/python3.9/site-packages/airflow/example_dags/subdags/subdag.py for tasks to queue
[2023-08-14T13:49:58.894+0300] {logging_mixin.py:150} INFO - [2023-08-14T13:49:58.893+0300] {dagbag.py:541} INFO - Filling up the DagBag from /home/soamariaka/.local/lib/python3.9/site-packages/airflow/example_dags/subdags/subdag.py
[2023-08-14T13:49:58.898+0300] {processor.py:838} WARNING - No viable dags retrieved from /home/soamariaka/.local/lib/python3.9/site-packages/airflow/example_dags/subdags/subdag.py
[2023-08-14T13:49:58.919+0300] {processor.py:179} INFO - Processing /home/soamariaka/.local/lib/python3.9/site-packages/airflow/example_dags/subdags/subdag.py took 0.052 seconds
[2023-08-14T13:50:31.428+0300] {processor.py:157} INFO - Started process (PID=12210) to work on /home/soamariaka/.local/lib/python3.9/site-packages/airflow/example_dags/subdags/subdag.py
[2023-08-14T13:50:31.430+0300] {processor.py:826} INFO - Processing file /home/soamariaka/.local/lib/python3.9/site-packages/airflow/example_dags/subdags/subdag.py for tasks to queue
[2023-08-14T13:50:31.432+0300] {logging_mixin.py:150} INFO - [2023-08-14T13:50:31.431+0300] {dagbag.py:541} INFO - Filling up the DagBag from /home/soamariaka/.local/lib/python3.9/site-packages/airflow/example_dags/subdags/subdag.py
[2023-08-14T13:50:31.436+0300] {processor.py:838} WARNING - No viable dags retrieved from /home/soamariaka/.local/lib/python3.9/site-packages/airflow/example_dags/subdags/subdag.py
[2023-08-14T13:50:31.478+0300] {processor.py:179} INFO - Processing /home/soamariaka/.local/lib/python3.9/site-packages/airflow/example_dags/subdags/subdag.py took 0.057 seconds
[2023-08-14T13:51:04.921+0300] {processor.py:157} INFO - Started process (PID=12243) to work on /home/soamariaka/.local/lib/python3.9/site-packages/airflow/example_dags/subdags/subdag.py
[2023-08-14T13:51:04.923+0300] {processor.py:826} INFO - Processing file /home/soamariaka/.local/lib/python3.9/site-packages/airflow/example_dags/subdags/subdag.py for tasks to queue
[2023-08-14T13:51:04.924+0300] {logging_mixin.py:150} INFO - [2023-08-14T13:51:04.924+0300] {dagbag.py:541} INFO - Filling up the DagBag from /home/soamariaka/.local/lib/python3.9/site-packages/airflow/example_dags/subdags/subdag.py
[2023-08-14T13:51:04.928+0300] {processor.py:838} WARNING - No viable dags retrieved from /home/soamariaka/.local/lib/python3.9/site-packages/airflow/example_dags/subdags/subdag.py
[2023-08-14T13:51:04.945+0300] {processor.py:179} INFO - Processing /home/soamariaka/.local/lib/python3.9/site-packages/airflow/example_dags/subdags/subdag.py took 0.029 seconds
[2023-08-14T13:51:38.429+0300] {processor.py:157} INFO - Started process (PID=12303) to work on /home/soamariaka/.local/lib/python3.9/site-packages/airflow/example_dags/subdags/subdag.py
[2023-08-14T13:51:38.446+0300] {processor.py:826} INFO - Processing file /home/soamariaka/.local/lib/python3.9/site-packages/airflow/example_dags/subdags/subdag.py for tasks to queue
[2023-08-14T13:51:38.447+0300] {logging_mixin.py:150} INFO - [2023-08-14T13:51:38.447+0300] {dagbag.py:541} INFO - Filling up the DagBag from /home/soamariaka/.local/lib/python3.9/site-packages/airflow/example_dags/subdags/subdag.py
[2023-08-14T13:51:38.451+0300] {processor.py:838} WARNING - No viable dags retrieved from /home/soamariaka/.local/lib/python3.9/site-packages/airflow/example_dags/subdags/subdag.py
[2023-08-14T13:51:38.470+0300] {processor.py:179} INFO - Processing /home/soamariaka/.local/lib/python3.9/site-packages/airflow/example_dags/subdags/subdag.py took 0.046 seconds
[2023-08-14T13:52:08.897+0300] {processor.py:157} INFO - Started process (PID=12337) to work on /home/soamariaka/.local/lib/python3.9/site-packages/airflow/example_dags/subdags/subdag.py
[2023-08-14T13:52:08.899+0300] {processor.py:826} INFO - Processing file /home/soamariaka/.local/lib/python3.9/site-packages/airflow/example_dags/subdags/subdag.py for tasks to queue
[2023-08-14T13:52:08.900+0300] {logging_mixin.py:150} INFO - [2023-08-14T13:52:08.900+0300] {dagbag.py:541} INFO - Filling up the DagBag from /home/soamariaka/.local/lib/python3.9/site-packages/airflow/example_dags/subdags/subdag.py
[2023-08-14T13:52:08.904+0300] {processor.py:838} WARNING - No viable dags retrieved from /home/soamariaka/.local/lib/python3.9/site-packages/airflow/example_dags/subdags/subdag.py
[2023-08-14T13:52:08.922+0300] {processor.py:179} INFO - Processing /home/soamariaka/.local/lib/python3.9/site-packages/airflow/example_dags/subdags/subdag.py took 0.031 seconds
[2023-08-14T13:52:39.241+0300] {processor.py:157} INFO - Started process (PID=12361) to work on /home/soamariaka/.local/lib/python3.9/site-packages/airflow/example_dags/subdags/subdag.py
[2023-08-14T13:52:39.254+0300] {processor.py:826} INFO - Processing file /home/soamariaka/.local/lib/python3.9/site-packages/airflow/example_dags/subdags/subdag.py for tasks to queue
[2023-08-14T13:52:39.255+0300] {logging_mixin.py:150} INFO - [2023-08-14T13:52:39.255+0300] {dagbag.py:541} INFO - Filling up the DagBag from /home/soamariaka/.local/lib/python3.9/site-packages/airflow/example_dags/subdags/subdag.py
[2023-08-14T13:52:39.259+0300] {processor.py:838} WARNING - No viable dags retrieved from /home/soamariaka/.local/lib/python3.9/site-packages/airflow/example_dags/subdags/subdag.py
[2023-08-14T13:52:39.277+0300] {processor.py:179} INFO - Processing /home/soamariaka/.local/lib/python3.9/site-packages/airflow/example_dags/subdags/subdag.py took 0.043 seconds
[2023-08-14T13:53:11.891+0300] {processor.py:157} INFO - Started process (PID=12396) to work on /home/soamariaka/.local/lib/python3.9/site-packages/airflow/example_dags/subdags/subdag.py
[2023-08-14T13:53:11.893+0300] {processor.py:826} INFO - Processing file /home/soamariaka/.local/lib/python3.9/site-packages/airflow/example_dags/subdags/subdag.py for tasks to queue
[2023-08-14T13:53:11.894+0300] {logging_mixin.py:150} INFO - [2023-08-14T13:53:11.894+0300] {dagbag.py:541} INFO - Filling up the DagBag from /home/soamariaka/.local/lib/python3.9/site-packages/airflow/example_dags/subdags/subdag.py
[2023-08-14T13:53:11.898+0300] {processor.py:838} WARNING - No viable dags retrieved from /home/soamariaka/.local/lib/python3.9/site-packages/airflow/example_dags/subdags/subdag.py
[2023-08-14T13:53:11.916+0300] {processor.py:179} INFO - Processing /home/soamariaka/.local/lib/python3.9/site-packages/airflow/example_dags/subdags/subdag.py took 0.031 seconds
[2023-08-14T13:53:45.206+0300] {processor.py:157} INFO - Started process (PID=12422) to work on /home/soamariaka/.local/lib/python3.9/site-packages/airflow/example_dags/subdags/subdag.py
[2023-08-14T13:53:45.230+0300] {processor.py:826} INFO - Processing file /home/soamariaka/.local/lib/python3.9/site-packages/airflow/example_dags/subdags/subdag.py for tasks to queue
[2023-08-14T13:53:45.232+0300] {logging_mixin.py:150} INFO - [2023-08-14T13:53:45.231+0300] {dagbag.py:541} INFO - Filling up the DagBag from /home/soamariaka/.local/lib/python3.9/site-packages/airflow/example_dags/subdags/subdag.py
[2023-08-14T13:53:45.236+0300] {processor.py:838} WARNING - No viable dags retrieved from /home/soamariaka/.local/lib/python3.9/site-packages/airflow/example_dags/subdags/subdag.py
[2023-08-14T13:53:45.255+0300] {processor.py:179} INFO - Processing /home/soamariaka/.local/lib/python3.9/site-packages/airflow/example_dags/subdags/subdag.py took 0.055 seconds
[2023-08-14T13:54:17.231+0300] {processor.py:157} INFO - Started process (PID=12453) to work on /home/soamariaka/.local/lib/python3.9/site-packages/airflow/example_dags/subdags/subdag.py
[2023-08-14T13:54:17.232+0300] {processor.py:826} INFO - Processing file /home/soamariaka/.local/lib/python3.9/site-packages/airflow/example_dags/subdags/subdag.py for tasks to queue
[2023-08-14T13:54:17.233+0300] {logging_mixin.py:150} INFO - [2023-08-14T13:54:17.233+0300] {dagbag.py:541} INFO - Filling up the DagBag from /home/soamariaka/.local/lib/python3.9/site-packages/airflow/example_dags/subdags/subdag.py
[2023-08-14T13:54:17.236+0300] {processor.py:838} WARNING - No viable dags retrieved from /home/soamariaka/.local/lib/python3.9/site-packages/airflow/example_dags/subdags/subdag.py
[2023-08-14T13:54:17.251+0300] {processor.py:179} INFO - Processing /home/soamariaka/.local/lib/python3.9/site-packages/airflow/example_dags/subdags/subdag.py took 0.025 seconds
[2023-08-14T13:54:48.975+0300] {processor.py:157} INFO - Started process (PID=12477) to work on /home/soamariaka/.local/lib/python3.9/site-packages/airflow/example_dags/subdags/subdag.py
[2023-08-14T13:54:48.998+0300] {processor.py:826} INFO - Processing file /home/soamariaka/.local/lib/python3.9/site-packages/airflow/example_dags/subdags/subdag.py for tasks to queue
[2023-08-14T13:54:49.000+0300] {logging_mixin.py:150} INFO - [2023-08-14T13:54:48.999+0300] {dagbag.py:541} INFO - Filling up the DagBag from /home/soamariaka/.local/lib/python3.9/site-packages/airflow/example_dags/subdags/subdag.py
[2023-08-14T13:54:49.003+0300] {processor.py:838} WARNING - No viable dags retrieved from /home/soamariaka/.local/lib/python3.9/site-packages/airflow/example_dags/subdags/subdag.py
[2023-08-14T13:54:49.018+0300] {processor.py:179} INFO - Processing /home/soamariaka/.local/lib/python3.9/site-packages/airflow/example_dags/subdags/subdag.py took 0.046 seconds
[2023-08-14T13:55:22.533+0300] {processor.py:157} INFO - Started process (PID=12565) to work on /home/soamariaka/.local/lib/python3.9/site-packages/airflow/example_dags/subdags/subdag.py
[2023-08-14T13:55:22.535+0300] {processor.py:826} INFO - Processing file /home/soamariaka/.local/lib/python3.9/site-packages/airflow/example_dags/subdags/subdag.py for tasks to queue
[2023-08-14T13:55:22.537+0300] {logging_mixin.py:150} INFO - [2023-08-14T13:55:22.536+0300] {dagbag.py:541} INFO - Filling up the DagBag from /home/soamariaka/.local/lib/python3.9/site-packages/airflow/example_dags/subdags/subdag.py
[2023-08-14T13:55:22.542+0300] {processor.py:838} WARNING - No viable dags retrieved from /home/soamariaka/.local/lib/python3.9/site-packages/airflow/example_dags/subdags/subdag.py
[2023-08-14T13:55:22.562+0300] {processor.py:179} INFO - Processing /home/soamariaka/.local/lib/python3.9/site-packages/airflow/example_dags/subdags/subdag.py took 0.034 seconds
[2023-08-14T13:55:56.044+0300] {processor.py:157} INFO - Started process (PID=12591) to work on /home/soamariaka/.local/lib/python3.9/site-packages/airflow/example_dags/subdags/subdag.py
[2023-08-14T13:55:56.064+0300] {processor.py:826} INFO - Processing file /home/soamariaka/.local/lib/python3.9/site-packages/airflow/example_dags/subdags/subdag.py for tasks to queue
[2023-08-14T13:55:56.065+0300] {logging_mixin.py:150} INFO - [2023-08-14T13:55:56.065+0300] {dagbag.py:541} INFO - Filling up the DagBag from /home/soamariaka/.local/lib/python3.9/site-packages/airflow/example_dags/subdags/subdag.py
[2023-08-14T13:55:56.069+0300] {processor.py:838} WARNING - No viable dags retrieved from /home/soamariaka/.local/lib/python3.9/site-packages/airflow/example_dags/subdags/subdag.py
[2023-08-14T13:55:56.087+0300] {processor.py:179} INFO - Processing /home/soamariaka/.local/lib/python3.9/site-packages/airflow/example_dags/subdags/subdag.py took 0.049 seconds
[2023-08-14T13:56:29.482+0300] {processor.py:157} INFO - Started process (PID=12650) to work on /home/soamariaka/.local/lib/python3.9/site-packages/airflow/example_dags/subdags/subdag.py
[2023-08-14T13:56:29.519+0300] {processor.py:826} INFO - Processing file /home/soamariaka/.local/lib/python3.9/site-packages/airflow/example_dags/subdags/subdag.py for tasks to queue
[2023-08-14T13:56:29.520+0300] {logging_mixin.py:150} INFO - [2023-08-14T13:56:29.519+0300] {dagbag.py:541} INFO - Filling up the DagBag from /home/soamariaka/.local/lib/python3.9/site-packages/airflow/example_dags/subdags/subdag.py
[2023-08-14T13:56:29.523+0300] {processor.py:838} WARNING - No viable dags retrieved from /home/soamariaka/.local/lib/python3.9/site-packages/airflow/example_dags/subdags/subdag.py
[2023-08-14T13:56:29.538+0300] {processor.py:179} INFO - Processing /home/soamariaka/.local/lib/python3.9/site-packages/airflow/example_dags/subdags/subdag.py took 0.061 seconds
[2023-08-14T13:57:04.286+0300] {processor.py:157} INFO - Started process (PID=12682) to work on /home/soamariaka/.local/lib/python3.9/site-packages/airflow/example_dags/subdags/subdag.py
[2023-08-14T13:57:04.307+0300] {processor.py:826} INFO - Processing file /home/soamariaka/.local/lib/python3.9/site-packages/airflow/example_dags/subdags/subdag.py for tasks to queue
[2023-08-14T13:57:04.308+0300] {logging_mixin.py:150} INFO - [2023-08-14T13:57:04.308+0300] {dagbag.py:541} INFO - Filling up the DagBag from /home/soamariaka/.local/lib/python3.9/site-packages/airflow/example_dags/subdags/subdag.py
[2023-08-14T13:57:04.311+0300] {processor.py:838} WARNING - No viable dags retrieved from /home/soamariaka/.local/lib/python3.9/site-packages/airflow/example_dags/subdags/subdag.py
[2023-08-14T13:57:04.329+0300] {processor.py:179} INFO - Processing /home/soamariaka/.local/lib/python3.9/site-packages/airflow/example_dags/subdags/subdag.py took 0.051 seconds
[2023-08-14T13:57:38.989+0300] {processor.py:157} INFO - Started process (PID=12710) to work on /home/soamariaka/.local/lib/python3.9/site-packages/airflow/example_dags/subdags/subdag.py
[2023-08-14T13:57:38.990+0300] {processor.py:826} INFO - Processing file /home/soamariaka/.local/lib/python3.9/site-packages/airflow/example_dags/subdags/subdag.py for tasks to queue
[2023-08-14T13:57:38.992+0300] {logging_mixin.py:150} INFO - [2023-08-14T13:57:38.991+0300] {dagbag.py:541} INFO - Filling up the DagBag from /home/soamariaka/.local/lib/python3.9/site-packages/airflow/example_dags/subdags/subdag.py
[2023-08-14T13:57:38.995+0300] {processor.py:838} WARNING - No viable dags retrieved from /home/soamariaka/.local/lib/python3.9/site-packages/airflow/example_dags/subdags/subdag.py
[2023-08-14T13:57:39.013+0300] {processor.py:179} INFO - Processing /home/soamariaka/.local/lib/python3.9/site-packages/airflow/example_dags/subdags/subdag.py took 0.030 seconds
[2023-08-14T13:58:10.345+0300] {processor.py:157} INFO - Started process (PID=12743) to work on /home/soamariaka/.local/lib/python3.9/site-packages/airflow/example_dags/subdags/subdag.py
[2023-08-14T13:58:10.348+0300] {processor.py:826} INFO - Processing file /home/soamariaka/.local/lib/python3.9/site-packages/airflow/example_dags/subdags/subdag.py for tasks to queue
[2023-08-14T13:58:10.350+0300] {logging_mixin.py:150} INFO - [2023-08-14T13:58:10.349+0300] {dagbag.py:541} INFO - Filling up the DagBag from /home/soamariaka/.local/lib/python3.9/site-packages/airflow/example_dags/subdags/subdag.py
[2023-08-14T13:58:10.353+0300] {processor.py:838} WARNING - No viable dags retrieved from /home/soamariaka/.local/lib/python3.9/site-packages/airflow/example_dags/subdags/subdag.py
[2023-08-14T13:58:10.371+0300] {processor.py:179} INFO - Processing /home/soamariaka/.local/lib/python3.9/site-packages/airflow/example_dags/subdags/subdag.py took 0.031 seconds
[2023-08-14T13:58:41.223+0300] {processor.py:157} INFO - Started process (PID=12801) to work on /home/soamariaka/.local/lib/python3.9/site-packages/airflow/example_dags/subdags/subdag.py
[2023-08-14T13:58:41.224+0300] {processor.py:826} INFO - Processing file /home/soamariaka/.local/lib/python3.9/site-packages/airflow/example_dags/subdags/subdag.py for tasks to queue
[2023-08-14T13:58:41.226+0300] {logging_mixin.py:150} INFO - [2023-08-14T13:58:41.225+0300] {dagbag.py:541} INFO - Filling up the DagBag from /home/soamariaka/.local/lib/python3.9/site-packages/airflow/example_dags/subdags/subdag.py
[2023-08-14T13:58:41.230+0300] {processor.py:838} WARNING - No viable dags retrieved from /home/soamariaka/.local/lib/python3.9/site-packages/airflow/example_dags/subdags/subdag.py
[2023-08-14T13:58:41.247+0300] {processor.py:179} INFO - Processing /home/soamariaka/.local/lib/python3.9/site-packages/airflow/example_dags/subdags/subdag.py took 0.029 seconds
[2023-08-14T13:59:13.142+0300] {processor.py:157} INFO - Started process (PID=12831) to work on /home/soamariaka/.local/lib/python3.9/site-packages/airflow/example_dags/subdags/subdag.py
[2023-08-14T13:59:13.162+0300] {processor.py:826} INFO - Processing file /home/soamariaka/.local/lib/python3.9/site-packages/airflow/example_dags/subdags/subdag.py for tasks to queue
[2023-08-14T13:59:13.163+0300] {logging_mixin.py:150} INFO - [2023-08-14T13:59:13.163+0300] {dagbag.py:541} INFO - Filling up the DagBag from /home/soamariaka/.local/lib/python3.9/site-packages/airflow/example_dags/subdags/subdag.py
[2023-08-14T13:59:13.167+0300] {processor.py:838} WARNING - No viable dags retrieved from /home/soamariaka/.local/lib/python3.9/site-packages/airflow/example_dags/subdags/subdag.py
[2023-08-14T13:59:13.185+0300] {processor.py:179} INFO - Processing /home/soamariaka/.local/lib/python3.9/site-packages/airflow/example_dags/subdags/subdag.py took 0.049 seconds
[2023-08-14T13:59:44.459+0300] {processor.py:157} INFO - Started process (PID=12859) to work on /home/soamariaka/.local/lib/python3.9/site-packages/airflow/example_dags/subdags/subdag.py
[2023-08-14T13:59:44.460+0300] {processor.py:826} INFO - Processing file /home/soamariaka/.local/lib/python3.9/site-packages/airflow/example_dags/subdags/subdag.py for tasks to queue
[2023-08-14T13:59:44.462+0300] {logging_mixin.py:150} INFO - [2023-08-14T13:59:44.461+0300] {dagbag.py:541} INFO - Filling up the DagBag from /home/soamariaka/.local/lib/python3.9/site-packages/airflow/example_dags/subdags/subdag.py
[2023-08-14T13:59:44.500+0300] {processor.py:838} WARNING - No viable dags retrieved from /home/soamariaka/.local/lib/python3.9/site-packages/airflow/example_dags/subdags/subdag.py
[2023-08-14T13:59:44.522+0300] {processor.py:179} INFO - Processing /home/soamariaka/.local/lib/python3.9/site-packages/airflow/example_dags/subdags/subdag.py took 0.071 seconds
[2023-08-14T14:00:17.234+0300] {processor.py:157} INFO - Started process (PID=12913) to work on /home/soamariaka/.local/lib/python3.9/site-packages/airflow/example_dags/subdags/subdag.py
[2023-08-14T14:00:17.260+0300] {processor.py:826} INFO - Processing file /home/soamariaka/.local/lib/python3.9/site-packages/airflow/example_dags/subdags/subdag.py for tasks to queue
[2023-08-14T14:00:17.261+0300] {logging_mixin.py:150} INFO - [2023-08-14T14:00:17.261+0300] {dagbag.py:541} INFO - Filling up the DagBag from /home/soamariaka/.local/lib/python3.9/site-packages/airflow/example_dags/subdags/subdag.py
[2023-08-14T14:00:17.265+0300] {processor.py:838} WARNING - No viable dags retrieved from /home/soamariaka/.local/lib/python3.9/site-packages/airflow/example_dags/subdags/subdag.py
[2023-08-14T14:00:17.283+0300] {processor.py:179} INFO - Processing /home/soamariaka/.local/lib/python3.9/site-packages/airflow/example_dags/subdags/subdag.py took 0.055 seconds
[2023-08-14T14:00:48.029+0300] {processor.py:157} INFO - Started process (PID=12941) to work on /home/soamariaka/.local/lib/python3.9/site-packages/airflow/example_dags/subdags/subdag.py
[2023-08-14T14:00:48.045+0300] {processor.py:826} INFO - Processing file /home/soamariaka/.local/lib/python3.9/site-packages/airflow/example_dags/subdags/subdag.py for tasks to queue
[2023-08-14T14:00:48.070+0300] {logging_mixin.py:150} INFO - [2023-08-14T14:00:48.069+0300] {dagbag.py:541} INFO - Filling up the DagBag from /home/soamariaka/.local/lib/python3.9/site-packages/airflow/example_dags/subdags/subdag.py
[2023-08-14T14:00:48.074+0300] {processor.py:838} WARNING - No viable dags retrieved from /home/soamariaka/.local/lib/python3.9/site-packages/airflow/example_dags/subdags/subdag.py
[2023-08-14T14:00:48.094+0300] {processor.py:179} INFO - Processing /home/soamariaka/.local/lib/python3.9/site-packages/airflow/example_dags/subdags/subdag.py took 0.071 seconds
[2023-08-14T14:01:18.967+0300] {processor.py:157} INFO - Started process (PID=12970) to work on /home/soamariaka/.local/lib/python3.9/site-packages/airflow/example_dags/subdags/subdag.py
[2023-08-14T14:01:18.969+0300] {processor.py:826} INFO - Processing file /home/soamariaka/.local/lib/python3.9/site-packages/airflow/example_dags/subdags/subdag.py for tasks to queue
[2023-08-14T14:01:18.971+0300] {logging_mixin.py:150} INFO - [2023-08-14T14:01:18.970+0300] {dagbag.py:541} INFO - Filling up the DagBag from /home/soamariaka/.local/lib/python3.9/site-packages/airflow/example_dags/subdags/subdag.py
[2023-08-14T14:01:18.976+0300] {processor.py:838} WARNING - No viable dags retrieved from /home/soamariaka/.local/lib/python3.9/site-packages/airflow/example_dags/subdags/subdag.py
[2023-08-14T14:01:18.995+0300] {processor.py:179} INFO - Processing /home/soamariaka/.local/lib/python3.9/site-packages/airflow/example_dags/subdags/subdag.py took 0.033 seconds
[2023-08-14T14:01:52.909+0300] {processor.py:157} INFO - Started process (PID=13014) to work on /home/soamariaka/.local/lib/python3.9/site-packages/airflow/example_dags/subdags/subdag.py
[2023-08-14T14:01:52.933+0300] {processor.py:826} INFO - Processing file /home/soamariaka/.local/lib/python3.9/site-packages/airflow/example_dags/subdags/subdag.py for tasks to queue
[2023-08-14T14:01:52.952+0300] {logging_mixin.py:150} INFO - [2023-08-14T14:01:52.951+0300] {dagbag.py:541} INFO - Filling up the DagBag from /home/soamariaka/.local/lib/python3.9/site-packages/airflow/example_dags/subdags/subdag.py
[2023-08-14T14:01:52.956+0300] {processor.py:838} WARNING - No viable dags retrieved from /home/soamariaka/.local/lib/python3.9/site-packages/airflow/example_dags/subdags/subdag.py
[2023-08-14T14:01:52.977+0300] {processor.py:179} INFO - Processing /home/soamariaka/.local/lib/python3.9/site-packages/airflow/example_dags/subdags/subdag.py took 0.073 seconds
[2023-08-14T14:03:49.047+0300] {processor.py:157} INFO - Started process (PID=13691) to work on /home/soamariaka/.local/lib/python3.9/site-packages/airflow/example_dags/subdags/subdag.py
[2023-08-14T14:03:49.064+0300] {processor.py:826} INFO - Processing file /home/soamariaka/.local/lib/python3.9/site-packages/airflow/example_dags/subdags/subdag.py for tasks to queue
[2023-08-14T14:03:49.084+0300] {logging_mixin.py:150} INFO - [2023-08-14T14:03:49.083+0300] {dagbag.py:541} INFO - Filling up the DagBag from /home/soamariaka/.local/lib/python3.9/site-packages/airflow/example_dags/subdags/subdag.py
[2023-08-14T14:03:49.090+0300] {processor.py:838} WARNING - No viable dags retrieved from /home/soamariaka/.local/lib/python3.9/site-packages/airflow/example_dags/subdags/subdag.py
[2023-08-14T14:03:49.114+0300] {processor.py:179} INFO - Processing /home/soamariaka/.local/lib/python3.9/site-packages/airflow/example_dags/subdags/subdag.py took 0.072 seconds
[2023-08-14T14:04:56.387+0300] {processor.py:157} INFO - Started process (PID=13744) to work on /home/soamariaka/.local/lib/python3.9/site-packages/airflow/example_dags/subdags/subdag.py
[2023-08-14T14:04:56.407+0300] {processor.py:826} INFO - Processing file /home/soamariaka/.local/lib/python3.9/site-packages/airflow/example_dags/subdags/subdag.py for tasks to queue
[2023-08-14T14:04:56.409+0300] {logging_mixin.py:150} INFO - [2023-08-14T14:04:56.408+0300] {dagbag.py:541} INFO - Filling up the DagBag from /home/soamariaka/.local/lib/python3.9/site-packages/airflow/example_dags/subdags/subdag.py
[2023-08-14T14:04:56.427+0300] {processor.py:838} WARNING - No viable dags retrieved from /home/soamariaka/.local/lib/python3.9/site-packages/airflow/example_dags/subdags/subdag.py
[2023-08-14T14:04:56.446+0300] {processor.py:179} INFO - Processing /home/soamariaka/.local/lib/python3.9/site-packages/airflow/example_dags/subdags/subdag.py took 0.065 seconds
[2023-08-14T14:05:41.592+0300] {processor.py:157} INFO - Started process (PID=13796) to work on /home/soamariaka/.local/lib/python3.9/site-packages/airflow/example_dags/subdags/subdag.py
[2023-08-14T14:05:41.617+0300] {processor.py:826} INFO - Processing file /home/soamariaka/.local/lib/python3.9/site-packages/airflow/example_dags/subdags/subdag.py for tasks to queue
[2023-08-14T14:05:41.619+0300] {logging_mixin.py:150} INFO - [2023-08-14T14:05:41.618+0300] {dagbag.py:541} INFO - Filling up the DagBag from /home/soamariaka/.local/lib/python3.9/site-packages/airflow/example_dags/subdags/subdag.py
[2023-08-14T14:05:41.623+0300] {processor.py:838} WARNING - No viable dags retrieved from /home/soamariaka/.local/lib/python3.9/site-packages/airflow/example_dags/subdags/subdag.py
[2023-08-14T14:05:41.637+0300] {processor.py:179} INFO - Processing /home/soamariaka/.local/lib/python3.9/site-packages/airflow/example_dags/subdags/subdag.py took 0.050 seconds
[2023-08-14T14:06:26.848+0300] {processor.py:157} INFO - Started process (PID=13837) to work on /home/soamariaka/.local/lib/python3.9/site-packages/airflow/example_dags/subdags/subdag.py
[2023-08-14T14:06:26.989+0300] {processor.py:826} INFO - Processing file /home/soamariaka/.local/lib/python3.9/site-packages/airflow/example_dags/subdags/subdag.py for tasks to queue
[2023-08-14T14:06:26.992+0300] {logging_mixin.py:150} INFO - [2023-08-14T14:06:26.991+0300] {dagbag.py:541} INFO - Filling up the DagBag from /home/soamariaka/.local/lib/python3.9/site-packages/airflow/example_dags/subdags/subdag.py
[2023-08-14T14:06:26.997+0300] {processor.py:838} WARNING - No viable dags retrieved from /home/soamariaka/.local/lib/python3.9/site-packages/airflow/example_dags/subdags/subdag.py
[2023-08-14T14:06:27.024+0300] {processor.py:179} INFO - Processing /home/soamariaka/.local/lib/python3.9/site-packages/airflow/example_dags/subdags/subdag.py took 0.181 seconds
[2023-08-14T14:07:01.945+0300] {processor.py:157} INFO - Started process (PID=13878) to work on /home/soamariaka/.local/lib/python3.9/site-packages/airflow/example_dags/subdags/subdag.py
[2023-08-14T14:07:01.966+0300] {processor.py:826} INFO - Processing file /home/soamariaka/.local/lib/python3.9/site-packages/airflow/example_dags/subdags/subdag.py for tasks to queue
[2023-08-14T14:07:01.967+0300] {logging_mixin.py:150} INFO - [2023-08-14T14:07:01.967+0300] {dagbag.py:541} INFO - Filling up the DagBag from /home/soamariaka/.local/lib/python3.9/site-packages/airflow/example_dags/subdags/subdag.py
[2023-08-14T14:07:01.971+0300] {processor.py:838} WARNING - No viable dags retrieved from /home/soamariaka/.local/lib/python3.9/site-packages/airflow/example_dags/subdags/subdag.py
[2023-08-14T14:07:01.989+0300] {processor.py:179} INFO - Processing /home/soamariaka/.local/lib/python3.9/site-packages/airflow/example_dags/subdags/subdag.py took 0.050 seconds
[2023-08-14T14:07:39.879+0300] {processor.py:157} INFO - Started process (PID=13945) to work on /home/soamariaka/.local/lib/python3.9/site-packages/airflow/example_dags/subdags/subdag.py
[2023-08-14T14:07:39.899+0300] {processor.py:826} INFO - Processing file /home/soamariaka/.local/lib/python3.9/site-packages/airflow/example_dags/subdags/subdag.py for tasks to queue
[2023-08-14T14:07:39.900+0300] {logging_mixin.py:150} INFO - [2023-08-14T14:07:39.900+0300] {dagbag.py:541} INFO - Filling up the DagBag from /home/soamariaka/.local/lib/python3.9/site-packages/airflow/example_dags/subdags/subdag.py
[2023-08-14T14:07:39.935+0300] {processor.py:838} WARNING - No viable dags retrieved from /home/soamariaka/.local/lib/python3.9/site-packages/airflow/example_dags/subdags/subdag.py
[2023-08-14T14:07:39.991+0300] {processor.py:179} INFO - Processing /home/soamariaka/.local/lib/python3.9/site-packages/airflow/example_dags/subdags/subdag.py took 0.119 seconds
[2023-08-14T14:09:05.721+0300] {processor.py:157} INFO - Started process (PID=14059) to work on /home/soamariaka/.local/lib/python3.9/site-packages/airflow/example_dags/subdags/subdag.py
[2023-08-14T14:09:05.752+0300] {processor.py:826} INFO - Processing file /home/soamariaka/.local/lib/python3.9/site-packages/airflow/example_dags/subdags/subdag.py for tasks to queue
[2023-08-14T14:09:05.754+0300] {logging_mixin.py:150} INFO - [2023-08-14T14:09:05.754+0300] {dagbag.py:541} INFO - Filling up the DagBag from /home/soamariaka/.local/lib/python3.9/site-packages/airflow/example_dags/subdags/subdag.py
[2023-08-14T14:09:05.759+0300] {processor.py:838} WARNING - No viable dags retrieved from /home/soamariaka/.local/lib/python3.9/site-packages/airflow/example_dags/subdags/subdag.py
[2023-08-14T14:09:05.779+0300] {processor.py:179} INFO - Processing /home/soamariaka/.local/lib/python3.9/site-packages/airflow/example_dags/subdags/subdag.py took 0.063 seconds
[2023-08-14T14:09:43.221+0300] {processor.py:157} INFO - Started process (PID=14102) to work on /home/soamariaka/.local/lib/python3.9/site-packages/airflow/example_dags/subdags/subdag.py
[2023-08-14T14:09:43.232+0300] {processor.py:826} INFO - Processing file /home/soamariaka/.local/lib/python3.9/site-packages/airflow/example_dags/subdags/subdag.py for tasks to queue
[2023-08-14T14:09:43.233+0300] {logging_mixin.py:150} INFO - [2023-08-14T14:09:43.233+0300] {dagbag.py:541} INFO - Filling up the DagBag from /home/soamariaka/.local/lib/python3.9/site-packages/airflow/example_dags/subdags/subdag.py
[2023-08-14T14:09:43.236+0300] {processor.py:838} WARNING - No viable dags retrieved from /home/soamariaka/.local/lib/python3.9/site-packages/airflow/example_dags/subdags/subdag.py
[2023-08-14T14:09:43.253+0300] {processor.py:179} INFO - Processing /home/soamariaka/.local/lib/python3.9/site-packages/airflow/example_dags/subdags/subdag.py took 0.036 seconds
[2023-08-14T14:10:30.621+0300] {processor.py:157} INFO - Started process (PID=14901) to work on /home/soamariaka/.local/lib/python3.9/site-packages/airflow/example_dags/subdags/subdag.py
[2023-08-14T14:10:30.642+0300] {processor.py:826} INFO - Processing file /home/soamariaka/.local/lib/python3.9/site-packages/airflow/example_dags/subdags/subdag.py for tasks to queue
[2023-08-14T14:10:30.644+0300] {logging_mixin.py:150} INFO - [2023-08-14T14:10:30.643+0300] {dagbag.py:541} INFO - Filling up the DagBag from /home/soamariaka/.local/lib/python3.9/site-packages/airflow/example_dags/subdags/subdag.py
[2023-08-14T14:10:30.647+0300] {processor.py:838} WARNING - No viable dags retrieved from /home/soamariaka/.local/lib/python3.9/site-packages/airflow/example_dags/subdags/subdag.py
[2023-08-14T14:10:30.666+0300] {processor.py:179} INFO - Processing /home/soamariaka/.local/lib/python3.9/site-packages/airflow/example_dags/subdags/subdag.py took 0.051 seconds
[2023-08-14T14:11:33.357+0300] {processor.py:157} INFO - Started process (PID=15069) to work on /home/soamariaka/.local/lib/python3.9/site-packages/airflow/example_dags/subdags/subdag.py
[2023-08-14T14:11:33.476+0300] {processor.py:826} INFO - Processing file /home/soamariaka/.local/lib/python3.9/site-packages/airflow/example_dags/subdags/subdag.py for tasks to queue
[2023-08-14T14:11:33.478+0300] {logging_mixin.py:150} INFO - [2023-08-14T14:11:33.477+0300] {dagbag.py:541} INFO - Filling up the DagBag from /home/soamariaka/.local/lib/python3.9/site-packages/airflow/example_dags/subdags/subdag.py
[2023-08-14T14:11:33.482+0300] {processor.py:838} WARNING - No viable dags retrieved from /home/soamariaka/.local/lib/python3.9/site-packages/airflow/example_dags/subdags/subdag.py
[2023-08-14T14:11:33.502+0300] {processor.py:179} INFO - Processing /home/soamariaka/.local/lib/python3.9/site-packages/airflow/example_dags/subdags/subdag.py took 0.151 seconds
[2023-08-14T14:12:19.638+0300] {processor.py:157} INFO - Started process (PID=15140) to work on /home/soamariaka/.local/lib/python3.9/site-packages/airflow/example_dags/subdags/subdag.py
[2023-08-14T14:12:19.651+0300] {processor.py:826} INFO - Processing file /home/soamariaka/.local/lib/python3.9/site-packages/airflow/example_dags/subdags/subdag.py for tasks to queue
[2023-08-14T14:12:19.652+0300] {logging_mixin.py:150} INFO - [2023-08-14T14:12:19.652+0300] {dagbag.py:541} INFO - Filling up the DagBag from /home/soamariaka/.local/lib/python3.9/site-packages/airflow/example_dags/subdags/subdag.py
[2023-08-14T14:12:19.656+0300] {processor.py:838} WARNING - No viable dags retrieved from /home/soamariaka/.local/lib/python3.9/site-packages/airflow/example_dags/subdags/subdag.py
[2023-08-14T14:12:19.674+0300] {processor.py:179} INFO - Processing /home/soamariaka/.local/lib/python3.9/site-packages/airflow/example_dags/subdags/subdag.py took 0.042 seconds
[2023-08-14T14:13:17.056+0300] {processor.py:157} INFO - Started process (PID=15265) to work on /home/soamariaka/.local/lib/python3.9/site-packages/airflow/example_dags/subdags/subdag.py
[2023-08-14T14:13:17.101+0300] {processor.py:826} INFO - Processing file /home/soamariaka/.local/lib/python3.9/site-packages/airflow/example_dags/subdags/subdag.py for tasks to queue
[2023-08-14T14:13:17.103+0300] {logging_mixin.py:150} INFO - [2023-08-14T14:13:17.102+0300] {dagbag.py:541} INFO - Filling up the DagBag from /home/soamariaka/.local/lib/python3.9/site-packages/airflow/example_dags/subdags/subdag.py
[2023-08-14T14:13:17.107+0300] {processor.py:838} WARNING - No viable dags retrieved from /home/soamariaka/.local/lib/python3.9/site-packages/airflow/example_dags/subdags/subdag.py
[2023-08-14T14:13:17.129+0300] {processor.py:179} INFO - Processing /home/soamariaka/.local/lib/python3.9/site-packages/airflow/example_dags/subdags/subdag.py took 0.079 seconds
[2023-08-14T14:13:48.774+0300] {processor.py:157} INFO - Started process (PID=15306) to work on /home/soamariaka/.local/lib/python3.9/site-packages/airflow/example_dags/subdags/subdag.py
[2023-08-14T14:13:48.850+0300] {processor.py:826} INFO - Processing file /home/soamariaka/.local/lib/python3.9/site-packages/airflow/example_dags/subdags/subdag.py for tasks to queue
[2023-08-14T14:13:48.852+0300] {logging_mixin.py:150} INFO - [2023-08-14T14:13:48.851+0300] {dagbag.py:541} INFO - Filling up the DagBag from /home/soamariaka/.local/lib/python3.9/site-packages/airflow/example_dags/subdags/subdag.py
[2023-08-14T14:13:48.856+0300] {processor.py:838} WARNING - No viable dags retrieved from /home/soamariaka/.local/lib/python3.9/site-packages/airflow/example_dags/subdags/subdag.py
[2023-08-14T14:13:48.876+0300] {processor.py:179} INFO - Processing /home/soamariaka/.local/lib/python3.9/site-packages/airflow/example_dags/subdags/subdag.py took 0.108 seconds
[2023-08-14T14:14:21.801+0300] {processor.py:157} INFO - Started process (PID=15357) to work on /home/soamariaka/.local/lib/python3.9/site-packages/airflow/example_dags/subdags/subdag.py
[2023-08-14T14:14:21.803+0300] {processor.py:826} INFO - Processing file /home/soamariaka/.local/lib/python3.9/site-packages/airflow/example_dags/subdags/subdag.py for tasks to queue
[2023-08-14T14:14:21.805+0300] {logging_mixin.py:150} INFO - [2023-08-14T14:14:21.804+0300] {dagbag.py:541} INFO - Filling up the DagBag from /home/soamariaka/.local/lib/python3.9/site-packages/airflow/example_dags/subdags/subdag.py
[2023-08-14T14:14:21.808+0300] {processor.py:838} WARNING - No viable dags retrieved from /home/soamariaka/.local/lib/python3.9/site-packages/airflow/example_dags/subdags/subdag.py
[2023-08-14T14:14:21.825+0300] {processor.py:179} INFO - Processing /home/soamariaka/.local/lib/python3.9/site-packages/airflow/example_dags/subdags/subdag.py took 0.029 seconds
[2023-08-14T14:14:54.708+0300] {processor.py:157} INFO - Started process (PID=15403) to work on /home/soamariaka/.local/lib/python3.9/site-packages/airflow/example_dags/subdags/subdag.py
[2023-08-14T14:14:54.737+0300] {processor.py:826} INFO - Processing file /home/soamariaka/.local/lib/python3.9/site-packages/airflow/example_dags/subdags/subdag.py for tasks to queue
[2023-08-14T14:14:54.738+0300] {logging_mixin.py:150} INFO - [2023-08-14T14:14:54.738+0300] {dagbag.py:541} INFO - Filling up the DagBag from /home/soamariaka/.local/lib/python3.9/site-packages/airflow/example_dags/subdags/subdag.py
[2023-08-14T14:14:54.742+0300] {processor.py:838} WARNING - No viable dags retrieved from /home/soamariaka/.local/lib/python3.9/site-packages/airflow/example_dags/subdags/subdag.py
[2023-08-14T14:14:54.762+0300] {processor.py:179} INFO - Processing /home/soamariaka/.local/lib/python3.9/site-packages/airflow/example_dags/subdags/subdag.py took 0.060 seconds
[2023-08-14T14:15:53.603+0300] {processor.py:157} INFO - Started process (PID=15579) to work on /home/soamariaka/.local/lib/python3.9/site-packages/airflow/example_dags/subdags/subdag.py
[2023-08-14T14:15:53.633+0300] {processor.py:826} INFO - Processing file /home/soamariaka/.local/lib/python3.9/site-packages/airflow/example_dags/subdags/subdag.py for tasks to queue
[2023-08-14T14:15:53.635+0300] {logging_mixin.py:150} INFO - [2023-08-14T14:15:53.634+0300] {dagbag.py:541} INFO - Filling up the DagBag from /home/soamariaka/.local/lib/python3.9/site-packages/airflow/example_dags/subdags/subdag.py
[2023-08-14T14:15:53.640+0300] {processor.py:838} WARNING - No viable dags retrieved from /home/soamariaka/.local/lib/python3.9/site-packages/airflow/example_dags/subdags/subdag.py
[2023-08-14T14:15:53.659+0300] {processor.py:179} INFO - Processing /home/soamariaka/.local/lib/python3.9/site-packages/airflow/example_dags/subdags/subdag.py took 0.061 seconds
[2023-08-14T14:16:25.509+0300] {processor.py:157} INFO - Started process (PID=15628) to work on /home/soamariaka/.local/lib/python3.9/site-packages/airflow/example_dags/subdags/subdag.py
[2023-08-14T14:16:25.510+0300] {processor.py:826} INFO - Processing file /home/soamariaka/.local/lib/python3.9/site-packages/airflow/example_dags/subdags/subdag.py for tasks to queue
[2023-08-14T14:16:25.512+0300] {logging_mixin.py:150} INFO - [2023-08-14T14:16:25.512+0300] {dagbag.py:541} INFO - Filling up the DagBag from /home/soamariaka/.local/lib/python3.9/site-packages/airflow/example_dags/subdags/subdag.py
[2023-08-14T14:16:25.516+0300] {processor.py:838} WARNING - No viable dags retrieved from /home/soamariaka/.local/lib/python3.9/site-packages/airflow/example_dags/subdags/subdag.py
[2023-08-14T14:16:25.533+0300] {processor.py:179} INFO - Processing /home/soamariaka/.local/lib/python3.9/site-packages/airflow/example_dags/subdags/subdag.py took 0.030 seconds
[2023-08-14T14:16:58.485+0300] {processor.py:157} INFO - Started process (PID=15657) to work on /home/soamariaka/.local/lib/python3.9/site-packages/airflow/example_dags/subdags/subdag.py
[2023-08-14T14:16:58.509+0300] {processor.py:826} INFO - Processing file /home/soamariaka/.local/lib/python3.9/site-packages/airflow/example_dags/subdags/subdag.py for tasks to queue
[2023-08-14T14:16:58.511+0300] {logging_mixin.py:150} INFO - [2023-08-14T14:16:58.510+0300] {dagbag.py:541} INFO - Filling up the DagBag from /home/soamariaka/.local/lib/python3.9/site-packages/airflow/example_dags/subdags/subdag.py
[2023-08-14T14:16:58.515+0300] {processor.py:838} WARNING - No viable dags retrieved from /home/soamariaka/.local/lib/python3.9/site-packages/airflow/example_dags/subdags/subdag.py
[2023-08-14T14:16:58.533+0300] {processor.py:179} INFO - Processing /home/soamariaka/.local/lib/python3.9/site-packages/airflow/example_dags/subdags/subdag.py took 0.054 seconds
[2023-08-14T14:18:15.512+0300] {processor.py:157} INFO - Started process (PID=15869) to work on /home/soamariaka/.local/lib/python3.9/site-packages/airflow/example_dags/subdags/subdag.py
[2023-08-14T14:18:15.819+0300] {processor.py:826} INFO - Processing file /home/soamariaka/.local/lib/python3.9/site-packages/airflow/example_dags/subdags/subdag.py for tasks to queue
[2023-08-14T14:18:15.821+0300] {logging_mixin.py:150} INFO - [2023-08-14T14:18:15.820+0300] {dagbag.py:541} INFO - Filling up the DagBag from /home/soamariaka/.local/lib/python3.9/site-packages/airflow/example_dags/subdags/subdag.py
[2023-08-14T14:18:15.824+0300] {processor.py:838} WARNING - No viable dags retrieved from /home/soamariaka/.local/lib/python3.9/site-packages/airflow/example_dags/subdags/subdag.py
[2023-08-14T14:18:15.846+0300] {processor.py:179} INFO - Processing /home/soamariaka/.local/lib/python3.9/site-packages/airflow/example_dags/subdags/subdag.py took 0.339 seconds
[2023-08-14T14:18:56.988+0300] {processor.py:157} INFO - Started process (PID=15920) to work on /home/soamariaka/.local/lib/python3.9/site-packages/airflow/example_dags/subdags/subdag.py
[2023-08-14T14:18:57.007+0300] {processor.py:826} INFO - Processing file /home/soamariaka/.local/lib/python3.9/site-packages/airflow/example_dags/subdags/subdag.py for tasks to queue
[2023-08-14T14:18:57.008+0300] {logging_mixin.py:150} INFO - [2023-08-14T14:18:57.008+0300] {dagbag.py:541} INFO - Filling up the DagBag from /home/soamariaka/.local/lib/python3.9/site-packages/airflow/example_dags/subdags/subdag.py
[2023-08-14T14:18:57.012+0300] {processor.py:838} WARNING - No viable dags retrieved from /home/soamariaka/.local/lib/python3.9/site-packages/airflow/example_dags/subdags/subdag.py
[2023-08-14T14:18:57.029+0300] {processor.py:179} INFO - Processing /home/soamariaka/.local/lib/python3.9/site-packages/airflow/example_dags/subdags/subdag.py took 0.046 seconds
[2023-08-14T14:19:56.963+0300] {processor.py:157} INFO - Started process (PID=15997) to work on /home/soamariaka/.local/lib/python3.9/site-packages/airflow/example_dags/subdags/subdag.py
[2023-08-14T14:19:56.988+0300] {processor.py:826} INFO - Processing file /home/soamariaka/.local/lib/python3.9/site-packages/airflow/example_dags/subdags/subdag.py for tasks to queue
[2023-08-14T14:19:56.990+0300] {logging_mixin.py:150} INFO - [2023-08-14T14:19:56.989+0300] {dagbag.py:541} INFO - Filling up the DagBag from /home/soamariaka/.local/lib/python3.9/site-packages/airflow/example_dags/subdags/subdag.py
[2023-08-14T14:19:56.994+0300] {processor.py:838} WARNING - No viable dags retrieved from /home/soamariaka/.local/lib/python3.9/site-packages/airflow/example_dags/subdags/subdag.py
[2023-08-14T14:19:57.012+0300] {processor.py:179} INFO - Processing /home/soamariaka/.local/lib/python3.9/site-packages/airflow/example_dags/subdags/subdag.py took 0.056 seconds
[2023-08-14T14:20:33.311+0300] {processor.py:157} INFO - Started process (PID=16047) to work on /home/soamariaka/.local/lib/python3.9/site-packages/airflow/example_dags/subdags/subdag.py
[2023-08-14T14:20:33.466+0300] {processor.py:826} INFO - Processing file /home/soamariaka/.local/lib/python3.9/site-packages/airflow/example_dags/subdags/subdag.py for tasks to queue
[2023-08-14T14:20:33.468+0300] {logging_mixin.py:150} INFO - [2023-08-14T14:20:33.467+0300] {dagbag.py:541} INFO - Filling up the DagBag from /home/soamariaka/.local/lib/python3.9/site-packages/airflow/example_dags/subdags/subdag.py
[2023-08-14T14:20:33.472+0300] {processor.py:838} WARNING - No viable dags retrieved from /home/soamariaka/.local/lib/python3.9/site-packages/airflow/example_dags/subdags/subdag.py
[2023-08-14T14:20:33.493+0300] {processor.py:179} INFO - Processing /home/soamariaka/.local/lib/python3.9/site-packages/airflow/example_dags/subdags/subdag.py took 0.188 seconds
[2023-08-14T14:21:33.470+0300] {processor.py:157} INFO - Started process (PID=16097) to work on /home/soamariaka/.local/lib/python3.9/site-packages/airflow/example_dags/subdags/subdag.py
[2023-08-14T14:21:33.497+0300] {processor.py:826} INFO - Processing file /home/soamariaka/.local/lib/python3.9/site-packages/airflow/example_dags/subdags/subdag.py for tasks to queue
[2023-08-14T14:21:33.499+0300] {logging_mixin.py:150} INFO - [2023-08-14T14:21:33.498+0300] {dagbag.py:541} INFO - Filling up the DagBag from /home/soamariaka/.local/lib/python3.9/site-packages/airflow/example_dags/subdags/subdag.py
[2023-08-14T14:21:33.503+0300] {processor.py:838} WARNING - No viable dags retrieved from /home/soamariaka/.local/lib/python3.9/site-packages/airflow/example_dags/subdags/subdag.py
[2023-08-14T14:21:33.521+0300] {processor.py:179} INFO - Processing /home/soamariaka/.local/lib/python3.9/site-packages/airflow/example_dags/subdags/subdag.py took 0.057 seconds
[2023-08-14T14:22:09.120+0300] {processor.py:157} INFO - Started process (PID=16134) to work on /home/soamariaka/.local/lib/python3.9/site-packages/airflow/example_dags/subdags/subdag.py
[2023-08-14T14:22:09.163+0300] {processor.py:826} INFO - Processing file /home/soamariaka/.local/lib/python3.9/site-packages/airflow/example_dags/subdags/subdag.py for tasks to queue
[2023-08-14T14:22:09.165+0300] {logging_mixin.py:150} INFO - [2023-08-14T14:22:09.164+0300] {dagbag.py:541} INFO - Filling up the DagBag from /home/soamariaka/.local/lib/python3.9/site-packages/airflow/example_dags/subdags/subdag.py
[2023-08-14T14:22:09.169+0300] {processor.py:838} WARNING - No viable dags retrieved from /home/soamariaka/.local/lib/python3.9/site-packages/airflow/example_dags/subdags/subdag.py
[2023-08-14T14:22:09.189+0300] {processor.py:179} INFO - Processing /home/soamariaka/.local/lib/python3.9/site-packages/airflow/example_dags/subdags/subdag.py took 0.074 seconds
[2023-08-14T14:23:09.454+0300] {processor.py:157} INFO - Started process (PID=16189) to work on /home/soamariaka/.local/lib/python3.9/site-packages/airflow/example_dags/subdags/subdag.py
[2023-08-14T14:23:09.492+0300] {processor.py:826} INFO - Processing file /home/soamariaka/.local/lib/python3.9/site-packages/airflow/example_dags/subdags/subdag.py for tasks to queue
[2023-08-14T14:23:09.494+0300] {logging_mixin.py:150} INFO - [2023-08-14T14:23:09.494+0300] {dagbag.py:541} INFO - Filling up the DagBag from /home/soamariaka/.local/lib/python3.9/site-packages/airflow/example_dags/subdags/subdag.py
[2023-08-14T14:23:09.499+0300] {processor.py:838} WARNING - No viable dags retrieved from /home/soamariaka/.local/lib/python3.9/site-packages/airflow/example_dags/subdags/subdag.py
[2023-08-14T14:23:09.519+0300] {processor.py:179} INFO - Processing /home/soamariaka/.local/lib/python3.9/site-packages/airflow/example_dags/subdags/subdag.py took 0.072 seconds
[2023-08-14T14:23:40.611+0300] {processor.py:157} INFO - Started process (PID=16224) to work on /home/soamariaka/.local/lib/python3.9/site-packages/airflow/example_dags/subdags/subdag.py
[2023-08-14T14:23:40.681+0300] {processor.py:826} INFO - Processing file /home/soamariaka/.local/lib/python3.9/site-packages/airflow/example_dags/subdags/subdag.py for tasks to queue
[2023-08-14T14:23:40.683+0300] {logging_mixin.py:150} INFO - [2023-08-14T14:23:40.682+0300] {dagbag.py:541} INFO - Filling up the DagBag from /home/soamariaka/.local/lib/python3.9/site-packages/airflow/example_dags/subdags/subdag.py
[2023-08-14T14:23:40.688+0300] {processor.py:838} WARNING - No viable dags retrieved from /home/soamariaka/.local/lib/python3.9/site-packages/airflow/example_dags/subdags/subdag.py
[2023-08-14T14:23:40.709+0300] {processor.py:179} INFO - Processing /home/soamariaka/.local/lib/python3.9/site-packages/airflow/example_dags/subdags/subdag.py took 0.106 seconds
[2023-08-14T14:24:11.081+0300] {processor.py:157} INFO - Started process (PID=16256) to work on /home/soamariaka/.local/lib/python3.9/site-packages/airflow/example_dags/subdags/subdag.py
[2023-08-14T14:24:11.083+0300] {processor.py:826} INFO - Processing file /home/soamariaka/.local/lib/python3.9/site-packages/airflow/example_dags/subdags/subdag.py for tasks to queue
[2023-08-14T14:24:11.084+0300] {logging_mixin.py:150} INFO - [2023-08-14T14:24:11.084+0300] {dagbag.py:541} INFO - Filling up the DagBag from /home/soamariaka/.local/lib/python3.9/site-packages/airflow/example_dags/subdags/subdag.py
[2023-08-14T14:24:11.088+0300] {processor.py:838} WARNING - No viable dags retrieved from /home/soamariaka/.local/lib/python3.9/site-packages/airflow/example_dags/subdags/subdag.py
[2023-08-14T14:24:11.106+0300] {processor.py:179} INFO - Processing /home/soamariaka/.local/lib/python3.9/site-packages/airflow/example_dags/subdags/subdag.py took 0.030 seconds
[2023-08-14T14:25:05.740+0300] {processor.py:157} INFO - Started process (PID=16558) to work on /home/soamariaka/.local/lib/python3.9/site-packages/airflow/example_dags/subdags/subdag.py
[2023-08-14T14:25:05.756+0300] {processor.py:826} INFO - Processing file /home/soamariaka/.local/lib/python3.9/site-packages/airflow/example_dags/subdags/subdag.py for tasks to queue
[2023-08-14T14:25:05.758+0300] {logging_mixin.py:150} INFO - [2023-08-14T14:25:05.757+0300] {dagbag.py:541} INFO - Filling up the DagBag from /home/soamariaka/.local/lib/python3.9/site-packages/airflow/example_dags/subdags/subdag.py
[2023-08-14T14:25:05.762+0300] {processor.py:838} WARNING - No viable dags retrieved from /home/soamariaka/.local/lib/python3.9/site-packages/airflow/example_dags/subdags/subdag.py
[2023-08-14T14:25:05.780+0300] {processor.py:179} INFO - Processing /home/soamariaka/.local/lib/python3.9/site-packages/airflow/example_dags/subdags/subdag.py took 0.045 seconds
[2023-08-14T14:25:38.497+0300] {processor.py:157} INFO - Started process (PID=16648) to work on /home/soamariaka/.local/lib/python3.9/site-packages/airflow/example_dags/subdags/subdag.py
[2023-08-14T14:25:38.499+0300] {processor.py:826} INFO - Processing file /home/soamariaka/.local/lib/python3.9/site-packages/airflow/example_dags/subdags/subdag.py for tasks to queue
[2023-08-14T14:25:38.500+0300] {logging_mixin.py:150} INFO - [2023-08-14T14:25:38.500+0300] {dagbag.py:541} INFO - Filling up the DagBag from /home/soamariaka/.local/lib/python3.9/site-packages/airflow/example_dags/subdags/subdag.py
[2023-08-14T14:25:38.504+0300] {processor.py:838} WARNING - No viable dags retrieved from /home/soamariaka/.local/lib/python3.9/site-packages/airflow/example_dags/subdags/subdag.py
[2023-08-14T14:25:38.521+0300] {processor.py:179} INFO - Processing /home/soamariaka/.local/lib/python3.9/site-packages/airflow/example_dags/subdags/subdag.py took 0.029 seconds
[2023-08-14T14:26:11.121+0300] {processor.py:157} INFO - Started process (PID=16713) to work on /home/soamariaka/.local/lib/python3.9/site-packages/airflow/example_dags/subdags/subdag.py
[2023-08-14T14:26:11.155+0300] {processor.py:826} INFO - Processing file /home/soamariaka/.local/lib/python3.9/site-packages/airflow/example_dags/subdags/subdag.py for tasks to queue
[2023-08-14T14:26:11.157+0300] {logging_mixin.py:150} INFO - [2023-08-14T14:26:11.156+0300] {dagbag.py:541} INFO - Filling up the DagBag from /home/soamariaka/.local/lib/python3.9/site-packages/airflow/example_dags/subdags/subdag.py
[2023-08-14T14:26:11.160+0300] {processor.py:838} WARNING - No viable dags retrieved from /home/soamariaka/.local/lib/python3.9/site-packages/airflow/example_dags/subdags/subdag.py
[2023-08-14T14:26:11.179+0300] {processor.py:179} INFO - Processing /home/soamariaka/.local/lib/python3.9/site-packages/airflow/example_dags/subdags/subdag.py took 0.064 seconds
[2023-08-14T14:27:08.077+0300] {processor.py:157} INFO - Started process (PID=16771) to work on /home/soamariaka/.local/lib/python3.9/site-packages/airflow/example_dags/subdags/subdag.py
[2023-08-14T14:27:08.109+0300] {processor.py:826} INFO - Processing file /home/soamariaka/.local/lib/python3.9/site-packages/airflow/example_dags/subdags/subdag.py for tasks to queue
[2023-08-14T14:27:08.111+0300] {logging_mixin.py:150} INFO - [2023-08-14T14:27:08.111+0300] {dagbag.py:541} INFO - Filling up the DagBag from /home/soamariaka/.local/lib/python3.9/site-packages/airflow/example_dags/subdags/subdag.py
[2023-08-14T14:27:08.115+0300] {processor.py:838} WARNING - No viable dags retrieved from /home/soamariaka/.local/lib/python3.9/site-packages/airflow/example_dags/subdags/subdag.py
[2023-08-14T14:27:08.133+0300] {processor.py:179} INFO - Processing /home/soamariaka/.local/lib/python3.9/site-packages/airflow/example_dags/subdags/subdag.py took 0.062 seconds
[2023-08-14T14:27:38.922+0300] {processor.py:157} INFO - Started process (PID=16861) to work on /home/soamariaka/.local/lib/python3.9/site-packages/airflow/example_dags/subdags/subdag.py
[2023-08-14T14:27:38.924+0300] {processor.py:826} INFO - Processing file /home/soamariaka/.local/lib/python3.9/site-packages/airflow/example_dags/subdags/subdag.py for tasks to queue
[2023-08-14T14:27:38.925+0300] {logging_mixin.py:150} INFO - [2023-08-14T14:27:38.925+0300] {dagbag.py:541} INFO - Filling up the DagBag from /home/soamariaka/.local/lib/python3.9/site-packages/airflow/example_dags/subdags/subdag.py
[2023-08-14T14:27:38.929+0300] {processor.py:838} WARNING - No viable dags retrieved from /home/soamariaka/.local/lib/python3.9/site-packages/airflow/example_dags/subdags/subdag.py
[2023-08-14T14:27:38.946+0300] {processor.py:179} INFO - Processing /home/soamariaka/.local/lib/python3.9/site-packages/airflow/example_dags/subdags/subdag.py took 0.029 seconds
[2023-08-14T14:28:10.052+0300] {processor.py:157} INFO - Started process (PID=16925) to work on /home/soamariaka/.local/lib/python3.9/site-packages/airflow/example_dags/subdags/subdag.py
[2023-08-14T14:28:10.081+0300] {processor.py:826} INFO - Processing file /home/soamariaka/.local/lib/python3.9/site-packages/airflow/example_dags/subdags/subdag.py for tasks to queue
[2023-08-14T14:28:10.083+0300] {logging_mixin.py:150} INFO - [2023-08-14T14:28:10.082+0300] {dagbag.py:541} INFO - Filling up the DagBag from /home/soamariaka/.local/lib/python3.9/site-packages/airflow/example_dags/subdags/subdag.py
[2023-08-14T14:28:10.086+0300] {processor.py:838} WARNING - No viable dags retrieved from /home/soamariaka/.local/lib/python3.9/site-packages/airflow/example_dags/subdags/subdag.py
[2023-08-14T14:28:10.104+0300] {processor.py:179} INFO - Processing /home/soamariaka/.local/lib/python3.9/site-packages/airflow/example_dags/subdags/subdag.py took 0.057 seconds
[2023-08-14T14:28:42.846+0300] {processor.py:157} INFO - Started process (PID=16984) to work on /home/soamariaka/.local/lib/python3.9/site-packages/airflow/example_dags/subdags/subdag.py
[2023-08-14T14:28:42.848+0300] {processor.py:826} INFO - Processing file /home/soamariaka/.local/lib/python3.9/site-packages/airflow/example_dags/subdags/subdag.py for tasks to queue
[2023-08-14T14:28:42.849+0300] {logging_mixin.py:150} INFO - [2023-08-14T14:28:42.849+0300] {dagbag.py:541} INFO - Filling up the DagBag from /home/soamariaka/.local/lib/python3.9/site-packages/airflow/example_dags/subdags/subdag.py
[2023-08-14T14:28:42.853+0300] {processor.py:838} WARNING - No viable dags retrieved from /home/soamariaka/.local/lib/python3.9/site-packages/airflow/example_dags/subdags/subdag.py
[2023-08-14T14:28:42.870+0300] {processor.py:179} INFO - Processing /home/soamariaka/.local/lib/python3.9/site-packages/airflow/example_dags/subdags/subdag.py took 0.029 seconds
[2023-08-14T14:29:41.324+0300] {processor.py:157} INFO - Started process (PID=17133) to work on /home/soamariaka/.local/lib/python3.9/site-packages/airflow/example_dags/subdags/subdag.py
[2023-08-14T14:29:41.353+0300] {processor.py:826} INFO - Processing file /home/soamariaka/.local/lib/python3.9/site-packages/airflow/example_dags/subdags/subdag.py for tasks to queue
[2023-08-14T14:29:41.355+0300] {logging_mixin.py:150} INFO - [2023-08-14T14:29:41.354+0300] {dagbag.py:541} INFO - Filling up the DagBag from /home/soamariaka/.local/lib/python3.9/site-packages/airflow/example_dags/subdags/subdag.py
[2023-08-14T14:29:41.359+0300] {processor.py:838} WARNING - No viable dags retrieved from /home/soamariaka/.local/lib/python3.9/site-packages/airflow/example_dags/subdags/subdag.py
[2023-08-14T14:29:41.377+0300] {processor.py:179} INFO - Processing /home/soamariaka/.local/lib/python3.9/site-packages/airflow/example_dags/subdags/subdag.py took 0.058 seconds
[2023-08-14T14:30:34.516+0300] {processor.py:157} INFO - Started process (PID=17238) to work on /home/soamariaka/.local/lib/python3.9/site-packages/airflow/example_dags/subdags/subdag.py
[2023-08-14T14:30:34.550+0300] {processor.py:826} INFO - Processing file /home/soamariaka/.local/lib/python3.9/site-packages/airflow/example_dags/subdags/subdag.py for tasks to queue
[2023-08-14T14:30:34.551+0300] {logging_mixin.py:150} INFO - [2023-08-14T14:30:34.551+0300] {dagbag.py:541} INFO - Filling up the DagBag from /home/soamariaka/.local/lib/python3.9/site-packages/airflow/example_dags/subdags/subdag.py
[2023-08-14T14:30:34.555+0300] {processor.py:838} WARNING - No viable dags retrieved from /home/soamariaka/.local/lib/python3.9/site-packages/airflow/example_dags/subdags/subdag.py
[2023-08-14T14:30:34.573+0300] {processor.py:179} INFO - Processing /home/soamariaka/.local/lib/python3.9/site-packages/airflow/example_dags/subdags/subdag.py took 0.062 seconds
[2023-08-14T14:31:33.241+0300] {processor.py:157} INFO - Started process (PID=17323) to work on /home/soamariaka/.local/lib/python3.9/site-packages/airflow/example_dags/subdags/subdag.py
[2023-08-14T14:31:33.268+0300] {processor.py:826} INFO - Processing file /home/soamariaka/.local/lib/python3.9/site-packages/airflow/example_dags/subdags/subdag.py for tasks to queue
[2023-08-14T14:31:33.269+0300] {logging_mixin.py:150} INFO - [2023-08-14T14:31:33.269+0300] {dagbag.py:541} INFO - Filling up the DagBag from /home/soamariaka/.local/lib/python3.9/site-packages/airflow/example_dags/subdags/subdag.py
[2023-08-14T14:31:33.273+0300] {processor.py:838} WARNING - No viable dags retrieved from /home/soamariaka/.local/lib/python3.9/site-packages/airflow/example_dags/subdags/subdag.py
[2023-08-14T14:31:33.291+0300] {processor.py:179} INFO - Processing /home/soamariaka/.local/lib/python3.9/site-packages/airflow/example_dags/subdags/subdag.py took 0.055 seconds
[2023-08-14T14:32:03.570+0300] {processor.py:157} INFO - Started process (PID=17351) to work on /home/soamariaka/.local/lib/python3.9/site-packages/airflow/example_dags/subdags/subdag.py
[2023-08-14T14:32:03.593+0300] {processor.py:826} INFO - Processing file /home/soamariaka/.local/lib/python3.9/site-packages/airflow/example_dags/subdags/subdag.py for tasks to queue
[2023-08-14T14:32:03.594+0300] {logging_mixin.py:150} INFO - [2023-08-14T14:32:03.594+0300] {dagbag.py:541} INFO - Filling up the DagBag from /home/soamariaka/.local/lib/python3.9/site-packages/airflow/example_dags/subdags/subdag.py
[2023-08-14T14:32:03.598+0300] {processor.py:838} WARNING - No viable dags retrieved from /home/soamariaka/.local/lib/python3.9/site-packages/airflow/example_dags/subdags/subdag.py
[2023-08-14T14:32:03.617+0300] {processor.py:179} INFO - Processing /home/soamariaka/.local/lib/python3.9/site-packages/airflow/example_dags/subdags/subdag.py took 0.052 seconds
[2023-08-14T14:33:03.417+0300] {processor.py:157} INFO - Started process (PID=17470) to work on /home/soamariaka/.local/lib/python3.9/site-packages/airflow/example_dags/subdags/subdag.py
[2023-08-14T14:33:03.453+0300] {processor.py:826} INFO - Processing file /home/soamariaka/.local/lib/python3.9/site-packages/airflow/example_dags/subdags/subdag.py for tasks to queue
[2023-08-14T14:33:03.455+0300] {logging_mixin.py:150} INFO - [2023-08-14T14:33:03.455+0300] {dagbag.py:541} INFO - Filling up the DagBag from /home/soamariaka/.local/lib/python3.9/site-packages/airflow/example_dags/subdags/subdag.py
[2023-08-14T14:33:03.459+0300] {processor.py:838} WARNING - No viable dags retrieved from /home/soamariaka/.local/lib/python3.9/site-packages/airflow/example_dags/subdags/subdag.py
[2023-08-14T14:33:03.475+0300] {processor.py:179} INFO - Processing /home/soamariaka/.local/lib/python3.9/site-packages/airflow/example_dags/subdags/subdag.py took 0.063 seconds
[2023-08-14T14:34:02.331+0300] {processor.py:157} INFO - Started process (PID=17589) to work on /home/soamariaka/.local/lib/python3.9/site-packages/airflow/example_dags/subdags/subdag.py
[2023-08-14T14:34:02.357+0300] {processor.py:826} INFO - Processing file /home/soamariaka/.local/lib/python3.9/site-packages/airflow/example_dags/subdags/subdag.py for tasks to queue
[2023-08-14T14:34:02.359+0300] {logging_mixin.py:150} INFO - [2023-08-14T14:34:02.358+0300] {dagbag.py:541} INFO - Filling up the DagBag from /home/soamariaka/.local/lib/python3.9/site-packages/airflow/example_dags/subdags/subdag.py
[2023-08-14T14:34:02.363+0300] {processor.py:838} WARNING - No viable dags retrieved from /home/soamariaka/.local/lib/python3.9/site-packages/airflow/example_dags/subdags/subdag.py
[2023-08-14T14:34:02.378+0300] {processor.py:179} INFO - Processing /home/soamariaka/.local/lib/python3.9/site-packages/airflow/example_dags/subdags/subdag.py took 0.054 seconds
[2023-08-14T14:35:15.665+0300] {processor.py:157} INFO - Started process (PID=17801) to work on /home/soamariaka/.local/lib/python3.9/site-packages/airflow/example_dags/subdags/subdag.py
[2023-08-14T14:35:15.706+0300] {processor.py:826} INFO - Processing file /home/soamariaka/.local/lib/python3.9/site-packages/airflow/example_dags/subdags/subdag.py for tasks to queue
[2023-08-14T14:35:15.708+0300] {logging_mixin.py:150} INFO - [2023-08-14T14:35:15.708+0300] {dagbag.py:541} INFO - Filling up the DagBag from /home/soamariaka/.local/lib/python3.9/site-packages/airflow/example_dags/subdags/subdag.py
[2023-08-14T14:35:15.712+0300] {processor.py:838} WARNING - No viable dags retrieved from /home/soamariaka/.local/lib/python3.9/site-packages/airflow/example_dags/subdags/subdag.py
[2023-08-14T14:35:15.731+0300] {processor.py:179} INFO - Processing /home/soamariaka/.local/lib/python3.9/site-packages/airflow/example_dags/subdags/subdag.py took 0.072 seconds
[2023-08-14T14:35:59.738+0300] {processor.py:157} INFO - Started process (PID=17902) to work on /home/soamariaka/.local/lib/python3.9/site-packages/airflow/example_dags/subdags/subdag.py
[2023-08-14T14:35:59.760+0300] {processor.py:826} INFO - Processing file /home/soamariaka/.local/lib/python3.9/site-packages/airflow/example_dags/subdags/subdag.py for tasks to queue
[2023-08-14T14:35:59.762+0300] {logging_mixin.py:150} INFO - [2023-08-14T14:35:59.762+0300] {dagbag.py:541} INFO - Filling up the DagBag from /home/soamariaka/.local/lib/python3.9/site-packages/airflow/example_dags/subdags/subdag.py
[2023-08-14T14:35:59.766+0300] {processor.py:838} WARNING - No viable dags retrieved from /home/soamariaka/.local/lib/python3.9/site-packages/airflow/example_dags/subdags/subdag.py
[2023-08-14T14:35:59.786+0300] {processor.py:179} INFO - Processing /home/soamariaka/.local/lib/python3.9/site-packages/airflow/example_dags/subdags/subdag.py took 0.053 seconds
[2023-08-14T14:37:01.522+0300] {processor.py:157} INFO - Started process (PID=18034) to work on /home/soamariaka/.local/lib/python3.9/site-packages/airflow/example_dags/subdags/subdag.py
[2023-08-14T14:37:01.541+0300] {processor.py:826} INFO - Processing file /home/soamariaka/.local/lib/python3.9/site-packages/airflow/example_dags/subdags/subdag.py for tasks to queue
[2023-08-14T14:37:01.542+0300] {logging_mixin.py:150} INFO - [2023-08-14T14:37:01.542+0300] {dagbag.py:541} INFO - Filling up the DagBag from /home/soamariaka/.local/lib/python3.9/site-packages/airflow/example_dags/subdags/subdag.py
[2023-08-14T14:37:01.546+0300] {processor.py:838} WARNING - No viable dags retrieved from /home/soamariaka/.local/lib/python3.9/site-packages/airflow/example_dags/subdags/subdag.py
[2023-08-14T14:37:01.565+0300] {processor.py:179} INFO - Processing /home/soamariaka/.local/lib/python3.9/site-packages/airflow/example_dags/subdags/subdag.py took 0.049 seconds
[2023-08-14T14:37:39.994+0300] {processor.py:157} INFO - Started process (PID=18131) to work on /home/soamariaka/.local/lib/python3.9/site-packages/airflow/example_dags/subdags/subdag.py
[2023-08-14T14:37:40.020+0300] {processor.py:826} INFO - Processing file /home/soamariaka/.local/lib/python3.9/site-packages/airflow/example_dags/subdags/subdag.py for tasks to queue
[2023-08-14T14:37:40.022+0300] {logging_mixin.py:150} INFO - [2023-08-14T14:37:40.021+0300] {dagbag.py:541} INFO - Filling up the DagBag from /home/soamariaka/.local/lib/python3.9/site-packages/airflow/example_dags/subdags/subdag.py
[2023-08-14T14:37:40.025+0300] {processor.py:838} WARNING - No viable dags retrieved from /home/soamariaka/.local/lib/python3.9/site-packages/airflow/example_dags/subdags/subdag.py
[2023-08-14T14:37:40.044+0300] {processor.py:179} INFO - Processing /home/soamariaka/.local/lib/python3.9/site-packages/airflow/example_dags/subdags/subdag.py took 0.056 seconds
[2023-08-14T14:38:40.510+0300] {processor.py:157} INFO - Started process (PID=18251) to work on /home/soamariaka/.local/lib/python3.9/site-packages/airflow/example_dags/subdags/subdag.py
[2023-08-14T14:38:40.533+0300] {processor.py:826} INFO - Processing file /home/soamariaka/.local/lib/python3.9/site-packages/airflow/example_dags/subdags/subdag.py for tasks to queue
[2023-08-14T14:38:40.535+0300] {logging_mixin.py:150} INFO - [2023-08-14T14:38:40.534+0300] {dagbag.py:541} INFO - Filling up the DagBag from /home/soamariaka/.local/lib/python3.9/site-packages/airflow/example_dags/subdags/subdag.py
[2023-08-14T14:38:40.539+0300] {processor.py:838} WARNING - No viable dags retrieved from /home/soamariaka/.local/lib/python3.9/site-packages/airflow/example_dags/subdags/subdag.py
[2023-08-14T14:38:40.561+0300] {processor.py:179} INFO - Processing /home/soamariaka/.local/lib/python3.9/site-packages/airflow/example_dags/subdags/subdag.py took 0.055 seconds
[2023-08-14T14:39:15.867+0300] {processor.py:157} INFO - Started process (PID=18317) to work on /home/soamariaka/.local/lib/python3.9/site-packages/airflow/example_dags/subdags/subdag.py
[2023-08-14T14:39:15.887+0300] {processor.py:826} INFO - Processing file /home/soamariaka/.local/lib/python3.9/site-packages/airflow/example_dags/subdags/subdag.py for tasks to queue
[2023-08-14T14:39:15.889+0300] {logging_mixin.py:150} INFO - [2023-08-14T14:39:15.888+0300] {dagbag.py:541} INFO - Filling up the DagBag from /home/soamariaka/.local/lib/python3.9/site-packages/airflow/example_dags/subdags/subdag.py
[2023-08-14T14:39:15.892+0300] {processor.py:838} WARNING - No viable dags retrieved from /home/soamariaka/.local/lib/python3.9/site-packages/airflow/example_dags/subdags/subdag.py
[2023-08-14T14:39:15.910+0300] {processor.py:179} INFO - Processing /home/soamariaka/.local/lib/python3.9/site-packages/airflow/example_dags/subdags/subdag.py took 0.049 seconds
[2023-08-14T14:39:46.981+0300] {processor.py:157} INFO - Started process (PID=18438) to work on /home/soamariaka/.local/lib/python3.9/site-packages/airflow/example_dags/subdags/subdag.py
[2023-08-14T14:39:46.988+0300] {processor.py:826} INFO - Processing file /home/soamariaka/.local/lib/python3.9/site-packages/airflow/example_dags/subdags/subdag.py for tasks to queue
[2023-08-14T14:39:46.990+0300] {logging_mixin.py:150} INFO - [2023-08-14T14:39:46.989+0300] {dagbag.py:541} INFO - Filling up the DagBag from /home/soamariaka/.local/lib/python3.9/site-packages/airflow/example_dags/subdags/subdag.py
[2023-08-14T14:39:46.994+0300] {processor.py:838} WARNING - No viable dags retrieved from /home/soamariaka/.local/lib/python3.9/site-packages/airflow/example_dags/subdags/subdag.py
[2023-08-14T14:39:47.012+0300] {processor.py:179} INFO - Processing /home/soamariaka/.local/lib/python3.9/site-packages/airflow/example_dags/subdags/subdag.py took 0.036 seconds
[2023-08-14T14:40:31.078+0300] {processor.py:157} INFO - Started process (PID=18594) to work on /home/soamariaka/.local/lib/python3.9/site-packages/airflow/example_dags/subdags/subdag.py
[2023-08-14T14:40:31.088+0300] {processor.py:826} INFO - Processing file /home/soamariaka/.local/lib/python3.9/site-packages/airflow/example_dags/subdags/subdag.py for tasks to queue
[2023-08-14T14:40:31.090+0300] {logging_mixin.py:150} INFO - [2023-08-14T14:40:31.089+0300] {dagbag.py:541} INFO - Filling up the DagBag from /home/soamariaka/.local/lib/python3.9/site-packages/airflow/example_dags/subdags/subdag.py
[2023-08-14T14:40:31.093+0300] {processor.py:838} WARNING - No viable dags retrieved from /home/soamariaka/.local/lib/python3.9/site-packages/airflow/example_dags/subdags/subdag.py
[2023-08-14T14:40:31.107+0300] {processor.py:179} INFO - Processing /home/soamariaka/.local/lib/python3.9/site-packages/airflow/example_dags/subdags/subdag.py took 0.035 seconds
[2023-08-14T14:41:24.885+0300] {processor.py:157} INFO - Started process (PID=18695) to work on /home/soamariaka/.local/lib/python3.9/site-packages/airflow/example_dags/subdags/subdag.py
[2023-08-14T14:41:24.912+0300] {processor.py:826} INFO - Processing file /home/soamariaka/.local/lib/python3.9/site-packages/airflow/example_dags/subdags/subdag.py for tasks to queue
[2023-08-14T14:41:24.914+0300] {logging_mixin.py:150} INFO - [2023-08-14T14:41:24.913+0300] {dagbag.py:541} INFO - Filling up the DagBag from /home/soamariaka/.local/lib/python3.9/site-packages/airflow/example_dags/subdags/subdag.py
[2023-08-14T14:41:24.917+0300] {processor.py:838} WARNING - No viable dags retrieved from /home/soamariaka/.local/lib/python3.9/site-packages/airflow/example_dags/subdags/subdag.py
[2023-08-14T14:41:24.936+0300] {processor.py:179} INFO - Processing /home/soamariaka/.local/lib/python3.9/site-packages/airflow/example_dags/subdags/subdag.py took 0.056 seconds
